<?xml version="1.0" encoding="UTF-8"?>
<testsuite xmlns:xsi="http://www.w3.org/2001/XMLSchema-instance" xsi:noNamespaceSchemaLocation="https://maven.apache.org/surefire/maven-surefire-plugin/xsd/surefire-test-report.xsd" name="org.apache.hadoop.ozone.client.rpc.TestWatchForCommit" time="149.784" tests="6" errors="1" skipped="0" failures="3">
  <properties>
    <property name="awt.toolkit" value="sun.awt.X11.XToolkit"/>
    <property name="file.encoding.pkg" value="sun.io"/>
    <property name="java.specification.version" value="1.8"/>
    <property name="sun.cpu.isalist" value=""/>
    <property name="sun.jnu.encoding" value="UTF-8"/>
    <property name="java.class.path" value="/tmp/workdir/hadoop-ozone/integration-test/target/test-classes:/tmp/workdir/hadoop-ozone/integration-test/target/classes:/home/user/.m2/repository/org/apache/hadoop/hadoop-ozone-common/0.5.0-SNAPSHOT/hadoop-ozone-common-0.5.0-SNAPSHOT.jar:/home/user/.m2/repository/org/apache/commons/commons-compress/1.4.1/commons-compress-1.4.1.jar:/home/user/.m2/repository/org/tukaani/xz/1.0/xz-1.0.jar:/home/user/.m2/repository/org/apache/hadoop/hadoop-common/3.2.0/hadoop-common-3.2.0.jar:/home/user/.m2/repository/org/apache/hadoop/hadoop-hdfs/3.2.0/hadoop-hdfs-3.2.0.jar:/home/user/.m2/repository/org/apache/hadoop/hadoop-hdfs-client/3.2.0/hadoop-hdfs-client-3.2.0.jar:/home/user/.m2/repository/com/fasterxml/jackson/core/jackson-annotations/2.9.5/jackson-annotations-2.9.5.jar:/home/user/.m2/repository/org/apache/hadoop/hadoop-hdds-common/0.5.0-SNAPSHOT/hadoop-hdds-common-0.5.0-SNAPSHOT.jar:/home/user/.m2/repository/javax/annotation/javax.annotation-api/1.2/javax.annotation-api-1.2.jar:/home/user/.m2/repository/org/apache/ratis/ratis-server/0.4.0-2337318-SNAPSHOT/ratis-server-0.4.0-2337318-SNAPSHOT.jar:/home/user/.m2/repository/org/apache/ratis/ratis-thirdparty-misc/0.2.0/ratis-thirdparty-misc-0.2.0.jar:/home/user/.m2/repository/org/apache/ratis/ratis-proto/0.4.0-2337318-SNAPSHOT/ratis-proto-0.4.0-2337318-SNAPSHOT.jar:/home/user/.m2/repository/org/apache/ratis/ratis-common/0.4.0-2337318-SNAPSHOT/ratis-common-0.4.0-2337318-SNAPSHOT.jar:/home/user/.m2/repository/org/apache/ratis/ratis-client/0.4.0-2337318-SNAPSHOT/ratis-client-0.4.0-2337318-SNAPSHOT.jar:/home/user/.m2/repository/org/apache/ratis/ratis-metrics/0.4.0-2337318-SNAPSHOT/ratis-metrics-0.4.0-2337318-SNAPSHOT.jar:/home/user/.m2/repository/org/apache/ratis/ratis-netty/0.4.0-2337318-SNAPSHOT/ratis-netty-0.4.0-2337318-SNAPSHOT.jar:/home/user/.m2/repository/org/apache/ratis/ratis-grpc/0.4.0-2337318-SNAPSHOT/ratis-grpc-0.4.0-2337318-SNAPSHOT.jar:/home/user/.m2/repository/org/rocksdb/rocksdbjni/6.0.1/rocksdbjni-6.0.1.jar:/home/user/.m2/repository/org/apache/logging/log4j/log4j-api/2.11.0/log4j-api-2.11.0.jar:/home/user/.m2/repository/org/apache/logging/log4j/log4j-core/2.11.0/log4j-core-2.11.0.jar:/home/user/.m2/repository/com/lmax/disruptor/3.4.2/disruptor-3.4.2.jar:/home/user/.m2/repository/org/apache/commons/commons-pool2/2.6.0/commons-pool2-2.6.0.jar:/home/user/.m2/repository/org/bouncycastle/bcpkix-jdk15on/1.60/bcpkix-jdk15on-1.60.jar:/home/user/.m2/repository/commons-validator/commons-validator/1.6/commons-validator-1.6.jar:/home/user/.m2/repository/commons-digester/commons-digester/1.8.1/commons-digester-1.8.1.jar:/home/user/.m2/repository/io/jaegertracing/jaeger-client/0.33.1/jaeger-client-0.33.1.jar:/home/user/.m2/repository/io/jaegertracing/jaeger-thrift/0.33.1/jaeger-thrift-0.33.1.jar:/home/user/.m2/repository/org/apache/thrift/libthrift/0.11.0/libthrift-0.11.0.jar:/home/user/.m2/repository/com/squareup/okhttp3/okhttp/3.9.0/okhttp-3.9.0.jar:/home/user/.m2/repository/com/squareup/okio/okio/1.13.0/okio-1.13.0.jar:/home/user/.m2/repository/io/jaegertracing/jaeger-core/0.33.1/jaeger-core-0.33.1.jar:/home/user/.m2/repository/io/jaegertracing/jaeger-tracerresolver/0.33.1/jaeger-tracerresolver-0.33.1.jar:/home/user/.m2/repository/io/opentracing/contrib/opentracing-tracerresolver/0.1.5/opentracing-tracerresolver-0.1.5.jar:/home/user/.m2/repository/io/opentracing/opentracing-util/0.31.0/opentracing-util-0.31.0.jar:/home/user/.m2/repository/io/opentracing/opentracing-api/0.31.0/opentracing-api-0.31.0.jar:/home/user/.m2/repository/io/opentracing/opentracing-noop/0.31.0/opentracing-noop-0.31.0.jar:/home/user/.m2/repository/org/apache/hadoop/hadoop-hdds-server-framework/0.5.0-SNAPSHOT/hadoop-hdds-server-framework-0.5.0-SNAPSHOT.jar:/home/user/.m2/repository/org/apache/hadoop/hadoop-hdds-container-service/0.5.0-SNAPSHOT/hadoop-hdds-container-service-0.5.0-SNAPSHOT.jar:/home/user/.m2/repository/org/apache/hadoop/hadoop-hdds-client/0.5.0-SNAPSHOT/hadoop-hdds-client-0.5.0-SNAPSHOT.jar:/home/user/.m2/repository/org/apache/hadoop/hadoop-hdds-tools/0.5.0-SNAPSHOT/hadoop-hdds-tools-0.5.0-SNAPSHOT.jar:/home/user/.m2/repository/org/apache/hadoop/hadoop-hdds-server-scm/0.5.0-SNAPSHOT/hadoop-hdds-server-scm-0.5.0-SNAPSHOT.jar:/home/user/.m2/repository/org/apache/hadoop/hadoop-hdds-docs/0.5.0-SNAPSHOT/hadoop-hdds-docs-0.5.0-SNAPSHOT.jar:/home/user/.m2/repository/io/dropwizard/metrics/metrics-core/3.2.4/metrics-core-3.2.4.jar:/home/user/.m2/repository/org/hamcrest/hamcrest-all/1.3/hamcrest-all-1.3.jar:/home/user/.m2/repository/org/bouncycastle/bcprov-jdk15on/1.60/bcprov-jdk15on-1.60.jar:/home/user/.m2/repository/info/picocli/picocli/3.9.6/picocli-3.9.6.jar:/home/user/.m2/repository/com/google/protobuf/protobuf-java/2.5.0/protobuf-java-2.5.0.jar:/home/user/.m2/repository/com/google/guava/guava/11.0.2/guava-11.0.2.jar:/home/user/.m2/repository/org/apache/hadoop/hadoop-ozone-ozone-manager/0.5.0-SNAPSHOT/hadoop-ozone-ozone-manager-0.5.0-SNAPSHOT.jar:/home/user/.m2/repository/org/apache/hadoop/hadoop-minikdc/3.2.0/hadoop-minikdc-3.2.0.jar:/home/user/.m2/repository/commons-io/commons-io/2.5/commons-io-2.5.jar:/home/user/.m2/repository/org/apache/kerby/kerb-simplekdc/1.0.1/kerb-simplekdc-1.0.1.jar:/home/user/.m2/repository/org/apache/kerby/kerb-client/1.0.1/kerb-client-1.0.1.jar:/home/user/.m2/repository/org/apache/kerby/kerby-config/1.0.1/kerby-config-1.0.1.jar:/home/user/.m2/repository/org/apache/kerby/kerb-core/1.0.1/kerb-core-1.0.1.jar:/home/user/.m2/repository/org/apache/kerby/kerby-pkix/1.0.1/kerby-pkix-1.0.1.jar:/home/user/.m2/repository/org/apache/kerby/kerby-asn1/1.0.1/kerby-asn1-1.0.1.jar:/home/user/.m2/repository/org/apache/kerby/kerby-util/1.0.1/kerby-util-1.0.1.jar:/home/user/.m2/repository/org/apache/kerby/kerb-common/1.0.1/kerb-common-1.0.1.jar:/home/user/.m2/repository/org/apache/kerby/kerb-crypto/1.0.1/kerb-crypto-1.0.1.jar:/home/user/.m2/repository/org/apache/kerby/kerb-util/1.0.1/kerb-util-1.0.1.jar:/home/user/.m2/repository/org/apache/kerby/token-provider/1.0.1/token-provider-1.0.1.jar:/home/user/.m2/repository/org/apache/kerby/kerb-admin/1.0.1/kerb-admin-1.0.1.jar:/home/user/.m2/repository/org/apache/kerby/kerb-server/1.0.1/kerb-server-1.0.1.jar:/home/user/.m2/repository/org/apache/kerby/kerb-identity/1.0.1/kerb-identity-1.0.1.jar:/home/user/.m2/repository/org/apache/kerby/kerby-xdr/1.0.1/kerby-xdr-1.0.1.jar:/home/user/.m2/repository/org/slf4j/slf4j-log4j12/1.7.25/slf4j-log4j12-1.7.25.jar:/home/user/.m2/repository/org/apache/hadoop/hadoop-ozone-objectstore-service/0.5.0-SNAPSHOT/hadoop-ozone-objectstore-service-0.5.0-SNAPSHOT.jar:/home/user/.m2/repository/org/apache/hadoop/hadoop-ozone-s3gateway/0.5.0-SNAPSHOT/hadoop-ozone-s3gateway-0.5.0-SNAPSHOT.jar:/home/user/.m2/repository/org/jboss/weld/servlet/weld-servlet/2.4.7.Final/weld-servlet-2.4.7.Final.jar:/home/user/.m2/repository/org/glassfish/jersey/containers/jersey-container-servlet-core/2.27/jersey-container-servlet-core-2.27.jar:/home/user/.m2/repository/org/glassfish/hk2/external/javax.inject/2.5.0-b42/javax.inject-2.5.0-b42.jar:/home/user/.m2/repository/org/glassfish/jersey/core/jersey-common/2.27/jersey-common-2.27.jar:/home/user/.m2/repository/org/glassfish/hk2/osgi-resource-locator/1.0.1/osgi-resource-locator-1.0.1.jar:/home/user/.m2/repository/javax/ws/rs/javax.ws.rs-api/2.1/javax.ws.rs-api-2.1.jar:/home/user/.m2/repository/org/glassfish/jersey/ext/cdi/jersey-cdi1x/2.27/jersey-cdi1x-2.27.jar:/home/user/.m2/repository/org/glassfish/jersey/inject/jersey-hk2/2.27/jersey-hk2-2.27.jar:/home/user/.m2/repository/org/glassfish/hk2/hk2-locator/2.5.0-b42/hk2-locator-2.5.0-b42.jar:/home/user/.m2/repository/org/javassist/javassist/3.22.0-CR2/javassist-3.22.0-CR2.jar:/home/user/.m2/repository/org/glassfish/hk2/hk2-api/2.5.0/hk2-api-2.5.0.jar:/home/user/.m2/repository/org/glassfish/hk2/external/jakarta.inject/2.5.0/jakarta.inject-2.5.0.jar:/home/user/.m2/repository/org/glassfish/hk2/hk2-utils/2.5.0/hk2-utils-2.5.0.jar:/home/user/.m2/repository/jakarta/annotation/jakarta.annotation-api/1.3.4/jakarta.annotation-api-1.3.4.jar:/home/user/.m2/repository/org/glassfish/hk2/external/aopalliance-repackaged/2.5.0/aopalliance-repackaged-2.5.0.jar:/home/user/.m2/repository/com/fasterxml/jackson/dataformat/jackson-dataformat-xml/2.9.0/jackson-dataformat-xml-2.9.0.jar:/home/user/.m2/repository/com/fasterxml/jackson/core/jackson-core/2.9.5/jackson-core-2.9.5.jar:/home/user/.m2/repository/com/fasterxml/jackson/module/jackson-module-jaxb-annotations/2.9.5/jackson-module-jaxb-annotations-2.9.5.jar:/home/user/.m2/repository/javax/enterprise/cdi-api/1.2/cdi-api-1.2.jar:/home/user/.m2/repository/javax/el/javax.el-api/3.0.0/javax.el-api-3.0.0.jar:/home/user/.m2/repository/javax/interceptor/javax.interceptor-api/1.2/javax.interceptor-api-1.2.jar:/home/user/.m2/repository/javax/inject/javax.inject/1/javax.inject-1.jar:/home/user/.m2/repository/com/sun/xml/bind/jaxb-impl/2.3.0.1/jaxb-impl-2.3.0.1.jar:/home/user/.m2/repository/com/sun/xml/bind/jaxb-core/2.3.0.1/jaxb-core-2.3.0.1.jar:/home/user/.m2/repository/javax/xml/bind/jaxb-api/2.3.0/jaxb-api-2.3.0.jar:/home/user/.m2/repository/javax/activation/activation/1.1.1/activation-1.1.1.jar:/home/user/.m2/repository/org/apache/hadoop/hadoop-ozone-csi/0.5.0-SNAPSHOT/hadoop-ozone-csi-0.5.0-SNAPSHOT.jar:/home/user/.m2/repository/com/google/protobuf/protobuf-java-util/3.5.1/protobuf-java-util-3.5.1.jar:/home/user/.m2/repository/org/apache/hadoop/hadoop-hdds-config/0.5.0-SNAPSHOT/hadoop-hdds-config-0.5.0-SNAPSHOT.jar:/home/user/.m2/repository/io/grpc/grpc-netty/1.17.1/grpc-netty-1.17.1.jar:/home/user/.m2/repository/io/grpc/grpc-core/1.17.1/grpc-core-1.17.1.jar:/home/user/.m2/repository/io/grpc/grpc-context/1.17.1/grpc-context-1.17.1.jar:/home/user/.m2/repository/com/google/errorprone/error_prone_annotations/2.2.0/error_prone_annotations-2.2.0.jar:/home/user/.m2/repository/org/codehaus/mojo/animal-sniffer-annotations/1.17/animal-sniffer-annotations-1.17.jar:/home/user/.m2/repository/io/opencensus/opencensus-api/0.17.0/opencensus-api-0.17.0.jar:/home/user/.m2/repository/io/opencensus/opencensus-contrib-grpc-metrics/0.17.0/opencensus-contrib-grpc-metrics-0.17.0.jar:/home/user/.m2/repository/io/netty/netty-codec-http2/4.1.30.Final/netty-codec-http2-4.1.30.Final.jar:/home/user/.m2/repository/io/netty/netty-codec-http/4.1.30.Final/netty-codec-http-4.1.30.Final.jar:/home/user/.m2/repository/io/netty/netty-codec/4.1.30.Final/netty-codec-4.1.30.Final.jar:/home/user/.m2/repository/io/netty/netty-handler/4.1.30.Final/netty-handler-4.1.30.Final.jar:/home/user/.m2/repository/io/netty/netty-handler-proxy/4.1.30.Final/netty-handler-proxy-4.1.30.Final.jar:/home/user/.m2/repository/io/netty/netty-codec-socks/4.1.30.Final/netty-codec-socks-4.1.30.Final.jar:/home/user/.m2/repository/io/netty/netty-transport-native-epoll/4.1.30.Final/netty-transport-native-epoll-4.1.30.Final.jar:/home/user/.m2/repository/io/netty/netty-common/4.1.30.Final/netty-common-4.1.30.Final.jar:/home/user/.m2/repository/io/netty/netty-buffer/4.1.30.Final/netty-buffer-4.1.30.Final.jar:/home/user/.m2/repository/io/netty/netty-transport/4.1.30.Final/netty-transport-4.1.30.Final.jar:/home/user/.m2/repository/io/netty/netty-resolver/4.1.30.Final/netty-resolver-4.1.30.Final.jar:/home/user/.m2/repository/io/netty/netty-transport-native-unix-common/4.1.30.Final/netty-transport-native-unix-common-4.1.30.Final.jar:/home/user/.m2/repository/io/grpc/grpc-protobuf/1.17.1/grpc-protobuf-1.17.1.jar:/home/user/.m2/repository/com/google/api/grpc/proto-google-common-protos/1.0.0/proto-google-common-protos-1.0.0.jar:/home/user/.m2/repository/io/grpc/grpc-protobuf-lite/1.17.1/grpc-protobuf-lite-1.17.1.jar:/home/user/.m2/repository/io/grpc/grpc-stub/1.17.1/grpc-stub-1.17.1.jar:/home/user/.m2/repository/org/apache/hadoop/hadoop-ozone-recon/0.5.0-SNAPSHOT/hadoop-ozone-recon-0.5.0-SNAPSHOT.jar:/home/user/.m2/repository/org/apache/hadoop/hadoop-ozone-reconcodegen/0.5.0-SNAPSHOT/hadoop-ozone-reconcodegen-0.5.0-SNAPSHOT.jar:/home/user/.m2/repository/com/google/inject/extensions/guice-multibindings/4.0/guice-multibindings-4.0.jar:/home/user/.m2/repository/com/google/inject/guice/4.0/guice-4.0.jar:/home/user/.m2/repository/aopalliance/aopalliance/1.0/aopalliance-1.0.jar:/home/user/.m2/repository/com/google/inject/extensions/guice-servlet/4.0/guice-servlet-4.0.jar:/home/user/.m2/repository/org/glassfish/jersey/containers/jersey-container-servlet/2.27/jersey-container-servlet-2.27.jar:/home/user/.m2/repository/org/glassfish/hk2/guice-bridge/2.5.0/guice-bridge-2.5.0.jar:/home/user/.m2/repository/org/glassfish/jersey/core/jersey-server/2.27/jersey-server-2.27.jar:/home/user/.m2/repository/org/glassfish/jersey/core/jersey-client/2.27/jersey-client-2.27.jar:/home/user/.m2/repository/org/glassfish/jersey/media/jersey-media-jaxb/2.27/jersey-media-jaxb-2.27.jar:/home/user/.m2/repository/javax/validation/validation-api/1.1.0.Final/validation-api-1.1.0.Final.jar:/home/user/.m2/repository/org/glassfish/jersey/media/jersey-media-json-jackson/2.27/jersey-media-json-jackson-2.27.jar:/home/user/.m2/repository/org/glassfish/jersey/ext/jersey-entity-filtering/2.27/jersey-entity-filtering-2.27.jar:/home/user/.m2/repository/com/google/inject/extensions/guice-assistedinject/4.0/guice-assistedinject-4.0.jar:/home/user/.m2/repository/org/jooq/jooq/3.11.10/jooq-3.11.10.jar:/home/user/.m2/repository/org/jooq/jooq-meta/3.11.10/jooq-meta-3.11.10.jar:/home/user/.m2/repository/org/jooq/jooq-codegen/3.11.10/jooq-codegen-3.11.10.jar:/home/user/.m2/repository/com/jolbox/bonecp/0.8.0.RELEASE/bonecp-0.8.0.RELEASE.jar:/home/user/.m2/repository/org/xerial/sqlite-jdbc/3.25.2/sqlite-jdbc-3.25.2.jar:/home/user/.m2/repository/org/springframework/spring-jdbc/5.1.3.RELEASE/spring-jdbc-5.1.3.RELEASE.jar:/home/user/.m2/repository/org/springframework/spring-beans/5.1.3.RELEASE/spring-beans-5.1.3.RELEASE.jar:/home/user/.m2/repository/org/springframework/spring-core/5.1.3.RELEASE/spring-core-5.1.3.RELEASE.jar:/home/user/.m2/repository/org/springframework/spring-jcl/5.1.3.RELEASE/spring-jcl-5.1.3.RELEASE.jar:/home/user/.m2/repository/org/springframework/spring-tx/5.1.3.RELEASE/spring-tx-5.1.3.RELEASE.jar:/home/user/.m2/repository/org/apache/hadoop/hadoop-ozone-client/0.5.0-SNAPSHOT/hadoop-ozone-client-0.5.0-SNAPSHOT.jar:/home/user/.m2/repository/commons-lang/commons-lang/2.6/commons-lang-2.6.jar:/home/user/.m2/repository/org/apache/hadoop/hadoop-ozone-ozone-manager/0.5.0-SNAPSHOT/hadoop-ozone-ozone-manager-0.5.0-SNAPSHOT-tests.jar:/home/user/.m2/repository/junit/junit/4.11/junit-4.11.jar:/home/user/.m2/repository/org/hamcrest/hamcrest-core/1.3/hamcrest-core-1.3.jar:/home/user/.m2/repository/org/openjdk/jmh/jmh-core/1.19/jmh-core-1.19.jar:/home/user/.m2/repository/net/sf/jopt-simple/jopt-simple/4.6/jopt-simple-4.6.jar:/home/user/.m2/repository/org/apache/commons/commons-math3/3.1.1/commons-math3-3.1.1.jar:/home/user/.m2/repository/org/openjdk/jmh/jmh-generator-annprocess/1.19/jmh-generator-annprocess-1.19.jar:/home/user/.m2/repository/org/mockito/mockito-all/1.8.5/mockito-all-1.8.5.jar:/home/user/.m2/repository/org/apache/hadoop/hadoop-kms/3.2.0/hadoop-kms-3.2.0.jar:/home/user/.m2/repository/org/apache/hadoop/hadoop-auth/3.2.0/hadoop-auth-3.2.0.jar:/home/user/.m2/repository/com/nimbusds/nimbus-jose-jwt/4.41.1/nimbus-jose-jwt-4.41.1.jar:/home/user/.m2/repository/com/github/stephenc/jcip/jcip-annotations/1.0-1/jcip-annotations-1.0-1.jar:/home/user/.m2/repository/net/minidev/json-smart/2.3/json-smart-2.3.jar:/home/user/.m2/repository/net/minidev/accessors-smart/1.2/accessors-smart-1.2.jar:/home/user/.m2/repository/org/ow2/asm/asm/5.0.4/asm-5.0.4.jar:/home/user/.m2/repository/org/apache/curator/curator-framework/2.12.0/curator-framework-2.12.0.jar:/home/user/.m2/repository/com/sun/jersey/jersey-core/1.19/jersey-core-1.19.jar:/home/user/.m2/repository/javax/ws/rs/jsr311-api/1.1.1/jsr311-api-1.1.1.jar:/home/user/.m2/repository/com/sun/jersey/jersey-server/1.19/jersey-server-1.19.jar:/home/user/.m2/repository/javax/servlet/javax.servlet-api/3.1.0/javax.servlet-api-3.1.0.jar:/home/user/.m2/repository/org/eclipse/jetty/jetty-server/9.3.24.v20180605/jetty-server-9.3.24.v20180605.jar:/home/user/.m2/repository/org/eclipse/jetty/jetty-http/9.3.24.v20180605/jetty-http-9.3.24.v20180605.jar:/home/user/.m2/repository/org/eclipse/jetty/jetty-io/9.3.24.v20180605/jetty-io-9.3.24.v20180605.jar:/home/user/.m2/repository/org/eclipse/jetty/jetty-webapp/9.3.24.v20180605/jetty-webapp-9.3.24.v20180605.jar:/home/user/.m2/repository/org/eclipse/jetty/jetty-xml/9.3.24.v20180605/jetty-xml-9.3.24.v20180605.jar:/home/user/.m2/repository/log4j/log4j/1.2.17/log4j-1.2.17.jar:/home/user/.m2/repository/org/slf4j/slf4j-api/1.7.25/slf4j-api-1.7.25.jar:/home/user/.m2/repository/org/slf4j/jul-to-slf4j/1.7.25/jul-to-slf4j-1.7.25.jar:/home/user/.m2/repository/org/eclipse/jetty/jetty-util/9.3.24.v20180605/jetty-util-9.3.24.v20180605.jar:/home/user/.m2/repository/com/fasterxml/jackson/core/jackson-databind/2.9.5/jackson-databind-2.9.5.jar:/home/user/.m2/repository/org/apache/hadoop/hadoop-kms/3.2.0/hadoop-kms-3.2.0-tests.jar:/home/user/.m2/repository/org/apache/hadoop/hadoop-hdds-server-scm/0.5.0-SNAPSHOT/hadoop-hdds-server-scm-0.5.0-SNAPSHOT-tests.jar:/home/user/.m2/repository/org/apache/hadoop/hadoop-hdds-container-service/0.5.0-SNAPSHOT/hadoop-hdds-container-service-0.5.0-SNAPSHOT-tests.jar:/home/user/.m2/repository/org/yaml/snakeyaml/1.16/snakeyaml-1.16.jar:/home/user/.m2/repository/org/apache/hadoop/hadoop-common/3.2.0/hadoop-common-3.2.0-tests.jar:/home/user/.m2/repository/org/apache/hadoop/hadoop-annotations/3.2.0/hadoop-annotations-3.2.0.jar:/usr/lib/jvm/java-1.8-openjdk/jre/../lib/tools.jar:/home/user/.m2/repository/commons-cli/commons-cli/1.2/commons-cli-1.2.jar:/home/user/.m2/repository/org/apache/httpcomponents/httpclient/4.5.2/httpclient-4.5.2.jar:/home/user/.m2/repository/org/apache/httpcomponents/httpcore/4.4.4/httpcore-4.4.4.jar:/home/user/.m2/repository/commons-codec/commons-codec/1.11/commons-codec-1.11.jar:/home/user/.m2/repository/commons-net/commons-net/3.6/commons-net-3.6.jar:/home/user/.m2/repository/commons-collections/commons-collections/3.2.2/commons-collections-3.2.2.jar:/home/user/.m2/repository/org/eclipse/jetty/jetty-servlet/9.3.24.v20180605/jetty-servlet-9.3.24.v20180605.jar:/home/user/.m2/repository/org/eclipse/jetty/jetty-security/9.3.24.v20180605/jetty-security-9.3.24.v20180605.jar:/home/user/.m2/repository/javax/servlet/jsp/jsp-api/2.1/jsp-api-2.1.jar:/home/user/.m2/repository/com/sun/jersey/jersey-servlet/1.19/jersey-servlet-1.19.jar:/home/user/.m2/repository/com/sun/jersey/jersey-json/1.19/jersey-json-1.19.jar:/home/user/.m2/repository/org/codehaus/jettison/jettison/1.1/jettison-1.1.jar:/home/user/.m2/repository/org/codehaus/jackson/jackson-core-asl/1.9.13/jackson-core-asl-1.9.13.jar:/home/user/.m2/repository/org/codehaus/jackson/jackson-mapper-asl/1.9.13/jackson-mapper-asl-1.9.13.jar:/home/user/.m2/repository/org/codehaus/jackson/jackson-jaxrs/1.9.13/jackson-jaxrs-1.9.13.jar:/home/user/.m2/repository/org/codehaus/jackson/jackson-xc/1.9.13/jackson-xc-1.9.13.jar:/home/user/.m2/repository/commons-logging/commons-logging/1.1.3/commons-logging-1.1.3.jar:/home/user/.m2/repository/commons-beanutils/commons-beanutils/1.9.3/commons-beanutils-1.9.3.jar:/home/user/.m2/repository/org/apache/commons/commons-configuration2/2.1.1/commons-configuration2-2.1.1.jar:/home/user/.m2/repository/org/apache/commons/commons-lang3/3.7/commons-lang3-3.7.jar:/home/user/.m2/repository/org/apache/commons/commons-text/1.4/commons-text-1.4.jar:/home/user/.m2/repository/org/apache/avro/avro/1.7.7/avro-1.7.7.jar:/home/user/.m2/repository/com/thoughtworks/paranamer/paranamer/2.3/paranamer-2.3.jar:/home/user/.m2/repository/org/xerial/snappy/snappy-java/1.0.5/snappy-java-1.0.5.jar:/home/user/.m2/repository/com/google/re2j/re2j/1.1/re2j-1.1.jar:/home/user/.m2/repository/com/google/code/gson/gson/2.2.4/gson-2.2.4.jar:/home/user/.m2/repository/com/jcraft/jsch/0.1.54/jsch-0.1.54.jar:/home/user/.m2/repository/org/apache/curator/curator-client/2.12.0/curator-client-2.12.0.jar:/home/user/.m2/repository/org/apache/curator/curator-recipes/2.12.0/curator-recipes-2.12.0.jar:/home/user/.m2/repository/com/google/code/findbugs/jsr305/3.0.0/jsr305-3.0.0.jar:/home/user/.m2/repository/org/apache/htrace/htrace-core4/4.1.0-incubating/htrace-core4-4.1.0-incubating.jar:/home/user/.m2/repository/org/apache/zookeeper/zookeeper/3.4.13/zookeeper-3.4.13.jar:/home/user/.m2/repository/org/apache/yetus/audience-annotations/0.5.0/audience-annotations-0.5.0.jar:/home/user/.m2/repository/org/codehaus/woodstox/stax2-api/3.1.4/stax2-api-3.1.4.jar:/home/user/.m2/repository/com/fasterxml/woodstox/woodstox-core/5.0.3/woodstox-core-5.0.3.jar:/home/user/.m2/repository/dnsjava/dnsjava/2.1.7/dnsjava-2.1.7.jar:/home/user/.m2/repository/org/apache/hadoop/hadoop-hdfs/3.2.0/hadoop-hdfs-3.2.0-tests.jar:/home/user/.m2/repository/org/eclipse/jetty/jetty-util-ajax/9.3.24.v20180605/jetty-util-ajax-9.3.24.v20180605.jar:/home/user/.m2/repository/commons-daemon/commons-daemon/1.0.13/commons-daemon-1.0.13.jar:/home/user/.m2/repository/io/netty/netty/3.10.5.Final/netty-3.10.5.Final.jar:/home/user/.m2/repository/io/netty/netty-all/4.0.52.Final/netty-all-4.0.52.Final.jar:/home/user/.m2/repository/org/fusesource/leveldbjni/leveldbjni-all/1.8/leveldbjni-all-1.8.jar:"/>
    <property name="java.vm.vendor" value="IcedTea"/>
    <property name="sun.arch.data.model" value="64"/>
    <property name="test.build.dir" value="/tmp/workdir/hadoop-ozone/integration-test/target/test-dir"/>
    <property name="test.cache.data" value=""/>
    <property name="java.vendor.url" value="https://icedtea.classpath.org"/>
    <property name="user.timezone" value=""/>
    <property name="java.vm.specification.version" value="1.8"/>
    <property name="os.name" value="Linux"/>
    <property name="test.build.data" value="/tmp/workdir/hadoop-ozone/integration-test/target/test-dir"/>
    <property name="user.country" value="US"/>
    <property name="sun.java.launcher" value="SUN_STANDARD"/>
    <property name="sun.boot.library.path" value="/usr/lib/jvm/java-1.8-openjdk/jre/lib/amd64"/>
    <property name="sun.java.command" value="/tmp/workdir/hadoop-ozone/integration-test/target/surefire/surefirebooter1810196242815356534.jar /tmp/workdir/hadoop-ozone/integration-test/target/surefire 2019-07-14T06-10-53_874-jvmRun1 surefire8741315955968365067tmp surefire_39616508869707275841tmp"/>
    <property name="surefire.test.class.path" value="/tmp/workdir/hadoop-ozone/integration-test/target/test-classes:/tmp/workdir/hadoop-ozone/integration-test/target/classes:/home/user/.m2/repository/org/apache/hadoop/hadoop-ozone-common/0.5.0-SNAPSHOT/hadoop-ozone-common-0.5.0-SNAPSHOT.jar:/home/user/.m2/repository/org/apache/commons/commons-compress/1.4.1/commons-compress-1.4.1.jar:/home/user/.m2/repository/org/tukaani/xz/1.0/xz-1.0.jar:/home/user/.m2/repository/org/apache/hadoop/hadoop-common/3.2.0/hadoop-common-3.2.0.jar:/home/user/.m2/repository/org/apache/hadoop/hadoop-hdfs/3.2.0/hadoop-hdfs-3.2.0.jar:/home/user/.m2/repository/org/apache/hadoop/hadoop-hdfs-client/3.2.0/hadoop-hdfs-client-3.2.0.jar:/home/user/.m2/repository/com/fasterxml/jackson/core/jackson-annotations/2.9.5/jackson-annotations-2.9.5.jar:/home/user/.m2/repository/org/apache/hadoop/hadoop-hdds-common/0.5.0-SNAPSHOT/hadoop-hdds-common-0.5.0-SNAPSHOT.jar:/home/user/.m2/repository/javax/annotation/javax.annotation-api/1.2/javax.annotation-api-1.2.jar:/home/user/.m2/repository/org/apache/ratis/ratis-server/0.4.0-2337318-SNAPSHOT/ratis-server-0.4.0-2337318-SNAPSHOT.jar:/home/user/.m2/repository/org/apache/ratis/ratis-thirdparty-misc/0.2.0/ratis-thirdparty-misc-0.2.0.jar:/home/user/.m2/repository/org/apache/ratis/ratis-proto/0.4.0-2337318-SNAPSHOT/ratis-proto-0.4.0-2337318-SNAPSHOT.jar:/home/user/.m2/repository/org/apache/ratis/ratis-common/0.4.0-2337318-SNAPSHOT/ratis-common-0.4.0-2337318-SNAPSHOT.jar:/home/user/.m2/repository/org/apache/ratis/ratis-client/0.4.0-2337318-SNAPSHOT/ratis-client-0.4.0-2337318-SNAPSHOT.jar:/home/user/.m2/repository/org/apache/ratis/ratis-metrics/0.4.0-2337318-SNAPSHOT/ratis-metrics-0.4.0-2337318-SNAPSHOT.jar:/home/user/.m2/repository/org/apache/ratis/ratis-netty/0.4.0-2337318-SNAPSHOT/ratis-netty-0.4.0-2337318-SNAPSHOT.jar:/home/user/.m2/repository/org/apache/ratis/ratis-grpc/0.4.0-2337318-SNAPSHOT/ratis-grpc-0.4.0-2337318-SNAPSHOT.jar:/home/user/.m2/repository/org/rocksdb/rocksdbjni/6.0.1/rocksdbjni-6.0.1.jar:/home/user/.m2/repository/org/apache/logging/log4j/log4j-api/2.11.0/log4j-api-2.11.0.jar:/home/user/.m2/repository/org/apache/logging/log4j/log4j-core/2.11.0/log4j-core-2.11.0.jar:/home/user/.m2/repository/com/lmax/disruptor/3.4.2/disruptor-3.4.2.jar:/home/user/.m2/repository/org/apache/commons/commons-pool2/2.6.0/commons-pool2-2.6.0.jar:/home/user/.m2/repository/org/bouncycastle/bcpkix-jdk15on/1.60/bcpkix-jdk15on-1.60.jar:/home/user/.m2/repository/commons-validator/commons-validator/1.6/commons-validator-1.6.jar:/home/user/.m2/repository/commons-digester/commons-digester/1.8.1/commons-digester-1.8.1.jar:/home/user/.m2/repository/io/jaegertracing/jaeger-client/0.33.1/jaeger-client-0.33.1.jar:/home/user/.m2/repository/io/jaegertracing/jaeger-thrift/0.33.1/jaeger-thrift-0.33.1.jar:/home/user/.m2/repository/org/apache/thrift/libthrift/0.11.0/libthrift-0.11.0.jar:/home/user/.m2/repository/com/squareup/okhttp3/okhttp/3.9.0/okhttp-3.9.0.jar:/home/user/.m2/repository/com/squareup/okio/okio/1.13.0/okio-1.13.0.jar:/home/user/.m2/repository/io/jaegertracing/jaeger-core/0.33.1/jaeger-core-0.33.1.jar:/home/user/.m2/repository/io/jaegertracing/jaeger-tracerresolver/0.33.1/jaeger-tracerresolver-0.33.1.jar:/home/user/.m2/repository/io/opentracing/contrib/opentracing-tracerresolver/0.1.5/opentracing-tracerresolver-0.1.5.jar:/home/user/.m2/repository/io/opentracing/opentracing-util/0.31.0/opentracing-util-0.31.0.jar:/home/user/.m2/repository/io/opentracing/opentracing-api/0.31.0/opentracing-api-0.31.0.jar:/home/user/.m2/repository/io/opentracing/opentracing-noop/0.31.0/opentracing-noop-0.31.0.jar:/home/user/.m2/repository/org/apache/hadoop/hadoop-hdds-server-framework/0.5.0-SNAPSHOT/hadoop-hdds-server-framework-0.5.0-SNAPSHOT.jar:/home/user/.m2/repository/org/apache/hadoop/hadoop-hdds-container-service/0.5.0-SNAPSHOT/hadoop-hdds-container-service-0.5.0-SNAPSHOT.jar:/home/user/.m2/repository/org/apache/hadoop/hadoop-hdds-client/0.5.0-SNAPSHOT/hadoop-hdds-client-0.5.0-SNAPSHOT.jar:/home/user/.m2/repository/org/apache/hadoop/hadoop-hdds-tools/0.5.0-SNAPSHOT/hadoop-hdds-tools-0.5.0-SNAPSHOT.jar:/home/user/.m2/repository/org/apache/hadoop/hadoop-hdds-server-scm/0.5.0-SNAPSHOT/hadoop-hdds-server-scm-0.5.0-SNAPSHOT.jar:/home/user/.m2/repository/org/apache/hadoop/hadoop-hdds-docs/0.5.0-SNAPSHOT/hadoop-hdds-docs-0.5.0-SNAPSHOT.jar:/home/user/.m2/repository/io/dropwizard/metrics/metrics-core/3.2.4/metrics-core-3.2.4.jar:/home/user/.m2/repository/org/hamcrest/hamcrest-all/1.3/hamcrest-all-1.3.jar:/home/user/.m2/repository/org/bouncycastle/bcprov-jdk15on/1.60/bcprov-jdk15on-1.60.jar:/home/user/.m2/repository/info/picocli/picocli/3.9.6/picocli-3.9.6.jar:/home/user/.m2/repository/com/google/protobuf/protobuf-java/2.5.0/protobuf-java-2.5.0.jar:/home/user/.m2/repository/com/google/guava/guava/11.0.2/guava-11.0.2.jar:/home/user/.m2/repository/org/apache/hadoop/hadoop-ozone-ozone-manager/0.5.0-SNAPSHOT/hadoop-ozone-ozone-manager-0.5.0-SNAPSHOT.jar:/home/user/.m2/repository/org/apache/hadoop/hadoop-minikdc/3.2.0/hadoop-minikdc-3.2.0.jar:/home/user/.m2/repository/commons-io/commons-io/2.5/commons-io-2.5.jar:/home/user/.m2/repository/org/apache/kerby/kerb-simplekdc/1.0.1/kerb-simplekdc-1.0.1.jar:/home/user/.m2/repository/org/apache/kerby/kerb-client/1.0.1/kerb-client-1.0.1.jar:/home/user/.m2/repository/org/apache/kerby/kerby-config/1.0.1/kerby-config-1.0.1.jar:/home/user/.m2/repository/org/apache/kerby/kerb-core/1.0.1/kerb-core-1.0.1.jar:/home/user/.m2/repository/org/apache/kerby/kerby-pkix/1.0.1/kerby-pkix-1.0.1.jar:/home/user/.m2/repository/org/apache/kerby/kerby-asn1/1.0.1/kerby-asn1-1.0.1.jar:/home/user/.m2/repository/org/apache/kerby/kerby-util/1.0.1/kerby-util-1.0.1.jar:/home/user/.m2/repository/org/apache/kerby/kerb-common/1.0.1/kerb-common-1.0.1.jar:/home/user/.m2/repository/org/apache/kerby/kerb-crypto/1.0.1/kerb-crypto-1.0.1.jar:/home/user/.m2/repository/org/apache/kerby/kerb-util/1.0.1/kerb-util-1.0.1.jar:/home/user/.m2/repository/org/apache/kerby/token-provider/1.0.1/token-provider-1.0.1.jar:/home/user/.m2/repository/org/apache/kerby/kerb-admin/1.0.1/kerb-admin-1.0.1.jar:/home/user/.m2/repository/org/apache/kerby/kerb-server/1.0.1/kerb-server-1.0.1.jar:/home/user/.m2/repository/org/apache/kerby/kerb-identity/1.0.1/kerb-identity-1.0.1.jar:/home/user/.m2/repository/org/apache/kerby/kerby-xdr/1.0.1/kerby-xdr-1.0.1.jar:/home/user/.m2/repository/org/slf4j/slf4j-log4j12/1.7.25/slf4j-log4j12-1.7.25.jar:/home/user/.m2/repository/org/apache/hadoop/hadoop-ozone-objectstore-service/0.5.0-SNAPSHOT/hadoop-ozone-objectstore-service-0.5.0-SNAPSHOT.jar:/home/user/.m2/repository/org/apache/hadoop/hadoop-ozone-s3gateway/0.5.0-SNAPSHOT/hadoop-ozone-s3gateway-0.5.0-SNAPSHOT.jar:/home/user/.m2/repository/org/jboss/weld/servlet/weld-servlet/2.4.7.Final/weld-servlet-2.4.7.Final.jar:/home/user/.m2/repository/org/glassfish/jersey/containers/jersey-container-servlet-core/2.27/jersey-container-servlet-core-2.27.jar:/home/user/.m2/repository/org/glassfish/hk2/external/javax.inject/2.5.0-b42/javax.inject-2.5.0-b42.jar:/home/user/.m2/repository/org/glassfish/jersey/core/jersey-common/2.27/jersey-common-2.27.jar:/home/user/.m2/repository/org/glassfish/hk2/osgi-resource-locator/1.0.1/osgi-resource-locator-1.0.1.jar:/home/user/.m2/repository/javax/ws/rs/javax.ws.rs-api/2.1/javax.ws.rs-api-2.1.jar:/home/user/.m2/repository/org/glassfish/jersey/ext/cdi/jersey-cdi1x/2.27/jersey-cdi1x-2.27.jar:/home/user/.m2/repository/org/glassfish/jersey/inject/jersey-hk2/2.27/jersey-hk2-2.27.jar:/home/user/.m2/repository/org/glassfish/hk2/hk2-locator/2.5.0-b42/hk2-locator-2.5.0-b42.jar:/home/user/.m2/repository/org/javassist/javassist/3.22.0-CR2/javassist-3.22.0-CR2.jar:/home/user/.m2/repository/org/glassfish/hk2/hk2-api/2.5.0/hk2-api-2.5.0.jar:/home/user/.m2/repository/org/glassfish/hk2/external/jakarta.inject/2.5.0/jakarta.inject-2.5.0.jar:/home/user/.m2/repository/org/glassfish/hk2/hk2-utils/2.5.0/hk2-utils-2.5.0.jar:/home/user/.m2/repository/jakarta/annotation/jakarta.annotation-api/1.3.4/jakarta.annotation-api-1.3.4.jar:/home/user/.m2/repository/org/glassfish/hk2/external/aopalliance-repackaged/2.5.0/aopalliance-repackaged-2.5.0.jar:/home/user/.m2/repository/com/fasterxml/jackson/dataformat/jackson-dataformat-xml/2.9.0/jackson-dataformat-xml-2.9.0.jar:/home/user/.m2/repository/com/fasterxml/jackson/core/jackson-core/2.9.5/jackson-core-2.9.5.jar:/home/user/.m2/repository/com/fasterxml/jackson/module/jackson-module-jaxb-annotations/2.9.5/jackson-module-jaxb-annotations-2.9.5.jar:/home/user/.m2/repository/javax/enterprise/cdi-api/1.2/cdi-api-1.2.jar:/home/user/.m2/repository/javax/el/javax.el-api/3.0.0/javax.el-api-3.0.0.jar:/home/user/.m2/repository/javax/interceptor/javax.interceptor-api/1.2/javax.interceptor-api-1.2.jar:/home/user/.m2/repository/javax/inject/javax.inject/1/javax.inject-1.jar:/home/user/.m2/repository/com/sun/xml/bind/jaxb-impl/2.3.0.1/jaxb-impl-2.3.0.1.jar:/home/user/.m2/repository/com/sun/xml/bind/jaxb-core/2.3.0.1/jaxb-core-2.3.0.1.jar:/home/user/.m2/repository/javax/xml/bind/jaxb-api/2.3.0/jaxb-api-2.3.0.jar:/home/user/.m2/repository/javax/activation/activation/1.1.1/activation-1.1.1.jar:/home/user/.m2/repository/org/apache/hadoop/hadoop-ozone-csi/0.5.0-SNAPSHOT/hadoop-ozone-csi-0.5.0-SNAPSHOT.jar:/home/user/.m2/repository/com/google/protobuf/protobuf-java-util/3.5.1/protobuf-java-util-3.5.1.jar:/home/user/.m2/repository/org/apache/hadoop/hadoop-hdds-config/0.5.0-SNAPSHOT/hadoop-hdds-config-0.5.0-SNAPSHOT.jar:/home/user/.m2/repository/io/grpc/grpc-netty/1.17.1/grpc-netty-1.17.1.jar:/home/user/.m2/repository/io/grpc/grpc-core/1.17.1/grpc-core-1.17.1.jar:/home/user/.m2/repository/io/grpc/grpc-context/1.17.1/grpc-context-1.17.1.jar:/home/user/.m2/repository/com/google/errorprone/error_prone_annotations/2.2.0/error_prone_annotations-2.2.0.jar:/home/user/.m2/repository/org/codehaus/mojo/animal-sniffer-annotations/1.17/animal-sniffer-annotations-1.17.jar:/home/user/.m2/repository/io/opencensus/opencensus-api/0.17.0/opencensus-api-0.17.0.jar:/home/user/.m2/repository/io/opencensus/opencensus-contrib-grpc-metrics/0.17.0/opencensus-contrib-grpc-metrics-0.17.0.jar:/home/user/.m2/repository/io/netty/netty-codec-http2/4.1.30.Final/netty-codec-http2-4.1.30.Final.jar:/home/user/.m2/repository/io/netty/netty-codec-http/4.1.30.Final/netty-codec-http-4.1.30.Final.jar:/home/user/.m2/repository/io/netty/netty-codec/4.1.30.Final/netty-codec-4.1.30.Final.jar:/home/user/.m2/repository/io/netty/netty-handler/4.1.30.Final/netty-handler-4.1.30.Final.jar:/home/user/.m2/repository/io/netty/netty-handler-proxy/4.1.30.Final/netty-handler-proxy-4.1.30.Final.jar:/home/user/.m2/repository/io/netty/netty-codec-socks/4.1.30.Final/netty-codec-socks-4.1.30.Final.jar:/home/user/.m2/repository/io/netty/netty-transport-native-epoll/4.1.30.Final/netty-transport-native-epoll-4.1.30.Final.jar:/home/user/.m2/repository/io/netty/netty-common/4.1.30.Final/netty-common-4.1.30.Final.jar:/home/user/.m2/repository/io/netty/netty-buffer/4.1.30.Final/netty-buffer-4.1.30.Final.jar:/home/user/.m2/repository/io/netty/netty-transport/4.1.30.Final/netty-transport-4.1.30.Final.jar:/home/user/.m2/repository/io/netty/netty-resolver/4.1.30.Final/netty-resolver-4.1.30.Final.jar:/home/user/.m2/repository/io/netty/netty-transport-native-unix-common/4.1.30.Final/netty-transport-native-unix-common-4.1.30.Final.jar:/home/user/.m2/repository/io/grpc/grpc-protobuf/1.17.1/grpc-protobuf-1.17.1.jar:/home/user/.m2/repository/com/google/api/grpc/proto-google-common-protos/1.0.0/proto-google-common-protos-1.0.0.jar:/home/user/.m2/repository/io/grpc/grpc-protobuf-lite/1.17.1/grpc-protobuf-lite-1.17.1.jar:/home/user/.m2/repository/io/grpc/grpc-stub/1.17.1/grpc-stub-1.17.1.jar:/home/user/.m2/repository/org/apache/hadoop/hadoop-ozone-recon/0.5.0-SNAPSHOT/hadoop-ozone-recon-0.5.0-SNAPSHOT.jar:/home/user/.m2/repository/org/apache/hadoop/hadoop-ozone-reconcodegen/0.5.0-SNAPSHOT/hadoop-ozone-reconcodegen-0.5.0-SNAPSHOT.jar:/home/user/.m2/repository/com/google/inject/extensions/guice-multibindings/4.0/guice-multibindings-4.0.jar:/home/user/.m2/repository/com/google/inject/guice/4.0/guice-4.0.jar:/home/user/.m2/repository/aopalliance/aopalliance/1.0/aopalliance-1.0.jar:/home/user/.m2/repository/com/google/inject/extensions/guice-servlet/4.0/guice-servlet-4.0.jar:/home/user/.m2/repository/org/glassfish/jersey/containers/jersey-container-servlet/2.27/jersey-container-servlet-2.27.jar:/home/user/.m2/repository/org/glassfish/hk2/guice-bridge/2.5.0/guice-bridge-2.5.0.jar:/home/user/.m2/repository/org/glassfish/jersey/core/jersey-server/2.27/jersey-server-2.27.jar:/home/user/.m2/repository/org/glassfish/jersey/core/jersey-client/2.27/jersey-client-2.27.jar:/home/user/.m2/repository/org/glassfish/jersey/media/jersey-media-jaxb/2.27/jersey-media-jaxb-2.27.jar:/home/user/.m2/repository/javax/validation/validation-api/1.1.0.Final/validation-api-1.1.0.Final.jar:/home/user/.m2/repository/org/glassfish/jersey/media/jersey-media-json-jackson/2.27/jersey-media-json-jackson-2.27.jar:/home/user/.m2/repository/org/glassfish/jersey/ext/jersey-entity-filtering/2.27/jersey-entity-filtering-2.27.jar:/home/user/.m2/repository/com/google/inject/extensions/guice-assistedinject/4.0/guice-assistedinject-4.0.jar:/home/user/.m2/repository/org/jooq/jooq/3.11.10/jooq-3.11.10.jar:/home/user/.m2/repository/org/jooq/jooq-meta/3.11.10/jooq-meta-3.11.10.jar:/home/user/.m2/repository/org/jooq/jooq-codegen/3.11.10/jooq-codegen-3.11.10.jar:/home/user/.m2/repository/com/jolbox/bonecp/0.8.0.RELEASE/bonecp-0.8.0.RELEASE.jar:/home/user/.m2/repository/org/xerial/sqlite-jdbc/3.25.2/sqlite-jdbc-3.25.2.jar:/home/user/.m2/repository/org/springframework/spring-jdbc/5.1.3.RELEASE/spring-jdbc-5.1.3.RELEASE.jar:/home/user/.m2/repository/org/springframework/spring-beans/5.1.3.RELEASE/spring-beans-5.1.3.RELEASE.jar:/home/user/.m2/repository/org/springframework/spring-core/5.1.3.RELEASE/spring-core-5.1.3.RELEASE.jar:/home/user/.m2/repository/org/springframework/spring-jcl/5.1.3.RELEASE/spring-jcl-5.1.3.RELEASE.jar:/home/user/.m2/repository/org/springframework/spring-tx/5.1.3.RELEASE/spring-tx-5.1.3.RELEASE.jar:/home/user/.m2/repository/org/apache/hadoop/hadoop-ozone-client/0.5.0-SNAPSHOT/hadoop-ozone-client-0.5.0-SNAPSHOT.jar:/home/user/.m2/repository/commons-lang/commons-lang/2.6/commons-lang-2.6.jar:/home/user/.m2/repository/org/apache/hadoop/hadoop-ozone-ozone-manager/0.5.0-SNAPSHOT/hadoop-ozone-ozone-manager-0.5.0-SNAPSHOT-tests.jar:/home/user/.m2/repository/junit/junit/4.11/junit-4.11.jar:/home/user/.m2/repository/org/hamcrest/hamcrest-core/1.3/hamcrest-core-1.3.jar:/home/user/.m2/repository/org/openjdk/jmh/jmh-core/1.19/jmh-core-1.19.jar:/home/user/.m2/repository/net/sf/jopt-simple/jopt-simple/4.6/jopt-simple-4.6.jar:/home/user/.m2/repository/org/apache/commons/commons-math3/3.1.1/commons-math3-3.1.1.jar:/home/user/.m2/repository/org/openjdk/jmh/jmh-generator-annprocess/1.19/jmh-generator-annprocess-1.19.jar:/home/user/.m2/repository/org/mockito/mockito-all/1.8.5/mockito-all-1.8.5.jar:/home/user/.m2/repository/org/apache/hadoop/hadoop-kms/3.2.0/hadoop-kms-3.2.0.jar:/home/user/.m2/repository/org/apache/hadoop/hadoop-auth/3.2.0/hadoop-auth-3.2.0.jar:/home/user/.m2/repository/com/nimbusds/nimbus-jose-jwt/4.41.1/nimbus-jose-jwt-4.41.1.jar:/home/user/.m2/repository/com/github/stephenc/jcip/jcip-annotations/1.0-1/jcip-annotations-1.0-1.jar:/home/user/.m2/repository/net/minidev/json-smart/2.3/json-smart-2.3.jar:/home/user/.m2/repository/net/minidev/accessors-smart/1.2/accessors-smart-1.2.jar:/home/user/.m2/repository/org/ow2/asm/asm/5.0.4/asm-5.0.4.jar:/home/user/.m2/repository/org/apache/curator/curator-framework/2.12.0/curator-framework-2.12.0.jar:/home/user/.m2/repository/com/sun/jersey/jersey-core/1.19/jersey-core-1.19.jar:/home/user/.m2/repository/javax/ws/rs/jsr311-api/1.1.1/jsr311-api-1.1.1.jar:/home/user/.m2/repository/com/sun/jersey/jersey-server/1.19/jersey-server-1.19.jar:/home/user/.m2/repository/javax/servlet/javax.servlet-api/3.1.0/javax.servlet-api-3.1.0.jar:/home/user/.m2/repository/org/eclipse/jetty/jetty-server/9.3.24.v20180605/jetty-server-9.3.24.v20180605.jar:/home/user/.m2/repository/org/eclipse/jetty/jetty-http/9.3.24.v20180605/jetty-http-9.3.24.v20180605.jar:/home/user/.m2/repository/org/eclipse/jetty/jetty-io/9.3.24.v20180605/jetty-io-9.3.24.v20180605.jar:/home/user/.m2/repository/org/eclipse/jetty/jetty-webapp/9.3.24.v20180605/jetty-webapp-9.3.24.v20180605.jar:/home/user/.m2/repository/org/eclipse/jetty/jetty-xml/9.3.24.v20180605/jetty-xml-9.3.24.v20180605.jar:/home/user/.m2/repository/log4j/log4j/1.2.17/log4j-1.2.17.jar:/home/user/.m2/repository/org/slf4j/slf4j-api/1.7.25/slf4j-api-1.7.25.jar:/home/user/.m2/repository/org/slf4j/jul-to-slf4j/1.7.25/jul-to-slf4j-1.7.25.jar:/home/user/.m2/repository/org/eclipse/jetty/jetty-util/9.3.24.v20180605/jetty-util-9.3.24.v20180605.jar:/home/user/.m2/repository/com/fasterxml/jackson/core/jackson-databind/2.9.5/jackson-databind-2.9.5.jar:/home/user/.m2/repository/org/apache/hadoop/hadoop-kms/3.2.0/hadoop-kms-3.2.0-tests.jar:/home/user/.m2/repository/org/apache/hadoop/hadoop-hdds-server-scm/0.5.0-SNAPSHOT/hadoop-hdds-server-scm-0.5.0-SNAPSHOT-tests.jar:/home/user/.m2/repository/org/apache/hadoop/hadoop-hdds-container-service/0.5.0-SNAPSHOT/hadoop-hdds-container-service-0.5.0-SNAPSHOT-tests.jar:/home/user/.m2/repository/org/yaml/snakeyaml/1.16/snakeyaml-1.16.jar:/home/user/.m2/repository/org/apache/hadoop/hadoop-common/3.2.0/hadoop-common-3.2.0-tests.jar:/home/user/.m2/repository/org/apache/hadoop/hadoop-annotations/3.2.0/hadoop-annotations-3.2.0.jar:/usr/lib/jvm/java-1.8-openjdk/jre/../lib/tools.jar:/home/user/.m2/repository/commons-cli/commons-cli/1.2/commons-cli-1.2.jar:/home/user/.m2/repository/org/apache/httpcomponents/httpclient/4.5.2/httpclient-4.5.2.jar:/home/user/.m2/repository/org/apache/httpcomponents/httpcore/4.4.4/httpcore-4.4.4.jar:/home/user/.m2/repository/commons-codec/commons-codec/1.11/commons-codec-1.11.jar:/home/user/.m2/repository/commons-net/commons-net/3.6/commons-net-3.6.jar:/home/user/.m2/repository/commons-collections/commons-collections/3.2.2/commons-collections-3.2.2.jar:/home/user/.m2/repository/org/eclipse/jetty/jetty-servlet/9.3.24.v20180605/jetty-servlet-9.3.24.v20180605.jar:/home/user/.m2/repository/org/eclipse/jetty/jetty-security/9.3.24.v20180605/jetty-security-9.3.24.v20180605.jar:/home/user/.m2/repository/javax/servlet/jsp/jsp-api/2.1/jsp-api-2.1.jar:/home/user/.m2/repository/com/sun/jersey/jersey-servlet/1.19/jersey-servlet-1.19.jar:/home/user/.m2/repository/com/sun/jersey/jersey-json/1.19/jersey-json-1.19.jar:/home/user/.m2/repository/org/codehaus/jettison/jettison/1.1/jettison-1.1.jar:/home/user/.m2/repository/org/codehaus/jackson/jackson-core-asl/1.9.13/jackson-core-asl-1.9.13.jar:/home/user/.m2/repository/org/codehaus/jackson/jackson-mapper-asl/1.9.13/jackson-mapper-asl-1.9.13.jar:/home/user/.m2/repository/org/codehaus/jackson/jackson-jaxrs/1.9.13/jackson-jaxrs-1.9.13.jar:/home/user/.m2/repository/org/codehaus/jackson/jackson-xc/1.9.13/jackson-xc-1.9.13.jar:/home/user/.m2/repository/commons-logging/commons-logging/1.1.3/commons-logging-1.1.3.jar:/home/user/.m2/repository/commons-beanutils/commons-beanutils/1.9.3/commons-beanutils-1.9.3.jar:/home/user/.m2/repository/org/apache/commons/commons-configuration2/2.1.1/commons-configuration2-2.1.1.jar:/home/user/.m2/repository/org/apache/commons/commons-lang3/3.7/commons-lang3-3.7.jar:/home/user/.m2/repository/org/apache/commons/commons-text/1.4/commons-text-1.4.jar:/home/user/.m2/repository/org/apache/avro/avro/1.7.7/avro-1.7.7.jar:/home/user/.m2/repository/com/thoughtworks/paranamer/paranamer/2.3/paranamer-2.3.jar:/home/user/.m2/repository/org/xerial/snappy/snappy-java/1.0.5/snappy-java-1.0.5.jar:/home/user/.m2/repository/com/google/re2j/re2j/1.1/re2j-1.1.jar:/home/user/.m2/repository/com/google/code/gson/gson/2.2.4/gson-2.2.4.jar:/home/user/.m2/repository/com/jcraft/jsch/0.1.54/jsch-0.1.54.jar:/home/user/.m2/repository/org/apache/curator/curator-client/2.12.0/curator-client-2.12.0.jar:/home/user/.m2/repository/org/apache/curator/curator-recipes/2.12.0/curator-recipes-2.12.0.jar:/home/user/.m2/repository/com/google/code/findbugs/jsr305/3.0.0/jsr305-3.0.0.jar:/home/user/.m2/repository/org/apache/htrace/htrace-core4/4.1.0-incubating/htrace-core4-4.1.0-incubating.jar:/home/user/.m2/repository/org/apache/zookeeper/zookeeper/3.4.13/zookeeper-3.4.13.jar:/home/user/.m2/repository/org/apache/yetus/audience-annotations/0.5.0/audience-annotations-0.5.0.jar:/home/user/.m2/repository/org/codehaus/woodstox/stax2-api/3.1.4/stax2-api-3.1.4.jar:/home/user/.m2/repository/com/fasterxml/woodstox/woodstox-core/5.0.3/woodstox-core-5.0.3.jar:/home/user/.m2/repository/dnsjava/dnsjava/2.1.7/dnsjava-2.1.7.jar:/home/user/.m2/repository/org/apache/hadoop/hadoop-hdfs/3.2.0/hadoop-hdfs-3.2.0-tests.jar:/home/user/.m2/repository/org/eclipse/jetty/jetty-util-ajax/9.3.24.v20180605/jetty-util-ajax-9.3.24.v20180605.jar:/home/user/.m2/repository/commons-daemon/commons-daemon/1.0.13/commons-daemon-1.0.13.jar:/home/user/.m2/repository/io/netty/netty/3.10.5.Final/netty-3.10.5.Final.jar:/home/user/.m2/repository/io/netty/netty-all/4.0.52.Final/netty-all-4.0.52.Final.jar:/home/user/.m2/repository/org/fusesource/leveldbjni/leveldbjni-all/1.8/leveldbjni-all-1.8.jar:"/>
    <property name="sun.cpu.endian" value="little"/>
    <property name="user.home" value="/home/user"/>
    <property name="user.language" value="en"/>
    <property name="java.specification.vendor" value="Oracle Corporation"/>
    <property name="java.home" value="/usr/lib/jvm/java-1.8-openjdk/jre"/>
    <property name="java.security.krb5.conf" value="/tmp/workdir/hadoop-ozone/integration-test/target/test-classes/krb5.conf"/>
    <property name="basedir" value="/tmp/workdir/hadoop-ozone/integration-test"/>
    <property name="file.separator" value="/"/>
    <property name="line.separator" value="&#10;"/>
    <property name="java.vm.specification.vendor" value="Oracle Corporation"/>
    <property name="java.specification.name" value="Java Platform API Specification"/>
    <property name="java.awt.graphicsenv" value="sun.awt.X11GraphicsEnvironment"/>
    <property name="surefire.real.class.path" value="/tmp/workdir/hadoop-ozone/integration-test/target/surefire/surefirebooter1810196242815356534.jar"/>
    <property name="hadoop.log.dir" value="/tmp/workdir/hadoop-ozone/integration-test/target/log"/>
    <property name="sun.boot.class.path" value="/usr/lib/jvm/java-1.8-openjdk/jre/lib/resources.jar:/usr/lib/jvm/java-1.8-openjdk/jre/lib/rt.jar:/usr/lib/jvm/java-1.8-openjdk/jre/lib/sunrsasign.jar:/usr/lib/jvm/java-1.8-openjdk/jre/lib/jsse.jar:/usr/lib/jvm/java-1.8-openjdk/jre/lib/jce.jar:/usr/lib/jvm/java-1.8-openjdk/jre/lib/charsets.jar:/usr/lib/jvm/java-1.8-openjdk/jre/lib/jfr.jar:/usr/lib/jvm/java-1.8-openjdk/jre/classes"/>
    <property name="sun.management.compiler" value="HotSpot 64-Bit Tiered Compilers"/>
    <property name="java.runtime.version" value="1.8.0_212-b04"/>
    <property name="java.net.preferIPv4Stack" value="true"/>
    <property name="user.name" value="jenkins1000"/>
    <property name="path.separator" value=":"/>
    <property name="java.security.egd" value="file:///dev/urandom"/>
    <property name="os.version" value="3.10.0-957.12.2.el7.x86_64"/>
    <property name="java.endorsed.dirs" value="/usr/lib/jvm/java-1.8-openjdk/jre/lib/endorsed"/>
    <property name="java.runtime.name" value="OpenJDK Runtime Environment"/>
    <property name="file.encoding" value="UTF-8"/>
    <property name="java.vm.name" value="OpenJDK 64-Bit Server VM"/>
    <property name="test.build.webapps" value=""/>
    <property name="localRepository" value="/home/user/.m2/repository"/>
    <property name="java.vendor.url.bug" value="https://icedtea.classpath.org/bugzilla"/>
    <property name="java.io.tmpdir" value="/tmp"/>
    <property name="require.test.libhadoop" value=""/>
    <property name="java.version" value="1.8.0_212"/>
    <property name="user.dir" value="/tmp/workdir/hadoop-ozone/integration-test"/>
    <property name="os.arch" value="amd64"/>
    <property name="java.vm.specification.name" value="Java Virtual Machine Specification"/>
    <property name="test.build.classes" value="/tmp/workdir/hadoop-ozone/integration-test/target/test-classes"/>
    <property name="java.awt.printerjob" value="sun.print.PSPrinterJob"/>
    <property name="sun.os.patch.level" value="unknown"/>
    <property name="hadoop.tmp.dir" value="/tmp/workdir/hadoop-ozone/integration-test/target/tmp"/>
    <property name="java.library.path" value="/usr/lib/jvm/java-1.8-openjdk/jre/lib/amd64/server:/usr/lib/jvm/java-1.8-openjdk/jre/lib/amd64:/usr/lib/jvm/java-1.8-openjdk/jre/../lib/amd64:/tmp/workdir/hadoop-ozone/integration-test/target/native/target/usr/local/lib:/tmp/workdir/hadoop-ozone/integration-test/../../hadoop-common-project/hadoop-common/target/native/target/usr/local/lib:/usr/java/packages/lib/amd64:/usr/lib64:/lib64:/lib:/usr/lib"/>
    <property name="java.vm.info" value="mixed mode"/>
    <property name="java.vendor" value="IcedTea"/>
    <property name="java.vm.version" value="25.212-b04"/>
    <property name="java.ext.dirs" value="/usr/lib/jvm/java-1.8-openjdk/jre/lib/ext:/usr/java/packages/lib/ext"/>
    <property name="sun.io.unicode.encoding" value="UnicodeLittle"/>
    <property name="java.class.version" value="52.0"/>
  </properties>
  <testcase name="testWatchForCommitWithKeyWrite" classname="org.apache.hadoop.ozone.client.rpc.TestWatchForCommit" time="17.09">
    <failure message="expected:&lt;4&gt; but was:&lt;8&gt;" type="java.lang.AssertionError"><![CDATA[java.lang.AssertionError: expected:<4> but was:<8>
	at org.junit.Assert.fail(Assert.java:88)
	at org.junit.Assert.failNotEquals(Assert.java:743)
	at org.junit.Assert.assertEquals(Assert.java:118)
	at org.junit.Assert.assertEquals(Assert.java:555)
	at org.junit.Assert.assertEquals(Assert.java:542)
	at org.apache.hadoop.ozone.client.rpc.TestWatchForCommit.testWatchForCommitWithKeyWrite(TestWatchForCommit.java:167)
	at sun.reflect.NativeMethodAccessorImpl.invoke0(Native Method)
	at sun.reflect.NativeMethodAccessorImpl.invoke(NativeMethodAccessorImpl.java:62)
	at sun.reflect.DelegatingMethodAccessorImpl.invoke(DelegatingMethodAccessorImpl.java:43)
	at java.lang.reflect.Method.invoke(Method.java:498)
	at org.junit.runners.model.FrameworkMethod$1.runReflectiveCall(FrameworkMethod.java:47)
	at org.junit.internal.runners.model.ReflectiveCallable.run(ReflectiveCallable.java:12)
	at org.junit.runners.model.FrameworkMethod.invokeExplosively(FrameworkMethod.java:44)
	at org.junit.internal.runners.statements.InvokeMethod.evaluate(InvokeMethod.java:17)
	at org.junit.runners.ParentRunner.runLeaf(ParentRunner.java:271)
	at org.junit.runners.BlockJUnit4ClassRunner.runChild(BlockJUnit4ClassRunner.java:70)
	at org.junit.runners.BlockJUnit4ClassRunner.runChild(BlockJUnit4ClassRunner.java:50)
	at org.junit.runners.ParentRunner$3.run(ParentRunner.java:238)
	at org.junit.runners.ParentRunner$1.schedule(ParentRunner.java:63)
	at org.junit.runners.ParentRunner.runChildren(ParentRunner.java:236)
	at org.junit.runners.ParentRunner.access$000(ParentRunner.java:53)
	at org.junit.runners.ParentRunner$2.evaluate(ParentRunner.java:229)
	at org.junit.runners.ParentRunner.run(ParentRunner.java:309)
	at org.apache.maven.surefire.junit4.JUnit4Provider.execute(JUnit4Provider.java:365)
	at org.apache.maven.surefire.junit4.JUnit4Provider.executeWithRerun(JUnit4Provider.java:273)
	at org.apache.maven.surefire.junit4.JUnit4Provider.executeTestSet(JUnit4Provider.java:238)
	at org.apache.maven.surefire.junit4.JUnit4Provider.invoke(JUnit4Provider.java:159)
	at org.apache.maven.surefire.booter.ForkedBooter.invokeProviderInSameClassLoader(ForkedBooter.java:384)
	at org.apache.maven.surefire.booter.ForkedBooter.runSuitesInProcess(ForkedBooter.java:345)
	at org.apache.maven.surefire.booter.ForkedBooter.execute(ForkedBooter.java:126)
	at org.apache.maven.surefire.booter.ForkedBooter.main(ForkedBooter.java:418)
]]></failure>
    <system-out><![CDATA[2019-07-14 06:46:18,766 WARN  server.ServerUtils (ServerUtils.java:getScmDbDir(145)) - ozone.scm.db.dirs is not configured. We recommend adding this setting. Falling back to ozone.metadata.dirs instead.
2019-07-14 06:46:18,873 WARN  server.ServerUtils (ServerUtils.java:getScmDbDir(145)) - ozone.scm.db.dirs is not configured. We recommend adding this setting. Falling back to ozone.metadata.dirs instead.
2019-07-14 06:46:18,876 WARN  server.ServerUtils (ServerUtils.java:getScmDbDir(145)) - ozone.scm.db.dirs is not configured. We recommend adding this setting. Falling back to ozone.metadata.dirs instead.
2019-07-14 06:46:18,893 INFO  util.log (Log.java:initialized(192)) - Logging initialized @917ms
2019-07-14 06:46:18,995 INFO  db.DBStoreBuilder (DBStoreBuilder.java:addTable(110)) - using custom profile for table: deletedBlocks
2019-07-14 06:46:18,995 INFO  db.DBStoreBuilder (DBStoreBuilder.java:processTables(161)) - Using default column profile:DBProfile.DISK for Table:deletedBlocks
2019-07-14 06:46:18,996 INFO  db.DBStoreBuilder (DBStoreBuilder.java:addTable(110)) - using custom profile for table: validCerts
2019-07-14 06:46:18,996 INFO  db.DBStoreBuilder (DBStoreBuilder.java:processTables(161)) - Using default column profile:DBProfile.DISK for Table:validCerts
2019-07-14 06:46:18,996 INFO  db.DBStoreBuilder (DBStoreBuilder.java:addTable(110)) - using custom profile for table: revokedCerts
2019-07-14 06:46:18,997 INFO  db.DBStoreBuilder (DBStoreBuilder.java:processTables(161)) - Using default column profile:DBProfile.DISK for Table:revokedCerts
2019-07-14 06:46:19,008 INFO  db.DBStoreBuilder (DBStoreBuilder.java:addTable(110)) - using custom profile for table: default
2019-07-14 06:46:19,008 INFO  db.DBStoreBuilder (DBStoreBuilder.java:processTables(167)) - Using default column profile:DBProfile.DISK for Table:default
2019-07-14 06:46:19,009 INFO  db.DBStoreBuilder (DBStoreBuilder.java:getDbProfile(198)) - Using default options. DBProfile.DISK
2019-07-14 06:46:19,167 INFO  net.NodeSchemaLoader (NodeSchemaLoader.java:loadSchemaFromFile(125)) - Loading file from sun.misc.CompoundEnumeration@7714e963
2019-07-14 06:46:19,170 INFO  net.NodeSchemaLoader (NodeSchemaLoader.java:loadSchema(171)) - Loading network topology layer schema file
2019-07-14 06:46:19,238 WARN  server.ServerUtils (ServerUtils.java:sanitizeUserArgs(70)) - ozone.scm.stale.node.interval value = 300000 is larger than max = 100000 based on the key value of ozone.scm.heartbeat.thread.interval, reset to the max value 100000.
2019-07-14 06:46:19,242 WARN  server.ServerUtils (ServerUtils.java:sanitizeUserArgs(70)) - ozone.scm.stale.node.interval value = 300000 is larger than max = 100000 based on the key value of ozone.scm.heartbeat.thread.interval, reset to the max value 100000.
2019-07-14 06:46:19,246 INFO  node.SCMNodeManager (SCMNodeManager.java:<init>(119)) - Entering startup safe mode.
2019-07-14 06:46:19,363 WARN  server.ServerUtils (ServerUtils.java:getScmDbDir(145)) - ozone.scm.db.dirs is not configured. We recommend adding this setting. Falling back to ozone.metadata.dirs instead.
2019-07-14 06:46:19,412 INFO  pipeline.SCMPipelineManager (SCMPipelineManager.java:initializePipelineState(126)) - No pipeline exists in current db
2019-07-14 06:46:19,415 WARN  server.ServerUtils (ServerUtils.java:getScmDbDir(145)) - ozone.scm.db.dirs is not configured. We recommend adding this setting. Falling back to ozone.metadata.dirs instead.
2019-07-14 06:46:19,487 WARN  events.EventQueue (EventQueue.java:fireEvent(175)) - No event handler registered for event TypedEvent{payloadType=SafeModeStatus, name='SafeModeStatus'}
2019-07-14 06:46:19,784 INFO  ipc.CallQueueManager (CallQueueManager.java:<init>(84)) - Using callQueue: class java.util.concurrent.LinkedBlockingQueue, queueCapacity: 2000, scheduler: class org.apache.hadoop.ipc.DefaultRpcScheduler, ipcBackoff: false.
2019-07-14 06:46:19,807 INFO  ipc.Server (Server.java:run(1074)) - Starting Socket Reader #1 for port 36426
2019-07-14 06:46:19,827 INFO  ipc.CallQueueManager (CallQueueManager.java:<init>(84)) - Using callQueue: class java.util.concurrent.LinkedBlockingQueue, queueCapacity: 2000, scheduler: class org.apache.hadoop.ipc.DefaultRpcScheduler, ipcBackoff: false.
2019-07-14 06:46:19,828 INFO  ipc.Server (Server.java:run(1074)) - Starting Socket Reader #1 for port 34919
2019-07-14 06:46:19,833 INFO  ipc.CallQueueManager (CallQueueManager.java:<init>(84)) - Using callQueue: class java.util.concurrent.LinkedBlockingQueue, queueCapacity: 2000, scheduler: class org.apache.hadoop.ipc.DefaultRpcScheduler, ipcBackoff: false.
2019-07-14 06:46:19,834 INFO  ipc.Server (Server.java:run(1074)) - Starting Socket Reader #1 for port 43007
2019-07-14 06:46:19,955 INFO  hdfs.DFSUtil (DFSUtil.java:httpServerTemplateForNNAndJN(1641)) - Starting Web-server for scm at: http://0.0.0.0:0
2019-07-14 06:46:20,077 INFO  server.AuthenticationFilter (AuthenticationFilter.java:constructSecretProvider(240)) - Unable to initialize FileSignerSecretProvider, falling back to use random secrets.
2019-07-14 06:46:20,084 WARN  http.HttpRequestLog (HttpRequestLog.java:getRequestLog(97)) - Jetty request log can only be enabled using Log4j
2019-07-14 06:46:20,093 INFO  http.HttpServer2 (HttpServer2.java:addGlobalFilter(975)) - Added global filter 'safety' (class=org.apache.hadoop.http.HttpServer2$QuotingInputFilter)
2019-07-14 06:46:20,096 INFO  http.HttpServer2 (HttpServer2.java:addFilter(948)) - Added filter static_user_filter (class=org.apache.hadoop.http.lib.StaticUserWebFilter$StaticUserFilter) to context scm
2019-07-14 06:46:20,097 INFO  http.HttpServer2 (HttpServer2.java:addFilter(958)) - Added filter static_user_filter (class=org.apache.hadoop.http.lib.StaticUserWebFilter$StaticUserFilter) to context static
2019-07-14 06:46:20,097 INFO  http.HttpServer2 (HttpServer2.java:addFilter(958)) - Added filter static_user_filter (class=org.apache.hadoop.http.lib.StaticUserWebFilter$StaticUserFilter) to context logs
2019-07-14 06:46:20,123 INFO  server.StorageContainerManager (StorageContainerManager.java:start(759)) - StorageContainerLocationProtocol RPC server is listening at /0.0.0.0:43007
2019-07-14 06:46:20,179 WARN  impl.MetricsConfig (MetricsConfig.java:loadFirst(134)) - Cannot locate configuration: tried hadoop-metrics2-storagecontainermanager.properties,hadoop-metrics2.properties
2019-07-14 06:46:20,190 INFO  impl.MetricsSystemImpl (MetricsSystemImpl.java:startTimer(374)) - Scheduled Metric snapshot period at 10 second(s).
2019-07-14 06:46:20,191 INFO  impl.MetricsSystemImpl (MetricsSystemImpl.java:start(191)) - StorageContainerManager metrics system started
2019-07-14 06:46:20,392 INFO  server.SCMClientProtocolServer (SCMClientProtocolServer.java:start(149)) - RPC server for Client  is listening at /0.0.0.0:43007
2019-07-14 06:46:20,394 INFO  ipc.Server (Server.java:run(1314)) - IPC Server Responder: starting
2019-07-14 06:46:20,394 INFO  ipc.Server (Server.java:run(1153)) - IPC Server listener on 43007: starting
2019-07-14 06:46:20,397 INFO  server.StorageContainerManager (StorageContainerManager.java:start(768)) - ScmBlockLocationProtocol RPC server is listening at /0.0.0.0:34919
2019-07-14 06:46:20,397 INFO  server.SCMBlockProtocolServer (SCMBlockProtocolServer.java:start(140)) - RPC server for Block Protocol is listening at /0.0.0.0:34919
2019-07-14 06:46:20,398 INFO  ipc.Server (Server.java:run(1314)) - IPC Server Responder: starting
2019-07-14 06:46:20,398 INFO  ipc.Server (Server.java:run(1153)) - IPC Server listener on 34919: starting
2019-07-14 06:46:20,406 INFO  server.StorageContainerManager (StorageContainerManager.java:start(772)) - ScmDatanodeProtocl RPC server is listening at /0.0.0.0:36426
2019-07-14 06:46:20,406 INFO  server.SCMDatanodeProtocolServer (SCMDatanodeProtocolServer.java:start(191)) - RPC server for DataNodes is listening at /0.0.0.0:36426
2019-07-14 06:46:20,408 INFO  ipc.Server (Server.java:run(1314)) - IPC Server Responder: starting
2019-07-14 06:46:20,409 INFO  ipc.Server (Server.java:run(1153)) - IPC Server listener on 36426: starting
2019-07-14 06:46:20,420 INFO  http.HttpServer2 (HttpServer2.java:bindListener(1191)) - Jetty bound to port 37574
2019-07-14 06:46:20,422 INFO  server.Server (Server.java:doStart(351)) - jetty-9.3.24.v20180605, build timestamp: 2018-06-05T17:11:56Z, git hash: 84205aa28f11a4f31f2a3b86d1bba2cc8ab69827
2019-07-14 06:46:20,457 INFO  handler.ContextHandler (ContextHandler.java:doStart(781)) - Started o.e.j.s.ServletContextHandler@6bbe2511{/logs,file:///tmp/workdir/hadoop-ozone/integration-test/target/log,AVAILABLE}
2019-07-14 06:46:20,457 INFO  handler.ContextHandler (ContextHandler.java:doStart(781)) - Started o.e.j.s.ServletContextHandler@76012793{/static,file:///tmp/workdir/hadoop-ozone/integration-test/target/test-classes/webapps/static,AVAILABLE}
2019-07-14 06:46:20,484 INFO  handler.ContextHandler (ContextHandler.java:doStart(781)) - Started o.e.j.w.WebAppContext@6a1d204a{/,file:///tmp/workdir/hadoop-ozone/integration-test/target/test-classes/webapps/scm/,AVAILABLE}{/scm}
2019-07-14 06:46:20,489 INFO  server.AbstractConnector (AbstractConnector.java:doStart(278)) - Started ServerConnector@9d157ff{HTTP/1.1,[http/1.1]}{0.0.0.0:37574}
2019-07-14 06:46:20,489 INFO  server.Server (Server.java:doStart(419)) - Started @2513ms
2019-07-14 06:46:20,490 INFO  server.BaseHttpServer (BaseHttpServer.java:updateConnectorAddress(207)) - HTTP server of SCM is listening at http://0.0.0.0:37574
2019-07-14 06:46:20,496 INFO  util.JvmPauseMonitor (JvmPauseMonitor.java:run(188)) - Starting JVM pause monitor
2019-07-14 06:46:20,498 WARN  server.ServerUtils (ServerUtils.java:getDBPath(222)) - ozone.om.db.dirs is not configured. We recommend adding this setting. Falling back to ozone.metadata.dirs instead.
2019-07-14 06:46:20,599 WARN  server.ServerUtils (ServerUtils.java:getDBPath(222)) - ozone.om.db.dirs is not configured. We recommend adding this setting. Falling back to ozone.metadata.dirs instead.
2019-07-14 06:46:20,600 INFO  om.OzoneManager (OzoneManager.java:setOMNodeDetails(630)) - OM Service ID is not set. Setting it to the default ID: omServiceIdDefault
2019-07-14 06:46:20,600 INFO  om.OzoneManager (OzoneManager.java:setOMNodeDetails(636)) - OM Node ID is not set. Setting it to the OmStorage's OmID: 5dc54212-1cba-4e8e-b4db-0dc5a3e6ceeb
2019-07-14 06:46:20,601 INFO  om.OzoneManager (OzoneManager.java:loadOMHAConfigs(587)) - Found matching OM address with OMServiceId: null, OMNodeId: null, RPC Address: localhost:0 and Ratis port: 9872
2019-07-14 06:46:20,882 WARN  server.ServerUtils (ServerUtils.java:getDBPath(222)) - ozone.om.db.dirs is not configured. We recommend adding this setting. Falling back to ozone.metadata.dirs instead.
2019-07-14 06:46:20,893 INFO  db.DBStoreBuilder (DBStoreBuilder.java:addTable(110)) - using custom profile for table: userTable
2019-07-14 06:46:20,894 INFO  db.DBStoreBuilder (DBStoreBuilder.java:processTables(161)) - Using default column profile:DBProfile.DISK for Table:userTable
2019-07-14 06:46:20,894 INFO  db.DBStoreBuilder (DBStoreBuilder.java:addTable(110)) - using custom profile for table: volumeTable
2019-07-14 06:46:20,894 INFO  db.DBStoreBuilder (DBStoreBuilder.java:processTables(161)) - Using default column profile:DBProfile.DISK for Table:volumeTable
2019-07-14 06:46:20,895 INFO  db.DBStoreBuilder (DBStoreBuilder.java:addTable(110)) - using custom profile for table: bucketTable
2019-07-14 06:46:20,895 INFO  db.DBStoreBuilder (DBStoreBuilder.java:processTables(161)) - Using default column profile:DBProfile.DISK for Table:bucketTable
2019-07-14 06:46:20,896 INFO  db.DBStoreBuilder (DBStoreBuilder.java:addTable(110)) - using custom profile for table: keyTable
2019-07-14 06:46:20,896 INFO  db.DBStoreBuilder (DBStoreBuilder.java:processTables(161)) - Using default column profile:DBProfile.DISK for Table:keyTable
2019-07-14 06:46:20,896 INFO  db.DBStoreBuilder (DBStoreBuilder.java:addTable(110)) - using custom profile for table: deletedTable
2019-07-14 06:46:20,897 INFO  db.DBStoreBuilder (DBStoreBuilder.java:processTables(161)) - Using default column profile:DBProfile.DISK for Table:deletedTable
2019-07-14 06:46:20,897 INFO  db.DBStoreBuilder (DBStoreBuilder.java:addTable(110)) - using custom profile for table: openKeyTable
2019-07-14 06:46:20,897 INFO  db.DBStoreBuilder (DBStoreBuilder.java:processTables(161)) - Using default column profile:DBProfile.DISK for Table:openKeyTable
2019-07-14 06:46:20,898 INFO  db.DBStoreBuilder (DBStoreBuilder.java:addTable(110)) - using custom profile for table: s3Table
2019-07-14 06:46:20,898 INFO  db.DBStoreBuilder (DBStoreBuilder.java:processTables(161)) - Using default column profile:DBProfile.DISK for Table:s3Table
2019-07-14 06:46:20,898 INFO  db.DBStoreBuilder (DBStoreBuilder.java:addTable(110)) - using custom profile for table: multipartInfoTable
2019-07-14 06:46:20,899 INFO  db.DBStoreBuilder (DBStoreBuilder.java:processTables(161)) - Using default column profile:DBProfile.DISK for Table:multipartInfoTable
2019-07-14 06:46:20,899 INFO  db.DBStoreBuilder (DBStoreBuilder.java:addTable(110)) - using custom profile for table: dTokenTable
2019-07-14 06:46:20,899 INFO  db.DBStoreBuilder (DBStoreBuilder.java:processTables(161)) - Using default column profile:DBProfile.DISK for Table:dTokenTable
2019-07-14 06:46:20,900 INFO  db.DBStoreBuilder (DBStoreBuilder.java:addTable(110)) - using custom profile for table: s3SecretTable
2019-07-14 06:46:20,900 INFO  db.DBStoreBuilder (DBStoreBuilder.java:processTables(161)) - Using default column profile:DBProfile.DISK for Table:s3SecretTable
2019-07-14 06:46:20,901 INFO  db.DBStoreBuilder (DBStoreBuilder.java:addTable(110)) - using custom profile for table: prefixTable
2019-07-14 06:46:20,901 INFO  db.DBStoreBuilder (DBStoreBuilder.java:processTables(161)) - Using default column profile:DBProfile.DISK for Table:prefixTable
2019-07-14 06:46:20,901 INFO  db.DBStoreBuilder (DBStoreBuilder.java:addTable(110)) - using custom profile for table: default
2019-07-14 06:46:20,902 INFO  db.DBStoreBuilder (DBStoreBuilder.java:processTables(167)) - Using default column profile:DBProfile.DISK for Table:default
2019-07-14 06:46:20,902 INFO  db.DBStoreBuilder (DBStoreBuilder.java:getDbProfile(198)) - Using default options. DBProfile.DISK
2019-07-14 06:46:21,662 INFO  ipc.CallQueueManager (CallQueueManager.java:<init>(84)) - Using callQueue: class java.util.concurrent.LinkedBlockingQueue, queueCapacity: 2000, scheduler: class org.apache.hadoop.ipc.DefaultRpcScheduler, ipcBackoff: false.
2019-07-14 06:46:21,663 INFO  ipc.Server (Server.java:run(1074)) - Starting Socket Reader #1 for port 38380
2019-07-14 06:46:21,693 WARN  server.ServerUtils (ServerUtils.java:getDBPath(222)) - ozone.om.db.dirs is not configured. We recommend adding this setting. Falling back to ozone.metadata.dirs instead.
2019-07-14 06:46:21,694 INFO  om.OzoneManager (OzoneManager.java:start(1228)) - OzoneManager RPC server is listening at localhost/127.0.0.1:38380
2019-07-14 06:46:21,694 INFO  impl.MetricsSystemImpl (MetricsSystemImpl.java:init(158)) - OzoneManager metrics system started (again)
2019-07-14 06:46:21,696 INFO  ipc.Server (Server.java:run(1153)) - IPC Server listener on 38380: starting
2019-07-14 06:46:21,696 INFO  ipc.Server (Server.java:run(1314)) - IPC Server Responder: starting
2019-07-14 06:46:21,706 INFO  hdfs.DFSUtil (DFSUtil.java:httpServerTemplateForNNAndJN(1641)) - Starting Web-server for ozoneManager at: http://0.0.0.0:0
2019-07-14 06:46:21,708 INFO  server.AuthenticationFilter (AuthenticationFilter.java:constructSecretProvider(240)) - Unable to initialize FileSignerSecretProvider, falling back to use random secrets.
2019-07-14 06:46:21,709 WARN  http.HttpRequestLog (HttpRequestLog.java:getRequestLog(97)) - Jetty request log can only be enabled using Log4j
2019-07-14 06:46:21,710 INFO  http.HttpServer2 (HttpServer2.java:addGlobalFilter(975)) - Added global filter 'safety' (class=org.apache.hadoop.http.HttpServer2$QuotingInputFilter)
2019-07-14 06:46:21,711 INFO  http.HttpServer2 (HttpServer2.java:addFilter(948)) - Added filter static_user_filter (class=org.apache.hadoop.http.lib.StaticUserWebFilter$StaticUserFilter) to context ozoneManager
2019-07-14 06:46:21,712 INFO  http.HttpServer2 (HttpServer2.java:addFilter(958)) - Added filter static_user_filter (class=org.apache.hadoop.http.lib.StaticUserWebFilter$StaticUserFilter) to context logs
2019-07-14 06:46:21,712 INFO  http.HttpServer2 (HttpServer2.java:addFilter(958)) - Added filter static_user_filter (class=org.apache.hadoop.http.lib.StaticUserWebFilter$StaticUserFilter) to context static
2019-07-14 06:46:21,714 INFO  http.HttpServer2 (HttpServer2.java:bindListener(1191)) - Jetty bound to port 44309
2019-07-14 06:46:21,714 INFO  server.Server (Server.java:doStart(351)) - jetty-9.3.24.v20180605, build timestamp: 2018-06-05T17:11:56Z, git hash: 84205aa28f11a4f31f2a3b86d1bba2cc8ab69827
2019-07-14 06:46:21,716 INFO  handler.ContextHandler (ContextHandler.java:doStart(781)) - Started o.e.j.s.ServletContextHandler@3e134896{/logs,file:///tmp/workdir/hadoop-ozone/integration-test/target/log,AVAILABLE}
2019-07-14 06:46:21,716 INFO  handler.ContextHandler (ContextHandler.java:doStart(781)) - Started o.e.j.s.ServletContextHandler@2e3a5237{/static,file:///tmp/workdir/hadoop-ozone/integration-test/target/test-classes/webapps/static,AVAILABLE}
2019-07-14 06:46:21,721 INFO  handler.ContextHandler (ContextHandler.java:doStart(781)) - Started o.e.j.w.WebAppContext@5b78fdb1{/,file:///tmp/workdir/hadoop-ozone/integration-test/target/test-classes/webapps/ozoneManager/,AVAILABLE}{/ozoneManager}
2019-07-14 06:46:21,722 INFO  server.AbstractConnector (AbstractConnector.java:doStart(278)) - Started ServerConnector@48bfb884{HTTP/1.1,[http/1.1]}{0.0.0.0:44309}
2019-07-14 06:46:21,722 INFO  server.Server (Server.java:doStart(419)) - Started @3747ms
2019-07-14 06:46:21,723 INFO  server.BaseHttpServer (BaseHttpServer.java:updateConnectorAddress(207)) - HTTP server of OZONEMANAGER is listening at http://0.0.0.0:44309
2019-07-14 06:46:22,010 INFO  impl.MetricsSystemImpl (MetricsSystemImpl.java:init(158)) - HddsDatanode metrics system started (again)
2019-07-14 06:46:22,095 INFO  ozone.HddsDatanodeService (HddsDatanodeService.java:start(185)) - HddsDatanodeService host:trunk-nightly-8c95p-1540871953 ip:192.168.5.144
2019-07-14 06:46:22,128 INFO  volume.HddsVolume (HddsVolume.java:<init>(176)) - Creating Volume: /tmp/workdir/hadoop-ozone/integration-test/target/test-dir/MiniOzoneClusterImpl-b7fcffd9-8ec7-477d-bf8a-1f2a2d93b531/datanode-0/data/containers/hdds of  storage type : DISK and capacity : 52710309888
2019-07-14 06:46:22,130 INFO  volume.VolumeSet (VolumeSet.java:initializeVolumeSet(170)) - Added Volume : /tmp/workdir/hadoop-ozone/integration-test/target/test-dir/MiniOzoneClusterImpl-b7fcffd9-8ec7-477d-bf8a-1f2a2d93b531/datanode-0/data/containers/hdds to VolumeSet
2019-07-14 06:46:22,133 INFO  volume.ThrottledAsyncChecker (ThrottledAsyncChecker.java:schedule(140)) - Scheduling a check for org.apache.hadoop.ozone.container.common.volume.HddsVolume@1f52eb6f
2019-07-14 06:46:22,151 INFO  volume.HddsVolumeChecker (HddsVolumeChecker.java:checkAllVolumes(203)) - Scheduled health check for volume org.apache.hadoop.ozone.container.common.volume.HddsVolume@1f52eb6f
2019-07-14 06:46:22,271 INFO  impl.RaftServerProxy (ConfUtils.java:logGet(43)) - raft.rpc.type = GRPC (default)
2019-07-14 06:46:22,342 INFO  grpc.GrpcFactory (GrpcFactory.java:checkPooledByteBufAllocatorUseCacheForAllThreads(45)) - PERFORMANCE WARNING: useCacheForAllThreads is true that may cause Netty to create a lot garbage objects and, as a result, trigger GC.
	It is recommended to disable useCacheForAllThreads by setting -Dorg.apache.ratis.thirdparty.io.netty.allocator.useCacheForAllThreads=false in command line.
2019-07-14 06:46:22,347 INFO  grpc.GrpcConfigKeys$Server (ConfUtils.java:logGet(43)) - raft.grpc.server.port = 0 (default)
2019-07-14 06:46:22,348 INFO  server.GrpcService (ConfUtils.java:logGet(43)) - raft.grpc.message.size.max = 33570816 (custom)
2019-07-14 06:46:22,349 INFO  server.RaftServerConfigKeys (ConfUtils.java:logGet(43)) - raft.server.log.appender.buffer.byte-limit = 33554432 (custom)
2019-07-14 06:46:22,350 INFO  server.GrpcService (ConfUtils.java:logGet(43)) - raft.grpc.flow.control.window = 1MB (=1048576) (default)
2019-07-14 06:46:22,351 INFO  server.RaftServerConfigKeys (ConfUtils.java:logGet(43)) - raft.server.rpc.request.timeout = 3000ms (default)
2019-07-14 06:46:22,572 INFO  server.RaftServerConfigKeys (ConfUtils.java:logGet(43)) - raft.server.storage.dir = [/tmp/workdir/hadoop-ozone/integration-test/target/test-dir/MiniOzoneClusterImpl-b7fcffd9-8ec7-477d-bf8a-1f2a2d93b531/datanode-0/data/ratis] (custom)
2019-07-14 06:46:22,612 INFO  replication.SimpleContainerDownloader (SimpleContainerDownloader.java:<init>(72)) - Starting container downloader service to copy containers to replicate.
2019-07-14 06:46:22,626 INFO  hdfs.DFSUtil (DFSUtil.java:httpServerTemplateForNNAndJN(1641)) - Starting Web-server for hddsDatanode at: http://0.0.0.0:0
2019-07-14 06:46:22,628 INFO  server.AuthenticationFilter (AuthenticationFilter.java:constructSecretProvider(240)) - Unable to initialize FileSignerSecretProvider, falling back to use random secrets.
2019-07-14 06:46:22,629 WARN  http.HttpRequestLog (HttpRequestLog.java:getRequestLog(97)) - Jetty request log can only be enabled using Log4j
2019-07-14 06:46:22,631 INFO  http.HttpServer2 (HttpServer2.java:addGlobalFilter(975)) - Added global filter 'safety' (class=org.apache.hadoop.http.HttpServer2$QuotingInputFilter)
2019-07-14 06:46:22,632 INFO  http.HttpServer2 (HttpServer2.java:addFilter(948)) - Added filter static_user_filter (class=org.apache.hadoop.http.lib.StaticUserWebFilter$StaticUserFilter) to context hddsDatanode
2019-07-14 06:46:22,632 INFO  http.HttpServer2 (HttpServer2.java:addFilter(958)) - Added filter static_user_filter (class=org.apache.hadoop.http.lib.StaticUserWebFilter$StaticUserFilter) to context static
2019-07-14 06:46:22,632 INFO  http.HttpServer2 (HttpServer2.java:addFilter(958)) - Added filter static_user_filter (class=org.apache.hadoop.http.lib.StaticUserWebFilter$StaticUserFilter) to context logs
2019-07-14 06:46:22,633 INFO  http.HttpServer2 (HttpServer2.java:bindListener(1191)) - Jetty bound to port 33891
2019-07-14 06:46:22,634 INFO  server.Server (Server.java:doStart(351)) - jetty-9.3.24.v20180605, build timestamp: 2018-06-05T17:11:56Z, git hash: 84205aa28f11a4f31f2a3b86d1bba2cc8ab69827
2019-07-14 06:46:22,636 INFO  handler.ContextHandler (ContextHandler.java:doStart(781)) - Started o.e.j.s.ServletContextHandler@761956ac{/logs,file:///tmp/workdir/hadoop-ozone/integration-test/target/log,AVAILABLE}
2019-07-14 06:46:22,637 INFO  handler.ContextHandler (ContextHandler.java:doStart(781)) - Started o.e.j.s.ServletContextHandler@304d0259{/static,jar:file:/home/user/.m2/repository/org/apache/hadoop/hadoop-hdds-container-service/0.5.0-SNAPSHOT/hadoop-hdds-container-service-0.5.0-SNAPSHOT.jar!/webapps/static,AVAILABLE}
2019-07-14 06:46:22,672 INFO  handler.ContextHandler (ContextHandler.java:doStart(781)) - Started o.e.j.w.WebAppContext@124ac145{/,file:///tmp/jetty-0.0.0.0-33891-hddsDatanode-_-any-6926314884917365464.dir/webapp/,AVAILABLE}{/hddsDatanode}
2019-07-14 06:46:22,673 INFO  server.AbstractConnector (AbstractConnector.java:doStart(278)) - Started ServerConnector@2def7a7a{HTTP/1.1,[http/1.1]}{0.0.0.0:33891}
2019-07-14 06:46:22,674 INFO  server.Server (Server.java:doStart(419)) - Started @4698ms
2019-07-14 06:46:22,676 INFO  server.BaseHttpServer (BaseHttpServer.java:updateConnectorAddress(207)) - HTTP server of HDDSDATANODE is listening at http://0.0.0.0:33891
2019-07-14 06:46:23,752 INFO  ozone.HddsDatanodeService (HddsDatanodeService.java:startPlugins(396)) - Started plug-in org.apache.hadoop.ozone.web.OzoneHddsDatanodeService@69f2cb04
2019-07-14 06:46:23,753 INFO  impl.MetricsSystemImpl (MetricsSystemImpl.java:init(158)) - HddsDatanode metrics system started (again)
2019-07-14 06:46:23,754 INFO  ozone.HddsDatanodeService (HddsDatanodeService.java:start(185)) - HddsDatanodeService host:trunk-nightly-8c95p-1540871953 ip:192.168.5.144
2019-07-14 06:46:23,759 INFO  util.JvmPauseMonitor (JvmPauseMonitor.java:run(188)) - Starting JVM pause monitor
2019-07-14 06:46:23,762 INFO  volume.HddsVolume (HddsVolume.java:<init>(176)) - Creating Volume: /tmp/workdir/hadoop-ozone/integration-test/target/test-dir/MiniOzoneClusterImpl-b7fcffd9-8ec7-477d-bf8a-1f2a2d93b531/datanode-1/data/containers/hdds of  storage type : DISK and capacity : 52710309888
2019-07-14 06:46:23,762 INFO  volume.VolumeSet (VolumeSet.java:initializeVolumeSet(170)) - Added Volume : /tmp/workdir/hadoop-ozone/integration-test/target/test-dir/MiniOzoneClusterImpl-b7fcffd9-8ec7-477d-bf8a-1f2a2d93b531/datanode-1/data/containers/hdds to VolumeSet
2019-07-14 06:46:23,763 INFO  volume.ThrottledAsyncChecker (ThrottledAsyncChecker.java:schedule(140)) - Scheduling a check for org.apache.hadoop.ozone.container.common.volume.HddsVolume@656a3d6b
2019-07-14 06:46:23,764 INFO  volume.HddsVolumeChecker (HddsVolumeChecker.java:checkAllVolumes(203)) - Scheduled health check for volume org.apache.hadoop.ozone.container.common.volume.HddsVolume@656a3d6b
2019-07-14 06:46:23,782 INFO  impl.RaftServerProxy (ConfUtils.java:logGet(43)) - raft.rpc.type = GRPC (default)
2019-07-14 06:46:23,782 INFO  grpc.GrpcFactory (GrpcFactory.java:checkPooledByteBufAllocatorUseCacheForAllThreads(45)) - PERFORMANCE WARNING: useCacheForAllThreads is true that may cause Netty to create a lot garbage objects and, as a result, trigger GC.
	It is recommended to disable useCacheForAllThreads by setting -Dorg.apache.ratis.thirdparty.io.netty.allocator.useCacheForAllThreads=false in command line.
2019-07-14 06:46:23,782 INFO  grpc.GrpcConfigKeys$Server (ConfUtils.java:logGet(43)) - raft.grpc.server.port = 0 (default)
2019-07-14 06:46:23,783 INFO  server.GrpcService (ConfUtils.java:logGet(43)) - raft.grpc.message.size.max = 33570816 (custom)
2019-07-14 06:46:23,783 INFO  server.RaftServerConfigKeys (ConfUtils.java:logGet(43)) - raft.server.log.appender.buffer.byte-limit = 33554432 (custom)
2019-07-14 06:46:23,783 INFO  server.GrpcService (ConfUtils.java:logGet(43)) - raft.grpc.flow.control.window = 1MB (=1048576) (default)
2019-07-14 06:46:23,783 INFO  server.RaftServerConfigKeys (ConfUtils.java:logGet(43)) - raft.server.rpc.request.timeout = 3000ms (default)
2019-07-14 06:46:23,784 INFO  server.RaftServerConfigKeys (ConfUtils.java:logGet(43)) - raft.server.storage.dir = [/tmp/workdir/hadoop-ozone/integration-test/target/test-dir/MiniOzoneClusterImpl-b7fcffd9-8ec7-477d-bf8a-1f2a2d93b531/datanode-1/data/ratis] (custom)
2019-07-14 06:46:23,785 INFO  replication.SimpleContainerDownloader (SimpleContainerDownloader.java:<init>(72)) - Starting container downloader service to copy containers to replicate.
2019-07-14 06:46:23,786 INFO  hdfs.DFSUtil (DFSUtil.java:httpServerTemplateForNNAndJN(1641)) - Starting Web-server for hddsDatanode at: http://0.0.0.0:0
2019-07-14 06:46:23,788 INFO  server.AuthenticationFilter (AuthenticationFilter.java:constructSecretProvider(240)) - Unable to initialize FileSignerSecretProvider, falling back to use random secrets.
2019-07-14 06:46:23,789 WARN  http.HttpRequestLog (HttpRequestLog.java:getRequestLog(97)) - Jetty request log can only be enabled using Log4j
2019-07-14 06:46:23,792 INFO  http.HttpServer2 (HttpServer2.java:addGlobalFilter(975)) - Added global filter 'safety' (class=org.apache.hadoop.http.HttpServer2$QuotingInputFilter)
2019-07-14 06:46:23,793 INFO  http.HttpServer2 (HttpServer2.java:addFilter(948)) - Added filter static_user_filter (class=org.apache.hadoop.http.lib.StaticUserWebFilter$StaticUserFilter) to context hddsDatanode
2019-07-14 06:46:23,793 INFO  http.HttpServer2 (HttpServer2.java:addFilter(958)) - Added filter static_user_filter (class=org.apache.hadoop.http.lib.StaticUserWebFilter$StaticUserFilter) to context static
2019-07-14 06:46:23,794 INFO  http.HttpServer2 (HttpServer2.java:addFilter(958)) - Added filter static_user_filter (class=org.apache.hadoop.http.lib.StaticUserWebFilter$StaticUserFilter) to context logs
2019-07-14 06:46:23,795 INFO  http.HttpServer2 (HttpServer2.java:bindListener(1191)) - Jetty bound to port 46782
2019-07-14 06:46:23,795 INFO  server.Server (Server.java:doStart(351)) - jetty-9.3.24.v20180605, build timestamp: 2018-06-05T17:11:56Z, git hash: 84205aa28f11a4f31f2a3b86d1bba2cc8ab69827
2019-07-14 06:46:23,797 INFO  handler.ContextHandler (ContextHandler.java:doStart(781)) - Started o.e.j.s.ServletContextHandler@733fb462{/logs,file:///tmp/workdir/hadoop-ozone/integration-test/target/log,AVAILABLE}
2019-07-14 06:46:23,798 INFO  handler.ContextHandler (ContextHandler.java:doStart(781)) - Started o.e.j.s.ServletContextHandler@359066bc{/static,jar:file:/home/user/.m2/repository/org/apache/hadoop/hadoop-hdds-container-service/0.5.0-SNAPSHOT/hadoop-hdds-container-service-0.5.0-SNAPSHOT.jar!/webapps/static,AVAILABLE}
2019-07-14 06:46:23,837 INFO  handler.ContextHandler (ContextHandler.java:doStart(781)) - Started o.e.j.w.WebAppContext@2a8b33ba{/,file:///tmp/jetty-0.0.0.0-46782-hddsDatanode-_-any-5126760037201337157.dir/webapp/,AVAILABLE}{/hddsDatanode}
2019-07-14 06:46:23,839 INFO  server.AbstractConnector (AbstractConnector.java:doStart(278)) - Started ServerConnector@4e8b357d{HTTP/1.1,[http/1.1]}{0.0.0.0:46782}
2019-07-14 06:46:23,840 INFO  server.Server (Server.java:doStart(419)) - Started @5863ms
2019-07-14 06:46:23,841 INFO  server.BaseHttpServer (BaseHttpServer.java:updateConnectorAddress(207)) - HTTP server of HDDSDATANODE is listening at http://0.0.0.0:46782
2019-07-14 06:46:23,903 INFO  datanode.InitDatanodeState (InitDatanodeState.java:persistContainerDatanodeDetails(140)) - DatanodeDetails is persisted to /tmp/workdir/hadoop-ozone/integration-test/target/test-dir/MiniOzoneClusterImpl-b7fcffd9-8ec7-477d-bf8a-1f2a2d93b531/datanode-0/meta/datanode.id
2019-07-14 06:46:24,029 INFO  ozone.HddsDatanodeService (HddsDatanodeService.java:startPlugins(396)) - Started plug-in org.apache.hadoop.ozone.web.OzoneHddsDatanodeService@6097fca9
2019-07-14 06:46:24,029 INFO  impl.MetricsSystemImpl (MetricsSystemImpl.java:init(158)) - HddsDatanode metrics system started (again)
2019-07-14 06:46:24,029 INFO  ozone.HddsDatanodeService (HddsDatanodeService.java:start(185)) - HddsDatanodeService host:trunk-nightly-8c95p-1540871953 ip:192.168.5.144
2019-07-14 06:46:24,031 INFO  util.JvmPauseMonitor (JvmPauseMonitor.java:run(188)) - Starting JVM pause monitor
2019-07-14 06:46:24,037 INFO  volume.HddsVolume (HddsVolume.java:<init>(176)) - Creating Volume: /tmp/workdir/hadoop-ozone/integration-test/target/test-dir/MiniOzoneClusterImpl-b7fcffd9-8ec7-477d-bf8a-1f2a2d93b531/datanode-2/data/containers/hdds of  storage type : DISK and capacity : 52710309888
2019-07-14 06:46:24,037 INFO  volume.VolumeSet (VolumeSet.java:initializeVolumeSet(170)) - Added Volume : /tmp/workdir/hadoop-ozone/integration-test/target/test-dir/MiniOzoneClusterImpl-b7fcffd9-8ec7-477d-bf8a-1f2a2d93b531/datanode-2/data/containers/hdds to VolumeSet
2019-07-14 06:46:24,037 INFO  volume.ThrottledAsyncChecker (ThrottledAsyncChecker.java:schedule(140)) - Scheduling a check for org.apache.hadoop.ozone.container.common.volume.HddsVolume@6371cf2f
2019-07-14 06:46:24,038 INFO  volume.HddsVolumeChecker (HddsVolumeChecker.java:checkAllVolumes(203)) - Scheduled health check for volume org.apache.hadoop.ozone.container.common.volume.HddsVolume@6371cf2f
2019-07-14 06:46:24,038 INFO  datanode.InitDatanodeState (InitDatanodeState.java:persistContainerDatanodeDetails(140)) - DatanodeDetails is persisted to /tmp/workdir/hadoop-ozone/integration-test/target/test-dir/MiniOzoneClusterImpl-b7fcffd9-8ec7-477d-bf8a-1f2a2d93b531/datanode-1/meta/datanode.id
2019-07-14 06:46:24,052 INFO  impl.RaftServerProxy (ConfUtils.java:logGet(43)) - raft.rpc.type = GRPC (default)
2019-07-14 06:46:24,053 INFO  grpc.GrpcFactory (GrpcFactory.java:checkPooledByteBufAllocatorUseCacheForAllThreads(45)) - PERFORMANCE WARNING: useCacheForAllThreads is true that may cause Netty to create a lot garbage objects and, as a result, trigger GC.
	It is recommended to disable useCacheForAllThreads by setting -Dorg.apache.ratis.thirdparty.io.netty.allocator.useCacheForAllThreads=false in command line.
2019-07-14 06:46:24,053 INFO  grpc.GrpcConfigKeys$Server (ConfUtils.java:logGet(43)) - raft.grpc.server.port = 0 (default)
2019-07-14 06:46:24,053 INFO  server.GrpcService (ConfUtils.java:logGet(43)) - raft.grpc.message.size.max = 33570816 (custom)
2019-07-14 06:46:24,053 INFO  server.RaftServerConfigKeys (ConfUtils.java:logGet(43)) - raft.server.log.appender.buffer.byte-limit = 33554432 (custom)
2019-07-14 06:46:24,054 INFO  server.GrpcService (ConfUtils.java:logGet(43)) - raft.grpc.flow.control.window = 1MB (=1048576) (default)
2019-07-14 06:46:24,054 INFO  server.RaftServerConfigKeys (ConfUtils.java:logGet(43)) - raft.server.rpc.request.timeout = 3000ms (default)
2019-07-14 06:46:24,054 INFO  server.RaftServerConfigKeys (ConfUtils.java:logGet(43)) - raft.server.storage.dir = [/tmp/workdir/hadoop-ozone/integration-test/target/test-dir/MiniOzoneClusterImpl-b7fcffd9-8ec7-477d-bf8a-1f2a2d93b531/datanode-2/data/ratis] (custom)
2019-07-14 06:46:24,055 INFO  replication.SimpleContainerDownloader (SimpleContainerDownloader.java:<init>(72)) - Starting container downloader service to copy containers to replicate.
2019-07-14 06:46:24,057 INFO  hdfs.DFSUtil (DFSUtil.java:httpServerTemplateForNNAndJN(1641)) - Starting Web-server for hddsDatanode at: http://0.0.0.0:0
2019-07-14 06:46:24,059 INFO  server.AuthenticationFilter (AuthenticationFilter.java:constructSecretProvider(240)) - Unable to initialize FileSignerSecretProvider, falling back to use random secrets.
2019-07-14 06:46:24,059 WARN  http.HttpRequestLog (HttpRequestLog.java:getRequestLog(97)) - Jetty request log can only be enabled using Log4j
2019-07-14 06:46:24,061 INFO  http.HttpServer2 (HttpServer2.java:addGlobalFilter(975)) - Added global filter 'safety' (class=org.apache.hadoop.http.HttpServer2$QuotingInputFilter)
2019-07-14 06:46:24,061 INFO  http.HttpServer2 (HttpServer2.java:addFilter(948)) - Added filter static_user_filter (class=org.apache.hadoop.http.lib.StaticUserWebFilter$StaticUserFilter) to context hddsDatanode
2019-07-14 06:46:24,062 INFO  http.HttpServer2 (HttpServer2.java:addFilter(958)) - Added filter static_user_filter (class=org.apache.hadoop.http.lib.StaticUserWebFilter$StaticUserFilter) to context logs
2019-07-14 06:46:24,062 INFO  http.HttpServer2 (HttpServer2.java:addFilter(958)) - Added filter static_user_filter (class=org.apache.hadoop.http.lib.StaticUserWebFilter$StaticUserFilter) to context static
2019-07-14 06:46:24,063 INFO  http.HttpServer2 (HttpServer2.java:bindListener(1191)) - Jetty bound to port 37968
2019-07-14 06:46:24,063 INFO  server.Server (Server.java:doStart(351)) - jetty-9.3.24.v20180605, build timestamp: 2018-06-05T17:11:56Z, git hash: 84205aa28f11a4f31f2a3b86d1bba2cc8ab69827
2019-07-14 06:46:24,066 INFO  handler.ContextHandler (ContextHandler.java:doStart(781)) - Started o.e.j.s.ServletContextHandler@3b97907c{/logs,file:///tmp/workdir/hadoop-ozone/integration-test/target/log,AVAILABLE}
2019-07-14 06:46:24,067 INFO  handler.ContextHandler (ContextHandler.java:doStart(781)) - Started o.e.j.s.ServletContextHandler@631c6d11{/static,jar:file:/home/user/.m2/repository/org/apache/hadoop/hadoop-hdds-container-service/0.5.0-SNAPSHOT/hadoop-hdds-container-service-0.5.0-SNAPSHOT.jar!/webapps/static,AVAILABLE}
2019-07-14 06:46:24,096 INFO  handler.ContextHandler (ContextHandler.java:doStart(781)) - Started o.e.j.w.WebAppContext@61608e1a{/,file:///tmp/jetty-0.0.0.0-37968-hddsDatanode-_-any-4107190638947891499.dir/webapp/,AVAILABLE}{/hddsDatanode}
2019-07-14 06:46:24,097 INFO  server.AbstractConnector (AbstractConnector.java:doStart(278)) - Started ServerConnector@7c46c9c3{HTTP/1.1,[http/1.1]}{0.0.0.0:37968}
2019-07-14 06:46:24,098 INFO  server.Server (Server.java:doStart(419)) - Started @6122ms
2019-07-14 06:46:24,099 INFO  server.BaseHttpServer (BaseHttpServer.java:updateConnectorAddress(207)) - HTTP server of HDDSDATANODE is listening at http://0.0.0.0:37968
2019-07-14 06:46:24,234 INFO  ozone.HddsDatanodeService (HddsDatanodeService.java:startPlugins(396)) - Started plug-in org.apache.hadoop.ozone.web.OzoneHddsDatanodeService@4026461d
2019-07-14 06:46:24,234 INFO  impl.MetricsSystemImpl (MetricsSystemImpl.java:init(158)) - HddsDatanode metrics system started (again)
2019-07-14 06:46:24,235 INFO  ozone.HddsDatanodeService (HddsDatanodeService.java:start(185)) - HddsDatanodeService host:trunk-nightly-8c95p-1540871953 ip:192.168.5.144
2019-07-14 06:46:24,237 INFO  util.JvmPauseMonitor (JvmPauseMonitor.java:run(188)) - Starting JVM pause monitor
2019-07-14 06:46:24,240 INFO  datanode.InitDatanodeState (InitDatanodeState.java:persistContainerDatanodeDetails(140)) - DatanodeDetails is persisted to /tmp/workdir/hadoop-ozone/integration-test/target/test-dir/MiniOzoneClusterImpl-b7fcffd9-8ec7-477d-bf8a-1f2a2d93b531/datanode-2/meta/datanode.id
2019-07-14 06:46:24,246 INFO  volume.HddsVolume (HddsVolume.java:<init>(176)) - Creating Volume: /tmp/workdir/hadoop-ozone/integration-test/target/test-dir/MiniOzoneClusterImpl-b7fcffd9-8ec7-477d-bf8a-1f2a2d93b531/datanode-3/data/containers/hdds of  storage type : DISK and capacity : 52710309888
2019-07-14 06:46:24,246 INFO  volume.VolumeSet (VolumeSet.java:initializeVolumeSet(170)) - Added Volume : /tmp/workdir/hadoop-ozone/integration-test/target/test-dir/MiniOzoneClusterImpl-b7fcffd9-8ec7-477d-bf8a-1f2a2d93b531/datanode-3/data/containers/hdds to VolumeSet
2019-07-14 06:46:24,246 INFO  volume.ThrottledAsyncChecker (ThrottledAsyncChecker.java:schedule(140)) - Scheduling a check for org.apache.hadoop.ozone.container.common.volume.HddsVolume@57bd6a8f
2019-07-14 06:46:24,247 INFO  volume.HddsVolumeChecker (HddsVolumeChecker.java:checkAllVolumes(203)) - Scheduled health check for volume org.apache.hadoop.ozone.container.common.volume.HddsVolume@57bd6a8f
2019-07-14 06:46:24,263 INFO  impl.RaftServerProxy (ConfUtils.java:logGet(43)) - raft.rpc.type = GRPC (default)
2019-07-14 06:46:24,264 INFO  grpc.GrpcFactory (GrpcFactory.java:checkPooledByteBufAllocatorUseCacheForAllThreads(45)) - PERFORMANCE WARNING: useCacheForAllThreads is true that may cause Netty to create a lot garbage objects and, as a result, trigger GC.
	It is recommended to disable useCacheForAllThreads by setting -Dorg.apache.ratis.thirdparty.io.netty.allocator.useCacheForAllThreads=false in command line.
2019-07-14 06:46:24,264 INFO  grpc.GrpcConfigKeys$Server (ConfUtils.java:logGet(43)) - raft.grpc.server.port = 0 (default)
2019-07-14 06:46:24,264 INFO  server.GrpcService (ConfUtils.java:logGet(43)) - raft.grpc.message.size.max = 33570816 (custom)
2019-07-14 06:46:24,264 INFO  server.RaftServerConfigKeys (ConfUtils.java:logGet(43)) - raft.server.log.appender.buffer.byte-limit = 33554432 (custom)
2019-07-14 06:46:24,265 INFO  server.GrpcService (ConfUtils.java:logGet(43)) - raft.grpc.flow.control.window = 1MB (=1048576) (default)
2019-07-14 06:46:24,265 INFO  server.RaftServerConfigKeys (ConfUtils.java:logGet(43)) - raft.server.rpc.request.timeout = 3000ms (default)
2019-07-14 06:46:24,265 INFO  server.RaftServerConfigKeys (ConfUtils.java:logGet(43)) - raft.server.storage.dir = [/tmp/workdir/hadoop-ozone/integration-test/target/test-dir/MiniOzoneClusterImpl-b7fcffd9-8ec7-477d-bf8a-1f2a2d93b531/datanode-3/data/ratis] (custom)
2019-07-14 06:46:24,266 INFO  replication.SimpleContainerDownloader (SimpleContainerDownloader.java:<init>(72)) - Starting container downloader service to copy containers to replicate.
2019-07-14 06:46:24,267 INFO  hdfs.DFSUtil (DFSUtil.java:httpServerTemplateForNNAndJN(1641)) - Starting Web-server for hddsDatanode at: http://0.0.0.0:0
2019-07-14 06:46:24,269 INFO  server.AuthenticationFilter (AuthenticationFilter.java:constructSecretProvider(240)) - Unable to initialize FileSignerSecretProvider, falling back to use random secrets.
2019-07-14 06:46:24,270 WARN  http.HttpRequestLog (HttpRequestLog.java:getRequestLog(97)) - Jetty request log can only be enabled using Log4j
2019-07-14 06:46:24,273 INFO  http.HttpServer2 (HttpServer2.java:addGlobalFilter(975)) - Added global filter 'safety' (class=org.apache.hadoop.http.HttpServer2$QuotingInputFilter)
2019-07-14 06:46:24,274 INFO  http.HttpServer2 (HttpServer2.java:addFilter(948)) - Added filter static_user_filter (class=org.apache.hadoop.http.lib.StaticUserWebFilter$StaticUserFilter) to context hddsDatanode
2019-07-14 06:46:24,274 INFO  http.HttpServer2 (HttpServer2.java:addFilter(958)) - Added filter static_user_filter (class=org.apache.hadoop.http.lib.StaticUserWebFilter$StaticUserFilter) to context static
2019-07-14 06:46:24,274 INFO  http.HttpServer2 (HttpServer2.java:addFilter(958)) - Added filter static_user_filter (class=org.apache.hadoop.http.lib.StaticUserWebFilter$StaticUserFilter) to context logs
2019-07-14 06:46:24,275 INFO  http.HttpServer2 (HttpServer2.java:bindListener(1191)) - Jetty bound to port 38946
2019-07-14 06:46:24,275 INFO  server.Server (Server.java:doStart(351)) - jetty-9.3.24.v20180605, build timestamp: 2018-06-05T17:11:56Z, git hash: 84205aa28f11a4f31f2a3b86d1bba2cc8ab69827
2019-07-14 06:46:24,278 INFO  handler.ContextHandler (ContextHandler.java:doStart(781)) - Started o.e.j.s.ServletContextHandler@5f395ce1{/logs,file:///tmp/workdir/hadoop-ozone/integration-test/target/log,AVAILABLE}
2019-07-14 06:46:24,279 INFO  handler.ContextHandler (ContextHandler.java:doStart(781)) - Started o.e.j.s.ServletContextHandler@1e30db85{/static,jar:file:/home/user/.m2/repository/org/apache/hadoop/hadoop-hdds-container-service/0.5.0-SNAPSHOT/hadoop-hdds-container-service-0.5.0-SNAPSHOT.jar!/webapps/static,AVAILABLE}
2019-07-14 06:46:24,317 INFO  handler.ContextHandler (ContextHandler.java:doStart(781)) - Started o.e.j.w.WebAppContext@1e00bfe2{/,file:///tmp/jetty-0.0.0.0-38946-hddsDatanode-_-any-5511393724363645736.dir/webapp/,AVAILABLE}{/hddsDatanode}
2019-07-14 06:46:24,318 INFO  server.AbstractConnector (AbstractConnector.java:doStart(278)) - Started ServerConnector@4702e7a5{HTTP/1.1,[http/1.1]}{0.0.0.0:38946}
2019-07-14 06:46:24,319 INFO  server.Server (Server.java:doStart(419)) - Started @6343ms
2019-07-14 06:46:24,321 INFO  server.BaseHttpServer (BaseHttpServer.java:updateConnectorAddress(207)) - HTTP server of HDDSDATANODE is listening at http://0.0.0.0:38946
2019-07-14 06:46:24,459 INFO  ozone.HddsDatanodeService (HddsDatanodeService.java:startPlugins(396)) - Started plug-in org.apache.hadoop.ozone.web.OzoneHddsDatanodeService@1bd8afc8
2019-07-14 06:46:24,460 INFO  impl.MetricsSystemImpl (MetricsSystemImpl.java:init(158)) - HddsDatanode metrics system started (again)
2019-07-14 06:46:24,461 INFO  ozone.HddsDatanodeService (HddsDatanodeService.java:start(185)) - HddsDatanodeService host:trunk-nightly-8c95p-1540871953 ip:192.168.5.144
2019-07-14 06:46:24,461 INFO  util.JvmPauseMonitor (JvmPauseMonitor.java:run(188)) - Starting JVM pause monitor
2019-07-14 06:46:24,463 INFO  datanode.InitDatanodeState (InitDatanodeState.java:persistContainerDatanodeDetails(140)) - DatanodeDetails is persisted to /tmp/workdir/hadoop-ozone/integration-test/target/test-dir/MiniOzoneClusterImpl-b7fcffd9-8ec7-477d-bf8a-1f2a2d93b531/datanode-3/meta/datanode.id
2019-07-14 06:46:24,470 INFO  volume.HddsVolume (HddsVolume.java:<init>(176)) - Creating Volume: /tmp/workdir/hadoop-ozone/integration-test/target/test-dir/MiniOzoneClusterImpl-b7fcffd9-8ec7-477d-bf8a-1f2a2d93b531/datanode-4/data/containers/hdds of  storage type : DISK and capacity : 52710309888
2019-07-14 06:46:24,471 INFO  volume.VolumeSet (VolumeSet.java:initializeVolumeSet(170)) - Added Volume : /tmp/workdir/hadoop-ozone/integration-test/target/test-dir/MiniOzoneClusterImpl-b7fcffd9-8ec7-477d-bf8a-1f2a2d93b531/datanode-4/data/containers/hdds to VolumeSet
2019-07-14 06:46:24,471 INFO  volume.ThrottledAsyncChecker (ThrottledAsyncChecker.java:schedule(140)) - Scheduling a check for org.apache.hadoop.ozone.container.common.volume.HddsVolume@77a0dd63
2019-07-14 06:46:24,472 INFO  volume.HddsVolumeChecker (HddsVolumeChecker.java:checkAllVolumes(203)) - Scheduled health check for volume org.apache.hadoop.ozone.container.common.volume.HddsVolume@77a0dd63
2019-07-14 06:46:24,494 INFO  impl.RaftServerProxy (ConfUtils.java:logGet(43)) - raft.rpc.type = GRPC (default)
2019-07-14 06:46:24,494 INFO  grpc.GrpcFactory (GrpcFactory.java:checkPooledByteBufAllocatorUseCacheForAllThreads(45)) - PERFORMANCE WARNING: useCacheForAllThreads is true that may cause Netty to create a lot garbage objects and, as a result, trigger GC.
	It is recommended to disable useCacheForAllThreads by setting -Dorg.apache.ratis.thirdparty.io.netty.allocator.useCacheForAllThreads=false in command line.
2019-07-14 06:46:24,495 INFO  grpc.GrpcConfigKeys$Server (ConfUtils.java:logGet(43)) - raft.grpc.server.port = 0 (default)
2019-07-14 06:46:24,495 INFO  server.GrpcService (ConfUtils.java:logGet(43)) - raft.grpc.message.size.max = 33570816 (custom)
2019-07-14 06:46:24,495 INFO  server.RaftServerConfigKeys (ConfUtils.java:logGet(43)) - raft.server.log.appender.buffer.byte-limit = 33554432 (custom)
2019-07-14 06:46:24,496 INFO  server.GrpcService (ConfUtils.java:logGet(43)) - raft.grpc.flow.control.window = 1MB (=1048576) (default)
2019-07-14 06:46:24,496 INFO  server.RaftServerConfigKeys (ConfUtils.java:logGet(43)) - raft.server.rpc.request.timeout = 3000ms (default)
2019-07-14 06:46:24,497 INFO  server.RaftServerConfigKeys (ConfUtils.java:logGet(43)) - raft.server.storage.dir = [/tmp/workdir/hadoop-ozone/integration-test/target/test-dir/MiniOzoneClusterImpl-b7fcffd9-8ec7-477d-bf8a-1f2a2d93b531/datanode-4/data/ratis] (custom)
2019-07-14 06:46:24,498 INFO  replication.SimpleContainerDownloader (SimpleContainerDownloader.java:<init>(72)) - Starting container downloader service to copy containers to replicate.
2019-07-14 06:46:24,499 INFO  hdfs.DFSUtil (DFSUtil.java:httpServerTemplateForNNAndJN(1641)) - Starting Web-server for hddsDatanode at: http://0.0.0.0:0
2019-07-14 06:46:24,501 INFO  server.AuthenticationFilter (AuthenticationFilter.java:constructSecretProvider(240)) - Unable to initialize FileSignerSecretProvider, falling back to use random secrets.
2019-07-14 06:46:24,501 WARN  http.HttpRequestLog (HttpRequestLog.java:getRequestLog(97)) - Jetty request log can only be enabled using Log4j
2019-07-14 06:46:24,503 INFO  http.HttpServer2 (HttpServer2.java:addGlobalFilter(975)) - Added global filter 'safety' (class=org.apache.hadoop.http.HttpServer2$QuotingInputFilter)
2019-07-14 06:46:24,504 INFO  http.HttpServer2 (HttpServer2.java:addFilter(948)) - Added filter static_user_filter (class=org.apache.hadoop.http.lib.StaticUserWebFilter$StaticUserFilter) to context hddsDatanode
2019-07-14 06:46:24,505 INFO  http.HttpServer2 (HttpServer2.java:addFilter(958)) - Added filter static_user_filter (class=org.apache.hadoop.http.lib.StaticUserWebFilter$StaticUserFilter) to context static
2019-07-14 06:46:24,505 INFO  http.HttpServer2 (HttpServer2.java:addFilter(958)) - Added filter static_user_filter (class=org.apache.hadoop.http.lib.StaticUserWebFilter$StaticUserFilter) to context logs
2019-07-14 06:46:24,506 INFO  http.HttpServer2 (HttpServer2.java:bindListener(1191)) - Jetty bound to port 38354
2019-07-14 06:46:24,506 INFO  server.Server (Server.java:doStart(351)) - jetty-9.3.24.v20180605, build timestamp: 2018-06-05T17:11:56Z, git hash: 84205aa28f11a4f31f2a3b86d1bba2cc8ab69827
2019-07-14 06:46:24,511 INFO  handler.ContextHandler (ContextHandler.java:doStart(781)) - Started o.e.j.s.ServletContextHandler@7aa01bd9{/logs,file:///tmp/workdir/hadoop-ozone/integration-test/target/log,AVAILABLE}
2019-07-14 06:46:24,512 INFO  handler.ContextHandler (ContextHandler.java:doStart(781)) - Started o.e.j.s.ServletContextHandler@615db358{/static,jar:file:/home/user/.m2/repository/org/apache/hadoop/hadoop-hdds-container-service/0.5.0-SNAPSHOT/hadoop-hdds-container-service-0.5.0-SNAPSHOT.jar!/webapps/static,AVAILABLE}
2019-07-14 06:46:24,550 INFO  handler.ContextHandler (ContextHandler.java:doStart(781)) - Started o.e.j.w.WebAppContext@34136bd1{/,file:///tmp/jetty-0.0.0.0-38354-hddsDatanode-_-any-7992422350599478225.dir/webapp/,AVAILABLE}{/hddsDatanode}
2019-07-14 06:46:24,552 INFO  server.AbstractConnector (AbstractConnector.java:doStart(278)) - Started ServerConnector@6de7778f{HTTP/1.1,[http/1.1]}{0.0.0.0:38354}
2019-07-14 06:46:24,552 INFO  server.Server (Server.java:doStart(419)) - Started @6576ms
2019-07-14 06:46:24,553 INFO  server.BaseHttpServer (BaseHttpServer.java:updateConnectorAddress(207)) - HTTP server of HDDSDATANODE is listening at http://0.0.0.0:38354
2019-07-14 06:46:24,676 INFO  ozone.HddsDatanodeService (HddsDatanodeService.java:startPlugins(396)) - Started plug-in org.apache.hadoop.ozone.web.OzoneHddsDatanodeService@5fdd97c1
2019-07-14 06:46:24,677 INFO  impl.MetricsSystemImpl (MetricsSystemImpl.java:init(158)) - HddsDatanode metrics system started (again)
2019-07-14 06:46:24,677 INFO  ozone.HddsDatanodeService (HddsDatanodeService.java:start(185)) - HddsDatanodeService host:trunk-nightly-8c95p-1540871953 ip:192.168.5.144
2019-07-14 06:46:24,679 INFO  util.JvmPauseMonitor (JvmPauseMonitor.java:run(188)) - Starting JVM pause monitor
2019-07-14 06:46:24,682 INFO  datanode.InitDatanodeState (InitDatanodeState.java:persistContainerDatanodeDetails(140)) - DatanodeDetails is persisted to /tmp/workdir/hadoop-ozone/integration-test/target/test-dir/MiniOzoneClusterImpl-b7fcffd9-8ec7-477d-bf8a-1f2a2d93b531/datanode-4/meta/datanode.id
2019-07-14 06:46:24,686 INFO  volume.HddsVolume (HddsVolume.java:<init>(176)) - Creating Volume: /tmp/workdir/hadoop-ozone/integration-test/target/test-dir/MiniOzoneClusterImpl-b7fcffd9-8ec7-477d-bf8a-1f2a2d93b531/datanode-5/data/containers/hdds of  storage type : DISK and capacity : 52710309888
2019-07-14 06:46:24,687 INFO  volume.VolumeSet (VolumeSet.java:initializeVolumeSet(170)) - Added Volume : /tmp/workdir/hadoop-ozone/integration-test/target/test-dir/MiniOzoneClusterImpl-b7fcffd9-8ec7-477d-bf8a-1f2a2d93b531/datanode-5/data/containers/hdds to VolumeSet
2019-07-14 06:46:24,687 INFO  volume.ThrottledAsyncChecker (ThrottledAsyncChecker.java:schedule(140)) - Scheduling a check for org.apache.hadoop.ozone.container.common.volume.HddsVolume@37d3e140
2019-07-14 06:46:24,687 INFO  volume.HddsVolumeChecker (HddsVolumeChecker.java:checkAllVolumes(203)) - Scheduled health check for volume org.apache.hadoop.ozone.container.common.volume.HddsVolume@37d3e140
2019-07-14 06:46:24,701 INFO  impl.RaftServerProxy (ConfUtils.java:logGet(43)) - raft.rpc.type = GRPC (default)
2019-07-14 06:46:24,702 INFO  grpc.GrpcFactory (GrpcFactory.java:checkPooledByteBufAllocatorUseCacheForAllThreads(45)) - PERFORMANCE WARNING: useCacheForAllThreads is true that may cause Netty to create a lot garbage objects and, as a result, trigger GC.
	It is recommended to disable useCacheForAllThreads by setting -Dorg.apache.ratis.thirdparty.io.netty.allocator.useCacheForAllThreads=false in command line.
2019-07-14 06:46:24,702 INFO  grpc.GrpcConfigKeys$Server (ConfUtils.java:logGet(43)) - raft.grpc.server.port = 0 (default)
2019-07-14 06:46:24,703 INFO  server.GrpcService (ConfUtils.java:logGet(43)) - raft.grpc.message.size.max = 33570816 (custom)
2019-07-14 06:46:24,703 INFO  server.RaftServerConfigKeys (ConfUtils.java:logGet(43)) - raft.server.log.appender.buffer.byte-limit = 33554432 (custom)
2019-07-14 06:46:24,703 INFO  server.GrpcService (ConfUtils.java:logGet(43)) - raft.grpc.flow.control.window = 1MB (=1048576) (default)
2019-07-14 06:46:24,703 INFO  server.RaftServerConfigKeys (ConfUtils.java:logGet(43)) - raft.server.rpc.request.timeout = 3000ms (default)
2019-07-14 06:46:24,704 INFO  server.RaftServerConfigKeys (ConfUtils.java:logGet(43)) - raft.server.storage.dir = [/tmp/workdir/hadoop-ozone/integration-test/target/test-dir/MiniOzoneClusterImpl-b7fcffd9-8ec7-477d-bf8a-1f2a2d93b531/datanode-5/data/ratis] (custom)
2019-07-14 06:46:24,704 INFO  replication.SimpleContainerDownloader (SimpleContainerDownloader.java:<init>(72)) - Starting container downloader service to copy containers to replicate.
2019-07-14 06:46:24,705 INFO  hdfs.DFSUtil (DFSUtil.java:httpServerTemplateForNNAndJN(1641)) - Starting Web-server for hddsDatanode at: http://0.0.0.0:0
2019-07-14 06:46:24,707 INFO  server.AuthenticationFilter (AuthenticationFilter.java:constructSecretProvider(240)) - Unable to initialize FileSignerSecretProvider, falling back to use random secrets.
2019-07-14 06:46:24,707 WARN  http.HttpRequestLog (HttpRequestLog.java:getRequestLog(97)) - Jetty request log can only be enabled using Log4j
2019-07-14 06:46:24,708 INFO  http.HttpServer2 (HttpServer2.java:addGlobalFilter(975)) - Added global filter 'safety' (class=org.apache.hadoop.http.HttpServer2$QuotingInputFilter)
2019-07-14 06:46:24,709 INFO  http.HttpServer2 (HttpServer2.java:addFilter(948)) - Added filter static_user_filter (class=org.apache.hadoop.http.lib.StaticUserWebFilter$StaticUserFilter) to context hddsDatanode
2019-07-14 06:46:24,709 INFO  http.HttpServer2 (HttpServer2.java:addFilter(958)) - Added filter static_user_filter (class=org.apache.hadoop.http.lib.StaticUserWebFilter$StaticUserFilter) to context static
2019-07-14 06:46:24,709 INFO  http.HttpServer2 (HttpServer2.java:addFilter(958)) - Added filter static_user_filter (class=org.apache.hadoop.http.lib.StaticUserWebFilter$StaticUserFilter) to context logs
2019-07-14 06:46:24,710 INFO  http.HttpServer2 (HttpServer2.java:bindListener(1191)) - Jetty bound to port 37162
2019-07-14 06:46:24,710 INFO  server.Server (Server.java:doStart(351)) - jetty-9.3.24.v20180605, build timestamp: 2018-06-05T17:11:56Z, git hash: 84205aa28f11a4f31f2a3b86d1bba2cc8ab69827
2019-07-14 06:46:24,712 INFO  handler.ContextHandler (ContextHandler.java:doStart(781)) - Started o.e.j.s.ServletContextHandler@545d2560{/logs,file:///tmp/workdir/hadoop-ozone/integration-test/target/log,AVAILABLE}
2019-07-14 06:46:24,713 INFO  handler.ContextHandler (ContextHandler.java:doStart(781)) - Started o.e.j.s.ServletContextHandler@6885ed19{/static,jar:file:/home/user/.m2/repository/org/apache/hadoop/hadoop-hdds-container-service/0.5.0-SNAPSHOT/hadoop-hdds-container-service-0.5.0-SNAPSHOT.jar!/webapps/static,AVAILABLE}
2019-07-14 06:46:24,740 INFO  handler.ContextHandler (ContextHandler.java:doStart(781)) - Started o.e.j.w.WebAppContext@40c8067{/,file:///tmp/jetty-0.0.0.0-37162-hddsDatanode-_-any-4442898134567498900.dir/webapp/,AVAILABLE}{/hddsDatanode}
2019-07-14 06:46:24,741 INFO  server.AbstractConnector (AbstractConnector.java:doStart(278)) - Started ServerConnector@46bb0bdf{HTTP/1.1,[http/1.1]}{0.0.0.0:37162}
2019-07-14 06:46:24,742 INFO  server.Server (Server.java:doStart(419)) - Started @6766ms
2019-07-14 06:46:24,742 INFO  server.BaseHttpServer (BaseHttpServer.java:updateConnectorAddress(207)) - HTTP server of HDDSDATANODE is listening at http://0.0.0.0:37162
2019-07-14 06:46:24,869 INFO  ozone.HddsDatanodeService (HddsDatanodeService.java:startPlugins(396)) - Started plug-in org.apache.hadoop.ozone.web.OzoneHddsDatanodeService@7d25913
2019-07-14 06:46:24,869 INFO  impl.MetricsSystemImpl (MetricsSystemImpl.java:init(158)) - HddsDatanode metrics system started (again)
2019-07-14 06:46:24,870 INFO  ozone.HddsDatanodeService (HddsDatanodeService.java:start(185)) - HddsDatanodeService host:trunk-nightly-8c95p-1540871953 ip:192.168.5.144
2019-07-14 06:46:24,871 INFO  util.JvmPauseMonitor (JvmPauseMonitor.java:run(188)) - Starting JVM pause monitor
2019-07-14 06:46:24,874 INFO  datanode.InitDatanodeState (InitDatanodeState.java:persistContainerDatanodeDetails(140)) - DatanodeDetails is persisted to /tmp/workdir/hadoop-ozone/integration-test/target/test-dir/MiniOzoneClusterImpl-b7fcffd9-8ec7-477d-bf8a-1f2a2d93b531/datanode-5/meta/datanode.id
2019-07-14 06:46:24,879 INFO  volume.HddsVolume (HddsVolume.java:<init>(176)) - Creating Volume: /tmp/workdir/hadoop-ozone/integration-test/target/test-dir/MiniOzoneClusterImpl-b7fcffd9-8ec7-477d-bf8a-1f2a2d93b531/datanode-6/data/containers/hdds of  storage type : DISK and capacity : 52710309888
2019-07-14 06:46:24,879 INFO  volume.VolumeSet (VolumeSet.java:initializeVolumeSet(170)) - Added Volume : /tmp/workdir/hadoop-ozone/integration-test/target/test-dir/MiniOzoneClusterImpl-b7fcffd9-8ec7-477d-bf8a-1f2a2d93b531/datanode-6/data/containers/hdds to VolumeSet
2019-07-14 06:46:24,880 INFO  volume.ThrottledAsyncChecker (ThrottledAsyncChecker.java:schedule(140)) - Scheduling a check for org.apache.hadoop.ozone.container.common.volume.HddsVolume@40a1b6d4
2019-07-14 06:46:24,880 INFO  volume.HddsVolumeChecker (HddsVolumeChecker.java:checkAllVolumes(203)) - Scheduled health check for volume org.apache.hadoop.ozone.container.common.volume.HddsVolume@40a1b6d4
2019-07-14 06:46:24,895 INFO  impl.RaftServerProxy (ConfUtils.java:logGet(43)) - raft.rpc.type = GRPC (default)
2019-07-14 06:46:24,895 INFO  grpc.GrpcFactory (GrpcFactory.java:checkPooledByteBufAllocatorUseCacheForAllThreads(45)) - PERFORMANCE WARNING: useCacheForAllThreads is true that may cause Netty to create a lot garbage objects and, as a result, trigger GC.
	It is recommended to disable useCacheForAllThreads by setting -Dorg.apache.ratis.thirdparty.io.netty.allocator.useCacheForAllThreads=false in command line.
2019-07-14 06:46:24,895 INFO  grpc.GrpcConfigKeys$Server (ConfUtils.java:logGet(43)) - raft.grpc.server.port = 0 (default)
2019-07-14 06:46:24,896 INFO  server.GrpcService (ConfUtils.java:logGet(43)) - raft.grpc.message.size.max = 33570816 (custom)
2019-07-14 06:46:24,896 INFO  server.RaftServerConfigKeys (ConfUtils.java:logGet(43)) - raft.server.log.appender.buffer.byte-limit = 33554432 (custom)
2019-07-14 06:46:24,896 INFO  server.GrpcService (ConfUtils.java:logGet(43)) - raft.grpc.flow.control.window = 1MB (=1048576) (default)
2019-07-14 06:46:24,896 INFO  server.RaftServerConfigKeys (ConfUtils.java:logGet(43)) - raft.server.rpc.request.timeout = 3000ms (default)
2019-07-14 06:46:24,897 INFO  server.RaftServerConfigKeys (ConfUtils.java:logGet(43)) - raft.server.storage.dir = [/tmp/workdir/hadoop-ozone/integration-test/target/test-dir/MiniOzoneClusterImpl-b7fcffd9-8ec7-477d-bf8a-1f2a2d93b531/datanode-6/data/ratis] (custom)
2019-07-14 06:46:24,897 INFO  replication.SimpleContainerDownloader (SimpleContainerDownloader.java:<init>(72)) - Starting container downloader service to copy containers to replicate.
2019-07-14 06:46:24,898 INFO  hdfs.DFSUtil (DFSUtil.java:httpServerTemplateForNNAndJN(1641)) - Starting Web-server for hddsDatanode at: http://0.0.0.0:0
2019-07-14 06:46:24,900 INFO  server.AuthenticationFilter (AuthenticationFilter.java:constructSecretProvider(240)) - Unable to initialize FileSignerSecretProvider, falling back to use random secrets.
2019-07-14 06:46:24,901 WARN  http.HttpRequestLog (HttpRequestLog.java:getRequestLog(97)) - Jetty request log can only be enabled using Log4j
2019-07-14 06:46:24,903 INFO  http.HttpServer2 (HttpServer2.java:addGlobalFilter(975)) - Added global filter 'safety' (class=org.apache.hadoop.http.HttpServer2$QuotingInputFilter)
2019-07-14 06:46:24,903 INFO  http.HttpServer2 (HttpServer2.java:addFilter(948)) - Added filter static_user_filter (class=org.apache.hadoop.http.lib.StaticUserWebFilter$StaticUserFilter) to context hddsDatanode
2019-07-14 06:46:24,904 INFO  http.HttpServer2 (HttpServer2.java:addFilter(958)) - Added filter static_user_filter (class=org.apache.hadoop.http.lib.StaticUserWebFilter$StaticUserFilter) to context static
2019-07-14 06:46:24,904 INFO  http.HttpServer2 (HttpServer2.java:addFilter(958)) - Added filter static_user_filter (class=org.apache.hadoop.http.lib.StaticUserWebFilter$StaticUserFilter) to context logs
2019-07-14 06:46:24,905 INFO  http.HttpServer2 (HttpServer2.java:bindListener(1191)) - Jetty bound to port 46026
2019-07-14 06:46:24,905 INFO  server.Server (Server.java:doStart(351)) - jetty-9.3.24.v20180605, build timestamp: 2018-06-05T17:11:56Z, git hash: 84205aa28f11a4f31f2a3b86d1bba2cc8ab69827
2019-07-14 06:46:24,910 INFO  handler.ContextHandler (ContextHandler.java:doStart(781)) - Started o.e.j.s.ServletContextHandler@718989fa{/logs,file:///tmp/workdir/hadoop-ozone/integration-test/target/log,AVAILABLE}
2019-07-14 06:46:24,910 INFO  handler.ContextHandler (ContextHandler.java:doStart(781)) - Started o.e.j.s.ServletContextHandler@6568f998{/static,jar:file:/home/user/.m2/repository/org/apache/hadoop/hadoop-hdds-container-service/0.5.0-SNAPSHOT/hadoop-hdds-container-service-0.5.0-SNAPSHOT.jar!/webapps/static,AVAILABLE}
2019-07-14 06:46:24,939 INFO  handler.ContextHandler (ContextHandler.java:doStart(781)) - Started o.e.j.w.WebAppContext@448ade1{/,file:///tmp/jetty-0.0.0.0-46026-hddsDatanode-_-any-7502037489524101205.dir/webapp/,AVAILABLE}{/hddsDatanode}
2019-07-14 06:46:24,939 INFO  server.AbstractConnector (AbstractConnector.java:doStart(278)) - Started ServerConnector@21f9c6ea{HTTP/1.1,[http/1.1]}{0.0.0.0:46026}
2019-07-14 06:46:24,940 INFO  server.Server (Server.java:doStart(419)) - Started @6965ms
2019-07-14 06:46:24,941 INFO  server.BaseHttpServer (BaseHttpServer.java:updateConnectorAddress(207)) - HTTP server of HDDSDATANODE is listening at http://0.0.0.0:46026
2019-07-14 06:46:25,147 INFO  ozone.HddsDatanodeService (HddsDatanodeService.java:startPlugins(396)) - Started plug-in org.apache.hadoop.ozone.web.OzoneHddsDatanodeService@112c2930
2019-07-14 06:46:25,148 INFO  ozone.MiniOzoneClusterImpl (MiniOzoneClusterImpl.java:lambda$waitForClusterToBeReady$0(142)) - Waiting for cluster to be ready. Got 0 of 7 DN Heartbeats.
2019-07-14 06:46:25,148 INFO  util.JvmPauseMonitor (JvmPauseMonitor.java:run(188)) - Starting JVM pause monitor
2019-07-14 06:46:25,150 INFO  datanode.InitDatanodeState (InitDatanodeState.java:persistContainerDatanodeDetails(140)) - DatanodeDetails is persisted to /tmp/workdir/hadoop-ozone/integration-test/target/test-dir/MiniOzoneClusterImpl-b7fcffd9-8ec7-477d-bf8a-1f2a2d93b531/datanode-6/meta/datanode.id
2019-07-14 06:46:25,814 INFO  ozoneimpl.OzoneContainer (OzoneContainer.java:start(186)) - Attempting to start container services.
2019-07-14 06:46:25,814 INFO  ozoneimpl.OzoneContainer (OzoneContainer.java:startContainerScrub(160)) - Background container scrubber has been disabled by hdds.containerscrub.enabled
2019-07-14 06:46:25,814 INFO  ratis.XceiverServerRatis (XceiverServerRatis.java:start(418)) - Starting XceiverServerRatis d28cc584-136a-47e9-9084-bf48153689c3 at port 0
2019-07-14 06:46:25,833 INFO  impl.RaftServerProxy (RaftServerProxy.java:lambda$start$3(299)) - d28cc584-136a-47e9-9084-bf48153689c3: start RPC server
2019-07-14 06:46:25,944 INFO  server.GrpcService (GrpcService.java:startImpl(149)) - d28cc584-136a-47e9-9084-bf48153689c3: GrpcService started, listening on 0.0.0.0/0.0.0.0:43817
2019-07-14 06:46:25,945 INFO  ratis.XceiverServerRatis (XceiverServerRatis.java:start(428)) - XceiverServerRatis d28cc584-136a-47e9-9084-bf48153689c3 is started using port 43817
2019-07-14 06:46:25,947 INFO  server.XceiverServerGrpc (XceiverServerGrpc.java:start(161)) - XceiverServerGrpc d28cc584-136a-47e9-9084-bf48153689c3 is started using port 37330
2019-07-14 06:46:26,047 INFO  ozoneimpl.OzoneContainer (OzoneContainer.java:start(186)) - Attempting to start container services.
2019-07-14 06:46:26,049 INFO  ozoneimpl.OzoneContainer (OzoneContainer.java:startContainerScrub(160)) - Background container scrubber has been disabled by hdds.containerscrub.enabled
2019-07-14 06:46:26,049 INFO  ratis.XceiverServerRatis (XceiverServerRatis.java:start(418)) - Starting XceiverServerRatis 2bf79f1f-a1cb-4201-8817-73394a51a399 at port 0
2019-07-14 06:46:26,057 INFO  impl.RaftServerProxy (RaftServerProxy.java:lambda$start$3(299)) - 2bf79f1f-a1cb-4201-8817-73394a51a399: start RPC server
2019-07-14 06:46:26,060 INFO  server.GrpcService (GrpcService.java:startImpl(149)) - 2bf79f1f-a1cb-4201-8817-73394a51a399: GrpcService started, listening on 0.0.0.0/0.0.0.0:43305
2019-07-14 06:46:26,060 INFO  ratis.XceiverServerRatis (XceiverServerRatis.java:start(428)) - XceiverServerRatis 2bf79f1f-a1cb-4201-8817-73394a51a399 is started using port 43305
2019-07-14 06:46:26,063 INFO  server.XceiverServerGrpc (XceiverServerGrpc.java:start(161)) - XceiverServerGrpc 2bf79f1f-a1cb-4201-8817-73394a51a399 is started using port 35191
2019-07-14 06:46:26,148 INFO  ozone.MiniOzoneClusterImpl (MiniOzoneClusterImpl.java:lambda$waitForClusterToBeReady$0(142)) - Waiting for cluster to be ready. Got 0 of 7 DN Heartbeats.
2019-07-14 06:46:26,244 INFO  ozoneimpl.OzoneContainer (OzoneContainer.java:start(186)) - Attempting to start container services.
2019-07-14 06:46:26,246 INFO  ozoneimpl.OzoneContainer (OzoneContainer.java:startContainerScrub(160)) - Background container scrubber has been disabled by hdds.containerscrub.enabled
2019-07-14 06:46:26,247 INFO  ratis.XceiverServerRatis (XceiverServerRatis.java:start(418)) - Starting XceiverServerRatis d039632d-e2b5-49be-a69b-d282ef2b916c at port 0
2019-07-14 06:46:26,253 INFO  impl.RaftServerProxy (RaftServerProxy.java:lambda$start$3(299)) - d039632d-e2b5-49be-a69b-d282ef2b916c: start RPC server
2019-07-14 06:46:26,256 INFO  server.GrpcService (GrpcService.java:startImpl(149)) - d039632d-e2b5-49be-a69b-d282ef2b916c: GrpcService started, listening on 0.0.0.0/0.0.0.0:37912
2019-07-14 06:46:26,256 INFO  ratis.XceiverServerRatis (XceiverServerRatis.java:start(428)) - XceiverServerRatis d039632d-e2b5-49be-a69b-d282ef2b916c is started using port 37912
2019-07-14 06:46:26,259 INFO  server.XceiverServerGrpc (XceiverServerGrpc.java:start(161)) - XceiverServerGrpc d039632d-e2b5-49be-a69b-d282ef2b916c is started using port 39771
2019-07-14 06:46:26,478 INFO  ozoneimpl.OzoneContainer (OzoneContainer.java:start(186)) - Attempting to start container services.
2019-07-14 06:46:26,480 INFO  ozoneimpl.OzoneContainer (OzoneContainer.java:startContainerScrub(160)) - Background container scrubber has been disabled by hdds.containerscrub.enabled
2019-07-14 06:46:26,480 INFO  ratis.XceiverServerRatis (XceiverServerRatis.java:start(418)) - Starting XceiverServerRatis 572141e2-e6f3-45f7-b8e3-346ee4d8661b at port 0
2019-07-14 06:46:26,487 INFO  impl.RaftServerProxy (RaftServerProxy.java:lambda$start$3(299)) - 572141e2-e6f3-45f7-b8e3-346ee4d8661b: start RPC server
2019-07-14 06:46:26,491 INFO  server.GrpcService (GrpcService.java:startImpl(149)) - 572141e2-e6f3-45f7-b8e3-346ee4d8661b: GrpcService started, listening on 0.0.0.0/0.0.0.0:45033
2019-07-14 06:46:26,492 INFO  ratis.XceiverServerRatis (XceiverServerRatis.java:start(428)) - XceiverServerRatis 572141e2-e6f3-45f7-b8e3-346ee4d8661b is started using port 45033
2019-07-14 06:46:26,495 INFO  server.XceiverServerGrpc (XceiverServerGrpc.java:start(161)) - XceiverServerGrpc 572141e2-e6f3-45f7-b8e3-346ee4d8661b is started using port 35806
2019-07-14 06:46:26,695 INFO  ozoneimpl.OzoneContainer (OzoneContainer.java:start(186)) - Attempting to start container services.
2019-07-14 06:46:26,697 INFO  ozoneimpl.OzoneContainer (OzoneContainer.java:startContainerScrub(160)) - Background container scrubber has been disabled by hdds.containerscrub.enabled
2019-07-14 06:46:26,697 INFO  ratis.XceiverServerRatis (XceiverServerRatis.java:start(418)) - Starting XceiverServerRatis 4fe7c8bd-e83e-4156-87ee-16a56db4aea3 at port 0
2019-07-14 06:46:26,704 INFO  impl.RaftServerProxy (RaftServerProxy.java:lambda$start$3(299)) - 4fe7c8bd-e83e-4156-87ee-16a56db4aea3: start RPC server
2019-07-14 06:46:26,707 INFO  server.GrpcService (GrpcService.java:startImpl(149)) - 4fe7c8bd-e83e-4156-87ee-16a56db4aea3: GrpcService started, listening on 0.0.0.0/0.0.0.0:36245
2019-07-14 06:46:26,708 INFO  ratis.XceiverServerRatis (XceiverServerRatis.java:start(428)) - XceiverServerRatis 4fe7c8bd-e83e-4156-87ee-16a56db4aea3 is started using port 36245
2019-07-14 06:46:26,711 INFO  server.XceiverServerGrpc (XceiverServerGrpc.java:start(161)) - XceiverServerGrpc 4fe7c8bd-e83e-4156-87ee-16a56db4aea3 is started using port 44808
2019-07-14 06:46:26,879 INFO  ozoneimpl.OzoneContainer (OzoneContainer.java:start(186)) - Attempting to start container services.
2019-07-14 06:46:26,882 INFO  ozoneimpl.OzoneContainer (OzoneContainer.java:startContainerScrub(160)) - Background container scrubber has been disabled by hdds.containerscrub.enabled
2019-07-14 06:46:26,882 INFO  ratis.XceiverServerRatis (XceiverServerRatis.java:start(418)) - Starting XceiverServerRatis 59c3768e-ae7a-4719-9784-12278fdbb200 at port 0
2019-07-14 06:46:26,890 INFO  impl.RaftServerProxy (RaftServerProxy.java:lambda$start$3(299)) - 59c3768e-ae7a-4719-9784-12278fdbb200: start RPC server
2019-07-14 06:46:26,893 INFO  server.GrpcService (GrpcService.java:startImpl(149)) - 59c3768e-ae7a-4719-9784-12278fdbb200: GrpcService started, listening on 0.0.0.0/0.0.0.0:46373
2019-07-14 06:46:26,894 INFO  ratis.XceiverServerRatis (XceiverServerRatis.java:start(428)) - XceiverServerRatis 59c3768e-ae7a-4719-9784-12278fdbb200 is started using port 46373
2019-07-14 06:46:26,896 INFO  server.XceiverServerGrpc (XceiverServerGrpc.java:start(161)) - XceiverServerGrpc 59c3768e-ae7a-4719-9784-12278fdbb200 is started using port 34003
2019-07-14 06:46:27,151 INFO  ozone.MiniOzoneClusterImpl (MiniOzoneClusterImpl.java:lambda$waitForClusterToBeReady$0(142)) - Waiting for cluster to be ready. Got 0 of 7 DN Heartbeats.
2019-07-14 06:46:27,158 INFO  ozoneimpl.OzoneContainer (OzoneContainer.java:start(186)) - Attempting to start container services.
2019-07-14 06:46:27,161 INFO  ozoneimpl.OzoneContainer (OzoneContainer.java:startContainerScrub(160)) - Background container scrubber has been disabled by hdds.containerscrub.enabled
2019-07-14 06:46:27,161 INFO  ratis.XceiverServerRatis (XceiverServerRatis.java:start(418)) - Starting XceiverServerRatis 843b6365-27a0-4b11-82e1-2bb8e689001b at port 0
2019-07-14 06:46:27,170 INFO  impl.RaftServerProxy (RaftServerProxy.java:lambda$start$3(299)) - 843b6365-27a0-4b11-82e1-2bb8e689001b: start RPC server
2019-07-14 06:46:27,174 INFO  server.GrpcService (GrpcService.java:startImpl(149)) - 843b6365-27a0-4b11-82e1-2bb8e689001b: GrpcService started, listening on 0.0.0.0/0.0.0.0:35660
2019-07-14 06:46:27,175 INFO  ratis.XceiverServerRatis (XceiverServerRatis.java:start(428)) - XceiverServerRatis 843b6365-27a0-4b11-82e1-2bb8e689001b is started using port 35660
2019-07-14 06:46:27,178 INFO  server.XceiverServerGrpc (XceiverServerGrpc.java:start(161)) - XceiverServerGrpc 843b6365-27a0-4b11-82e1-2bb8e689001b is started using port 36597
2019-07-14 06:46:27,791 INFO  net.NetworkTopology (NetworkTopologyImpl.java:add(110)) - Added a new node: /default-rack/192.168.5.144
2019-07-14 06:46:27,791 INFO  node.SCMNodeManager (SCMNodeManager.java:register(269)) - Registered Data node : d28cc584-136a-47e9-9084-bf48153689c3{ip: 192.168.5.144, host: trunk-nightly-8c95p-1540871953, networkLocation: /default-rack, certSerialId: null}
2019-07-14 06:46:27,798 INFO  safemode.SCMSafeModeManager (DataNodeSafeModeRule.java:process(71)) - SCM in safe mode. 1 DataNodes registered, 1 required.
2019-07-14 06:46:27,798 INFO  safemode.SCMSafeModeManager (SCMSafeModeManager.java:validateSafeModeExitRules(177)) - ScmSafeModeManager, all rules are successfully validated
2019-07-14 06:46:27,798 INFO  safemode.SCMSafeModeManager (SCMSafeModeManager.java:exitSafeMode(193)) - SCM exiting safe mode.
2019-07-14 06:46:28,037 INFO  node.SCMNodeManager (SCMNodeManager.java:register(269)) - Registered Data node : 2bf79f1f-a1cb-4201-8817-73394a51a399{ip: 192.168.5.144, host: trunk-nightly-8c95p-1540871953, networkLocation: /default-rack, certSerialId: null}
2019-07-14 06:46:28,152 INFO  ozone.MiniOzoneClusterImpl (MiniOzoneClusterImpl.java:lambda$waitForClusterToBeReady$0(142)) - Waiting for cluster to be ready. Got 2 of 7 DN Heartbeats.
2019-07-14 06:46:28,240 INFO  node.SCMNodeManager (SCMNodeManager.java:register(269)) - Registered Data node : d039632d-e2b5-49be-a69b-d282ef2b916c{ip: 192.168.5.144, host: trunk-nightly-8c95p-1540871953, networkLocation: /default-rack, certSerialId: null}
2019-07-14 06:46:28,672 INFO  node.SCMNodeManager (SCMNodeManager.java:register(269)) - Registered Data node : 572141e2-e6f3-45f7-b8e3-346ee4d8661b{ip: 192.168.5.144, host: trunk-nightly-8c95p-1540871953, networkLocation: /default-rack, certSerialId: null}
2019-07-14 06:46:28,692 INFO  node.SCMNodeManager (SCMNodeManager.java:register(269)) - Registered Data node : 4fe7c8bd-e83e-4156-87ee-16a56db4aea3{ip: 192.168.5.144, host: trunk-nightly-8c95p-1540871953, networkLocation: /default-rack, certSerialId: null}
2019-07-14 06:46:28,707 INFO  impl.RaftServerProxy (RaftServerProxy.java:addNew(89)) - d28cc584-136a-47e9-9084-bf48153689c3: addNew group-DA1449340C80:[d28cc584-136a-47e9-9084-bf48153689c3:192.168.5.144:43817] returns group-DA1449340C80:java.util.concurrent.CompletableFuture@1526dd53[Not completed]
2019-07-14 06:46:28,728 INFO  impl.RaftServerImpl (RaftServerImpl.java:<init>(93)) - d28cc584-136a-47e9-9084-bf48153689c3: new RaftServerImpl for group-DA1449340C80:[d28cc584-136a-47e9-9084-bf48153689c3:192.168.5.144:43817] with ContainerStateMachine:uninitialized
2019-07-14 06:46:28,732 INFO  server.RaftServerConfigKeys (ConfUtils.java:logGet(43)) - raft.server.rpc.timeout.min = 5s (custom)
2019-07-14 06:46:28,734 INFO  server.RaftServerConfigKeys (ConfUtils.java:logGet(43)) - raft.server.rpc.timeout.max = 5200ms (custom)
2019-07-14 06:46:28,734 INFO  server.RaftServerConfigKeys (ConfUtils.java:logGet(43)) - raft.server.rpcslowness.timeout = 120s (custom)
2019-07-14 06:46:28,734 INFO  server.RaftServerConfigKeys (ConfUtils.java:logGet(43)) - raft.server.sleep.deviation.threshold = 300 (default)
2019-07-14 06:46:28,735 INFO  server.RaftServerConfigKeys (ConfUtils.java:logGet(43)) - raft.server.log.appender.install.snapshot.enabled = false (custom)
2019-07-14 06:46:28,741 INFO  impl.RaftServerImpl (ServerState.java:<init>(105)) - d28cc584-136a-47e9-9084-bf48153689c3:group-DA1449340C80 ConfigurationManager, init=-1: [d28cc584-136a-47e9-9084-bf48153689c3:192.168.5.144:43817], old=null, confs=<EMPTY_MAP>
2019-07-14 06:46:28,742 INFO  server.RaftServerConfigKeys (ConfUtils.java:logGet(43)) - raft.server.storage.dir = [/tmp/workdir/hadoop-ozone/integration-test/target/test-dir/MiniOzoneClusterImpl-b7fcffd9-8ec7-477d-bf8a-1f2a2d93b531/datanode-0/data/ratis] (custom)
2019-07-14 06:46:28,748 INFO  storage.RaftStorageDirectory (RaftStorageDirectory.java:analyzeStorage(246)) - The storage directory /tmp/workdir/hadoop-ozone/integration-test/target/test-dir/MiniOzoneClusterImpl-b7fcffd9-8ec7-477d-bf8a-1f2a2d93b531/datanode-0/data/ratis/3a913f85-c2f4-4f67-81b7-da1449340c80 does not exist. Creating ...
2019-07-14 06:46:28,764 INFO  storage.RaftStorageDirectory (RaftStorageDirectory.java:tryLock(328)) - Lock on /tmp/workdir/hadoop-ozone/integration-test/target/test-dir/MiniOzoneClusterImpl-b7fcffd9-8ec7-477d-bf8a-1f2a2d93b531/datanode-0/data/ratis/3a913f85-c2f4-4f67-81b7-da1449340c80/in_use.lock acquired by nodename 28347@trunk-nightly-8c95p-1540871953
2019-07-14 06:46:28,778 INFO  storage.RaftStorage (RaftStorage.java:format(72)) - Storage directory /tmp/workdir/hadoop-ozone/integration-test/target/test-dir/MiniOzoneClusterImpl-b7fcffd9-8ec7-477d-bf8a-1f2a2d93b531/datanode-0/data/ratis/3a913f85-c2f4-4f67-81b7-da1449340c80 has been successfully formatted.
2019-07-14 06:46:28,780 INFO  ratis.ContainerStateMachine (ContainerStateMachine.java:loadSnapshot(200)) - group-DA1449340C80: The snapshot info is null. Setting the last applied indexto:(t:0, i:~)
2019-07-14 06:46:28,780 INFO  server.RaftServerConfigKeys (ConfUtils.java:logGet(43)) - raft.server.leader.election.timeout = 120s (custom)
2019-07-14 06:46:28,782 INFO  server.RaftServerConfigKeys (ConfUtils.java:logGet(43)) - raft.server.log.use.memory = false (default)
2019-07-14 06:46:28,787 INFO  server.RaftServerConfigKeys (ConfUtils.java:logGet(43)) - raft.server.log.purge.gap = 1000000000 (custom)
2019-07-14 06:46:28,787 INFO  server.RaftServerConfigKeys (ConfUtils.java:logGet(43)) - raft.server.log.appender.buffer.byte-limit = 33554432 (custom)
2019-07-14 06:46:28,788 INFO  server.RaftServerConfigKeys (ConfUtils.java:logGet(43)) - raft.server.log.segment.size.max = 1048576 (custom)
2019-07-14 06:46:28,792 INFO  server.RaftServerConfigKeys (ConfUtils.java:logGet(43)) - raft.server.log.segment.cache.num.max = 2 (custom)
2019-07-14 06:46:28,796 INFO  segmented.SegmentedRaftLogWorker (SegmentedRaftLogWorker.java:<init>(172)) - new d28cc584-136a-47e9-9084-bf48153689c3-SegmentedRaftLogWorker:Storage Directory /tmp/workdir/hadoop-ozone/integration-test/target/test-dir/MiniOzoneClusterImpl-b7fcffd9-8ec7-477d-bf8a-1f2a2d93b531/datanode-0/data/ratis/3a913f85-c2f4-4f67-81b7-da1449340c80 for RaftStorage:Storage Directory /tmp/workdir/hadoop-ozone/integration-test/target/test-dir/MiniOzoneClusterImpl-b7fcffd9-8ec7-477d-bf8a-1f2a2d93b531/datanode-0/data/ratis/3a913f85-c2f4-4f67-81b7-da1449340c80
2019-07-14 06:46:28,807 INFO  server.RaftServerConfigKeys (ConfUtils.java:logGet(43)) - raft.server.log.queue.byte-limit = 2147483647 (custom)
2019-07-14 06:46:28,807 INFO  server.RaftServerConfigKeys (ConfUtils.java:logGet(43)) - raft.server.log.queue.element-limit = 1024 (custom)
2019-07-14 06:46:28,811 INFO  server.RaftServerConfigKeys (ConfUtils.java:logGet(43)) - raft.server.log.segment.size.max = 1048576 (custom)
2019-07-14 06:46:28,811 INFO  server.RaftServerConfigKeys (ConfUtils.java:logGet(43)) - raft.server.log.preallocated.size = 16384 (custom)
2019-07-14 06:46:28,812 INFO  server.RaftServerConfigKeys (ConfUtils.java:logGet(43)) - raft.server.log.write.buffer.size = 33554432 (custom)
2019-07-14 06:46:28,812 INFO  server.RaftServerConfigKeys (ConfUtils.java:logGet(43)) - raft.server.log.force.sync.num = 128 (default)
2019-07-14 06:46:28,813 INFO  server.RaftServerConfigKeys (ConfUtils.java:logGet(43)) - raft.server.log.statemachine.data.sync = true (default)
2019-07-14 06:46:28,813 INFO  server.RaftServerConfigKeys (ConfUtils.java:logGet(43)) - raft.server.log.statemachine.data.sync.timeout = 10s (default)
2019-07-14 06:46:28,813 INFO  server.RaftServerConfigKeys (ConfUtils.java:logGet(43)) - raft.server.log.statemachine.data.sync.timeout.retry = -1 (default)
2019-07-14 06:46:28,821 INFO  server.RaftServerConfigKeys (ConfUtils.java:logGet(43)) - raft.server.log.statemachine.data.caching.enabled = true (custom)
2019-07-14 06:46:28,825 INFO  segmented.SegmentedRaftLogWorker (SegmentedRaftLogWorker.java:lambda$new$0(132)) - d28cc584-136a-47e9-9084-bf48153689c3-SegmentedRaftLogWorker:Storage Directory /tmp/workdir/hadoop-ozone/integration-test/target/test-dir/MiniOzoneClusterImpl-b7fcffd9-8ec7-477d-bf8a-1f2a2d93b531/datanode-0/data/ratis/3a913f85-c2f4-4f67-81b7-da1449340c80: flushIndex: setUnconditionally 0 -> -1
2019-07-14 06:46:28,828 INFO  server.RaftServerConfigKeys (ConfUtils.java:logGet(43)) - raft.server.snapshot.auto.trigger.enabled = true (custom)
2019-07-14 06:46:28,829 INFO  server.RaftServerConfigKeys (ConfUtils.java:logGet(43)) - raft.server.snapshot.auto.trigger.threshold = 10000 (custom)
2019-07-14 06:46:28,829 INFO  server.RaftServerConfigKeys (ConfUtils.java:logGet(43)) - raft.server.retrycache.expirytime = 600000ms (custom)
2019-07-14 06:46:28,848 INFO  impl.RaftServerImpl (RaftServerImpl.java:start(180)) - d28cc584-136a-47e9-9084-bf48153689c3: start group-DA1449340C80
2019-07-14 06:46:28,849 INFO  impl.RaftServerImpl (RaftServerImpl.java:setRole(171)) - d28cc584-136a-47e9-9084-bf48153689c3:group-DA1449340C80 changes role from null to FOLLOWER at term 0 for startAsFollower
2019-07-14 06:46:28,850 INFO  impl.RoleInfo (RoleInfo.java:updateAndGet(143)) - d28cc584-136a-47e9-9084-bf48153689c3: start FollowerState
2019-07-14 06:46:28,851 INFO  util.JmxRegister (JmxRegister.java:tryRegister(44)) - Successfully registered JMX Bean with object name Ratis:service=RaftServer,group=group-DA1449340C80,id=d28cc584-136a-47e9-9084-bf48153689c3
2019-07-14 06:46:28,876 INFO  node.SCMNodeManager (SCMNodeManager.java:register(269)) - Registered Data node : 59c3768e-ae7a-4719-9784-12278fdbb200{ip: 192.168.5.144, host: trunk-nightly-8c95p-1540871953, networkLocation: /default-rack, certSerialId: null}
2019-07-14 06:46:28,919 INFO  pipeline.PipelineStateManager (PipelineStateManager.java:addPipeline(56)) - Created pipeline Pipeline[ Id: 3a913f85-c2f4-4f67-81b7-da1449340c80, Nodes: d28cc584-136a-47e9-9084-bf48153689c3{ip: 192.168.5.144, host: trunk-nightly-8c95p-1540871953, networkLocation: /default-rack, certSerialId: null}, Type:RATIS, Factor:ONE, State:OPEN]
2019-07-14 06:46:28,952 INFO  impl.RaftServerProxy (RaftServerProxy.java:addNew(89)) - d039632d-e2b5-49be-a69b-d282ef2b916c: addNew group-44F9475D7642:[d039632d-e2b5-49be-a69b-d282ef2b916c:192.168.5.144:37912] returns group-44F9475D7642:java.util.concurrent.CompletableFuture@400da369[Not completed]
2019-07-14 06:46:28,998 INFO  impl.RaftServerImpl (RaftServerImpl.java:<init>(93)) - d039632d-e2b5-49be-a69b-d282ef2b916c: new RaftServerImpl for group-44F9475D7642:[d039632d-e2b5-49be-a69b-d282ef2b916c:192.168.5.144:37912] with ContainerStateMachine:uninitialized
2019-07-14 06:46:29,000 INFO  server.RaftServerConfigKeys (ConfUtils.java:logGet(43)) - raft.server.rpc.timeout.min = 5s (custom)
2019-07-14 06:46:29,000 INFO  server.RaftServerConfigKeys (ConfUtils.java:logGet(43)) - raft.server.rpc.timeout.max = 5200ms (custom)
2019-07-14 06:46:29,000 INFO  server.RaftServerConfigKeys (ConfUtils.java:logGet(43)) - raft.server.rpcslowness.timeout = 120s (custom)
2019-07-14 06:46:29,001 INFO  server.RaftServerConfigKeys (ConfUtils.java:logGet(43)) - raft.server.sleep.deviation.threshold = 300 (default)
2019-07-14 06:46:29,001 INFO  server.RaftServerConfigKeys (ConfUtils.java:logGet(43)) - raft.server.log.appender.install.snapshot.enabled = false (custom)
2019-07-14 06:46:29,001 INFO  impl.RaftServerImpl (ServerState.java:<init>(105)) - d039632d-e2b5-49be-a69b-d282ef2b916c:group-44F9475D7642 ConfigurationManager, init=-1: [d039632d-e2b5-49be-a69b-d282ef2b916c:192.168.5.144:37912], old=null, confs=<EMPTY_MAP>
2019-07-14 06:46:29,002 INFO  server.RaftServerConfigKeys (ConfUtils.java:logGet(43)) - raft.server.storage.dir = [/tmp/workdir/hadoop-ozone/integration-test/target/test-dir/MiniOzoneClusterImpl-b7fcffd9-8ec7-477d-bf8a-1f2a2d93b531/datanode-2/data/ratis] (custom)
2019-07-14 06:46:29,002 INFO  storage.RaftStorageDirectory (RaftStorageDirectory.java:analyzeStorage(246)) - The storage directory /tmp/workdir/hadoop-ozone/integration-test/target/test-dir/MiniOzoneClusterImpl-b7fcffd9-8ec7-477d-bf8a-1f2a2d93b531/datanode-2/data/ratis/be9064b2-1118-4316-91e3-44f9475d7642 does not exist. Creating ...
2019-07-14 06:46:29,016 INFO  storage.RaftStorageDirectory (RaftStorageDirectory.java:tryLock(328)) - Lock on /tmp/workdir/hadoop-ozone/integration-test/target/test-dir/MiniOzoneClusterImpl-b7fcffd9-8ec7-477d-bf8a-1f2a2d93b531/datanode-2/data/ratis/be9064b2-1118-4316-91e3-44f9475d7642/in_use.lock acquired by nodename 28347@trunk-nightly-8c95p-1540871953
2019-07-14 06:46:29,028 INFO  storage.RaftStorage (RaftStorage.java:format(72)) - Storage directory /tmp/workdir/hadoop-ozone/integration-test/target/test-dir/MiniOzoneClusterImpl-b7fcffd9-8ec7-477d-bf8a-1f2a2d93b531/datanode-2/data/ratis/be9064b2-1118-4316-91e3-44f9475d7642 has been successfully formatted.
2019-07-14 06:46:29,029 INFO  ratis.ContainerStateMachine (ContainerStateMachine.java:loadSnapshot(200)) - group-44F9475D7642: The snapshot info is null. Setting the last applied indexto:(t:0, i:~)
2019-07-14 06:46:29,031 INFO  server.RaftServerConfigKeys (ConfUtils.java:logGet(43)) - raft.server.leader.election.timeout = 120s (custom)
2019-07-14 06:46:29,031 INFO  server.RaftServerConfigKeys (ConfUtils.java:logGet(43)) - raft.server.log.use.memory = false (default)
2019-07-14 06:46:29,031 INFO  server.RaftServerConfigKeys (ConfUtils.java:logGet(43)) - raft.server.log.purge.gap = 1000000000 (custom)
2019-07-14 06:46:29,031 INFO  server.RaftServerConfigKeys (ConfUtils.java:logGet(43)) - raft.server.log.appender.buffer.byte-limit = 33554432 (custom)
2019-07-14 06:46:29,031 INFO  server.RaftServerConfigKeys (ConfUtils.java:logGet(43)) - raft.server.log.segment.size.max = 1048576 (custom)
2019-07-14 06:46:29,031 INFO  server.RaftServerConfigKeys (ConfUtils.java:logGet(43)) - raft.server.log.segment.cache.num.max = 2 (custom)
2019-07-14 06:46:29,032 INFO  segmented.SegmentedRaftLogWorker (SegmentedRaftLogWorker.java:<init>(172)) - new d039632d-e2b5-49be-a69b-d282ef2b916c-SegmentedRaftLogWorker:Storage Directory /tmp/workdir/hadoop-ozone/integration-test/target/test-dir/MiniOzoneClusterImpl-b7fcffd9-8ec7-477d-bf8a-1f2a2d93b531/datanode-2/data/ratis/be9064b2-1118-4316-91e3-44f9475d7642 for RaftStorage:Storage Directory /tmp/workdir/hadoop-ozone/integration-test/target/test-dir/MiniOzoneClusterImpl-b7fcffd9-8ec7-477d-bf8a-1f2a2d93b531/datanode-2/data/ratis/be9064b2-1118-4316-91e3-44f9475d7642
2019-07-14 06:46:29,033 INFO  server.RaftServerConfigKeys (ConfUtils.java:logGet(43)) - raft.server.log.queue.byte-limit = 2147483647 (custom)
2019-07-14 06:46:29,034 INFO  server.RaftServerConfigKeys (ConfUtils.java:logGet(43)) - raft.server.log.queue.element-limit = 1024 (custom)
2019-07-14 06:46:29,034 INFO  server.RaftServerConfigKeys (ConfUtils.java:logGet(43)) - raft.server.log.segment.size.max = 1048576 (custom)
2019-07-14 06:46:29,034 INFO  server.RaftServerConfigKeys (ConfUtils.java:logGet(43)) - raft.server.log.preallocated.size = 16384 (custom)
2019-07-14 06:46:29,034 INFO  server.RaftServerConfigKeys (ConfUtils.java:logGet(43)) - raft.server.log.write.buffer.size = 33554432 (custom)
2019-07-14 06:46:29,034 INFO  server.RaftServerConfigKeys (ConfUtils.java:logGet(43)) - raft.server.log.force.sync.num = 128 (default)
2019-07-14 06:46:29,034 INFO  server.RaftServerConfigKeys (ConfUtils.java:logGet(43)) - raft.server.log.statemachine.data.sync = true (default)
2019-07-14 06:46:29,034 INFO  server.RaftServerConfigKeys (ConfUtils.java:logGet(43)) - raft.server.log.statemachine.data.sync.timeout = 10s (default)
2019-07-14 06:46:29,034 INFO  server.RaftServerConfigKeys (ConfUtils.java:logGet(43)) - raft.server.log.statemachine.data.sync.timeout.retry = -1 (default)
2019-07-14 06:46:29,035 INFO  server.RaftServerConfigKeys (ConfUtils.java:logGet(43)) - raft.server.log.statemachine.data.caching.enabled = true (custom)
2019-07-14 06:46:29,035 INFO  segmented.SegmentedRaftLogWorker (SegmentedRaftLogWorker.java:lambda$new$0(132)) - d039632d-e2b5-49be-a69b-d282ef2b916c-SegmentedRaftLogWorker:Storage Directory /tmp/workdir/hadoop-ozone/integration-test/target/test-dir/MiniOzoneClusterImpl-b7fcffd9-8ec7-477d-bf8a-1f2a2d93b531/datanode-2/data/ratis/be9064b2-1118-4316-91e3-44f9475d7642: flushIndex: setUnconditionally 0 -> -1
2019-07-14 06:46:29,035 INFO  server.RaftServerConfigKeys (ConfUtils.java:logGet(43)) - raft.server.snapshot.auto.trigger.enabled = true (custom)
2019-07-14 06:46:29,035 INFO  server.RaftServerConfigKeys (ConfUtils.java:logGet(43)) - raft.server.snapshot.auto.trigger.threshold = 10000 (custom)
2019-07-14 06:46:29,035 INFO  server.RaftServerConfigKeys (ConfUtils.java:logGet(43)) - raft.server.retrycache.expirytime = 600000ms (custom)
2019-07-14 06:46:29,036 INFO  impl.RaftServerImpl (RaftServerImpl.java:start(180)) - d039632d-e2b5-49be-a69b-d282ef2b916c: start group-44F9475D7642
2019-07-14 06:46:29,036 INFO  impl.RaftServerImpl (RaftServerImpl.java:setRole(171)) - d039632d-e2b5-49be-a69b-d282ef2b916c:group-44F9475D7642 changes role from null to FOLLOWER at term 0 for startAsFollower
2019-07-14 06:46:29,036 INFO  impl.RoleInfo (RoleInfo.java:updateAndGet(143)) - d039632d-e2b5-49be-a69b-d282ef2b916c: start FollowerState
2019-07-14 06:46:29,038 INFO  util.JmxRegister (JmxRegister.java:tryRegister(44)) - Successfully registered JMX Bean with object name Ratis:service=RaftServer,group=group-44F9475D7642,id=d039632d-e2b5-49be-a69b-d282ef2b916c
2019-07-14 06:46:29,057 INFO  pipeline.PipelineStateManager (PipelineStateManager.java:addPipeline(56)) - Created pipeline Pipeline[ Id: be9064b2-1118-4316-91e3-44f9475d7642, Nodes: d039632d-e2b5-49be-a69b-d282ef2b916c{ip: 192.168.5.144, host: trunk-nightly-8c95p-1540871953, networkLocation: /default-rack, certSerialId: null}, Type:RATIS, Factor:ONE, State:OPEN]
2019-07-14 06:46:29,086 INFO  impl.RaftServerProxy (RaftServerProxy.java:addNew(89)) - 2bf79f1f-a1cb-4201-8817-73394a51a399: addNew group-D5B4397106D7:[2bf79f1f-a1cb-4201-8817-73394a51a399:192.168.5.144:43305] returns group-D5B4397106D7:java.util.concurrent.CompletableFuture@48c79a21[Not completed]
2019-07-14 06:46:29,097 INFO  impl.RaftServerImpl (RaftServerImpl.java:<init>(93)) - 2bf79f1f-a1cb-4201-8817-73394a51a399: new RaftServerImpl for group-D5B4397106D7:[2bf79f1f-a1cb-4201-8817-73394a51a399:192.168.5.144:43305] with ContainerStateMachine:uninitialized
2019-07-14 06:46:29,098 INFO  server.RaftServerConfigKeys (ConfUtils.java:logGet(43)) - raft.server.rpc.timeout.min = 5s (custom)
2019-07-14 06:46:29,098 INFO  server.RaftServerConfigKeys (ConfUtils.java:logGet(43)) - raft.server.rpc.timeout.max = 5200ms (custom)
2019-07-14 06:46:29,098 INFO  server.RaftServerConfigKeys (ConfUtils.java:logGet(43)) - raft.server.rpcslowness.timeout = 120s (custom)
2019-07-14 06:46:29,099 INFO  server.RaftServerConfigKeys (ConfUtils.java:logGet(43)) - raft.server.sleep.deviation.threshold = 300 (default)
2019-07-14 06:46:29,099 INFO  server.RaftServerConfigKeys (ConfUtils.java:logGet(43)) - raft.server.log.appender.install.snapshot.enabled = false (custom)
2019-07-14 06:46:29,099 INFO  impl.RaftServerImpl (ServerState.java:<init>(105)) - 2bf79f1f-a1cb-4201-8817-73394a51a399:group-D5B4397106D7 ConfigurationManager, init=-1: [2bf79f1f-a1cb-4201-8817-73394a51a399:192.168.5.144:43305], old=null, confs=<EMPTY_MAP>
2019-07-14 06:46:29,099 INFO  server.RaftServerConfigKeys (ConfUtils.java:logGet(43)) - raft.server.storage.dir = [/tmp/workdir/hadoop-ozone/integration-test/target/test-dir/MiniOzoneClusterImpl-b7fcffd9-8ec7-477d-bf8a-1f2a2d93b531/datanode-1/data/ratis] (custom)
2019-07-14 06:46:29,099 INFO  storage.RaftStorageDirectory (RaftStorageDirectory.java:analyzeStorage(246)) - The storage directory /tmp/workdir/hadoop-ozone/integration-test/target/test-dir/MiniOzoneClusterImpl-b7fcffd9-8ec7-477d-bf8a-1f2a2d93b531/datanode-1/data/ratis/815df54a-c655-4afa-b4ed-d5b4397106d7 does not exist. Creating ...
2019-07-14 06:46:29,103 INFO  storage.RaftStorageDirectory (RaftStorageDirectory.java:tryLock(328)) - Lock on /tmp/workdir/hadoop-ozone/integration-test/target/test-dir/MiniOzoneClusterImpl-b7fcffd9-8ec7-477d-bf8a-1f2a2d93b531/datanode-1/data/ratis/815df54a-c655-4afa-b4ed-d5b4397106d7/in_use.lock acquired by nodename 28347@trunk-nightly-8c95p-1540871953
2019-07-14 06:46:29,114 INFO  storage.RaftStorage (RaftStorage.java:format(72)) - Storage directory /tmp/workdir/hadoop-ozone/integration-test/target/test-dir/MiniOzoneClusterImpl-b7fcffd9-8ec7-477d-bf8a-1f2a2d93b531/datanode-1/data/ratis/815df54a-c655-4afa-b4ed-d5b4397106d7 has been successfully formatted.
2019-07-14 06:46:29,114 INFO  ratis.ContainerStateMachine (ContainerStateMachine.java:loadSnapshot(200)) - group-D5B4397106D7: The snapshot info is null. Setting the last applied indexto:(t:0, i:~)
2019-07-14 06:46:29,115 INFO  server.RaftServerConfigKeys (ConfUtils.java:logGet(43)) - raft.server.leader.election.timeout = 120s (custom)
2019-07-14 06:46:29,115 INFO  server.RaftServerConfigKeys (ConfUtils.java:logGet(43)) - raft.server.log.use.memory = false (default)
2019-07-14 06:46:29,115 INFO  server.RaftServerConfigKeys (ConfUtils.java:logGet(43)) - raft.server.log.purge.gap = 1000000000 (custom)
2019-07-14 06:46:29,115 INFO  server.RaftServerConfigKeys (ConfUtils.java:logGet(43)) - raft.server.log.appender.buffer.byte-limit = 33554432 (custom)
2019-07-14 06:46:29,115 INFO  server.RaftServerConfigKeys (ConfUtils.java:logGet(43)) - raft.server.log.segment.size.max = 1048576 (custom)
2019-07-14 06:46:29,115 INFO  server.RaftServerConfigKeys (ConfUtils.java:logGet(43)) - raft.server.log.segment.cache.num.max = 2 (custom)
2019-07-14 06:46:29,115 INFO  segmented.SegmentedRaftLogWorker (SegmentedRaftLogWorker.java:<init>(172)) - new 2bf79f1f-a1cb-4201-8817-73394a51a399-SegmentedRaftLogWorker:Storage Directory /tmp/workdir/hadoop-ozone/integration-test/target/test-dir/MiniOzoneClusterImpl-b7fcffd9-8ec7-477d-bf8a-1f2a2d93b531/datanode-1/data/ratis/815df54a-c655-4afa-b4ed-d5b4397106d7 for RaftStorage:Storage Directory /tmp/workdir/hadoop-ozone/integration-test/target/test-dir/MiniOzoneClusterImpl-b7fcffd9-8ec7-477d-bf8a-1f2a2d93b531/datanode-1/data/ratis/815df54a-c655-4afa-b4ed-d5b4397106d7
2019-07-14 06:46:29,115 INFO  server.RaftServerConfigKeys (ConfUtils.java:logGet(43)) - raft.server.log.queue.byte-limit = 2147483647 (custom)
2019-07-14 06:46:29,116 INFO  server.RaftServerConfigKeys (ConfUtils.java:logGet(43)) - raft.server.log.queue.element-limit = 1024 (custom)
2019-07-14 06:46:29,116 INFO  server.RaftServerConfigKeys (ConfUtils.java:logGet(43)) - raft.server.log.segment.size.max = 1048576 (custom)
2019-07-14 06:46:29,116 INFO  server.RaftServerConfigKeys (ConfUtils.java:logGet(43)) - raft.server.log.preallocated.size = 16384 (custom)
2019-07-14 06:46:29,116 INFO  server.RaftServerConfigKeys (ConfUtils.java:logGet(43)) - raft.server.log.write.buffer.size = 33554432 (custom)
2019-07-14 06:46:29,116 INFO  server.RaftServerConfigKeys (ConfUtils.java:logGet(43)) - raft.server.log.force.sync.num = 128 (default)
2019-07-14 06:46:29,116 INFO  server.RaftServerConfigKeys (ConfUtils.java:logGet(43)) - raft.server.log.statemachine.data.sync = true (default)
2019-07-14 06:46:29,116 INFO  server.RaftServerConfigKeys (ConfUtils.java:logGet(43)) - raft.server.log.statemachine.data.sync.timeout = 10s (default)
2019-07-14 06:46:29,116 INFO  server.RaftServerConfigKeys (ConfUtils.java:logGet(43)) - raft.server.log.statemachine.data.sync.timeout.retry = -1 (default)
2019-07-14 06:46:29,117 INFO  server.RaftServerConfigKeys (ConfUtils.java:logGet(43)) - raft.server.log.statemachine.data.caching.enabled = true (custom)
2019-07-14 06:46:29,117 INFO  segmented.SegmentedRaftLogWorker (SegmentedRaftLogWorker.java:lambda$new$0(132)) - 2bf79f1f-a1cb-4201-8817-73394a51a399-SegmentedRaftLogWorker:Storage Directory /tmp/workdir/hadoop-ozone/integration-test/target/test-dir/MiniOzoneClusterImpl-b7fcffd9-8ec7-477d-bf8a-1f2a2d93b531/datanode-1/data/ratis/815df54a-c655-4afa-b4ed-d5b4397106d7: flushIndex: setUnconditionally 0 -> -1
2019-07-14 06:46:29,117 INFO  server.RaftServerConfigKeys (ConfUtils.java:logGet(43)) - raft.server.snapshot.auto.trigger.enabled = true (custom)
2019-07-14 06:46:29,117 INFO  server.RaftServerConfigKeys (ConfUtils.java:logGet(43)) - raft.server.snapshot.auto.trigger.threshold = 10000 (custom)
2019-07-14 06:46:29,117 INFO  server.RaftServerConfigKeys (ConfUtils.java:logGet(43)) - raft.server.retrycache.expirytime = 600000ms (custom)
2019-07-14 06:46:29,118 INFO  impl.RaftServerImpl (RaftServerImpl.java:start(180)) - 2bf79f1f-a1cb-4201-8817-73394a51a399: start group-D5B4397106D7
2019-07-14 06:46:29,118 INFO  impl.RaftServerImpl (RaftServerImpl.java:setRole(171)) - 2bf79f1f-a1cb-4201-8817-73394a51a399:group-D5B4397106D7 changes role from null to FOLLOWER at term 0 for startAsFollower
2019-07-14 06:46:29,118 INFO  impl.RoleInfo (RoleInfo.java:updateAndGet(143)) - 2bf79f1f-a1cb-4201-8817-73394a51a399: start FollowerState
2019-07-14 06:46:29,118 INFO  util.JmxRegister (JmxRegister.java:tryRegister(44)) - Successfully registered JMX Bean with object name Ratis:service=RaftServer,group=group-D5B4397106D7,id=2bf79f1f-a1cb-4201-8817-73394a51a399
2019-07-14 06:46:29,129 INFO  pipeline.PipelineStateManager (PipelineStateManager.java:addPipeline(56)) - Created pipeline Pipeline[ Id: 815df54a-c655-4afa-b4ed-d5b4397106d7, Nodes: 2bf79f1f-a1cb-4201-8817-73394a51a399{ip: 192.168.5.144, host: trunk-nightly-8c95p-1540871953, networkLocation: /default-rack, certSerialId: null}, Type:RATIS, Factor:ONE, State:OPEN]
2019-07-14 06:46:29,149 INFO  impl.RaftServerProxy (RaftServerProxy.java:addNew(89)) - 59c3768e-ae7a-4719-9784-12278fdbb200: addNew group-E8F92B3E5FF8:[59c3768e-ae7a-4719-9784-12278fdbb200:192.168.5.144:46373] returns group-E8F92B3E5FF8:java.util.concurrent.CompletableFuture@4b694c81[Not completed]
2019-07-14 06:46:29,151 INFO  node.SCMNodeManager (SCMNodeManager.java:register(269)) - Registered Data node : 843b6365-27a0-4b11-82e1-2bb8e689001b{ip: 192.168.5.144, host: trunk-nightly-8c95p-1540871953, networkLocation: /default-rack, certSerialId: null}
2019-07-14 06:46:29,152 INFO  impl.RaftServerImpl (RaftServerImpl.java:<init>(93)) - 59c3768e-ae7a-4719-9784-12278fdbb200: new RaftServerImpl for group-E8F92B3E5FF8:[59c3768e-ae7a-4719-9784-12278fdbb200:192.168.5.144:46373] with ContainerStateMachine:uninitialized
2019-07-14 06:46:29,153 INFO  ozone.MiniOzoneClusterImpl (MiniOzoneClusterImpl.java:lambda$waitForClusterToBeReady$0(142)) - Cluster is ready. Got 7 of 7 DN Heartbeats.
2019-07-14 06:46:29,153 INFO  server.RaftServerConfigKeys (ConfUtils.java:logGet(43)) - raft.server.rpc.timeout.min = 5s (custom)
2019-07-14 06:46:29,154 INFO  server.RaftServerConfigKeys (ConfUtils.java:logGet(43)) - raft.server.rpc.timeout.max = 5200ms (custom)
2019-07-14 06:46:29,154 INFO  server.RaftServerConfigKeys (ConfUtils.java:logGet(43)) - raft.server.rpcslowness.timeout = 120s (custom)
2019-07-14 06:46:29,155 INFO  server.RaftServerConfigKeys (ConfUtils.java:logGet(43)) - raft.server.sleep.deviation.threshold = 300 (default)
2019-07-14 06:46:29,155 INFO  server.RaftServerConfigKeys (ConfUtils.java:logGet(43)) - raft.server.log.appender.install.snapshot.enabled = false (custom)
2019-07-14 06:46:29,155 INFO  impl.RaftServerImpl (ServerState.java:<init>(105)) - 59c3768e-ae7a-4719-9784-12278fdbb200:group-E8F92B3E5FF8 ConfigurationManager, init=-1: [59c3768e-ae7a-4719-9784-12278fdbb200:192.168.5.144:46373], old=null, confs=<EMPTY_MAP>
2019-07-14 06:46:29,155 INFO  server.RaftServerConfigKeys (ConfUtils.java:logGet(43)) - raft.server.storage.dir = [/tmp/workdir/hadoop-ozone/integration-test/target/test-dir/MiniOzoneClusterImpl-b7fcffd9-8ec7-477d-bf8a-1f2a2d93b531/datanode-5/data/ratis] (custom)
2019-07-14 06:46:29,156 INFO  storage.RaftStorageDirectory (RaftStorageDirectory.java:analyzeStorage(246)) - The storage directory /tmp/workdir/hadoop-ozone/integration-test/target/test-dir/MiniOzoneClusterImpl-b7fcffd9-8ec7-477d-bf8a-1f2a2d93b531/datanode-5/data/ratis/ba5596c3-5270-4e34-aae6-e8f92b3e5ff8 does not exist. Creating ...
2019-07-14 06:46:29,167 INFO  storage.RaftStorageDirectory (RaftStorageDirectory.java:tryLock(328)) - Lock on /tmp/workdir/hadoop-ozone/integration-test/target/test-dir/MiniOzoneClusterImpl-b7fcffd9-8ec7-477d-bf8a-1f2a2d93b531/datanode-5/data/ratis/ba5596c3-5270-4e34-aae6-e8f92b3e5ff8/in_use.lock acquired by nodename 28347@trunk-nightly-8c95p-1540871953
2019-07-14 06:46:29,178 INFO  storage.RaftStorage (RaftStorage.java:format(72)) - Storage directory /tmp/workdir/hadoop-ozone/integration-test/target/test-dir/MiniOzoneClusterImpl-b7fcffd9-8ec7-477d-bf8a-1f2a2d93b531/datanode-5/data/ratis/ba5596c3-5270-4e34-aae6-e8f92b3e5ff8 has been successfully formatted.
2019-07-14 06:46:29,178 INFO  ratis.ContainerStateMachine (ContainerStateMachine.java:loadSnapshot(200)) - group-E8F92B3E5FF8: The snapshot info is null. Setting the last applied indexto:(t:0, i:~)
2019-07-14 06:46:29,178 INFO  server.RaftServerConfigKeys (ConfUtils.java:logGet(43)) - raft.server.leader.election.timeout = 120s (custom)
2019-07-14 06:46:29,179 INFO  server.RaftServerConfigKeys (ConfUtils.java:logGet(43)) - raft.server.log.use.memory = false (default)
2019-07-14 06:46:29,179 INFO  server.RaftServerConfigKeys (ConfUtils.java:logGet(43)) - raft.server.log.purge.gap = 1000000000 (custom)
2019-07-14 06:46:29,179 INFO  server.RaftServerConfigKeys (ConfUtils.java:logGet(43)) - raft.server.log.appender.buffer.byte-limit = 33554432 (custom)
2019-07-14 06:46:29,179 INFO  server.RaftServerConfigKeys (ConfUtils.java:logGet(43)) - raft.server.log.segment.size.max = 1048576 (custom)
2019-07-14 06:46:29,179 INFO  server.RaftServerConfigKeys (ConfUtils.java:logGet(43)) - raft.server.log.segment.cache.num.max = 2 (custom)
2019-07-14 06:46:29,179 INFO  segmented.SegmentedRaftLogWorker (SegmentedRaftLogWorker.java:<init>(172)) - new 59c3768e-ae7a-4719-9784-12278fdbb200-SegmentedRaftLogWorker:Storage Directory /tmp/workdir/hadoop-ozone/integration-test/target/test-dir/MiniOzoneClusterImpl-b7fcffd9-8ec7-477d-bf8a-1f2a2d93b531/datanode-5/data/ratis/ba5596c3-5270-4e34-aae6-e8f92b3e5ff8 for RaftStorage:Storage Directory /tmp/workdir/hadoop-ozone/integration-test/target/test-dir/MiniOzoneClusterImpl-b7fcffd9-8ec7-477d-bf8a-1f2a2d93b531/datanode-5/data/ratis/ba5596c3-5270-4e34-aae6-e8f92b3e5ff8
2019-07-14 06:46:29,179 INFO  server.RaftServerConfigKeys (ConfUtils.java:logGet(43)) - raft.server.log.queue.byte-limit = 2147483647 (custom)
2019-07-14 06:46:29,179 INFO  server.RaftServerConfigKeys (ConfUtils.java:logGet(43)) - raft.server.log.queue.element-limit = 1024 (custom)
2019-07-14 06:46:29,180 INFO  server.RaftServerConfigKeys (ConfUtils.java:logGet(43)) - raft.server.log.segment.size.max = 1048576 (custom)
2019-07-14 06:46:29,180 INFO  server.RaftServerConfigKeys (ConfUtils.java:logGet(43)) - raft.server.log.preallocated.size = 16384 (custom)
2019-07-14 06:46:29,180 INFO  server.RaftServerConfigKeys (ConfUtils.java:logGet(43)) - raft.server.log.write.buffer.size = 33554432 (custom)
2019-07-14 06:46:29,180 INFO  server.RaftServerConfigKeys (ConfUtils.java:logGet(43)) - raft.server.log.force.sync.num = 128 (default)
2019-07-14 06:46:29,180 INFO  server.RaftServerConfigKeys (ConfUtils.java:logGet(43)) - raft.server.log.statemachine.data.sync = true (default)
2019-07-14 06:46:29,180 INFO  server.RaftServerConfigKeys (ConfUtils.java:logGet(43)) - raft.server.log.statemachine.data.sync.timeout = 10s (default)
2019-07-14 06:46:29,180 INFO  server.RaftServerConfigKeys (ConfUtils.java:logGet(43)) - raft.server.log.statemachine.data.sync.timeout.retry = -1 (default)
2019-07-14 06:46:29,181 INFO  server.RaftServerConfigKeys (ConfUtils.java:logGet(43)) - raft.server.log.statemachine.data.caching.enabled = true (custom)
2019-07-14 06:46:29,181 INFO  segmented.SegmentedRaftLogWorker (SegmentedRaftLogWorker.java:lambda$new$0(132)) - 59c3768e-ae7a-4719-9784-12278fdbb200-SegmentedRaftLogWorker:Storage Directory /tmp/workdir/hadoop-ozone/integration-test/target/test-dir/MiniOzoneClusterImpl-b7fcffd9-8ec7-477d-bf8a-1f2a2d93b531/datanode-5/data/ratis/ba5596c3-5270-4e34-aae6-e8f92b3e5ff8: flushIndex: setUnconditionally 0 -> -1
2019-07-14 06:46:29,181 INFO  server.RaftServerConfigKeys (ConfUtils.java:logGet(43)) - raft.server.snapshot.auto.trigger.enabled = true (custom)
2019-07-14 06:46:29,181 INFO  server.RaftServerConfigKeys (ConfUtils.java:logGet(43)) - raft.server.snapshot.auto.trigger.threshold = 10000 (custom)
2019-07-14 06:46:29,181 INFO  server.RaftServerConfigKeys (ConfUtils.java:logGet(43)) - raft.server.retrycache.expirytime = 600000ms (custom)
2019-07-14 06:46:29,182 INFO  impl.RaftServerImpl (RaftServerImpl.java:start(180)) - 59c3768e-ae7a-4719-9784-12278fdbb200: start group-E8F92B3E5FF8
2019-07-14 06:46:29,182 INFO  impl.RaftServerImpl (RaftServerImpl.java:setRole(171)) - 59c3768e-ae7a-4719-9784-12278fdbb200:group-E8F92B3E5FF8 changes role from null to FOLLOWER at term 0 for startAsFollower
2019-07-14 06:46:29,182 INFO  impl.RoleInfo (RoleInfo.java:updateAndGet(143)) - 59c3768e-ae7a-4719-9784-12278fdbb200: start FollowerState
2019-07-14 06:46:29,182 INFO  util.JmxRegister (JmxRegister.java:tryRegister(44)) - Successfully registered JMX Bean with object name Ratis:service=RaftServer,group=group-E8F92B3E5FF8,id=59c3768e-ae7a-4719-9784-12278fdbb200
2019-07-14 06:46:29,206 INFO  pipeline.PipelineStateManager (PipelineStateManager.java:addPipeline(56)) - Created pipeline Pipeline[ Id: ba5596c3-5270-4e34-aae6-e8f92b3e5ff8, Nodes: 59c3768e-ae7a-4719-9784-12278fdbb200{ip: 192.168.5.144, host: trunk-nightly-8c95p-1540871953, networkLocation: /default-rack, certSerialId: null}, Type:RATIS, Factor:ONE, State:OPEN]
2019-07-14 06:46:29,227 INFO  impl.RaftServerProxy (RaftServerProxy.java:addNew(89)) - 843b6365-27a0-4b11-82e1-2bb8e689001b: addNew group-3DF631A580EB:[843b6365-27a0-4b11-82e1-2bb8e689001b:192.168.5.144:35660] returns group-3DF631A580EB:java.util.concurrent.CompletableFuture@c41492[Not completed]
2019-07-14 06:46:29,229 INFO  impl.RaftServerImpl (RaftServerImpl.java:<init>(93)) - 843b6365-27a0-4b11-82e1-2bb8e689001b: new RaftServerImpl for group-3DF631A580EB:[843b6365-27a0-4b11-82e1-2bb8e689001b:192.168.5.144:35660] with ContainerStateMachine:uninitialized
2019-07-14 06:46:29,232 INFO  server.RaftServerConfigKeys (ConfUtils.java:logGet(43)) - raft.server.rpc.timeout.min = 5s (custom)
2019-07-14 06:46:29,233 INFO  server.RaftServerConfigKeys (ConfUtils.java:logGet(43)) - raft.server.rpc.timeout.max = 5200ms (custom)
2019-07-14 06:46:29,233 INFO  server.RaftServerConfigKeys (ConfUtils.java:logGet(43)) - raft.server.rpcslowness.timeout = 120s (custom)
2019-07-14 06:46:29,233 INFO  server.RaftServerConfigKeys (ConfUtils.java:logGet(43)) - raft.server.sleep.deviation.threshold = 300 (default)
2019-07-14 06:46:29,233 INFO  server.RaftServerConfigKeys (ConfUtils.java:logGet(43)) - raft.server.log.appender.install.snapshot.enabled = false (custom)
2019-07-14 06:46:29,233 INFO  impl.RaftServerImpl (ServerState.java:<init>(105)) - 843b6365-27a0-4b11-82e1-2bb8e689001b:group-3DF631A580EB ConfigurationManager, init=-1: [843b6365-27a0-4b11-82e1-2bb8e689001b:192.168.5.144:35660], old=null, confs=<EMPTY_MAP>
2019-07-14 06:46:29,233 INFO  server.RaftServerConfigKeys (ConfUtils.java:logGet(43)) - raft.server.storage.dir = [/tmp/workdir/hadoop-ozone/integration-test/target/test-dir/MiniOzoneClusterImpl-b7fcffd9-8ec7-477d-bf8a-1f2a2d93b531/datanode-6/data/ratis] (custom)
2019-07-14 06:46:29,234 INFO  storage.RaftStorageDirectory (RaftStorageDirectory.java:analyzeStorage(246)) - The storage directory /tmp/workdir/hadoop-ozone/integration-test/target/test-dir/MiniOzoneClusterImpl-b7fcffd9-8ec7-477d-bf8a-1f2a2d93b531/datanode-6/data/ratis/7b4cd13f-4b89-4ffc-9a3e-3df631a580eb does not exist. Creating ...
2019-07-14 06:46:29,246 INFO  storage.RaftStorageDirectory (RaftStorageDirectory.java:tryLock(328)) - Lock on /tmp/workdir/hadoop-ozone/integration-test/target/test-dir/MiniOzoneClusterImpl-b7fcffd9-8ec7-477d-bf8a-1f2a2d93b531/datanode-6/data/ratis/7b4cd13f-4b89-4ffc-9a3e-3df631a580eb/in_use.lock acquired by nodename 28347@trunk-nightly-8c95p-1540871953
2019-07-14 06:46:29,249 INFO  storage.RaftStorage (RaftStorage.java:format(72)) - Storage directory /tmp/workdir/hadoop-ozone/integration-test/target/test-dir/MiniOzoneClusterImpl-b7fcffd9-8ec7-477d-bf8a-1f2a2d93b531/datanode-6/data/ratis/7b4cd13f-4b89-4ffc-9a3e-3df631a580eb has been successfully formatted.
2019-07-14 06:46:29,250 INFO  ratis.ContainerStateMachine (ContainerStateMachine.java:loadSnapshot(200)) - group-3DF631A580EB: The snapshot info is null. Setting the last applied indexto:(t:0, i:~)
2019-07-14 06:46:29,250 INFO  server.RaftServerConfigKeys (ConfUtils.java:logGet(43)) - raft.server.leader.election.timeout = 120s (custom)
2019-07-14 06:46:29,250 INFO  server.RaftServerConfigKeys (ConfUtils.java:logGet(43)) - raft.server.log.use.memory = false (default)
2019-07-14 06:46:29,250 INFO  server.RaftServerConfigKeys (ConfUtils.java:logGet(43)) - raft.server.log.purge.gap = 1000000000 (custom)
2019-07-14 06:46:29,250 INFO  server.RaftServerConfigKeys (ConfUtils.java:logGet(43)) - raft.server.log.appender.buffer.byte-limit = 33554432 (custom)
2019-07-14 06:46:29,251 INFO  server.RaftServerConfigKeys (ConfUtils.java:logGet(43)) - raft.server.log.segment.size.max = 1048576 (custom)
2019-07-14 06:46:29,251 INFO  server.RaftServerConfigKeys (ConfUtils.java:logGet(43)) - raft.server.log.segment.cache.num.max = 2 (custom)
2019-07-14 06:46:29,251 INFO  segmented.SegmentedRaftLogWorker (SegmentedRaftLogWorker.java:<init>(172)) - new 843b6365-27a0-4b11-82e1-2bb8e689001b-SegmentedRaftLogWorker:Storage Directory /tmp/workdir/hadoop-ozone/integration-test/target/test-dir/MiniOzoneClusterImpl-b7fcffd9-8ec7-477d-bf8a-1f2a2d93b531/datanode-6/data/ratis/7b4cd13f-4b89-4ffc-9a3e-3df631a580eb for RaftStorage:Storage Directory /tmp/workdir/hadoop-ozone/integration-test/target/test-dir/MiniOzoneClusterImpl-b7fcffd9-8ec7-477d-bf8a-1f2a2d93b531/datanode-6/data/ratis/7b4cd13f-4b89-4ffc-9a3e-3df631a580eb
2019-07-14 06:46:29,251 INFO  server.RaftServerConfigKeys (ConfUtils.java:logGet(43)) - raft.server.log.queue.byte-limit = 2147483647 (custom)
2019-07-14 06:46:29,251 INFO  server.RaftServerConfigKeys (ConfUtils.java:logGet(43)) - raft.server.log.queue.element-limit = 1024 (custom)
2019-07-14 06:46:29,252 INFO  server.RaftServerConfigKeys (ConfUtils.java:logGet(43)) - raft.server.log.segment.size.max = 1048576 (custom)
2019-07-14 06:46:29,252 INFO  server.RaftServerConfigKeys (ConfUtils.java:logGet(43)) - raft.server.log.preallocated.size = 16384 (custom)
2019-07-14 06:46:29,252 INFO  server.RaftServerConfigKeys (ConfUtils.java:logGet(43)) - raft.server.log.write.buffer.size = 33554432 (custom)
2019-07-14 06:46:29,252 INFO  server.RaftServerConfigKeys (ConfUtils.java:logGet(43)) - raft.server.log.force.sync.num = 128 (default)
2019-07-14 06:46:29,252 INFO  server.RaftServerConfigKeys (ConfUtils.java:logGet(43)) - raft.server.log.statemachine.data.sync = true (default)
2019-07-14 06:46:29,252 INFO  server.RaftServerConfigKeys (ConfUtils.java:logGet(43)) - raft.server.log.statemachine.data.sync.timeout = 10s (default)
2019-07-14 06:46:29,252 INFO  server.RaftServerConfigKeys (ConfUtils.java:logGet(43)) - raft.server.log.statemachine.data.sync.timeout.retry = -1 (default)
2019-07-14 06:46:29,253 INFO  server.RaftServerConfigKeys (ConfUtils.java:logGet(43)) - raft.server.log.statemachine.data.caching.enabled = true (custom)
2019-07-14 06:46:29,253 INFO  segmented.SegmentedRaftLogWorker (SegmentedRaftLogWorker.java:lambda$new$0(132)) - 843b6365-27a0-4b11-82e1-2bb8e689001b-SegmentedRaftLogWorker:Storage Directory /tmp/workdir/hadoop-ozone/integration-test/target/test-dir/MiniOzoneClusterImpl-b7fcffd9-8ec7-477d-bf8a-1f2a2d93b531/datanode-6/data/ratis/7b4cd13f-4b89-4ffc-9a3e-3df631a580eb: flushIndex: setUnconditionally 0 -> -1
2019-07-14 06:46:29,254 INFO  server.RaftServerConfigKeys (ConfUtils.java:logGet(43)) - raft.server.snapshot.auto.trigger.enabled = true (custom)
2019-07-14 06:46:29,254 INFO  server.RaftServerConfigKeys (ConfUtils.java:logGet(43)) - raft.server.snapshot.auto.trigger.threshold = 10000 (custom)
2019-07-14 06:46:29,254 INFO  server.RaftServerConfigKeys (ConfUtils.java:logGet(43)) - raft.server.retrycache.expirytime = 600000ms (custom)
2019-07-14 06:46:29,254 INFO  impl.RaftServerImpl (RaftServerImpl.java:start(180)) - 843b6365-27a0-4b11-82e1-2bb8e689001b: start group-3DF631A580EB
2019-07-14 06:46:29,254 INFO  impl.RaftServerImpl (RaftServerImpl.java:setRole(171)) - 843b6365-27a0-4b11-82e1-2bb8e689001b:group-3DF631A580EB changes role from null to FOLLOWER at term 0 for startAsFollower
2019-07-14 06:46:29,254 INFO  impl.RoleInfo (RoleInfo.java:updateAndGet(143)) - 843b6365-27a0-4b11-82e1-2bb8e689001b: start FollowerState
2019-07-14 06:46:29,255 INFO  util.JmxRegister (JmxRegister.java:tryRegister(44)) - Successfully registered JMX Bean with object name Ratis:service=RaftServer,group=group-3DF631A580EB,id=843b6365-27a0-4b11-82e1-2bb8e689001b
2019-07-14 06:46:29,263 INFO  pipeline.PipelineStateManager (PipelineStateManager.java:addPipeline(56)) - Created pipeline Pipeline[ Id: 7b4cd13f-4b89-4ffc-9a3e-3df631a580eb, Nodes: 843b6365-27a0-4b11-82e1-2bb8e689001b{ip: 192.168.5.144, host: trunk-nightly-8c95p-1540871953, networkLocation: /default-rack, certSerialId: null}, Type:RATIS, Factor:ONE, State:OPEN]
2019-07-14 06:46:29,287 INFO  impl.RaftServerProxy (RaftServerProxy.java:addNew(89)) - 572141e2-e6f3-45f7-b8e3-346ee4d8661b: addNew group-9A9EE098FBED:[572141e2-e6f3-45f7-b8e3-346ee4d8661b:192.168.5.144:45033] returns group-9A9EE098FBED:java.util.concurrent.CompletableFuture@7eff41c7[Not completed]
2019-07-14 06:46:29,289 INFO  impl.RaftServerImpl (RaftServerImpl.java:<init>(93)) - 572141e2-e6f3-45f7-b8e3-346ee4d8661b: new RaftServerImpl for group-9A9EE098FBED:[572141e2-e6f3-45f7-b8e3-346ee4d8661b:192.168.5.144:45033] with ContainerStateMachine:uninitialized
2019-07-14 06:46:29,290 INFO  server.RaftServerConfigKeys (ConfUtils.java:logGet(43)) - raft.server.rpc.timeout.min = 5s (custom)
2019-07-14 06:46:29,290 INFO  server.RaftServerConfigKeys (ConfUtils.java:logGet(43)) - raft.server.rpc.timeout.max = 5200ms (custom)
2019-07-14 06:46:29,290 INFO  server.RaftServerConfigKeys (ConfUtils.java:logGet(43)) - raft.server.rpcslowness.timeout = 120s (custom)
2019-07-14 06:46:29,291 INFO  server.RaftServerConfigKeys (ConfUtils.java:logGet(43)) - raft.server.sleep.deviation.threshold = 300 (default)
2019-07-14 06:46:29,291 INFO  server.RaftServerConfigKeys (ConfUtils.java:logGet(43)) - raft.server.log.appender.install.snapshot.enabled = false (custom)
2019-07-14 06:46:29,291 INFO  impl.RaftServerImpl (ServerState.java:<init>(105)) - 572141e2-e6f3-45f7-b8e3-346ee4d8661b:group-9A9EE098FBED ConfigurationManager, init=-1: [572141e2-e6f3-45f7-b8e3-346ee4d8661b:192.168.5.144:45033], old=null, confs=<EMPTY_MAP>
2019-07-14 06:46:29,291 INFO  server.RaftServerConfigKeys (ConfUtils.java:logGet(43)) - raft.server.storage.dir = [/tmp/workdir/hadoop-ozone/integration-test/target/test-dir/MiniOzoneClusterImpl-b7fcffd9-8ec7-477d-bf8a-1f2a2d93b531/datanode-3/data/ratis] (custom)
2019-07-14 06:46:29,292 INFO  storage.RaftStorageDirectory (RaftStorageDirectory.java:analyzeStorage(246)) - The storage directory /tmp/workdir/hadoop-ozone/integration-test/target/test-dir/MiniOzoneClusterImpl-b7fcffd9-8ec7-477d-bf8a-1f2a2d93b531/datanode-3/data/ratis/c8045a94-6df9-4d07-a701-9a9ee098fbed does not exist. Creating ...
2019-07-14 06:46:29,303 INFO  storage.RaftStorageDirectory (RaftStorageDirectory.java:tryLock(328)) - Lock on /tmp/workdir/hadoop-ozone/integration-test/target/test-dir/MiniOzoneClusterImpl-b7fcffd9-8ec7-477d-bf8a-1f2a2d93b531/datanode-3/data/ratis/c8045a94-6df9-4d07-a701-9a9ee098fbed/in_use.lock acquired by nodename 28347@trunk-nightly-8c95p-1540871953
2019-07-14 06:46:29,313 INFO  storage.RaftStorage (RaftStorage.java:format(72)) - Storage directory /tmp/workdir/hadoop-ozone/integration-test/target/test-dir/MiniOzoneClusterImpl-b7fcffd9-8ec7-477d-bf8a-1f2a2d93b531/datanode-3/data/ratis/c8045a94-6df9-4d07-a701-9a9ee098fbed has been successfully formatted.
2019-07-14 06:46:29,313 INFO  ratis.ContainerStateMachine (ContainerStateMachine.java:loadSnapshot(200)) - group-9A9EE098FBED: The snapshot info is null. Setting the last applied indexto:(t:0, i:~)
2019-07-14 06:46:29,313 INFO  server.RaftServerConfigKeys (ConfUtils.java:logGet(43)) - raft.server.leader.election.timeout = 120s (custom)
2019-07-14 06:46:29,313 INFO  server.RaftServerConfigKeys (ConfUtils.java:logGet(43)) - raft.server.log.use.memory = false (default)
2019-07-14 06:46:29,313 INFO  server.RaftServerConfigKeys (ConfUtils.java:logGet(43)) - raft.server.log.purge.gap = 1000000000 (custom)
2019-07-14 06:46:29,314 INFO  server.RaftServerConfigKeys (ConfUtils.java:logGet(43)) - raft.server.log.appender.buffer.byte-limit = 33554432 (custom)
2019-07-14 06:46:29,314 INFO  server.RaftServerConfigKeys (ConfUtils.java:logGet(43)) - raft.server.log.segment.size.max = 1048576 (custom)
2019-07-14 06:46:29,314 INFO  server.RaftServerConfigKeys (ConfUtils.java:logGet(43)) - raft.server.log.segment.cache.num.max = 2 (custom)
2019-07-14 06:46:29,314 INFO  segmented.SegmentedRaftLogWorker (SegmentedRaftLogWorker.java:<init>(172)) - new 572141e2-e6f3-45f7-b8e3-346ee4d8661b-SegmentedRaftLogWorker:Storage Directory /tmp/workdir/hadoop-ozone/integration-test/target/test-dir/MiniOzoneClusterImpl-b7fcffd9-8ec7-477d-bf8a-1f2a2d93b531/datanode-3/data/ratis/c8045a94-6df9-4d07-a701-9a9ee098fbed for RaftStorage:Storage Directory /tmp/workdir/hadoop-ozone/integration-test/target/test-dir/MiniOzoneClusterImpl-b7fcffd9-8ec7-477d-bf8a-1f2a2d93b531/datanode-3/data/ratis/c8045a94-6df9-4d07-a701-9a9ee098fbed
2019-07-14 06:46:29,314 INFO  server.RaftServerConfigKeys (ConfUtils.java:logGet(43)) - raft.server.log.queue.byte-limit = 2147483647 (custom)
2019-07-14 06:46:29,315 INFO  server.RaftServerConfigKeys (ConfUtils.java:logGet(43)) - raft.server.log.queue.element-limit = 1024 (custom)
2019-07-14 06:46:29,315 INFO  server.RaftServerConfigKeys (ConfUtils.java:logGet(43)) - raft.server.log.segment.size.max = 1048576 (custom)
2019-07-14 06:46:29,315 INFO  server.RaftServerConfigKeys (ConfUtils.java:logGet(43)) - raft.server.log.preallocated.size = 16384 (custom)
2019-07-14 06:46:29,315 INFO  server.RaftServerConfigKeys (ConfUtils.java:logGet(43)) - raft.server.log.write.buffer.size = 33554432 (custom)
2019-07-14 06:46:29,315 INFO  server.RaftServerConfigKeys (ConfUtils.java:logGet(43)) - raft.server.log.force.sync.num = 128 (default)
2019-07-14 06:46:29,316 INFO  server.RaftServerConfigKeys (ConfUtils.java:logGet(43)) - raft.server.log.statemachine.data.sync = true (default)
2019-07-14 06:46:29,316 INFO  server.RaftServerConfigKeys (ConfUtils.java:logGet(43)) - raft.server.log.statemachine.data.sync.timeout = 10s (default)
2019-07-14 06:46:29,316 INFO  server.RaftServerConfigKeys (ConfUtils.java:logGet(43)) - raft.server.log.statemachine.data.sync.timeout.retry = -1 (default)
2019-07-14 06:46:29,316 INFO  server.RaftServerConfigKeys (ConfUtils.java:logGet(43)) - raft.server.log.statemachine.data.caching.enabled = true (custom)
2019-07-14 06:46:29,317 INFO  segmented.SegmentedRaftLogWorker (SegmentedRaftLogWorker.java:lambda$new$0(132)) - 572141e2-e6f3-45f7-b8e3-346ee4d8661b-SegmentedRaftLogWorker:Storage Directory /tmp/workdir/hadoop-ozone/integration-test/target/test-dir/MiniOzoneClusterImpl-b7fcffd9-8ec7-477d-bf8a-1f2a2d93b531/datanode-3/data/ratis/c8045a94-6df9-4d07-a701-9a9ee098fbed: flushIndex: setUnconditionally 0 -> -1
2019-07-14 06:46:29,317 INFO  server.RaftServerConfigKeys (ConfUtils.java:logGet(43)) - raft.server.snapshot.auto.trigger.enabled = true (custom)
2019-07-14 06:46:29,317 INFO  server.RaftServerConfigKeys (ConfUtils.java:logGet(43)) - raft.server.snapshot.auto.trigger.threshold = 10000 (custom)
2019-07-14 06:46:29,317 INFO  server.RaftServerConfigKeys (ConfUtils.java:logGet(43)) - raft.server.retrycache.expirytime = 600000ms (custom)
2019-07-14 06:46:29,318 INFO  impl.RaftServerImpl (RaftServerImpl.java:start(180)) - 572141e2-e6f3-45f7-b8e3-346ee4d8661b: start group-9A9EE098FBED
2019-07-14 06:46:29,318 INFO  impl.RaftServerImpl (RaftServerImpl.java:setRole(171)) - 572141e2-e6f3-45f7-b8e3-346ee4d8661b:group-9A9EE098FBED changes role from null to FOLLOWER at term 0 for startAsFollower
2019-07-14 06:46:29,318 INFO  impl.RoleInfo (RoleInfo.java:updateAndGet(143)) - 572141e2-e6f3-45f7-b8e3-346ee4d8661b: start FollowerState
2019-07-14 06:46:29,319 INFO  util.JmxRegister (JmxRegister.java:tryRegister(44)) - Successfully registered JMX Bean with object name Ratis:service=RaftServer,group=group-9A9EE098FBED,id=572141e2-e6f3-45f7-b8e3-346ee4d8661b
2019-07-14 06:46:29,328 INFO  pipeline.PipelineStateManager (PipelineStateManager.java:addPipeline(56)) - Created pipeline Pipeline[ Id: c8045a94-6df9-4d07-a701-9a9ee098fbed, Nodes: 572141e2-e6f3-45f7-b8e3-346ee4d8661b{ip: 192.168.5.144, host: trunk-nightly-8c95p-1540871953, networkLocation: /default-rack, certSerialId: null}, Type:RATIS, Factor:ONE, State:OPEN]
2019-07-14 06:46:29,343 INFO  impl.RaftServerProxy (RaftServerProxy.java:addNew(89)) - 4fe7c8bd-e83e-4156-87ee-16a56db4aea3: addNew group-49B274E0B5F2:[4fe7c8bd-e83e-4156-87ee-16a56db4aea3:192.168.5.144:36245] returns group-49B274E0B5F2:java.util.concurrent.CompletableFuture@3af9507d[Not completed]
2019-07-14 06:46:29,345 INFO  impl.RaftServerImpl (RaftServerImpl.java:<init>(93)) - 4fe7c8bd-e83e-4156-87ee-16a56db4aea3: new RaftServerImpl for group-49B274E0B5F2:[4fe7c8bd-e83e-4156-87ee-16a56db4aea3:192.168.5.144:36245] with ContainerStateMachine:uninitialized
2019-07-14 06:46:29,347 INFO  server.RaftServerConfigKeys (ConfUtils.java:logGet(43)) - raft.server.rpc.timeout.min = 5s (custom)
2019-07-14 06:46:29,347 INFO  server.RaftServerConfigKeys (ConfUtils.java:logGet(43)) - raft.server.rpc.timeout.max = 5200ms (custom)
2019-07-14 06:46:29,347 INFO  server.RaftServerConfigKeys (ConfUtils.java:logGet(43)) - raft.server.rpcslowness.timeout = 120s (custom)
2019-07-14 06:46:29,347 INFO  server.RaftServerConfigKeys (ConfUtils.java:logGet(43)) - raft.server.sleep.deviation.threshold = 300 (default)
2019-07-14 06:46:29,347 INFO  server.RaftServerConfigKeys (ConfUtils.java:logGet(43)) - raft.server.log.appender.install.snapshot.enabled = false (custom)
2019-07-14 06:46:29,348 INFO  impl.RaftServerImpl (ServerState.java:<init>(105)) - 4fe7c8bd-e83e-4156-87ee-16a56db4aea3:group-49B274E0B5F2 ConfigurationManager, init=-1: [4fe7c8bd-e83e-4156-87ee-16a56db4aea3:192.168.5.144:36245], old=null, confs=<EMPTY_MAP>
2019-07-14 06:46:29,348 INFO  server.RaftServerConfigKeys (ConfUtils.java:logGet(43)) - raft.server.storage.dir = [/tmp/workdir/hadoop-ozone/integration-test/target/test-dir/MiniOzoneClusterImpl-b7fcffd9-8ec7-477d-bf8a-1f2a2d93b531/datanode-4/data/ratis] (custom)
2019-07-14 06:46:29,348 INFO  storage.RaftStorageDirectory (RaftStorageDirectory.java:analyzeStorage(246)) - The storage directory /tmp/workdir/hadoop-ozone/integration-test/target/test-dir/MiniOzoneClusterImpl-b7fcffd9-8ec7-477d-bf8a-1f2a2d93b531/datanode-4/data/ratis/8b35e37d-812c-4e77-80c9-49b274e0b5f2 does not exist. Creating ...
2019-07-14 06:46:29,353 INFO  storage.RaftStorageDirectory (RaftStorageDirectory.java:tryLock(328)) - Lock on /tmp/workdir/hadoop-ozone/integration-test/target/test-dir/MiniOzoneClusterImpl-b7fcffd9-8ec7-477d-bf8a-1f2a2d93b531/datanode-4/data/ratis/8b35e37d-812c-4e77-80c9-49b274e0b5f2/in_use.lock acquired by nodename 28347@trunk-nightly-8c95p-1540871953
2019-07-14 06:46:29,364 INFO  storage.RaftStorage (RaftStorage.java:format(72)) - Storage directory /tmp/workdir/hadoop-ozone/integration-test/target/test-dir/MiniOzoneClusterImpl-b7fcffd9-8ec7-477d-bf8a-1f2a2d93b531/datanode-4/data/ratis/8b35e37d-812c-4e77-80c9-49b274e0b5f2 has been successfully formatted.
2019-07-14 06:46:29,364 INFO  ratis.ContainerStateMachine (ContainerStateMachine.java:loadSnapshot(200)) - group-49B274E0B5F2: The snapshot info is null. Setting the last applied indexto:(t:0, i:~)
2019-07-14 06:46:29,365 INFO  server.RaftServerConfigKeys (ConfUtils.java:logGet(43)) - raft.server.leader.election.timeout = 120s (custom)
2019-07-14 06:46:29,365 INFO  server.RaftServerConfigKeys (ConfUtils.java:logGet(43)) - raft.server.log.use.memory = false (default)
2019-07-14 06:46:29,365 INFO  server.RaftServerConfigKeys (ConfUtils.java:logGet(43)) - raft.server.log.purge.gap = 1000000000 (custom)
2019-07-14 06:46:29,365 INFO  server.RaftServerConfigKeys (ConfUtils.java:logGet(43)) - raft.server.log.appender.buffer.byte-limit = 33554432 (custom)
2019-07-14 06:46:29,365 INFO  server.RaftServerConfigKeys (ConfUtils.java:logGet(43)) - raft.server.log.segment.size.max = 1048576 (custom)
2019-07-14 06:46:29,365 INFO  server.RaftServerConfigKeys (ConfUtils.java:logGet(43)) - raft.server.log.segment.cache.num.max = 2 (custom)
2019-07-14 06:46:29,365 INFO  segmented.SegmentedRaftLogWorker (SegmentedRaftLogWorker.java:<init>(172)) - new 4fe7c8bd-e83e-4156-87ee-16a56db4aea3-SegmentedRaftLogWorker:Storage Directory /tmp/workdir/hadoop-ozone/integration-test/target/test-dir/MiniOzoneClusterImpl-b7fcffd9-8ec7-477d-bf8a-1f2a2d93b531/datanode-4/data/ratis/8b35e37d-812c-4e77-80c9-49b274e0b5f2 for RaftStorage:Storage Directory /tmp/workdir/hadoop-ozone/integration-test/target/test-dir/MiniOzoneClusterImpl-b7fcffd9-8ec7-477d-bf8a-1f2a2d93b531/datanode-4/data/ratis/8b35e37d-812c-4e77-80c9-49b274e0b5f2
2019-07-14 06:46:29,366 INFO  server.RaftServerConfigKeys (ConfUtils.java:logGet(43)) - raft.server.log.queue.byte-limit = 2147483647 (custom)
2019-07-14 06:46:29,366 INFO  server.RaftServerConfigKeys (ConfUtils.java:logGet(43)) - raft.server.log.queue.element-limit = 1024 (custom)
2019-07-14 06:46:29,366 INFO  server.RaftServerConfigKeys (ConfUtils.java:logGet(43)) - raft.server.log.segment.size.max = 1048576 (custom)
2019-07-14 06:46:29,366 INFO  server.RaftServerConfigKeys (ConfUtils.java:logGet(43)) - raft.server.log.preallocated.size = 16384 (custom)
2019-07-14 06:46:29,366 INFO  server.RaftServerConfigKeys (ConfUtils.java:logGet(43)) - raft.server.log.write.buffer.size = 33554432 (custom)
2019-07-14 06:46:29,366 INFO  server.RaftServerConfigKeys (ConfUtils.java:logGet(43)) - raft.server.log.force.sync.num = 128 (default)
2019-07-14 06:46:29,367 INFO  server.RaftServerConfigKeys (ConfUtils.java:logGet(43)) - raft.server.log.statemachine.data.sync = true (default)
2019-07-14 06:46:29,367 INFO  server.RaftServerConfigKeys (ConfUtils.java:logGet(43)) - raft.server.log.statemachine.data.sync.timeout = 10s (default)
2019-07-14 06:46:29,367 INFO  server.RaftServerConfigKeys (ConfUtils.java:logGet(43)) - raft.server.log.statemachine.data.sync.timeout.retry = -1 (default)
2019-07-14 06:46:29,367 INFO  server.RaftServerConfigKeys (ConfUtils.java:logGet(43)) - raft.server.log.statemachine.data.caching.enabled = true (custom)
2019-07-14 06:46:29,367 INFO  segmented.SegmentedRaftLogWorker (SegmentedRaftLogWorker.java:lambda$new$0(132)) - 4fe7c8bd-e83e-4156-87ee-16a56db4aea3-SegmentedRaftLogWorker:Storage Directory /tmp/workdir/hadoop-ozone/integration-test/target/test-dir/MiniOzoneClusterImpl-b7fcffd9-8ec7-477d-bf8a-1f2a2d93b531/datanode-4/data/ratis/8b35e37d-812c-4e77-80c9-49b274e0b5f2: flushIndex: setUnconditionally 0 -> -1
2019-07-14 06:46:29,368 INFO  server.RaftServerConfigKeys (ConfUtils.java:logGet(43)) - raft.server.snapshot.auto.trigger.enabled = true (custom)
2019-07-14 06:46:29,368 INFO  server.RaftServerConfigKeys (ConfUtils.java:logGet(43)) - raft.server.snapshot.auto.trigger.threshold = 10000 (custom)
2019-07-14 06:46:29,368 INFO  server.RaftServerConfigKeys (ConfUtils.java:logGet(43)) - raft.server.retrycache.expirytime = 600000ms (custom)
2019-07-14 06:46:29,368 INFO  impl.RaftServerImpl (RaftServerImpl.java:start(180)) - 4fe7c8bd-e83e-4156-87ee-16a56db4aea3: start group-49B274E0B5F2
2019-07-14 06:46:29,368 INFO  impl.RaftServerImpl (RaftServerImpl.java:setRole(171)) - 4fe7c8bd-e83e-4156-87ee-16a56db4aea3:group-49B274E0B5F2 changes role from null to FOLLOWER at term 0 for startAsFollower
2019-07-14 06:46:29,368 INFO  impl.RoleInfo (RoleInfo.java:updateAndGet(143)) - 4fe7c8bd-e83e-4156-87ee-16a56db4aea3: start FollowerState
2019-07-14 06:46:29,369 INFO  util.JmxRegister (JmxRegister.java:tryRegister(44)) - Successfully registered JMX Bean with object name Ratis:service=RaftServer,group=group-49B274E0B5F2,id=4fe7c8bd-e83e-4156-87ee-16a56db4aea3
2019-07-14 06:46:29,390 INFO  pipeline.PipelineStateManager (PipelineStateManager.java:addPipeline(56)) - Created pipeline Pipeline[ Id: 8b35e37d-812c-4e77-80c9-49b274e0b5f2, Nodes: 4fe7c8bd-e83e-4156-87ee-16a56db4aea3{ip: 192.168.5.144, host: trunk-nightly-8c95p-1540871953, networkLocation: /default-rack, certSerialId: null}, Type:RATIS, Factor:ONE, State:OPEN]
2019-07-14 06:46:29,415 INFO  impl.RaftServerProxy (RaftServerProxy.java:addNew(89)) - d039632d-e2b5-49be-a69b-d282ef2b916c: addNew group-59CC98192836:[d039632d-e2b5-49be-a69b-d282ef2b916c:192.168.5.144:37912, d28cc584-136a-47e9-9084-bf48153689c3:192.168.5.144:43817, 2bf79f1f-a1cb-4201-8817-73394a51a399:192.168.5.144:43305] returns group-59CC98192836:java.util.concurrent.CompletableFuture@1dc0fd99[Not completed]
2019-07-14 06:46:29,416 INFO  impl.RaftServerProxy (RaftServerProxy.java:addNew(89)) - 2bf79f1f-a1cb-4201-8817-73394a51a399: addNew group-59CC98192836:[d039632d-e2b5-49be-a69b-d282ef2b916c:192.168.5.144:37912, d28cc584-136a-47e9-9084-bf48153689c3:192.168.5.144:43817, 2bf79f1f-a1cb-4201-8817-73394a51a399:192.168.5.144:43305] returns group-59CC98192836:java.util.concurrent.CompletableFuture@4f56a9f0[Not completed]
2019-07-14 06:46:29,418 INFO  impl.RaftServerProxy (RaftServerProxy.java:addNew(89)) - d28cc584-136a-47e9-9084-bf48153689c3: addNew group-59CC98192836:[d039632d-e2b5-49be-a69b-d282ef2b916c:192.168.5.144:37912, d28cc584-136a-47e9-9084-bf48153689c3:192.168.5.144:43817, 2bf79f1f-a1cb-4201-8817-73394a51a399:192.168.5.144:43305] returns group-59CC98192836:java.util.concurrent.CompletableFuture@e6ba3cb[Not completed]
2019-07-14 06:46:29,418 INFO  impl.RaftServerImpl (RaftServerImpl.java:<init>(93)) - d039632d-e2b5-49be-a69b-d282ef2b916c: new RaftServerImpl for group-59CC98192836:[d039632d-e2b5-49be-a69b-d282ef2b916c:192.168.5.144:37912, d28cc584-136a-47e9-9084-bf48153689c3:192.168.5.144:43817, 2bf79f1f-a1cb-4201-8817-73394a51a399:192.168.5.144:43305] with ContainerStateMachine:uninitialized
2019-07-14 06:46:29,419 INFO  server.RaftServerConfigKeys (ConfUtils.java:logGet(43)) - raft.server.rpc.timeout.min = 5s (custom)
2019-07-14 06:46:29,419 INFO  server.RaftServerConfigKeys (ConfUtils.java:logGet(43)) - raft.server.rpc.timeout.max = 5200ms (custom)
2019-07-14 06:46:29,419 INFO  server.RaftServerConfigKeys (ConfUtils.java:logGet(43)) - raft.server.rpcslowness.timeout = 120s (custom)
2019-07-14 06:46:29,419 INFO  impl.RaftServerImpl (RaftServerImpl.java:<init>(93)) - d28cc584-136a-47e9-9084-bf48153689c3: new RaftServerImpl for group-59CC98192836:[d039632d-e2b5-49be-a69b-d282ef2b916c:192.168.5.144:37912, d28cc584-136a-47e9-9084-bf48153689c3:192.168.5.144:43817, 2bf79f1f-a1cb-4201-8817-73394a51a399:192.168.5.144:43305] with ContainerStateMachine:uninitialized
2019-07-14 06:46:29,419 INFO  server.RaftServerConfigKeys (ConfUtils.java:logGet(43)) - raft.server.sleep.deviation.threshold = 300 (default)
2019-07-14 06:46:29,419 INFO  server.RaftServerConfigKeys (ConfUtils.java:logGet(43)) - raft.server.rpc.timeout.min = 5s (custom)
2019-07-14 06:46:29,419 INFO  server.RaftServerConfigKeys (ConfUtils.java:logGet(43)) - raft.server.log.appender.install.snapshot.enabled = false (custom)
2019-07-14 06:46:29,420 INFO  server.RaftServerConfigKeys (ConfUtils.java:logGet(43)) - raft.server.rpc.timeout.max = 5200ms (custom)
2019-07-14 06:46:29,420 INFO  impl.RaftServerImpl (ServerState.java:<init>(105)) - d039632d-e2b5-49be-a69b-d282ef2b916c:group-59CC98192836 ConfigurationManager, init=-1: [d039632d-e2b5-49be-a69b-d282ef2b916c:192.168.5.144:37912, d28cc584-136a-47e9-9084-bf48153689c3:192.168.5.144:43817, 2bf79f1f-a1cb-4201-8817-73394a51a399:192.168.5.144:43305], old=null, confs=<EMPTY_MAP>
2019-07-14 06:46:29,420 INFO  server.RaftServerConfigKeys (ConfUtils.java:logGet(43)) - raft.server.rpcslowness.timeout = 120s (custom)
2019-07-14 06:46:29,420 INFO  impl.RaftServerImpl (RaftServerImpl.java:<init>(93)) - 2bf79f1f-a1cb-4201-8817-73394a51a399: new RaftServerImpl for group-59CC98192836:[d039632d-e2b5-49be-a69b-d282ef2b916c:192.168.5.144:37912, d28cc584-136a-47e9-9084-bf48153689c3:192.168.5.144:43817, 2bf79f1f-a1cb-4201-8817-73394a51a399:192.168.5.144:43305] with ContainerStateMachine:uninitialized
2019-07-14 06:46:29,420 INFO  server.RaftServerConfigKeys (ConfUtils.java:logGet(43)) - raft.server.storage.dir = [/tmp/workdir/hadoop-ozone/integration-test/target/test-dir/MiniOzoneClusterImpl-b7fcffd9-8ec7-477d-bf8a-1f2a2d93b531/datanode-2/data/ratis] (custom)
2019-07-14 06:46:29,420 INFO  server.RaftServerConfigKeys (ConfUtils.java:logGet(43)) - raft.server.sleep.deviation.threshold = 300 (default)
2019-07-14 06:46:29,420 INFO  server.RaftServerConfigKeys (ConfUtils.java:logGet(43)) - raft.server.rpc.timeout.min = 5s (custom)
2019-07-14 06:46:29,420 INFO  server.RaftServerConfigKeys (ConfUtils.java:logGet(43)) - raft.server.log.appender.install.snapshot.enabled = false (custom)
2019-07-14 06:46:29,421 INFO  storage.RaftStorageDirectory (RaftStorageDirectory.java:analyzeStorage(246)) - The storage directory /tmp/workdir/hadoop-ozone/integration-test/target/test-dir/MiniOzoneClusterImpl-b7fcffd9-8ec7-477d-bf8a-1f2a2d93b531/datanode-2/data/ratis/6a3cc17f-3c8b-41e1-9bdf-59cc98192836 does not exist. Creating ...
2019-07-14 06:46:29,421 INFO  server.RaftServerConfigKeys (ConfUtils.java:logGet(43)) - raft.server.rpc.timeout.max = 5200ms (custom)
2019-07-14 06:46:29,421 INFO  impl.RaftServerImpl (ServerState.java:<init>(105)) - d28cc584-136a-47e9-9084-bf48153689c3:group-59CC98192836 ConfigurationManager, init=-1: [d039632d-e2b5-49be-a69b-d282ef2b916c:192.168.5.144:37912, d28cc584-136a-47e9-9084-bf48153689c3:192.168.5.144:43817, 2bf79f1f-a1cb-4201-8817-73394a51a399:192.168.5.144:43305], old=null, confs=<EMPTY_MAP>
2019-07-14 06:46:29,421 INFO  server.RaftServerConfigKeys (ConfUtils.java:logGet(43)) - raft.server.rpcslowness.timeout = 120s (custom)
2019-07-14 06:46:29,421 INFO  server.RaftServerConfigKeys (ConfUtils.java:logGet(43)) - raft.server.storage.dir = [/tmp/workdir/hadoop-ozone/integration-test/target/test-dir/MiniOzoneClusterImpl-b7fcffd9-8ec7-477d-bf8a-1f2a2d93b531/datanode-0/data/ratis] (custom)
2019-07-14 06:46:29,421 INFO  server.RaftServerConfigKeys (ConfUtils.java:logGet(43)) - raft.server.sleep.deviation.threshold = 300 (default)
2019-07-14 06:46:29,421 INFO  server.RaftServerConfigKeys (ConfUtils.java:logGet(43)) - raft.server.log.appender.install.snapshot.enabled = false (custom)
2019-07-14 06:46:29,422 INFO  storage.RaftStorageDirectory (RaftStorageDirectory.java:analyzeStorage(246)) - The storage directory /tmp/workdir/hadoop-ozone/integration-test/target/test-dir/MiniOzoneClusterImpl-b7fcffd9-8ec7-477d-bf8a-1f2a2d93b531/datanode-0/data/ratis/6a3cc17f-3c8b-41e1-9bdf-59cc98192836 does not exist. Creating ...
2019-07-14 06:46:29,422 INFO  impl.RaftServerImpl (ServerState.java:<init>(105)) - 2bf79f1f-a1cb-4201-8817-73394a51a399:group-59CC98192836 ConfigurationManager, init=-1: [d039632d-e2b5-49be-a69b-d282ef2b916c:192.168.5.144:37912, d28cc584-136a-47e9-9084-bf48153689c3:192.168.5.144:43817, 2bf79f1f-a1cb-4201-8817-73394a51a399:192.168.5.144:43305], old=null, confs=<EMPTY_MAP>
2019-07-14 06:46:29,422 INFO  server.RaftServerConfigKeys (ConfUtils.java:logGet(43)) - raft.server.storage.dir = [/tmp/workdir/hadoop-ozone/integration-test/target/test-dir/MiniOzoneClusterImpl-b7fcffd9-8ec7-477d-bf8a-1f2a2d93b531/datanode-1/data/ratis] (custom)
2019-07-14 06:46:29,422 INFO  storage.RaftStorageDirectory (RaftStorageDirectory.java:analyzeStorage(246)) - The storage directory /tmp/workdir/hadoop-ozone/integration-test/target/test-dir/MiniOzoneClusterImpl-b7fcffd9-8ec7-477d-bf8a-1f2a2d93b531/datanode-1/data/ratis/6a3cc17f-3c8b-41e1-9bdf-59cc98192836 does not exist. Creating ...
2019-07-14 06:46:29,433 INFO  storage.RaftStorageDirectory (RaftStorageDirectory.java:tryLock(328)) - Lock on /tmp/workdir/hadoop-ozone/integration-test/target/test-dir/MiniOzoneClusterImpl-b7fcffd9-8ec7-477d-bf8a-1f2a2d93b531/datanode-1/data/ratis/6a3cc17f-3c8b-41e1-9bdf-59cc98192836/in_use.lock acquired by nodename 28347@trunk-nightly-8c95p-1540871953
2019-07-14 06:46:29,433 INFO  storage.RaftStorageDirectory (RaftStorageDirectory.java:tryLock(328)) - Lock on /tmp/workdir/hadoop-ozone/integration-test/target/test-dir/MiniOzoneClusterImpl-b7fcffd9-8ec7-477d-bf8a-1f2a2d93b531/datanode-0/data/ratis/6a3cc17f-3c8b-41e1-9bdf-59cc98192836/in_use.lock acquired by nodename 28347@trunk-nightly-8c95p-1540871953
2019-07-14 06:46:29,433 INFO  storage.RaftStorageDirectory (RaftStorageDirectory.java:tryLock(328)) - Lock on /tmp/workdir/hadoop-ozone/integration-test/target/test-dir/MiniOzoneClusterImpl-b7fcffd9-8ec7-477d-bf8a-1f2a2d93b531/datanode-2/data/ratis/6a3cc17f-3c8b-41e1-9bdf-59cc98192836/in_use.lock acquired by nodename 28347@trunk-nightly-8c95p-1540871953
2019-07-14 06:46:29,437 INFO  storage.RaftStorage (RaftStorage.java:format(72)) - Storage directory /tmp/workdir/hadoop-ozone/integration-test/target/test-dir/MiniOzoneClusterImpl-b7fcffd9-8ec7-477d-bf8a-1f2a2d93b531/datanode-0/data/ratis/6a3cc17f-3c8b-41e1-9bdf-59cc98192836 has been successfully formatted.
2019-07-14 06:46:29,438 INFO  storage.RaftStorage (RaftStorage.java:format(72)) - Storage directory /tmp/workdir/hadoop-ozone/integration-test/target/test-dir/MiniOzoneClusterImpl-b7fcffd9-8ec7-477d-bf8a-1f2a2d93b531/datanode-1/data/ratis/6a3cc17f-3c8b-41e1-9bdf-59cc98192836 has been successfully formatted.
2019-07-14 06:46:29,438 INFO  ratis.ContainerStateMachine (ContainerStateMachine.java:loadSnapshot(200)) - group-59CC98192836: The snapshot info is null. Setting the last applied indexto:(t:0, i:~)
2019-07-14 06:46:29,437 INFO  storage.RaftStorage (RaftStorage.java:format(72)) - Storage directory /tmp/workdir/hadoop-ozone/integration-test/target/test-dir/MiniOzoneClusterImpl-b7fcffd9-8ec7-477d-bf8a-1f2a2d93b531/datanode-2/data/ratis/6a3cc17f-3c8b-41e1-9bdf-59cc98192836 has been successfully formatted.
2019-07-14 06:46:29,438 INFO  ratis.ContainerStateMachine (ContainerStateMachine.java:loadSnapshot(200)) - group-59CC98192836: The snapshot info is null. Setting the last applied indexto:(t:0, i:~)
2019-07-14 06:46:29,438 INFO  server.RaftServerConfigKeys (ConfUtils.java:logGet(43)) - raft.server.leader.election.timeout = 120s (custom)
2019-07-14 06:46:29,438 INFO  server.RaftServerConfigKeys (ConfUtils.java:logGet(43)) - raft.server.leader.election.timeout = 120s (custom)
2019-07-14 06:46:29,438 INFO  ratis.ContainerStateMachine (ContainerStateMachine.java:loadSnapshot(200)) - group-59CC98192836: The snapshot info is null. Setting the last applied indexto:(t:0, i:~)
2019-07-14 06:46:29,444 INFO  server.RaftServerConfigKeys (ConfUtils.java:logGet(43)) - raft.server.log.use.memory = false (default)
2019-07-14 06:46:29,438 INFO  server.RaftServerConfigKeys (ConfUtils.java:logGet(43)) - raft.server.log.use.memory = false (default)
2019-07-14 06:46:29,447 INFO  server.RaftServerConfigKeys (ConfUtils.java:logGet(43)) - raft.server.log.purge.gap = 1000000000 (custom)
2019-07-14 06:46:29,447 INFO  server.RaftServerConfigKeys (ConfUtils.java:logGet(43)) - raft.server.leader.election.timeout = 120s (custom)
2019-07-14 06:46:29,447 INFO  server.RaftServerConfigKeys (ConfUtils.java:logGet(43)) - raft.server.log.appender.buffer.byte-limit = 33554432 (custom)
2019-07-14 06:46:29,447 INFO  server.RaftServerConfigKeys (ConfUtils.java:logGet(43)) - raft.server.log.purge.gap = 1000000000 (custom)
2019-07-14 06:46:29,447 INFO  server.RaftServerConfigKeys (ConfUtils.java:logGet(43)) - raft.server.log.use.memory = false (default)
2019-07-14 06:46:29,448 INFO  server.RaftServerConfigKeys (ConfUtils.java:logGet(43)) - raft.server.log.appender.buffer.byte-limit = 33554432 (custom)
2019-07-14 06:46:29,448 INFO  server.RaftServerConfigKeys (ConfUtils.java:logGet(43)) - raft.server.log.purge.gap = 1000000000 (custom)
2019-07-14 06:46:29,448 INFO  server.RaftServerConfigKeys (ConfUtils.java:logGet(43)) - raft.server.log.segment.size.max = 1048576 (custom)
2019-07-14 06:46:29,448 INFO  server.RaftServerConfigKeys (ConfUtils.java:logGet(43)) - raft.server.log.appender.buffer.byte-limit = 33554432 (custom)
2019-07-14 06:46:29,448 INFO  server.RaftServerConfigKeys (ConfUtils.java:logGet(43)) - raft.server.log.segment.cache.num.max = 2 (custom)
2019-07-14 06:46:29,448 INFO  server.RaftServerConfigKeys (ConfUtils.java:logGet(43)) - raft.server.log.segment.size.max = 1048576 (custom)
2019-07-14 06:46:29,448 INFO  segmented.SegmentedRaftLogWorker (SegmentedRaftLogWorker.java:<init>(172)) - new d28cc584-136a-47e9-9084-bf48153689c3-SegmentedRaftLogWorker:Storage Directory /tmp/workdir/hadoop-ozone/integration-test/target/test-dir/MiniOzoneClusterImpl-b7fcffd9-8ec7-477d-bf8a-1f2a2d93b531/datanode-0/data/ratis/6a3cc17f-3c8b-41e1-9bdf-59cc98192836 for RaftStorage:Storage Directory /tmp/workdir/hadoop-ozone/integration-test/target/test-dir/MiniOzoneClusterImpl-b7fcffd9-8ec7-477d-bf8a-1f2a2d93b531/datanode-0/data/ratis/6a3cc17f-3c8b-41e1-9bdf-59cc98192836
2019-07-14 06:46:29,448 INFO  server.RaftServerConfigKeys (ConfUtils.java:logGet(43)) - raft.server.log.segment.size.max = 1048576 (custom)
2019-07-14 06:46:29,448 INFO  server.RaftServerConfigKeys (ConfUtils.java:logGet(43)) - raft.server.log.queue.byte-limit = 2147483647 (custom)
2019-07-14 06:46:29,448 INFO  server.RaftServerConfigKeys (ConfUtils.java:logGet(43)) - raft.server.log.segment.cache.num.max = 2 (custom)
2019-07-14 06:46:29,450 INFO  server.RaftServerConfigKeys (ConfUtils.java:logGet(43)) - raft.server.log.queue.element-limit = 1024 (custom)
2019-07-14 06:46:29,449 INFO  server.RaftServerConfigKeys (ConfUtils.java:logGet(43)) - raft.server.log.segment.cache.num.max = 2 (custom)
2019-07-14 06:46:29,451 INFO  server.RaftServerConfigKeys (ConfUtils.java:logGet(43)) - raft.server.log.segment.size.max = 1048576 (custom)
2019-07-14 06:46:29,451 INFO  segmented.SegmentedRaftLogWorker (SegmentedRaftLogWorker.java:<init>(172)) - new 2bf79f1f-a1cb-4201-8817-73394a51a399-SegmentedRaftLogWorker:Storage Directory /tmp/workdir/hadoop-ozone/integration-test/target/test-dir/MiniOzoneClusterImpl-b7fcffd9-8ec7-477d-bf8a-1f2a2d93b531/datanode-1/data/ratis/6a3cc17f-3c8b-41e1-9bdf-59cc98192836 for RaftStorage:Storage Directory /tmp/workdir/hadoop-ozone/integration-test/target/test-dir/MiniOzoneClusterImpl-b7fcffd9-8ec7-477d-bf8a-1f2a2d93b531/datanode-1/data/ratis/6a3cc17f-3c8b-41e1-9bdf-59cc98192836
2019-07-14 06:46:29,451 INFO  server.RaftServerConfigKeys (ConfUtils.java:logGet(43)) - raft.server.log.preallocated.size = 16384 (custom)
2019-07-14 06:46:29,451 INFO  segmented.SegmentedRaftLogWorker (SegmentedRaftLogWorker.java:<init>(172)) - new d039632d-e2b5-49be-a69b-d282ef2b916c-SegmentedRaftLogWorker:Storage Directory /tmp/workdir/hadoop-ozone/integration-test/target/test-dir/MiniOzoneClusterImpl-b7fcffd9-8ec7-477d-bf8a-1f2a2d93b531/datanode-2/data/ratis/6a3cc17f-3c8b-41e1-9bdf-59cc98192836 for RaftStorage:Storage Directory /tmp/workdir/hadoop-ozone/integration-test/target/test-dir/MiniOzoneClusterImpl-b7fcffd9-8ec7-477d-bf8a-1f2a2d93b531/datanode-2/data/ratis/6a3cc17f-3c8b-41e1-9bdf-59cc98192836
2019-07-14 06:46:29,451 INFO  server.RaftServerConfigKeys (ConfUtils.java:logGet(43)) - raft.server.log.queue.byte-limit = 2147483647 (custom)
2019-07-14 06:46:29,452 INFO  server.RaftServerConfigKeys (ConfUtils.java:logGet(43)) - raft.server.log.queue.byte-limit = 2147483647 (custom)
2019-07-14 06:46:29,452 INFO  server.RaftServerConfigKeys (ConfUtils.java:logGet(43)) - raft.server.log.write.buffer.size = 33554432 (custom)
2019-07-14 06:46:29,454 INFO  server.RaftServerConfigKeys (ConfUtils.java:logGet(43)) - raft.server.log.queue.element-limit = 1024 (custom)
2019-07-14 06:46:29,452 INFO  server.RaftServerConfigKeys (ConfUtils.java:logGet(43)) - raft.server.log.queue.element-limit = 1024 (custom)
2019-07-14 06:46:29,454 INFO  server.RaftServerConfigKeys (ConfUtils.java:logGet(43)) - raft.server.log.segment.size.max = 1048576 (custom)
2019-07-14 06:46:29,454 INFO  server.RaftServerConfigKeys (ConfUtils.java:logGet(43)) - raft.server.log.force.sync.num = 128 (default)
2019-07-14 06:46:29,454 INFO  server.RaftServerConfigKeys (ConfUtils.java:logGet(43)) - raft.server.log.preallocated.size = 16384 (custom)
2019-07-14 06:46:29,454 INFO  server.RaftServerConfigKeys (ConfUtils.java:logGet(43)) - raft.server.log.segment.size.max = 1048576 (custom)
2019-07-14 06:46:29,454 INFO  server.RaftServerConfigKeys (ConfUtils.java:logGet(43)) - raft.server.log.write.buffer.size = 33554432 (custom)
2019-07-14 06:46:29,454 INFO  server.RaftServerConfigKeys (ConfUtils.java:logGet(43)) - raft.server.log.statemachine.data.sync = true (default)
2019-07-14 06:46:29,454 INFO  server.RaftServerConfigKeys (ConfUtils.java:logGet(43)) - raft.server.log.force.sync.num = 128 (default)
2019-07-14 06:46:29,454 INFO  server.RaftServerConfigKeys (ConfUtils.java:logGet(43)) - raft.server.log.preallocated.size = 16384 (custom)
2019-07-14 06:46:29,454 INFO  server.RaftServerConfigKeys (ConfUtils.java:logGet(43)) - raft.server.log.statemachine.data.sync = true (default)
2019-07-14 06:46:29,454 INFO  server.RaftServerConfigKeys (ConfUtils.java:logGet(43)) - raft.server.log.statemachine.data.sync.timeout = 10s (default)
2019-07-14 06:46:29,455 INFO  server.RaftServerConfigKeys (ConfUtils.java:logGet(43)) - raft.server.log.statemachine.data.sync.timeout = 10s (default)
2019-07-14 06:46:29,455 INFO  server.RaftServerConfigKeys (ConfUtils.java:logGet(43)) - raft.server.log.write.buffer.size = 33554432 (custom)
2019-07-14 06:46:29,455 INFO  server.RaftServerConfigKeys (ConfUtils.java:logGet(43)) - raft.server.log.statemachine.data.sync.timeout.retry = -1 (default)
2019-07-14 06:46:29,455 INFO  server.RaftServerConfigKeys (ConfUtils.java:logGet(43)) - raft.server.log.statemachine.data.sync.timeout.retry = -1 (default)
2019-07-14 06:46:29,455 INFO  server.RaftServerConfigKeys (ConfUtils.java:logGet(43)) - raft.server.log.statemachine.data.caching.enabled = true (custom)
2019-07-14 06:46:29,455 INFO  server.RaftServerConfigKeys (ConfUtils.java:logGet(43)) - raft.server.log.force.sync.num = 128 (default)
2019-07-14 06:46:29,455 INFO  server.RaftServerConfigKeys (ConfUtils.java:logGet(43)) - raft.server.log.statemachine.data.caching.enabled = true (custom)
2019-07-14 06:46:29,455 INFO  segmented.SegmentedRaftLogWorker (SegmentedRaftLogWorker.java:lambda$new$0(132)) - d039632d-e2b5-49be-a69b-d282ef2b916c-SegmentedRaftLogWorker:Storage Directory /tmp/workdir/hadoop-ozone/integration-test/target/test-dir/MiniOzoneClusterImpl-b7fcffd9-8ec7-477d-bf8a-1f2a2d93b531/datanode-2/data/ratis/6a3cc17f-3c8b-41e1-9bdf-59cc98192836: flushIndex: setUnconditionally 0 -> -1
2019-07-14 06:46:29,455 INFO  server.RaftServerConfigKeys (ConfUtils.java:logGet(43)) - raft.server.log.statemachine.data.sync = true (default)
2019-07-14 06:46:29,456 INFO  segmented.SegmentedRaftLogWorker (SegmentedRaftLogWorker.java:lambda$new$0(132)) - d28cc584-136a-47e9-9084-bf48153689c3-SegmentedRaftLogWorker:Storage Directory /tmp/workdir/hadoop-ozone/integration-test/target/test-dir/MiniOzoneClusterImpl-b7fcffd9-8ec7-477d-bf8a-1f2a2d93b531/datanode-0/data/ratis/6a3cc17f-3c8b-41e1-9bdf-59cc98192836: flushIndex: setUnconditionally 0 -> -1
2019-07-14 06:46:29,456 INFO  server.RaftServerConfigKeys (ConfUtils.java:logGet(43)) - raft.server.log.statemachine.data.sync.timeout = 10s (default)
2019-07-14 06:46:29,456 INFO  server.RaftServerConfigKeys (ConfUtils.java:logGet(43)) - raft.server.snapshot.auto.trigger.enabled = true (custom)
2019-07-14 06:46:29,456 INFO  server.RaftServerConfigKeys (ConfUtils.java:logGet(43)) - raft.server.log.statemachine.data.sync.timeout.retry = -1 (default)
2019-07-14 06:46:29,456 INFO  server.RaftServerConfigKeys (ConfUtils.java:logGet(43)) - raft.server.snapshot.auto.trigger.enabled = true (custom)
2019-07-14 06:46:29,456 INFO  server.RaftServerConfigKeys (ConfUtils.java:logGet(43)) - raft.server.log.statemachine.data.caching.enabled = true (custom)
2019-07-14 06:46:29,456 INFO  server.RaftServerConfigKeys (ConfUtils.java:logGet(43)) - raft.server.snapshot.auto.trigger.threshold = 10000 (custom)
2019-07-14 06:46:29,456 INFO  server.RaftServerConfigKeys (ConfUtils.java:logGet(43)) - raft.server.snapshot.auto.trigger.threshold = 10000 (custom)
2019-07-14 06:46:29,457 INFO  server.RaftServerConfigKeys (ConfUtils.java:logGet(43)) - raft.server.retrycache.expirytime = 600000ms (custom)
2019-07-14 06:46:29,457 INFO  segmented.SegmentedRaftLogWorker (SegmentedRaftLogWorker.java:lambda$new$0(132)) - 2bf79f1f-a1cb-4201-8817-73394a51a399-SegmentedRaftLogWorker:Storage Directory /tmp/workdir/hadoop-ozone/integration-test/target/test-dir/MiniOzoneClusterImpl-b7fcffd9-8ec7-477d-bf8a-1f2a2d93b531/datanode-1/data/ratis/6a3cc17f-3c8b-41e1-9bdf-59cc98192836: flushIndex: setUnconditionally 0 -> -1
2019-07-14 06:46:29,457 INFO  server.RaftServerConfigKeys (ConfUtils.java:logGet(43)) - raft.server.retrycache.expirytime = 600000ms (custom)
2019-07-14 06:46:29,457 INFO  impl.RaftServerImpl (RaftServerImpl.java:start(180)) - d039632d-e2b5-49be-a69b-d282ef2b916c: start group-59CC98192836
2019-07-14 06:46:29,457 INFO  impl.RaftServerImpl (RaftServerImpl.java:start(180)) - d28cc584-136a-47e9-9084-bf48153689c3: start group-59CC98192836
2019-07-14 06:46:29,457 INFO  impl.RaftServerImpl (RaftServerImpl.java:setRole(171)) - d039632d-e2b5-49be-a69b-d282ef2b916c:group-59CC98192836 changes role from null to FOLLOWER at term 0 for startAsFollower
2019-07-14 06:46:29,457 INFO  server.RaftServerConfigKeys (ConfUtils.java:logGet(43)) - raft.server.snapshot.auto.trigger.enabled = true (custom)
2019-07-14 06:46:29,457 INFO  impl.RoleInfo (RoleInfo.java:updateAndGet(143)) - d039632d-e2b5-49be-a69b-d282ef2b916c: start FollowerState
2019-07-14 06:46:29,457 INFO  impl.RaftServerImpl (RaftServerImpl.java:setRole(171)) - d28cc584-136a-47e9-9084-bf48153689c3:group-59CC98192836 changes role from null to FOLLOWER at term 0 for startAsFollower
2019-07-14 06:46:29,457 INFO  server.RaftServerConfigKeys (ConfUtils.java:logGet(43)) - raft.server.snapshot.auto.trigger.threshold = 10000 (custom)
2019-07-14 06:46:29,457 INFO  impl.RoleInfo (RoleInfo.java:updateAndGet(143)) - d28cc584-136a-47e9-9084-bf48153689c3: start FollowerState
2019-07-14 06:46:29,458 INFO  util.JmxRegister (JmxRegister.java:tryRegister(44)) - Successfully registered JMX Bean with object name Ratis:service=RaftServer,group=group-59CC98192836,id=d039632d-e2b5-49be-a69b-d282ef2b916c
2019-07-14 06:46:29,458 INFO  server.RaftServerConfigKeys (ConfUtils.java:logGet(43)) - raft.server.retrycache.expirytime = 600000ms (custom)
2019-07-14 06:46:29,458 INFO  util.JmxRegister (JmxRegister.java:tryRegister(44)) - Successfully registered JMX Bean with object name Ratis:service=RaftServer,group=group-59CC98192836,id=d28cc584-136a-47e9-9084-bf48153689c3
2019-07-14 06:46:29,458 INFO  impl.RaftServerImpl (RaftServerImpl.java:start(180)) - 2bf79f1f-a1cb-4201-8817-73394a51a399: start group-59CC98192836
2019-07-14 06:46:29,458 INFO  impl.RaftServerImpl (RaftServerImpl.java:setRole(171)) - 2bf79f1f-a1cb-4201-8817-73394a51a399:group-59CC98192836 changes role from null to FOLLOWER at term 0 for startAsFollower
2019-07-14 06:46:29,458 INFO  impl.RoleInfo (RoleInfo.java:updateAndGet(143)) - 2bf79f1f-a1cb-4201-8817-73394a51a399: start FollowerState
2019-07-14 06:46:29,459 INFO  util.JmxRegister (JmxRegister.java:tryRegister(44)) - Successfully registered JMX Bean with object name Ratis:service=RaftServer,group=group-59CC98192836,id=2bf79f1f-a1cb-4201-8817-73394a51a399
2019-07-14 06:46:29,477 INFO  pipeline.PipelineStateManager (PipelineStateManager.java:addPipeline(56)) - Created pipeline Pipeline[ Id: 6a3cc17f-3c8b-41e1-9bdf-59cc98192836, Nodes: d039632d-e2b5-49be-a69b-d282ef2b916c{ip: 192.168.5.144, host: trunk-nightly-8c95p-1540871953, networkLocation: /default-rack, certSerialId: null}d28cc584-136a-47e9-9084-bf48153689c3{ip: 192.168.5.144, host: trunk-nightly-8c95p-1540871953, networkLocation: /default-rack, certSerialId: null}2bf79f1f-a1cb-4201-8817-73394a51a399{ip: 192.168.5.144, host: trunk-nightly-8c95p-1540871953, networkLocation: /default-rack, certSerialId: null}, Type:RATIS, Factor:THREE, State:OPEN]
2019-07-14 06:46:29,508 INFO  impl.RaftServerProxy (RaftServerProxy.java:addNew(89)) - 572141e2-e6f3-45f7-b8e3-346ee4d8661b: addNew group-747F44B8285C:[572141e2-e6f3-45f7-b8e3-346ee4d8661b:192.168.5.144:45033, 59c3768e-ae7a-4719-9784-12278fdbb200:192.168.5.144:46373, 843b6365-27a0-4b11-82e1-2bb8e689001b:192.168.5.144:35660] returns group-747F44B8285C:java.util.concurrent.CompletableFuture@14d67c1[Not completed]
2019-07-14 06:46:29,509 INFO  impl.RaftServerProxy (RaftServerProxy.java:addNew(89)) - 59c3768e-ae7a-4719-9784-12278fdbb200: addNew group-747F44B8285C:[572141e2-e6f3-45f7-b8e3-346ee4d8661b:192.168.5.144:45033, 59c3768e-ae7a-4719-9784-12278fdbb200:192.168.5.144:46373, 843b6365-27a0-4b11-82e1-2bb8e689001b:192.168.5.144:35660] returns group-747F44B8285C:java.util.concurrent.CompletableFuture@57d7bb6f[Not completed]
2019-07-14 06:46:29,510 INFO  impl.RaftServerProxy (RaftServerProxy.java:addNew(89)) - 843b6365-27a0-4b11-82e1-2bb8e689001b: addNew group-747F44B8285C:[572141e2-e6f3-45f7-b8e3-346ee4d8661b:192.168.5.144:45033, 59c3768e-ae7a-4719-9784-12278fdbb200:192.168.5.144:46373, 843b6365-27a0-4b11-82e1-2bb8e689001b:192.168.5.144:35660] returns group-747F44B8285C:java.util.concurrent.CompletableFuture@3f2fa90b[Not completed]
2019-07-14 06:46:29,512 INFO  impl.RaftServerImpl (RaftServerImpl.java:<init>(93)) - 572141e2-e6f3-45f7-b8e3-346ee4d8661b: new RaftServerImpl for group-747F44B8285C:[572141e2-e6f3-45f7-b8e3-346ee4d8661b:192.168.5.144:45033, 59c3768e-ae7a-4719-9784-12278fdbb200:192.168.5.144:46373, 843b6365-27a0-4b11-82e1-2bb8e689001b:192.168.5.144:35660] with ContainerStateMachine:uninitialized
2019-07-14 06:46:29,512 INFO  server.RaftServerConfigKeys (ConfUtils.java:logGet(43)) - raft.server.rpc.timeout.min = 5s (custom)
2019-07-14 06:46:29,512 INFO  server.RaftServerConfigKeys (ConfUtils.java:logGet(43)) - raft.server.rpc.timeout.max = 5200ms (custom)
2019-07-14 06:46:29,512 INFO  server.RaftServerConfigKeys (ConfUtils.java:logGet(43)) - raft.server.rpcslowness.timeout = 120s (custom)
2019-07-14 06:46:29,512 INFO  server.RaftServerConfigKeys (ConfUtils.java:logGet(43)) - raft.server.sleep.deviation.threshold = 300 (default)
2019-07-14 06:46:29,512 INFO  server.RaftServerConfigKeys (ConfUtils.java:logGet(43)) - raft.server.log.appender.install.snapshot.enabled = false (custom)
2019-07-14 06:46:29,513 INFO  impl.RaftServerImpl (ServerState.java:<init>(105)) - 572141e2-e6f3-45f7-b8e3-346ee4d8661b:group-747F44B8285C ConfigurationManager, init=-1: [572141e2-e6f3-45f7-b8e3-346ee4d8661b:192.168.5.144:45033, 59c3768e-ae7a-4719-9784-12278fdbb200:192.168.5.144:46373, 843b6365-27a0-4b11-82e1-2bb8e689001b:192.168.5.144:35660], old=null, confs=<EMPTY_MAP>
2019-07-14 06:46:29,513 INFO  impl.RaftServerImpl (RaftServerImpl.java:<init>(93)) - 843b6365-27a0-4b11-82e1-2bb8e689001b: new RaftServerImpl for group-747F44B8285C:[572141e2-e6f3-45f7-b8e3-346ee4d8661b:192.168.5.144:45033, 59c3768e-ae7a-4719-9784-12278fdbb200:192.168.5.144:46373, 843b6365-27a0-4b11-82e1-2bb8e689001b:192.168.5.144:35660] with ContainerStateMachine:uninitialized
2019-07-14 06:46:29,513 INFO  server.RaftServerConfigKeys (ConfUtils.java:logGet(43)) - raft.server.storage.dir = [/tmp/workdir/hadoop-ozone/integration-test/target/test-dir/MiniOzoneClusterImpl-b7fcffd9-8ec7-477d-bf8a-1f2a2d93b531/datanode-3/data/ratis] (custom)
2019-07-14 06:46:29,513 INFO  server.RaftServerConfigKeys (ConfUtils.java:logGet(43)) - raft.server.rpc.timeout.min = 5s (custom)
2019-07-14 06:46:29,513 INFO  server.RaftServerConfigKeys (ConfUtils.java:logGet(43)) - raft.server.rpc.timeout.max = 5200ms (custom)
2019-07-14 06:46:29,513 INFO  storage.RaftStorageDirectory (RaftStorageDirectory.java:analyzeStorage(246)) - The storage directory /tmp/workdir/hadoop-ozone/integration-test/target/test-dir/MiniOzoneClusterImpl-b7fcffd9-8ec7-477d-bf8a-1f2a2d93b531/datanode-3/data/ratis/8538ccce-96d1-46ea-ada0-747f44b8285c does not exist. Creating ...
2019-07-14 06:46:29,513 INFO  server.RaftServerConfigKeys (ConfUtils.java:logGet(43)) - raft.server.rpcslowness.timeout = 120s (custom)
2019-07-14 06:46:29,514 INFO  impl.RaftServerImpl (RaftServerImpl.java:<init>(93)) - 59c3768e-ae7a-4719-9784-12278fdbb200: new RaftServerImpl for group-747F44B8285C:[572141e2-e6f3-45f7-b8e3-346ee4d8661b:192.168.5.144:45033, 59c3768e-ae7a-4719-9784-12278fdbb200:192.168.5.144:46373, 843b6365-27a0-4b11-82e1-2bb8e689001b:192.168.5.144:35660] with ContainerStateMachine:uninitialized
2019-07-14 06:46:29,514 INFO  server.RaftServerConfigKeys (ConfUtils.java:logGet(43)) - raft.server.sleep.deviation.threshold = 300 (default)
2019-07-14 06:46:29,514 INFO  server.RaftServerConfigKeys (ConfUtils.java:logGet(43)) - raft.server.rpc.timeout.min = 5s (custom)
2019-07-14 06:46:29,514 INFO  server.RaftServerConfigKeys (ConfUtils.java:logGet(43)) - raft.server.log.appender.install.snapshot.enabled = false (custom)
2019-07-14 06:46:29,514 INFO  server.RaftServerConfigKeys (ConfUtils.java:logGet(43)) - raft.server.rpc.timeout.max = 5200ms (custom)
2019-07-14 06:46:29,514 INFO  impl.RaftServerImpl (ServerState.java:<init>(105)) - 843b6365-27a0-4b11-82e1-2bb8e689001b:group-747F44B8285C ConfigurationManager, init=-1: [572141e2-e6f3-45f7-b8e3-346ee4d8661b:192.168.5.144:45033, 59c3768e-ae7a-4719-9784-12278fdbb200:192.168.5.144:46373, 843b6365-27a0-4b11-82e1-2bb8e689001b:192.168.5.144:35660], old=null, confs=<EMPTY_MAP>
2019-07-14 06:46:29,514 INFO  server.RaftServerConfigKeys (ConfUtils.java:logGet(43)) - raft.server.rpcslowness.timeout = 120s (custom)
2019-07-14 06:46:29,515 INFO  server.RaftServerConfigKeys (ConfUtils.java:logGet(43)) - raft.server.storage.dir = [/tmp/workdir/hadoop-ozone/integration-test/target/test-dir/MiniOzoneClusterImpl-b7fcffd9-8ec7-477d-bf8a-1f2a2d93b531/datanode-6/data/ratis] (custom)
2019-07-14 06:46:29,515 INFO  server.RaftServerConfigKeys (ConfUtils.java:logGet(43)) - raft.server.sleep.deviation.threshold = 300 (default)
2019-07-14 06:46:29,515 INFO  server.RaftServerConfigKeys (ConfUtils.java:logGet(43)) - raft.server.log.appender.install.snapshot.enabled = false (custom)
2019-07-14 06:46:29,515 INFO  storage.RaftStorageDirectory (RaftStorageDirectory.java:analyzeStorage(246)) - The storage directory /tmp/workdir/hadoop-ozone/integration-test/target/test-dir/MiniOzoneClusterImpl-b7fcffd9-8ec7-477d-bf8a-1f2a2d93b531/datanode-6/data/ratis/8538ccce-96d1-46ea-ada0-747f44b8285c does not exist. Creating ...
2019-07-14 06:46:29,515 INFO  impl.RaftServerImpl (ServerState.java:<init>(105)) - 59c3768e-ae7a-4719-9784-12278fdbb200:group-747F44B8285C ConfigurationManager, init=-1: [572141e2-e6f3-45f7-b8e3-346ee4d8661b:192.168.5.144:45033, 59c3768e-ae7a-4719-9784-12278fdbb200:192.168.5.144:46373, 843b6365-27a0-4b11-82e1-2bb8e689001b:192.168.5.144:35660], old=null, confs=<EMPTY_MAP>
2019-07-14 06:46:29,515 INFO  server.RaftServerConfigKeys (ConfUtils.java:logGet(43)) - raft.server.storage.dir = [/tmp/workdir/hadoop-ozone/integration-test/target/test-dir/MiniOzoneClusterImpl-b7fcffd9-8ec7-477d-bf8a-1f2a2d93b531/datanode-5/data/ratis] (custom)
2019-07-14 06:46:29,516 INFO  storage.RaftStorageDirectory (RaftStorageDirectory.java:analyzeStorage(246)) - The storage directory /tmp/workdir/hadoop-ozone/integration-test/target/test-dir/MiniOzoneClusterImpl-b7fcffd9-8ec7-477d-bf8a-1f2a2d93b531/datanode-5/data/ratis/8538ccce-96d1-46ea-ada0-747f44b8285c does not exist. Creating ...
2019-07-14 06:46:29,518 INFO  storage.RaftStorageDirectory (RaftStorageDirectory.java:tryLock(328)) - Lock on /tmp/workdir/hadoop-ozone/integration-test/target/test-dir/MiniOzoneClusterImpl-b7fcffd9-8ec7-477d-bf8a-1f2a2d93b531/datanode-6/data/ratis/8538ccce-96d1-46ea-ada0-747f44b8285c/in_use.lock acquired by nodename 28347@trunk-nightly-8c95p-1540871953
2019-07-14 06:46:29,518 INFO  storage.RaftStorageDirectory (RaftStorageDirectory.java:tryLock(328)) - Lock on /tmp/workdir/hadoop-ozone/integration-test/target/test-dir/MiniOzoneClusterImpl-b7fcffd9-8ec7-477d-bf8a-1f2a2d93b531/datanode-3/data/ratis/8538ccce-96d1-46ea-ada0-747f44b8285c/in_use.lock acquired by nodename 28347@trunk-nightly-8c95p-1540871953
2019-07-14 06:46:29,520 INFO  storage.RaftStorageDirectory (RaftStorageDirectory.java:tryLock(328)) - Lock on /tmp/workdir/hadoop-ozone/integration-test/target/test-dir/MiniOzoneClusterImpl-b7fcffd9-8ec7-477d-bf8a-1f2a2d93b531/datanode-5/data/ratis/8538ccce-96d1-46ea-ada0-747f44b8285c/in_use.lock acquired by nodename 28347@trunk-nightly-8c95p-1540871953
2019-07-14 06:46:29,524 INFO  storage.RaftStorage (RaftStorage.java:format(72)) - Storage directory /tmp/workdir/hadoop-ozone/integration-test/target/test-dir/MiniOzoneClusterImpl-b7fcffd9-8ec7-477d-bf8a-1f2a2d93b531/datanode-5/data/ratis/8538ccce-96d1-46ea-ada0-747f44b8285c has been successfully formatted.
2019-07-14 06:46:29,524 INFO  storage.RaftStorage (RaftStorage.java:format(72)) - Storage directory /tmp/workdir/hadoop-ozone/integration-test/target/test-dir/MiniOzoneClusterImpl-b7fcffd9-8ec7-477d-bf8a-1f2a2d93b531/datanode-6/data/ratis/8538ccce-96d1-46ea-ada0-747f44b8285c has been successfully formatted.
2019-07-14 06:46:29,525 INFO  ratis.ContainerStateMachine (ContainerStateMachine.java:loadSnapshot(200)) - group-747F44B8285C: The snapshot info is null. Setting the last applied indexto:(t:0, i:~)
2019-07-14 06:46:29,524 INFO  storage.RaftStorage (RaftStorage.java:format(72)) - Storage directory /tmp/workdir/hadoop-ozone/integration-test/target/test-dir/MiniOzoneClusterImpl-b7fcffd9-8ec7-477d-bf8a-1f2a2d93b531/datanode-3/data/ratis/8538ccce-96d1-46ea-ada0-747f44b8285c has been successfully formatted.
2019-07-14 06:46:29,525 INFO  server.RaftServerConfigKeys (ConfUtils.java:logGet(43)) - raft.server.leader.election.timeout = 120s (custom)
2019-07-14 06:46:29,525 INFO  ratis.ContainerStateMachine (ContainerStateMachine.java:loadSnapshot(200)) - group-747F44B8285C: The snapshot info is null. Setting the last applied indexto:(t:0, i:~)
2019-07-14 06:46:29,525 INFO  server.RaftServerConfigKeys (ConfUtils.java:logGet(43)) - raft.server.log.use.memory = false (default)
2019-07-14 06:46:29,525 INFO  server.RaftServerConfigKeys (ConfUtils.java:logGet(43)) - raft.server.leader.election.timeout = 120s (custom)
2019-07-14 06:46:29,525 INFO  ratis.ContainerStateMachine (ContainerStateMachine.java:loadSnapshot(200)) - group-747F44B8285C: The snapshot info is null. Setting the last applied indexto:(t:0, i:~)
2019-07-14 06:46:29,526 INFO  server.RaftServerConfigKeys (ConfUtils.java:logGet(43)) - raft.server.log.use.memory = false (default)
2019-07-14 06:46:29,526 INFO  server.RaftServerConfigKeys (ConfUtils.java:logGet(43)) - raft.server.log.purge.gap = 1000000000 (custom)
2019-07-14 06:46:29,526 INFO  server.RaftServerConfigKeys (ConfUtils.java:logGet(43)) - raft.server.log.purge.gap = 1000000000 (custom)
2019-07-14 06:46:29,526 INFO  server.RaftServerConfigKeys (ConfUtils.java:logGet(43)) - raft.server.leader.election.timeout = 120s (custom)
2019-07-14 06:46:29,526 INFO  server.RaftServerConfigKeys (ConfUtils.java:logGet(43)) - raft.server.log.appender.buffer.byte-limit = 33554432 (custom)
2019-07-14 06:46:29,526 INFO  server.RaftServerConfigKeys (ConfUtils.java:logGet(43)) - raft.server.log.appender.buffer.byte-limit = 33554432 (custom)
2019-07-14 06:46:29,527 INFO  server.RaftServerConfigKeys (ConfUtils.java:logGet(43)) - raft.server.log.segment.size.max = 1048576 (custom)
2019-07-14 06:46:29,526 INFO  server.RaftServerConfigKeys (ConfUtils.java:logGet(43)) - raft.server.log.use.memory = false (default)
2019-07-14 06:46:29,527 INFO  server.RaftServerConfigKeys (ConfUtils.java:logGet(43)) - raft.server.log.segment.cache.num.max = 2 (custom)
2019-07-14 06:46:29,527 INFO  server.RaftServerConfigKeys (ConfUtils.java:logGet(43)) - raft.server.log.segment.size.max = 1048576 (custom)
2019-07-14 06:46:29,527 INFO  segmented.SegmentedRaftLogWorker (SegmentedRaftLogWorker.java:<init>(172)) - new 843b6365-27a0-4b11-82e1-2bb8e689001b-SegmentedRaftLogWorker:Storage Directory /tmp/workdir/hadoop-ozone/integration-test/target/test-dir/MiniOzoneClusterImpl-b7fcffd9-8ec7-477d-bf8a-1f2a2d93b531/datanode-6/data/ratis/8538ccce-96d1-46ea-ada0-747f44b8285c for RaftStorage:Storage Directory /tmp/workdir/hadoop-ozone/integration-test/target/test-dir/MiniOzoneClusterImpl-b7fcffd9-8ec7-477d-bf8a-1f2a2d93b531/datanode-6/data/ratis/8538ccce-96d1-46ea-ada0-747f44b8285c
2019-07-14 06:46:29,527 INFO  server.RaftServerConfigKeys (ConfUtils.java:logGet(43)) - raft.server.log.purge.gap = 1000000000 (custom)
2019-07-14 06:46:29,527 INFO  server.RaftServerConfigKeys (ConfUtils.java:logGet(43)) - raft.server.log.queue.byte-limit = 2147483647 (custom)
2019-07-14 06:46:29,527 INFO  server.RaftServerConfigKeys (ConfUtils.java:logGet(43)) - raft.server.log.segment.cache.num.max = 2 (custom)
2019-07-14 06:46:29,530 INFO  server.RaftServerConfigKeys (ConfUtils.java:logGet(43)) - raft.server.log.queue.element-limit = 1024 (custom)
2019-07-14 06:46:29,528 INFO  server.RaftServerConfigKeys (ConfUtils.java:logGet(43)) - raft.server.log.appender.buffer.byte-limit = 33554432 (custom)
2019-07-14 06:46:29,530 INFO  server.RaftServerConfigKeys (ConfUtils.java:logGet(43)) - raft.server.log.segment.size.max = 1048576 (custom)
2019-07-14 06:46:29,530 INFO  segmented.SegmentedRaftLogWorker (SegmentedRaftLogWorker.java:<init>(172)) - new 59c3768e-ae7a-4719-9784-12278fdbb200-SegmentedRaftLogWorker:Storage Directory /tmp/workdir/hadoop-ozone/integration-test/target/test-dir/MiniOzoneClusterImpl-b7fcffd9-8ec7-477d-bf8a-1f2a2d93b531/datanode-5/data/ratis/8538ccce-96d1-46ea-ada0-747f44b8285c for RaftStorage:Storage Directory /tmp/workdir/hadoop-ozone/integration-test/target/test-dir/MiniOzoneClusterImpl-b7fcffd9-8ec7-477d-bf8a-1f2a2d93b531/datanode-5/data/ratis/8538ccce-96d1-46ea-ada0-747f44b8285c
2019-07-14 06:46:29,530 INFO  server.RaftServerConfigKeys (ConfUtils.java:logGet(43)) - raft.server.log.preallocated.size = 16384 (custom)
2019-07-14 06:46:29,530 INFO  server.RaftServerConfigKeys (ConfUtils.java:logGet(43)) - raft.server.log.segment.size.max = 1048576 (custom)
2019-07-14 06:46:29,531 INFO  server.RaftServerConfigKeys (ConfUtils.java:logGet(43)) - raft.server.log.write.buffer.size = 33554432 (custom)
2019-07-14 06:46:29,531 INFO  server.RaftServerConfigKeys (ConfUtils.java:logGet(43)) - raft.server.log.queue.byte-limit = 2147483647 (custom)
2019-07-14 06:46:29,532 INFO  server.RaftServerConfigKeys (ConfUtils.java:logGet(43)) - raft.server.log.force.sync.num = 128 (default)
2019-07-14 06:46:29,532 INFO  server.RaftServerConfigKeys (ConfUtils.java:logGet(43)) - raft.server.log.segment.cache.num.max = 2 (custom)
2019-07-14 06:46:29,533 INFO  server.RaftServerConfigKeys (ConfUtils.java:logGet(43)) - raft.server.log.statemachine.data.sync = true (default)
2019-07-14 06:46:29,533 INFO  server.RaftServerConfigKeys (ConfUtils.java:logGet(43)) - raft.server.log.queue.element-limit = 1024 (custom)
2019-07-14 06:46:29,533 INFO  server.RaftServerConfigKeys (ConfUtils.java:logGet(43)) - raft.server.log.statemachine.data.sync.timeout = 10s (default)
2019-07-14 06:46:29,533 INFO  segmented.SegmentedRaftLogWorker (SegmentedRaftLogWorker.java:<init>(172)) - new 572141e2-e6f3-45f7-b8e3-346ee4d8661b-SegmentedRaftLogWorker:Storage Directory /tmp/workdir/hadoop-ozone/integration-test/target/test-dir/MiniOzoneClusterImpl-b7fcffd9-8ec7-477d-bf8a-1f2a2d93b531/datanode-3/data/ratis/8538ccce-96d1-46ea-ada0-747f44b8285c for RaftStorage:Storage Directory /tmp/workdir/hadoop-ozone/integration-test/target/test-dir/MiniOzoneClusterImpl-b7fcffd9-8ec7-477d-bf8a-1f2a2d93b531/datanode-3/data/ratis/8538ccce-96d1-46ea-ada0-747f44b8285c
2019-07-14 06:46:29,533 INFO  server.RaftServerConfigKeys (ConfUtils.java:logGet(43)) - raft.server.log.statemachine.data.sync.timeout.retry = -1 (default)
2019-07-14 06:46:29,533 INFO  server.RaftServerConfigKeys (ConfUtils.java:logGet(43)) - raft.server.log.segment.size.max = 1048576 (custom)
2019-07-14 06:46:29,535 INFO  server.RaftServerConfigKeys (ConfUtils.java:logGet(43)) - raft.server.log.statemachine.data.caching.enabled = true (custom)
2019-07-14 06:46:29,534 INFO  server.RaftServerConfigKeys (ConfUtils.java:logGet(43)) - raft.server.log.queue.byte-limit = 2147483647 (custom)
2019-07-14 06:46:29,535 INFO  server.RaftServerConfigKeys (ConfUtils.java:logGet(43)) - raft.server.log.preallocated.size = 16384 (custom)
2019-07-14 06:46:29,535 INFO  server.RaftServerConfigKeys (ConfUtils.java:logGet(43)) - raft.server.log.queue.element-limit = 1024 (custom)
2019-07-14 06:46:29,535 INFO  segmented.SegmentedRaftLogWorker (SegmentedRaftLogWorker.java:lambda$new$0(132)) - 843b6365-27a0-4b11-82e1-2bb8e689001b-SegmentedRaftLogWorker:Storage Directory /tmp/workdir/hadoop-ozone/integration-test/target/test-dir/MiniOzoneClusterImpl-b7fcffd9-8ec7-477d-bf8a-1f2a2d93b531/datanode-6/data/ratis/8538ccce-96d1-46ea-ada0-747f44b8285c: flushIndex: setUnconditionally 0 -> -1
2019-07-14 06:46:29,536 INFO  server.RaftServerConfigKeys (ConfUtils.java:logGet(43)) - raft.server.log.segment.size.max = 1048576 (custom)
2019-07-14 06:46:29,535 INFO  server.RaftServerConfigKeys (ConfUtils.java:logGet(43)) - raft.server.log.write.buffer.size = 33554432 (custom)
2019-07-14 06:46:29,536 INFO  server.RaftServerConfigKeys (ConfUtils.java:logGet(43)) - raft.server.snapshot.auto.trigger.enabled = true (custom)
2019-07-14 06:46:29,536 INFO  server.RaftServerConfigKeys (ConfUtils.java:logGet(43)) - raft.server.log.preallocated.size = 16384 (custom)
2019-07-14 06:46:29,536 INFO  server.RaftServerConfigKeys (ConfUtils.java:logGet(43)) - raft.server.snapshot.auto.trigger.threshold = 10000 (custom)
2019-07-14 06:46:29,536 INFO  server.RaftServerConfigKeys (ConfUtils.java:logGet(43)) - raft.server.log.force.sync.num = 128 (default)
2019-07-14 06:46:29,537 INFO  server.RaftServerConfigKeys (ConfUtils.java:logGet(43)) - raft.server.retrycache.expirytime = 600000ms (custom)
2019-07-14 06:46:29,536 INFO  server.RaftServerConfigKeys (ConfUtils.java:logGet(43)) - raft.server.log.write.buffer.size = 33554432 (custom)
2019-07-14 06:46:29,537 INFO  impl.RaftServerImpl (RaftServerImpl.java:start(180)) - 843b6365-27a0-4b11-82e1-2bb8e689001b: start group-747F44B8285C
2019-07-14 06:46:29,537 INFO  server.RaftServerConfigKeys (ConfUtils.java:logGet(43)) - raft.server.log.statemachine.data.sync = true (default)
2019-07-14 06:46:29,537 INFO  impl.RaftServerImpl (RaftServerImpl.java:setRole(171)) - 843b6365-27a0-4b11-82e1-2bb8e689001b:group-747F44B8285C changes role from null to FOLLOWER at term 0 for startAsFollower
2019-07-14 06:46:29,537 INFO  server.RaftServerConfigKeys (ConfUtils.java:logGet(43)) - raft.server.log.force.sync.num = 128 (default)
2019-07-14 06:46:29,537 INFO  impl.RoleInfo (RoleInfo.java:updateAndGet(143)) - 843b6365-27a0-4b11-82e1-2bb8e689001b: start FollowerState
2019-07-14 06:46:29,537 INFO  server.RaftServerConfigKeys (ConfUtils.java:logGet(43)) - raft.server.log.statemachine.data.sync.timeout = 10s (default)
2019-07-14 06:46:29,537 INFO  server.RaftServerConfigKeys (ConfUtils.java:logGet(43)) - raft.server.log.statemachine.data.sync = true (default)
2019-07-14 06:46:29,538 INFO  server.RaftServerConfigKeys (ConfUtils.java:logGet(43)) - raft.server.log.statemachine.data.sync.timeout.retry = -1 (default)
2019-07-14 06:46:29,538 INFO  util.JmxRegister (JmxRegister.java:tryRegister(44)) - Successfully registered JMX Bean with object name Ratis:service=RaftServer,group=group-747F44B8285C,id=843b6365-27a0-4b11-82e1-2bb8e689001b
2019-07-14 06:46:29,538 INFO  server.RaftServerConfigKeys (ConfUtils.java:logGet(43)) - raft.server.log.statemachine.data.sync.timeout = 10s (default)
2019-07-14 06:46:29,538 INFO  server.RaftServerConfigKeys (ConfUtils.java:logGet(43)) - raft.server.log.statemachine.data.caching.enabled = true (custom)
2019-07-14 06:46:29,538 INFO  server.RaftServerConfigKeys (ConfUtils.java:logGet(43)) - raft.server.log.statemachine.data.sync.timeout.retry = -1 (default)
2019-07-14 06:46:29,539 INFO  segmented.SegmentedRaftLogWorker (SegmentedRaftLogWorker.java:lambda$new$0(132)) - 59c3768e-ae7a-4719-9784-12278fdbb200-SegmentedRaftLogWorker:Storage Directory /tmp/workdir/hadoop-ozone/integration-test/target/test-dir/MiniOzoneClusterImpl-b7fcffd9-8ec7-477d-bf8a-1f2a2d93b531/datanode-5/data/ratis/8538ccce-96d1-46ea-ada0-747f44b8285c: flushIndex: setUnconditionally 0 -> -1
2019-07-14 06:46:29,539 INFO  server.RaftServerConfigKeys (ConfUtils.java:logGet(43)) - raft.server.log.statemachine.data.caching.enabled = true (custom)
2019-07-14 06:46:29,539 INFO  server.RaftServerConfigKeys (ConfUtils.java:logGet(43)) - raft.server.snapshot.auto.trigger.enabled = true (custom)
2019-07-14 06:46:29,539 INFO  segmented.SegmentedRaftLogWorker (SegmentedRaftLogWorker.java:lambda$new$0(132)) - 572141e2-e6f3-45f7-b8e3-346ee4d8661b-SegmentedRaftLogWorker:Storage Directory /tmp/workdir/hadoop-ozone/integration-test/target/test-dir/MiniOzoneClusterImpl-b7fcffd9-8ec7-477d-bf8a-1f2a2d93b531/datanode-3/data/ratis/8538ccce-96d1-46ea-ada0-747f44b8285c: flushIndex: setUnconditionally 0 -> -1
2019-07-14 06:46:29,539 INFO  server.RaftServerConfigKeys (ConfUtils.java:logGet(43)) - raft.server.snapshot.auto.trigger.threshold = 10000 (custom)
2019-07-14 06:46:29,540 INFO  server.RaftServerConfigKeys (ConfUtils.java:logGet(43)) - raft.server.snapshot.auto.trigger.enabled = true (custom)
2019-07-14 06:46:29,540 INFO  server.RaftServerConfigKeys (ConfUtils.java:logGet(43)) - raft.server.retrycache.expirytime = 600000ms (custom)
2019-07-14 06:46:29,540 INFO  server.RaftServerConfigKeys (ConfUtils.java:logGet(43)) - raft.server.snapshot.auto.trigger.threshold = 10000 (custom)
2019-07-14 06:46:29,543 INFO  impl.RaftServerImpl (RaftServerImpl.java:start(180)) - 59c3768e-ae7a-4719-9784-12278fdbb200: start group-747F44B8285C
2019-07-14 06:46:29,543 INFO  server.RaftServerConfigKeys (ConfUtils.java:logGet(43)) - raft.server.retrycache.expirytime = 600000ms (custom)
2019-07-14 06:46:29,543 INFO  impl.RaftServerImpl (RaftServerImpl.java:setRole(171)) - 59c3768e-ae7a-4719-9784-12278fdbb200:group-747F44B8285C changes role from null to FOLLOWER at term 0 for startAsFollower
2019-07-14 06:46:29,552 INFO  impl.RaftServerImpl (RaftServerImpl.java:start(180)) - 572141e2-e6f3-45f7-b8e3-346ee4d8661b: start group-747F44B8285C
2019-07-14 06:46:29,552 INFO  impl.RoleInfo (RoleInfo.java:updateAndGet(143)) - 59c3768e-ae7a-4719-9784-12278fdbb200: start FollowerState
2019-07-14 06:46:29,552 INFO  impl.RaftServerImpl (RaftServerImpl.java:setRole(171)) - 572141e2-e6f3-45f7-b8e3-346ee4d8661b:group-747F44B8285C changes role from null to FOLLOWER at term 0 for startAsFollower
2019-07-14 06:46:29,553 INFO  impl.RoleInfo (RoleInfo.java:updateAndGet(143)) - 572141e2-e6f3-45f7-b8e3-346ee4d8661b: start FollowerState
2019-07-14 06:46:29,554 INFO  util.JmxRegister (JmxRegister.java:tryRegister(44)) - Successfully registered JMX Bean with object name Ratis:service=RaftServer,group=group-747F44B8285C,id=59c3768e-ae7a-4719-9784-12278fdbb200
2019-07-14 06:46:29,554 INFO  util.JmxRegister (JmxRegister.java:tryRegister(44)) - Successfully registered JMX Bean with object name Ratis:service=RaftServer,group=group-747F44B8285C,id=572141e2-e6f3-45f7-b8e3-346ee4d8661b
2019-07-14 06:46:29,565 INFO  pipeline.PipelineStateManager (PipelineStateManager.java:addPipeline(56)) - Created pipeline Pipeline[ Id: 8538ccce-96d1-46ea-ada0-747f44b8285c, Nodes: 843b6365-27a0-4b11-82e1-2bb8e689001b{ip: 192.168.5.144, host: trunk-nightly-8c95p-1540871953, networkLocation: /default-rack, certSerialId: null}59c3768e-ae7a-4719-9784-12278fdbb200{ip: 192.168.5.144, host: trunk-nightly-8c95p-1540871953, networkLocation: /default-rack, certSerialId: null}572141e2-e6f3-45f7-b8e3-346ee4d8661b{ip: 192.168.5.144, host: trunk-nightly-8c95p-1540871953, networkLocation: /default-rack, certSerialId: null}, Type:RATIS, Factor:THREE, State:OPEN]
2019-07-14 06:46:29,566 INFO  rpc.RpcClient (RpcClient.java:createVolume(287)) - Creating Volume: watchforcommithandlingtest, with jenkins1000 as owner.
2019-07-14 06:46:29,604 INFO  rpc.RpcClient (RpcClient.java:createBucket(424)) - Creating Bucket: watchforcommithandlingtest/watchforcommithandlingtest, with Versioning false and Storage Type set to DISK and Encryption set to false 
2019-07-14 06:46:29,627 INFO  ozone.MiniOzoneClusterImpl (MiniOzoneClusterImpl.java:getStorageContainerLocationClient(241)) - Creating StorageContainerLocationProtocol RPC client with address /0.0.0.0:43007
2019-07-14 06:46:29,906 INFO  client.GrpcClientProtocolClient (GrpcClientProtocolClient.java:onNext(255)) - client-C97D168FA29A->d039632d-e2b5-49be-a69b-d282ef2b916c: receive RaftClientReply:client-C97D168FA29A->d039632d-e2b5-49be-a69b-d282ef2b916c@group-59CC98192836, cid=13, FAILED org.apache.ratis.protocol.NotLeaderException: Server d039632d-e2b5-49be-a69b-d282ef2b916c is not the leader (null). Request must be sent to leader., logIndex=0, commits[d039632d-e2b5-49be-a69b-d282ef2b916c:c-1]
2019-07-14 06:46:30,800 INFO  container.ReplicationManager (ReplicationManager.java:start(155)) - Starting Replication Monitor Thread.
2019-07-14 06:46:30,804 INFO  container.ReplicationManager (ReplicationManager.java:run(207)) - Replication Monitor Thread took 4 milliseconds for processing 1 containers.
2019-07-14 06:46:30,958 INFO  client.GrpcClientProtocolClient (GrpcClientProtocolClient.java:onNext(255)) - client-C97D168FA29A->2bf79f1f-a1cb-4201-8817-73394a51a399: receive RaftClientReply:client-C97D168FA29A->2bf79f1f-a1cb-4201-8817-73394a51a399@group-59CC98192836, cid=13, FAILED org.apache.ratis.protocol.NotLeaderException: Server 2bf79f1f-a1cb-4201-8817-73394a51a399 is not the leader (null). Request must be sent to leader., logIndex=0, commits[2bf79f1f-a1cb-4201-8817-73394a51a399:c-1]
2019-07-14 06:46:31,985 INFO  client.GrpcClientProtocolClient (GrpcClientProtocolClient.java:onNext(255)) - client-C97D168FA29A->d039632d-e2b5-49be-a69b-d282ef2b916c: receive RaftClientReply:client-C97D168FA29A->d039632d-e2b5-49be-a69b-d282ef2b916c@group-59CC98192836, cid=13, FAILED org.apache.ratis.protocol.NotLeaderException: Server d039632d-e2b5-49be-a69b-d282ef2b916c is not the leader (null). Request must be sent to leader., logIndex=0, commits[d039632d-e2b5-49be-a69b-d282ef2b916c:c-1]
2019-07-14 06:46:33,009 INFO  client.GrpcClientProtocolClient (GrpcClientProtocolClient.java:onNext(255)) - client-C97D168FA29A->2bf79f1f-a1cb-4201-8817-73394a51a399: receive RaftClientReply:client-C97D168FA29A->2bf79f1f-a1cb-4201-8817-73394a51a399@group-59CC98192836, cid=13, FAILED org.apache.ratis.protocol.NotLeaderException: Server 2bf79f1f-a1cb-4201-8817-73394a51a399 is not the leader (null). Request must be sent to leader., logIndex=0, commits[2bf79f1f-a1cb-4201-8817-73394a51a399:c-1]
2019-07-14 06:46:33,889 INFO  impl.FollowerState (FollowerState.java:run(106)) - d28cc584-136a-47e9-9084-bf48153689c3:group-DA1449340C80 changes to CANDIDATE, lastRpcTime:5039, electionTimeout:5039ms
2019-07-14 06:46:33,890 INFO  impl.RoleInfo (RoleInfo.java:shutdownFollowerState(121)) - d28cc584-136a-47e9-9084-bf48153689c3: shutdown FollowerState
2019-07-14 06:46:33,890 INFO  impl.RaftServerImpl (RaftServerImpl.java:setRole(171)) - d28cc584-136a-47e9-9084-bf48153689c3:group-DA1449340C80 changes role from FOLLOWER to CANDIDATE at term 0 for changeToCandidate
2019-07-14 06:46:33,892 INFO  impl.RoleInfo (RoleInfo.java:updateAndGet(143)) - d28cc584-136a-47e9-9084-bf48153689c3: start LeaderElection
2019-07-14 06:46:33,911 INFO  impl.LeaderElection (LeaderElection.java:askForVotes(181)) - d28cc584-136a-47e9-9084-bf48153689c3:group-DA1449340C80:LeaderElection1: begin an election at term 1 for -1: [d28cc584-136a-47e9-9084-bf48153689c3:192.168.5.144:43817], old=null
2019-07-14 06:46:33,913 INFO  impl.RoleInfo (RoleInfo.java:shutdownLeaderElection(134)) - d28cc584-136a-47e9-9084-bf48153689c3: shutdown LeaderElection
2019-07-14 06:46:33,913 INFO  impl.RaftServerImpl (RaftServerImpl.java:setRole(171)) - d28cc584-136a-47e9-9084-bf48153689c3:group-DA1449340C80 changes role from CANDIDATE to LEADER at term 1 for changeToLeader
2019-07-14 06:46:33,913 INFO  impl.RaftServerImpl (ServerState.java:setLeader(263)) - d28cc584-136a-47e9-9084-bf48153689c3:group-DA1449340C80 change Leader from null to d28cc584-136a-47e9-9084-bf48153689c3 at term 1 for becomeLeader, leader elected after 5133ms
2019-07-14 06:46:33,918 INFO  server.RaftServerConfigKeys (ConfUtils.java:logGet(43)) - raft.server.staging.catchup.gap = 1000 (default)
2019-07-14 06:46:33,918 INFO  server.RaftServerConfigKeys (ConfUtils.java:logGet(43)) - raft.server.rpc.sleep.time = 25ms (default)
2019-07-14 06:46:33,920 INFO  server.RaftServerConfigKeys (ConfUtils.java:logGet(43)) - raft.server.write.element-limit = 4096 (default)
2019-07-14 06:46:33,922 INFO  server.RaftServerConfigKeys (ConfUtils.java:logGet(43)) - raft.server.watch.timeout = 10s (default)
2019-07-14 06:46:33,923 INFO  server.RaftServerConfigKeys (ConfUtils.java:logGet(43)) - raft.server.watch.timeout.denomination = 1s (default)
2019-07-14 06:46:33,923 INFO  server.RaftServerConfigKeys (ConfUtils.java:logGet(43)) - raft.server.watch.element-limit = 65536 (default)
2019-07-14 06:46:33,931 INFO  impl.RoleInfo (RoleInfo.java:updateAndGet(143)) - d28cc584-136a-47e9-9084-bf48153689c3: start LeaderState
2019-07-14 06:46:33,952 INFO  segmented.SegmentedRaftLogWorker (SegmentedRaftLogWorker.java:startLogSegment(380)) - d28cc584-136a-47e9-9084-bf48153689c3-SegmentedRaftLogWorker:Storage Directory /tmp/workdir/hadoop-ozone/integration-test/target/test-dir/MiniOzoneClusterImpl-b7fcffd9-8ec7-477d-bf8a-1f2a2d93b531/datanode-0/data/ratis/3a913f85-c2f4-4f67-81b7-da1449340c80: Starting segment from index:0
2019-07-14 06:46:33,961 INFO  impl.RaftServerImpl (ServerState.java:setRaftConf(361)) - d28cc584-136a-47e9-9084-bf48153689c3:group-DA1449340C80 set configuration 0: [d28cc584-136a-47e9-9084-bf48153689c3:192.168.5.144:43817], old=null at 0
2019-07-14 06:46:34,029 INFO  client.GrpcClientProtocolClient (GrpcClientProtocolClient.java:onNext(255)) - client-C97D168FA29A->d039632d-e2b5-49be-a69b-d282ef2b916c: receive RaftClientReply:client-C97D168FA29A->d039632d-e2b5-49be-a69b-d282ef2b916c@group-59CC98192836, cid=13, FAILED org.apache.ratis.protocol.NotLeaderException: Server d039632d-e2b5-49be-a69b-d282ef2b916c is not the leader (null). Request must be sent to leader., logIndex=0, commits[d039632d-e2b5-49be-a69b-d282ef2b916c:c-1]
2019-07-14 06:46:34,052 WARN  io.KeyOutputStream (KeyOutputStream.java:handleException(276)) - Encountered exception java.io.IOException: Unexpected Storage Container Exception: java.util.concurrent.CompletionException: java.util.concurrent.CompletionException: org.apache.ratis.protocol.RaftRetryFailureException: Failed RaftClientRequest:client-C97D168FA29A->d039632d-e2b5-49be-a69b-d282ef2b916c@group-59CC98192836, cid=13, seq=1*, RW, org.apache.hadoop.hdds.scm.XceiverClientRatis$$Lambda$309/674659751@6305e37 for 5 attempts with RetryLimited(maxAttempts=5, sleepTime=1000ms) on the pipeline Pipeline[ Id: 6a3cc17f-3c8b-41e1-9bdf-59cc98192836, Nodes: d039632d-e2b5-49be-a69b-d282ef2b916c{ip: 192.168.5.144, host: trunk-nightly-8c95p-1540871953, networkLocation: /default-rack, certSerialId: null}d28cc584-136a-47e9-9084-bf48153689c3{ip: 192.168.5.144, host: trunk-nightly-8c95p-1540871953, networkLocation: /default-rack, certSerialId: null}2bf79f1f-a1cb-4201-8817-73394a51a399{ip: 192.168.5.144, host: trunk-nightly-8c95p-1540871953, networkLocation: /default-rack, certSerialId: null}, Type:RATIS, Factor:THREE, State:OPEN]. The last committed block length is 0, uncommitted data length is 400 retry count 0
2019-07-14 06:46:34,078 INFO  impl.FollowerState (FollowerState.java:run(106)) - d039632d-e2b5-49be-a69b-d282ef2b916c:group-44F9475D7642 changes to CANDIDATE, lastRpcTime:5041, electionTimeout:5038ms
2019-07-14 06:46:34,080 INFO  impl.RoleInfo (RoleInfo.java:shutdownFollowerState(121)) - d039632d-e2b5-49be-a69b-d282ef2b916c: shutdown FollowerState
2019-07-14 06:46:34,080 INFO  impl.RaftServerImpl (RaftServerImpl.java:setRole(171)) - d039632d-e2b5-49be-a69b-d282ef2b916c:group-44F9475D7642 changes role from FOLLOWER to CANDIDATE at term 0 for changeToCandidate
2019-07-14 06:46:34,080 INFO  impl.RoleInfo (RoleInfo.java:updateAndGet(143)) - d039632d-e2b5-49be-a69b-d282ef2b916c: start LeaderElection
2019-07-14 06:46:34,092 INFO  impl.LeaderElection (LeaderElection.java:askForVotes(181)) - d039632d-e2b5-49be-a69b-d282ef2b916c:group-44F9475D7642:LeaderElection2: begin an election at term 1 for -1: [d039632d-e2b5-49be-a69b-d282ef2b916c:192.168.5.144:37912], old=null
2019-07-14 06:46:34,096 INFO  impl.RoleInfo (RoleInfo.java:shutdownLeaderElection(134)) - d039632d-e2b5-49be-a69b-d282ef2b916c: shutdown LeaderElection
2019-07-14 06:46:34,096 INFO  impl.RaftServerImpl (RaftServerImpl.java:setRole(171)) - d039632d-e2b5-49be-a69b-d282ef2b916c:group-44F9475D7642 changes role from CANDIDATE to LEADER at term 1 for changeToLeader
2019-07-14 06:46:34,098 INFO  impl.RaftServerImpl (ServerState.java:setLeader(263)) - d039632d-e2b5-49be-a69b-d282ef2b916c:group-44F9475D7642 change Leader from null to d039632d-e2b5-49be-a69b-d282ef2b916c at term 1 for becomeLeader, leader elected after 5066ms
2019-07-14 06:46:34,098 INFO  server.RaftServerConfigKeys (ConfUtils.java:logGet(43)) - raft.server.staging.catchup.gap = 1000 (default)
2019-07-14 06:46:34,098 INFO  server.RaftServerConfigKeys (ConfUtils.java:logGet(43)) - raft.server.rpc.sleep.time = 25ms (default)
2019-07-14 06:46:34,098 INFO  server.RaftServerConfigKeys (ConfUtils.java:logGet(43)) - raft.server.write.element-limit = 4096 (default)
2019-07-14 06:46:34,098 INFO  server.RaftServerConfigKeys (ConfUtils.java:logGet(43)) - raft.server.watch.timeout = 10s (default)
2019-07-14 06:46:34,099 INFO  server.RaftServerConfigKeys (ConfUtils.java:logGet(43)) - raft.server.watch.timeout.denomination = 1s (default)
2019-07-14 06:46:34,100 INFO  server.RaftServerConfigKeys (ConfUtils.java:logGet(43)) - raft.server.watch.element-limit = 65536 (default)
2019-07-14 06:46:34,101 INFO  impl.RoleInfo (RoleInfo.java:updateAndGet(143)) - d039632d-e2b5-49be-a69b-d282ef2b916c: start LeaderState
2019-07-14 06:46:34,103 INFO  client.GrpcClientProtocolClient (GrpcClientProtocolClient.java:onNext(255)) - client-3B61A73BEE8F->843b6365-27a0-4b11-82e1-2bb8e689001b: receive RaftClientReply:client-3B61A73BEE8F->843b6365-27a0-4b11-82e1-2bb8e689001b@group-747F44B8285C, cid=19, FAILED org.apache.ratis.protocol.NotLeaderException: Server 843b6365-27a0-4b11-82e1-2bb8e689001b is not the leader (null). Request must be sent to leader., logIndex=0, commits[843b6365-27a0-4b11-82e1-2bb8e689001b:c-1]
2019-07-14 06:46:34,104 INFO  segmented.SegmentedRaftLogWorker (SegmentedRaftLogWorker.java:startLogSegment(380)) - d039632d-e2b5-49be-a69b-d282ef2b916c-SegmentedRaftLogWorker:Storage Directory /tmp/workdir/hadoop-ozone/integration-test/target/test-dir/MiniOzoneClusterImpl-b7fcffd9-8ec7-477d-bf8a-1f2a2d93b531/datanode-2/data/ratis/be9064b2-1118-4316-91e3-44f9475d7642: Starting segment from index:0
2019-07-14 06:46:34,110 INFO  impl.RaftServerImpl (ServerState.java:setRaftConf(361)) - d039632d-e2b5-49be-a69b-d282ef2b916c:group-44F9475D7642 set configuration 0: [d039632d-e2b5-49be-a69b-d282ef2b916c:192.168.5.144:37912], old=null at 0
2019-07-14 06:46:34,192 INFO  segmented.SegmentedRaftLogWorker (SegmentedRaftLogWorker.java:execute(569)) - d28cc584-136a-47e9-9084-bf48153689c3-SegmentedRaftLogWorker:Storage Directory /tmp/workdir/hadoop-ozone/integration-test/target/test-dir/MiniOzoneClusterImpl-b7fcffd9-8ec7-477d-bf8a-1f2a2d93b531/datanode-0/data/ratis/3a913f85-c2f4-4f67-81b7-da1449340c80: created new log segment /tmp/workdir/hadoop-ozone/integration-test/target/test-dir/MiniOzoneClusterImpl-b7fcffd9-8ec7-477d-bf8a-1f2a2d93b531/datanode-0/data/ratis/3a913f85-c2f4-4f67-81b7-da1449340c80/current/log_inprogress_0
2019-07-14 06:46:34,192 INFO  segmented.SegmentedRaftLogWorker (SegmentedRaftLogWorker.java:execute(569)) - d039632d-e2b5-49be-a69b-d282ef2b916c-SegmentedRaftLogWorker:Storage Directory /tmp/workdir/hadoop-ozone/integration-test/target/test-dir/MiniOzoneClusterImpl-b7fcffd9-8ec7-477d-bf8a-1f2a2d93b531/datanode-2/data/ratis/be9064b2-1118-4316-91e3-44f9475d7642: created new log segment /tmp/workdir/hadoop-ozone/integration-test/target/test-dir/MiniOzoneClusterImpl-b7fcffd9-8ec7-477d-bf8a-1f2a2d93b531/datanode-2/data/ratis/be9064b2-1118-4316-91e3-44f9475d7642/current/log_inprogress_0
2019-07-14 06:46:34,230 INFO  impl.FollowerState (FollowerState.java:run(106)) - 2bf79f1f-a1cb-4201-8817-73394a51a399:group-D5B4397106D7 changes to CANDIDATE, lastRpcTime:5112, electionTimeout:5112ms
2019-07-14 06:46:34,233 INFO  impl.RoleInfo (RoleInfo.java:shutdownFollowerState(121)) - 2bf79f1f-a1cb-4201-8817-73394a51a399: shutdown FollowerState
2019-07-14 06:46:34,233 INFO  impl.RaftServerImpl (RaftServerImpl.java:setRole(171)) - 2bf79f1f-a1cb-4201-8817-73394a51a399:group-D5B4397106D7 changes role from FOLLOWER to CANDIDATE at term 0 for changeToCandidate
2019-07-14 06:46:34,233 INFO  impl.RoleInfo (RoleInfo.java:updateAndGet(143)) - 2bf79f1f-a1cb-4201-8817-73394a51a399: start LeaderElection
2019-07-14 06:46:34,250 INFO  impl.LeaderElection (LeaderElection.java:askForVotes(181)) - 2bf79f1f-a1cb-4201-8817-73394a51a399:group-D5B4397106D7:LeaderElection3: begin an election at term 1 for -1: [2bf79f1f-a1cb-4201-8817-73394a51a399:192.168.5.144:43305], old=null
2019-07-14 06:46:34,252 INFO  impl.RoleInfo (RoleInfo.java:shutdownLeaderElection(134)) - 2bf79f1f-a1cb-4201-8817-73394a51a399: shutdown LeaderElection
2019-07-14 06:46:34,253 INFO  impl.RaftServerImpl (RaftServerImpl.java:setRole(171)) - 2bf79f1f-a1cb-4201-8817-73394a51a399:group-D5B4397106D7 changes role from CANDIDATE to LEADER at term 1 for changeToLeader
2019-07-14 06:46:34,253 INFO  impl.RaftServerImpl (ServerState.java:setLeader(263)) - 2bf79f1f-a1cb-4201-8817-73394a51a399:group-D5B4397106D7 change Leader from null to 2bf79f1f-a1cb-4201-8817-73394a51a399 at term 1 for becomeLeader, leader elected after 5138ms
2019-07-14 06:46:34,253 INFO  server.RaftServerConfigKeys (ConfUtils.java:logGet(43)) - raft.server.staging.catchup.gap = 1000 (default)
2019-07-14 06:46:34,253 INFO  server.RaftServerConfigKeys (ConfUtils.java:logGet(43)) - raft.server.rpc.sleep.time = 25ms (default)
2019-07-14 06:46:34,253 INFO  server.RaftServerConfigKeys (ConfUtils.java:logGet(43)) - raft.server.write.element-limit = 4096 (default)
2019-07-14 06:46:34,253 INFO  server.RaftServerConfigKeys (ConfUtils.java:logGet(43)) - raft.server.watch.timeout = 10s (default)
2019-07-14 06:46:34,253 INFO  server.RaftServerConfigKeys (ConfUtils.java:logGet(43)) - raft.server.watch.timeout.denomination = 1s (default)
2019-07-14 06:46:34,254 INFO  server.RaftServerConfigKeys (ConfUtils.java:logGet(43)) - raft.server.watch.element-limit = 65536 (default)
2019-07-14 06:46:34,254 INFO  impl.RoleInfo (RoleInfo.java:updateAndGet(143)) - 2bf79f1f-a1cb-4201-8817-73394a51a399: start LeaderState
2019-07-14 06:46:34,254 INFO  segmented.SegmentedRaftLogWorker (SegmentedRaftLogWorker.java:startLogSegment(380)) - 2bf79f1f-a1cb-4201-8817-73394a51a399-SegmentedRaftLogWorker:Storage Directory /tmp/workdir/hadoop-ozone/integration-test/target/test-dir/MiniOzoneClusterImpl-b7fcffd9-8ec7-477d-bf8a-1f2a2d93b531/datanode-1/data/ratis/815df54a-c655-4afa-b4ed-d5b4397106d7: Starting segment from index:0
2019-07-14 06:46:34,255 INFO  impl.RaftServerImpl (ServerState.java:setRaftConf(361)) - 2bf79f1f-a1cb-4201-8817-73394a51a399:group-D5B4397106D7 set configuration 0: [2bf79f1f-a1cb-4201-8817-73394a51a399:192.168.5.144:43305], old=null at 0
2019-07-14 06:46:34,282 INFO  segmented.SegmentedRaftLogWorker (SegmentedRaftLogWorker.java:execute(569)) - 2bf79f1f-a1cb-4201-8817-73394a51a399-SegmentedRaftLogWorker:Storage Directory /tmp/workdir/hadoop-ozone/integration-test/target/test-dir/MiniOzoneClusterImpl-b7fcffd9-8ec7-477d-bf8a-1f2a2d93b531/datanode-1/data/ratis/815df54a-c655-4afa-b4ed-d5b4397106d7: created new log segment /tmp/workdir/hadoop-ozone/integration-test/target/test-dir/MiniOzoneClusterImpl-b7fcffd9-8ec7-477d-bf8a-1f2a2d93b531/datanode-1/data/ratis/815df54a-c655-4afa-b4ed-d5b4397106d7/current/log_inprogress_0
2019-07-14 06:46:34,344 INFO  impl.FollowerState (FollowerState.java:run(106)) - 59c3768e-ae7a-4719-9784-12278fdbb200:group-E8F92B3E5FF8 changes to CANDIDATE, lastRpcTime:5162, electionTimeout:5162ms
2019-07-14 06:46:34,344 INFO  impl.RoleInfo (RoleInfo.java:shutdownFollowerState(121)) - 59c3768e-ae7a-4719-9784-12278fdbb200: shutdown FollowerState
2019-07-14 06:46:34,345 INFO  impl.RaftServerImpl (RaftServerImpl.java:setRole(171)) - 59c3768e-ae7a-4719-9784-12278fdbb200:group-E8F92B3E5FF8 changes role from FOLLOWER to CANDIDATE at term 0 for changeToCandidate
2019-07-14 06:46:34,345 INFO  impl.RoleInfo (RoleInfo.java:updateAndGet(143)) - 59c3768e-ae7a-4719-9784-12278fdbb200: start LeaderElection
2019-07-14 06:46:34,361 INFO  impl.LeaderElection (LeaderElection.java:askForVotes(181)) - 59c3768e-ae7a-4719-9784-12278fdbb200:group-E8F92B3E5FF8:LeaderElection4: begin an election at term 1 for -1: [59c3768e-ae7a-4719-9784-12278fdbb200:192.168.5.144:46373], old=null
2019-07-14 06:46:34,363 INFO  impl.RoleInfo (RoleInfo.java:shutdownLeaderElection(134)) - 59c3768e-ae7a-4719-9784-12278fdbb200: shutdown LeaderElection
2019-07-14 06:46:34,363 INFO  impl.RaftServerImpl (RaftServerImpl.java:setRole(171)) - 59c3768e-ae7a-4719-9784-12278fdbb200:group-E8F92B3E5FF8 changes role from CANDIDATE to LEADER at term 1 for changeToLeader
2019-07-14 06:46:34,363 INFO  impl.RaftServerImpl (ServerState.java:setLeader(263)) - 59c3768e-ae7a-4719-9784-12278fdbb200:group-E8F92B3E5FF8 change Leader from null to 59c3768e-ae7a-4719-9784-12278fdbb200 at term 1 for becomeLeader, leader elected after 5184ms
2019-07-14 06:46:34,363 INFO  server.RaftServerConfigKeys (ConfUtils.java:logGet(43)) - raft.server.staging.catchup.gap = 1000 (default)
2019-07-14 06:46:34,364 INFO  impl.FollowerState (FollowerState.java:run(106)) - 572141e2-e6f3-45f7-b8e3-346ee4d8661b:group-9A9EE098FBED changes to CANDIDATE, lastRpcTime:5045, electionTimeout:5045ms
2019-07-14 06:46:34,364 INFO  server.RaftServerConfigKeys (ConfUtils.java:logGet(43)) - raft.server.rpc.sleep.time = 25ms (default)
2019-07-14 06:46:34,364 INFO  impl.RoleInfo (RoleInfo.java:shutdownFollowerState(121)) - 572141e2-e6f3-45f7-b8e3-346ee4d8661b: shutdown FollowerState
2019-07-14 06:46:34,364 INFO  impl.RaftServerImpl (RaftServerImpl.java:setRole(171)) - 572141e2-e6f3-45f7-b8e3-346ee4d8661b:group-9A9EE098FBED changes role from FOLLOWER to CANDIDATE at term 0 for changeToCandidate
2019-07-14 06:46:34,364 INFO  server.RaftServerConfigKeys (ConfUtils.java:logGet(43)) - raft.server.write.element-limit = 4096 (default)
2019-07-14 06:46:34,364 INFO  impl.RoleInfo (RoleInfo.java:updateAndGet(143)) - 572141e2-e6f3-45f7-b8e3-346ee4d8661b: start LeaderElection
2019-07-14 06:46:34,364 INFO  server.RaftServerConfigKeys (ConfUtils.java:logGet(43)) - raft.server.watch.timeout = 10s (default)
2019-07-14 06:46:34,364 INFO  server.RaftServerConfigKeys (ConfUtils.java:logGet(43)) - raft.server.watch.timeout.denomination = 1s (default)
2019-07-14 06:46:34,368 INFO  server.RaftServerConfigKeys (ConfUtils.java:logGet(43)) - raft.server.watch.element-limit = 65536 (default)
2019-07-14 06:46:34,368 INFO  impl.RoleInfo (RoleInfo.java:updateAndGet(143)) - 59c3768e-ae7a-4719-9784-12278fdbb200: start LeaderState
2019-07-14 06:46:34,369 INFO  segmented.SegmentedRaftLogWorker (SegmentedRaftLogWorker.java:startLogSegment(380)) - 59c3768e-ae7a-4719-9784-12278fdbb200-SegmentedRaftLogWorker:Storage Directory /tmp/workdir/hadoop-ozone/integration-test/target/test-dir/MiniOzoneClusterImpl-b7fcffd9-8ec7-477d-bf8a-1f2a2d93b531/datanode-5/data/ratis/ba5596c3-5270-4e34-aae6-e8f92b3e5ff8: Starting segment from index:0
2019-07-14 06:46:34,369 INFO  impl.RaftServerImpl (ServerState.java:setRaftConf(361)) - 59c3768e-ae7a-4719-9784-12278fdbb200:group-E8F92B3E5FF8 set configuration 0: [59c3768e-ae7a-4719-9784-12278fdbb200:192.168.5.144:46373], old=null at 0
2019-07-14 06:46:34,386 INFO  impl.LeaderElection (LeaderElection.java:askForVotes(181)) - 572141e2-e6f3-45f7-b8e3-346ee4d8661b:group-9A9EE098FBED:LeaderElection5: begin an election at term 1 for -1: [572141e2-e6f3-45f7-b8e3-346ee4d8661b:192.168.5.144:45033], old=null
2019-07-14 06:46:34,387 INFO  impl.RoleInfo (RoleInfo.java:shutdownLeaderElection(134)) - 572141e2-e6f3-45f7-b8e3-346ee4d8661b: shutdown LeaderElection
2019-07-14 06:46:34,387 INFO  impl.RaftServerImpl (RaftServerImpl.java:setRole(171)) - 572141e2-e6f3-45f7-b8e3-346ee4d8661b:group-9A9EE098FBED changes role from CANDIDATE to LEADER at term 1 for changeToLeader
2019-07-14 06:46:34,387 INFO  impl.RaftServerImpl (ServerState.java:setLeader(263)) - 572141e2-e6f3-45f7-b8e3-346ee4d8661b:group-9A9EE098FBED change Leader from null to 572141e2-e6f3-45f7-b8e3-346ee4d8661b at term 1 for becomeLeader, leader elected after 5073ms
2019-07-14 06:46:34,387 INFO  server.RaftServerConfigKeys (ConfUtils.java:logGet(43)) - raft.server.staging.catchup.gap = 1000 (default)
2019-07-14 06:46:34,387 INFO  server.RaftServerConfigKeys (ConfUtils.java:logGet(43)) - raft.server.rpc.sleep.time = 25ms (default)
2019-07-14 06:46:34,388 INFO  server.RaftServerConfigKeys (ConfUtils.java:logGet(43)) - raft.server.write.element-limit = 4096 (default)
2019-07-14 06:46:34,388 INFO  server.RaftServerConfigKeys (ConfUtils.java:logGet(43)) - raft.server.watch.timeout = 10s (default)
2019-07-14 06:46:34,388 INFO  server.RaftServerConfigKeys (ConfUtils.java:logGet(43)) - raft.server.watch.timeout.denomination = 1s (default)
2019-07-14 06:46:34,388 INFO  server.RaftServerConfigKeys (ConfUtils.java:logGet(43)) - raft.server.watch.element-limit = 65536 (default)
2019-07-14 06:46:34,388 INFO  impl.RoleInfo (RoleInfo.java:updateAndGet(143)) - 572141e2-e6f3-45f7-b8e3-346ee4d8661b: start LeaderState
2019-07-14 06:46:34,389 INFO  segmented.SegmentedRaftLogWorker (SegmentedRaftLogWorker.java:execute(569)) - 59c3768e-ae7a-4719-9784-12278fdbb200-SegmentedRaftLogWorker:Storage Directory /tmp/workdir/hadoop-ozone/integration-test/target/test-dir/MiniOzoneClusterImpl-b7fcffd9-8ec7-477d-bf8a-1f2a2d93b531/datanode-5/data/ratis/ba5596c3-5270-4e34-aae6-e8f92b3e5ff8: created new log segment /tmp/workdir/hadoop-ozone/integration-test/target/test-dir/MiniOzoneClusterImpl-b7fcffd9-8ec7-477d-bf8a-1f2a2d93b531/datanode-5/data/ratis/ba5596c3-5270-4e34-aae6-e8f92b3e5ff8/current/log_inprogress_0
2019-07-14 06:46:34,389 INFO  segmented.SegmentedRaftLogWorker (SegmentedRaftLogWorker.java:startLogSegment(380)) - 572141e2-e6f3-45f7-b8e3-346ee4d8661b-SegmentedRaftLogWorker:Storage Directory /tmp/workdir/hadoop-ozone/integration-test/target/test-dir/MiniOzoneClusterImpl-b7fcffd9-8ec7-477d-bf8a-1f2a2d93b531/datanode-3/data/ratis/c8045a94-6df9-4d07-a701-9a9ee098fbed: Starting segment from index:0
2019-07-14 06:46:34,389 INFO  impl.RaftServerImpl (ServerState.java:setRaftConf(361)) - 572141e2-e6f3-45f7-b8e3-346ee4d8661b:group-9A9EE098FBED set configuration 0: [572141e2-e6f3-45f7-b8e3-346ee4d8661b:192.168.5.144:45033], old=null at 0
2019-07-14 06:46:34,406 INFO  impl.FollowerState (FollowerState.java:run(106)) - 843b6365-27a0-4b11-82e1-2bb8e689001b:group-3DF631A580EB changes to CANDIDATE, lastRpcTime:5151, electionTimeout:5140ms
2019-07-14 06:46:34,406 INFO  impl.FollowerState (FollowerState.java:run(106)) - 4fe7c8bd-e83e-4156-87ee-16a56db4aea3:group-49B274E0B5F2 changes to CANDIDATE, lastRpcTime:5037, electionTimeout:5027ms
2019-07-14 06:46:34,413 INFO  impl.RoleInfo (RoleInfo.java:shutdownFollowerState(121)) - 843b6365-27a0-4b11-82e1-2bb8e689001b: shutdown FollowerState
2019-07-14 06:46:34,416 INFO  impl.RoleInfo (RoleInfo.java:shutdownFollowerState(121)) - 4fe7c8bd-e83e-4156-87ee-16a56db4aea3: shutdown FollowerState
2019-07-14 06:46:34,416 INFO  impl.RaftServerImpl (RaftServerImpl.java:setRole(171)) - 843b6365-27a0-4b11-82e1-2bb8e689001b:group-3DF631A580EB changes role from FOLLOWER to CANDIDATE at term 0 for changeToCandidate
2019-07-14 06:46:34,417 INFO  impl.RaftServerImpl (RaftServerImpl.java:setRole(171)) - 4fe7c8bd-e83e-4156-87ee-16a56db4aea3:group-49B274E0B5F2 changes role from FOLLOWER to CANDIDATE at term 0 for changeToCandidate
2019-07-14 06:46:34,417 INFO  impl.RoleInfo (RoleInfo.java:updateAndGet(143)) - 843b6365-27a0-4b11-82e1-2bb8e689001b: start LeaderElection
2019-07-14 06:46:34,417 INFO  impl.RoleInfo (RoleInfo.java:updateAndGet(143)) - 4fe7c8bd-e83e-4156-87ee-16a56db4aea3: start LeaderElection
2019-07-14 06:46:34,425 INFO  segmented.SegmentedRaftLogWorker (SegmentedRaftLogWorker.java:execute(569)) - 572141e2-e6f3-45f7-b8e3-346ee4d8661b-SegmentedRaftLogWorker:Storage Directory /tmp/workdir/hadoop-ozone/integration-test/target/test-dir/MiniOzoneClusterImpl-b7fcffd9-8ec7-477d-bf8a-1f2a2d93b531/datanode-3/data/ratis/c8045a94-6df9-4d07-a701-9a9ee098fbed: created new log segment /tmp/workdir/hadoop-ozone/integration-test/target/test-dir/MiniOzoneClusterImpl-b7fcffd9-8ec7-477d-bf8a-1f2a2d93b531/datanode-3/data/ratis/c8045a94-6df9-4d07-a701-9a9ee098fbed/current/log_inprogress_0
2019-07-14 06:46:34,440 INFO  impl.LeaderElection (LeaderElection.java:askForVotes(181)) - 4fe7c8bd-e83e-4156-87ee-16a56db4aea3:group-49B274E0B5F2:LeaderElection7: begin an election at term 1 for -1: [4fe7c8bd-e83e-4156-87ee-16a56db4aea3:192.168.5.144:36245], old=null
2019-07-14 06:46:34,440 INFO  impl.LeaderElection (LeaderElection.java:askForVotes(181)) - 843b6365-27a0-4b11-82e1-2bb8e689001b:group-3DF631A580EB:LeaderElection6: begin an election at term 1 for -1: [843b6365-27a0-4b11-82e1-2bb8e689001b:192.168.5.144:35660], old=null
2019-07-14 06:46:34,442 INFO  impl.RoleInfo (RoleInfo.java:shutdownLeaderElection(134)) - 4fe7c8bd-e83e-4156-87ee-16a56db4aea3: shutdown LeaderElection
2019-07-14 06:46:34,442 INFO  impl.RoleInfo (RoleInfo.java:shutdownLeaderElection(134)) - 843b6365-27a0-4b11-82e1-2bb8e689001b: shutdown LeaderElection
2019-07-14 06:46:34,442 INFO  impl.RaftServerImpl (RaftServerImpl.java:setRole(171)) - 4fe7c8bd-e83e-4156-87ee-16a56db4aea3:group-49B274E0B5F2 changes role from CANDIDATE to LEADER at term 1 for changeToLeader
2019-07-14 06:46:34,442 INFO  impl.RaftServerImpl (RaftServerImpl.java:setRole(171)) - 843b6365-27a0-4b11-82e1-2bb8e689001b:group-3DF631A580EB changes role from CANDIDATE to LEADER at term 1 for changeToLeader
2019-07-14 06:46:34,442 INFO  impl.RaftServerImpl (ServerState.java:setLeader(263)) - 4fe7c8bd-e83e-4156-87ee-16a56db4aea3:group-49B274E0B5F2 change Leader from null to 4fe7c8bd-e83e-4156-87ee-16a56db4aea3 at term 1 for becomeLeader, leader elected after 5077ms
2019-07-14 06:46:34,442 INFO  impl.RaftServerImpl (ServerState.java:setLeader(263)) - 843b6365-27a0-4b11-82e1-2bb8e689001b:group-3DF631A580EB change Leader from null to 843b6365-27a0-4b11-82e1-2bb8e689001b at term 1 for becomeLeader, leader elected after 5192ms
2019-07-14 06:46:34,443 INFO  server.RaftServerConfigKeys (ConfUtils.java:logGet(43)) - raft.server.staging.catchup.gap = 1000 (default)
2019-07-14 06:46:34,443 INFO  server.RaftServerConfigKeys (ConfUtils.java:logGet(43)) - raft.server.staging.catchup.gap = 1000 (default)
2019-07-14 06:46:34,443 INFO  server.RaftServerConfigKeys (ConfUtils.java:logGet(43)) - raft.server.rpc.sleep.time = 25ms (default)
2019-07-14 06:46:34,443 INFO  server.RaftServerConfigKeys (ConfUtils.java:logGet(43)) - raft.server.rpc.sleep.time = 25ms (default)
2019-07-14 06:46:34,443 INFO  server.RaftServerConfigKeys (ConfUtils.java:logGet(43)) - raft.server.write.element-limit = 4096 (default)
2019-07-14 06:46:34,443 INFO  server.RaftServerConfigKeys (ConfUtils.java:logGet(43)) - raft.server.write.element-limit = 4096 (default)
2019-07-14 06:46:34,443 INFO  server.RaftServerConfigKeys (ConfUtils.java:logGet(43)) - raft.server.watch.timeout = 10s (default)
2019-07-14 06:46:34,444 INFO  server.RaftServerConfigKeys (ConfUtils.java:logGet(43)) - raft.server.watch.timeout = 10s (default)
2019-07-14 06:46:34,444 INFO  server.RaftServerConfigKeys (ConfUtils.java:logGet(43)) - raft.server.watch.timeout.denomination = 1s (default)
2019-07-14 06:46:34,444 INFO  server.RaftServerConfigKeys (ConfUtils.java:logGet(43)) - raft.server.watch.timeout.denomination = 1s (default)
2019-07-14 06:46:34,444 INFO  server.RaftServerConfigKeys (ConfUtils.java:logGet(43)) - raft.server.watch.element-limit = 65536 (default)
2019-07-14 06:46:34,444 INFO  server.RaftServerConfigKeys (ConfUtils.java:logGet(43)) - raft.server.watch.element-limit = 65536 (default)
2019-07-14 06:46:34,445 INFO  impl.RoleInfo (RoleInfo.java:updateAndGet(143)) - 4fe7c8bd-e83e-4156-87ee-16a56db4aea3: start LeaderState
2019-07-14 06:46:34,445 INFO  impl.RoleInfo (RoleInfo.java:updateAndGet(143)) - 843b6365-27a0-4b11-82e1-2bb8e689001b: start LeaderState
2019-07-14 06:46:34,445 INFO  segmented.SegmentedRaftLogWorker (SegmentedRaftLogWorker.java:startLogSegment(380)) - 4fe7c8bd-e83e-4156-87ee-16a56db4aea3-SegmentedRaftLogWorker:Storage Directory /tmp/workdir/hadoop-ozone/integration-test/target/test-dir/MiniOzoneClusterImpl-b7fcffd9-8ec7-477d-bf8a-1f2a2d93b531/datanode-4/data/ratis/8b35e37d-812c-4e77-80c9-49b274e0b5f2: Starting segment from index:0
2019-07-14 06:46:34,445 INFO  segmented.SegmentedRaftLogWorker (SegmentedRaftLogWorker.java:startLogSegment(380)) - 843b6365-27a0-4b11-82e1-2bb8e689001b-SegmentedRaftLogWorker:Storage Directory /tmp/workdir/hadoop-ozone/integration-test/target/test-dir/MiniOzoneClusterImpl-b7fcffd9-8ec7-477d-bf8a-1f2a2d93b531/datanode-6/data/ratis/7b4cd13f-4b89-4ffc-9a3e-3df631a580eb: Starting segment from index:0
2019-07-14 06:46:34,446 INFO  impl.RaftServerImpl (ServerState.java:setRaftConf(361)) - 4fe7c8bd-e83e-4156-87ee-16a56db4aea3:group-49B274E0B5F2 set configuration 0: [4fe7c8bd-e83e-4156-87ee-16a56db4aea3:192.168.5.144:36245], old=null at 0
2019-07-14 06:46:34,446 INFO  impl.RaftServerImpl (ServerState.java:setRaftConf(361)) - 843b6365-27a0-4b11-82e1-2bb8e689001b:group-3DF631A580EB set configuration 0: [843b6365-27a0-4b11-82e1-2bb8e689001b:192.168.5.144:35660], old=null at 0
2019-07-14 06:46:34,479 INFO  segmented.SegmentedRaftLogWorker (SegmentedRaftLogWorker.java:execute(569)) - 4fe7c8bd-e83e-4156-87ee-16a56db4aea3-SegmentedRaftLogWorker:Storage Directory /tmp/workdir/hadoop-ozone/integration-test/target/test-dir/MiniOzoneClusterImpl-b7fcffd9-8ec7-477d-bf8a-1f2a2d93b531/datanode-4/data/ratis/8b35e37d-812c-4e77-80c9-49b274e0b5f2: created new log segment /tmp/workdir/hadoop-ozone/integration-test/target/test-dir/MiniOzoneClusterImpl-b7fcffd9-8ec7-477d-bf8a-1f2a2d93b531/datanode-4/data/ratis/8b35e37d-812c-4e77-80c9-49b274e0b5f2/current/log_inprogress_0
2019-07-14 06:46:34,480 INFO  segmented.SegmentedRaftLogWorker (SegmentedRaftLogWorker.java:execute(569)) - 843b6365-27a0-4b11-82e1-2bb8e689001b-SegmentedRaftLogWorker:Storage Directory /tmp/workdir/hadoop-ozone/integration-test/target/test-dir/MiniOzoneClusterImpl-b7fcffd9-8ec7-477d-bf8a-1f2a2d93b531/datanode-6/data/ratis/7b4cd13f-4b89-4ffc-9a3e-3df631a580eb: created new log segment /tmp/workdir/hadoop-ozone/integration-test/target/test-dir/MiniOzoneClusterImpl-b7fcffd9-8ec7-477d-bf8a-1f2a2d93b531/datanode-6/data/ratis/7b4cd13f-4b89-4ffc-9a3e-3df631a580eb/current/log_inprogress_0
2019-07-14 06:46:34,525 INFO  impl.FollowerState (FollowerState.java:run(106)) - d28cc584-136a-47e9-9084-bf48153689c3:group-59CC98192836 changes to CANDIDATE, lastRpcTime:5067, electionTimeout:5067ms
2019-07-14 06:46:34,527 INFO  impl.RoleInfo (RoleInfo.java:shutdownFollowerState(121)) - d28cc584-136a-47e9-9084-bf48153689c3: shutdown FollowerState
2019-07-14 06:46:34,527 INFO  impl.RaftServerImpl (RaftServerImpl.java:setRole(171)) - d28cc584-136a-47e9-9084-bf48153689c3:group-59CC98192836 changes role from FOLLOWER to CANDIDATE at term 0 for changeToCandidate
2019-07-14 06:46:34,528 INFO  impl.RoleInfo (RoleInfo.java:updateAndGet(143)) - d28cc584-136a-47e9-9084-bf48153689c3: start LeaderElection
2019-07-14 06:46:34,528 INFO  impl.FollowerState (FollowerState.java:run(106)) - d039632d-e2b5-49be-a69b-d282ef2b916c:group-59CC98192836 changes to CANDIDATE, lastRpcTime:5070, electionTimeout:5070ms
2019-07-14 06:46:34,536 INFO  impl.RoleInfo (RoleInfo.java:shutdownFollowerState(121)) - d039632d-e2b5-49be-a69b-d282ef2b916c: shutdown FollowerState
2019-07-14 06:46:34,536 INFO  impl.RaftServerImpl (RaftServerImpl.java:setRole(171)) - d039632d-e2b5-49be-a69b-d282ef2b916c:group-59CC98192836 changes role from FOLLOWER to CANDIDATE at term 0 for changeToCandidate
2019-07-14 06:46:34,536 INFO  impl.RoleInfo (RoleInfo.java:updateAndGet(143)) - d039632d-e2b5-49be-a69b-d282ef2b916c: start LeaderElection
2019-07-14 06:46:34,549 INFO  impl.LeaderElection (LeaderElection.java:askForVotes(181)) - d28cc584-136a-47e9-9084-bf48153689c3:group-59CC98192836:LeaderElection8: begin an election at term 1 for -1: [d039632d-e2b5-49be-a69b-d282ef2b916c:192.168.5.144:37912, d28cc584-136a-47e9-9084-bf48153689c3:192.168.5.144:43817, 2bf79f1f-a1cb-4201-8817-73394a51a399:192.168.5.144:43305], old=null
2019-07-14 06:46:34,549 INFO  impl.FollowerState (FollowerState.java:run(106)) - 843b6365-27a0-4b11-82e1-2bb8e689001b:group-747F44B8285C changes to CANDIDATE, lastRpcTime:5011, electionTimeout:5011ms
2019-07-14 06:46:34,549 INFO  impl.LeaderElection (LeaderElection.java:askForVotes(181)) - d039632d-e2b5-49be-a69b-d282ef2b916c:group-59CC98192836:LeaderElection9: begin an election at term 1 for -1: [d039632d-e2b5-49be-a69b-d282ef2b916c:192.168.5.144:37912, d28cc584-136a-47e9-9084-bf48153689c3:192.168.5.144:43817, 2bf79f1f-a1cb-4201-8817-73394a51a399:192.168.5.144:43305], old=null
2019-07-14 06:46:34,549 INFO  impl.RoleInfo (RoleInfo.java:shutdownFollowerState(121)) - 843b6365-27a0-4b11-82e1-2bb8e689001b: shutdown FollowerState
2019-07-14 06:46:34,550 INFO  impl.RaftServerImpl (RaftServerImpl.java:setRole(171)) - 843b6365-27a0-4b11-82e1-2bb8e689001b:group-747F44B8285C changes role from FOLLOWER to CANDIDATE at term 0 for changeToCandidate
2019-07-14 06:46:34,550 INFO  impl.RoleInfo (RoleInfo.java:updateAndGet(143)) - 843b6365-27a0-4b11-82e1-2bb8e689001b: start LeaderElection
2019-07-14 06:46:34,569 INFO  impl.LeaderElection (LeaderElection.java:askForVotes(181)) - 843b6365-27a0-4b11-82e1-2bb8e689001b:group-747F44B8285C:LeaderElection10: begin an election at term 1 for -1: [572141e2-e6f3-45f7-b8e3-346ee4d8661b:192.168.5.144:45033, 59c3768e-ae7a-4719-9784-12278fdbb200:192.168.5.144:46373, 843b6365-27a0-4b11-82e1-2bb8e689001b:192.168.5.144:35660], old=null
2019-07-14 06:46:34,597 INFO  impl.RaftServerImpl (RaftServerImpl.java:setRole(171)) - 572141e2-e6f3-45f7-b8e3-346ee4d8661b:group-747F44B8285C changes role from FOLLOWER to FOLLOWER at term 1 for recognizeCandidate:843b6365-27a0-4b11-82e1-2bb8e689001b
2019-07-14 06:46:34,597 INFO  impl.RaftServerImpl (RaftServerImpl.java:setRole(171)) - 2bf79f1f-a1cb-4201-8817-73394a51a399:group-59CC98192836 changes role from FOLLOWER to FOLLOWER at term 1 for recognizeCandidate:d039632d-e2b5-49be-a69b-d282ef2b916c
2019-07-14 06:46:34,598 INFO  impl.RoleInfo (RoleInfo.java:shutdownFollowerState(121)) - 572141e2-e6f3-45f7-b8e3-346ee4d8661b: shutdown FollowerState
2019-07-14 06:46:34,600 INFO  impl.RoleInfo (RoleInfo.java:shutdownFollowerState(121)) - 2bf79f1f-a1cb-4201-8817-73394a51a399: shutdown FollowerState
2019-07-14 06:46:34,603 INFO  impl.RoleInfo (RoleInfo.java:updateAndGet(143)) - 572141e2-e6f3-45f7-b8e3-346ee4d8661b: start FollowerState
2019-07-14 06:46:34,603 INFO  impl.FollowerState (FollowerState.java:run(114)) - 2bf79f1f-a1cb-4201-8817-73394a51a399: FollowerState was interrupted: java.lang.InterruptedException: sleep interrupted
2019-07-14 06:46:34,604 INFO  impl.RaftServerImpl (RaftServerImpl.java:setRole(171)) - 59c3768e-ae7a-4719-9784-12278fdbb200:group-747F44B8285C changes role from FOLLOWER to FOLLOWER at term 1 for recognizeCandidate:843b6365-27a0-4b11-82e1-2bb8e689001b
2019-07-14 06:46:34,603 INFO  impl.RoleInfo (RoleInfo.java:updateAndGet(143)) - 2bf79f1f-a1cb-4201-8817-73394a51a399: start FollowerState
2019-07-14 06:46:34,603 INFO  impl.FollowerState (FollowerState.java:run(114)) - 572141e2-e6f3-45f7-b8e3-346ee4d8661b: FollowerState was interrupted: java.lang.InterruptedException: sleep interrupted
2019-07-14 06:46:34,606 INFO  impl.RoleInfo (RoleInfo.java:shutdownFollowerState(121)) - 59c3768e-ae7a-4719-9784-12278fdbb200: shutdown FollowerState
2019-07-14 06:46:34,617 INFO  impl.FollowerState (FollowerState.java:run(114)) - 59c3768e-ae7a-4719-9784-12278fdbb200: FollowerState was interrupted: java.lang.InterruptedException: sleep interrupted
2019-07-14 06:46:34,617 INFO  impl.RoleInfo (RoleInfo.java:updateAndGet(143)) - 59c3768e-ae7a-4719-9784-12278fdbb200: start FollowerState
2019-07-14 06:46:34,628 INFO  impl.LeaderElection (LeaderElection.java:logAndReturn(56)) - 843b6365-27a0-4b11-82e1-2bb8e689001b:group-747F44B8285C:LeaderElection10: Election PASSED; received 1 response(s) [843b6365-27a0-4b11-82e1-2bb8e689001b<-572141e2-e6f3-45f7-b8e3-346ee4d8661b#0:OK-t1] and 0 exception(s); 843b6365-27a0-4b11-82e1-2bb8e689001b:t1, leader=null, voted=843b6365-27a0-4b11-82e1-2bb8e689001b, raftlog=843b6365-27a0-4b11-82e1-2bb8e689001b-SegmentedRaftLog:OPENED:c-1,f-1,i0, conf=-1: [572141e2-e6f3-45f7-b8e3-346ee4d8661b:192.168.5.144:45033, 59c3768e-ae7a-4719-9784-12278fdbb200:192.168.5.144:46373, 843b6365-27a0-4b11-82e1-2bb8e689001b:192.168.5.144:35660], old=null
2019-07-14 06:46:34,628 INFO  impl.LeaderElection (LeaderElection.java:logAndReturn(56)) - d039632d-e2b5-49be-a69b-d282ef2b916c:group-59CC98192836:LeaderElection9: Election PASSED; received 2 response(s) [d039632d-e2b5-49be-a69b-d282ef2b916c<-d28cc584-136a-47e9-9084-bf48153689c3#0:FAIL-t1, d039632d-e2b5-49be-a69b-d282ef2b916c<-2bf79f1f-a1cb-4201-8817-73394a51a399#0:OK-t1] and 0 exception(s); d039632d-e2b5-49be-a69b-d282ef2b916c:t1, leader=null, voted=d039632d-e2b5-49be-a69b-d282ef2b916c, raftlog=d039632d-e2b5-49be-a69b-d282ef2b916c-SegmentedRaftLog:OPENED:c-1,f-1,i0, conf=-1: [d039632d-e2b5-49be-a69b-d282ef2b916c:192.168.5.144:37912, d28cc584-136a-47e9-9084-bf48153689c3:192.168.5.144:43817, 2bf79f1f-a1cb-4201-8817-73394a51a399:192.168.5.144:43305], old=null
2019-07-14 06:46:34,629 INFO  impl.RoleInfo (RoleInfo.java:shutdownLeaderElection(134)) - 843b6365-27a0-4b11-82e1-2bb8e689001b: shutdown LeaderElection
2019-07-14 06:46:34,629 INFO  impl.LeaderElection (LeaderElection.java:logAndReturn(56)) - d28cc584-136a-47e9-9084-bf48153689c3:group-59CC98192836:LeaderElection8: Election REJECTED; received 2 response(s) [d28cc584-136a-47e9-9084-bf48153689c3<-d039632d-e2b5-49be-a69b-d282ef2b916c#0:FAIL-t1, d28cc584-136a-47e9-9084-bf48153689c3<-2bf79f1f-a1cb-4201-8817-73394a51a399#0:FAIL-t1] and 0 exception(s); d28cc584-136a-47e9-9084-bf48153689c3:t1, leader=null, voted=d28cc584-136a-47e9-9084-bf48153689c3, raftlog=d28cc584-136a-47e9-9084-bf48153689c3-SegmentedRaftLog:OPENED:c-1,f-1,i0, conf=-1: [d039632d-e2b5-49be-a69b-d282ef2b916c:192.168.5.144:37912, d28cc584-136a-47e9-9084-bf48153689c3:192.168.5.144:43817, 2bf79f1f-a1cb-4201-8817-73394a51a399:192.168.5.144:43305], old=null
2019-07-14 06:46:34,634 INFO  impl.RaftServerImpl (RaftServerImpl.java:setRole(171)) - 843b6365-27a0-4b11-82e1-2bb8e689001b:group-747F44B8285C changes role from CANDIDATE to LEADER at term 1 for changeToLeader
2019-07-14 06:46:34,637 INFO  impl.RaftServerImpl (RaftServerImpl.java:setRole(171)) - d28cc584-136a-47e9-9084-bf48153689c3:group-59CC98192836 changes role from CANDIDATE to FOLLOWER at term 1 for DISCOVERED_A_NEW_TERM
2019-07-14 06:46:34,638 INFO  impl.RoleInfo (RoleInfo.java:shutdownLeaderElection(134)) - d28cc584-136a-47e9-9084-bf48153689c3: shutdown LeaderElection
2019-07-14 06:46:34,632 INFO  impl.RoleInfo (RoleInfo.java:shutdownLeaderElection(134)) - d039632d-e2b5-49be-a69b-d282ef2b916c: shutdown LeaderElection
2019-07-14 06:46:34,640 INFO  impl.RoleInfo (RoleInfo.java:updateAndGet(143)) - d28cc584-136a-47e9-9084-bf48153689c3: start FollowerState
2019-07-14 06:46:34,637 INFO  impl.RaftServerImpl (ServerState.java:setLeader(263)) - 843b6365-27a0-4b11-82e1-2bb8e689001b:group-747F44B8285C change Leader from null to 843b6365-27a0-4b11-82e1-2bb8e689001b at term 1 for becomeLeader, leader elected after 5111ms
2019-07-14 06:46:34,640 INFO  impl.RaftServerImpl (RaftServerImpl.java:setRole(171)) - d039632d-e2b5-49be-a69b-d282ef2b916c:group-59CC98192836 changes role from CANDIDATE to LEADER at term 1 for changeToLeader
2019-07-14 06:46:34,642 INFO  server.RaftServerConfigKeys (ConfUtils.java:logGet(43)) - raft.server.staging.catchup.gap = 1000 (default)
2019-07-14 06:46:34,642 INFO  impl.RaftServerImpl (ServerState.java:setLeader(263)) - d039632d-e2b5-49be-a69b-d282ef2b916c:group-59CC98192836 change Leader from null to d039632d-e2b5-49be-a69b-d282ef2b916c at term 1 for becomeLeader, leader elected after 5196ms
2019-07-14 06:46:34,642 INFO  server.RaftServerConfigKeys (ConfUtils.java:logGet(43)) - raft.server.rpc.sleep.time = 25ms (default)
2019-07-14 06:46:34,642 INFO  server.RaftServerConfigKeys (ConfUtils.java:logGet(43)) - raft.server.staging.catchup.gap = 1000 (default)
2019-07-14 06:46:34,642 INFO  server.RaftServerConfigKeys (ConfUtils.java:logGet(43)) - raft.server.write.element-limit = 4096 (default)
2019-07-14 06:46:34,642 INFO  server.RaftServerConfigKeys (ConfUtils.java:logGet(43)) - raft.server.rpc.sleep.time = 25ms (default)
2019-07-14 06:46:34,642 INFO  server.RaftServerConfigKeys (ConfUtils.java:logGet(43)) - raft.server.watch.timeout = 10s (default)
2019-07-14 06:46:34,642 INFO  server.RaftServerConfigKeys (ConfUtils.java:logGet(43)) - raft.server.write.element-limit = 4096 (default)
2019-07-14 06:46:34,642 INFO  server.RaftServerConfigKeys (ConfUtils.java:logGet(43)) - raft.server.watch.timeout.denomination = 1s (default)
2019-07-14 06:46:34,643 INFO  server.RaftServerConfigKeys (ConfUtils.java:logGet(43)) - raft.server.watch.timeout = 10s (default)
2019-07-14 06:46:34,643 INFO  server.RaftServerConfigKeys (ConfUtils.java:logGet(43)) - raft.server.watch.element-limit = 65536 (default)
2019-07-14 06:46:34,643 INFO  server.RaftServerConfigKeys (ConfUtils.java:logGet(43)) - raft.server.watch.timeout.denomination = 1s (default)
2019-07-14 06:46:34,643 INFO  server.RaftServerConfigKeys (ConfUtils.java:logGet(43)) - raft.server.watch.element-limit = 65536 (default)
2019-07-14 06:46:34,645 INFO  server.RaftServerConfigKeys (ConfUtils.java:logGet(43)) - raft.server.log.appender.snapshot.chunk.size.max = 16MB (=16777216) (default)
2019-07-14 06:46:34,645 INFO  server.RaftServerConfigKeys (ConfUtils.java:logGet(43)) - raft.server.log.appender.snapshot.chunk.size.max = 16MB (=16777216) (default)
2019-07-14 06:46:34,645 INFO  server.RaftServerConfigKeys (ConfUtils.java:logGet(43)) - raft.server.log.appender.buffer.byte-limit = 33554432 (custom)
2019-07-14 06:46:34,645 INFO  server.RaftServerConfigKeys (ConfUtils.java:logGet(43)) - raft.server.log.appender.buffer.byte-limit = 33554432 (custom)
2019-07-14 06:46:34,645 INFO  server.RaftServerConfigKeys (ConfUtils.java:logGet(43)) - raft.server.log.appender.buffer.element-limit = 1 (custom)
2019-07-14 06:46:34,645 INFO  server.RaftServerConfigKeys (ConfUtils.java:logGet(43)) - raft.server.log.appender.buffer.element-limit = 1 (custom)
2019-07-14 06:46:34,648 INFO  grpc.GrpcConfigKeys$Server (ConfUtils.java:logGet(43)) - raft.grpc.server.leader.outstanding.appends.max = 128 (default)
2019-07-14 06:46:34,648 INFO  grpc.GrpcConfigKeys$Server (ConfUtils.java:logGet(43)) - raft.grpc.server.leader.outstanding.appends.max = 128 (default)
2019-07-14 06:46:34,649 INFO  server.RaftServerConfigKeys (ConfUtils.java:logGet(43)) - raft.server.rpc.request.timeout = 3000ms (default)
2019-07-14 06:46:34,650 INFO  server.RaftServerConfigKeys (ConfUtils.java:logGet(43)) - raft.server.rpc.request.timeout = 3000ms (default)
2019-07-14 06:46:34,650 INFO  server.RaftServerConfigKeys (ConfUtils.java:logGet(43)) - raft.server.log.appender.install.snapshot.enabled = false (custom)
2019-07-14 06:46:34,650 INFO  server.RaftServerConfigKeys (ConfUtils.java:logGet(43)) - raft.server.log.appender.install.snapshot.enabled = false (custom)
2019-07-14 06:46:34,650 INFO  server.RaftServerConfigKeys (ConfUtils.java:logGet(43)) - raft.server.log.appender.snapshot.chunk.size.max = 16MB (=16777216) (default)
2019-07-14 06:46:34,650 INFO  server.RaftServerConfigKeys (ConfUtils.java:logGet(43)) - raft.server.log.appender.snapshot.chunk.size.max = 16MB (=16777216) (default)
2019-07-14 06:46:34,650 INFO  server.RaftServerConfigKeys (ConfUtils.java:logGet(43)) - raft.server.log.appender.buffer.byte-limit = 33554432 (custom)
2019-07-14 06:46:34,651 INFO  server.RaftServerConfigKeys (ConfUtils.java:logGet(43)) - raft.server.log.appender.buffer.byte-limit = 33554432 (custom)
2019-07-14 06:46:34,651 INFO  server.RaftServerConfigKeys (ConfUtils.java:logGet(43)) - raft.server.log.appender.buffer.element-limit = 1 (custom)
2019-07-14 06:46:34,651 INFO  server.RaftServerConfigKeys (ConfUtils.java:logGet(43)) - raft.server.log.appender.buffer.element-limit = 1 (custom)
2019-07-14 06:46:34,651 INFO  grpc.GrpcConfigKeys$Server (ConfUtils.java:logGet(43)) - raft.grpc.server.leader.outstanding.appends.max = 128 (default)
2019-07-14 06:46:34,651 INFO  grpc.GrpcConfigKeys$Server (ConfUtils.java:logGet(43)) - raft.grpc.server.leader.outstanding.appends.max = 128 (default)
2019-07-14 06:46:34,651 INFO  server.RaftServerConfigKeys (ConfUtils.java:logGet(43)) - raft.server.rpc.request.timeout = 3000ms (default)
2019-07-14 06:46:34,651 INFO  server.RaftServerConfigKeys (ConfUtils.java:logGet(43)) - raft.server.rpc.request.timeout = 3000ms (default)
2019-07-14 06:46:34,652 INFO  server.RaftServerConfigKeys (ConfUtils.java:logGet(43)) - raft.server.log.appender.install.snapshot.enabled = false (custom)
2019-07-14 06:46:34,652 INFO  server.RaftServerConfigKeys (ConfUtils.java:logGet(43)) - raft.server.log.appender.install.snapshot.enabled = false (custom)
2019-07-14 06:46:34,654 INFO  impl.RoleInfo (RoleInfo.java:updateAndGet(143)) - 843b6365-27a0-4b11-82e1-2bb8e689001b: start LeaderState
2019-07-14 06:46:34,654 INFO  impl.RoleInfo (RoleInfo.java:updateAndGet(143)) - d039632d-e2b5-49be-a69b-d282ef2b916c: start LeaderState
2019-07-14 06:46:34,654 INFO  segmented.SegmentedRaftLogWorker (SegmentedRaftLogWorker.java:startLogSegment(380)) - 843b6365-27a0-4b11-82e1-2bb8e689001b-SegmentedRaftLogWorker:Storage Directory /tmp/workdir/hadoop-ozone/integration-test/target/test-dir/MiniOzoneClusterImpl-b7fcffd9-8ec7-477d-bf8a-1f2a2d93b531/datanode-6/data/ratis/8538ccce-96d1-46ea-ada0-747f44b8285c: Starting segment from index:0
2019-07-14 06:46:34,654 INFO  segmented.SegmentedRaftLogWorker (SegmentedRaftLogWorker.java:startLogSegment(380)) - d039632d-e2b5-49be-a69b-d282ef2b916c-SegmentedRaftLogWorker:Storage Directory /tmp/workdir/hadoop-ozone/integration-test/target/test-dir/MiniOzoneClusterImpl-b7fcffd9-8ec7-477d-bf8a-1f2a2d93b531/datanode-2/data/ratis/6a3cc17f-3c8b-41e1-9bdf-59cc98192836: Starting segment from index:0
2019-07-14 06:46:34,657 INFO  impl.RaftServerImpl (ServerState.java:setRaftConf(361)) - 843b6365-27a0-4b11-82e1-2bb8e689001b:group-747F44B8285C set configuration 0: [572141e2-e6f3-45f7-b8e3-346ee4d8661b:192.168.5.144:45033, 59c3768e-ae7a-4719-9784-12278fdbb200:192.168.5.144:46373, 843b6365-27a0-4b11-82e1-2bb8e689001b:192.168.5.144:35660], old=null at 0
2019-07-14 06:46:34,657 INFO  impl.RaftServerImpl (ServerState.java:setRaftConf(361)) - d039632d-e2b5-49be-a69b-d282ef2b916c:group-59CC98192836 set configuration 0: [d039632d-e2b5-49be-a69b-d282ef2b916c:192.168.5.144:37912, d28cc584-136a-47e9-9084-bf48153689c3:192.168.5.144:43817, 2bf79f1f-a1cb-4201-8817-73394a51a399:192.168.5.144:43305], old=null at 0
2019-07-14 06:46:34,683 INFO  segmented.SegmentedRaftLogWorker (SegmentedRaftLogWorker.java:execute(569)) - d039632d-e2b5-49be-a69b-d282ef2b916c-SegmentedRaftLogWorker:Storage Directory /tmp/workdir/hadoop-ozone/integration-test/target/test-dir/MiniOzoneClusterImpl-b7fcffd9-8ec7-477d-bf8a-1f2a2d93b531/datanode-2/data/ratis/6a3cc17f-3c8b-41e1-9bdf-59cc98192836: created new log segment /tmp/workdir/hadoop-ozone/integration-test/target/test-dir/MiniOzoneClusterImpl-b7fcffd9-8ec7-477d-bf8a-1f2a2d93b531/datanode-2/data/ratis/6a3cc17f-3c8b-41e1-9bdf-59cc98192836/current/log_inprogress_0
2019-07-14 06:46:34,683 INFO  segmented.SegmentedRaftLogWorker (SegmentedRaftLogWorker.java:execute(569)) - 843b6365-27a0-4b11-82e1-2bb8e689001b-SegmentedRaftLogWorker:Storage Directory /tmp/workdir/hadoop-ozone/integration-test/target/test-dir/MiniOzoneClusterImpl-b7fcffd9-8ec7-477d-bf8a-1f2a2d93b531/datanode-6/data/ratis/8538ccce-96d1-46ea-ada0-747f44b8285c: created new log segment /tmp/workdir/hadoop-ozone/integration-test/target/test-dir/MiniOzoneClusterImpl-b7fcffd9-8ec7-477d-bf8a-1f2a2d93b531/datanode-6/data/ratis/8538ccce-96d1-46ea-ada0-747f44b8285c/current/log_inprogress_0
2019-07-14 06:46:34,694 INFO  impl.RaftServerImpl (ServerState.java:setLeader(263)) - 59c3768e-ae7a-4719-9784-12278fdbb200:group-747F44B8285C change Leader from null to 843b6365-27a0-4b11-82e1-2bb8e689001b at term 1 for appendEntries, leader elected after 5168ms
2019-07-14 06:46:34,695 INFO  impl.RaftServerImpl (ServerState.java:setLeader(263)) - 2bf79f1f-a1cb-4201-8817-73394a51a399:group-59CC98192836 change Leader from null to d039632d-e2b5-49be-a69b-d282ef2b916c at term 1 for appendEntries, leader elected after 5256ms
2019-07-14 06:46:34,694 INFO  impl.RaftServerImpl (ServerState.java:setLeader(263)) - 572141e2-e6f3-45f7-b8e3-346ee4d8661b:group-747F44B8285C change Leader from null to 843b6365-27a0-4b11-82e1-2bb8e689001b at term 1 for appendEntries, leader elected after 5167ms
2019-07-14 06:46:34,695 INFO  impl.RaftServerImpl (ServerState.java:setLeader(263)) - d28cc584-136a-47e9-9084-bf48153689c3:group-59CC98192836 change Leader from null to d039632d-e2b5-49be-a69b-d282ef2b916c at term 1 for appendEntries, leader elected after 5257ms
2019-07-14 06:46:34,723 INFO  impl.RaftServerImpl (ServerState.java:setRaftConf(361)) - 2bf79f1f-a1cb-4201-8817-73394a51a399:group-59CC98192836 set configuration 0: [d039632d-e2b5-49be-a69b-d282ef2b916c:192.168.5.144:37912, d28cc584-136a-47e9-9084-bf48153689c3:192.168.5.144:43817, 2bf79f1f-a1cb-4201-8817-73394a51a399:192.168.5.144:43305], old=null at 0
2019-07-14 06:46:34,724 INFO  impl.RaftServerImpl (ServerState.java:setRaftConf(361)) - 572141e2-e6f3-45f7-b8e3-346ee4d8661b:group-747F44B8285C set configuration 0: [572141e2-e6f3-45f7-b8e3-346ee4d8661b:192.168.5.144:45033, 59c3768e-ae7a-4719-9784-12278fdbb200:192.168.5.144:46373, 843b6365-27a0-4b11-82e1-2bb8e689001b:192.168.5.144:35660], old=null at 0
2019-07-14 06:46:34,723 INFO  impl.RaftServerImpl (ServerState.java:setRaftConf(361)) - d28cc584-136a-47e9-9084-bf48153689c3:group-59CC98192836 set configuration 0: [d039632d-e2b5-49be-a69b-d282ef2b916c:192.168.5.144:37912, d28cc584-136a-47e9-9084-bf48153689c3:192.168.5.144:43817, 2bf79f1f-a1cb-4201-8817-73394a51a399:192.168.5.144:43305], old=null at 0
2019-07-14 06:46:34,723 INFO  impl.RaftServerImpl (ServerState.java:setRaftConf(361)) - 59c3768e-ae7a-4719-9784-12278fdbb200:group-747F44B8285C set configuration 0: [572141e2-e6f3-45f7-b8e3-346ee4d8661b:192.168.5.144:45033, 59c3768e-ae7a-4719-9784-12278fdbb200:192.168.5.144:46373, 843b6365-27a0-4b11-82e1-2bb8e689001b:192.168.5.144:35660], old=null at 0
2019-07-14 06:46:34,724 INFO  segmented.SegmentedRaftLogWorker (SegmentedRaftLogWorker.java:startLogSegment(380)) - d28cc584-136a-47e9-9084-bf48153689c3-SegmentedRaftLogWorker:Storage Directory /tmp/workdir/hadoop-ozone/integration-test/target/test-dir/MiniOzoneClusterImpl-b7fcffd9-8ec7-477d-bf8a-1f2a2d93b531/datanode-0/data/ratis/6a3cc17f-3c8b-41e1-9bdf-59cc98192836: Starting segment from index:0
2019-07-14 06:46:34,724 INFO  segmented.SegmentedRaftLogWorker (SegmentedRaftLogWorker.java:startLogSegment(380)) - 572141e2-e6f3-45f7-b8e3-346ee4d8661b-SegmentedRaftLogWorker:Storage Directory /tmp/workdir/hadoop-ozone/integration-test/target/test-dir/MiniOzoneClusterImpl-b7fcffd9-8ec7-477d-bf8a-1f2a2d93b531/datanode-3/data/ratis/8538ccce-96d1-46ea-ada0-747f44b8285c: Starting segment from index:0
2019-07-14 06:46:34,724 INFO  segmented.SegmentedRaftLogWorker (SegmentedRaftLogWorker.java:startLogSegment(380)) - 2bf79f1f-a1cb-4201-8817-73394a51a399-SegmentedRaftLogWorker:Storage Directory /tmp/workdir/hadoop-ozone/integration-test/target/test-dir/MiniOzoneClusterImpl-b7fcffd9-8ec7-477d-bf8a-1f2a2d93b531/datanode-1/data/ratis/6a3cc17f-3c8b-41e1-9bdf-59cc98192836: Starting segment from index:0
2019-07-14 06:46:34,724 INFO  segmented.SegmentedRaftLogWorker (SegmentedRaftLogWorker.java:startLogSegment(380)) - 59c3768e-ae7a-4719-9784-12278fdbb200-SegmentedRaftLogWorker:Storage Directory /tmp/workdir/hadoop-ozone/integration-test/target/test-dir/MiniOzoneClusterImpl-b7fcffd9-8ec7-477d-bf8a-1f2a2d93b531/datanode-5/data/ratis/8538ccce-96d1-46ea-ada0-747f44b8285c: Starting segment from index:0
2019-07-14 06:46:34,749 INFO  segmented.SegmentedRaftLogWorker (SegmentedRaftLogWorker.java:execute(569)) - d28cc584-136a-47e9-9084-bf48153689c3-SegmentedRaftLogWorker:Storage Directory /tmp/workdir/hadoop-ozone/integration-test/target/test-dir/MiniOzoneClusterImpl-b7fcffd9-8ec7-477d-bf8a-1f2a2d93b531/datanode-0/data/ratis/6a3cc17f-3c8b-41e1-9bdf-59cc98192836: created new log segment /tmp/workdir/hadoop-ozone/integration-test/target/test-dir/MiniOzoneClusterImpl-b7fcffd9-8ec7-477d-bf8a-1f2a2d93b531/datanode-0/data/ratis/6a3cc17f-3c8b-41e1-9bdf-59cc98192836/current/log_inprogress_0
2019-07-14 06:46:34,749 INFO  segmented.SegmentedRaftLogWorker (SegmentedRaftLogWorker.java:execute(569)) - 59c3768e-ae7a-4719-9784-12278fdbb200-SegmentedRaftLogWorker:Storage Directory /tmp/workdir/hadoop-ozone/integration-test/target/test-dir/MiniOzoneClusterImpl-b7fcffd9-8ec7-477d-bf8a-1f2a2d93b531/datanode-5/data/ratis/8538ccce-96d1-46ea-ada0-747f44b8285c: created new log segment /tmp/workdir/hadoop-ozone/integration-test/target/test-dir/MiniOzoneClusterImpl-b7fcffd9-8ec7-477d-bf8a-1f2a2d93b531/datanode-5/data/ratis/8538ccce-96d1-46ea-ada0-747f44b8285c/current/log_inprogress_0
2019-07-14 06:46:34,749 INFO  segmented.SegmentedRaftLogWorker (SegmentedRaftLogWorker.java:execute(569)) - 572141e2-e6f3-45f7-b8e3-346ee4d8661b-SegmentedRaftLogWorker:Storage Directory /tmp/workdir/hadoop-ozone/integration-test/target/test-dir/MiniOzoneClusterImpl-b7fcffd9-8ec7-477d-bf8a-1f2a2d93b531/datanode-3/data/ratis/8538ccce-96d1-46ea-ada0-747f44b8285c: created new log segment /tmp/workdir/hadoop-ozone/integration-test/target/test-dir/MiniOzoneClusterImpl-b7fcffd9-8ec7-477d-bf8a-1f2a2d93b531/datanode-3/data/ratis/8538ccce-96d1-46ea-ada0-747f44b8285c/current/log_inprogress_0
2019-07-14 06:46:34,749 INFO  segmented.SegmentedRaftLogWorker (SegmentedRaftLogWorker.java:execute(569)) - 2bf79f1f-a1cb-4201-8817-73394a51a399-SegmentedRaftLogWorker:Storage Directory /tmp/workdir/hadoop-ozone/integration-test/target/test-dir/MiniOzoneClusterImpl-b7fcffd9-8ec7-477d-bf8a-1f2a2d93b531/datanode-1/data/ratis/6a3cc17f-3c8b-41e1-9bdf-59cc98192836: created new log segment /tmp/workdir/hadoop-ozone/integration-test/target/test-dir/MiniOzoneClusterImpl-b7fcffd9-8ec7-477d-bf8a-1f2a2d93b531/datanode-1/data/ratis/6a3cc17f-3c8b-41e1-9bdf-59cc98192836/current/log_inprogress_0
2019-07-14 06:46:35,132 INFO  client.GrpcClientProtocolClient (GrpcClientProtocolClient.java:onNext(255)) - client-3B61A73BEE8F->59c3768e-ae7a-4719-9784-12278fdbb200: receive RaftClientReply:client-3B61A73BEE8F->59c3768e-ae7a-4719-9784-12278fdbb200@group-747F44B8285C, cid=19, FAILED org.apache.ratis.protocol.NotLeaderException: Server 59c3768e-ae7a-4719-9784-12278fdbb200 is not the leader (843b6365-27a0-4b11-82e1-2bb8e689001b:192.168.5.144:35660). Request must be sent to leader., logIndex=0, commits[59c3768e-ae7a-4719-9784-12278fdbb200:c0, 572141e2-e6f3-45f7-b8e3-346ee4d8661b:c-1, 843b6365-27a0-4b11-82e1-2bb8e689001b:c0]
2019-07-14 06:46:35,344 INFO  client.GrpcClientProtocolClient (GrpcClientProtocolClient.java:onNext(255)) - client-3B61A73BEE8F->843b6365-27a0-4b11-82e1-2bb8e689001b: receive RaftClientReply:client-3B61A73BEE8F->843b6365-27a0-4b11-82e1-2bb8e689001b@group-747F44B8285C, cid=19, SUCCESS, logIndex=1, commits[843b6365-27a0-4b11-82e1-2bb8e689001b:c1, 572141e2-e6f3-45f7-b8e3-346ee4d8661b:c0, 59c3768e-ae7a-4719-9784-12278fdbb200:c0]
2019-07-14 06:46:35,378 INFO  client.GrpcClientProtocolClient (GrpcClientProtocolClient.java:onNext(255)) - client-3B61A73BEE8F->843b6365-27a0-4b11-82e1-2bb8e689001b: receive RaftClientReply:client-3B61A73BEE8F->843b6365-27a0-4b11-82e1-2bb8e689001b@group-747F44B8285C, cid=20, SUCCESS, logIndex=3, commits[843b6365-27a0-4b11-82e1-2bb8e689001b:c3, 572141e2-e6f3-45f7-b8e3-346ee4d8661b:c2, 59c3768e-ae7a-4719-9784-12278fdbb200:c2]
2019-07-14 06:46:35,423 INFO  client.GrpcClientProtocolClient (GrpcClientProtocolClient.java:onNext(255)) - client-3B61A73BEE8F->843b6365-27a0-4b11-82e1-2bb8e689001b: receive RaftClientReply:client-3B61A73BEE8F->843b6365-27a0-4b11-82e1-2bb8e689001b@group-747F44B8285C, cid=21, SUCCESS, logIndex=4, commits[843b6365-27a0-4b11-82e1-2bb8e689001b:c12, 572141e2-e6f3-45f7-b8e3-346ee4d8661b:c8, 59c3768e-ae7a-4719-9784-12278fdbb200:c8]
2019-07-14 06:46:35,425 INFO  client.GrpcClientProtocolClient (GrpcClientProtocolClient.java:onNext(255)) - client-3B61A73BEE8F->843b6365-27a0-4b11-82e1-2bb8e689001b: receive RaftClientReply:client-3B61A73BEE8F->843b6365-27a0-4b11-82e1-2bb8e689001b@group-747F44B8285C, cid=22, SUCCESS, logIndex=5, commits[843b6365-27a0-4b11-82e1-2bb8e689001b:c12, 572141e2-e6f3-45f7-b8e3-346ee4d8661b:c8, 59c3768e-ae7a-4719-9784-12278fdbb200:c8]
2019-07-14 06:46:35,425 INFO  client.GrpcClientProtocolClient (GrpcClientProtocolClient.java:onNext(255)) - client-3B61A73BEE8F->843b6365-27a0-4b11-82e1-2bb8e689001b: receive RaftClientReply:client-3B61A73BEE8F->843b6365-27a0-4b11-82e1-2bb8e689001b@group-747F44B8285C, cid=23, SUCCESS, logIndex=6, commits[843b6365-27a0-4b11-82e1-2bb8e689001b:c12, 572141e2-e6f3-45f7-b8e3-346ee4d8661b:c8, 59c3768e-ae7a-4719-9784-12278fdbb200:c8]
2019-07-14 06:46:35,479 INFO  client.GrpcClientProtocolClient (GrpcClientProtocolClient.java:onNext(255)) - client-3B61A73BEE8F->843b6365-27a0-4b11-82e1-2bb8e689001b: receive RaftClientReply:client-3B61A73BEE8F->843b6365-27a0-4b11-82e1-2bb8e689001b@group-747F44B8285C, cid=24, SUCCESS, logIndex=7, commits[843b6365-27a0-4b11-82e1-2bb8e689001b:c12, 572141e2-e6f3-45f7-b8e3-346ee4d8661b:c8, 59c3768e-ae7a-4719-9784-12278fdbb200:c8]
]]></system-out>
    <system-err><![CDATA[ERROR StatusLogger No Log4j 2 configuration file found. Using default configuration (logging only errors to the console), or user programmatically provided configurations. Set system property 'log4j2.debug' to show Log4j 2 internal initialization logging. See https://logging.apache.org/log4j/2.x/manual/configuration.html for instructions on how to configure Log4j 2
Jul 14, 2019 6:46:22 AM com.sun.jersey.server.impl.application.WebApplicationImpl _initiate
INFO: Initiating Jersey application, version 'Jersey: 1.19 02/11/2015 03:25 AM'
Jul 14, 2019 6:46:23 AM com.sun.jersey.server.impl.application.WebApplicationImpl _initiate
INFO: Initiating Jersey application, version 'Jersey: 1.19 02/11/2015 03:25 AM'
Jul 14, 2019 6:46:24 AM com.sun.jersey.server.impl.application.WebApplicationImpl _initiate
INFO: Initiating Jersey application, version 'Jersey: 1.19 02/11/2015 03:25 AM'
Jul 14, 2019 6:46:24 AM com.sun.jersey.server.impl.application.WebApplicationImpl _initiate
INFO: Initiating Jersey application, version 'Jersey: 1.19 02/11/2015 03:25 AM'
Jul 14, 2019 6:46:24 AM com.sun.jersey.server.impl.application.WebApplicationImpl _initiate
INFO: Initiating Jersey application, version 'Jersey: 1.19 02/11/2015 03:25 AM'
Jul 14, 2019 6:46:24 AM com.sun.jersey.server.impl.application.WebApplicationImpl _initiate
INFO: Initiating Jersey application, version 'Jersey: 1.19 02/11/2015 03:25 AM'
Jul 14, 2019 6:46:24 AM com.sun.jersey.server.impl.application.WebApplicationImpl _initiate
INFO: Initiating Jersey application, version 'Jersey: 1.19 02/11/2015 03:25 AM'
]]></system-err>
  </testcase>
  <testcase name="testWatchForCommitWithSmallerTimeoutValue" classname="org.apache.hadoop.ozone.client.rpc.TestWatchForCommit" time="22.028">
    <failure message="expected exception not thrown" type="java.lang.AssertionError">java.lang.AssertionError: expected exception not thrown
	at org.junit.Assert.fail(Assert.java:88)
	at org.apache.hadoop.ozone.client.rpc.TestWatchForCommit.testWatchForCommitWithSmallerTimeoutValue(TestWatchForCommit.java:308)
	at sun.reflect.NativeMethodAccessorImpl.invoke0(Native Method)
	at sun.reflect.NativeMethodAccessorImpl.invoke(NativeMethodAccessorImpl.java:62)
	at sun.reflect.DelegatingMethodAccessorImpl.invoke(DelegatingMethodAccessorImpl.java:43)
	at java.lang.reflect.Method.invoke(Method.java:498)
	at org.junit.runners.model.FrameworkMethod$1.runReflectiveCall(FrameworkMethod.java:47)
	at org.junit.internal.runners.model.ReflectiveCallable.run(ReflectiveCallable.java:12)
	at org.junit.runners.model.FrameworkMethod.invokeExplosively(FrameworkMethod.java:44)
	at org.junit.internal.runners.statements.InvokeMethod.evaluate(InvokeMethod.java:17)
	at org.junit.runners.ParentRunner.runLeaf(ParentRunner.java:271)
	at org.junit.runners.BlockJUnit4ClassRunner.runChild(BlockJUnit4ClassRunner.java:70)
	at org.junit.runners.BlockJUnit4ClassRunner.runChild(BlockJUnit4ClassRunner.java:50)
	at org.junit.runners.ParentRunner$3.run(ParentRunner.java:238)
	at org.junit.runners.ParentRunner$1.schedule(ParentRunner.java:63)
	at org.junit.runners.ParentRunner.runChildren(ParentRunner.java:236)
	at org.junit.runners.ParentRunner.access$000(ParentRunner.java:53)
	at org.junit.runners.ParentRunner$2.evaluate(ParentRunner.java:229)
	at org.junit.runners.ParentRunner.run(ParentRunner.java:309)
	at org.apache.maven.surefire.junit4.JUnit4Provider.execute(JUnit4Provider.java:365)
	at org.apache.maven.surefire.junit4.JUnit4Provider.executeWithRerun(JUnit4Provider.java:273)
	at org.apache.maven.surefire.junit4.JUnit4Provider.executeTestSet(JUnit4Provider.java:238)
	at org.apache.maven.surefire.junit4.JUnit4Provider.invoke(JUnit4Provider.java:159)
	at org.apache.maven.surefire.booter.ForkedBooter.invokeProviderInSameClassLoader(ForkedBooter.java:384)
	at org.apache.maven.surefire.booter.ForkedBooter.runSuitesInProcess(ForkedBooter.java:345)
	at org.apache.maven.surefire.booter.ForkedBooter.execute(ForkedBooter.java:126)
	at org.apache.maven.surefire.booter.ForkedBooter.main(ForkedBooter.java:418)
</failure>
    <system-out><![CDATA[2019-07-14 06:46:35,513 WARN  server.ServerUtils (ServerUtils.java:getScmDbDir(145)) - ozone.scm.db.dirs is not configured. We recommend adding this setting. Falling back to ozone.metadata.dirs instead.
2019-07-14 06:46:35,526 WARN  server.ServerUtils (ServerUtils.java:getScmDbDir(145)) - ozone.scm.db.dirs is not configured. We recommend adding this setting. Falling back to ozone.metadata.dirs instead.
2019-07-14 06:46:35,526 WARN  server.ServerUtils (ServerUtils.java:getScmDbDir(145)) - ozone.scm.db.dirs is not configured. We recommend adding this setting. Falling back to ozone.metadata.dirs instead.
2019-07-14 06:46:35,526 INFO  db.DBStoreBuilder (DBStoreBuilder.java:addTable(110)) - using custom profile for table: deletedBlocks
2019-07-14 06:46:35,527 INFO  db.DBStoreBuilder (DBStoreBuilder.java:processTables(161)) - Using default column profile:DBProfile.DISK for Table:deletedBlocks
2019-07-14 06:46:35,527 INFO  db.DBStoreBuilder (DBStoreBuilder.java:addTable(110)) - using custom profile for table: validCerts
2019-07-14 06:46:35,527 INFO  db.DBStoreBuilder (DBStoreBuilder.java:processTables(161)) - Using default column profile:DBProfile.DISK for Table:validCerts
2019-07-14 06:46:35,527 INFO  db.DBStoreBuilder (DBStoreBuilder.java:addTable(110)) - using custom profile for table: revokedCerts
2019-07-14 06:46:35,527 INFO  db.DBStoreBuilder (DBStoreBuilder.java:processTables(161)) - Using default column profile:DBProfile.DISK for Table:revokedCerts
2019-07-14 06:46:35,528 INFO  db.DBStoreBuilder (DBStoreBuilder.java:addTable(110)) - using custom profile for table: default
2019-07-14 06:46:35,528 INFO  db.DBStoreBuilder (DBStoreBuilder.java:processTables(167)) - Using default column profile:DBProfile.DISK for Table:default
2019-07-14 06:46:35,528 INFO  db.DBStoreBuilder (DBStoreBuilder.java:getDbProfile(198)) - Using default options. DBProfile.DISK
2019-07-14 06:46:35,634 INFO  net.NodeSchemaLoader (NodeSchemaLoader.java:loadSchemaFromFile(125)) - Loading file from sun.misc.CompoundEnumeration@2a1e57c6
2019-07-14 06:46:35,635 INFO  net.NodeSchemaLoader (NodeSchemaLoader.java:loadSchema(171)) - Loading network topology layer schema file
2019-07-14 06:46:35,638 WARN  server.ServerUtils (ServerUtils.java:sanitizeUserArgs(70)) - ozone.scm.stale.node.interval value = 300000 is larger than max = 100000 based on the key value of ozone.scm.heartbeat.thread.interval, reset to the max value 100000.
2019-07-14 06:46:35,638 WARN  server.ServerUtils (ServerUtils.java:sanitizeUserArgs(70)) - ozone.scm.stale.node.interval value = 300000 is larger than max = 100000 based on the key value of ozone.scm.heartbeat.thread.interval, reset to the max value 100000.
2019-07-14 06:46:35,639 INFO  node.SCMNodeManager (SCMNodeManager.java:<init>(119)) - Entering startup safe mode.
2019-07-14 06:46:35,640 WARN  server.ServerUtils (ServerUtils.java:getScmDbDir(145)) - ozone.scm.db.dirs is not configured. We recommend adding this setting. Falling back to ozone.metadata.dirs instead.
2019-07-14 06:46:35,685 INFO  pipeline.SCMPipelineManager (SCMPipelineManager.java:initializePipelineState(126)) - No pipeline exists in current db
2019-07-14 06:46:35,685 WARN  server.ServerUtils (ServerUtils.java:getScmDbDir(145)) - ozone.scm.db.dirs is not configured. We recommend adding this setting. Falling back to ozone.metadata.dirs instead.
2019-07-14 06:46:35,716 WARN  events.EventQueue (EventQueue.java:fireEvent(175)) - No event handler registered for event TypedEvent{payloadType=SafeModeStatus, name='SafeModeStatus'}
2019-07-14 06:46:35,717 INFO  ipc.CallQueueManager (CallQueueManager.java:<init>(84)) - Using callQueue: class java.util.concurrent.LinkedBlockingQueue, queueCapacity: 2000, scheduler: class org.apache.hadoop.ipc.DefaultRpcScheduler, ipcBackoff: false.
2019-07-14 06:46:35,718 INFO  ipc.Server (Server.java:run(1074)) - Starting Socket Reader #1 for port 42639
2019-07-14 06:46:35,723 INFO  ipc.CallQueueManager (CallQueueManager.java:<init>(84)) - Using callQueue: class java.util.concurrent.LinkedBlockingQueue, queueCapacity: 2000, scheduler: class org.apache.hadoop.ipc.DefaultRpcScheduler, ipcBackoff: false.
2019-07-14 06:46:35,723 INFO  ipc.Server (Server.java:run(1074)) - Starting Socket Reader #1 for port 44916
2019-07-14 06:46:35,726 INFO  ipc.CallQueueManager (CallQueueManager.java:<init>(84)) - Using callQueue: class java.util.concurrent.LinkedBlockingQueue, queueCapacity: 2000, scheduler: class org.apache.hadoop.ipc.DefaultRpcScheduler, ipcBackoff: false.
2019-07-14 06:46:35,727 INFO  ipc.Server (Server.java:run(1074)) - Starting Socket Reader #1 for port 38753
2019-07-14 06:46:35,730 INFO  hdfs.DFSUtil (DFSUtil.java:httpServerTemplateForNNAndJN(1641)) - Starting Web-server for scm at: http://0.0.0.0:0
2019-07-14 06:46:35,732 INFO  server.AuthenticationFilter (AuthenticationFilter.java:constructSecretProvider(240)) - Unable to initialize FileSignerSecretProvider, falling back to use random secrets.
2019-07-14 06:46:35,733 WARN  http.HttpRequestLog (HttpRequestLog.java:getRequestLog(97)) - Jetty request log can only be enabled using Log4j
2019-07-14 06:46:35,734 INFO  http.HttpServer2 (HttpServer2.java:addGlobalFilter(975)) - Added global filter 'safety' (class=org.apache.hadoop.http.HttpServer2$QuotingInputFilter)
2019-07-14 06:46:35,737 INFO  http.HttpServer2 (HttpServer2.java:addFilter(948)) - Added filter static_user_filter (class=org.apache.hadoop.http.lib.StaticUserWebFilter$StaticUserFilter) to context scm
2019-07-14 06:46:35,737 INFO  http.HttpServer2 (HttpServer2.java:addFilter(958)) - Added filter static_user_filter (class=org.apache.hadoop.http.lib.StaticUserWebFilter$StaticUserFilter) to context static
2019-07-14 06:46:35,737 INFO  http.HttpServer2 (HttpServer2.java:addFilter(958)) - Added filter static_user_filter (class=org.apache.hadoop.http.lib.StaticUserWebFilter$StaticUserFilter) to context logs
2019-07-14 06:46:35,743 INFO  server.StorageContainerManager (StorageContainerManager.java:start(759)) - StorageContainerLocationProtocol RPC server is listening at /0.0.0.0:38753
2019-07-14 06:46:35,743 INFO  impl.MetricsSystemImpl (MetricsSystemImpl.java:init(158)) - StorageContainerManager metrics system started (again)
2019-07-14 06:46:35,744 INFO  server.SCMClientProtocolServer (SCMClientProtocolServer.java:start(149)) - RPC server for Client  is listening at /0.0.0.0:38753
2019-07-14 06:46:35,744 INFO  ipc.Server (Server.java:run(1314)) - IPC Server Responder: starting
2019-07-14 06:46:35,744 INFO  ipc.Server (Server.java:run(1153)) - IPC Server listener on 38753: starting
2019-07-14 06:46:35,750 INFO  server.StorageContainerManager (StorageContainerManager.java:start(768)) - ScmBlockLocationProtocol RPC server is listening at /0.0.0.0:44916
2019-07-14 06:46:35,750 INFO  server.SCMBlockProtocolServer (SCMBlockProtocolServer.java:start(140)) - RPC server for Block Protocol is listening at /0.0.0.0:44916
2019-07-14 06:46:35,751 INFO  ipc.Server (Server.java:run(1314)) - IPC Server Responder: starting
2019-07-14 06:46:35,753 INFO  ipc.Server (Server.java:run(1153)) - IPC Server listener on 44916: starting
2019-07-14 06:46:35,757 INFO  server.StorageContainerManager (StorageContainerManager.java:start(772)) - ScmDatanodeProtocl RPC server is listening at /0.0.0.0:42639
2019-07-14 06:46:35,757 INFO  server.SCMDatanodeProtocolServer (SCMDatanodeProtocolServer.java:start(191)) - RPC server for DataNodes is listening at /0.0.0.0:42639
2019-07-14 06:46:35,758 INFO  ipc.Server (Server.java:run(1314)) - IPC Server Responder: starting
2019-07-14 06:46:35,758 INFO  ipc.Server (Server.java:run(1153)) - IPC Server listener on 42639: starting
2019-07-14 06:46:35,764 INFO  http.HttpServer2 (HttpServer2.java:bindListener(1191)) - Jetty bound to port 46403
2019-07-14 06:46:35,765 INFO  server.Server (Server.java:doStart(351)) - jetty-9.3.24.v20180605, build timestamp: 2018-06-05T17:11:56Z, git hash: 84205aa28f11a4f31f2a3b86d1bba2cc8ab69827
2019-07-14 06:46:35,767 INFO  handler.ContextHandler (ContextHandler.java:doStart(781)) - Started o.e.j.s.ServletContextHandler@6684f7f2{/logs,file:///tmp/workdir/hadoop-ozone/integration-test/target/log,AVAILABLE}
2019-07-14 06:46:35,767 INFO  handler.ContextHandler (ContextHandler.java:doStart(781)) - Started o.e.j.s.ServletContextHandler@505d2bac{/static,file:///tmp/workdir/hadoop-ozone/integration-test/target/test-classes/webapps/static,AVAILABLE}
2019-07-14 06:46:35,772 INFO  handler.ContextHandler (ContextHandler.java:doStart(781)) - Started o.e.j.w.WebAppContext@62b0bf85{/,file:///tmp/workdir/hadoop-ozone/integration-test/target/test-classes/webapps/scm/,AVAILABLE}{/scm}
2019-07-14 06:46:35,773 INFO  server.AbstractConnector (AbstractConnector.java:doStart(278)) - Started ServerConnector@1fcaea93{HTTP/1.1,[http/1.1]}{0.0.0.0:46403}
2019-07-14 06:46:35,775 INFO  server.Server (Server.java:doStart(419)) - Started @17799ms
2019-07-14 06:46:35,775 INFO  server.BaseHttpServer (BaseHttpServer.java:updateConnectorAddress(207)) - HTTP server of SCM is listening at http://0.0.0.0:46403
2019-07-14 06:46:35,778 WARN  server.ServerUtils (ServerUtils.java:getDBPath(222)) - ozone.om.db.dirs is not configured. We recommend adding this setting. Falling back to ozone.metadata.dirs instead.
2019-07-14 06:46:35,778 INFO  util.JvmPauseMonitor (JvmPauseMonitor.java:run(188)) - Starting JVM pause monitor
2019-07-14 06:46:35,803 WARN  server.ServerUtils (ServerUtils.java:getDBPath(222)) - ozone.om.db.dirs is not configured. We recommend adding this setting. Falling back to ozone.metadata.dirs instead.
2019-07-14 06:46:35,803 INFO  om.OzoneManager (OzoneManager.java:setOMNodeDetails(630)) - OM Service ID is not set. Setting it to the default ID: omServiceIdDefault
2019-07-14 06:46:35,803 INFO  om.OzoneManager (OzoneManager.java:setOMNodeDetails(636)) - OM Node ID is not set. Setting it to the OmStorage's OmID: 56477990-afbd-468c-a07e-8f83ad88b1f0
2019-07-14 06:46:35,804 INFO  om.OzoneManager (OzoneManager.java:loadOMHAConfigs(587)) - Found matching OM address with OMServiceId: null, OMNodeId: null, RPC Address: localhost:0 and Ratis port: 9872
2019-07-14 06:46:35,817 WARN  server.ServerUtils (ServerUtils.java:getDBPath(222)) - ozone.om.db.dirs is not configured. We recommend adding this setting. Falling back to ozone.metadata.dirs instead.
2019-07-14 06:46:35,817 INFO  db.DBStoreBuilder (DBStoreBuilder.java:addTable(110)) - using custom profile for table: userTable
2019-07-14 06:46:35,817 INFO  db.DBStoreBuilder (DBStoreBuilder.java:processTables(161)) - Using default column profile:DBProfile.DISK for Table:userTable
2019-07-14 06:46:35,818 INFO  db.DBStoreBuilder (DBStoreBuilder.java:addTable(110)) - using custom profile for table: volumeTable
2019-07-14 06:46:35,818 INFO  db.DBStoreBuilder (DBStoreBuilder.java:processTables(161)) - Using default column profile:DBProfile.DISK for Table:volumeTable
2019-07-14 06:46:35,818 INFO  db.DBStoreBuilder (DBStoreBuilder.java:addTable(110)) - using custom profile for table: bucketTable
2019-07-14 06:46:35,818 INFO  db.DBStoreBuilder (DBStoreBuilder.java:processTables(161)) - Using default column profile:DBProfile.DISK for Table:bucketTable
2019-07-14 06:46:35,819 INFO  db.DBStoreBuilder (DBStoreBuilder.java:addTable(110)) - using custom profile for table: keyTable
2019-07-14 06:46:35,819 INFO  db.DBStoreBuilder (DBStoreBuilder.java:processTables(161)) - Using default column profile:DBProfile.DISK for Table:keyTable
2019-07-14 06:46:35,819 INFO  db.DBStoreBuilder (DBStoreBuilder.java:addTable(110)) - using custom profile for table: deletedTable
2019-07-14 06:46:35,819 INFO  db.DBStoreBuilder (DBStoreBuilder.java:processTables(161)) - Using default column profile:DBProfile.DISK for Table:deletedTable
2019-07-14 06:46:35,820 INFO  db.DBStoreBuilder (DBStoreBuilder.java:addTable(110)) - using custom profile for table: openKeyTable
2019-07-14 06:46:35,820 INFO  db.DBStoreBuilder (DBStoreBuilder.java:processTables(161)) - Using default column profile:DBProfile.DISK for Table:openKeyTable
2019-07-14 06:46:35,820 INFO  db.DBStoreBuilder (DBStoreBuilder.java:addTable(110)) - using custom profile for table: s3Table
2019-07-14 06:46:35,820 INFO  db.DBStoreBuilder (DBStoreBuilder.java:processTables(161)) - Using default column profile:DBProfile.DISK for Table:s3Table
2019-07-14 06:46:35,821 INFO  db.DBStoreBuilder (DBStoreBuilder.java:addTable(110)) - using custom profile for table: multipartInfoTable
2019-07-14 06:46:35,821 INFO  db.DBStoreBuilder (DBStoreBuilder.java:processTables(161)) - Using default column profile:DBProfile.DISK for Table:multipartInfoTable
2019-07-14 06:46:35,821 INFO  db.DBStoreBuilder (DBStoreBuilder.java:addTable(110)) - using custom profile for table: dTokenTable
2019-07-14 06:46:35,821 INFO  db.DBStoreBuilder (DBStoreBuilder.java:processTables(161)) - Using default column profile:DBProfile.DISK for Table:dTokenTable
2019-07-14 06:46:35,822 INFO  db.DBStoreBuilder (DBStoreBuilder.java:addTable(110)) - using custom profile for table: s3SecretTable
2019-07-14 06:46:35,822 INFO  db.DBStoreBuilder (DBStoreBuilder.java:processTables(161)) - Using default column profile:DBProfile.DISK for Table:s3SecretTable
2019-07-14 06:46:35,822 INFO  db.DBStoreBuilder (DBStoreBuilder.java:addTable(110)) - using custom profile for table: prefixTable
2019-07-14 06:46:35,822 INFO  db.DBStoreBuilder (DBStoreBuilder.java:processTables(161)) - Using default column profile:DBProfile.DISK for Table:prefixTable
2019-07-14 06:46:35,823 INFO  db.DBStoreBuilder (DBStoreBuilder.java:addTable(110)) - using custom profile for table: default
2019-07-14 06:46:35,823 INFO  db.DBStoreBuilder (DBStoreBuilder.java:processTables(167)) - Using default column profile:DBProfile.DISK for Table:default
2019-07-14 06:46:35,823 INFO  db.DBStoreBuilder (DBStoreBuilder.java:getDbProfile(198)) - Using default options. DBProfile.DISK
2019-07-14 06:46:36,158 INFO  ipc.CallQueueManager (CallQueueManager.java:<init>(84)) - Using callQueue: class java.util.concurrent.LinkedBlockingQueue, queueCapacity: 2000, scheduler: class org.apache.hadoop.ipc.DefaultRpcScheduler, ipcBackoff: false.
2019-07-14 06:46:36,159 INFO  ipc.Server (Server.java:run(1074)) - Starting Socket Reader #1 for port 42993
2019-07-14 06:46:36,184 WARN  server.ServerUtils (ServerUtils.java:getDBPath(222)) - ozone.om.db.dirs is not configured. We recommend adding this setting. Falling back to ozone.metadata.dirs instead.
2019-07-14 06:46:36,185 INFO  om.OzoneManager (OzoneManager.java:start(1228)) - OzoneManager RPC server is listening at localhost/127.0.0.1:42993
2019-07-14 06:46:36,185 INFO  impl.MetricsSystemImpl (MetricsSystemImpl.java:init(158)) - OzoneManager metrics system started (again)
2019-07-14 06:46:36,186 INFO  ipc.Server (Server.java:run(1314)) - IPC Server Responder: starting
2019-07-14 06:46:36,190 INFO  ipc.Server (Server.java:run(1153)) - IPC Server listener on 42993: starting
2019-07-14 06:46:36,198 INFO  hdfs.DFSUtil (DFSUtil.java:httpServerTemplateForNNAndJN(1641)) - Starting Web-server for ozoneManager at: http://0.0.0.0:0
2019-07-14 06:46:36,200 INFO  server.AuthenticationFilter (AuthenticationFilter.java:constructSecretProvider(240)) - Unable to initialize FileSignerSecretProvider, falling back to use random secrets.
2019-07-14 06:46:36,201 WARN  http.HttpRequestLog (HttpRequestLog.java:getRequestLog(97)) - Jetty request log can only be enabled using Log4j
2019-07-14 06:46:36,203 INFO  http.HttpServer2 (HttpServer2.java:addGlobalFilter(975)) - Added global filter 'safety' (class=org.apache.hadoop.http.HttpServer2$QuotingInputFilter)
2019-07-14 06:46:36,204 INFO  http.HttpServer2 (HttpServer2.java:addFilter(948)) - Added filter static_user_filter (class=org.apache.hadoop.http.lib.StaticUserWebFilter$StaticUserFilter) to context ozoneManager
2019-07-14 06:46:36,204 INFO  http.HttpServer2 (HttpServer2.java:addFilter(958)) - Added filter static_user_filter (class=org.apache.hadoop.http.lib.StaticUserWebFilter$StaticUserFilter) to context static
2019-07-14 06:46:36,204 INFO  http.HttpServer2 (HttpServer2.java:addFilter(958)) - Added filter static_user_filter (class=org.apache.hadoop.http.lib.StaticUserWebFilter$StaticUserFilter) to context logs
2019-07-14 06:46:36,205 INFO  http.HttpServer2 (HttpServer2.java:bindListener(1191)) - Jetty bound to port 32848
2019-07-14 06:46:36,205 INFO  server.Server (Server.java:doStart(351)) - jetty-9.3.24.v20180605, build timestamp: 2018-06-05T17:11:56Z, git hash: 84205aa28f11a4f31f2a3b86d1bba2cc8ab69827
2019-07-14 06:46:36,208 INFO  handler.ContextHandler (ContextHandler.java:doStart(781)) - Started o.e.j.s.ServletContextHandler@2fb082ff{/logs,file:///tmp/workdir/hadoop-ozone/integration-test/target/log,AVAILABLE}
2019-07-14 06:46:36,209 INFO  handler.ContextHandler (ContextHandler.java:doStart(781)) - Started o.e.j.s.ServletContextHandler@668a32a4{/static,file:///tmp/workdir/hadoop-ozone/integration-test/target/test-classes/webapps/static,AVAILABLE}
2019-07-14 06:46:36,215 INFO  handler.ContextHandler (ContextHandler.java:doStart(781)) - Started o.e.j.w.WebAppContext@782ac148{/,file:///tmp/workdir/hadoop-ozone/integration-test/target/test-classes/webapps/ozoneManager/,AVAILABLE}{/ozoneManager}
2019-07-14 06:46:36,216 INFO  server.AbstractConnector (AbstractConnector.java:doStart(278)) - Started ServerConnector@46d1b59{HTTP/1.1,[http/1.1]}{0.0.0.0:32848}
2019-07-14 06:46:36,218 INFO  server.Server (Server.java:doStart(419)) - Started @18243ms
2019-07-14 06:46:36,219 INFO  server.BaseHttpServer (BaseHttpServer.java:updateConnectorAddress(207)) - HTTP server of OZONEMANAGER is listening at http://0.0.0.0:32848
2019-07-14 06:46:36,237 INFO  impl.MetricsSystemImpl (MetricsSystemImpl.java:init(158)) - HddsDatanode metrics system started (again)
2019-07-14 06:46:36,238 INFO  ozone.HddsDatanodeService (HddsDatanodeService.java:start(185)) - HddsDatanodeService host:trunk-nightly-8c95p-1540871953 ip:192.168.5.144
2019-07-14 06:46:36,252 INFO  volume.HddsVolume (HddsVolume.java:<init>(176)) - Creating Volume: /tmp/workdir/hadoop-ozone/integration-test/target/test-dir/MiniOzoneClusterImpl-8946ae17-0b67-4499-8112-9a6f091c9538/datanode-0/data/containers/hdds of  storage type : DISK and capacity : 52710309888
2019-07-14 06:46:36,253 INFO  volume.VolumeSet (VolumeSet.java:initializeVolumeSet(170)) - Added Volume : /tmp/workdir/hadoop-ozone/integration-test/target/test-dir/MiniOzoneClusterImpl-8946ae17-0b67-4499-8112-9a6f091c9538/datanode-0/data/containers/hdds to VolumeSet
2019-07-14 06:46:36,253 INFO  volume.ThrottledAsyncChecker (ThrottledAsyncChecker.java:schedule(140)) - Scheduling a check for org.apache.hadoop.ozone.container.common.volume.HddsVolume@561d88ee
2019-07-14 06:46:36,254 INFO  volume.HddsVolumeChecker (HddsVolumeChecker.java:checkAllVolumes(203)) - Scheduled health check for volume org.apache.hadoop.ozone.container.common.volume.HddsVolume@561d88ee
2019-07-14 06:46:36,272 INFO  impl.RaftServerProxy (ConfUtils.java:logGet(43)) - raft.rpc.type = GRPC (default)
2019-07-14 06:46:36,272 INFO  grpc.GrpcFactory (GrpcFactory.java:checkPooledByteBufAllocatorUseCacheForAllThreads(45)) - PERFORMANCE WARNING: useCacheForAllThreads is true that may cause Netty to create a lot garbage objects and, as a result, trigger GC.
	It is recommended to disable useCacheForAllThreads by setting -Dorg.apache.ratis.thirdparty.io.netty.allocator.useCacheForAllThreads=false in command line.
2019-07-14 06:46:36,272 INFO  grpc.GrpcConfigKeys$Server (ConfUtils.java:logGet(43)) - raft.grpc.server.port = 0 (default)
2019-07-14 06:46:36,273 INFO  server.GrpcService (ConfUtils.java:logGet(43)) - raft.grpc.message.size.max = 33570816 (custom)
2019-07-14 06:46:36,273 INFO  server.RaftServerConfigKeys (ConfUtils.java:logGet(43)) - raft.server.log.appender.buffer.byte-limit = 33554432 (custom)
2019-07-14 06:46:36,273 INFO  server.GrpcService (ConfUtils.java:logGet(43)) - raft.grpc.flow.control.window = 1MB (=1048576) (default)
2019-07-14 06:46:36,274 INFO  server.RaftServerConfigKeys (ConfUtils.java:logGet(43)) - raft.server.rpc.request.timeout = 3000ms (default)
2019-07-14 06:46:36,274 INFO  server.RaftServerConfigKeys (ConfUtils.java:logGet(43)) - raft.server.storage.dir = [/tmp/workdir/hadoop-ozone/integration-test/target/test-dir/MiniOzoneClusterImpl-8946ae17-0b67-4499-8112-9a6f091c9538/datanode-0/data/ratis] (custom)
2019-07-14 06:46:36,275 INFO  replication.SimpleContainerDownloader (SimpleContainerDownloader.java:<init>(72)) - Starting container downloader service to copy containers to replicate.
2019-07-14 06:46:36,277 INFO  hdfs.DFSUtil (DFSUtil.java:httpServerTemplateForNNAndJN(1641)) - Starting Web-server for hddsDatanode at: http://0.0.0.0:0
2019-07-14 06:46:36,279 INFO  server.AuthenticationFilter (AuthenticationFilter.java:constructSecretProvider(240)) - Unable to initialize FileSignerSecretProvider, falling back to use random secrets.
2019-07-14 06:46:36,280 WARN  http.HttpRequestLog (HttpRequestLog.java:getRequestLog(97)) - Jetty request log can only be enabled using Log4j
2019-07-14 06:46:36,282 INFO  http.HttpServer2 (HttpServer2.java:addGlobalFilter(975)) - Added global filter 'safety' (class=org.apache.hadoop.http.HttpServer2$QuotingInputFilter)
2019-07-14 06:46:36,283 INFO  http.HttpServer2 (HttpServer2.java:addFilter(948)) - Added filter static_user_filter (class=org.apache.hadoop.http.lib.StaticUserWebFilter$StaticUserFilter) to context hddsDatanode
2019-07-14 06:46:36,284 INFO  http.HttpServer2 (HttpServer2.java:addFilter(958)) - Added filter static_user_filter (class=org.apache.hadoop.http.lib.StaticUserWebFilter$StaticUserFilter) to context static
2019-07-14 06:46:36,284 INFO  http.HttpServer2 (HttpServer2.java:addFilter(958)) - Added filter static_user_filter (class=org.apache.hadoop.http.lib.StaticUserWebFilter$StaticUserFilter) to context logs
2019-07-14 06:46:36,285 INFO  http.HttpServer2 (HttpServer2.java:bindListener(1191)) - Jetty bound to port 40507
2019-07-14 06:46:36,285 INFO  server.Server (Server.java:doStart(351)) - jetty-9.3.24.v20180605, build timestamp: 2018-06-05T17:11:56Z, git hash: 84205aa28f11a4f31f2a3b86d1bba2cc8ab69827
2019-07-14 06:46:36,288 INFO  handler.ContextHandler (ContextHandler.java:doStart(781)) - Started o.e.j.s.ServletContextHandler@7e848aea{/logs,file:///tmp/workdir/hadoop-ozone/integration-test/target/log,AVAILABLE}
2019-07-14 06:46:36,289 INFO  handler.ContextHandler (ContextHandler.java:doStart(781)) - Started o.e.j.s.ServletContextHandler@286866cb{/static,jar:file:/home/user/.m2/repository/org/apache/hadoop/hadoop-hdds-container-service/0.5.0-SNAPSHOT/hadoop-hdds-container-service-0.5.0-SNAPSHOT.jar!/webapps/static,AVAILABLE}
2019-07-14 06:46:36,332 INFO  handler.ContextHandler (ContextHandler.java:doStart(781)) - Started o.e.j.w.WebAppContext@738a815c{/,file:///tmp/jetty-0.0.0.0-40507-hddsDatanode-_-any-364194623373507605.dir/webapp/,AVAILABLE}{/hddsDatanode}
2019-07-14 06:46:36,333 INFO  server.AbstractConnector (AbstractConnector.java:doStart(278)) - Started ServerConnector@2565a7d0{HTTP/1.1,[http/1.1]}{0.0.0.0:40507}
2019-07-14 06:46:36,336 INFO  server.Server (Server.java:doStart(419)) - Started @18360ms
2019-07-14 06:46:36,337 INFO  server.BaseHttpServer (BaseHttpServer.java:updateConnectorAddress(207)) - HTTP server of HDDSDATANODE is listening at http://0.0.0.0:40507
2019-07-14 06:46:36,473 INFO  ozone.HddsDatanodeService (HddsDatanodeService.java:startPlugins(396)) - Started plug-in org.apache.hadoop.ozone.web.OzoneHddsDatanodeService@1c2dd89b
2019-07-14 06:46:36,474 INFO  impl.MetricsSystemImpl (MetricsSystemImpl.java:init(158)) - HddsDatanode metrics system started (again)
2019-07-14 06:46:36,479 INFO  ozone.HddsDatanodeService (HddsDatanodeService.java:start(185)) - HddsDatanodeService host:trunk-nightly-8c95p-1540871953 ip:192.168.5.144
2019-07-14 06:46:36,480 INFO  util.JvmPauseMonitor (JvmPauseMonitor.java:run(188)) - Starting JVM pause monitor
2019-07-14 06:46:36,482 INFO  datanode.InitDatanodeState (InitDatanodeState.java:persistContainerDatanodeDetails(140)) - DatanodeDetails is persisted to /tmp/workdir/hadoop-ozone/integration-test/target/test-dir/MiniOzoneClusterImpl-8946ae17-0b67-4499-8112-9a6f091c9538/datanode-0/meta/datanode.id
2019-07-14 06:46:36,495 INFO  volume.HddsVolume (HddsVolume.java:<init>(176)) - Creating Volume: /tmp/workdir/hadoop-ozone/integration-test/target/test-dir/MiniOzoneClusterImpl-8946ae17-0b67-4499-8112-9a6f091c9538/datanode-1/data/containers/hdds of  storage type : DISK and capacity : 52710309888
2019-07-14 06:46:36,495 INFO  volume.VolumeSet (VolumeSet.java:initializeVolumeSet(170)) - Added Volume : /tmp/workdir/hadoop-ozone/integration-test/target/test-dir/MiniOzoneClusterImpl-8946ae17-0b67-4499-8112-9a6f091c9538/datanode-1/data/containers/hdds to VolumeSet
2019-07-14 06:46:36,496 INFO  volume.ThrottledAsyncChecker (ThrottledAsyncChecker.java:schedule(140)) - Scheduling a check for org.apache.hadoop.ozone.container.common.volume.HddsVolume@68b7bdcb
2019-07-14 06:46:36,498 INFO  volume.HddsVolumeChecker (HddsVolumeChecker.java:checkAllVolumes(203)) - Scheduled health check for volume org.apache.hadoop.ozone.container.common.volume.HddsVolume@68b7bdcb
2019-07-14 06:46:36,519 INFO  impl.RaftServerProxy (ConfUtils.java:logGet(43)) - raft.rpc.type = GRPC (default)
2019-07-14 06:46:36,519 INFO  grpc.GrpcFactory (GrpcFactory.java:checkPooledByteBufAllocatorUseCacheForAllThreads(45)) - PERFORMANCE WARNING: useCacheForAllThreads is true that may cause Netty to create a lot garbage objects and, as a result, trigger GC.
	It is recommended to disable useCacheForAllThreads by setting -Dorg.apache.ratis.thirdparty.io.netty.allocator.useCacheForAllThreads=false in command line.
2019-07-14 06:46:36,520 INFO  grpc.GrpcConfigKeys$Server (ConfUtils.java:logGet(43)) - raft.grpc.server.port = 0 (default)
2019-07-14 06:46:36,520 INFO  server.GrpcService (ConfUtils.java:logGet(43)) - raft.grpc.message.size.max = 33570816 (custom)
2019-07-14 06:46:36,520 INFO  server.RaftServerConfigKeys (ConfUtils.java:logGet(43)) - raft.server.log.appender.buffer.byte-limit = 33554432 (custom)
2019-07-14 06:46:36,520 INFO  server.GrpcService (ConfUtils.java:logGet(43)) - raft.grpc.flow.control.window = 1MB (=1048576) (default)
2019-07-14 06:46:36,521 INFO  server.RaftServerConfigKeys (ConfUtils.java:logGet(43)) - raft.server.rpc.request.timeout = 3000ms (default)
2019-07-14 06:46:36,521 INFO  server.RaftServerConfigKeys (ConfUtils.java:logGet(43)) - raft.server.storage.dir = [/tmp/workdir/hadoop-ozone/integration-test/target/test-dir/MiniOzoneClusterImpl-8946ae17-0b67-4499-8112-9a6f091c9538/datanode-1/data/ratis] (custom)
2019-07-14 06:46:36,522 INFO  replication.SimpleContainerDownloader (SimpleContainerDownloader.java:<init>(72)) - Starting container downloader service to copy containers to replicate.
2019-07-14 06:46:36,523 INFO  hdfs.DFSUtil (DFSUtil.java:httpServerTemplateForNNAndJN(1641)) - Starting Web-server for hddsDatanode at: http://0.0.0.0:0
2019-07-14 06:46:36,525 INFO  server.AuthenticationFilter (AuthenticationFilter.java:constructSecretProvider(240)) - Unable to initialize FileSignerSecretProvider, falling back to use random secrets.
2019-07-14 06:46:36,526 WARN  http.HttpRequestLog (HttpRequestLog.java:getRequestLog(97)) - Jetty request log can only be enabled using Log4j
2019-07-14 06:46:36,528 INFO  http.HttpServer2 (HttpServer2.java:addGlobalFilter(975)) - Added global filter 'safety' (class=org.apache.hadoop.http.HttpServer2$QuotingInputFilter)
2019-07-14 06:46:36,529 INFO  http.HttpServer2 (HttpServer2.java:addFilter(948)) - Added filter static_user_filter (class=org.apache.hadoop.http.lib.StaticUserWebFilter$StaticUserFilter) to context hddsDatanode
2019-07-14 06:46:36,529 INFO  http.HttpServer2 (HttpServer2.java:addFilter(958)) - Added filter static_user_filter (class=org.apache.hadoop.http.lib.StaticUserWebFilter$StaticUserFilter) to context logs
2019-07-14 06:46:36,529 INFO  http.HttpServer2 (HttpServer2.java:addFilter(958)) - Added filter static_user_filter (class=org.apache.hadoop.http.lib.StaticUserWebFilter$StaticUserFilter) to context static
2019-07-14 06:46:36,530 INFO  http.HttpServer2 (HttpServer2.java:bindListener(1191)) - Jetty bound to port 38013
2019-07-14 06:46:36,531 INFO  server.Server (Server.java:doStart(351)) - jetty-9.3.24.v20180605, build timestamp: 2018-06-05T17:11:56Z, git hash: 84205aa28f11a4f31f2a3b86d1bba2cc8ab69827
2019-07-14 06:46:36,533 INFO  handler.ContextHandler (ContextHandler.java:doStart(781)) - Started o.e.j.s.ServletContextHandler@844e66d{/logs,file:///tmp/workdir/hadoop-ozone/integration-test/target/log,AVAILABLE}
2019-07-14 06:46:36,533 INFO  handler.ContextHandler (ContextHandler.java:doStart(781)) - Started o.e.j.s.ServletContextHandler@26a45089{/static,jar:file:/home/user/.m2/repository/org/apache/hadoop/hadoop-hdds-container-service/0.5.0-SNAPSHOT/hadoop-hdds-container-service-0.5.0-SNAPSHOT.jar!/webapps/static,AVAILABLE}
2019-07-14 06:46:36,577 INFO  handler.ContextHandler (ContextHandler.java:doStart(781)) - Started o.e.j.w.WebAppContext@45796b2a{/,file:///tmp/jetty-0.0.0.0-38013-hddsDatanode-_-any-1480649785245813019.dir/webapp/,AVAILABLE}{/hddsDatanode}
2019-07-14 06:46:36,581 INFO  server.AbstractConnector (AbstractConnector.java:doStart(278)) - Started ServerConnector@4b98225c{HTTP/1.1,[http/1.1]}{0.0.0.0:38013}
2019-07-14 06:46:36,581 INFO  server.Server (Server.java:doStart(419)) - Started @18605ms
2019-07-14 06:46:36,582 INFO  server.BaseHttpServer (BaseHttpServer.java:updateConnectorAddress(207)) - HTTP server of HDDSDATANODE is listening at http://0.0.0.0:38013
2019-07-14 06:46:36,720 INFO  ozone.HddsDatanodeService (HddsDatanodeService.java:startPlugins(396)) - Started plug-in org.apache.hadoop.ozone.web.OzoneHddsDatanodeService@79b63325
2019-07-14 06:46:36,721 INFO  impl.MetricsSystemImpl (MetricsSystemImpl.java:init(158)) - HddsDatanode metrics system started (again)
2019-07-14 06:46:36,725 INFO  ozone.HddsDatanodeService (HddsDatanodeService.java:start(185)) - HddsDatanodeService host:trunk-nightly-8c95p-1540871953 ip:192.168.5.144
2019-07-14 06:46:36,726 INFO  util.JvmPauseMonitor (JvmPauseMonitor.java:run(188)) - Starting JVM pause monitor
2019-07-14 06:46:36,728 INFO  datanode.InitDatanodeState (InitDatanodeState.java:persistContainerDatanodeDetails(140)) - DatanodeDetails is persisted to /tmp/workdir/hadoop-ozone/integration-test/target/test-dir/MiniOzoneClusterImpl-8946ae17-0b67-4499-8112-9a6f091c9538/datanode-1/meta/datanode.id
2019-07-14 06:46:36,740 INFO  volume.HddsVolume (HddsVolume.java:<init>(176)) - Creating Volume: /tmp/workdir/hadoop-ozone/integration-test/target/test-dir/MiniOzoneClusterImpl-8946ae17-0b67-4499-8112-9a6f091c9538/datanode-2/data/containers/hdds of  storage type : DISK and capacity : 52710309888
2019-07-14 06:46:36,741 INFO  volume.VolumeSet (VolumeSet.java:initializeVolumeSet(170)) - Added Volume : /tmp/workdir/hadoop-ozone/integration-test/target/test-dir/MiniOzoneClusterImpl-8946ae17-0b67-4499-8112-9a6f091c9538/datanode-2/data/containers/hdds to VolumeSet
2019-07-14 06:46:36,741 INFO  volume.ThrottledAsyncChecker (ThrottledAsyncChecker.java:schedule(140)) - Scheduling a check for org.apache.hadoop.ozone.container.common.volume.HddsVolume@63262071
2019-07-14 06:46:36,741 INFO  volume.HddsVolumeChecker (HddsVolumeChecker.java:checkAllVolumes(203)) - Scheduled health check for volume org.apache.hadoop.ozone.container.common.volume.HddsVolume@63262071
2019-07-14 06:46:36,762 INFO  impl.RaftServerProxy (ConfUtils.java:logGet(43)) - raft.rpc.type = GRPC (default)
2019-07-14 06:46:36,762 INFO  grpc.GrpcFactory (GrpcFactory.java:checkPooledByteBufAllocatorUseCacheForAllThreads(45)) - PERFORMANCE WARNING: useCacheForAllThreads is true that may cause Netty to create a lot garbage objects and, as a result, trigger GC.
	It is recommended to disable useCacheForAllThreads by setting -Dorg.apache.ratis.thirdparty.io.netty.allocator.useCacheForAllThreads=false in command line.
2019-07-14 06:46:36,762 INFO  grpc.GrpcConfigKeys$Server (ConfUtils.java:logGet(43)) - raft.grpc.server.port = 0 (default)
2019-07-14 06:46:36,762 INFO  server.GrpcService (ConfUtils.java:logGet(43)) - raft.grpc.message.size.max = 33570816 (custom)
2019-07-14 06:46:36,763 INFO  server.RaftServerConfigKeys (ConfUtils.java:logGet(43)) - raft.server.log.appender.buffer.byte-limit = 33554432 (custom)
2019-07-14 06:46:36,763 INFO  server.GrpcService (ConfUtils.java:logGet(43)) - raft.grpc.flow.control.window = 1MB (=1048576) (default)
2019-07-14 06:46:36,763 INFO  server.RaftServerConfigKeys (ConfUtils.java:logGet(43)) - raft.server.rpc.request.timeout = 3000ms (default)
2019-07-14 06:46:36,764 INFO  server.RaftServerConfigKeys (ConfUtils.java:logGet(43)) - raft.server.storage.dir = [/tmp/workdir/hadoop-ozone/integration-test/target/test-dir/MiniOzoneClusterImpl-8946ae17-0b67-4499-8112-9a6f091c9538/datanode-2/data/ratis] (custom)
2019-07-14 06:46:36,764 INFO  replication.SimpleContainerDownloader (SimpleContainerDownloader.java:<init>(72)) - Starting container downloader service to copy containers to replicate.
2019-07-14 06:46:36,765 INFO  hdfs.DFSUtil (DFSUtil.java:httpServerTemplateForNNAndJN(1641)) - Starting Web-server for hddsDatanode at: http://0.0.0.0:0
2019-07-14 06:46:36,767 INFO  server.AuthenticationFilter (AuthenticationFilter.java:constructSecretProvider(240)) - Unable to initialize FileSignerSecretProvider, falling back to use random secrets.
2019-07-14 06:46:36,767 WARN  http.HttpRequestLog (HttpRequestLog.java:getRequestLog(97)) - Jetty request log can only be enabled using Log4j
2019-07-14 06:46:36,768 INFO  http.HttpServer2 (HttpServer2.java:addGlobalFilter(975)) - Added global filter 'safety' (class=org.apache.hadoop.http.HttpServer2$QuotingInputFilter)
2019-07-14 06:46:36,769 INFO  http.HttpServer2 (HttpServer2.java:addFilter(948)) - Added filter static_user_filter (class=org.apache.hadoop.http.lib.StaticUserWebFilter$StaticUserFilter) to context hddsDatanode
2019-07-14 06:46:36,769 INFO  http.HttpServer2 (HttpServer2.java:addFilter(958)) - Added filter static_user_filter (class=org.apache.hadoop.http.lib.StaticUserWebFilter$StaticUserFilter) to context logs
2019-07-14 06:46:36,769 INFO  http.HttpServer2 (HttpServer2.java:addFilter(958)) - Added filter static_user_filter (class=org.apache.hadoop.http.lib.StaticUserWebFilter$StaticUserFilter) to context static
2019-07-14 06:46:36,770 INFO  http.HttpServer2 (HttpServer2.java:bindListener(1191)) - Jetty bound to port 46665
2019-07-14 06:46:36,770 INFO  server.Server (Server.java:doStart(351)) - jetty-9.3.24.v20180605, build timestamp: 2018-06-05T17:11:56Z, git hash: 84205aa28f11a4f31f2a3b86d1bba2cc8ab69827
2019-07-14 06:46:36,771 INFO  handler.ContextHandler (ContextHandler.java:doStart(781)) - Started o.e.j.s.ServletContextHandler@1eb906f3{/logs,file:///tmp/workdir/hadoop-ozone/integration-test/target/log,AVAILABLE}
2019-07-14 06:46:36,772 INFO  handler.ContextHandler (ContextHandler.java:doStart(781)) - Started o.e.j.s.ServletContextHandler@74fc3fc7{/static,jar:file:/home/user/.m2/repository/org/apache/hadoop/hadoop-hdds-container-service/0.5.0-SNAPSHOT/hadoop-hdds-container-service-0.5.0-SNAPSHOT.jar!/webapps/static,AVAILABLE}
2019-07-14 06:46:36,800 INFO  handler.ContextHandler (ContextHandler.java:doStart(781)) - Started o.e.j.w.WebAppContext@8ac512e{/,file:///tmp/jetty-0.0.0.0-46665-hddsDatanode-_-any-4702338631690182146.dir/webapp/,AVAILABLE}{/hddsDatanode}
2019-07-14 06:46:36,805 INFO  server.AbstractConnector (AbstractConnector.java:doStart(278)) - Started ServerConnector@4bbc21bd{HTTP/1.1,[http/1.1]}{0.0.0.0:46665}
2019-07-14 06:46:36,806 INFO  server.Server (Server.java:doStart(419)) - Started @18830ms
2019-07-14 06:46:36,807 INFO  server.BaseHttpServer (BaseHttpServer.java:updateConnectorAddress(207)) - HTTP server of HDDSDATANODE is listening at http://0.0.0.0:46665
2019-07-14 06:46:36,931 INFO  ozone.HddsDatanodeService (HddsDatanodeService.java:startPlugins(396)) - Started plug-in org.apache.hadoop.ozone.web.OzoneHddsDatanodeService@52f43225
2019-07-14 06:46:36,931 INFO  impl.MetricsSystemImpl (MetricsSystemImpl.java:init(158)) - HddsDatanode metrics system started (again)
2019-07-14 06:46:36,936 INFO  ozone.HddsDatanodeService (HddsDatanodeService.java:start(185)) - HddsDatanodeService host:trunk-nightly-8c95p-1540871953 ip:192.168.5.144
2019-07-14 06:46:36,938 INFO  util.JvmPauseMonitor (JvmPauseMonitor.java:run(188)) - Starting JVM pause monitor
2019-07-14 06:46:36,941 INFO  datanode.InitDatanodeState (InitDatanodeState.java:persistContainerDatanodeDetails(140)) - DatanodeDetails is persisted to /tmp/workdir/hadoop-ozone/integration-test/target/test-dir/MiniOzoneClusterImpl-8946ae17-0b67-4499-8112-9a6f091c9538/datanode-2/meta/datanode.id
2019-07-14 06:46:36,951 INFO  volume.HddsVolume (HddsVolume.java:<init>(176)) - Creating Volume: /tmp/workdir/hadoop-ozone/integration-test/target/test-dir/MiniOzoneClusterImpl-8946ae17-0b67-4499-8112-9a6f091c9538/datanode-3/data/containers/hdds of  storage type : DISK and capacity : 52710309888
2019-07-14 06:46:36,952 INFO  volume.VolumeSet (VolumeSet.java:initializeVolumeSet(170)) - Added Volume : /tmp/workdir/hadoop-ozone/integration-test/target/test-dir/MiniOzoneClusterImpl-8946ae17-0b67-4499-8112-9a6f091c9538/datanode-3/data/containers/hdds to VolumeSet
2019-07-14 06:46:36,952 INFO  volume.ThrottledAsyncChecker (ThrottledAsyncChecker.java:schedule(140)) - Scheduling a check for org.apache.hadoop.ozone.container.common.volume.HddsVolume@3e04abc5
2019-07-14 06:46:36,952 INFO  volume.HddsVolumeChecker (HddsVolumeChecker.java:checkAllVolumes(203)) - Scheduled health check for volume org.apache.hadoop.ozone.container.common.volume.HddsVolume@3e04abc5
2019-07-14 06:46:36,970 INFO  impl.RaftServerProxy (ConfUtils.java:logGet(43)) - raft.rpc.type = GRPC (default)
2019-07-14 06:46:36,970 INFO  grpc.GrpcFactory (GrpcFactory.java:checkPooledByteBufAllocatorUseCacheForAllThreads(45)) - PERFORMANCE WARNING: useCacheForAllThreads is true that may cause Netty to create a lot garbage objects and, as a result, trigger GC.
	It is recommended to disable useCacheForAllThreads by setting -Dorg.apache.ratis.thirdparty.io.netty.allocator.useCacheForAllThreads=false in command line.
2019-07-14 06:46:36,971 INFO  grpc.GrpcConfigKeys$Server (ConfUtils.java:logGet(43)) - raft.grpc.server.port = 0 (default)
2019-07-14 06:46:36,971 INFO  server.GrpcService (ConfUtils.java:logGet(43)) - raft.grpc.message.size.max = 33570816 (custom)
2019-07-14 06:46:36,971 INFO  server.RaftServerConfigKeys (ConfUtils.java:logGet(43)) - raft.server.log.appender.buffer.byte-limit = 33554432 (custom)
2019-07-14 06:46:36,971 INFO  server.GrpcService (ConfUtils.java:logGet(43)) - raft.grpc.flow.control.window = 1MB (=1048576) (default)
2019-07-14 06:46:36,971 INFO  server.RaftServerConfigKeys (ConfUtils.java:logGet(43)) - raft.server.rpc.request.timeout = 3000ms (default)
2019-07-14 06:46:36,972 INFO  server.RaftServerConfigKeys (ConfUtils.java:logGet(43)) - raft.server.storage.dir = [/tmp/workdir/hadoop-ozone/integration-test/target/test-dir/MiniOzoneClusterImpl-8946ae17-0b67-4499-8112-9a6f091c9538/datanode-3/data/ratis] (custom)
2019-07-14 06:46:36,972 INFO  replication.SimpleContainerDownloader (SimpleContainerDownloader.java:<init>(72)) - Starting container downloader service to copy containers to replicate.
2019-07-14 06:46:36,973 INFO  hdfs.DFSUtil (DFSUtil.java:httpServerTemplateForNNAndJN(1641)) - Starting Web-server for hddsDatanode at: http://0.0.0.0:0
2019-07-14 06:46:36,975 INFO  server.AuthenticationFilter (AuthenticationFilter.java:constructSecretProvider(240)) - Unable to initialize FileSignerSecretProvider, falling back to use random secrets.
2019-07-14 06:46:36,975 WARN  http.HttpRequestLog (HttpRequestLog.java:getRequestLog(97)) - Jetty request log can only be enabled using Log4j
2019-07-14 06:46:36,976 INFO  http.HttpServer2 (HttpServer2.java:addGlobalFilter(975)) - Added global filter 'safety' (class=org.apache.hadoop.http.HttpServer2$QuotingInputFilter)
2019-07-14 06:46:36,977 INFO  http.HttpServer2 (HttpServer2.java:addFilter(948)) - Added filter static_user_filter (class=org.apache.hadoop.http.lib.StaticUserWebFilter$StaticUserFilter) to context hddsDatanode
2019-07-14 06:46:36,977 INFO  http.HttpServer2 (HttpServer2.java:addFilter(958)) - Added filter static_user_filter (class=org.apache.hadoop.http.lib.StaticUserWebFilter$StaticUserFilter) to context static
2019-07-14 06:46:36,977 INFO  http.HttpServer2 (HttpServer2.java:addFilter(958)) - Added filter static_user_filter (class=org.apache.hadoop.http.lib.StaticUserWebFilter$StaticUserFilter) to context logs
2019-07-14 06:46:36,978 INFO  http.HttpServer2 (HttpServer2.java:bindListener(1191)) - Jetty bound to port 41968
2019-07-14 06:46:36,978 INFO  server.Server (Server.java:doStart(351)) - jetty-9.3.24.v20180605, build timestamp: 2018-06-05T17:11:56Z, git hash: 84205aa28f11a4f31f2a3b86d1bba2cc8ab69827
2019-07-14 06:46:36,980 INFO  handler.ContextHandler (ContextHandler.java:doStart(781)) - Started o.e.j.s.ServletContextHandler@28b5662d{/logs,file:///tmp/workdir/hadoop-ozone/integration-test/target/log,AVAILABLE}
2019-07-14 06:46:36,980 INFO  handler.ContextHandler (ContextHandler.java:doStart(781)) - Started o.e.j.s.ServletContextHandler@7e4ac598{/static,jar:file:/home/user/.m2/repository/org/apache/hadoop/hadoop-hdds-container-service/0.5.0-SNAPSHOT/hadoop-hdds-container-service-0.5.0-SNAPSHOT.jar!/webapps/static,AVAILABLE}
2019-07-14 06:46:37,007 INFO  handler.ContextHandler (ContextHandler.java:doStart(781)) - Started o.e.j.w.WebAppContext@48106381{/,file:///tmp/jetty-0.0.0.0-41968-hddsDatanode-_-any-7467475268083083936.dir/webapp/,AVAILABLE}{/hddsDatanode}
2019-07-14 06:46:37,008 INFO  server.AbstractConnector (AbstractConnector.java:doStart(278)) - Started ServerConnector@3c544c9{HTTP/1.1,[http/1.1]}{0.0.0.0:41968}
2019-07-14 06:46:37,011 INFO  server.Server (Server.java:doStart(419)) - Started @19035ms
2019-07-14 06:46:37,012 INFO  server.BaseHttpServer (BaseHttpServer.java:updateConnectorAddress(207)) - HTTP server of HDDSDATANODE is listening at http://0.0.0.0:41968
2019-07-14 06:46:37,138 INFO  ozone.HddsDatanodeService (HddsDatanodeService.java:startPlugins(396)) - Started plug-in org.apache.hadoop.ozone.web.OzoneHddsDatanodeService@cf9bd1e
2019-07-14 06:46:37,138 INFO  impl.MetricsSystemImpl (MetricsSystemImpl.java:init(158)) - HddsDatanode metrics system started (again)
2019-07-14 06:46:37,144 INFO  ozone.HddsDatanodeService (HddsDatanodeService.java:start(185)) - HddsDatanodeService host:trunk-nightly-8c95p-1540871953 ip:192.168.5.144
2019-07-14 06:46:37,145 INFO  util.JvmPauseMonitor (JvmPauseMonitor.java:run(188)) - Starting JVM pause monitor
2019-07-14 06:46:37,147 INFO  datanode.InitDatanodeState (InitDatanodeState.java:persistContainerDatanodeDetails(140)) - DatanodeDetails is persisted to /tmp/workdir/hadoop-ozone/integration-test/target/test-dir/MiniOzoneClusterImpl-8946ae17-0b67-4499-8112-9a6f091c9538/datanode-3/meta/datanode.id
2019-07-14 06:46:37,167 INFO  volume.HddsVolume (HddsVolume.java:<init>(176)) - Creating Volume: /tmp/workdir/hadoop-ozone/integration-test/target/test-dir/MiniOzoneClusterImpl-8946ae17-0b67-4499-8112-9a6f091c9538/datanode-4/data/containers/hdds of  storage type : DISK and capacity : 52710309888
2019-07-14 06:46:37,168 INFO  volume.VolumeSet (VolumeSet.java:initializeVolumeSet(170)) - Added Volume : /tmp/workdir/hadoop-ozone/integration-test/target/test-dir/MiniOzoneClusterImpl-8946ae17-0b67-4499-8112-9a6f091c9538/datanode-4/data/containers/hdds to VolumeSet
2019-07-14 06:46:37,168 INFO  volume.ThrottledAsyncChecker (ThrottledAsyncChecker.java:schedule(140)) - Scheduling a check for org.apache.hadoop.ozone.container.common.volume.HddsVolume@92e2c93
2019-07-14 06:46:37,168 INFO  volume.HddsVolumeChecker (HddsVolumeChecker.java:checkAllVolumes(203)) - Scheduled health check for volume org.apache.hadoop.ozone.container.common.volume.HddsVolume@92e2c93
2019-07-14 06:46:37,187 INFO  impl.RaftServerProxy (ConfUtils.java:logGet(43)) - raft.rpc.type = GRPC (default)
2019-07-14 06:46:37,187 INFO  grpc.GrpcFactory (GrpcFactory.java:checkPooledByteBufAllocatorUseCacheForAllThreads(45)) - PERFORMANCE WARNING: useCacheForAllThreads is true that may cause Netty to create a lot garbage objects and, as a result, trigger GC.
	It is recommended to disable useCacheForAllThreads by setting -Dorg.apache.ratis.thirdparty.io.netty.allocator.useCacheForAllThreads=false in command line.
2019-07-14 06:46:37,187 INFO  grpc.GrpcConfigKeys$Server (ConfUtils.java:logGet(43)) - raft.grpc.server.port = 0 (default)
2019-07-14 06:46:37,187 INFO  server.GrpcService (ConfUtils.java:logGet(43)) - raft.grpc.message.size.max = 33570816 (custom)
2019-07-14 06:46:37,188 INFO  server.RaftServerConfigKeys (ConfUtils.java:logGet(43)) - raft.server.log.appender.buffer.byte-limit = 33554432 (custom)
2019-07-14 06:46:37,188 INFO  server.GrpcService (ConfUtils.java:logGet(43)) - raft.grpc.flow.control.window = 1MB (=1048576) (default)
2019-07-14 06:46:37,188 INFO  server.RaftServerConfigKeys (ConfUtils.java:logGet(43)) - raft.server.rpc.request.timeout = 3000ms (default)
2019-07-14 06:46:37,188 INFO  server.RaftServerConfigKeys (ConfUtils.java:logGet(43)) - raft.server.storage.dir = [/tmp/workdir/hadoop-ozone/integration-test/target/test-dir/MiniOzoneClusterImpl-8946ae17-0b67-4499-8112-9a6f091c9538/datanode-4/data/ratis] (custom)
2019-07-14 06:46:37,189 INFO  replication.SimpleContainerDownloader (SimpleContainerDownloader.java:<init>(72)) - Starting container downloader service to copy containers to replicate.
2019-07-14 06:46:37,190 INFO  hdfs.DFSUtil (DFSUtil.java:httpServerTemplateForNNAndJN(1641)) - Starting Web-server for hddsDatanode at: http://0.0.0.0:0
2019-07-14 06:46:37,191 INFO  server.AuthenticationFilter (AuthenticationFilter.java:constructSecretProvider(240)) - Unable to initialize FileSignerSecretProvider, falling back to use random secrets.
2019-07-14 06:46:37,192 WARN  http.HttpRequestLog (HttpRequestLog.java:getRequestLog(97)) - Jetty request log can only be enabled using Log4j
2019-07-14 06:46:37,193 INFO  http.HttpServer2 (HttpServer2.java:addGlobalFilter(975)) - Added global filter 'safety' (class=org.apache.hadoop.http.HttpServer2$QuotingInputFilter)
2019-07-14 06:46:37,193 INFO  http.HttpServer2 (HttpServer2.java:addFilter(948)) - Added filter static_user_filter (class=org.apache.hadoop.http.lib.StaticUserWebFilter$StaticUserFilter) to context hddsDatanode
2019-07-14 06:46:37,193 INFO  http.HttpServer2 (HttpServer2.java:addFilter(958)) - Added filter static_user_filter (class=org.apache.hadoop.http.lib.StaticUserWebFilter$StaticUserFilter) to context logs
2019-07-14 06:46:37,194 INFO  http.HttpServer2 (HttpServer2.java:addFilter(958)) - Added filter static_user_filter (class=org.apache.hadoop.http.lib.StaticUserWebFilter$StaticUserFilter) to context static
2019-07-14 06:46:37,194 INFO  http.HttpServer2 (HttpServer2.java:bindListener(1191)) - Jetty bound to port 37991
2019-07-14 06:46:37,194 INFO  server.Server (Server.java:doStart(351)) - jetty-9.3.24.v20180605, build timestamp: 2018-06-05T17:11:56Z, git hash: 84205aa28f11a4f31f2a3b86d1bba2cc8ab69827
2019-07-14 06:46:37,197 INFO  handler.ContextHandler (ContextHandler.java:doStart(781)) - Started o.e.j.s.ServletContextHandler@4b360972{/logs,file:///tmp/workdir/hadoop-ozone/integration-test/target/log,AVAILABLE}
2019-07-14 06:46:37,197 INFO  handler.ContextHandler (ContextHandler.java:doStart(781)) - Started o.e.j.s.ServletContextHandler@68821f6{/static,jar:file:/home/user/.m2/repository/org/apache/hadoop/hadoop-hdds-container-service/0.5.0-SNAPSHOT/hadoop-hdds-container-service-0.5.0-SNAPSHOT.jar!/webapps/static,AVAILABLE}
2019-07-14 06:46:37,225 INFO  handler.ContextHandler (ContextHandler.java:doStart(781)) - Started o.e.j.w.WebAppContext@521a506c{/,file:///tmp/jetty-0.0.0.0-37991-hddsDatanode-_-any-5975245390118350382.dir/webapp/,AVAILABLE}{/hddsDatanode}
2019-07-14 06:46:37,225 INFO  server.AbstractConnector (AbstractConnector.java:doStart(278)) - Started ServerConnector@3c64339f{HTTP/1.1,[http/1.1]}{0.0.0.0:37991}
2019-07-14 06:46:37,229 INFO  server.Server (Server.java:doStart(419)) - Started @19254ms
2019-07-14 06:46:37,230 INFO  server.BaseHttpServer (BaseHttpServer.java:updateConnectorAddress(207)) - HTTP server of HDDSDATANODE is listening at http://0.0.0.0:37991
2019-07-14 06:46:37,342 INFO  ozone.HddsDatanodeService (HddsDatanodeService.java:startPlugins(396)) - Started plug-in org.apache.hadoop.ozone.web.OzoneHddsDatanodeService@76dc36e5
2019-07-14 06:46:37,342 INFO  impl.MetricsSystemImpl (MetricsSystemImpl.java:init(158)) - HddsDatanode metrics system started (again)
2019-07-14 06:46:37,347 INFO  ozone.HddsDatanodeService (HddsDatanodeService.java:start(185)) - HddsDatanodeService host:trunk-nightly-8c95p-1540871953 ip:192.168.5.144
2019-07-14 06:46:37,349 INFO  util.JvmPauseMonitor (JvmPauseMonitor.java:run(188)) - Starting JVM pause monitor
2019-07-14 06:46:37,350 INFO  datanode.InitDatanodeState (InitDatanodeState.java:persistContainerDatanodeDetails(140)) - DatanodeDetails is persisted to /tmp/workdir/hadoop-ozone/integration-test/target/test-dir/MiniOzoneClusterImpl-8946ae17-0b67-4499-8112-9a6f091c9538/datanode-4/meta/datanode.id
2019-07-14 06:46:37,361 INFO  volume.HddsVolume (HddsVolume.java:<init>(176)) - Creating Volume: /tmp/workdir/hadoop-ozone/integration-test/target/test-dir/MiniOzoneClusterImpl-8946ae17-0b67-4499-8112-9a6f091c9538/datanode-5/data/containers/hdds of  storage type : DISK and capacity : 52710309888
2019-07-14 06:46:37,361 INFO  volume.VolumeSet (VolumeSet.java:initializeVolumeSet(170)) - Added Volume : /tmp/workdir/hadoop-ozone/integration-test/target/test-dir/MiniOzoneClusterImpl-8946ae17-0b67-4499-8112-9a6f091c9538/datanode-5/data/containers/hdds to VolumeSet
2019-07-14 06:46:37,362 INFO  volume.ThrottledAsyncChecker (ThrottledAsyncChecker.java:schedule(140)) - Scheduling a check for org.apache.hadoop.ozone.container.common.volume.HddsVolume@2c54c497
2019-07-14 06:46:37,362 INFO  volume.HddsVolumeChecker (HddsVolumeChecker.java:checkAllVolumes(203)) - Scheduled health check for volume org.apache.hadoop.ozone.container.common.volume.HddsVolume@2c54c497
2019-07-14 06:46:37,384 INFO  impl.RaftServerProxy (ConfUtils.java:logGet(43)) - raft.rpc.type = GRPC (default)
2019-07-14 06:46:37,385 INFO  grpc.GrpcFactory (GrpcFactory.java:checkPooledByteBufAllocatorUseCacheForAllThreads(45)) - PERFORMANCE WARNING: useCacheForAllThreads is true that may cause Netty to create a lot garbage objects and, as a result, trigger GC.
	It is recommended to disable useCacheForAllThreads by setting -Dorg.apache.ratis.thirdparty.io.netty.allocator.useCacheForAllThreads=false in command line.
2019-07-14 06:46:37,385 INFO  grpc.GrpcConfigKeys$Server (ConfUtils.java:logGet(43)) - raft.grpc.server.port = 0 (default)
2019-07-14 06:46:37,385 INFO  server.GrpcService (ConfUtils.java:logGet(43)) - raft.grpc.message.size.max = 33570816 (custom)
2019-07-14 06:46:37,385 INFO  server.RaftServerConfigKeys (ConfUtils.java:logGet(43)) - raft.server.log.appender.buffer.byte-limit = 33554432 (custom)
2019-07-14 06:46:37,386 INFO  server.GrpcService (ConfUtils.java:logGet(43)) - raft.grpc.flow.control.window = 1MB (=1048576) (default)
2019-07-14 06:46:37,386 INFO  server.RaftServerConfigKeys (ConfUtils.java:logGet(43)) - raft.server.rpc.request.timeout = 3000ms (default)
2019-07-14 06:46:37,387 INFO  server.RaftServerConfigKeys (ConfUtils.java:logGet(43)) - raft.server.storage.dir = [/tmp/workdir/hadoop-ozone/integration-test/target/test-dir/MiniOzoneClusterImpl-8946ae17-0b67-4499-8112-9a6f091c9538/datanode-5/data/ratis] (custom)
2019-07-14 06:46:37,387 INFO  replication.SimpleContainerDownloader (SimpleContainerDownloader.java:<init>(72)) - Starting container downloader service to copy containers to replicate.
2019-07-14 06:46:37,388 INFO  hdfs.DFSUtil (DFSUtil.java:httpServerTemplateForNNAndJN(1641)) - Starting Web-server for hddsDatanode at: http://0.0.0.0:0
2019-07-14 06:46:37,391 INFO  server.AuthenticationFilter (AuthenticationFilter.java:constructSecretProvider(240)) - Unable to initialize FileSignerSecretProvider, falling back to use random secrets.
2019-07-14 06:46:37,391 WARN  http.HttpRequestLog (HttpRequestLog.java:getRequestLog(97)) - Jetty request log can only be enabled using Log4j
2019-07-14 06:46:37,393 INFO  http.HttpServer2 (HttpServer2.java:addGlobalFilter(975)) - Added global filter 'safety' (class=org.apache.hadoop.http.HttpServer2$QuotingInputFilter)
2019-07-14 06:46:37,397 INFO  http.HttpServer2 (HttpServer2.java:addFilter(948)) - Added filter static_user_filter (class=org.apache.hadoop.http.lib.StaticUserWebFilter$StaticUserFilter) to context hddsDatanode
2019-07-14 06:46:37,397 INFO  http.HttpServer2 (HttpServer2.java:addFilter(958)) - Added filter static_user_filter (class=org.apache.hadoop.http.lib.StaticUserWebFilter$StaticUserFilter) to context logs
2019-07-14 06:46:37,397 INFO  http.HttpServer2 (HttpServer2.java:addFilter(958)) - Added filter static_user_filter (class=org.apache.hadoop.http.lib.StaticUserWebFilter$StaticUserFilter) to context static
2019-07-14 06:46:37,398 INFO  http.HttpServer2 (HttpServer2.java:bindListener(1191)) - Jetty bound to port 46577
2019-07-14 06:46:37,399 INFO  server.Server (Server.java:doStart(351)) - jetty-9.3.24.v20180605, build timestamp: 2018-06-05T17:11:56Z, git hash: 84205aa28f11a4f31f2a3b86d1bba2cc8ab69827
2019-07-14 06:46:37,401 INFO  handler.ContextHandler (ContextHandler.java:doStart(781)) - Started o.e.j.s.ServletContextHandler@4db46344{/logs,file:///tmp/workdir/hadoop-ozone/integration-test/target/log,AVAILABLE}
2019-07-14 06:46:37,401 INFO  handler.ContextHandler (ContextHandler.java:doStart(781)) - Started o.e.j.s.ServletContextHandler@702b656a{/static,jar:file:/home/user/.m2/repository/org/apache/hadoop/hadoop-hdds-container-service/0.5.0-SNAPSHOT/hadoop-hdds-container-service-0.5.0-SNAPSHOT.jar!/webapps/static,AVAILABLE}
2019-07-14 06:46:37,442 INFO  handler.ContextHandler (ContextHandler.java:doStart(781)) - Started o.e.j.w.WebAppContext@70ecf57b{/,file:///tmp/jetty-0.0.0.0-46577-hddsDatanode-_-any-6611526888281787947.dir/webapp/,AVAILABLE}{/hddsDatanode}
2019-07-14 06:46:37,443 INFO  server.AbstractConnector (AbstractConnector.java:doStart(278)) - Started ServerConnector@4e5364a3{HTTP/1.1,[http/1.1]}{0.0.0.0:46577}
2019-07-14 06:46:37,446 INFO  server.Server (Server.java:doStart(419)) - Started @19471ms
2019-07-14 06:46:37,447 INFO  server.BaseHttpServer (BaseHttpServer.java:updateConnectorAddress(207)) - HTTP server of HDDSDATANODE is listening at http://0.0.0.0:46577
2019-07-14 06:46:37,570 INFO  ozone.HddsDatanodeService (HddsDatanodeService.java:startPlugins(396)) - Started plug-in org.apache.hadoop.ozone.web.OzoneHddsDatanodeService@1d2c253
2019-07-14 06:46:37,571 INFO  impl.MetricsSystemImpl (MetricsSystemImpl.java:init(158)) - HddsDatanode metrics system started (again)
2019-07-14 06:46:37,573 INFO  ozone.HddsDatanodeService (HddsDatanodeService.java:start(185)) - HddsDatanodeService host:trunk-nightly-8c95p-1540871953 ip:192.168.5.144
2019-07-14 06:46:37,574 INFO  util.JvmPauseMonitor (JvmPauseMonitor.java:run(188)) - Starting JVM pause monitor
2019-07-14 06:46:37,576 INFO  datanode.InitDatanodeState (InitDatanodeState.java:persistContainerDatanodeDetails(140)) - DatanodeDetails is persisted to /tmp/workdir/hadoop-ozone/integration-test/target/test-dir/MiniOzoneClusterImpl-8946ae17-0b67-4499-8112-9a6f091c9538/datanode-5/meta/datanode.id
2019-07-14 06:46:37,587 INFO  volume.HddsVolume (HddsVolume.java:<init>(176)) - Creating Volume: /tmp/workdir/hadoop-ozone/integration-test/target/test-dir/MiniOzoneClusterImpl-8946ae17-0b67-4499-8112-9a6f091c9538/datanode-6/data/containers/hdds of  storage type : DISK and capacity : 52710309888
2019-07-14 06:46:37,588 INFO  volume.VolumeSet (VolumeSet.java:initializeVolumeSet(170)) - Added Volume : /tmp/workdir/hadoop-ozone/integration-test/target/test-dir/MiniOzoneClusterImpl-8946ae17-0b67-4499-8112-9a6f091c9538/datanode-6/data/containers/hdds to VolumeSet
2019-07-14 06:46:37,588 INFO  volume.ThrottledAsyncChecker (ThrottledAsyncChecker.java:schedule(140)) - Scheduling a check for org.apache.hadoop.ozone.container.common.volume.HddsVolume@41bd6a0f
2019-07-14 06:46:37,589 INFO  volume.HddsVolumeChecker (HddsVolumeChecker.java:checkAllVolumes(203)) - Scheduled health check for volume org.apache.hadoop.ozone.container.common.volume.HddsVolume@41bd6a0f
2019-07-14 06:46:37,611 INFO  impl.RaftServerProxy (ConfUtils.java:logGet(43)) - raft.rpc.type = GRPC (default)
2019-07-14 06:46:37,611 INFO  grpc.GrpcFactory (GrpcFactory.java:checkPooledByteBufAllocatorUseCacheForAllThreads(45)) - PERFORMANCE WARNING: useCacheForAllThreads is true that may cause Netty to create a lot garbage objects and, as a result, trigger GC.
	It is recommended to disable useCacheForAllThreads by setting -Dorg.apache.ratis.thirdparty.io.netty.allocator.useCacheForAllThreads=false in command line.
2019-07-14 06:46:37,612 INFO  grpc.GrpcConfigKeys$Server (ConfUtils.java:logGet(43)) - raft.grpc.server.port = 0 (default)
2019-07-14 06:46:37,612 INFO  server.GrpcService (ConfUtils.java:logGet(43)) - raft.grpc.message.size.max = 33570816 (custom)
2019-07-14 06:46:37,612 INFO  server.RaftServerConfigKeys (ConfUtils.java:logGet(43)) - raft.server.log.appender.buffer.byte-limit = 33554432 (custom)
2019-07-14 06:46:37,613 INFO  server.GrpcService (ConfUtils.java:logGet(43)) - raft.grpc.flow.control.window = 1MB (=1048576) (default)
2019-07-14 06:46:37,613 INFO  server.RaftServerConfigKeys (ConfUtils.java:logGet(43)) - raft.server.rpc.request.timeout = 3000ms (default)
2019-07-14 06:46:37,614 INFO  server.RaftServerConfigKeys (ConfUtils.java:logGet(43)) - raft.server.storage.dir = [/tmp/workdir/hadoop-ozone/integration-test/target/test-dir/MiniOzoneClusterImpl-8946ae17-0b67-4499-8112-9a6f091c9538/datanode-6/data/ratis] (custom)
2019-07-14 06:46:37,615 INFO  replication.SimpleContainerDownloader (SimpleContainerDownloader.java:<init>(72)) - Starting container downloader service to copy containers to replicate.
2019-07-14 06:46:37,616 INFO  hdfs.DFSUtil (DFSUtil.java:httpServerTemplateForNNAndJN(1641)) - Starting Web-server for hddsDatanode at: http://0.0.0.0:0
2019-07-14 06:46:37,618 INFO  server.AuthenticationFilter (AuthenticationFilter.java:constructSecretProvider(240)) - Unable to initialize FileSignerSecretProvider, falling back to use random secrets.
2019-07-14 06:46:37,618 WARN  http.HttpRequestLog (HttpRequestLog.java:getRequestLog(97)) - Jetty request log can only be enabled using Log4j
2019-07-14 06:46:37,619 INFO  http.HttpServer2 (HttpServer2.java:addGlobalFilter(975)) - Added global filter 'safety' (class=org.apache.hadoop.http.HttpServer2$QuotingInputFilter)
2019-07-14 06:46:37,620 INFO  http.HttpServer2 (HttpServer2.java:addFilter(948)) - Added filter static_user_filter (class=org.apache.hadoop.http.lib.StaticUserWebFilter$StaticUserFilter) to context hddsDatanode
2019-07-14 06:46:37,620 INFO  http.HttpServer2 (HttpServer2.java:addFilter(958)) - Added filter static_user_filter (class=org.apache.hadoop.http.lib.StaticUserWebFilter$StaticUserFilter) to context static
2019-07-14 06:46:37,620 INFO  http.HttpServer2 (HttpServer2.java:addFilter(958)) - Added filter static_user_filter (class=org.apache.hadoop.http.lib.StaticUserWebFilter$StaticUserFilter) to context logs
2019-07-14 06:46:37,621 INFO  http.HttpServer2 (HttpServer2.java:bindListener(1191)) - Jetty bound to port 41357
2019-07-14 06:46:37,621 INFO  server.Server (Server.java:doStart(351)) - jetty-9.3.24.v20180605, build timestamp: 2018-06-05T17:11:56Z, git hash: 84205aa28f11a4f31f2a3b86d1bba2cc8ab69827
2019-07-14 06:46:37,624 INFO  handler.ContextHandler (ContextHandler.java:doStart(781)) - Started o.e.j.s.ServletContextHandler@7227926b{/logs,file:///tmp/workdir/hadoop-ozone/integration-test/target/log,AVAILABLE}
2019-07-14 06:46:37,624 INFO  handler.ContextHandler (ContextHandler.java:doStart(781)) - Started o.e.j.s.ServletContextHandler@556aed22{/static,jar:file:/home/user/.m2/repository/org/apache/hadoop/hadoop-hdds-container-service/0.5.0-SNAPSHOT/hadoop-hdds-container-service-0.5.0-SNAPSHOT.jar!/webapps/static,AVAILABLE}
2019-07-14 06:46:37,656 INFO  handler.ContextHandler (ContextHandler.java:doStart(781)) - Started o.e.j.w.WebAppContext@2b3b1124{/,file:///tmp/jetty-0.0.0.0-41357-hddsDatanode-_-any-2596797453353571925.dir/webapp/,AVAILABLE}{/hddsDatanode}
2019-07-14 06:46:37,656 INFO  server.AbstractConnector (AbstractConnector.java:doStart(278)) - Started ServerConnector@54286339{HTTP/1.1,[http/1.1]}{0.0.0.0:41357}
2019-07-14 06:46:37,660 INFO  server.Server (Server.java:doStart(419)) - Started @19685ms
2019-07-14 06:46:37,661 INFO  server.BaseHttpServer (BaseHttpServer.java:updateConnectorAddress(207)) - HTTP server of HDDSDATANODE is listening at http://0.0.0.0:41357
2019-07-14 06:46:37,781 INFO  ozone.HddsDatanodeService (HddsDatanodeService.java:startPlugins(396)) - Started plug-in org.apache.hadoop.ozone.web.OzoneHddsDatanodeService@5724c7da
2019-07-14 06:46:37,782 INFO  ozone.MiniOzoneClusterImpl (MiniOzoneClusterImpl.java:lambda$waitForClusterToBeReady$0(142)) - Waiting for cluster to be ready. Got 0 of 7 DN Heartbeats.
2019-07-14 06:46:37,790 INFO  util.JvmPauseMonitor (JvmPauseMonitor.java:run(188)) - Starting JVM pause monitor
2019-07-14 06:46:37,791 INFO  datanode.InitDatanodeState (InitDatanodeState.java:persistContainerDatanodeDetails(140)) - DatanodeDetails is persisted to /tmp/workdir/hadoop-ozone/integration-test/target/test-dir/MiniOzoneClusterImpl-8946ae17-0b67-4499-8112-9a6f091c9538/datanode-6/meta/datanode.id
2019-07-14 06:46:38,501 INFO  ozoneimpl.OzoneContainer (OzoneContainer.java:start(186)) - Attempting to start container services.
2019-07-14 06:46:38,520 INFO  ozoneimpl.OzoneContainer (OzoneContainer.java:startContainerScrub(160)) - Background container scrubber has been disabled by hdds.containerscrub.enabled
2019-07-14 06:46:38,520 INFO  ratis.XceiverServerRatis (XceiverServerRatis.java:start(418)) - Starting XceiverServerRatis d1bc6e12-59df-498f-9de7-253310cec742 at port 0
2019-07-14 06:46:38,529 INFO  impl.RaftServerProxy (RaftServerProxy.java:lambda$start$3(299)) - d1bc6e12-59df-498f-9de7-253310cec742: start RPC server
2019-07-14 06:46:38,530 INFO  server.GrpcService (GrpcService.java:startImpl(149)) - d1bc6e12-59df-498f-9de7-253310cec742: GrpcService started, listening on 0.0.0.0/0.0.0.0:34018
2019-07-14 06:46:38,530 INFO  ratis.XceiverServerRatis (XceiverServerRatis.java:start(428)) - XceiverServerRatis d1bc6e12-59df-498f-9de7-253310cec742 is started using port 34018
2019-07-14 06:46:38,532 INFO  server.XceiverServerGrpc (XceiverServerGrpc.java:start(161)) - XceiverServerGrpc d1bc6e12-59df-498f-9de7-253310cec742 is started using port 45461
2019-07-14 06:46:38,756 INFO  ozoneimpl.OzoneContainer (OzoneContainer.java:start(186)) - Attempting to start container services.
2019-07-14 06:46:38,757 INFO  ozoneimpl.OzoneContainer (OzoneContainer.java:startContainerScrub(160)) - Background container scrubber has been disabled by hdds.containerscrub.enabled
2019-07-14 06:46:38,757 INFO  ratis.XceiverServerRatis (XceiverServerRatis.java:start(418)) - Starting XceiverServerRatis 5fa73f57-633f-4a9e-be98-152ac70662dd at port 0
2019-07-14 06:46:38,764 INFO  impl.RaftServerProxy (RaftServerProxy.java:lambda$start$3(299)) - 5fa73f57-633f-4a9e-be98-152ac70662dd: start RPC server
2019-07-14 06:46:38,765 INFO  server.GrpcService (GrpcService.java:startImpl(149)) - 5fa73f57-633f-4a9e-be98-152ac70662dd: GrpcService started, listening on 0.0.0.0/0.0.0.0:32781
2019-07-14 06:46:38,765 INFO  ratis.XceiverServerRatis (XceiverServerRatis.java:start(428)) - XceiverServerRatis 5fa73f57-633f-4a9e-be98-152ac70662dd is started using port 32781
2019-07-14 06:46:38,766 INFO  server.XceiverServerGrpc (XceiverServerGrpc.java:start(161)) - XceiverServerGrpc 5fa73f57-633f-4a9e-be98-152ac70662dd is started using port 34607
2019-07-14 06:46:38,789 INFO  ozone.MiniOzoneClusterImpl (MiniOzoneClusterImpl.java:lambda$waitForClusterToBeReady$0(142)) - Waiting for cluster to be ready. Got 0 of 7 DN Heartbeats.
2019-07-14 06:46:38,955 INFO  ozoneimpl.OzoneContainer (OzoneContainer.java:start(186)) - Attempting to start container services.
2019-07-14 06:46:38,955 INFO  ozoneimpl.OzoneContainer (OzoneContainer.java:startContainerScrub(160)) - Background container scrubber has been disabled by hdds.containerscrub.enabled
2019-07-14 06:46:38,955 INFO  ratis.XceiverServerRatis (XceiverServerRatis.java:start(418)) - Starting XceiverServerRatis 0600c2b4-e1a3-427a-9fdb-084c61ff69c5 at port 0
2019-07-14 06:46:38,960 INFO  impl.RaftServerProxy (RaftServerProxy.java:lambda$start$3(299)) - 0600c2b4-e1a3-427a-9fdb-084c61ff69c5: start RPC server
2019-07-14 06:46:38,961 INFO  server.GrpcService (GrpcService.java:startImpl(149)) - 0600c2b4-e1a3-427a-9fdb-084c61ff69c5: GrpcService started, listening on 0.0.0.0/0.0.0.0:43047
2019-07-14 06:46:38,961 INFO  ratis.XceiverServerRatis (XceiverServerRatis.java:start(428)) - XceiverServerRatis 0600c2b4-e1a3-427a-9fdb-084c61ff69c5 is started using port 43047
2019-07-14 06:46:38,985 INFO  server.XceiverServerGrpc (XceiverServerGrpc.java:start(161)) - XceiverServerGrpc 0600c2b4-e1a3-427a-9fdb-084c61ff69c5 is started using port 36637
2019-07-14 06:46:39,152 INFO  ozoneimpl.OzoneContainer (OzoneContainer.java:start(186)) - Attempting to start container services.
2019-07-14 06:46:39,153 INFO  ozoneimpl.OzoneContainer (OzoneContainer.java:startContainerScrub(160)) - Background container scrubber has been disabled by hdds.containerscrub.enabled
2019-07-14 06:46:39,153 INFO  ratis.XceiverServerRatis (XceiverServerRatis.java:start(418)) - Starting XceiverServerRatis f267d4b1-2568-4011-9b66-4aa82a3a0a4e at port 0
2019-07-14 06:46:39,159 INFO  impl.RaftServerProxy (RaftServerProxy.java:lambda$start$3(299)) - f267d4b1-2568-4011-9b66-4aa82a3a0a4e: start RPC server
2019-07-14 06:46:39,160 INFO  server.GrpcService (GrpcService.java:startImpl(149)) - f267d4b1-2568-4011-9b66-4aa82a3a0a4e: GrpcService started, listening on 0.0.0.0/0.0.0.0:46489
2019-07-14 06:46:39,160 INFO  ratis.XceiverServerRatis (XceiverServerRatis.java:start(428)) - XceiverServerRatis f267d4b1-2568-4011-9b66-4aa82a3a0a4e is started using port 46489
2019-07-14 06:46:39,161 INFO  server.XceiverServerGrpc (XceiverServerGrpc.java:start(161)) - XceiverServerGrpc f267d4b1-2568-4011-9b66-4aa82a3a0a4e is started using port 45734
2019-07-14 06:46:39,355 INFO  ozoneimpl.OzoneContainer (OzoneContainer.java:start(186)) - Attempting to start container services.
2019-07-14 06:46:39,355 INFO  ozoneimpl.OzoneContainer (OzoneContainer.java:startContainerScrub(160)) - Background container scrubber has been disabled by hdds.containerscrub.enabled
2019-07-14 06:46:39,355 INFO  ratis.XceiverServerRatis (XceiverServerRatis.java:start(418)) - Starting XceiverServerRatis 91194d66-7a62-4998-bfb7-ea7f33086451 at port 0
2019-07-14 06:46:39,363 INFO  impl.RaftServerProxy (RaftServerProxy.java:lambda$start$3(299)) - 91194d66-7a62-4998-bfb7-ea7f33086451: start RPC server
2019-07-14 06:46:39,364 INFO  server.GrpcService (GrpcService.java:startImpl(149)) - 91194d66-7a62-4998-bfb7-ea7f33086451: GrpcService started, listening on 0.0.0.0/0.0.0.0:42246
2019-07-14 06:46:39,364 INFO  ratis.XceiverServerRatis (XceiverServerRatis.java:start(428)) - XceiverServerRatis 91194d66-7a62-4998-bfb7-ea7f33086451 is started using port 42246
2019-07-14 06:46:39,370 INFO  server.XceiverServerGrpc (XceiverServerGrpc.java:start(161)) - XceiverServerGrpc 91194d66-7a62-4998-bfb7-ea7f33086451 is started using port 41741
2019-07-14 06:46:39,661 INFO  ozoneimpl.OzoneContainer (OzoneContainer.java:start(186)) - Attempting to start container services.
2019-07-14 06:46:39,661 INFO  ozoneimpl.OzoneContainer (OzoneContainer.java:startContainerScrub(160)) - Background container scrubber has been disabled by hdds.containerscrub.enabled
2019-07-14 06:46:39,661 INFO  ratis.XceiverServerRatis (XceiverServerRatis.java:start(418)) - Starting XceiverServerRatis 7e24bf05-37da-4066-862a-b09707422cd3 at port 0
2019-07-14 06:46:39,668 INFO  impl.RaftServerProxy (RaftServerProxy.java:lambda$start$3(299)) - 7e24bf05-37da-4066-862a-b09707422cd3: start RPC server
2019-07-14 06:46:39,669 INFO  server.GrpcService (GrpcService.java:startImpl(149)) - 7e24bf05-37da-4066-862a-b09707422cd3: GrpcService started, listening on 0.0.0.0/0.0.0.0:36488
2019-07-14 06:46:39,669 INFO  ratis.XceiverServerRatis (XceiverServerRatis.java:start(428)) - XceiverServerRatis 7e24bf05-37da-4066-862a-b09707422cd3 is started using port 36488
2019-07-14 06:46:39,669 INFO  server.XceiverServerGrpc (XceiverServerGrpc.java:start(161)) - XceiverServerGrpc 7e24bf05-37da-4066-862a-b09707422cd3 is started using port 45049
2019-07-14 06:46:39,789 INFO  ozone.MiniOzoneClusterImpl (MiniOzoneClusterImpl.java:lambda$waitForClusterToBeReady$0(142)) - Waiting for cluster to be ready. Got 0 of 7 DN Heartbeats.
2019-07-14 06:46:39,795 INFO  ozoneimpl.OzoneContainer (OzoneContainer.java:start(186)) - Attempting to start container services.
2019-07-14 06:46:39,795 INFO  ozoneimpl.OzoneContainer (OzoneContainer.java:startContainerScrub(160)) - Background container scrubber has been disabled by hdds.containerscrub.enabled
2019-07-14 06:46:39,795 INFO  ratis.XceiverServerRatis (XceiverServerRatis.java:start(418)) - Starting XceiverServerRatis 6d86978c-91b9-400a-b1f8-00886c1cdbb2 at port 0
2019-07-14 06:46:39,801 INFO  impl.RaftServerProxy (RaftServerProxy.java:lambda$start$3(299)) - 6d86978c-91b9-400a-b1f8-00886c1cdbb2: start RPC server
2019-07-14 06:46:39,802 INFO  server.GrpcService (GrpcService.java:startImpl(149)) - 6d86978c-91b9-400a-b1f8-00886c1cdbb2: GrpcService started, listening on 0.0.0.0/0.0.0.0:42943
2019-07-14 06:46:39,802 INFO  ratis.XceiverServerRatis (XceiverServerRatis.java:start(428)) - XceiverServerRatis 6d86978c-91b9-400a-b1f8-00886c1cdbb2 is started using port 42943
2019-07-14 06:46:39,808 INFO  server.XceiverServerGrpc (XceiverServerGrpc.java:start(161)) - XceiverServerGrpc 6d86978c-91b9-400a-b1f8-00886c1cdbb2 is started using port 41123
2019-07-14 06:46:40,488 INFO  net.NetworkTopology (NetworkTopologyImpl.java:add(110)) - Added a new node: /default-rack/192.168.5.144
2019-07-14 06:46:40,495 INFO  node.SCMNodeManager (SCMNodeManager.java:register(269)) - Registered Data node : d1bc6e12-59df-498f-9de7-253310cec742{ip: 192.168.5.144, host: trunk-nightly-8c95p-1540871953, networkLocation: /default-rack, certSerialId: null}
2019-07-14 06:46:40,497 INFO  safemode.SCMSafeModeManager (DataNodeSafeModeRule.java:process(71)) - SCM in safe mode. 1 DataNodes registered, 1 required.
2019-07-14 06:46:40,501 INFO  safemode.SCMSafeModeManager (SCMSafeModeManager.java:validateSafeModeExitRules(177)) - ScmSafeModeManager, all rules are successfully validated
2019-07-14 06:46:40,501 INFO  safemode.SCMSafeModeManager (SCMSafeModeManager.java:exitSafeMode(193)) - SCM exiting safe mode.
2019-07-14 06:46:40,527 INFO  impl.RaftServerProxy (RaftServerProxy.java:addNew(89)) - d1bc6e12-59df-498f-9de7-253310cec742: addNew group-1E128D6244C0:[d1bc6e12-59df-498f-9de7-253310cec742:192.168.5.144:34018] returns group-1E128D6244C0:java.util.concurrent.CompletableFuture@4867470f[Not completed]
2019-07-14 06:46:40,530 INFO  impl.RaftServerImpl (RaftServerImpl.java:<init>(93)) - d1bc6e12-59df-498f-9de7-253310cec742: new RaftServerImpl for group-1E128D6244C0:[d1bc6e12-59df-498f-9de7-253310cec742:192.168.5.144:34018] with ContainerStateMachine:uninitialized
2019-07-14 06:46:40,530 INFO  server.RaftServerConfigKeys (ConfUtils.java:logGet(43)) - raft.server.rpc.timeout.min = 5s (custom)
2019-07-14 06:46:40,530 INFO  server.RaftServerConfigKeys (ConfUtils.java:logGet(43)) - raft.server.rpc.timeout.max = 5200ms (custom)
2019-07-14 06:46:40,531 INFO  server.RaftServerConfigKeys (ConfUtils.java:logGet(43)) - raft.server.rpcslowness.timeout = 120s (custom)
2019-07-14 06:46:40,531 INFO  server.RaftServerConfigKeys (ConfUtils.java:logGet(43)) - raft.server.sleep.deviation.threshold = 300 (default)
2019-07-14 06:46:40,531 INFO  server.RaftServerConfigKeys (ConfUtils.java:logGet(43)) - raft.server.log.appender.install.snapshot.enabled = false (custom)
2019-07-14 06:46:40,531 INFO  impl.RaftServerImpl (ServerState.java:<init>(105)) - d1bc6e12-59df-498f-9de7-253310cec742:group-1E128D6244C0 ConfigurationManager, init=-1: [d1bc6e12-59df-498f-9de7-253310cec742:192.168.5.144:34018], old=null, confs=<EMPTY_MAP>
2019-07-14 06:46:40,531 INFO  server.RaftServerConfigKeys (ConfUtils.java:logGet(43)) - raft.server.storage.dir = [/tmp/workdir/hadoop-ozone/integration-test/target/test-dir/MiniOzoneClusterImpl-8946ae17-0b67-4499-8112-9a6f091c9538/datanode-0/data/ratis] (custom)
2019-07-14 06:46:40,532 INFO  storage.RaftStorageDirectory (RaftStorageDirectory.java:analyzeStorage(246)) - The storage directory /tmp/workdir/hadoop-ozone/integration-test/target/test-dir/MiniOzoneClusterImpl-8946ae17-0b67-4499-8112-9a6f091c9538/datanode-0/data/ratis/c3f3cfb8-115a-4168-9c64-1e128d6244c0 does not exist. Creating ...
2019-07-14 06:46:40,538 INFO  storage.RaftStorageDirectory (RaftStorageDirectory.java:tryLock(328)) - Lock on /tmp/workdir/hadoop-ozone/integration-test/target/test-dir/MiniOzoneClusterImpl-8946ae17-0b67-4499-8112-9a6f091c9538/datanode-0/data/ratis/c3f3cfb8-115a-4168-9c64-1e128d6244c0/in_use.lock acquired by nodename 28347@trunk-nightly-8c95p-1540871953
2019-07-14 06:46:40,550 INFO  storage.RaftStorage (RaftStorage.java:format(72)) - Storage directory /tmp/workdir/hadoop-ozone/integration-test/target/test-dir/MiniOzoneClusterImpl-8946ae17-0b67-4499-8112-9a6f091c9538/datanode-0/data/ratis/c3f3cfb8-115a-4168-9c64-1e128d6244c0 has been successfully formatted.
2019-07-14 06:46:40,551 INFO  ratis.ContainerStateMachine (ContainerStateMachine.java:loadSnapshot(200)) - group-1E128D6244C0: The snapshot info is null. Setting the last applied indexto:(t:0, i:~)
2019-07-14 06:46:40,551 INFO  server.RaftServerConfigKeys (ConfUtils.java:logGet(43)) - raft.server.leader.election.timeout = 120s (custom)
2019-07-14 06:46:40,551 INFO  server.RaftServerConfigKeys (ConfUtils.java:logGet(43)) - raft.server.log.use.memory = false (default)
2019-07-14 06:46:40,551 INFO  server.RaftServerConfigKeys (ConfUtils.java:logGet(43)) - raft.server.log.purge.gap = 1000000000 (custom)
2019-07-14 06:46:40,552 INFO  server.RaftServerConfigKeys (ConfUtils.java:logGet(43)) - raft.server.log.appender.buffer.byte-limit = 33554432 (custom)
2019-07-14 06:46:40,552 INFO  server.RaftServerConfigKeys (ConfUtils.java:logGet(43)) - raft.server.log.segment.size.max = 1048576 (custom)
2019-07-14 06:46:40,552 INFO  server.RaftServerConfigKeys (ConfUtils.java:logGet(43)) - raft.server.log.segment.cache.num.max = 2 (custom)
2019-07-14 06:46:40,552 INFO  segmented.SegmentedRaftLogWorker (SegmentedRaftLogWorker.java:<init>(172)) - new d1bc6e12-59df-498f-9de7-253310cec742-SegmentedRaftLogWorker:Storage Directory /tmp/workdir/hadoop-ozone/integration-test/target/test-dir/MiniOzoneClusterImpl-8946ae17-0b67-4499-8112-9a6f091c9538/datanode-0/data/ratis/c3f3cfb8-115a-4168-9c64-1e128d6244c0 for RaftStorage:Storage Directory /tmp/workdir/hadoop-ozone/integration-test/target/test-dir/MiniOzoneClusterImpl-8946ae17-0b67-4499-8112-9a6f091c9538/datanode-0/data/ratis/c3f3cfb8-115a-4168-9c64-1e128d6244c0
2019-07-14 06:46:40,553 INFO  server.RaftServerConfigKeys (ConfUtils.java:logGet(43)) - raft.server.log.queue.byte-limit = 2147483647 (custom)
2019-07-14 06:46:40,553 INFO  server.RaftServerConfigKeys (ConfUtils.java:logGet(43)) - raft.server.log.queue.element-limit = 1024 (custom)
2019-07-14 06:46:40,553 INFO  server.RaftServerConfigKeys (ConfUtils.java:logGet(43)) - raft.server.log.segment.size.max = 1048576 (custom)
2019-07-14 06:46:40,553 INFO  server.RaftServerConfigKeys (ConfUtils.java:logGet(43)) - raft.server.log.preallocated.size = 16384 (custom)
2019-07-14 06:46:40,554 INFO  server.RaftServerConfigKeys (ConfUtils.java:logGet(43)) - raft.server.log.write.buffer.size = 33554432 (custom)
2019-07-14 06:46:40,554 INFO  server.RaftServerConfigKeys (ConfUtils.java:logGet(43)) - raft.server.log.force.sync.num = 128 (default)
2019-07-14 06:46:40,554 INFO  server.RaftServerConfigKeys (ConfUtils.java:logGet(43)) - raft.server.log.statemachine.data.sync = true (default)
2019-07-14 06:46:40,554 INFO  server.RaftServerConfigKeys (ConfUtils.java:logGet(43)) - raft.server.log.statemachine.data.sync.timeout = 10s (default)
2019-07-14 06:46:40,554 INFO  server.RaftServerConfigKeys (ConfUtils.java:logGet(43)) - raft.server.log.statemachine.data.sync.timeout.retry = -1 (default)
2019-07-14 06:46:40,555 INFO  server.RaftServerConfigKeys (ConfUtils.java:logGet(43)) - raft.server.log.statemachine.data.caching.enabled = true (custom)
2019-07-14 06:46:40,555 INFO  segmented.SegmentedRaftLogWorker (SegmentedRaftLogWorker.java:lambda$new$0(132)) - d1bc6e12-59df-498f-9de7-253310cec742-SegmentedRaftLogWorker:Storage Directory /tmp/workdir/hadoop-ozone/integration-test/target/test-dir/MiniOzoneClusterImpl-8946ae17-0b67-4499-8112-9a6f091c9538/datanode-0/data/ratis/c3f3cfb8-115a-4168-9c64-1e128d6244c0: flushIndex: setUnconditionally 0 -> -1
2019-07-14 06:46:40,556 INFO  server.RaftServerConfigKeys (ConfUtils.java:logGet(43)) - raft.server.snapshot.auto.trigger.enabled = true (custom)
2019-07-14 06:46:40,556 INFO  server.RaftServerConfigKeys (ConfUtils.java:logGet(43)) - raft.server.snapshot.auto.trigger.threshold = 10000 (custom)
2019-07-14 06:46:40,556 INFO  server.RaftServerConfigKeys (ConfUtils.java:logGet(43)) - raft.server.retrycache.expirytime = 600000ms (custom)
2019-07-14 06:46:40,556 INFO  impl.RaftServerImpl (RaftServerImpl.java:start(180)) - d1bc6e12-59df-498f-9de7-253310cec742: start group-1E128D6244C0
2019-07-14 06:46:40,557 INFO  impl.RaftServerImpl (RaftServerImpl.java:setRole(171)) - d1bc6e12-59df-498f-9de7-253310cec742:group-1E128D6244C0 changes role from null to FOLLOWER at term 0 for startAsFollower
2019-07-14 06:46:40,557 INFO  impl.RoleInfo (RoleInfo.java:updateAndGet(143)) - d1bc6e12-59df-498f-9de7-253310cec742: start FollowerState
2019-07-14 06:46:40,557 INFO  util.JmxRegister (JmxRegister.java:tryRegister(44)) - Successfully registered JMX Bean with object name Ratis:service=RaftServer,group=group-1E128D6244C0,id=d1bc6e12-59df-498f-9de7-253310cec742
2019-07-14 06:46:40,566 INFO  pipeline.PipelineStateManager (PipelineStateManager.java:addPipeline(56)) - Created pipeline Pipeline[ Id: c3f3cfb8-115a-4168-9c64-1e128d6244c0, Nodes: d1bc6e12-59df-498f-9de7-253310cec742{ip: 192.168.5.144, host: trunk-nightly-8c95p-1540871953, networkLocation: /default-rack, certSerialId: null}, Type:RATIS, Factor:ONE, State:OPEN]
2019-07-14 06:46:40,729 INFO  node.SCMNodeManager (SCMNodeManager.java:register(269)) - Registered Data node : 5fa73f57-633f-4a9e-be98-152ac70662dd{ip: 192.168.5.144, host: trunk-nightly-8c95p-1540871953, networkLocation: /default-rack, certSerialId: null}
2019-07-14 06:46:40,754 INFO  impl.RaftServerProxy (RaftServerProxy.java:addNew(89)) - 5fa73f57-633f-4a9e-be98-152ac70662dd: addNew group-B25DB493A006:[5fa73f57-633f-4a9e-be98-152ac70662dd:192.168.5.144:32781] returns group-B25DB493A006:java.util.concurrent.CompletableFuture@65c29802[Not completed]
2019-07-14 06:46:40,756 INFO  impl.RaftServerImpl (RaftServerImpl.java:<init>(93)) - 5fa73f57-633f-4a9e-be98-152ac70662dd: new RaftServerImpl for group-B25DB493A006:[5fa73f57-633f-4a9e-be98-152ac70662dd:192.168.5.144:32781] with ContainerStateMachine:uninitialized
2019-07-14 06:46:40,756 INFO  server.RaftServerConfigKeys (ConfUtils.java:logGet(43)) - raft.server.rpc.timeout.min = 5s (custom)
2019-07-14 06:46:40,756 INFO  server.RaftServerConfigKeys (ConfUtils.java:logGet(43)) - raft.server.rpc.timeout.max = 5200ms (custom)
2019-07-14 06:46:40,756 INFO  server.RaftServerConfigKeys (ConfUtils.java:logGet(43)) - raft.server.rpcslowness.timeout = 120s (custom)
2019-07-14 06:46:40,756 INFO  server.RaftServerConfigKeys (ConfUtils.java:logGet(43)) - raft.server.sleep.deviation.threshold = 300 (default)
2019-07-14 06:46:40,756 INFO  server.RaftServerConfigKeys (ConfUtils.java:logGet(43)) - raft.server.log.appender.install.snapshot.enabled = false (custom)
2019-07-14 06:46:40,756 INFO  impl.RaftServerImpl (ServerState.java:<init>(105)) - 5fa73f57-633f-4a9e-be98-152ac70662dd:group-B25DB493A006 ConfigurationManager, init=-1: [5fa73f57-633f-4a9e-be98-152ac70662dd:192.168.5.144:32781], old=null, confs=<EMPTY_MAP>
2019-07-14 06:46:40,757 INFO  server.RaftServerConfigKeys (ConfUtils.java:logGet(43)) - raft.server.storage.dir = [/tmp/workdir/hadoop-ozone/integration-test/target/test-dir/MiniOzoneClusterImpl-8946ae17-0b67-4499-8112-9a6f091c9538/datanode-1/data/ratis] (custom)
2019-07-14 06:46:40,757 INFO  storage.RaftStorageDirectory (RaftStorageDirectory.java:analyzeStorage(246)) - The storage directory /tmp/workdir/hadoop-ozone/integration-test/target/test-dir/MiniOzoneClusterImpl-8946ae17-0b67-4499-8112-9a6f091c9538/datanode-1/data/ratis/b5731a36-d099-448d-8df6-b25db493a006 does not exist. Creating ...
2019-07-14 06:46:40,761 INFO  storage.RaftStorageDirectory (RaftStorageDirectory.java:tryLock(328)) - Lock on /tmp/workdir/hadoop-ozone/integration-test/target/test-dir/MiniOzoneClusterImpl-8946ae17-0b67-4499-8112-9a6f091c9538/datanode-1/data/ratis/b5731a36-d099-448d-8df6-b25db493a006/in_use.lock acquired by nodename 28347@trunk-nightly-8c95p-1540871953
2019-07-14 06:46:40,773 INFO  storage.RaftStorage (RaftStorage.java:format(72)) - Storage directory /tmp/workdir/hadoop-ozone/integration-test/target/test-dir/MiniOzoneClusterImpl-8946ae17-0b67-4499-8112-9a6f091c9538/datanode-1/data/ratis/b5731a36-d099-448d-8df6-b25db493a006 has been successfully formatted.
2019-07-14 06:46:40,773 INFO  ratis.ContainerStateMachine (ContainerStateMachine.java:loadSnapshot(200)) - group-B25DB493A006: The snapshot info is null. Setting the last applied indexto:(t:0, i:~)
2019-07-14 06:46:40,773 INFO  server.RaftServerConfigKeys (ConfUtils.java:logGet(43)) - raft.server.leader.election.timeout = 120s (custom)
2019-07-14 06:46:40,773 INFO  server.RaftServerConfigKeys (ConfUtils.java:logGet(43)) - raft.server.log.use.memory = false (default)
2019-07-14 06:46:40,773 INFO  server.RaftServerConfigKeys (ConfUtils.java:logGet(43)) - raft.server.log.purge.gap = 1000000000 (custom)
2019-07-14 06:46:40,774 INFO  server.RaftServerConfigKeys (ConfUtils.java:logGet(43)) - raft.server.log.appender.buffer.byte-limit = 33554432 (custom)
2019-07-14 06:46:40,774 INFO  server.RaftServerConfigKeys (ConfUtils.java:logGet(43)) - raft.server.log.segment.size.max = 1048576 (custom)
2019-07-14 06:46:40,774 INFO  server.RaftServerConfigKeys (ConfUtils.java:logGet(43)) - raft.server.log.segment.cache.num.max = 2 (custom)
2019-07-14 06:46:40,774 INFO  segmented.SegmentedRaftLogWorker (SegmentedRaftLogWorker.java:<init>(172)) - new 5fa73f57-633f-4a9e-be98-152ac70662dd-SegmentedRaftLogWorker:Storage Directory /tmp/workdir/hadoop-ozone/integration-test/target/test-dir/MiniOzoneClusterImpl-8946ae17-0b67-4499-8112-9a6f091c9538/datanode-1/data/ratis/b5731a36-d099-448d-8df6-b25db493a006 for RaftStorage:Storage Directory /tmp/workdir/hadoop-ozone/integration-test/target/test-dir/MiniOzoneClusterImpl-8946ae17-0b67-4499-8112-9a6f091c9538/datanode-1/data/ratis/b5731a36-d099-448d-8df6-b25db493a006
2019-07-14 06:46:40,774 INFO  server.RaftServerConfigKeys (ConfUtils.java:logGet(43)) - raft.server.log.queue.byte-limit = 2147483647 (custom)
2019-07-14 06:46:40,774 INFO  server.RaftServerConfigKeys (ConfUtils.java:logGet(43)) - raft.server.log.queue.element-limit = 1024 (custom)
2019-07-14 06:46:40,775 INFO  server.RaftServerConfigKeys (ConfUtils.java:logGet(43)) - raft.server.log.segment.size.max = 1048576 (custom)
2019-07-14 06:46:40,775 INFO  server.RaftServerConfigKeys (ConfUtils.java:logGet(43)) - raft.server.log.preallocated.size = 16384 (custom)
2019-07-14 06:46:40,775 INFO  server.RaftServerConfigKeys (ConfUtils.java:logGet(43)) - raft.server.log.write.buffer.size = 33554432 (custom)
2019-07-14 06:46:40,775 INFO  server.RaftServerConfigKeys (ConfUtils.java:logGet(43)) - raft.server.log.force.sync.num = 128 (default)
2019-07-14 06:46:40,775 INFO  server.RaftServerConfigKeys (ConfUtils.java:logGet(43)) - raft.server.log.statemachine.data.sync = true (default)
2019-07-14 06:46:40,775 INFO  server.RaftServerConfigKeys (ConfUtils.java:logGet(43)) - raft.server.log.statemachine.data.sync.timeout = 10s (default)
2019-07-14 06:46:40,776 INFO  server.RaftServerConfigKeys (ConfUtils.java:logGet(43)) - raft.server.log.statemachine.data.sync.timeout.retry = -1 (default)
2019-07-14 06:46:40,776 INFO  server.RaftServerConfigKeys (ConfUtils.java:logGet(43)) - raft.server.log.statemachine.data.caching.enabled = true (custom)
2019-07-14 06:46:40,776 INFO  segmented.SegmentedRaftLogWorker (SegmentedRaftLogWorker.java:lambda$new$0(132)) - 5fa73f57-633f-4a9e-be98-152ac70662dd-SegmentedRaftLogWorker:Storage Directory /tmp/workdir/hadoop-ozone/integration-test/target/test-dir/MiniOzoneClusterImpl-8946ae17-0b67-4499-8112-9a6f091c9538/datanode-1/data/ratis/b5731a36-d099-448d-8df6-b25db493a006: flushIndex: setUnconditionally 0 -> -1
2019-07-14 06:46:40,776 INFO  server.RaftServerConfigKeys (ConfUtils.java:logGet(43)) - raft.server.snapshot.auto.trigger.enabled = true (custom)
2019-07-14 06:46:40,777 INFO  server.RaftServerConfigKeys (ConfUtils.java:logGet(43)) - raft.server.snapshot.auto.trigger.threshold = 10000 (custom)
2019-07-14 06:46:40,777 INFO  server.RaftServerConfigKeys (ConfUtils.java:logGet(43)) - raft.server.retrycache.expirytime = 600000ms (custom)
2019-07-14 06:46:40,777 INFO  impl.RaftServerImpl (RaftServerImpl.java:start(180)) - 5fa73f57-633f-4a9e-be98-152ac70662dd: start group-B25DB493A006
2019-07-14 06:46:40,777 INFO  impl.RaftServerImpl (RaftServerImpl.java:setRole(171)) - 5fa73f57-633f-4a9e-be98-152ac70662dd:group-B25DB493A006 changes role from null to FOLLOWER at term 0 for startAsFollower
2019-07-14 06:46:40,777 INFO  impl.RoleInfo (RoleInfo.java:updateAndGet(143)) - 5fa73f57-633f-4a9e-be98-152ac70662dd: start FollowerState
2019-07-14 06:46:40,778 INFO  util.JmxRegister (JmxRegister.java:tryRegister(44)) - Successfully registered JMX Bean with object name Ratis:service=RaftServer,group=group-B25DB493A006,id=5fa73f57-633f-4a9e-be98-152ac70662dd
2019-07-14 06:46:40,787 INFO  pipeline.PipelineStateManager (PipelineStateManager.java:addPipeline(56)) - Created pipeline Pipeline[ Id: b5731a36-d099-448d-8df6-b25db493a006, Nodes: 5fa73f57-633f-4a9e-be98-152ac70662dd{ip: 192.168.5.144, host: trunk-nightly-8c95p-1540871953, networkLocation: /default-rack, certSerialId: null}, Type:RATIS, Factor:ONE, State:OPEN]
2019-07-14 06:46:40,791 INFO  ozone.MiniOzoneClusterImpl (MiniOzoneClusterImpl.java:lambda$waitForClusterToBeReady$0(142)) - Waiting for cluster to be ready. Got 2 of 7 DN Heartbeats.
2019-07-14 06:46:40,939 INFO  node.SCMNodeManager (SCMNodeManager.java:register(269)) - Registered Data node : 0600c2b4-e1a3-427a-9fdb-084c61ff69c5{ip: 192.168.5.144, host: trunk-nightly-8c95p-1540871953, networkLocation: /default-rack, certSerialId: null}
2019-07-14 06:46:40,960 INFO  impl.RaftServerProxy (RaftServerProxy.java:addNew(89)) - 0600c2b4-e1a3-427a-9fdb-084c61ff69c5: addNew group-B23DA11A7034:[0600c2b4-e1a3-427a-9fdb-084c61ff69c5:192.168.5.144:43047] returns group-B23DA11A7034:java.util.concurrent.CompletableFuture@2f22a83b[Not completed]
2019-07-14 06:46:40,961 INFO  impl.RaftServerImpl (RaftServerImpl.java:<init>(93)) - 0600c2b4-e1a3-427a-9fdb-084c61ff69c5: new RaftServerImpl for group-B23DA11A7034:[0600c2b4-e1a3-427a-9fdb-084c61ff69c5:192.168.5.144:43047] with ContainerStateMachine:uninitialized
2019-07-14 06:46:40,961 INFO  server.RaftServerConfigKeys (ConfUtils.java:logGet(43)) - raft.server.rpc.timeout.min = 5s (custom)
2019-07-14 06:46:40,962 INFO  server.RaftServerConfigKeys (ConfUtils.java:logGet(43)) - raft.server.rpc.timeout.max = 5200ms (custom)
2019-07-14 06:46:40,962 INFO  server.RaftServerConfigKeys (ConfUtils.java:logGet(43)) - raft.server.rpcslowness.timeout = 120s (custom)
2019-07-14 06:46:40,962 INFO  server.RaftServerConfigKeys (ConfUtils.java:logGet(43)) - raft.server.sleep.deviation.threshold = 300 (default)
2019-07-14 06:46:40,962 INFO  server.RaftServerConfigKeys (ConfUtils.java:logGet(43)) - raft.server.log.appender.install.snapshot.enabled = false (custom)
2019-07-14 06:46:40,962 INFO  impl.RaftServerImpl (ServerState.java:<init>(105)) - 0600c2b4-e1a3-427a-9fdb-084c61ff69c5:group-B23DA11A7034 ConfigurationManager, init=-1: [0600c2b4-e1a3-427a-9fdb-084c61ff69c5:192.168.5.144:43047], old=null, confs=<EMPTY_MAP>
2019-07-14 06:46:40,962 INFO  server.RaftServerConfigKeys (ConfUtils.java:logGet(43)) - raft.server.storage.dir = [/tmp/workdir/hadoop-ozone/integration-test/target/test-dir/MiniOzoneClusterImpl-8946ae17-0b67-4499-8112-9a6f091c9538/datanode-2/data/ratis] (custom)
2019-07-14 06:46:40,963 INFO  storage.RaftStorageDirectory (RaftStorageDirectory.java:analyzeStorage(246)) - The storage directory /tmp/workdir/hadoop-ozone/integration-test/target/test-dir/MiniOzoneClusterImpl-8946ae17-0b67-4499-8112-9a6f091c9538/datanode-2/data/ratis/08cc3815-7b81-41db-9a49-b23da11a7034 does not exist. Creating ...
2019-07-14 06:46:40,975 INFO  storage.RaftStorageDirectory (RaftStorageDirectory.java:tryLock(328)) - Lock on /tmp/workdir/hadoop-ozone/integration-test/target/test-dir/MiniOzoneClusterImpl-8946ae17-0b67-4499-8112-9a6f091c9538/datanode-2/data/ratis/08cc3815-7b81-41db-9a49-b23da11a7034/in_use.lock acquired by nodename 28347@trunk-nightly-8c95p-1540871953
2019-07-14 06:46:40,988 INFO  storage.RaftStorage (RaftStorage.java:format(72)) - Storage directory /tmp/workdir/hadoop-ozone/integration-test/target/test-dir/MiniOzoneClusterImpl-8946ae17-0b67-4499-8112-9a6f091c9538/datanode-2/data/ratis/08cc3815-7b81-41db-9a49-b23da11a7034 has been successfully formatted.
2019-07-14 06:46:40,988 INFO  ratis.ContainerStateMachine (ContainerStateMachine.java:loadSnapshot(200)) - group-B23DA11A7034: The snapshot info is null. Setting the last applied indexto:(t:0, i:~)
2019-07-14 06:46:40,988 INFO  server.RaftServerConfigKeys (ConfUtils.java:logGet(43)) - raft.server.leader.election.timeout = 120s (custom)
2019-07-14 06:46:40,988 INFO  server.RaftServerConfigKeys (ConfUtils.java:logGet(43)) - raft.server.log.use.memory = false (default)
2019-07-14 06:46:40,989 INFO  server.RaftServerConfigKeys (ConfUtils.java:logGet(43)) - raft.server.log.purge.gap = 1000000000 (custom)
2019-07-14 06:46:40,989 INFO  server.RaftServerConfigKeys (ConfUtils.java:logGet(43)) - raft.server.log.appender.buffer.byte-limit = 33554432 (custom)
2019-07-14 06:46:40,989 INFO  server.RaftServerConfigKeys (ConfUtils.java:logGet(43)) - raft.server.log.segment.size.max = 1048576 (custom)
2019-07-14 06:46:40,989 INFO  server.RaftServerConfigKeys (ConfUtils.java:logGet(43)) - raft.server.log.segment.cache.num.max = 2 (custom)
2019-07-14 06:46:40,989 INFO  segmented.SegmentedRaftLogWorker (SegmentedRaftLogWorker.java:<init>(172)) - new 0600c2b4-e1a3-427a-9fdb-084c61ff69c5-SegmentedRaftLogWorker:Storage Directory /tmp/workdir/hadoop-ozone/integration-test/target/test-dir/MiniOzoneClusterImpl-8946ae17-0b67-4499-8112-9a6f091c9538/datanode-2/data/ratis/08cc3815-7b81-41db-9a49-b23da11a7034 for RaftStorage:Storage Directory /tmp/workdir/hadoop-ozone/integration-test/target/test-dir/MiniOzoneClusterImpl-8946ae17-0b67-4499-8112-9a6f091c9538/datanode-2/data/ratis/08cc3815-7b81-41db-9a49-b23da11a7034
2019-07-14 06:46:40,989 INFO  server.RaftServerConfigKeys (ConfUtils.java:logGet(43)) - raft.server.log.queue.byte-limit = 2147483647 (custom)
2019-07-14 06:46:40,990 INFO  server.RaftServerConfigKeys (ConfUtils.java:logGet(43)) - raft.server.log.queue.element-limit = 1024 (custom)
2019-07-14 06:46:40,990 INFO  server.RaftServerConfigKeys (ConfUtils.java:logGet(43)) - raft.server.log.segment.size.max = 1048576 (custom)
2019-07-14 06:46:40,990 INFO  server.RaftServerConfigKeys (ConfUtils.java:logGet(43)) - raft.server.log.preallocated.size = 16384 (custom)
2019-07-14 06:46:40,990 INFO  server.RaftServerConfigKeys (ConfUtils.java:logGet(43)) - raft.server.log.write.buffer.size = 33554432 (custom)
2019-07-14 06:46:40,990 INFO  server.RaftServerConfigKeys (ConfUtils.java:logGet(43)) - raft.server.log.force.sync.num = 128 (default)
2019-07-14 06:46:40,990 INFO  server.RaftServerConfigKeys (ConfUtils.java:logGet(43)) - raft.server.log.statemachine.data.sync = true (default)
2019-07-14 06:46:40,991 INFO  server.RaftServerConfigKeys (ConfUtils.java:logGet(43)) - raft.server.log.statemachine.data.sync.timeout = 10s (default)
2019-07-14 06:46:40,991 INFO  server.RaftServerConfigKeys (ConfUtils.java:logGet(43)) - raft.server.log.statemachine.data.sync.timeout.retry = -1 (default)
2019-07-14 06:46:40,991 INFO  server.RaftServerConfigKeys (ConfUtils.java:logGet(43)) - raft.server.log.statemachine.data.caching.enabled = true (custom)
2019-07-14 06:46:40,991 INFO  segmented.SegmentedRaftLogWorker (SegmentedRaftLogWorker.java:lambda$new$0(132)) - 0600c2b4-e1a3-427a-9fdb-084c61ff69c5-SegmentedRaftLogWorker:Storage Directory /tmp/workdir/hadoop-ozone/integration-test/target/test-dir/MiniOzoneClusterImpl-8946ae17-0b67-4499-8112-9a6f091c9538/datanode-2/data/ratis/08cc3815-7b81-41db-9a49-b23da11a7034: flushIndex: setUnconditionally 0 -> -1
2019-07-14 06:46:40,992 INFO  server.RaftServerConfigKeys (ConfUtils.java:logGet(43)) - raft.server.snapshot.auto.trigger.enabled = true (custom)
2019-07-14 06:46:40,992 INFO  server.RaftServerConfigKeys (ConfUtils.java:logGet(43)) - raft.server.snapshot.auto.trigger.threshold = 10000 (custom)
2019-07-14 06:46:40,992 INFO  server.RaftServerConfigKeys (ConfUtils.java:logGet(43)) - raft.server.retrycache.expirytime = 600000ms (custom)
2019-07-14 06:46:40,992 INFO  impl.RaftServerImpl (RaftServerImpl.java:start(180)) - 0600c2b4-e1a3-427a-9fdb-084c61ff69c5: start group-B23DA11A7034
2019-07-14 06:46:40,992 INFO  impl.RaftServerImpl (RaftServerImpl.java:setRole(171)) - 0600c2b4-e1a3-427a-9fdb-084c61ff69c5:group-B23DA11A7034 changes role from null to FOLLOWER at term 0 for startAsFollower
2019-07-14 06:46:40,993 INFO  impl.RoleInfo (RoleInfo.java:updateAndGet(143)) - 0600c2b4-e1a3-427a-9fdb-084c61ff69c5: start FollowerState
2019-07-14 06:46:40,993 INFO  util.JmxRegister (JmxRegister.java:tryRegister(44)) - Successfully registered JMX Bean with object name Ratis:service=RaftServer,group=group-B23DA11A7034,id=0600c2b4-e1a3-427a-9fdb-084c61ff69c5
2019-07-14 06:46:41,002 INFO  pipeline.PipelineStateManager (PipelineStateManager.java:addPipeline(56)) - Created pipeline Pipeline[ Id: 08cc3815-7b81-41db-9a49-b23da11a7034, Nodes: 0600c2b4-e1a3-427a-9fdb-084c61ff69c5{ip: 192.168.5.144, host: trunk-nightly-8c95p-1540871953, networkLocation: /default-rack, certSerialId: null}, Type:RATIS, Factor:ONE, State:OPEN]
2019-07-14 06:46:41,044 INFO  impl.RaftServerProxy (RaftServerProxy.java:addNew(89)) - 0600c2b4-e1a3-427a-9fdb-084c61ff69c5: addNew group-EB97A7CAAE95:[d1bc6e12-59df-498f-9de7-253310cec742:192.168.5.144:34018, 0600c2b4-e1a3-427a-9fdb-084c61ff69c5:192.168.5.144:43047, 5fa73f57-633f-4a9e-be98-152ac70662dd:192.168.5.144:32781] returns group-EB97A7CAAE95:java.util.concurrent.CompletableFuture@5d0af3fb[Not completed]
2019-07-14 06:46:41,044 INFO  impl.RaftServerProxy (RaftServerProxy.java:addNew(89)) - 5fa73f57-633f-4a9e-be98-152ac70662dd: addNew group-EB97A7CAAE95:[d1bc6e12-59df-498f-9de7-253310cec742:192.168.5.144:34018, 0600c2b4-e1a3-427a-9fdb-084c61ff69c5:192.168.5.144:43047, 5fa73f57-633f-4a9e-be98-152ac70662dd:192.168.5.144:32781] returns group-EB97A7CAAE95:java.util.concurrent.CompletableFuture@36f2c3b1[Not completed]
2019-07-14 06:46:41,045 INFO  impl.RaftServerProxy (RaftServerProxy.java:addNew(89)) - d1bc6e12-59df-498f-9de7-253310cec742: addNew group-EB97A7CAAE95:[d1bc6e12-59df-498f-9de7-253310cec742:192.168.5.144:34018, 0600c2b4-e1a3-427a-9fdb-084c61ff69c5:192.168.5.144:43047, 5fa73f57-633f-4a9e-be98-152ac70662dd:192.168.5.144:32781] returns group-EB97A7CAAE95:java.util.concurrent.CompletableFuture@209fd1de[Not completed]
2019-07-14 06:46:41,045 INFO  impl.RaftServerImpl (RaftServerImpl.java:<init>(93)) - 0600c2b4-e1a3-427a-9fdb-084c61ff69c5: new RaftServerImpl for group-EB97A7CAAE95:[d1bc6e12-59df-498f-9de7-253310cec742:192.168.5.144:34018, 0600c2b4-e1a3-427a-9fdb-084c61ff69c5:192.168.5.144:43047, 5fa73f57-633f-4a9e-be98-152ac70662dd:192.168.5.144:32781] with ContainerStateMachine:uninitialized
2019-07-14 06:46:41,046 INFO  server.RaftServerConfigKeys (ConfUtils.java:logGet(43)) - raft.server.rpc.timeout.min = 5s (custom)
2019-07-14 06:46:41,046 INFO  server.RaftServerConfigKeys (ConfUtils.java:logGet(43)) - raft.server.rpc.timeout.max = 5200ms (custom)
2019-07-14 06:46:41,046 INFO  server.RaftServerConfigKeys (ConfUtils.java:logGet(43)) - raft.server.rpcslowness.timeout = 120s (custom)
2019-07-14 06:46:41,046 INFO  server.RaftServerConfigKeys (ConfUtils.java:logGet(43)) - raft.server.sleep.deviation.threshold = 300 (default)
2019-07-14 06:46:41,046 INFO  server.RaftServerConfigKeys (ConfUtils.java:logGet(43)) - raft.server.log.appender.install.snapshot.enabled = false (custom)
2019-07-14 06:46:41,046 INFO  impl.RaftServerImpl (ServerState.java:<init>(105)) - 0600c2b4-e1a3-427a-9fdb-084c61ff69c5:group-EB97A7CAAE95 ConfigurationManager, init=-1: [d1bc6e12-59df-498f-9de7-253310cec742:192.168.5.144:34018, 0600c2b4-e1a3-427a-9fdb-084c61ff69c5:192.168.5.144:43047, 5fa73f57-633f-4a9e-be98-152ac70662dd:192.168.5.144:32781], old=null, confs=<EMPTY_MAP>
2019-07-14 06:46:41,046 INFO  server.RaftServerConfigKeys (ConfUtils.java:logGet(43)) - raft.server.storage.dir = [/tmp/workdir/hadoop-ozone/integration-test/target/test-dir/MiniOzoneClusterImpl-8946ae17-0b67-4499-8112-9a6f091c9538/datanode-2/data/ratis] (custom)
2019-07-14 06:46:41,046 INFO  impl.RaftServerImpl (RaftServerImpl.java:<init>(93)) - d1bc6e12-59df-498f-9de7-253310cec742: new RaftServerImpl for group-EB97A7CAAE95:[d1bc6e12-59df-498f-9de7-253310cec742:192.168.5.144:34018, 0600c2b4-e1a3-427a-9fdb-084c61ff69c5:192.168.5.144:43047, 5fa73f57-633f-4a9e-be98-152ac70662dd:192.168.5.144:32781] with ContainerStateMachine:uninitialized
2019-07-14 06:46:41,047 INFO  storage.RaftStorageDirectory (RaftStorageDirectory.java:analyzeStorage(246)) - The storage directory /tmp/workdir/hadoop-ozone/integration-test/target/test-dir/MiniOzoneClusterImpl-8946ae17-0b67-4499-8112-9a6f091c9538/datanode-2/data/ratis/07cef996-f2d5-42ba-a83c-eb97a7caae95 does not exist. Creating ...
2019-07-14 06:46:41,047 INFO  server.RaftServerConfigKeys (ConfUtils.java:logGet(43)) - raft.server.rpc.timeout.min = 5s (custom)
2019-07-14 06:46:41,047 INFO  server.RaftServerConfigKeys (ConfUtils.java:logGet(43)) - raft.server.rpc.timeout.max = 5200ms (custom)
2019-07-14 06:46:41,047 INFO  impl.RaftServerImpl (RaftServerImpl.java:<init>(93)) - 5fa73f57-633f-4a9e-be98-152ac70662dd: new RaftServerImpl for group-EB97A7CAAE95:[d1bc6e12-59df-498f-9de7-253310cec742:192.168.5.144:34018, 0600c2b4-e1a3-427a-9fdb-084c61ff69c5:192.168.5.144:43047, 5fa73f57-633f-4a9e-be98-152ac70662dd:192.168.5.144:32781] with ContainerStateMachine:uninitialized
2019-07-14 06:46:41,047 INFO  server.RaftServerConfigKeys (ConfUtils.java:logGet(43)) - raft.server.rpcslowness.timeout = 120s (custom)
2019-07-14 06:46:41,047 INFO  server.RaftServerConfigKeys (ConfUtils.java:logGet(43)) - raft.server.rpc.timeout.min = 5s (custom)
2019-07-14 06:46:41,047 INFO  server.RaftServerConfigKeys (ConfUtils.java:logGet(43)) - raft.server.sleep.deviation.threshold = 300 (default)
2019-07-14 06:46:41,047 INFO  server.RaftServerConfigKeys (ConfUtils.java:logGet(43)) - raft.server.rpc.timeout.max = 5200ms (custom)
2019-07-14 06:46:41,048 INFO  server.RaftServerConfigKeys (ConfUtils.java:logGet(43)) - raft.server.log.appender.install.snapshot.enabled = false (custom)
2019-07-14 06:46:41,048 INFO  server.RaftServerConfigKeys (ConfUtils.java:logGet(43)) - raft.server.rpcslowness.timeout = 120s (custom)
2019-07-14 06:46:41,048 INFO  impl.RaftServerImpl (ServerState.java:<init>(105)) - d1bc6e12-59df-498f-9de7-253310cec742:group-EB97A7CAAE95 ConfigurationManager, init=-1: [d1bc6e12-59df-498f-9de7-253310cec742:192.168.5.144:34018, 0600c2b4-e1a3-427a-9fdb-084c61ff69c5:192.168.5.144:43047, 5fa73f57-633f-4a9e-be98-152ac70662dd:192.168.5.144:32781], old=null, confs=<EMPTY_MAP>
2019-07-14 06:46:41,048 INFO  server.RaftServerConfigKeys (ConfUtils.java:logGet(43)) - raft.server.sleep.deviation.threshold = 300 (default)
2019-07-14 06:46:41,048 INFO  server.RaftServerConfigKeys (ConfUtils.java:logGet(43)) - raft.server.storage.dir = [/tmp/workdir/hadoop-ozone/integration-test/target/test-dir/MiniOzoneClusterImpl-8946ae17-0b67-4499-8112-9a6f091c9538/datanode-0/data/ratis] (custom)
2019-07-14 06:46:41,048 INFO  server.RaftServerConfigKeys (ConfUtils.java:logGet(43)) - raft.server.log.appender.install.snapshot.enabled = false (custom)
2019-07-14 06:46:41,049 INFO  impl.RaftServerImpl (ServerState.java:<init>(105)) - 5fa73f57-633f-4a9e-be98-152ac70662dd:group-EB97A7CAAE95 ConfigurationManager, init=-1: [d1bc6e12-59df-498f-9de7-253310cec742:192.168.5.144:34018, 0600c2b4-e1a3-427a-9fdb-084c61ff69c5:192.168.5.144:43047, 5fa73f57-633f-4a9e-be98-152ac70662dd:192.168.5.144:32781], old=null, confs=<EMPTY_MAP>
2019-07-14 06:46:41,049 INFO  storage.RaftStorageDirectory (RaftStorageDirectory.java:analyzeStorage(246)) - The storage directory /tmp/workdir/hadoop-ozone/integration-test/target/test-dir/MiniOzoneClusterImpl-8946ae17-0b67-4499-8112-9a6f091c9538/datanode-0/data/ratis/07cef996-f2d5-42ba-a83c-eb97a7caae95 does not exist. Creating ...
2019-07-14 06:46:41,049 INFO  server.RaftServerConfigKeys (ConfUtils.java:logGet(43)) - raft.server.storage.dir = [/tmp/workdir/hadoop-ozone/integration-test/target/test-dir/MiniOzoneClusterImpl-8946ae17-0b67-4499-8112-9a6f091c9538/datanode-1/data/ratis] (custom)
2019-07-14 06:46:41,049 INFO  storage.RaftStorageDirectory (RaftStorageDirectory.java:analyzeStorage(246)) - The storage directory /tmp/workdir/hadoop-ozone/integration-test/target/test-dir/MiniOzoneClusterImpl-8946ae17-0b67-4499-8112-9a6f091c9538/datanode-1/data/ratis/07cef996-f2d5-42ba-a83c-eb97a7caae95 does not exist. Creating ...
2019-07-14 06:46:41,059 INFO  storage.RaftStorageDirectory (RaftStorageDirectory.java:tryLock(328)) - Lock on /tmp/workdir/hadoop-ozone/integration-test/target/test-dir/MiniOzoneClusterImpl-8946ae17-0b67-4499-8112-9a6f091c9538/datanode-2/data/ratis/07cef996-f2d5-42ba-a83c-eb97a7caae95/in_use.lock acquired by nodename 28347@trunk-nightly-8c95p-1540871953
2019-07-14 06:46:41,059 INFO  storage.RaftStorageDirectory (RaftStorageDirectory.java:tryLock(328)) - Lock on /tmp/workdir/hadoop-ozone/integration-test/target/test-dir/MiniOzoneClusterImpl-8946ae17-0b67-4499-8112-9a6f091c9538/datanode-0/data/ratis/07cef996-f2d5-42ba-a83c-eb97a7caae95/in_use.lock acquired by nodename 28347@trunk-nightly-8c95p-1540871953
2019-07-14 06:46:41,059 INFO  storage.RaftStorageDirectory (RaftStorageDirectory.java:tryLock(328)) - Lock on /tmp/workdir/hadoop-ozone/integration-test/target/test-dir/MiniOzoneClusterImpl-8946ae17-0b67-4499-8112-9a6f091c9538/datanode-1/data/ratis/07cef996-f2d5-42ba-a83c-eb97a7caae95/in_use.lock acquired by nodename 28347@trunk-nightly-8c95p-1540871953
2019-07-14 06:46:41,072 INFO  storage.RaftStorage (RaftStorage.java:format(72)) - Storage directory /tmp/workdir/hadoop-ozone/integration-test/target/test-dir/MiniOzoneClusterImpl-8946ae17-0b67-4499-8112-9a6f091c9538/datanode-0/data/ratis/07cef996-f2d5-42ba-a83c-eb97a7caae95 has been successfully formatted.
2019-07-14 06:46:41,072 INFO  storage.RaftStorage (RaftStorage.java:format(72)) - Storage directory /tmp/workdir/hadoop-ozone/integration-test/target/test-dir/MiniOzoneClusterImpl-8946ae17-0b67-4499-8112-9a6f091c9538/datanode-2/data/ratis/07cef996-f2d5-42ba-a83c-eb97a7caae95 has been successfully formatted.
2019-07-14 06:46:41,072 INFO  storage.RaftStorage (RaftStorage.java:format(72)) - Storage directory /tmp/workdir/hadoop-ozone/integration-test/target/test-dir/MiniOzoneClusterImpl-8946ae17-0b67-4499-8112-9a6f091c9538/datanode-1/data/ratis/07cef996-f2d5-42ba-a83c-eb97a7caae95 has been successfully formatted.
2019-07-14 06:46:41,073 INFO  ratis.ContainerStateMachine (ContainerStateMachine.java:loadSnapshot(200)) - group-EB97A7CAAE95: The snapshot info is null. Setting the last applied indexto:(t:0, i:~)
2019-07-14 06:46:41,073 INFO  ratis.ContainerStateMachine (ContainerStateMachine.java:loadSnapshot(200)) - group-EB97A7CAAE95: The snapshot info is null. Setting the last applied indexto:(t:0, i:~)
2019-07-14 06:46:41,073 INFO  server.RaftServerConfigKeys (ConfUtils.java:logGet(43)) - raft.server.leader.election.timeout = 120s (custom)
2019-07-14 06:46:41,073 INFO  server.RaftServerConfigKeys (ConfUtils.java:logGet(43)) - raft.server.leader.election.timeout = 120s (custom)
2019-07-14 06:46:41,073 INFO  server.RaftServerConfigKeys (ConfUtils.java:logGet(43)) - raft.server.log.use.memory = false (default)
2019-07-14 06:46:41,073 INFO  server.RaftServerConfigKeys (ConfUtils.java:logGet(43)) - raft.server.log.use.memory = false (default)
2019-07-14 06:46:41,073 INFO  server.RaftServerConfigKeys (ConfUtils.java:logGet(43)) - raft.server.log.purge.gap = 1000000000 (custom)
2019-07-14 06:46:41,073 INFO  ratis.ContainerStateMachine (ContainerStateMachine.java:loadSnapshot(200)) - group-EB97A7CAAE95: The snapshot info is null. Setting the last applied indexto:(t:0, i:~)
2019-07-14 06:46:41,073 INFO  server.RaftServerConfigKeys (ConfUtils.java:logGet(43)) - raft.server.log.appender.buffer.byte-limit = 33554432 (custom)
2019-07-14 06:46:41,073 INFO  server.RaftServerConfigKeys (ConfUtils.java:logGet(43)) - raft.server.log.purge.gap = 1000000000 (custom)
2019-07-14 06:46:41,074 INFO  server.RaftServerConfigKeys (ConfUtils.java:logGet(43)) - raft.server.log.segment.size.max = 1048576 (custom)
2019-07-14 06:46:41,074 INFO  server.RaftServerConfigKeys (ConfUtils.java:logGet(43)) - raft.server.leader.election.timeout = 120s (custom)
2019-07-14 06:46:41,074 INFO  server.RaftServerConfigKeys (ConfUtils.java:logGet(43)) - raft.server.log.segment.cache.num.max = 2 (custom)
2019-07-14 06:46:41,074 INFO  server.RaftServerConfigKeys (ConfUtils.java:logGet(43)) - raft.server.log.appender.buffer.byte-limit = 33554432 (custom)
2019-07-14 06:46:41,074 INFO  segmented.SegmentedRaftLogWorker (SegmentedRaftLogWorker.java:<init>(172)) - new 0600c2b4-e1a3-427a-9fdb-084c61ff69c5-SegmentedRaftLogWorker:Storage Directory /tmp/workdir/hadoop-ozone/integration-test/target/test-dir/MiniOzoneClusterImpl-8946ae17-0b67-4499-8112-9a6f091c9538/datanode-2/data/ratis/07cef996-f2d5-42ba-a83c-eb97a7caae95 for RaftStorage:Storage Directory /tmp/workdir/hadoop-ozone/integration-test/target/test-dir/MiniOzoneClusterImpl-8946ae17-0b67-4499-8112-9a6f091c9538/datanode-2/data/ratis/07cef996-f2d5-42ba-a83c-eb97a7caae95
2019-07-14 06:46:41,074 INFO  server.RaftServerConfigKeys (ConfUtils.java:logGet(43)) - raft.server.log.use.memory = false (default)
2019-07-14 06:46:41,074 INFO  server.RaftServerConfigKeys (ConfUtils.java:logGet(43)) - raft.server.log.queue.byte-limit = 2147483647 (custom)
2019-07-14 06:46:41,074 INFO  server.RaftServerConfigKeys (ConfUtils.java:logGet(43)) - raft.server.log.segment.size.max = 1048576 (custom)
2019-07-14 06:46:41,079 INFO  server.RaftServerConfigKeys (ConfUtils.java:logGet(43)) - raft.server.log.queue.element-limit = 1024 (custom)
2019-07-14 06:46:41,074 INFO  server.RaftServerConfigKeys (ConfUtils.java:logGet(43)) - raft.server.log.purge.gap = 1000000000 (custom)
2019-07-14 06:46:41,079 INFO  server.RaftServerConfigKeys (ConfUtils.java:logGet(43)) - raft.server.log.segment.size.max = 1048576 (custom)
2019-07-14 06:46:41,079 INFO  server.RaftServerConfigKeys (ConfUtils.java:logGet(43)) - raft.server.log.segment.cache.num.max = 2 (custom)
2019-07-14 06:46:41,080 INFO  server.RaftServerConfigKeys (ConfUtils.java:logGet(43)) - raft.server.log.preallocated.size = 16384 (custom)
2019-07-14 06:46:41,080 INFO  server.RaftServerConfigKeys (ConfUtils.java:logGet(43)) - raft.server.log.write.buffer.size = 33554432 (custom)
2019-07-14 06:46:41,080 INFO  server.RaftServerConfigKeys (ConfUtils.java:logGet(43)) - raft.server.log.appender.buffer.byte-limit = 33554432 (custom)
2019-07-14 06:46:41,080 INFO  server.RaftServerConfigKeys (ConfUtils.java:logGet(43)) - raft.server.log.force.sync.num = 128 (default)
2019-07-14 06:46:41,080 INFO  segmented.SegmentedRaftLogWorker (SegmentedRaftLogWorker.java:<init>(172)) - new d1bc6e12-59df-498f-9de7-253310cec742-SegmentedRaftLogWorker:Storage Directory /tmp/workdir/hadoop-ozone/integration-test/target/test-dir/MiniOzoneClusterImpl-8946ae17-0b67-4499-8112-9a6f091c9538/datanode-0/data/ratis/07cef996-f2d5-42ba-a83c-eb97a7caae95 for RaftStorage:Storage Directory /tmp/workdir/hadoop-ozone/integration-test/target/test-dir/MiniOzoneClusterImpl-8946ae17-0b67-4499-8112-9a6f091c9538/datanode-0/data/ratis/07cef996-f2d5-42ba-a83c-eb97a7caae95
2019-07-14 06:46:41,080 INFO  server.RaftServerConfigKeys (ConfUtils.java:logGet(43)) - raft.server.log.statemachine.data.sync = true (default)
2019-07-14 06:46:41,080 INFO  server.RaftServerConfigKeys (ConfUtils.java:logGet(43)) - raft.server.log.segment.size.max = 1048576 (custom)
2019-07-14 06:46:41,080 INFO  server.RaftServerConfigKeys (ConfUtils.java:logGet(43)) - raft.server.log.statemachine.data.sync.timeout = 10s (default)
2019-07-14 06:46:41,084 INFO  server.RaftServerConfigKeys (ConfUtils.java:logGet(43)) - raft.server.log.statemachine.data.sync.timeout.retry = -1 (default)
2019-07-14 06:46:41,080 INFO  server.RaftServerConfigKeys (ConfUtils.java:logGet(43)) - raft.server.log.queue.byte-limit = 2147483647 (custom)
2019-07-14 06:46:41,084 INFO  server.RaftServerConfigKeys (ConfUtils.java:logGet(43)) - raft.server.log.statemachine.data.caching.enabled = true (custom)
2019-07-14 06:46:41,084 INFO  server.RaftServerConfigKeys (ConfUtils.java:logGet(43)) - raft.server.log.segment.cache.num.max = 2 (custom)
2019-07-14 06:46:41,085 INFO  segmented.SegmentedRaftLogWorker (SegmentedRaftLogWorker.java:lambda$new$0(132)) - 0600c2b4-e1a3-427a-9fdb-084c61ff69c5-SegmentedRaftLogWorker:Storage Directory /tmp/workdir/hadoop-ozone/integration-test/target/test-dir/MiniOzoneClusterImpl-8946ae17-0b67-4499-8112-9a6f091c9538/datanode-2/data/ratis/07cef996-f2d5-42ba-a83c-eb97a7caae95: flushIndex: setUnconditionally 0 -> -1
2019-07-14 06:46:41,085 INFO  server.RaftServerConfigKeys (ConfUtils.java:logGet(43)) - raft.server.log.queue.element-limit = 1024 (custom)
2019-07-14 06:46:41,085 INFO  segmented.SegmentedRaftLogWorker (SegmentedRaftLogWorker.java:<init>(172)) - new 5fa73f57-633f-4a9e-be98-152ac70662dd-SegmentedRaftLogWorker:Storage Directory /tmp/workdir/hadoop-ozone/integration-test/target/test-dir/MiniOzoneClusterImpl-8946ae17-0b67-4499-8112-9a6f091c9538/datanode-1/data/ratis/07cef996-f2d5-42ba-a83c-eb97a7caae95 for RaftStorage:Storage Directory /tmp/workdir/hadoop-ozone/integration-test/target/test-dir/MiniOzoneClusterImpl-8946ae17-0b67-4499-8112-9a6f091c9538/datanode-1/data/ratis/07cef996-f2d5-42ba-a83c-eb97a7caae95
2019-07-14 06:46:41,085 INFO  server.RaftServerConfigKeys (ConfUtils.java:logGet(43)) - raft.server.log.segment.size.max = 1048576 (custom)
2019-07-14 06:46:41,085 INFO  server.RaftServerConfigKeys (ConfUtils.java:logGet(43)) - raft.server.snapshot.auto.trigger.enabled = true (custom)
2019-07-14 06:46:41,085 INFO  server.RaftServerConfigKeys (ConfUtils.java:logGet(43)) - raft.server.log.preallocated.size = 16384 (custom)
2019-07-14 06:46:41,085 INFO  server.RaftServerConfigKeys (ConfUtils.java:logGet(43)) - raft.server.log.queue.byte-limit = 2147483647 (custom)
2019-07-14 06:46:41,089 INFO  server.RaftServerConfigKeys (ConfUtils.java:logGet(43)) - raft.server.log.write.buffer.size = 33554432 (custom)
2019-07-14 06:46:41,089 INFO  server.RaftServerConfigKeys (ConfUtils.java:logGet(43)) - raft.server.snapshot.auto.trigger.threshold = 10000 (custom)
2019-07-14 06:46:41,089 INFO  server.RaftServerConfigKeys (ConfUtils.java:logGet(43)) - raft.server.log.force.sync.num = 128 (default)
2019-07-14 06:46:41,089 INFO  server.RaftServerConfigKeys (ConfUtils.java:logGet(43)) - raft.server.log.queue.element-limit = 1024 (custom)
2019-07-14 06:46:41,090 INFO  server.RaftServerConfigKeys (ConfUtils.java:logGet(43)) - raft.server.log.statemachine.data.sync = true (default)
2019-07-14 06:46:41,090 INFO  server.RaftServerConfigKeys (ConfUtils.java:logGet(43)) - raft.server.retrycache.expirytime = 600000ms (custom)
2019-07-14 06:46:41,090 INFO  server.RaftServerConfigKeys (ConfUtils.java:logGet(43)) - raft.server.log.statemachine.data.sync.timeout = 10s (default)
2019-07-14 06:46:41,090 INFO  server.RaftServerConfigKeys (ConfUtils.java:logGet(43)) - raft.server.log.segment.size.max = 1048576 (custom)
2019-07-14 06:46:41,090 INFO  server.RaftServerConfigKeys (ConfUtils.java:logGet(43)) - raft.server.log.statemachine.data.sync.timeout.retry = -1 (default)
2019-07-14 06:46:41,090 INFO  impl.RaftServerImpl (RaftServerImpl.java:start(180)) - 0600c2b4-e1a3-427a-9fdb-084c61ff69c5: start group-EB97A7CAAE95
2019-07-14 06:46:41,090 INFO  server.RaftServerConfigKeys (ConfUtils.java:logGet(43)) - raft.server.log.statemachine.data.caching.enabled = true (custom)
2019-07-14 06:46:41,090 INFO  impl.RaftServerImpl (RaftServerImpl.java:setRole(171)) - 0600c2b4-e1a3-427a-9fdb-084c61ff69c5:group-EB97A7CAAE95 changes role from null to FOLLOWER at term 0 for startAsFollower
2019-07-14 06:46:41,090 INFO  server.RaftServerConfigKeys (ConfUtils.java:logGet(43)) - raft.server.log.preallocated.size = 16384 (custom)
2019-07-14 06:46:41,091 INFO  impl.RoleInfo (RoleInfo.java:updateAndGet(143)) - 0600c2b4-e1a3-427a-9fdb-084c61ff69c5: start FollowerState
2019-07-14 06:46:41,091 INFO  server.RaftServerConfigKeys (ConfUtils.java:logGet(43)) - raft.server.log.write.buffer.size = 33554432 (custom)
2019-07-14 06:46:41,091 INFO  segmented.SegmentedRaftLogWorker (SegmentedRaftLogWorker.java:lambda$new$0(132)) - d1bc6e12-59df-498f-9de7-253310cec742-SegmentedRaftLogWorker:Storage Directory /tmp/workdir/hadoop-ozone/integration-test/target/test-dir/MiniOzoneClusterImpl-8946ae17-0b67-4499-8112-9a6f091c9538/datanode-0/data/ratis/07cef996-f2d5-42ba-a83c-eb97a7caae95: flushIndex: setUnconditionally 0 -> -1
2019-07-14 06:46:41,091 INFO  server.RaftServerConfigKeys (ConfUtils.java:logGet(43)) - raft.server.log.force.sync.num = 128 (default)
2019-07-14 06:46:41,091 INFO  util.JmxRegister (JmxRegister.java:tryRegister(44)) - Successfully registered JMX Bean with object name Ratis:service=RaftServer,group=group-EB97A7CAAE95,id=0600c2b4-e1a3-427a-9fdb-084c61ff69c5
2019-07-14 06:46:41,091 INFO  server.RaftServerConfigKeys (ConfUtils.java:logGet(43)) - raft.server.snapshot.auto.trigger.enabled = true (custom)
2019-07-14 06:46:41,091 INFO  server.RaftServerConfigKeys (ConfUtils.java:logGet(43)) - raft.server.log.statemachine.data.sync = true (default)
2019-07-14 06:46:41,091 INFO  server.RaftServerConfigKeys (ConfUtils.java:logGet(43)) - raft.server.snapshot.auto.trigger.threshold = 10000 (custom)
2019-07-14 06:46:41,092 INFO  server.RaftServerConfigKeys (ConfUtils.java:logGet(43)) - raft.server.log.statemachine.data.sync.timeout = 10s (default)
2019-07-14 06:46:41,092 INFO  server.RaftServerConfigKeys (ConfUtils.java:logGet(43)) - raft.server.retrycache.expirytime = 600000ms (custom)
2019-07-14 06:46:41,092 INFO  server.RaftServerConfigKeys (ConfUtils.java:logGet(43)) - raft.server.log.statemachine.data.sync.timeout.retry = -1 (default)
2019-07-14 06:46:41,092 INFO  impl.RaftServerImpl (RaftServerImpl.java:start(180)) - d1bc6e12-59df-498f-9de7-253310cec742: start group-EB97A7CAAE95
2019-07-14 06:46:41,092 INFO  server.RaftServerConfigKeys (ConfUtils.java:logGet(43)) - raft.server.log.statemachine.data.caching.enabled = true (custom)
2019-07-14 06:46:41,092 INFO  impl.RaftServerImpl (RaftServerImpl.java:setRole(171)) - d1bc6e12-59df-498f-9de7-253310cec742:group-EB97A7CAAE95 changes role from null to FOLLOWER at term 0 for startAsFollower
2019-07-14 06:46:41,092 INFO  impl.RoleInfo (RoleInfo.java:updateAndGet(143)) - d1bc6e12-59df-498f-9de7-253310cec742: start FollowerState
2019-07-14 06:46:41,092 INFO  segmented.SegmentedRaftLogWorker (SegmentedRaftLogWorker.java:lambda$new$0(132)) - 5fa73f57-633f-4a9e-be98-152ac70662dd-SegmentedRaftLogWorker:Storage Directory /tmp/workdir/hadoop-ozone/integration-test/target/test-dir/MiniOzoneClusterImpl-8946ae17-0b67-4499-8112-9a6f091c9538/datanode-1/data/ratis/07cef996-f2d5-42ba-a83c-eb97a7caae95: flushIndex: setUnconditionally 0 -> -1
2019-07-14 06:46:41,096 INFO  util.JmxRegister (JmxRegister.java:tryRegister(44)) - Successfully registered JMX Bean with object name Ratis:service=RaftServer,group=group-EB97A7CAAE95,id=d1bc6e12-59df-498f-9de7-253310cec742
2019-07-14 06:46:41,097 INFO  server.RaftServerConfigKeys (ConfUtils.java:logGet(43)) - raft.server.snapshot.auto.trigger.enabled = true (custom)
2019-07-14 06:46:41,097 INFO  server.RaftServerConfigKeys (ConfUtils.java:logGet(43)) - raft.server.snapshot.auto.trigger.threshold = 10000 (custom)
2019-07-14 06:46:41,097 INFO  server.RaftServerConfigKeys (ConfUtils.java:logGet(43)) - raft.server.retrycache.expirytime = 600000ms (custom)
2019-07-14 06:46:41,097 INFO  impl.RaftServerImpl (RaftServerImpl.java:start(180)) - 5fa73f57-633f-4a9e-be98-152ac70662dd: start group-EB97A7CAAE95
2019-07-14 06:46:41,097 INFO  impl.RaftServerImpl (RaftServerImpl.java:setRole(171)) - 5fa73f57-633f-4a9e-be98-152ac70662dd:group-EB97A7CAAE95 changes role from null to FOLLOWER at term 0 for startAsFollower
2019-07-14 06:46:41,098 INFO  impl.RoleInfo (RoleInfo.java:updateAndGet(143)) - 5fa73f57-633f-4a9e-be98-152ac70662dd: start FollowerState
2019-07-14 06:46:41,102 INFO  util.JmxRegister (JmxRegister.java:tryRegister(44)) - Successfully registered JMX Bean with object name Ratis:service=RaftServer,group=group-EB97A7CAAE95,id=5fa73f57-633f-4a9e-be98-152ac70662dd
2019-07-14 06:46:41,108 INFO  pipeline.PipelineStateManager (PipelineStateManager.java:addPipeline(56)) - Created pipeline Pipeline[ Id: 07cef996-f2d5-42ba-a83c-eb97a7caae95, Nodes: 0600c2b4-e1a3-427a-9fdb-084c61ff69c5{ip: 192.168.5.144, host: trunk-nightly-8c95p-1540871953, networkLocation: /default-rack, certSerialId: null}d1bc6e12-59df-498f-9de7-253310cec742{ip: 192.168.5.144, host: trunk-nightly-8c95p-1540871953, networkLocation: /default-rack, certSerialId: null}5fa73f57-633f-4a9e-be98-152ac70662dd{ip: 192.168.5.144, host: trunk-nightly-8c95p-1540871953, networkLocation: /default-rack, certSerialId: null}, Type:RATIS, Factor:THREE, State:OPEN]
2019-07-14 06:46:41,147 INFO  node.SCMNodeManager (SCMNodeManager.java:register(269)) - Registered Data node : f267d4b1-2568-4011-9b66-4aa82a3a0a4e{ip: 192.168.5.144, host: trunk-nightly-8c95p-1540871953, networkLocation: /default-rack, certSerialId: null}
2019-07-14 06:46:41,165 INFO  impl.RaftServerProxy (RaftServerProxy.java:addNew(89)) - f267d4b1-2568-4011-9b66-4aa82a3a0a4e: addNew group-7E91DE0D334C:[f267d4b1-2568-4011-9b66-4aa82a3a0a4e:192.168.5.144:46489] returns group-7E91DE0D334C:java.util.concurrent.CompletableFuture@1e208fac[Not completed]
2019-07-14 06:46:41,181 INFO  impl.RaftServerImpl (RaftServerImpl.java:<init>(93)) - f267d4b1-2568-4011-9b66-4aa82a3a0a4e: new RaftServerImpl for group-7E91DE0D334C:[f267d4b1-2568-4011-9b66-4aa82a3a0a4e:192.168.5.144:46489] with ContainerStateMachine:uninitialized
2019-07-14 06:46:41,181 INFO  server.RaftServerConfigKeys (ConfUtils.java:logGet(43)) - raft.server.rpc.timeout.min = 5s (custom)
2019-07-14 06:46:41,181 INFO  server.RaftServerConfigKeys (ConfUtils.java:logGet(43)) - raft.server.rpc.timeout.max = 5200ms (custom)
2019-07-14 06:46:41,182 INFO  server.RaftServerConfigKeys (ConfUtils.java:logGet(43)) - raft.server.rpcslowness.timeout = 120s (custom)
2019-07-14 06:46:41,182 INFO  server.RaftServerConfigKeys (ConfUtils.java:logGet(43)) - raft.server.sleep.deviation.threshold = 300 (default)
2019-07-14 06:46:41,182 INFO  server.RaftServerConfigKeys (ConfUtils.java:logGet(43)) - raft.server.log.appender.install.snapshot.enabled = false (custom)
2019-07-14 06:46:41,182 INFO  impl.RaftServerImpl (ServerState.java:<init>(105)) - f267d4b1-2568-4011-9b66-4aa82a3a0a4e:group-7E91DE0D334C ConfigurationManager, init=-1: [f267d4b1-2568-4011-9b66-4aa82a3a0a4e:192.168.5.144:46489], old=null, confs=<EMPTY_MAP>
2019-07-14 06:46:41,182 INFO  server.RaftServerConfigKeys (ConfUtils.java:logGet(43)) - raft.server.storage.dir = [/tmp/workdir/hadoop-ozone/integration-test/target/test-dir/MiniOzoneClusterImpl-8946ae17-0b67-4499-8112-9a6f091c9538/datanode-3/data/ratis] (custom)
2019-07-14 06:46:41,183 INFO  storage.RaftStorageDirectory (RaftStorageDirectory.java:analyzeStorage(246)) - The storage directory /tmp/workdir/hadoop-ozone/integration-test/target/test-dir/MiniOzoneClusterImpl-8946ae17-0b67-4499-8112-9a6f091c9538/datanode-3/data/ratis/71b2c828-cc3c-4c47-9da0-7e91de0d334c does not exist. Creating ...
2019-07-14 06:46:41,195 INFO  storage.RaftStorageDirectory (RaftStorageDirectory.java:tryLock(328)) - Lock on /tmp/workdir/hadoop-ozone/integration-test/target/test-dir/MiniOzoneClusterImpl-8946ae17-0b67-4499-8112-9a6f091c9538/datanode-3/data/ratis/71b2c828-cc3c-4c47-9da0-7e91de0d334c/in_use.lock acquired by nodename 28347@trunk-nightly-8c95p-1540871953
2019-07-14 06:46:41,198 INFO  storage.RaftStorage (RaftStorage.java:format(72)) - Storage directory /tmp/workdir/hadoop-ozone/integration-test/target/test-dir/MiniOzoneClusterImpl-8946ae17-0b67-4499-8112-9a6f091c9538/datanode-3/data/ratis/71b2c828-cc3c-4c47-9da0-7e91de0d334c has been successfully formatted.
2019-07-14 06:46:41,199 INFO  ratis.ContainerStateMachine (ContainerStateMachine.java:loadSnapshot(200)) - group-7E91DE0D334C: The snapshot info is null. Setting the last applied indexto:(t:0, i:~)
2019-07-14 06:46:41,199 INFO  server.RaftServerConfigKeys (ConfUtils.java:logGet(43)) - raft.server.leader.election.timeout = 120s (custom)
2019-07-14 06:46:41,199 INFO  server.RaftServerConfigKeys (ConfUtils.java:logGet(43)) - raft.server.log.use.memory = false (default)
2019-07-14 06:46:41,199 INFO  server.RaftServerConfigKeys (ConfUtils.java:logGet(43)) - raft.server.log.purge.gap = 1000000000 (custom)
2019-07-14 06:46:41,199 INFO  server.RaftServerConfigKeys (ConfUtils.java:logGet(43)) - raft.server.log.appender.buffer.byte-limit = 33554432 (custom)
2019-07-14 06:46:41,199 INFO  server.RaftServerConfigKeys (ConfUtils.java:logGet(43)) - raft.server.log.segment.size.max = 1048576 (custom)
2019-07-14 06:46:41,199 INFO  server.RaftServerConfigKeys (ConfUtils.java:logGet(43)) - raft.server.log.segment.cache.num.max = 2 (custom)
2019-07-14 06:46:41,200 INFO  segmented.SegmentedRaftLogWorker (SegmentedRaftLogWorker.java:<init>(172)) - new f267d4b1-2568-4011-9b66-4aa82a3a0a4e-SegmentedRaftLogWorker:Storage Directory /tmp/workdir/hadoop-ozone/integration-test/target/test-dir/MiniOzoneClusterImpl-8946ae17-0b67-4499-8112-9a6f091c9538/datanode-3/data/ratis/71b2c828-cc3c-4c47-9da0-7e91de0d334c for RaftStorage:Storage Directory /tmp/workdir/hadoop-ozone/integration-test/target/test-dir/MiniOzoneClusterImpl-8946ae17-0b67-4499-8112-9a6f091c9538/datanode-3/data/ratis/71b2c828-cc3c-4c47-9da0-7e91de0d334c
2019-07-14 06:46:41,200 INFO  server.RaftServerConfigKeys (ConfUtils.java:logGet(43)) - raft.server.log.queue.byte-limit = 2147483647 (custom)
2019-07-14 06:46:41,200 INFO  server.RaftServerConfigKeys (ConfUtils.java:logGet(43)) - raft.server.log.queue.element-limit = 1024 (custom)
2019-07-14 06:46:41,200 INFO  server.RaftServerConfigKeys (ConfUtils.java:logGet(43)) - raft.server.log.segment.size.max = 1048576 (custom)
2019-07-14 06:46:41,200 INFO  server.RaftServerConfigKeys (ConfUtils.java:logGet(43)) - raft.server.log.preallocated.size = 16384 (custom)
2019-07-14 06:46:41,200 INFO  server.RaftServerConfigKeys (ConfUtils.java:logGet(43)) - raft.server.log.write.buffer.size = 33554432 (custom)
2019-07-14 06:46:41,201 INFO  server.RaftServerConfigKeys (ConfUtils.java:logGet(43)) - raft.server.log.force.sync.num = 128 (default)
2019-07-14 06:46:41,201 INFO  server.RaftServerConfigKeys (ConfUtils.java:logGet(43)) - raft.server.log.statemachine.data.sync = true (default)
2019-07-14 06:46:41,201 INFO  server.RaftServerConfigKeys (ConfUtils.java:logGet(43)) - raft.server.log.statemachine.data.sync.timeout = 10s (default)
2019-07-14 06:46:41,201 INFO  server.RaftServerConfigKeys (ConfUtils.java:logGet(43)) - raft.server.log.statemachine.data.sync.timeout.retry = -1 (default)
2019-07-14 06:46:41,201 INFO  server.RaftServerConfigKeys (ConfUtils.java:logGet(43)) - raft.server.log.statemachine.data.caching.enabled = true (custom)
2019-07-14 06:46:41,202 INFO  segmented.SegmentedRaftLogWorker (SegmentedRaftLogWorker.java:lambda$new$0(132)) - f267d4b1-2568-4011-9b66-4aa82a3a0a4e-SegmentedRaftLogWorker:Storage Directory /tmp/workdir/hadoop-ozone/integration-test/target/test-dir/MiniOzoneClusterImpl-8946ae17-0b67-4499-8112-9a6f091c9538/datanode-3/data/ratis/71b2c828-cc3c-4c47-9da0-7e91de0d334c: flushIndex: setUnconditionally 0 -> -1
2019-07-14 06:46:41,202 INFO  server.RaftServerConfigKeys (ConfUtils.java:logGet(43)) - raft.server.snapshot.auto.trigger.enabled = true (custom)
2019-07-14 06:46:41,202 INFO  server.RaftServerConfigKeys (ConfUtils.java:logGet(43)) - raft.server.snapshot.auto.trigger.threshold = 10000 (custom)
2019-07-14 06:46:41,202 INFO  server.RaftServerConfigKeys (ConfUtils.java:logGet(43)) - raft.server.retrycache.expirytime = 600000ms (custom)
2019-07-14 06:46:41,203 INFO  impl.RaftServerImpl (RaftServerImpl.java:start(180)) - f267d4b1-2568-4011-9b66-4aa82a3a0a4e: start group-7E91DE0D334C
2019-07-14 06:46:41,203 INFO  impl.RaftServerImpl (RaftServerImpl.java:setRole(171)) - f267d4b1-2568-4011-9b66-4aa82a3a0a4e:group-7E91DE0D334C changes role from null to FOLLOWER at term 0 for startAsFollower
2019-07-14 06:46:41,203 INFO  impl.RoleInfo (RoleInfo.java:updateAndGet(143)) - f267d4b1-2568-4011-9b66-4aa82a3a0a4e: start FollowerState
2019-07-14 06:46:41,217 INFO  util.JmxRegister (JmxRegister.java:tryRegister(44)) - Successfully registered JMX Bean with object name Ratis:service=RaftServer,group=group-7E91DE0D334C,id=f267d4b1-2568-4011-9b66-4aa82a3a0a4e
2019-07-14 06:46:41,236 INFO  pipeline.PipelineStateManager (PipelineStateManager.java:addPipeline(56)) - Created pipeline Pipeline[ Id: 71b2c828-cc3c-4c47-9da0-7e91de0d334c, Nodes: f267d4b1-2568-4011-9b66-4aa82a3a0a4e{ip: 192.168.5.144, host: trunk-nightly-8c95p-1540871953, networkLocation: /default-rack, certSerialId: null}, Type:RATIS, Factor:ONE, State:OPEN]
2019-07-14 06:46:41,350 INFO  node.SCMNodeManager (SCMNodeManager.java:register(269)) - Registered Data node : 91194d66-7a62-4998-bfb7-ea7f33086451{ip: 192.168.5.144, host: trunk-nightly-8c95p-1540871953, networkLocation: /default-rack, certSerialId: null}
2019-07-14 06:46:41,387 INFO  impl.RaftServerProxy (RaftServerProxy.java:addNew(89)) - 91194d66-7a62-4998-bfb7-ea7f33086451: addNew group-BF56618940DD:[91194d66-7a62-4998-bfb7-ea7f33086451:192.168.5.144:42246] returns group-BF56618940DD:java.util.concurrent.CompletableFuture@23189b60[Not completed]
2019-07-14 06:46:41,389 INFO  impl.RaftServerImpl (RaftServerImpl.java:<init>(93)) - 91194d66-7a62-4998-bfb7-ea7f33086451: new RaftServerImpl for group-BF56618940DD:[91194d66-7a62-4998-bfb7-ea7f33086451:192.168.5.144:42246] with ContainerStateMachine:uninitialized
2019-07-14 06:46:41,389 INFO  server.RaftServerConfigKeys (ConfUtils.java:logGet(43)) - raft.server.rpc.timeout.min = 5s (custom)
2019-07-14 06:46:41,389 INFO  server.RaftServerConfigKeys (ConfUtils.java:logGet(43)) - raft.server.rpc.timeout.max = 5200ms (custom)
2019-07-14 06:46:41,389 INFO  server.RaftServerConfigKeys (ConfUtils.java:logGet(43)) - raft.server.rpcslowness.timeout = 120s (custom)
2019-07-14 06:46:41,389 INFO  server.RaftServerConfigKeys (ConfUtils.java:logGet(43)) - raft.server.sleep.deviation.threshold = 300 (default)
2019-07-14 06:46:41,389 INFO  server.RaftServerConfigKeys (ConfUtils.java:logGet(43)) - raft.server.log.appender.install.snapshot.enabled = false (custom)
2019-07-14 06:46:41,390 INFO  impl.RaftServerImpl (ServerState.java:<init>(105)) - 91194d66-7a62-4998-bfb7-ea7f33086451:group-BF56618940DD ConfigurationManager, init=-1: [91194d66-7a62-4998-bfb7-ea7f33086451:192.168.5.144:42246], old=null, confs=<EMPTY_MAP>
2019-07-14 06:46:41,390 INFO  server.RaftServerConfigKeys (ConfUtils.java:logGet(43)) - raft.server.storage.dir = [/tmp/workdir/hadoop-ozone/integration-test/target/test-dir/MiniOzoneClusterImpl-8946ae17-0b67-4499-8112-9a6f091c9538/datanode-4/data/ratis] (custom)
2019-07-14 06:46:41,390 INFO  storage.RaftStorageDirectory (RaftStorageDirectory.java:analyzeStorage(246)) - The storage directory /tmp/workdir/hadoop-ozone/integration-test/target/test-dir/MiniOzoneClusterImpl-8946ae17-0b67-4499-8112-9a6f091c9538/datanode-4/data/ratis/a8981e38-ae53-4268-98e1-bf56618940dd does not exist. Creating ...
2019-07-14 06:46:41,404 INFO  storage.RaftStorageDirectory (RaftStorageDirectory.java:tryLock(328)) - Lock on /tmp/workdir/hadoop-ozone/integration-test/target/test-dir/MiniOzoneClusterImpl-8946ae17-0b67-4499-8112-9a6f091c9538/datanode-4/data/ratis/a8981e38-ae53-4268-98e1-bf56618940dd/in_use.lock acquired by nodename 28347@trunk-nightly-8c95p-1540871953
2019-07-14 06:46:41,415 INFO  storage.RaftStorage (RaftStorage.java:format(72)) - Storage directory /tmp/workdir/hadoop-ozone/integration-test/target/test-dir/MiniOzoneClusterImpl-8946ae17-0b67-4499-8112-9a6f091c9538/datanode-4/data/ratis/a8981e38-ae53-4268-98e1-bf56618940dd has been successfully formatted.
2019-07-14 06:46:41,416 INFO  ratis.ContainerStateMachine (ContainerStateMachine.java:loadSnapshot(200)) - group-BF56618940DD: The snapshot info is null. Setting the last applied indexto:(t:0, i:~)
2019-07-14 06:46:41,416 INFO  server.RaftServerConfigKeys (ConfUtils.java:logGet(43)) - raft.server.leader.election.timeout = 120s (custom)
2019-07-14 06:46:41,416 INFO  server.RaftServerConfigKeys (ConfUtils.java:logGet(43)) - raft.server.log.use.memory = false (default)
2019-07-14 06:46:41,416 INFO  server.RaftServerConfigKeys (ConfUtils.java:logGet(43)) - raft.server.log.purge.gap = 1000000000 (custom)
2019-07-14 06:46:41,417 INFO  server.RaftServerConfigKeys (ConfUtils.java:logGet(43)) - raft.server.log.appender.buffer.byte-limit = 33554432 (custom)
2019-07-14 06:46:41,417 INFO  server.RaftServerConfigKeys (ConfUtils.java:logGet(43)) - raft.server.log.segment.size.max = 1048576 (custom)
2019-07-14 06:46:41,417 INFO  server.RaftServerConfigKeys (ConfUtils.java:logGet(43)) - raft.server.log.segment.cache.num.max = 2 (custom)
2019-07-14 06:46:41,417 INFO  segmented.SegmentedRaftLogWorker (SegmentedRaftLogWorker.java:<init>(172)) - new 91194d66-7a62-4998-bfb7-ea7f33086451-SegmentedRaftLogWorker:Storage Directory /tmp/workdir/hadoop-ozone/integration-test/target/test-dir/MiniOzoneClusterImpl-8946ae17-0b67-4499-8112-9a6f091c9538/datanode-4/data/ratis/a8981e38-ae53-4268-98e1-bf56618940dd for RaftStorage:Storage Directory /tmp/workdir/hadoop-ozone/integration-test/target/test-dir/MiniOzoneClusterImpl-8946ae17-0b67-4499-8112-9a6f091c9538/datanode-4/data/ratis/a8981e38-ae53-4268-98e1-bf56618940dd
2019-07-14 06:46:41,418 INFO  server.RaftServerConfigKeys (ConfUtils.java:logGet(43)) - raft.server.log.queue.byte-limit = 2147483647 (custom)
2019-07-14 06:46:41,418 INFO  server.RaftServerConfigKeys (ConfUtils.java:logGet(43)) - raft.server.log.queue.element-limit = 1024 (custom)
2019-07-14 06:46:41,418 INFO  server.RaftServerConfigKeys (ConfUtils.java:logGet(43)) - raft.server.log.segment.size.max = 1048576 (custom)
2019-07-14 06:46:41,418 INFO  server.RaftServerConfigKeys (ConfUtils.java:logGet(43)) - raft.server.log.preallocated.size = 16384 (custom)
2019-07-14 06:46:41,419 INFO  server.RaftServerConfigKeys (ConfUtils.java:logGet(43)) - raft.server.log.write.buffer.size = 33554432 (custom)
2019-07-14 06:46:41,419 INFO  server.RaftServerConfigKeys (ConfUtils.java:logGet(43)) - raft.server.log.force.sync.num = 128 (default)
2019-07-14 06:46:41,419 INFO  server.RaftServerConfigKeys (ConfUtils.java:logGet(43)) - raft.server.log.statemachine.data.sync = true (default)
2019-07-14 06:46:41,419 INFO  server.RaftServerConfigKeys (ConfUtils.java:logGet(43)) - raft.server.log.statemachine.data.sync.timeout = 10s (default)
2019-07-14 06:46:41,420 INFO  server.RaftServerConfigKeys (ConfUtils.java:logGet(43)) - raft.server.log.statemachine.data.sync.timeout.retry = -1 (default)
2019-07-14 06:46:41,420 INFO  server.RaftServerConfigKeys (ConfUtils.java:logGet(43)) - raft.server.log.statemachine.data.caching.enabled = true (custom)
2019-07-14 06:46:41,420 INFO  segmented.SegmentedRaftLogWorker (SegmentedRaftLogWorker.java:lambda$new$0(132)) - 91194d66-7a62-4998-bfb7-ea7f33086451-SegmentedRaftLogWorker:Storage Directory /tmp/workdir/hadoop-ozone/integration-test/target/test-dir/MiniOzoneClusterImpl-8946ae17-0b67-4499-8112-9a6f091c9538/datanode-4/data/ratis/a8981e38-ae53-4268-98e1-bf56618940dd: flushIndex: setUnconditionally 0 -> -1
2019-07-14 06:46:41,421 INFO  server.RaftServerConfigKeys (ConfUtils.java:logGet(43)) - raft.server.snapshot.auto.trigger.enabled = true (custom)
2019-07-14 06:46:41,421 INFO  server.RaftServerConfigKeys (ConfUtils.java:logGet(43)) - raft.server.snapshot.auto.trigger.threshold = 10000 (custom)
2019-07-14 06:46:41,421 INFO  server.RaftServerConfigKeys (ConfUtils.java:logGet(43)) - raft.server.retrycache.expirytime = 600000ms (custom)
2019-07-14 06:46:41,421 INFO  impl.RaftServerImpl (RaftServerImpl.java:start(180)) - 91194d66-7a62-4998-bfb7-ea7f33086451: start group-BF56618940DD
2019-07-14 06:46:41,421 INFO  impl.RaftServerImpl (RaftServerImpl.java:setRole(171)) - 91194d66-7a62-4998-bfb7-ea7f33086451:group-BF56618940DD changes role from null to FOLLOWER at term 0 for startAsFollower
2019-07-14 06:46:41,421 INFO  impl.RoleInfo (RoleInfo.java:updateAndGet(143)) - 91194d66-7a62-4998-bfb7-ea7f33086451: start FollowerState
2019-07-14 06:46:41,422 INFO  util.JmxRegister (JmxRegister.java:tryRegister(44)) - Successfully registered JMX Bean with object name Ratis:service=RaftServer,group=group-BF56618940DD,id=91194d66-7a62-4998-bfb7-ea7f33086451
2019-07-14 06:46:41,430 INFO  pipeline.PipelineStateManager (PipelineStateManager.java:addPipeline(56)) - Created pipeline Pipeline[ Id: a8981e38-ae53-4268-98e1-bf56618940dd, Nodes: 91194d66-7a62-4998-bfb7-ea7f33086451{ip: 192.168.5.144, host: trunk-nightly-8c95p-1540871953, networkLocation: /default-rack, certSerialId: null}, Type:RATIS, Factor:ONE, State:OPEN]
2019-07-14 06:46:41,576 INFO  node.SCMNodeManager (SCMNodeManager.java:register(269)) - Registered Data node : 7e24bf05-37da-4066-862a-b09707422cd3{ip: 192.168.5.144, host: trunk-nightly-8c95p-1540871953, networkLocation: /default-rack, certSerialId: null}
2019-07-14 06:46:41,601 INFO  impl.RaftServerProxy (RaftServerProxy.java:addNew(89)) - 7e24bf05-37da-4066-862a-b09707422cd3: addNew group-D856DA53EBF0:[7e24bf05-37da-4066-862a-b09707422cd3:192.168.5.144:36488] returns group-D856DA53EBF0:java.util.concurrent.CompletableFuture@2c83a5ee[Not completed]
2019-07-14 06:46:41,603 INFO  impl.RaftServerImpl (RaftServerImpl.java:<init>(93)) - 7e24bf05-37da-4066-862a-b09707422cd3: new RaftServerImpl for group-D856DA53EBF0:[7e24bf05-37da-4066-862a-b09707422cd3:192.168.5.144:36488] with ContainerStateMachine:uninitialized
2019-07-14 06:46:41,603 INFO  server.RaftServerConfigKeys (ConfUtils.java:logGet(43)) - raft.server.rpc.timeout.min = 5s (custom)
2019-07-14 06:46:41,603 INFO  server.RaftServerConfigKeys (ConfUtils.java:logGet(43)) - raft.server.rpc.timeout.max = 5200ms (custom)
2019-07-14 06:46:41,603 INFO  server.RaftServerConfigKeys (ConfUtils.java:logGet(43)) - raft.server.rpcslowness.timeout = 120s (custom)
2019-07-14 06:46:41,603 INFO  server.RaftServerConfigKeys (ConfUtils.java:logGet(43)) - raft.server.sleep.deviation.threshold = 300 (default)
2019-07-14 06:46:41,604 INFO  server.RaftServerConfigKeys (ConfUtils.java:logGet(43)) - raft.server.log.appender.install.snapshot.enabled = false (custom)
2019-07-14 06:46:41,604 INFO  impl.RaftServerImpl (ServerState.java:<init>(105)) - 7e24bf05-37da-4066-862a-b09707422cd3:group-D856DA53EBF0 ConfigurationManager, init=-1: [7e24bf05-37da-4066-862a-b09707422cd3:192.168.5.144:36488], old=null, confs=<EMPTY_MAP>
2019-07-14 06:46:41,604 INFO  server.RaftServerConfigKeys (ConfUtils.java:logGet(43)) - raft.server.storage.dir = [/tmp/workdir/hadoop-ozone/integration-test/target/test-dir/MiniOzoneClusterImpl-8946ae17-0b67-4499-8112-9a6f091c9538/datanode-5/data/ratis] (custom)
2019-07-14 06:46:41,605 INFO  storage.RaftStorageDirectory (RaftStorageDirectory.java:analyzeStorage(246)) - The storage directory /tmp/workdir/hadoop-ozone/integration-test/target/test-dir/MiniOzoneClusterImpl-8946ae17-0b67-4499-8112-9a6f091c9538/datanode-5/data/ratis/3eb15164-ff69-465e-a5c4-d856da53ebf0 does not exist. Creating ...
2019-07-14 06:46:41,609 INFO  storage.RaftStorageDirectory (RaftStorageDirectory.java:tryLock(328)) - Lock on /tmp/workdir/hadoop-ozone/integration-test/target/test-dir/MiniOzoneClusterImpl-8946ae17-0b67-4499-8112-9a6f091c9538/datanode-5/data/ratis/3eb15164-ff69-465e-a5c4-d856da53ebf0/in_use.lock acquired by nodename 28347@trunk-nightly-8c95p-1540871953
2019-07-14 06:46:41,622 INFO  storage.RaftStorage (RaftStorage.java:format(72)) - Storage directory /tmp/workdir/hadoop-ozone/integration-test/target/test-dir/MiniOzoneClusterImpl-8946ae17-0b67-4499-8112-9a6f091c9538/datanode-5/data/ratis/3eb15164-ff69-465e-a5c4-d856da53ebf0 has been successfully formatted.
2019-07-14 06:46:41,622 INFO  ratis.ContainerStateMachine (ContainerStateMachine.java:loadSnapshot(200)) - group-D856DA53EBF0: The snapshot info is null. Setting the last applied indexto:(t:0, i:~)
2019-07-14 06:46:41,623 INFO  server.RaftServerConfigKeys (ConfUtils.java:logGet(43)) - raft.server.leader.election.timeout = 120s (custom)
2019-07-14 06:46:41,623 INFO  server.RaftServerConfigKeys (ConfUtils.java:logGet(43)) - raft.server.log.use.memory = false (default)
2019-07-14 06:46:41,623 INFO  server.RaftServerConfigKeys (ConfUtils.java:logGet(43)) - raft.server.log.purge.gap = 1000000000 (custom)
2019-07-14 06:46:41,623 INFO  server.RaftServerConfigKeys (ConfUtils.java:logGet(43)) - raft.server.log.appender.buffer.byte-limit = 33554432 (custom)
2019-07-14 06:46:41,623 INFO  server.RaftServerConfigKeys (ConfUtils.java:logGet(43)) - raft.server.log.segment.size.max = 1048576 (custom)
2019-07-14 06:46:41,623 INFO  server.RaftServerConfigKeys (ConfUtils.java:logGet(43)) - raft.server.log.segment.cache.num.max = 2 (custom)
2019-07-14 06:46:41,623 INFO  segmented.SegmentedRaftLogWorker (SegmentedRaftLogWorker.java:<init>(172)) - new 7e24bf05-37da-4066-862a-b09707422cd3-SegmentedRaftLogWorker:Storage Directory /tmp/workdir/hadoop-ozone/integration-test/target/test-dir/MiniOzoneClusterImpl-8946ae17-0b67-4499-8112-9a6f091c9538/datanode-5/data/ratis/3eb15164-ff69-465e-a5c4-d856da53ebf0 for RaftStorage:Storage Directory /tmp/workdir/hadoop-ozone/integration-test/target/test-dir/MiniOzoneClusterImpl-8946ae17-0b67-4499-8112-9a6f091c9538/datanode-5/data/ratis/3eb15164-ff69-465e-a5c4-d856da53ebf0
2019-07-14 06:46:41,623 INFO  server.RaftServerConfigKeys (ConfUtils.java:logGet(43)) - raft.server.log.queue.byte-limit = 2147483647 (custom)
2019-07-14 06:46:41,624 INFO  server.RaftServerConfigKeys (ConfUtils.java:logGet(43)) - raft.server.log.queue.element-limit = 1024 (custom)
2019-07-14 06:46:41,624 INFO  server.RaftServerConfigKeys (ConfUtils.java:logGet(43)) - raft.server.log.segment.size.max = 1048576 (custom)
2019-07-14 06:46:41,624 INFO  server.RaftServerConfigKeys (ConfUtils.java:logGet(43)) - raft.server.log.preallocated.size = 16384 (custom)
2019-07-14 06:46:41,624 INFO  server.RaftServerConfigKeys (ConfUtils.java:logGet(43)) - raft.server.log.write.buffer.size = 33554432 (custom)
2019-07-14 06:46:41,624 INFO  server.RaftServerConfigKeys (ConfUtils.java:logGet(43)) - raft.server.log.force.sync.num = 128 (default)
2019-07-14 06:46:41,624 INFO  server.RaftServerConfigKeys (ConfUtils.java:logGet(43)) - raft.server.log.statemachine.data.sync = true (default)
2019-07-14 06:46:41,624 INFO  server.RaftServerConfigKeys (ConfUtils.java:logGet(43)) - raft.server.log.statemachine.data.sync.timeout = 10s (default)
2019-07-14 06:46:41,625 INFO  server.RaftServerConfigKeys (ConfUtils.java:logGet(43)) - raft.server.log.statemachine.data.sync.timeout.retry = -1 (default)
2019-07-14 06:46:41,625 INFO  server.RaftServerConfigKeys (ConfUtils.java:logGet(43)) - raft.server.log.statemachine.data.caching.enabled = true (custom)
2019-07-14 06:46:41,625 INFO  segmented.SegmentedRaftLogWorker (SegmentedRaftLogWorker.java:lambda$new$0(132)) - 7e24bf05-37da-4066-862a-b09707422cd3-SegmentedRaftLogWorker:Storage Directory /tmp/workdir/hadoop-ozone/integration-test/target/test-dir/MiniOzoneClusterImpl-8946ae17-0b67-4499-8112-9a6f091c9538/datanode-5/data/ratis/3eb15164-ff69-465e-a5c4-d856da53ebf0: flushIndex: setUnconditionally 0 -> -1
2019-07-14 06:46:41,625 INFO  server.RaftServerConfigKeys (ConfUtils.java:logGet(43)) - raft.server.snapshot.auto.trigger.enabled = true (custom)
2019-07-14 06:46:41,626 INFO  server.RaftServerConfigKeys (ConfUtils.java:logGet(43)) - raft.server.snapshot.auto.trigger.threshold = 10000 (custom)
2019-07-14 06:46:41,626 INFO  server.RaftServerConfigKeys (ConfUtils.java:logGet(43)) - raft.server.retrycache.expirytime = 600000ms (custom)
2019-07-14 06:46:41,626 INFO  impl.RaftServerImpl (RaftServerImpl.java:start(180)) - 7e24bf05-37da-4066-862a-b09707422cd3: start group-D856DA53EBF0
2019-07-14 06:46:41,626 INFO  impl.RaftServerImpl (RaftServerImpl.java:setRole(171)) - 7e24bf05-37da-4066-862a-b09707422cd3:group-D856DA53EBF0 changes role from null to FOLLOWER at term 0 for startAsFollower
2019-07-14 06:46:41,626 INFO  impl.RoleInfo (RoleInfo.java:updateAndGet(143)) - 7e24bf05-37da-4066-862a-b09707422cd3: start FollowerState
2019-07-14 06:46:41,627 INFO  util.JmxRegister (JmxRegister.java:tryRegister(44)) - Successfully registered JMX Bean with object name Ratis:service=RaftServer,group=group-D856DA53EBF0,id=7e24bf05-37da-4066-862a-b09707422cd3
2019-07-14 06:46:41,636 INFO  pipeline.PipelineStateManager (PipelineStateManager.java:addPipeline(56)) - Created pipeline Pipeline[ Id: 3eb15164-ff69-465e-a5c4-d856da53ebf0, Nodes: 7e24bf05-37da-4066-862a-b09707422cd3{ip: 192.168.5.144, host: trunk-nightly-8c95p-1540871953, networkLocation: /default-rack, certSerialId: null}, Type:RATIS, Factor:ONE, State:OPEN]
2019-07-14 06:46:41,689 INFO  impl.RaftServerProxy (RaftServerProxy.java:addNew(89)) - f267d4b1-2568-4011-9b66-4aa82a3a0a4e: addNew group-0FE9CC1EBA9F:[f267d4b1-2568-4011-9b66-4aa82a3a0a4e:192.168.5.144:46489, 7e24bf05-37da-4066-862a-b09707422cd3:192.168.5.144:36488, 91194d66-7a62-4998-bfb7-ea7f33086451:192.168.5.144:42246] returns group-0FE9CC1EBA9F:java.util.concurrent.CompletableFuture@b52f99c[Not completed]
2019-07-14 06:46:41,689 INFO  impl.RaftServerProxy (RaftServerProxy.java:addNew(89)) - 7e24bf05-37da-4066-862a-b09707422cd3: addNew group-0FE9CC1EBA9F:[f267d4b1-2568-4011-9b66-4aa82a3a0a4e:192.168.5.144:46489, 7e24bf05-37da-4066-862a-b09707422cd3:192.168.5.144:36488, 91194d66-7a62-4998-bfb7-ea7f33086451:192.168.5.144:42246] returns group-0FE9CC1EBA9F:java.util.concurrent.CompletableFuture@67078ab9[Not completed]
2019-07-14 06:46:41,689 INFO  impl.RaftServerProxy (RaftServerProxy.java:addNew(89)) - 91194d66-7a62-4998-bfb7-ea7f33086451: addNew group-0FE9CC1EBA9F:[f267d4b1-2568-4011-9b66-4aa82a3a0a4e:192.168.5.144:46489, 7e24bf05-37da-4066-862a-b09707422cd3:192.168.5.144:36488, 91194d66-7a62-4998-bfb7-ea7f33086451:192.168.5.144:42246] returns group-0FE9CC1EBA9F:java.util.concurrent.CompletableFuture@106877f7[Not completed]
2019-07-14 06:46:41,690 INFO  impl.RaftServerImpl (RaftServerImpl.java:<init>(93)) - f267d4b1-2568-4011-9b66-4aa82a3a0a4e: new RaftServerImpl for group-0FE9CC1EBA9F:[f267d4b1-2568-4011-9b66-4aa82a3a0a4e:192.168.5.144:46489, 7e24bf05-37da-4066-862a-b09707422cd3:192.168.5.144:36488, 91194d66-7a62-4998-bfb7-ea7f33086451:192.168.5.144:42246] with ContainerStateMachine:uninitialized
2019-07-14 06:46:41,690 INFO  server.RaftServerConfigKeys (ConfUtils.java:logGet(43)) - raft.server.rpc.timeout.min = 5s (custom)
2019-07-14 06:46:41,690 INFO  server.RaftServerConfigKeys (ConfUtils.java:logGet(43)) - raft.server.rpc.timeout.max = 5200ms (custom)
2019-07-14 06:46:41,690 INFO  server.RaftServerConfigKeys (ConfUtils.java:logGet(43)) - raft.server.rpcslowness.timeout = 120s (custom)
2019-07-14 06:46:41,690 INFO  server.RaftServerConfigKeys (ConfUtils.java:logGet(43)) - raft.server.sleep.deviation.threshold = 300 (default)
2019-07-14 06:46:41,690 INFO  impl.RaftServerImpl (RaftServerImpl.java:<init>(93)) - 91194d66-7a62-4998-bfb7-ea7f33086451: new RaftServerImpl for group-0FE9CC1EBA9F:[f267d4b1-2568-4011-9b66-4aa82a3a0a4e:192.168.5.144:46489, 7e24bf05-37da-4066-862a-b09707422cd3:192.168.5.144:36488, 91194d66-7a62-4998-bfb7-ea7f33086451:192.168.5.144:42246] with ContainerStateMachine:uninitialized
2019-07-14 06:46:41,691 INFO  server.RaftServerConfigKeys (ConfUtils.java:logGet(43)) - raft.server.log.appender.install.snapshot.enabled = false (custom)
2019-07-14 06:46:41,691 INFO  server.RaftServerConfigKeys (ConfUtils.java:logGet(43)) - raft.server.rpc.timeout.min = 5s (custom)
2019-07-14 06:46:41,691 INFO  impl.RaftServerImpl (ServerState.java:<init>(105)) - f267d4b1-2568-4011-9b66-4aa82a3a0a4e:group-0FE9CC1EBA9F ConfigurationManager, init=-1: [f267d4b1-2568-4011-9b66-4aa82a3a0a4e:192.168.5.144:46489, 7e24bf05-37da-4066-862a-b09707422cd3:192.168.5.144:36488, 91194d66-7a62-4998-bfb7-ea7f33086451:192.168.5.144:42246], old=null, confs=<EMPTY_MAP>
2019-07-14 06:46:41,691 INFO  server.RaftServerConfigKeys (ConfUtils.java:logGet(43)) - raft.server.rpc.timeout.max = 5200ms (custom)
2019-07-14 06:46:41,691 INFO  server.RaftServerConfigKeys (ConfUtils.java:logGet(43)) - raft.server.storage.dir = [/tmp/workdir/hadoop-ozone/integration-test/target/test-dir/MiniOzoneClusterImpl-8946ae17-0b67-4499-8112-9a6f091c9538/datanode-3/data/ratis] (custom)
2019-07-14 06:46:41,691 INFO  server.RaftServerConfigKeys (ConfUtils.java:logGet(43)) - raft.server.rpcslowness.timeout = 120s (custom)
2019-07-14 06:46:41,691 INFO  impl.RaftServerImpl (RaftServerImpl.java:<init>(93)) - 7e24bf05-37da-4066-862a-b09707422cd3: new RaftServerImpl for group-0FE9CC1EBA9F:[f267d4b1-2568-4011-9b66-4aa82a3a0a4e:192.168.5.144:46489, 7e24bf05-37da-4066-862a-b09707422cd3:192.168.5.144:36488, 91194d66-7a62-4998-bfb7-ea7f33086451:192.168.5.144:42246] with ContainerStateMachine:uninitialized
2019-07-14 06:46:41,691 INFO  server.RaftServerConfigKeys (ConfUtils.java:logGet(43)) - raft.server.sleep.deviation.threshold = 300 (default)
2019-07-14 06:46:41,691 INFO  server.RaftServerConfigKeys (ConfUtils.java:logGet(43)) - raft.server.rpc.timeout.min = 5s (custom)
2019-07-14 06:46:41,691 INFO  storage.RaftStorageDirectory (RaftStorageDirectory.java:analyzeStorage(246)) - The storage directory /tmp/workdir/hadoop-ozone/integration-test/target/test-dir/MiniOzoneClusterImpl-8946ae17-0b67-4499-8112-9a6f091c9538/datanode-3/data/ratis/378e4383-96cb-42c2-8aaa-0fe9cc1eba9f does not exist. Creating ...
2019-07-14 06:46:41,692 INFO  server.RaftServerConfigKeys (ConfUtils.java:logGet(43)) - raft.server.rpc.timeout.max = 5200ms (custom)
2019-07-14 06:46:41,691 INFO  server.RaftServerConfigKeys (ConfUtils.java:logGet(43)) - raft.server.log.appender.install.snapshot.enabled = false (custom)
2019-07-14 06:46:41,692 INFO  server.RaftServerConfigKeys (ConfUtils.java:logGet(43)) - raft.server.rpcslowness.timeout = 120s (custom)
2019-07-14 06:46:41,692 INFO  impl.RaftServerImpl (ServerState.java:<init>(105)) - 91194d66-7a62-4998-bfb7-ea7f33086451:group-0FE9CC1EBA9F ConfigurationManager, init=-1: [f267d4b1-2568-4011-9b66-4aa82a3a0a4e:192.168.5.144:46489, 7e24bf05-37da-4066-862a-b09707422cd3:192.168.5.144:36488, 91194d66-7a62-4998-bfb7-ea7f33086451:192.168.5.144:42246], old=null, confs=<EMPTY_MAP>
2019-07-14 06:46:41,692 INFO  server.RaftServerConfigKeys (ConfUtils.java:logGet(43)) - raft.server.sleep.deviation.threshold = 300 (default)
2019-07-14 06:46:41,692 INFO  server.RaftServerConfigKeys (ConfUtils.java:logGet(43)) - raft.server.storage.dir = [/tmp/workdir/hadoop-ozone/integration-test/target/test-dir/MiniOzoneClusterImpl-8946ae17-0b67-4499-8112-9a6f091c9538/datanode-4/data/ratis] (custom)
2019-07-14 06:46:41,692 INFO  server.RaftServerConfigKeys (ConfUtils.java:logGet(43)) - raft.server.log.appender.install.snapshot.enabled = false (custom)
2019-07-14 06:46:41,692 INFO  impl.RaftServerImpl (ServerState.java:<init>(105)) - 7e24bf05-37da-4066-862a-b09707422cd3:group-0FE9CC1EBA9F ConfigurationManager, init=-1: [f267d4b1-2568-4011-9b66-4aa82a3a0a4e:192.168.5.144:46489, 7e24bf05-37da-4066-862a-b09707422cd3:192.168.5.144:36488, 91194d66-7a62-4998-bfb7-ea7f33086451:192.168.5.144:42246], old=null, confs=<EMPTY_MAP>
2019-07-14 06:46:41,692 INFO  storage.RaftStorageDirectory (RaftStorageDirectory.java:analyzeStorage(246)) - The storage directory /tmp/workdir/hadoop-ozone/integration-test/target/test-dir/MiniOzoneClusterImpl-8946ae17-0b67-4499-8112-9a6f091c9538/datanode-4/data/ratis/378e4383-96cb-42c2-8aaa-0fe9cc1eba9f does not exist. Creating ...
2019-07-14 06:46:41,692 INFO  server.RaftServerConfigKeys (ConfUtils.java:logGet(43)) - raft.server.storage.dir = [/tmp/workdir/hadoop-ozone/integration-test/target/test-dir/MiniOzoneClusterImpl-8946ae17-0b67-4499-8112-9a6f091c9538/datanode-5/data/ratis] (custom)
2019-07-14 06:46:41,693 INFO  storage.RaftStorageDirectory (RaftStorageDirectory.java:analyzeStorage(246)) - The storage directory /tmp/workdir/hadoop-ozone/integration-test/target/test-dir/MiniOzoneClusterImpl-8946ae17-0b67-4499-8112-9a6f091c9538/datanode-5/data/ratis/378e4383-96cb-42c2-8aaa-0fe9cc1eba9f does not exist. Creating ...
2019-07-14 06:46:41,705 INFO  storage.RaftStorageDirectory (RaftStorageDirectory.java:tryLock(328)) - Lock on /tmp/workdir/hadoop-ozone/integration-test/target/test-dir/MiniOzoneClusterImpl-8946ae17-0b67-4499-8112-9a6f091c9538/datanode-3/data/ratis/378e4383-96cb-42c2-8aaa-0fe9cc1eba9f/in_use.lock acquired by nodename 28347@trunk-nightly-8c95p-1540871953
2019-07-14 06:46:41,705 INFO  storage.RaftStorageDirectory (RaftStorageDirectory.java:tryLock(328)) - Lock on /tmp/workdir/hadoop-ozone/integration-test/target/test-dir/MiniOzoneClusterImpl-8946ae17-0b67-4499-8112-9a6f091c9538/datanode-4/data/ratis/378e4383-96cb-42c2-8aaa-0fe9cc1eba9f/in_use.lock acquired by nodename 28347@trunk-nightly-8c95p-1540871953
2019-07-14 06:46:41,705 INFO  storage.RaftStorageDirectory (RaftStorageDirectory.java:tryLock(328)) - Lock on /tmp/workdir/hadoop-ozone/integration-test/target/test-dir/MiniOzoneClusterImpl-8946ae17-0b67-4499-8112-9a6f091c9538/datanode-5/data/ratis/378e4383-96cb-42c2-8aaa-0fe9cc1eba9f/in_use.lock acquired by nodename 28347@trunk-nightly-8c95p-1540871953
2019-07-14 06:46:41,717 INFO  storage.RaftStorage (RaftStorage.java:format(72)) - Storage directory /tmp/workdir/hadoop-ozone/integration-test/target/test-dir/MiniOzoneClusterImpl-8946ae17-0b67-4499-8112-9a6f091c9538/datanode-5/data/ratis/378e4383-96cb-42c2-8aaa-0fe9cc1eba9f has been successfully formatted.
2019-07-14 06:46:41,717 INFO  storage.RaftStorage (RaftStorage.java:format(72)) - Storage directory /tmp/workdir/hadoop-ozone/integration-test/target/test-dir/MiniOzoneClusterImpl-8946ae17-0b67-4499-8112-9a6f091c9538/datanode-4/data/ratis/378e4383-96cb-42c2-8aaa-0fe9cc1eba9f has been successfully formatted.
2019-07-14 06:46:41,717 INFO  storage.RaftStorage (RaftStorage.java:format(72)) - Storage directory /tmp/workdir/hadoop-ozone/integration-test/target/test-dir/MiniOzoneClusterImpl-8946ae17-0b67-4499-8112-9a6f091c9538/datanode-3/data/ratis/378e4383-96cb-42c2-8aaa-0fe9cc1eba9f has been successfully formatted.
2019-07-14 06:46:41,718 INFO  ratis.ContainerStateMachine (ContainerStateMachine.java:loadSnapshot(200)) - group-0FE9CC1EBA9F: The snapshot info is null. Setting the last applied indexto:(t:0, i:~)
2019-07-14 06:46:41,718 INFO  ratis.ContainerStateMachine (ContainerStateMachine.java:loadSnapshot(200)) - group-0FE9CC1EBA9F: The snapshot info is null. Setting the last applied indexto:(t:0, i:~)
2019-07-14 06:46:41,718 INFO  server.RaftServerConfigKeys (ConfUtils.java:logGet(43)) - raft.server.leader.election.timeout = 120s (custom)
2019-07-14 06:46:41,718 INFO  ratis.ContainerStateMachine (ContainerStateMachine.java:loadSnapshot(200)) - group-0FE9CC1EBA9F: The snapshot info is null. Setting the last applied indexto:(t:0, i:~)
2019-07-14 06:46:41,718 INFO  server.RaftServerConfigKeys (ConfUtils.java:logGet(43)) - raft.server.log.use.memory = false (default)
2019-07-14 06:46:41,718 INFO  server.RaftServerConfigKeys (ConfUtils.java:logGet(43)) - raft.server.leader.election.timeout = 120s (custom)
2019-07-14 06:46:41,718 INFO  server.RaftServerConfigKeys (ConfUtils.java:logGet(43)) - raft.server.log.purge.gap = 1000000000 (custom)
2019-07-14 06:46:41,718 INFO  server.RaftServerConfigKeys (ConfUtils.java:logGet(43)) - raft.server.leader.election.timeout = 120s (custom)
2019-07-14 06:46:41,719 INFO  server.RaftServerConfigKeys (ConfUtils.java:logGet(43)) - raft.server.log.appender.buffer.byte-limit = 33554432 (custom)
2019-07-14 06:46:41,718 INFO  server.RaftServerConfigKeys (ConfUtils.java:logGet(43)) - raft.server.log.use.memory = false (default)
2019-07-14 06:46:41,719 INFO  server.RaftServerConfigKeys (ConfUtils.java:logGet(43)) - raft.server.log.segment.size.max = 1048576 (custom)
2019-07-14 06:46:41,719 INFO  server.RaftServerConfigKeys (ConfUtils.java:logGet(43)) - raft.server.log.use.memory = false (default)
2019-07-14 06:46:41,719 INFO  server.RaftServerConfigKeys (ConfUtils.java:logGet(43)) - raft.server.log.segment.cache.num.max = 2 (custom)
2019-07-14 06:46:41,719 INFO  server.RaftServerConfigKeys (ConfUtils.java:logGet(43)) - raft.server.log.purge.gap = 1000000000 (custom)
2019-07-14 06:46:41,719 INFO  segmented.SegmentedRaftLogWorker (SegmentedRaftLogWorker.java:<init>(172)) - new 7e24bf05-37da-4066-862a-b09707422cd3-SegmentedRaftLogWorker:Storage Directory /tmp/workdir/hadoop-ozone/integration-test/target/test-dir/MiniOzoneClusterImpl-8946ae17-0b67-4499-8112-9a6f091c9538/datanode-5/data/ratis/378e4383-96cb-42c2-8aaa-0fe9cc1eba9f for RaftStorage:Storage Directory /tmp/workdir/hadoop-ozone/integration-test/target/test-dir/MiniOzoneClusterImpl-8946ae17-0b67-4499-8112-9a6f091c9538/datanode-5/data/ratis/378e4383-96cb-42c2-8aaa-0fe9cc1eba9f
2019-07-14 06:46:41,719 INFO  server.RaftServerConfigKeys (ConfUtils.java:logGet(43)) - raft.server.log.purge.gap = 1000000000 (custom)
2019-07-14 06:46:41,720 INFO  server.RaftServerConfigKeys (ConfUtils.java:logGet(43)) - raft.server.log.queue.byte-limit = 2147483647 (custom)
2019-07-14 06:46:41,719 INFO  server.RaftServerConfigKeys (ConfUtils.java:logGet(43)) - raft.server.log.appender.buffer.byte-limit = 33554432 (custom)
2019-07-14 06:46:41,720 INFO  server.RaftServerConfigKeys (ConfUtils.java:logGet(43)) - raft.server.log.queue.element-limit = 1024 (custom)
2019-07-14 06:46:41,720 INFO  server.RaftServerConfigKeys (ConfUtils.java:logGet(43)) - raft.server.log.appender.buffer.byte-limit = 33554432 (custom)
2019-07-14 06:46:41,720 INFO  server.RaftServerConfigKeys (ConfUtils.java:logGet(43)) - raft.server.log.segment.size.max = 1048576 (custom)
2019-07-14 06:46:41,720 INFO  server.RaftServerConfigKeys (ConfUtils.java:logGet(43)) - raft.server.log.segment.size.max = 1048576 (custom)
2019-07-14 06:46:41,720 INFO  server.RaftServerConfigKeys (ConfUtils.java:logGet(43)) - raft.server.log.preallocated.size = 16384 (custom)
2019-07-14 06:46:41,720 INFO  server.RaftServerConfigKeys (ConfUtils.java:logGet(43)) - raft.server.log.segment.size.max = 1048576 (custom)
2019-07-14 06:46:41,720 INFO  server.RaftServerConfigKeys (ConfUtils.java:logGet(43)) - raft.server.log.write.buffer.size = 33554432 (custom)
2019-07-14 06:46:41,720 INFO  server.RaftServerConfigKeys (ConfUtils.java:logGet(43)) - raft.server.log.segment.cache.num.max = 2 (custom)
2019-07-14 06:46:41,721 INFO  server.RaftServerConfigKeys (ConfUtils.java:logGet(43)) - raft.server.log.force.sync.num = 128 (default)
2019-07-14 06:46:41,721 INFO  server.RaftServerConfigKeys (ConfUtils.java:logGet(43)) - raft.server.log.segment.cache.num.max = 2 (custom)
2019-07-14 06:46:41,721 INFO  server.RaftServerConfigKeys (ConfUtils.java:logGet(43)) - raft.server.log.statemachine.data.sync = true (default)
2019-07-14 06:46:41,721 INFO  segmented.SegmentedRaftLogWorker (SegmentedRaftLogWorker.java:<init>(172)) - new 91194d66-7a62-4998-bfb7-ea7f33086451-SegmentedRaftLogWorker:Storage Directory /tmp/workdir/hadoop-ozone/integration-test/target/test-dir/MiniOzoneClusterImpl-8946ae17-0b67-4499-8112-9a6f091c9538/datanode-4/data/ratis/378e4383-96cb-42c2-8aaa-0fe9cc1eba9f for RaftStorage:Storage Directory /tmp/workdir/hadoop-ozone/integration-test/target/test-dir/MiniOzoneClusterImpl-8946ae17-0b67-4499-8112-9a6f091c9538/datanode-4/data/ratis/378e4383-96cb-42c2-8aaa-0fe9cc1eba9f
2019-07-14 06:46:41,721 INFO  server.RaftServerConfigKeys (ConfUtils.java:logGet(43)) - raft.server.log.statemachine.data.sync.timeout = 10s (default)
2019-07-14 06:46:41,721 INFO  segmented.SegmentedRaftLogWorker (SegmentedRaftLogWorker.java:<init>(172)) - new f267d4b1-2568-4011-9b66-4aa82a3a0a4e-SegmentedRaftLogWorker:Storage Directory /tmp/workdir/hadoop-ozone/integration-test/target/test-dir/MiniOzoneClusterImpl-8946ae17-0b67-4499-8112-9a6f091c9538/datanode-3/data/ratis/378e4383-96cb-42c2-8aaa-0fe9cc1eba9f for RaftStorage:Storage Directory /tmp/workdir/hadoop-ozone/integration-test/target/test-dir/MiniOzoneClusterImpl-8946ae17-0b67-4499-8112-9a6f091c9538/datanode-3/data/ratis/378e4383-96cb-42c2-8aaa-0fe9cc1eba9f
2019-07-14 06:46:41,721 INFO  server.RaftServerConfigKeys (ConfUtils.java:logGet(43)) - raft.server.log.statemachine.data.sync.timeout.retry = -1 (default)
2019-07-14 06:46:41,721 INFO  server.RaftServerConfigKeys (ConfUtils.java:logGet(43)) - raft.server.log.queue.byte-limit = 2147483647 (custom)
2019-07-14 06:46:41,722 INFO  server.RaftServerConfigKeys (ConfUtils.java:logGet(43)) - raft.server.log.statemachine.data.caching.enabled = true (custom)
2019-07-14 06:46:41,722 INFO  server.RaftServerConfigKeys (ConfUtils.java:logGet(43)) - raft.server.log.queue.byte-limit = 2147483647 (custom)
2019-07-14 06:46:41,722 INFO  server.RaftServerConfigKeys (ConfUtils.java:logGet(43)) - raft.server.log.queue.element-limit = 1024 (custom)
2019-07-14 06:46:41,722 INFO  segmented.SegmentedRaftLogWorker (SegmentedRaftLogWorker.java:lambda$new$0(132)) - 7e24bf05-37da-4066-862a-b09707422cd3-SegmentedRaftLogWorker:Storage Directory /tmp/workdir/hadoop-ozone/integration-test/target/test-dir/MiniOzoneClusterImpl-8946ae17-0b67-4499-8112-9a6f091c9538/datanode-5/data/ratis/378e4383-96cb-42c2-8aaa-0fe9cc1eba9f: flushIndex: setUnconditionally 0 -> -1
2019-07-14 06:46:41,722 INFO  server.RaftServerConfigKeys (ConfUtils.java:logGet(43)) - raft.server.log.queue.element-limit = 1024 (custom)
2019-07-14 06:46:41,722 INFO  server.RaftServerConfigKeys (ConfUtils.java:logGet(43)) - raft.server.log.segment.size.max = 1048576 (custom)
2019-07-14 06:46:41,722 INFO  server.RaftServerConfigKeys (ConfUtils.java:logGet(43)) - raft.server.snapshot.auto.trigger.enabled = true (custom)
2019-07-14 06:46:41,722 INFO  server.RaftServerConfigKeys (ConfUtils.java:logGet(43)) - raft.server.log.segment.size.max = 1048576 (custom)
2019-07-14 06:46:41,723 INFO  server.RaftServerConfigKeys (ConfUtils.java:logGet(43)) - raft.server.snapshot.auto.trigger.threshold = 10000 (custom)
2019-07-14 06:46:41,722 INFO  server.RaftServerConfigKeys (ConfUtils.java:logGet(43)) - raft.server.log.preallocated.size = 16384 (custom)
2019-07-14 06:46:41,723 INFO  server.RaftServerConfigKeys (ConfUtils.java:logGet(43)) - raft.server.retrycache.expirytime = 600000ms (custom)
2019-07-14 06:46:41,723 INFO  server.RaftServerConfigKeys (ConfUtils.java:logGet(43)) - raft.server.log.preallocated.size = 16384 (custom)
2019-07-14 06:46:41,723 INFO  impl.RaftServerImpl (RaftServerImpl.java:start(180)) - 7e24bf05-37da-4066-862a-b09707422cd3: start group-0FE9CC1EBA9F
2019-07-14 06:46:41,723 INFO  server.RaftServerConfigKeys (ConfUtils.java:logGet(43)) - raft.server.log.write.buffer.size = 33554432 (custom)
2019-07-14 06:46:41,723 INFO  impl.RaftServerImpl (RaftServerImpl.java:setRole(171)) - 7e24bf05-37da-4066-862a-b09707422cd3:group-0FE9CC1EBA9F changes role from null to FOLLOWER at term 0 for startAsFollower
2019-07-14 06:46:41,723 INFO  server.RaftServerConfigKeys (ConfUtils.java:logGet(43)) - raft.server.log.write.buffer.size = 33554432 (custom)
2019-07-14 06:46:41,723 INFO  impl.RoleInfo (RoleInfo.java:updateAndGet(143)) - 7e24bf05-37da-4066-862a-b09707422cd3: start FollowerState
2019-07-14 06:46:41,723 INFO  server.RaftServerConfigKeys (ConfUtils.java:logGet(43)) - raft.server.log.force.sync.num = 128 (default)
2019-07-14 06:46:41,724 INFO  server.RaftServerConfigKeys (ConfUtils.java:logGet(43)) - raft.server.log.force.sync.num = 128 (default)
2019-07-14 06:46:41,724 INFO  server.RaftServerConfigKeys (ConfUtils.java:logGet(43)) - raft.server.log.statemachine.data.sync = true (default)
2019-07-14 06:46:41,724 INFO  util.JmxRegister (JmxRegister.java:tryRegister(44)) - Successfully registered JMX Bean with object name Ratis:service=RaftServer,group=group-0FE9CC1EBA9F,id=7e24bf05-37da-4066-862a-b09707422cd3
2019-07-14 06:46:41,724 INFO  server.RaftServerConfigKeys (ConfUtils.java:logGet(43)) - raft.server.log.statemachine.data.sync = true (default)
2019-07-14 06:46:41,724 INFO  server.RaftServerConfigKeys (ConfUtils.java:logGet(43)) - raft.server.log.statemachine.data.sync.timeout = 10s (default)
2019-07-14 06:46:41,724 INFO  server.RaftServerConfigKeys (ConfUtils.java:logGet(43)) - raft.server.log.statemachine.data.sync.timeout = 10s (default)
2019-07-14 06:46:41,724 INFO  server.RaftServerConfigKeys (ConfUtils.java:logGet(43)) - raft.server.log.statemachine.data.sync.timeout.retry = -1 (default)
2019-07-14 06:46:41,724 INFO  server.RaftServerConfigKeys (ConfUtils.java:logGet(43)) - raft.server.log.statemachine.data.sync.timeout.retry = -1 (default)
2019-07-14 06:46:41,725 INFO  server.RaftServerConfigKeys (ConfUtils.java:logGet(43)) - raft.server.log.statemachine.data.caching.enabled = true (custom)
2019-07-14 06:46:41,725 INFO  server.RaftServerConfigKeys (ConfUtils.java:logGet(43)) - raft.server.log.statemachine.data.caching.enabled = true (custom)
2019-07-14 06:46:41,725 INFO  segmented.SegmentedRaftLogWorker (SegmentedRaftLogWorker.java:lambda$new$0(132)) - 91194d66-7a62-4998-bfb7-ea7f33086451-SegmentedRaftLogWorker:Storage Directory /tmp/workdir/hadoop-ozone/integration-test/target/test-dir/MiniOzoneClusterImpl-8946ae17-0b67-4499-8112-9a6f091c9538/datanode-4/data/ratis/378e4383-96cb-42c2-8aaa-0fe9cc1eba9f: flushIndex: setUnconditionally 0 -> -1
2019-07-14 06:46:41,725 INFO  segmented.SegmentedRaftLogWorker (SegmentedRaftLogWorker.java:lambda$new$0(132)) - f267d4b1-2568-4011-9b66-4aa82a3a0a4e-SegmentedRaftLogWorker:Storage Directory /tmp/workdir/hadoop-ozone/integration-test/target/test-dir/MiniOzoneClusterImpl-8946ae17-0b67-4499-8112-9a6f091c9538/datanode-3/data/ratis/378e4383-96cb-42c2-8aaa-0fe9cc1eba9f: flushIndex: setUnconditionally 0 -> -1
2019-07-14 06:46:41,725 INFO  server.RaftServerConfigKeys (ConfUtils.java:logGet(43)) - raft.server.snapshot.auto.trigger.enabled = true (custom)
2019-07-14 06:46:41,725 INFO  server.RaftServerConfigKeys (ConfUtils.java:logGet(43)) - raft.server.snapshot.auto.trigger.enabled = true (custom)
2019-07-14 06:46:41,725 INFO  server.RaftServerConfigKeys (ConfUtils.java:logGet(43)) - raft.server.snapshot.auto.trigger.threshold = 10000 (custom)
2019-07-14 06:46:41,726 INFO  server.RaftServerConfigKeys (ConfUtils.java:logGet(43)) - raft.server.snapshot.auto.trigger.threshold = 10000 (custom)
2019-07-14 06:46:41,726 INFO  server.RaftServerConfigKeys (ConfUtils.java:logGet(43)) - raft.server.retrycache.expirytime = 600000ms (custom)
2019-07-14 06:46:41,726 INFO  server.RaftServerConfigKeys (ConfUtils.java:logGet(43)) - raft.server.retrycache.expirytime = 600000ms (custom)
2019-07-14 06:46:41,731 INFO  impl.RaftServerImpl (RaftServerImpl.java:start(180)) - 91194d66-7a62-4998-bfb7-ea7f33086451: start group-0FE9CC1EBA9F
2019-07-14 06:46:41,731 INFO  impl.RaftServerImpl (RaftServerImpl.java:start(180)) - f267d4b1-2568-4011-9b66-4aa82a3a0a4e: start group-0FE9CC1EBA9F
2019-07-14 06:46:41,731 INFO  impl.RaftServerImpl (RaftServerImpl.java:setRole(171)) - 91194d66-7a62-4998-bfb7-ea7f33086451:group-0FE9CC1EBA9F changes role from null to FOLLOWER at term 0 for startAsFollower
2019-07-14 06:46:41,731 INFO  impl.RaftServerImpl (RaftServerImpl.java:setRole(171)) - f267d4b1-2568-4011-9b66-4aa82a3a0a4e:group-0FE9CC1EBA9F changes role from null to FOLLOWER at term 0 for startAsFollower
2019-07-14 06:46:41,732 INFO  impl.RoleInfo (RoleInfo.java:updateAndGet(143)) - 91194d66-7a62-4998-bfb7-ea7f33086451: start FollowerState
2019-07-14 06:46:41,732 INFO  impl.RoleInfo (RoleInfo.java:updateAndGet(143)) - f267d4b1-2568-4011-9b66-4aa82a3a0a4e: start FollowerState
2019-07-14 06:46:41,732 INFO  util.JmxRegister (JmxRegister.java:tryRegister(44)) - Successfully registered JMX Bean with object name Ratis:service=RaftServer,group=group-0FE9CC1EBA9F,id=91194d66-7a62-4998-bfb7-ea7f33086451
2019-07-14 06:46:41,732 INFO  util.JmxRegister (JmxRegister.java:tryRegister(44)) - Successfully registered JMX Bean with object name Ratis:service=RaftServer,group=group-0FE9CC1EBA9F,id=f267d4b1-2568-4011-9b66-4aa82a3a0a4e
2019-07-14 06:46:41,744 INFO  pipeline.PipelineStateManager (PipelineStateManager.java:addPipeline(56)) - Created pipeline Pipeline[ Id: 378e4383-96cb-42c2-8aaa-0fe9cc1eba9f, Nodes: 7e24bf05-37da-4066-862a-b09707422cd3{ip: 192.168.5.144, host: trunk-nightly-8c95p-1540871953, networkLocation: /default-rack, certSerialId: null}91194d66-7a62-4998-bfb7-ea7f33086451{ip: 192.168.5.144, host: trunk-nightly-8c95p-1540871953, networkLocation: /default-rack, certSerialId: null}f267d4b1-2568-4011-9b66-4aa82a3a0a4e{ip: 192.168.5.144, host: trunk-nightly-8c95p-1540871953, networkLocation: /default-rack, certSerialId: null}, Type:RATIS, Factor:THREE, State:OPEN]
2019-07-14 06:46:41,791 INFO  node.SCMNodeManager (SCMNodeManager.java:register(269)) - Registered Data node : 6d86978c-91b9-400a-b1f8-00886c1cdbb2{ip: 192.168.5.144, host: trunk-nightly-8c95p-1540871953, networkLocation: /default-rack, certSerialId: null}
2019-07-14 06:46:41,796 INFO  ozone.MiniOzoneClusterImpl (MiniOzoneClusterImpl.java:lambda$waitForClusterToBeReady$0(142)) - Cluster is ready. Got 7 of 7 DN Heartbeats.
2019-07-14 06:46:41,829 INFO  impl.RaftServerProxy (RaftServerProxy.java:addNew(89)) - 6d86978c-91b9-400a-b1f8-00886c1cdbb2: addNew group-1C5EDFF6711E:[6d86978c-91b9-400a-b1f8-00886c1cdbb2:192.168.5.144:42943] returns group-1C5EDFF6711E:java.util.concurrent.CompletableFuture@538c1cc9[Not completed]
2019-07-14 06:46:41,830 INFO  impl.RaftServerImpl (RaftServerImpl.java:<init>(93)) - 6d86978c-91b9-400a-b1f8-00886c1cdbb2: new RaftServerImpl for group-1C5EDFF6711E:[6d86978c-91b9-400a-b1f8-00886c1cdbb2:192.168.5.144:42943] with ContainerStateMachine:uninitialized
2019-07-14 06:46:41,830 INFO  server.RaftServerConfigKeys (ConfUtils.java:logGet(43)) - raft.server.rpc.timeout.min = 5s (custom)
2019-07-14 06:46:41,833 INFO  server.RaftServerConfigKeys (ConfUtils.java:logGet(43)) - raft.server.rpc.timeout.max = 5200ms (custom)
2019-07-14 06:46:41,833 INFO  server.RaftServerConfigKeys (ConfUtils.java:logGet(43)) - raft.server.rpcslowness.timeout = 120s (custom)
2019-07-14 06:46:41,833 INFO  server.RaftServerConfigKeys (ConfUtils.java:logGet(43)) - raft.server.sleep.deviation.threshold = 300 (default)
2019-07-14 06:46:41,833 INFO  server.RaftServerConfigKeys (ConfUtils.java:logGet(43)) - raft.server.log.appender.install.snapshot.enabled = false (custom)
2019-07-14 06:46:41,833 INFO  impl.RaftServerImpl (ServerState.java:<init>(105)) - 6d86978c-91b9-400a-b1f8-00886c1cdbb2:group-1C5EDFF6711E ConfigurationManager, init=-1: [6d86978c-91b9-400a-b1f8-00886c1cdbb2:192.168.5.144:42943], old=null, confs=<EMPTY_MAP>
2019-07-14 06:46:41,833 INFO  server.RaftServerConfigKeys (ConfUtils.java:logGet(43)) - raft.server.storage.dir = [/tmp/workdir/hadoop-ozone/integration-test/target/test-dir/MiniOzoneClusterImpl-8946ae17-0b67-4499-8112-9a6f091c9538/datanode-6/data/ratis] (custom)
2019-07-14 06:46:41,838 INFO  storage.RaftStorageDirectory (RaftStorageDirectory.java:analyzeStorage(246)) - The storage directory /tmp/workdir/hadoop-ozone/integration-test/target/test-dir/MiniOzoneClusterImpl-8946ae17-0b67-4499-8112-9a6f091c9538/datanode-6/data/ratis/30358e6d-436f-4fa5-8af3-1c5edff6711e does not exist. Creating ...
2019-07-14 06:46:41,850 INFO  storage.RaftStorageDirectory (RaftStorageDirectory.java:tryLock(328)) - Lock on /tmp/workdir/hadoop-ozone/integration-test/target/test-dir/MiniOzoneClusterImpl-8946ae17-0b67-4499-8112-9a6f091c9538/datanode-6/data/ratis/30358e6d-436f-4fa5-8af3-1c5edff6711e/in_use.lock acquired by nodename 28347@trunk-nightly-8c95p-1540871953
2019-07-14 06:46:41,852 INFO  rpc.RpcClient (RpcClient.java:createVolume(287)) - Creating Volume: watchforcommithandlingtest, with jenkins1000 as owner.
2019-07-14 06:46:41,857 INFO  storage.RaftStorage (RaftStorage.java:format(72)) - Storage directory /tmp/workdir/hadoop-ozone/integration-test/target/test-dir/MiniOzoneClusterImpl-8946ae17-0b67-4499-8112-9a6f091c9538/datanode-6/data/ratis/30358e6d-436f-4fa5-8af3-1c5edff6711e has been successfully formatted.
2019-07-14 06:46:41,858 INFO  ratis.ContainerStateMachine (ContainerStateMachine.java:loadSnapshot(200)) - group-1C5EDFF6711E: The snapshot info is null. Setting the last applied indexto:(t:0, i:~)
2019-07-14 06:46:41,858 INFO  server.RaftServerConfigKeys (ConfUtils.java:logGet(43)) - raft.server.leader.election.timeout = 120s (custom)
2019-07-14 06:46:41,858 INFO  server.RaftServerConfigKeys (ConfUtils.java:logGet(43)) - raft.server.log.use.memory = false (default)
2019-07-14 06:46:41,858 INFO  server.RaftServerConfigKeys (ConfUtils.java:logGet(43)) - raft.server.log.purge.gap = 1000000000 (custom)
2019-07-14 06:46:41,858 INFO  server.RaftServerConfigKeys (ConfUtils.java:logGet(43)) - raft.server.log.appender.buffer.byte-limit = 33554432 (custom)
2019-07-14 06:46:41,858 INFO  server.RaftServerConfigKeys (ConfUtils.java:logGet(43)) - raft.server.log.segment.size.max = 1048576 (custom)
2019-07-14 06:46:41,858 INFO  server.RaftServerConfigKeys (ConfUtils.java:logGet(43)) - raft.server.log.segment.cache.num.max = 2 (custom)
2019-07-14 06:46:41,858 INFO  segmented.SegmentedRaftLogWorker (SegmentedRaftLogWorker.java:<init>(172)) - new 6d86978c-91b9-400a-b1f8-00886c1cdbb2-SegmentedRaftLogWorker:Storage Directory /tmp/workdir/hadoop-ozone/integration-test/target/test-dir/MiniOzoneClusterImpl-8946ae17-0b67-4499-8112-9a6f091c9538/datanode-6/data/ratis/30358e6d-436f-4fa5-8af3-1c5edff6711e for RaftStorage:Storage Directory /tmp/workdir/hadoop-ozone/integration-test/target/test-dir/MiniOzoneClusterImpl-8946ae17-0b67-4499-8112-9a6f091c9538/datanode-6/data/ratis/30358e6d-436f-4fa5-8af3-1c5edff6711e
2019-07-14 06:46:41,859 INFO  server.RaftServerConfigKeys (ConfUtils.java:logGet(43)) - raft.server.log.queue.byte-limit = 2147483647 (custom)
2019-07-14 06:46:41,863 INFO  server.RaftServerConfigKeys (ConfUtils.java:logGet(43)) - raft.server.log.queue.element-limit = 1024 (custom)
2019-07-14 06:46:41,868 INFO  server.RaftServerConfigKeys (ConfUtils.java:logGet(43)) - raft.server.log.segment.size.max = 1048576 (custom)
2019-07-14 06:46:41,868 INFO  server.RaftServerConfigKeys (ConfUtils.java:logGet(43)) - raft.server.log.preallocated.size = 16384 (custom)
2019-07-14 06:46:41,868 INFO  server.RaftServerConfigKeys (ConfUtils.java:logGet(43)) - raft.server.log.write.buffer.size = 33554432 (custom)
2019-07-14 06:46:41,868 INFO  server.RaftServerConfigKeys (ConfUtils.java:logGet(43)) - raft.server.log.force.sync.num = 128 (default)
2019-07-14 06:46:41,869 INFO  server.RaftServerConfigKeys (ConfUtils.java:logGet(43)) - raft.server.log.statemachine.data.sync = true (default)
2019-07-14 06:46:41,869 INFO  server.RaftServerConfigKeys (ConfUtils.java:logGet(43)) - raft.server.log.statemachine.data.sync.timeout = 10s (default)
2019-07-14 06:46:41,869 INFO  server.RaftServerConfigKeys (ConfUtils.java:logGet(43)) - raft.server.log.statemachine.data.sync.timeout.retry = -1 (default)
2019-07-14 06:46:41,869 INFO  rpc.RpcClient (RpcClient.java:createBucket(424)) - Creating Bucket: watchforcommithandlingtest/watchforcommithandlingtest, with Versioning false and Storage Type set to DISK and Encryption set to false 
2019-07-14 06:46:41,869 INFO  server.RaftServerConfigKeys (ConfUtils.java:logGet(43)) - raft.server.log.statemachine.data.caching.enabled = true (custom)
2019-07-14 06:46:41,869 INFO  segmented.SegmentedRaftLogWorker (SegmentedRaftLogWorker.java:lambda$new$0(132)) - 6d86978c-91b9-400a-b1f8-00886c1cdbb2-SegmentedRaftLogWorker:Storage Directory /tmp/workdir/hadoop-ozone/integration-test/target/test-dir/MiniOzoneClusterImpl-8946ae17-0b67-4499-8112-9a6f091c9538/datanode-6/data/ratis/30358e6d-436f-4fa5-8af3-1c5edff6711e: flushIndex: setUnconditionally 0 -> -1
2019-07-14 06:46:41,870 INFO  server.RaftServerConfigKeys (ConfUtils.java:logGet(43)) - raft.server.snapshot.auto.trigger.enabled = true (custom)
2019-07-14 06:46:41,870 INFO  server.RaftServerConfigKeys (ConfUtils.java:logGet(43)) - raft.server.snapshot.auto.trigger.threshold = 10000 (custom)
2019-07-14 06:46:41,870 INFO  server.RaftServerConfigKeys (ConfUtils.java:logGet(43)) - raft.server.retrycache.expirytime = 600000ms (custom)
2019-07-14 06:46:41,870 INFO  impl.RaftServerImpl (RaftServerImpl.java:start(180)) - 6d86978c-91b9-400a-b1f8-00886c1cdbb2: start group-1C5EDFF6711E
2019-07-14 06:46:41,874 INFO  impl.RaftServerImpl (RaftServerImpl.java:setRole(171)) - 6d86978c-91b9-400a-b1f8-00886c1cdbb2:group-1C5EDFF6711E changes role from null to FOLLOWER at term 0 for startAsFollower
2019-07-14 06:46:41,874 INFO  impl.RoleInfo (RoleInfo.java:updateAndGet(143)) - 6d86978c-91b9-400a-b1f8-00886c1cdbb2: start FollowerState
2019-07-14 06:46:41,874 INFO  util.JmxRegister (JmxRegister.java:tryRegister(44)) - Successfully registered JMX Bean with object name Ratis:service=RaftServer,group=group-1C5EDFF6711E,id=6d86978c-91b9-400a-b1f8-00886c1cdbb2
2019-07-14 06:46:41,875 INFO  ozone.MiniOzoneClusterImpl (MiniOzoneClusterImpl.java:getStorageContainerLocationClient(241)) - Creating StorageContainerLocationProtocol RPC client with address /0.0.0.0:38753
2019-07-14 06:46:41,881 INFO  pipeline.PipelineStateManager (PipelineStateManager.java:addPipeline(56)) - Created pipeline Pipeline[ Id: 30358e6d-436f-4fa5-8af3-1c5edff6711e, Nodes: 6d86978c-91b9-400a-b1f8-00886c1cdbb2{ip: 192.168.5.144, host: trunk-nightly-8c95p-1540871953, networkLocation: /default-rack, certSerialId: null}, Type:RATIS, Factor:ONE, State:OPEN]
2019-07-14 06:46:41,928 INFO  client.GrpcClientProtocolClient (GrpcClientProtocolClient.java:onNext(255)) - client-95F5B94B6469->0600c2b4-e1a3-427a-9fdb-084c61ff69c5: receive RaftClientReply:client-95F5B94B6469->0600c2b4-e1a3-427a-9fdb-084c61ff69c5@group-EB97A7CAAE95, cid=38, FAILED org.apache.ratis.protocol.NotLeaderException: Server 0600c2b4-e1a3-427a-9fdb-084c61ff69c5 is not the leader (null). Request must be sent to leader., logIndex=0, commits[0600c2b4-e1a3-427a-9fdb-084c61ff69c5:c-1]
2019-07-14 06:46:42,964 INFO  client.GrpcClientProtocolClient (GrpcClientProtocolClient.java:onNext(255)) - client-95F5B94B6469->d1bc6e12-59df-498f-9de7-253310cec742: receive RaftClientReply:client-95F5B94B6469->d1bc6e12-59df-498f-9de7-253310cec742@group-EB97A7CAAE95, cid=38, FAILED org.apache.ratis.protocol.NotLeaderException: Server d1bc6e12-59df-498f-9de7-253310cec742 is not the leader (null). Request must be sent to leader., logIndex=0, commits[d1bc6e12-59df-498f-9de7-253310cec742:c-1]
2019-07-14 06:46:43,502 INFO  container.ReplicationManager (ReplicationManager.java:start(155)) - Starting Replication Monitor Thread.
2019-07-14 06:46:43,508 INFO  container.ReplicationManager (ReplicationManager.java:run(207)) - Replication Monitor Thread took 0 milliseconds for processing 1 containers.
2019-07-14 06:46:44,002 INFO  client.GrpcClientProtocolClient (GrpcClientProtocolClient.java:onNext(255)) - client-95F5B94B6469->5fa73f57-633f-4a9e-be98-152ac70662dd: receive RaftClientReply:client-95F5B94B6469->5fa73f57-633f-4a9e-be98-152ac70662dd@group-EB97A7CAAE95, cid=38, FAILED org.apache.ratis.protocol.NotLeaderException: Server 5fa73f57-633f-4a9e-be98-152ac70662dd is not the leader (null). Request must be sent to leader., logIndex=0, commits[5fa73f57-633f-4a9e-be98-152ac70662dd:c-1]
2019-07-14 06:46:45,046 INFO  client.GrpcClientProtocolClient (GrpcClientProtocolClient.java:onNext(255)) - client-95F5B94B6469->d1bc6e12-59df-498f-9de7-253310cec742: receive RaftClientReply:client-95F5B94B6469->d1bc6e12-59df-498f-9de7-253310cec742@group-EB97A7CAAE95, cid=38, FAILED org.apache.ratis.protocol.NotLeaderException: Server d1bc6e12-59df-498f-9de7-253310cec742 is not the leader (null). Request must be sent to leader., logIndex=0, commits[d1bc6e12-59df-498f-9de7-253310cec742:c-1]
2019-07-14 06:46:45,595 INFO  impl.FollowerState (FollowerState.java:run(106)) - d1bc6e12-59df-498f-9de7-253310cec742:group-1E128D6244C0 changes to CANDIDATE, lastRpcTime:5038, electionTimeout:5038ms
2019-07-14 06:46:45,596 INFO  impl.RoleInfo (RoleInfo.java:shutdownFollowerState(121)) - d1bc6e12-59df-498f-9de7-253310cec742: shutdown FollowerState
2019-07-14 06:46:45,596 INFO  impl.RaftServerImpl (RaftServerImpl.java:setRole(171)) - d1bc6e12-59df-498f-9de7-253310cec742:group-1E128D6244C0 changes role from FOLLOWER to CANDIDATE at term 0 for changeToCandidate
2019-07-14 06:46:45,596 INFO  impl.RoleInfo (RoleInfo.java:updateAndGet(143)) - d1bc6e12-59df-498f-9de7-253310cec742: start LeaderElection
2019-07-14 06:46:45,629 INFO  impl.LeaderElection (LeaderElection.java:askForVotes(181)) - d1bc6e12-59df-498f-9de7-253310cec742:group-1E128D6244C0:LeaderElection11: begin an election at term 1 for -1: [d1bc6e12-59df-498f-9de7-253310cec742:192.168.5.144:34018], old=null
2019-07-14 06:46:45,630 INFO  impl.RoleInfo (RoleInfo.java:shutdownLeaderElection(134)) - d1bc6e12-59df-498f-9de7-253310cec742: shutdown LeaderElection
2019-07-14 06:46:45,630 INFO  impl.RaftServerImpl (RaftServerImpl.java:setRole(171)) - d1bc6e12-59df-498f-9de7-253310cec742:group-1E128D6244C0 changes role from CANDIDATE to LEADER at term 1 for changeToLeader
2019-07-14 06:46:45,630 INFO  impl.RaftServerImpl (ServerState.java:setLeader(263)) - d1bc6e12-59df-498f-9de7-253310cec742:group-1E128D6244C0 change Leader from null to d1bc6e12-59df-498f-9de7-253310cec742 at term 1 for becomeLeader, leader elected after 5079ms
2019-07-14 06:46:45,630 INFO  server.RaftServerConfigKeys (ConfUtils.java:logGet(43)) - raft.server.staging.catchup.gap = 1000 (default)
2019-07-14 06:46:45,631 INFO  server.RaftServerConfigKeys (ConfUtils.java:logGet(43)) - raft.server.rpc.sleep.time = 25ms (default)
2019-07-14 06:46:45,631 INFO  server.RaftServerConfigKeys (ConfUtils.java:logGet(43)) - raft.server.write.element-limit = 4096 (default)
2019-07-14 06:46:45,631 INFO  server.RaftServerConfigKeys (ConfUtils.java:logGet(43)) - raft.server.watch.timeout = 10s (default)
2019-07-14 06:46:45,631 INFO  server.RaftServerConfigKeys (ConfUtils.java:logGet(43)) - raft.server.watch.timeout.denomination = 1s (default)
2019-07-14 06:46:45,632 INFO  server.RaftServerConfigKeys (ConfUtils.java:logGet(43)) - raft.server.watch.element-limit = 65536 (default)
2019-07-14 06:46:45,632 INFO  impl.RoleInfo (RoleInfo.java:updateAndGet(143)) - d1bc6e12-59df-498f-9de7-253310cec742: start LeaderState
2019-07-14 06:46:45,632 INFO  segmented.SegmentedRaftLogWorker (SegmentedRaftLogWorker.java:startLogSegment(380)) - d1bc6e12-59df-498f-9de7-253310cec742-SegmentedRaftLogWorker:Storage Directory /tmp/workdir/hadoop-ozone/integration-test/target/test-dir/MiniOzoneClusterImpl-8946ae17-0b67-4499-8112-9a6f091c9538/datanode-0/data/ratis/c3f3cfb8-115a-4168-9c64-1e128d6244c0: Starting segment from index:0
2019-07-14 06:46:45,633 INFO  impl.RaftServerImpl (ServerState.java:setRaftConf(361)) - d1bc6e12-59df-498f-9de7-253310cec742:group-1E128D6244C0 set configuration 0: [d1bc6e12-59df-498f-9de7-253310cec742:192.168.5.144:34018], old=null at 0
2019-07-14 06:46:45,655 INFO  segmented.SegmentedRaftLogWorker (SegmentedRaftLogWorker.java:execute(569)) - d1bc6e12-59df-498f-9de7-253310cec742-SegmentedRaftLogWorker:Storage Directory /tmp/workdir/hadoop-ozone/integration-test/target/test-dir/MiniOzoneClusterImpl-8946ae17-0b67-4499-8112-9a6f091c9538/datanode-0/data/ratis/c3f3cfb8-115a-4168-9c64-1e128d6244c0: created new log segment /tmp/workdir/hadoop-ozone/integration-test/target/test-dir/MiniOzoneClusterImpl-8946ae17-0b67-4499-8112-9a6f091c9538/datanode-0/data/ratis/c3f3cfb8-115a-4168-9c64-1e128d6244c0/current/log_inprogress_0
2019-07-14 06:46:45,837 INFO  impl.FollowerState (FollowerState.java:run(106)) - 5fa73f57-633f-4a9e-be98-152ac70662dd:group-B25DB493A006 changes to CANDIDATE, lastRpcTime:5059, electionTimeout:5059ms
2019-07-14 06:46:45,837 INFO  impl.RoleInfo (RoleInfo.java:shutdownFollowerState(121)) - 5fa73f57-633f-4a9e-be98-152ac70662dd: shutdown FollowerState
2019-07-14 06:46:45,837 INFO  impl.RaftServerImpl (RaftServerImpl.java:setRole(171)) - 5fa73f57-633f-4a9e-be98-152ac70662dd:group-B25DB493A006 changes role from FOLLOWER to CANDIDATE at term 0 for changeToCandidate
2019-07-14 06:46:45,837 INFO  impl.RoleInfo (RoleInfo.java:updateAndGet(143)) - 5fa73f57-633f-4a9e-be98-152ac70662dd: start LeaderElection
2019-07-14 06:46:45,860 INFO  impl.LeaderElection (LeaderElection.java:askForVotes(181)) - 5fa73f57-633f-4a9e-be98-152ac70662dd:group-B25DB493A006:LeaderElection12: begin an election at term 1 for -1: [5fa73f57-633f-4a9e-be98-152ac70662dd:192.168.5.144:32781], old=null
2019-07-14 06:46:45,860 INFO  impl.RoleInfo (RoleInfo.java:shutdownLeaderElection(134)) - 5fa73f57-633f-4a9e-be98-152ac70662dd: shutdown LeaderElection
2019-07-14 06:46:45,860 INFO  impl.RaftServerImpl (RaftServerImpl.java:setRole(171)) - 5fa73f57-633f-4a9e-be98-152ac70662dd:group-B25DB493A006 changes role from CANDIDATE to LEADER at term 1 for changeToLeader
2019-07-14 06:46:45,860 INFO  impl.RaftServerImpl (ServerState.java:setLeader(263)) - 5fa73f57-633f-4a9e-be98-152ac70662dd:group-B25DB493A006 change Leader from null to 5fa73f57-633f-4a9e-be98-152ac70662dd at term 1 for becomeLeader, leader elected after 5087ms
2019-07-14 06:46:45,861 INFO  server.RaftServerConfigKeys (ConfUtils.java:logGet(43)) - raft.server.staging.catchup.gap = 1000 (default)
2019-07-14 06:46:45,861 INFO  server.RaftServerConfigKeys (ConfUtils.java:logGet(43)) - raft.server.rpc.sleep.time = 25ms (default)
2019-07-14 06:46:45,861 INFO  server.RaftServerConfigKeys (ConfUtils.java:logGet(43)) - raft.server.write.element-limit = 4096 (default)
2019-07-14 06:46:45,861 INFO  server.RaftServerConfigKeys (ConfUtils.java:logGet(43)) - raft.server.watch.timeout = 10s (default)
2019-07-14 06:46:45,861 INFO  server.RaftServerConfigKeys (ConfUtils.java:logGet(43)) - raft.server.watch.timeout.denomination = 1s (default)
2019-07-14 06:46:45,862 INFO  server.RaftServerConfigKeys (ConfUtils.java:logGet(43)) - raft.server.watch.element-limit = 65536 (default)
2019-07-14 06:46:45,862 INFO  impl.RoleInfo (RoleInfo.java:updateAndGet(143)) - 5fa73f57-633f-4a9e-be98-152ac70662dd: start LeaderState
2019-07-14 06:46:45,862 INFO  segmented.SegmentedRaftLogWorker (SegmentedRaftLogWorker.java:startLogSegment(380)) - 5fa73f57-633f-4a9e-be98-152ac70662dd-SegmentedRaftLogWorker:Storage Directory /tmp/workdir/hadoop-ozone/integration-test/target/test-dir/MiniOzoneClusterImpl-8946ae17-0b67-4499-8112-9a6f091c9538/datanode-1/data/ratis/b5731a36-d099-448d-8df6-b25db493a006: Starting segment from index:0
2019-07-14 06:46:45,863 INFO  impl.RaftServerImpl (ServerState.java:setRaftConf(361)) - 5fa73f57-633f-4a9e-be98-152ac70662dd:group-B25DB493A006 set configuration 0: [5fa73f57-633f-4a9e-be98-152ac70662dd:192.168.5.144:32781], old=null at 0
2019-07-14 06:46:45,895 INFO  segmented.SegmentedRaftLogWorker (SegmentedRaftLogWorker.java:execute(569)) - 5fa73f57-633f-4a9e-be98-152ac70662dd-SegmentedRaftLogWorker:Storage Directory /tmp/workdir/hadoop-ozone/integration-test/target/test-dir/MiniOzoneClusterImpl-8946ae17-0b67-4499-8112-9a6f091c9538/datanode-1/data/ratis/b5731a36-d099-448d-8df6-b25db493a006: created new log segment /tmp/workdir/hadoop-ozone/integration-test/target/test-dir/MiniOzoneClusterImpl-8946ae17-0b67-4499-8112-9a6f091c9538/datanode-1/data/ratis/b5731a36-d099-448d-8df6-b25db493a006/current/log_inprogress_0
2019-07-14 06:46:46,001 INFO  impl.FollowerState (FollowerState.java:run(106)) - 0600c2b4-e1a3-427a-9fdb-084c61ff69c5:group-B23DA11A7034 changes to CANDIDATE, lastRpcTime:5008, electionTimeout:5008ms
2019-07-14 06:46:46,001 INFO  impl.RoleInfo (RoleInfo.java:shutdownFollowerState(121)) - 0600c2b4-e1a3-427a-9fdb-084c61ff69c5: shutdown FollowerState
2019-07-14 06:46:46,002 INFO  impl.RaftServerImpl (RaftServerImpl.java:setRole(171)) - 0600c2b4-e1a3-427a-9fdb-084c61ff69c5:group-B23DA11A7034 changes role from FOLLOWER to CANDIDATE at term 0 for changeToCandidate
2019-07-14 06:46:46,002 INFO  impl.RoleInfo (RoleInfo.java:updateAndGet(143)) - 0600c2b4-e1a3-427a-9fdb-084c61ff69c5: start LeaderElection
2019-07-14 06:46:46,019 INFO  impl.LeaderElection (LeaderElection.java:askForVotes(181)) - 0600c2b4-e1a3-427a-9fdb-084c61ff69c5:group-B23DA11A7034:LeaderElection13: begin an election at term 1 for -1: [0600c2b4-e1a3-427a-9fdb-084c61ff69c5:192.168.5.144:43047], old=null
2019-07-14 06:46:46,020 INFO  impl.RoleInfo (RoleInfo.java:shutdownLeaderElection(134)) - 0600c2b4-e1a3-427a-9fdb-084c61ff69c5: shutdown LeaderElection
2019-07-14 06:46:46,020 INFO  impl.RaftServerImpl (RaftServerImpl.java:setRole(171)) - 0600c2b4-e1a3-427a-9fdb-084c61ff69c5:group-B23DA11A7034 changes role from CANDIDATE to LEADER at term 1 for changeToLeader
2019-07-14 06:46:46,021 INFO  impl.RaftServerImpl (ServerState.java:setLeader(263)) - 0600c2b4-e1a3-427a-9fdb-084c61ff69c5:group-B23DA11A7034 change Leader from null to 0600c2b4-e1a3-427a-9fdb-084c61ff69c5 at term 1 for becomeLeader, leader elected after 5032ms
2019-07-14 06:46:46,021 INFO  server.RaftServerConfigKeys (ConfUtils.java:logGet(43)) - raft.server.staging.catchup.gap = 1000 (default)
2019-07-14 06:46:46,021 INFO  server.RaftServerConfigKeys (ConfUtils.java:logGet(43)) - raft.server.rpc.sleep.time = 25ms (default)
2019-07-14 06:46:46,021 INFO  server.RaftServerConfigKeys (ConfUtils.java:logGet(43)) - raft.server.write.element-limit = 4096 (default)
2019-07-14 06:46:46,021 INFO  server.RaftServerConfigKeys (ConfUtils.java:logGet(43)) - raft.server.watch.timeout = 10s (default)
2019-07-14 06:46:46,022 INFO  server.RaftServerConfigKeys (ConfUtils.java:logGet(43)) - raft.server.watch.timeout.denomination = 1s (default)
2019-07-14 06:46:46,022 INFO  server.RaftServerConfigKeys (ConfUtils.java:logGet(43)) - raft.server.watch.element-limit = 65536 (default)
2019-07-14 06:46:46,022 INFO  impl.RoleInfo (RoleInfo.java:updateAndGet(143)) - 0600c2b4-e1a3-427a-9fdb-084c61ff69c5: start LeaderState
2019-07-14 06:46:46,022 INFO  segmented.SegmentedRaftLogWorker (SegmentedRaftLogWorker.java:startLogSegment(380)) - 0600c2b4-e1a3-427a-9fdb-084c61ff69c5-SegmentedRaftLogWorker:Storage Directory /tmp/workdir/hadoop-ozone/integration-test/target/test-dir/MiniOzoneClusterImpl-8946ae17-0b67-4499-8112-9a6f091c9538/datanode-2/data/ratis/08cc3815-7b81-41db-9a49-b23da11a7034: Starting segment from index:0
2019-07-14 06:46:46,024 INFO  impl.RaftServerImpl (ServerState.java:setRaftConf(361)) - 0600c2b4-e1a3-427a-9fdb-084c61ff69c5:group-B23DA11A7034 set configuration 0: [0600c2b4-e1a3-427a-9fdb-084c61ff69c5:192.168.5.144:43047], old=null at 0
2019-07-14 06:46:46,055 INFO  segmented.SegmentedRaftLogWorker (SegmentedRaftLogWorker.java:execute(569)) - 0600c2b4-e1a3-427a-9fdb-084c61ff69c5-SegmentedRaftLogWorker:Storage Directory /tmp/workdir/hadoop-ozone/integration-test/target/test-dir/MiniOzoneClusterImpl-8946ae17-0b67-4499-8112-9a6f091c9538/datanode-2/data/ratis/08cc3815-7b81-41db-9a49-b23da11a7034: created new log segment /tmp/workdir/hadoop-ozone/integration-test/target/test-dir/MiniOzoneClusterImpl-8946ae17-0b67-4499-8112-9a6f091c9538/datanode-2/data/ratis/08cc3815-7b81-41db-9a49-b23da11a7034/current/log_inprogress_0
2019-07-14 06:46:46,071 INFO  client.GrpcClientProtocolClient (GrpcClientProtocolClient.java:onNext(255)) - client-95F5B94B6469->0600c2b4-e1a3-427a-9fdb-084c61ff69c5: receive RaftClientReply:client-95F5B94B6469->0600c2b4-e1a3-427a-9fdb-084c61ff69c5@group-EB97A7CAAE95, cid=38, FAILED org.apache.ratis.protocol.NotLeaderException: Server 0600c2b4-e1a3-427a-9fdb-084c61ff69c5 is not the leader (null). Request must be sent to leader., logIndex=0, commits[0600c2b4-e1a3-427a-9fdb-084c61ff69c5:c-1]
2019-07-14 06:46:46,130 INFO  impl.FollowerState (FollowerState.java:run(106)) - 5fa73f57-633f-4a9e-be98-152ac70662dd:group-EB97A7CAAE95 changes to CANDIDATE, lastRpcTime:5032, electionTimeout:5028ms
2019-07-14 06:46:46,130 INFO  impl.RoleInfo (RoleInfo.java:shutdownFollowerState(121)) - 5fa73f57-633f-4a9e-be98-152ac70662dd: shutdown FollowerState
2019-07-14 06:46:46,130 INFO  impl.RaftServerImpl (RaftServerImpl.java:setRole(171)) - 5fa73f57-633f-4a9e-be98-152ac70662dd:group-EB97A7CAAE95 changes role from FOLLOWER to CANDIDATE at term 0 for changeToCandidate
2019-07-14 06:46:46,130 INFO  impl.RoleInfo (RoleInfo.java:updateAndGet(143)) - 5fa73f57-633f-4a9e-be98-152ac70662dd: start LeaderElection
2019-07-14 06:46:46,145 INFO  impl.FollowerState (FollowerState.java:run(106)) - 0600c2b4-e1a3-427a-9fdb-084c61ff69c5:group-EB97A7CAAE95 changes to CANDIDATE, lastRpcTime:5054, electionTimeout:5054ms
2019-07-14 06:46:46,146 INFO  impl.RoleInfo (RoleInfo.java:shutdownFollowerState(121)) - 0600c2b4-e1a3-427a-9fdb-084c61ff69c5: shutdown FollowerState
2019-07-14 06:46:46,146 INFO  impl.RaftServerImpl (RaftServerImpl.java:setRole(171)) - 0600c2b4-e1a3-427a-9fdb-084c61ff69c5:group-EB97A7CAAE95 changes role from FOLLOWER to CANDIDATE at term 0 for changeToCandidate
2019-07-14 06:46:46,146 INFO  impl.RoleInfo (RoleInfo.java:updateAndGet(143)) - 0600c2b4-e1a3-427a-9fdb-084c61ff69c5: start LeaderElection
2019-07-14 06:46:46,150 INFO  impl.LeaderElection (LeaderElection.java:askForVotes(181)) - 5fa73f57-633f-4a9e-be98-152ac70662dd:group-EB97A7CAAE95:LeaderElection14: begin an election at term 1 for -1: [d1bc6e12-59df-498f-9de7-253310cec742:192.168.5.144:34018, 0600c2b4-e1a3-427a-9fdb-084c61ff69c5:192.168.5.144:43047, 5fa73f57-633f-4a9e-be98-152ac70662dd:192.168.5.144:32781], old=null
2019-07-14 06:46:46,160 INFO  impl.RaftServerImpl (RaftServerImpl.java:setRole(171)) - d1bc6e12-59df-498f-9de7-253310cec742:group-EB97A7CAAE95 changes role from FOLLOWER to FOLLOWER at term 1 for recognizeCandidate:5fa73f57-633f-4a9e-be98-152ac70662dd
2019-07-14 06:46:46,160 INFO  impl.RoleInfo (RoleInfo.java:shutdownFollowerState(121)) - d1bc6e12-59df-498f-9de7-253310cec742: shutdown FollowerState
2019-07-14 06:46:46,160 INFO  impl.RoleInfo (RoleInfo.java:updateAndGet(143)) - d1bc6e12-59df-498f-9de7-253310cec742: start FollowerState
2019-07-14 06:46:46,160 INFO  impl.FollowerState (FollowerState.java:run(114)) - d1bc6e12-59df-498f-9de7-253310cec742: FollowerState was interrupted: java.lang.InterruptedException: sleep interrupted
2019-07-14 06:46:46,161 INFO  impl.LeaderElection (LeaderElection.java:askForVotes(181)) - 0600c2b4-e1a3-427a-9fdb-084c61ff69c5:group-EB97A7CAAE95:LeaderElection15: begin an election at term 1 for -1: [d1bc6e12-59df-498f-9de7-253310cec742:192.168.5.144:34018, 0600c2b4-e1a3-427a-9fdb-084c61ff69c5:192.168.5.144:43047, 5fa73f57-633f-4a9e-be98-152ac70662dd:192.168.5.144:32781], old=null
2019-07-14 06:46:46,175 INFO  impl.LeaderElection (LeaderElection.java:logAndReturn(56)) - 5fa73f57-633f-4a9e-be98-152ac70662dd:group-EB97A7CAAE95:LeaderElection14: Election PASSED; received 2 response(s) [5fa73f57-633f-4a9e-be98-152ac70662dd<-d1bc6e12-59df-498f-9de7-253310cec742#0:OK-t1, 5fa73f57-633f-4a9e-be98-152ac70662dd<-0600c2b4-e1a3-427a-9fdb-084c61ff69c5#0:FAIL-t1] and 0 exception(s); 5fa73f57-633f-4a9e-be98-152ac70662dd:t1, leader=null, voted=5fa73f57-633f-4a9e-be98-152ac70662dd, raftlog=5fa73f57-633f-4a9e-be98-152ac70662dd-SegmentedRaftLog:OPENED:c-1,f-1,i0, conf=-1: [d1bc6e12-59df-498f-9de7-253310cec742:192.168.5.144:34018, 0600c2b4-e1a3-427a-9fdb-084c61ff69c5:192.168.5.144:43047, 5fa73f57-633f-4a9e-be98-152ac70662dd:192.168.5.144:32781], old=null
2019-07-14 06:46:46,176 INFO  impl.RoleInfo (RoleInfo.java:shutdownLeaderElection(134)) - 5fa73f57-633f-4a9e-be98-152ac70662dd: shutdown LeaderElection
2019-07-14 06:46:46,176 INFO  impl.RaftServerImpl (RaftServerImpl.java:setRole(171)) - 5fa73f57-633f-4a9e-be98-152ac70662dd:group-EB97A7CAAE95 changes role from CANDIDATE to LEADER at term 1 for changeToLeader
2019-07-14 06:46:46,176 INFO  impl.RaftServerImpl (ServerState.java:setLeader(263)) - 5fa73f57-633f-4a9e-be98-152ac70662dd:group-EB97A7CAAE95 change Leader from null to 5fa73f57-633f-4a9e-be98-152ac70662dd at term 1 for becomeLeader, leader elected after 5102ms
2019-07-14 06:46:46,192 INFO  impl.LeaderElection (LeaderElection.java:logAndReturn(56)) - 0600c2b4-e1a3-427a-9fdb-084c61ff69c5:group-EB97A7CAAE95:LeaderElection15: Election REJECTED; received 2 response(s) [0600c2b4-e1a3-427a-9fdb-084c61ff69c5<-d1bc6e12-59df-498f-9de7-253310cec742#0:FAIL-t1, 0600c2b4-e1a3-427a-9fdb-084c61ff69c5<-5fa73f57-633f-4a9e-be98-152ac70662dd#0:FAIL-t1] and 0 exception(s); 0600c2b4-e1a3-427a-9fdb-084c61ff69c5:t1, leader=null, voted=0600c2b4-e1a3-427a-9fdb-084c61ff69c5, raftlog=0600c2b4-e1a3-427a-9fdb-084c61ff69c5-SegmentedRaftLog:OPENED:c-1,f-1,i0, conf=-1: [d1bc6e12-59df-498f-9de7-253310cec742:192.168.5.144:34018, 0600c2b4-e1a3-427a-9fdb-084c61ff69c5:192.168.5.144:43047, 5fa73f57-633f-4a9e-be98-152ac70662dd:192.168.5.144:32781], old=null
2019-07-14 06:46:46,192 INFO  server.RaftServerConfigKeys (ConfUtils.java:logGet(43)) - raft.server.staging.catchup.gap = 1000 (default)
2019-07-14 06:46:46,192 INFO  impl.RaftServerImpl (RaftServerImpl.java:setRole(171)) - 0600c2b4-e1a3-427a-9fdb-084c61ff69c5:group-EB97A7CAAE95 changes role from CANDIDATE to FOLLOWER at term 1 for DISCOVERED_A_NEW_TERM
2019-07-14 06:46:46,192 INFO  server.RaftServerConfigKeys (ConfUtils.java:logGet(43)) - raft.server.rpc.sleep.time = 25ms (default)
2019-07-14 06:46:46,192 INFO  impl.RoleInfo (RoleInfo.java:shutdownLeaderElection(134)) - 0600c2b4-e1a3-427a-9fdb-084c61ff69c5: shutdown LeaderElection
2019-07-14 06:46:46,192 INFO  server.RaftServerConfigKeys (ConfUtils.java:logGet(43)) - raft.server.write.element-limit = 4096 (default)
2019-07-14 06:46:46,192 INFO  impl.RoleInfo (RoleInfo.java:updateAndGet(143)) - 0600c2b4-e1a3-427a-9fdb-084c61ff69c5: start FollowerState
2019-07-14 06:46:46,193 INFO  server.RaftServerConfigKeys (ConfUtils.java:logGet(43)) - raft.server.watch.timeout = 10s (default)
2019-07-14 06:46:46,193 INFO  server.RaftServerConfigKeys (ConfUtils.java:logGet(43)) - raft.server.watch.timeout.denomination = 1s (default)
2019-07-14 06:46:46,193 INFO  server.RaftServerConfigKeys (ConfUtils.java:logGet(43)) - raft.server.watch.element-limit = 65536 (default)
2019-07-14 06:46:46,193 INFO  server.RaftServerConfigKeys (ConfUtils.java:logGet(43)) - raft.server.log.appender.snapshot.chunk.size.max = 16MB (=16777216) (default)
2019-07-14 06:46:46,193 INFO  server.RaftServerConfigKeys (ConfUtils.java:logGet(43)) - raft.server.log.appender.buffer.byte-limit = 33554432 (custom)
2019-07-14 06:46:46,194 INFO  server.RaftServerConfigKeys (ConfUtils.java:logGet(43)) - raft.server.log.appender.buffer.element-limit = 1 (custom)
2019-07-14 06:46:46,194 INFO  grpc.GrpcConfigKeys$Server (ConfUtils.java:logGet(43)) - raft.grpc.server.leader.outstanding.appends.max = 128 (default)
2019-07-14 06:46:46,194 INFO  server.RaftServerConfigKeys (ConfUtils.java:logGet(43)) - raft.server.rpc.request.timeout = 3000ms (default)
2019-07-14 06:46:46,194 INFO  server.RaftServerConfigKeys (ConfUtils.java:logGet(43)) - raft.server.log.appender.install.snapshot.enabled = false (custom)
2019-07-14 06:46:46,195 INFO  server.RaftServerConfigKeys (ConfUtils.java:logGet(43)) - raft.server.log.appender.snapshot.chunk.size.max = 16MB (=16777216) (default)
2019-07-14 06:46:46,195 INFO  server.RaftServerConfigKeys (ConfUtils.java:logGet(43)) - raft.server.log.appender.buffer.byte-limit = 33554432 (custom)
2019-07-14 06:46:46,195 INFO  server.RaftServerConfigKeys (ConfUtils.java:logGet(43)) - raft.server.log.appender.buffer.element-limit = 1 (custom)
2019-07-14 06:46:46,195 INFO  grpc.GrpcConfigKeys$Server (ConfUtils.java:logGet(43)) - raft.grpc.server.leader.outstanding.appends.max = 128 (default)
2019-07-14 06:46:46,195 INFO  server.RaftServerConfigKeys (ConfUtils.java:logGet(43)) - raft.server.rpc.request.timeout = 3000ms (default)
2019-07-14 06:46:46,196 INFO  server.RaftServerConfigKeys (ConfUtils.java:logGet(43)) - raft.server.log.appender.install.snapshot.enabled = false (custom)
2019-07-14 06:46:46,196 INFO  impl.RoleInfo (RoleInfo.java:updateAndGet(143)) - 5fa73f57-633f-4a9e-be98-152ac70662dd: start LeaderState
2019-07-14 06:46:46,196 INFO  segmented.SegmentedRaftLogWorker (SegmentedRaftLogWorker.java:startLogSegment(380)) - 5fa73f57-633f-4a9e-be98-152ac70662dd-SegmentedRaftLogWorker:Storage Directory /tmp/workdir/hadoop-ozone/integration-test/target/test-dir/MiniOzoneClusterImpl-8946ae17-0b67-4499-8112-9a6f091c9538/datanode-1/data/ratis/07cef996-f2d5-42ba-a83c-eb97a7caae95: Starting segment from index:0
2019-07-14 06:46:46,197 INFO  impl.RaftServerImpl (ServerState.java:setRaftConf(361)) - 5fa73f57-633f-4a9e-be98-152ac70662dd:group-EB97A7CAAE95 set configuration 0: [d1bc6e12-59df-498f-9de7-253310cec742:192.168.5.144:34018, 0600c2b4-e1a3-427a-9fdb-084c61ff69c5:192.168.5.144:43047, 5fa73f57-633f-4a9e-be98-152ac70662dd:192.168.5.144:32781], old=null at 0
2019-07-14 06:46:46,199 INFO  impl.RaftServerImpl (ServerState.java:setLeader(263)) - d1bc6e12-59df-498f-9de7-253310cec742:group-EB97A7CAAE95 change Leader from null to 5fa73f57-633f-4a9e-be98-152ac70662dd at term 1 for appendEntries, leader elected after 5125ms
2019-07-14 06:46:46,199 INFO  impl.RaftServerImpl (ServerState.java:setLeader(263)) - 0600c2b4-e1a3-427a-9fdb-084c61ff69c5:group-EB97A7CAAE95 change Leader from null to 5fa73f57-633f-4a9e-be98-152ac70662dd at term 1 for appendEntries, leader elected after 5125ms
2019-07-14 06:46:46,202 INFO  impl.RaftServerImpl (ServerState.java:setRaftConf(361)) - d1bc6e12-59df-498f-9de7-253310cec742:group-EB97A7CAAE95 set configuration 0: [d1bc6e12-59df-498f-9de7-253310cec742:192.168.5.144:34018, 0600c2b4-e1a3-427a-9fdb-084c61ff69c5:192.168.5.144:43047, 5fa73f57-633f-4a9e-be98-152ac70662dd:192.168.5.144:32781], old=null at 0
2019-07-14 06:46:46,202 INFO  impl.RaftServerImpl (ServerState.java:setRaftConf(361)) - 0600c2b4-e1a3-427a-9fdb-084c61ff69c5:group-EB97A7CAAE95 set configuration 0: [d1bc6e12-59df-498f-9de7-253310cec742:192.168.5.144:34018, 0600c2b4-e1a3-427a-9fdb-084c61ff69c5:192.168.5.144:43047, 5fa73f57-633f-4a9e-be98-152ac70662dd:192.168.5.144:32781], old=null at 0
2019-07-14 06:46:46,202 INFO  segmented.SegmentedRaftLogWorker (SegmentedRaftLogWorker.java:startLogSegment(380)) - d1bc6e12-59df-498f-9de7-253310cec742-SegmentedRaftLogWorker:Storage Directory /tmp/workdir/hadoop-ozone/integration-test/target/test-dir/MiniOzoneClusterImpl-8946ae17-0b67-4499-8112-9a6f091c9538/datanode-0/data/ratis/07cef996-f2d5-42ba-a83c-eb97a7caae95: Starting segment from index:0
2019-07-14 06:46:46,203 INFO  segmented.SegmentedRaftLogWorker (SegmentedRaftLogWorker.java:startLogSegment(380)) - 0600c2b4-e1a3-427a-9fdb-084c61ff69c5-SegmentedRaftLogWorker:Storage Directory /tmp/workdir/hadoop-ozone/integration-test/target/test-dir/MiniOzoneClusterImpl-8946ae17-0b67-4499-8112-9a6f091c9538/datanode-2/data/ratis/07cef996-f2d5-42ba-a83c-eb97a7caae95: Starting segment from index:0
2019-07-14 06:46:46,222 INFO  segmented.SegmentedRaftLogWorker (SegmentedRaftLogWorker.java:execute(569)) - 0600c2b4-e1a3-427a-9fdb-084c61ff69c5-SegmentedRaftLogWorker:Storage Directory /tmp/workdir/hadoop-ozone/integration-test/target/test-dir/MiniOzoneClusterImpl-8946ae17-0b67-4499-8112-9a6f091c9538/datanode-2/data/ratis/07cef996-f2d5-42ba-a83c-eb97a7caae95: created new log segment /tmp/workdir/hadoop-ozone/integration-test/target/test-dir/MiniOzoneClusterImpl-8946ae17-0b67-4499-8112-9a6f091c9538/datanode-2/data/ratis/07cef996-f2d5-42ba-a83c-eb97a7caae95/current/log_inprogress_0
2019-07-14 06:46:46,222 INFO  segmented.SegmentedRaftLogWorker (SegmentedRaftLogWorker.java:execute(569)) - 5fa73f57-633f-4a9e-be98-152ac70662dd-SegmentedRaftLogWorker:Storage Directory /tmp/workdir/hadoop-ozone/integration-test/target/test-dir/MiniOzoneClusterImpl-8946ae17-0b67-4499-8112-9a6f091c9538/datanode-1/data/ratis/07cef996-f2d5-42ba-a83c-eb97a7caae95: created new log segment /tmp/workdir/hadoop-ozone/integration-test/target/test-dir/MiniOzoneClusterImpl-8946ae17-0b67-4499-8112-9a6f091c9538/datanode-1/data/ratis/07cef996-f2d5-42ba-a83c-eb97a7caae95/current/log_inprogress_0
2019-07-14 06:46:46,222 INFO  segmented.SegmentedRaftLogWorker (SegmentedRaftLogWorker.java:execute(569)) - d1bc6e12-59df-498f-9de7-253310cec742-SegmentedRaftLogWorker:Storage Directory /tmp/workdir/hadoop-ozone/integration-test/target/test-dir/MiniOzoneClusterImpl-8946ae17-0b67-4499-8112-9a6f091c9538/datanode-0/data/ratis/07cef996-f2d5-42ba-a83c-eb97a7caae95: created new log segment /tmp/workdir/hadoop-ozone/integration-test/target/test-dir/MiniOzoneClusterImpl-8946ae17-0b67-4499-8112-9a6f091c9538/datanode-0/data/ratis/07cef996-f2d5-42ba-a83c-eb97a7caae95/current/log_inprogress_0
2019-07-14 06:46:46,367 INFO  impl.FollowerState (FollowerState.java:run(106)) - f267d4b1-2568-4011-9b66-4aa82a3a0a4e:group-7E91DE0D334C changes to CANDIDATE, lastRpcTime:5164, electionTimeout:5164ms
2019-07-14 06:46:46,367 INFO  impl.RoleInfo (RoleInfo.java:shutdownFollowerState(121)) - f267d4b1-2568-4011-9b66-4aa82a3a0a4e: shutdown FollowerState
2019-07-14 06:46:46,368 INFO  impl.RaftServerImpl (RaftServerImpl.java:setRole(171)) - f267d4b1-2568-4011-9b66-4aa82a3a0a4e:group-7E91DE0D334C changes role from FOLLOWER to CANDIDATE at term 0 for changeToCandidate
2019-07-14 06:46:46,368 INFO  impl.RoleInfo (RoleInfo.java:updateAndGet(143)) - f267d4b1-2568-4011-9b66-4aa82a3a0a4e: start LeaderElection
2019-07-14 06:46:46,430 INFO  impl.LeaderElection (LeaderElection.java:askForVotes(181)) - f267d4b1-2568-4011-9b66-4aa82a3a0a4e:group-7E91DE0D334C:LeaderElection16: begin an election at term 1 for -1: [f267d4b1-2568-4011-9b66-4aa82a3a0a4e:192.168.5.144:46489], old=null
2019-07-14 06:46:46,431 INFO  impl.RoleInfo (RoleInfo.java:shutdownLeaderElection(134)) - f267d4b1-2568-4011-9b66-4aa82a3a0a4e: shutdown LeaderElection
2019-07-14 06:46:46,431 INFO  impl.RaftServerImpl (RaftServerImpl.java:setRole(171)) - f267d4b1-2568-4011-9b66-4aa82a3a0a4e:group-7E91DE0D334C changes role from CANDIDATE to LEADER at term 1 for changeToLeader
2019-07-14 06:46:46,431 INFO  impl.RaftServerImpl (ServerState.java:setLeader(263)) - f267d4b1-2568-4011-9b66-4aa82a3a0a4e:group-7E91DE0D334C change Leader from null to f267d4b1-2568-4011-9b66-4aa82a3a0a4e at term 1 for becomeLeader, leader elected after 5232ms
2019-07-14 06:46:46,431 INFO  server.RaftServerConfigKeys (ConfUtils.java:logGet(43)) - raft.server.staging.catchup.gap = 1000 (default)
2019-07-14 06:46:46,431 INFO  server.RaftServerConfigKeys (ConfUtils.java:logGet(43)) - raft.server.rpc.sleep.time = 25ms (default)
2019-07-14 06:46:46,431 INFO  server.RaftServerConfigKeys (ConfUtils.java:logGet(43)) - raft.server.write.element-limit = 4096 (default)
2019-07-14 06:46:46,432 INFO  server.RaftServerConfigKeys (ConfUtils.java:logGet(43)) - raft.server.watch.timeout = 10s (default)
2019-07-14 06:46:46,432 INFO  server.RaftServerConfigKeys (ConfUtils.java:logGet(43)) - raft.server.watch.timeout.denomination = 1s (default)
2019-07-14 06:46:46,432 INFO  server.RaftServerConfigKeys (ConfUtils.java:logGet(43)) - raft.server.watch.element-limit = 65536 (default)
2019-07-14 06:46:46,432 INFO  impl.RoleInfo (RoleInfo.java:updateAndGet(143)) - f267d4b1-2568-4011-9b66-4aa82a3a0a4e: start LeaderState
2019-07-14 06:46:46,432 INFO  segmented.SegmentedRaftLogWorker (SegmentedRaftLogWorker.java:startLogSegment(380)) - f267d4b1-2568-4011-9b66-4aa82a3a0a4e-SegmentedRaftLogWorker:Storage Directory /tmp/workdir/hadoop-ozone/integration-test/target/test-dir/MiniOzoneClusterImpl-8946ae17-0b67-4499-8112-9a6f091c9538/datanode-3/data/ratis/71b2c828-cc3c-4c47-9da0-7e91de0d334c: Starting segment from index:0
2019-07-14 06:46:46,433 INFO  impl.RaftServerImpl (ServerState.java:setRaftConf(361)) - f267d4b1-2568-4011-9b66-4aa82a3a0a4e:group-7E91DE0D334C set configuration 0: [f267d4b1-2568-4011-9b66-4aa82a3a0a4e:192.168.5.144:46489], old=null at 0
2019-07-14 06:46:46,466 INFO  segmented.SegmentedRaftLogWorker (SegmentedRaftLogWorker.java:execute(569)) - f267d4b1-2568-4011-9b66-4aa82a3a0a4e-SegmentedRaftLogWorker:Storage Directory /tmp/workdir/hadoop-ozone/integration-test/target/test-dir/MiniOzoneClusterImpl-8946ae17-0b67-4499-8112-9a6f091c9538/datanode-3/data/ratis/71b2c828-cc3c-4c47-9da0-7e91de0d334c: created new log segment /tmp/workdir/hadoop-ozone/integration-test/target/test-dir/MiniOzoneClusterImpl-8946ae17-0b67-4499-8112-9a6f091c9538/datanode-3/data/ratis/71b2c828-cc3c-4c47-9da0-7e91de0d334c/current/log_inprogress_0
2019-07-14 06:46:46,493 INFO  impl.FollowerState (FollowerState.java:run(106)) - 91194d66-7a62-4998-bfb7-ea7f33086451:group-BF56618940DD changes to CANDIDATE, lastRpcTime:5071, electionTimeout:5071ms
2019-07-14 06:46:46,493 INFO  impl.RoleInfo (RoleInfo.java:shutdownFollowerState(121)) - 91194d66-7a62-4998-bfb7-ea7f33086451: shutdown FollowerState
2019-07-14 06:46:46,493 INFO  impl.RaftServerImpl (RaftServerImpl.java:setRole(171)) - 91194d66-7a62-4998-bfb7-ea7f33086451:group-BF56618940DD changes role from FOLLOWER to CANDIDATE at term 0 for changeToCandidate
2019-07-14 06:46:46,494 INFO  impl.RoleInfo (RoleInfo.java:updateAndGet(143)) - 91194d66-7a62-4998-bfb7-ea7f33086451: start LeaderElection
2019-07-14 06:46:46,508 INFO  impl.LeaderElection (LeaderElection.java:askForVotes(181)) - 91194d66-7a62-4998-bfb7-ea7f33086451:group-BF56618940DD:LeaderElection17: begin an election at term 1 for -1: [91194d66-7a62-4998-bfb7-ea7f33086451:192.168.5.144:42246], old=null
2019-07-14 06:46:46,508 INFO  impl.RoleInfo (RoleInfo.java:shutdownLeaderElection(134)) - 91194d66-7a62-4998-bfb7-ea7f33086451: shutdown LeaderElection
2019-07-14 06:46:46,508 INFO  impl.RaftServerImpl (RaftServerImpl.java:setRole(171)) - 91194d66-7a62-4998-bfb7-ea7f33086451:group-BF56618940DD changes role from CANDIDATE to LEADER at term 1 for changeToLeader
2019-07-14 06:46:46,509 INFO  impl.RaftServerImpl (ServerState.java:setLeader(263)) - 91194d66-7a62-4998-bfb7-ea7f33086451:group-BF56618940DD change Leader from null to 91194d66-7a62-4998-bfb7-ea7f33086451 at term 1 for becomeLeader, leader elected after 5092ms
2019-07-14 06:46:46,509 INFO  server.RaftServerConfigKeys (ConfUtils.java:logGet(43)) - raft.server.staging.catchup.gap = 1000 (default)
2019-07-14 06:46:46,509 INFO  server.RaftServerConfigKeys (ConfUtils.java:logGet(43)) - raft.server.rpc.sleep.time = 25ms (default)
2019-07-14 06:46:46,509 INFO  server.RaftServerConfigKeys (ConfUtils.java:logGet(43)) - raft.server.write.element-limit = 4096 (default)
2019-07-14 06:46:46,509 INFO  server.RaftServerConfigKeys (ConfUtils.java:logGet(43)) - raft.server.watch.timeout = 10s (default)
2019-07-14 06:46:46,510 INFO  server.RaftServerConfigKeys (ConfUtils.java:logGet(43)) - raft.server.watch.timeout.denomination = 1s (default)
2019-07-14 06:46:46,510 INFO  server.RaftServerConfigKeys (ConfUtils.java:logGet(43)) - raft.server.watch.element-limit = 65536 (default)
2019-07-14 06:46:46,510 INFO  impl.RoleInfo (RoleInfo.java:updateAndGet(143)) - 91194d66-7a62-4998-bfb7-ea7f33086451: start LeaderState
2019-07-14 06:46:46,510 INFO  segmented.SegmentedRaftLogWorker (SegmentedRaftLogWorker.java:startLogSegment(380)) - 91194d66-7a62-4998-bfb7-ea7f33086451-SegmentedRaftLogWorker:Storage Directory /tmp/workdir/hadoop-ozone/integration-test/target/test-dir/MiniOzoneClusterImpl-8946ae17-0b67-4499-8112-9a6f091c9538/datanode-4/data/ratis/a8981e38-ae53-4268-98e1-bf56618940dd: Starting segment from index:0
2019-07-14 06:46:46,511 INFO  impl.RaftServerImpl (ServerState.java:setRaftConf(361)) - 91194d66-7a62-4998-bfb7-ea7f33086451:group-BF56618940DD set configuration 0: [91194d66-7a62-4998-bfb7-ea7f33086451:192.168.5.144:42246], old=null at 0
2019-07-14 06:46:46,539 INFO  segmented.SegmentedRaftLogWorker (SegmentedRaftLogWorker.java:execute(569)) - 91194d66-7a62-4998-bfb7-ea7f33086451-SegmentedRaftLogWorker:Storage Directory /tmp/workdir/hadoop-ozone/integration-test/target/test-dir/MiniOzoneClusterImpl-8946ae17-0b67-4499-8112-9a6f091c9538/datanode-4/data/ratis/a8981e38-ae53-4268-98e1-bf56618940dd: created new log segment /tmp/workdir/hadoop-ozone/integration-test/target/test-dir/MiniOzoneClusterImpl-8946ae17-0b67-4499-8112-9a6f091c9538/datanode-4/data/ratis/a8981e38-ae53-4268-98e1-bf56618940dd/current/log_inprogress_0
2019-07-14 06:46:46,675 INFO  impl.FollowerState (FollowerState.java:run(106)) - 7e24bf05-37da-4066-862a-b09707422cd3:group-D856DA53EBF0 changes to CANDIDATE, lastRpcTime:5048, electionTimeout:5048ms
2019-07-14 06:46:46,675 INFO  impl.RoleInfo (RoleInfo.java:shutdownFollowerState(121)) - 7e24bf05-37da-4066-862a-b09707422cd3: shutdown FollowerState
2019-07-14 06:46:46,675 INFO  impl.RaftServerImpl (RaftServerImpl.java:setRole(171)) - 7e24bf05-37da-4066-862a-b09707422cd3:group-D856DA53EBF0 changes role from FOLLOWER to CANDIDATE at term 0 for changeToCandidate
2019-07-14 06:46:46,675 INFO  impl.RoleInfo (RoleInfo.java:updateAndGet(143)) - 7e24bf05-37da-4066-862a-b09707422cd3: start LeaderElection
2019-07-14 06:46:46,693 INFO  impl.LeaderElection (LeaderElection.java:askForVotes(181)) - 7e24bf05-37da-4066-862a-b09707422cd3:group-D856DA53EBF0:LeaderElection18: begin an election at term 1 for -1: [7e24bf05-37da-4066-862a-b09707422cd3:192.168.5.144:36488], old=null
2019-07-14 06:46:46,693 INFO  impl.RoleInfo (RoleInfo.java:shutdownLeaderElection(134)) - 7e24bf05-37da-4066-862a-b09707422cd3: shutdown LeaderElection
2019-07-14 06:46:46,694 INFO  impl.RaftServerImpl (RaftServerImpl.java:setRole(171)) - 7e24bf05-37da-4066-862a-b09707422cd3:group-D856DA53EBF0 changes role from CANDIDATE to LEADER at term 1 for changeToLeader
2019-07-14 06:46:46,694 INFO  impl.RaftServerImpl (ServerState.java:setLeader(263)) - 7e24bf05-37da-4066-862a-b09707422cd3:group-D856DA53EBF0 change Leader from null to 7e24bf05-37da-4066-862a-b09707422cd3 at term 1 for becomeLeader, leader elected after 5071ms
2019-07-14 06:46:46,694 INFO  server.RaftServerConfigKeys (ConfUtils.java:logGet(43)) - raft.server.staging.catchup.gap = 1000 (default)
2019-07-14 06:46:46,694 INFO  server.RaftServerConfigKeys (ConfUtils.java:logGet(43)) - raft.server.rpc.sleep.time = 25ms (default)
2019-07-14 06:46:46,695 INFO  server.RaftServerConfigKeys (ConfUtils.java:logGet(43)) - raft.server.write.element-limit = 4096 (default)
2019-07-14 06:46:46,695 INFO  server.RaftServerConfigKeys (ConfUtils.java:logGet(43)) - raft.server.watch.timeout = 10s (default)
2019-07-14 06:46:46,695 INFO  server.RaftServerConfigKeys (ConfUtils.java:logGet(43)) - raft.server.watch.timeout.denomination = 1s (default)
2019-07-14 06:46:46,695 INFO  server.RaftServerConfigKeys (ConfUtils.java:logGet(43)) - raft.server.watch.element-limit = 65536 (default)
2019-07-14 06:46:46,696 INFO  impl.RoleInfo (RoleInfo.java:updateAndGet(143)) - 7e24bf05-37da-4066-862a-b09707422cd3: start LeaderState
2019-07-14 06:46:46,696 INFO  segmented.SegmentedRaftLogWorker (SegmentedRaftLogWorker.java:startLogSegment(380)) - 7e24bf05-37da-4066-862a-b09707422cd3-SegmentedRaftLogWorker:Storage Directory /tmp/workdir/hadoop-ozone/integration-test/target/test-dir/MiniOzoneClusterImpl-8946ae17-0b67-4499-8112-9a6f091c9538/datanode-5/data/ratis/3eb15164-ff69-465e-a5c4-d856da53ebf0: Starting segment from index:0
2019-07-14 06:46:46,698 INFO  impl.RaftServerImpl (ServerState.java:setRaftConf(361)) - 7e24bf05-37da-4066-862a-b09707422cd3:group-D856DA53EBF0 set configuration 0: [7e24bf05-37da-4066-862a-b09707422cd3:192.168.5.144:36488], old=null at 0
2019-07-14 06:46:46,721 INFO  segmented.SegmentedRaftLogWorker (SegmentedRaftLogWorker.java:execute(569)) - 7e24bf05-37da-4066-862a-b09707422cd3-SegmentedRaftLogWorker:Storage Directory /tmp/workdir/hadoop-ozone/integration-test/target/test-dir/MiniOzoneClusterImpl-8946ae17-0b67-4499-8112-9a6f091c9538/datanode-5/data/ratis/3eb15164-ff69-465e-a5c4-d856da53ebf0: created new log segment /tmp/workdir/hadoop-ozone/integration-test/target/test-dir/MiniOzoneClusterImpl-8946ae17-0b67-4499-8112-9a6f091c9538/datanode-5/data/ratis/3eb15164-ff69-465e-a5c4-d856da53ebf0/current/log_inprogress_0
2019-07-14 06:46:46,778 INFO  impl.FollowerState (FollowerState.java:run(106)) - 7e24bf05-37da-4066-862a-b09707422cd3:group-0FE9CC1EBA9F changes to CANDIDATE, lastRpcTime:5054, electionTimeout:5054ms
2019-07-14 06:46:46,778 INFO  impl.RoleInfo (RoleInfo.java:shutdownFollowerState(121)) - 7e24bf05-37da-4066-862a-b09707422cd3: shutdown FollowerState
2019-07-14 06:46:46,778 INFO  impl.RaftServerImpl (RaftServerImpl.java:setRole(171)) - 7e24bf05-37da-4066-862a-b09707422cd3:group-0FE9CC1EBA9F changes role from FOLLOWER to CANDIDATE at term 0 for changeToCandidate
2019-07-14 06:46:46,778 INFO  impl.RoleInfo (RoleInfo.java:updateAndGet(143)) - 7e24bf05-37da-4066-862a-b09707422cd3: start LeaderElection
2019-07-14 06:46:46,796 INFO  impl.LeaderElection (LeaderElection.java:askForVotes(181)) - 7e24bf05-37da-4066-862a-b09707422cd3:group-0FE9CC1EBA9F:LeaderElection19: begin an election at term 1 for -1: [f267d4b1-2568-4011-9b66-4aa82a3a0a4e:192.168.5.144:46489, 7e24bf05-37da-4066-862a-b09707422cd3:192.168.5.144:36488, 91194d66-7a62-4998-bfb7-ea7f33086451:192.168.5.144:42246], old=null
2019-07-14 06:46:46,803 INFO  impl.RaftServerImpl (RaftServerImpl.java:setRole(171)) - f267d4b1-2568-4011-9b66-4aa82a3a0a4e:group-0FE9CC1EBA9F changes role from FOLLOWER to FOLLOWER at term 1 for recognizeCandidate:7e24bf05-37da-4066-862a-b09707422cd3
2019-07-14 06:46:46,803 INFO  impl.RaftServerImpl (RaftServerImpl.java:setRole(171)) - 91194d66-7a62-4998-bfb7-ea7f33086451:group-0FE9CC1EBA9F changes role from FOLLOWER to FOLLOWER at term 1 for recognizeCandidate:7e24bf05-37da-4066-862a-b09707422cd3
2019-07-14 06:46:46,803 INFO  impl.RoleInfo (RoleInfo.java:shutdownFollowerState(121)) - f267d4b1-2568-4011-9b66-4aa82a3a0a4e: shutdown FollowerState
2019-07-14 06:46:46,803 INFO  impl.RoleInfo (RoleInfo.java:shutdownFollowerState(121)) - 91194d66-7a62-4998-bfb7-ea7f33086451: shutdown FollowerState
2019-07-14 06:46:46,803 INFO  impl.FollowerState (FollowerState.java:run(114)) - f267d4b1-2568-4011-9b66-4aa82a3a0a4e: FollowerState was interrupted: java.lang.InterruptedException: sleep interrupted
2019-07-14 06:46:46,803 INFO  impl.RoleInfo (RoleInfo.java:updateAndGet(143)) - f267d4b1-2568-4011-9b66-4aa82a3a0a4e: start FollowerState
2019-07-14 06:46:46,804 INFO  impl.FollowerState (FollowerState.java:run(114)) - 91194d66-7a62-4998-bfb7-ea7f33086451: FollowerState was interrupted: java.lang.InterruptedException: sleep interrupted
2019-07-14 06:46:46,804 INFO  impl.RoleInfo (RoleInfo.java:updateAndGet(143)) - 91194d66-7a62-4998-bfb7-ea7f33086451: start FollowerState
2019-07-14 06:46:46,817 INFO  impl.LeaderElection (LeaderElection.java:logAndReturn(56)) - 7e24bf05-37da-4066-862a-b09707422cd3:group-0FE9CC1EBA9F:LeaderElection19: Election PASSED; received 1 response(s) [7e24bf05-37da-4066-862a-b09707422cd3<-f267d4b1-2568-4011-9b66-4aa82a3a0a4e#0:OK-t1] and 0 exception(s); 7e24bf05-37da-4066-862a-b09707422cd3:t1, leader=null, voted=7e24bf05-37da-4066-862a-b09707422cd3, raftlog=7e24bf05-37da-4066-862a-b09707422cd3-SegmentedRaftLog:OPENED:c-1,f-1,i0, conf=-1: [f267d4b1-2568-4011-9b66-4aa82a3a0a4e:192.168.5.144:46489, 7e24bf05-37da-4066-862a-b09707422cd3:192.168.5.144:36488, 91194d66-7a62-4998-bfb7-ea7f33086451:192.168.5.144:42246], old=null
2019-07-14 06:46:46,817 INFO  impl.RoleInfo (RoleInfo.java:shutdownLeaderElection(134)) - 7e24bf05-37da-4066-862a-b09707422cd3: shutdown LeaderElection
2019-07-14 06:46:46,825 INFO  impl.RaftServerImpl (RaftServerImpl.java:setRole(171)) - 7e24bf05-37da-4066-862a-b09707422cd3:group-0FE9CC1EBA9F changes role from CANDIDATE to LEADER at term 1 for changeToLeader
2019-07-14 06:46:46,825 INFO  impl.RaftServerImpl (ServerState.java:setLeader(263)) - 7e24bf05-37da-4066-862a-b09707422cd3:group-0FE9CC1EBA9F change Leader from null to 7e24bf05-37da-4066-862a-b09707422cd3 at term 1 for becomeLeader, leader elected after 5107ms
2019-07-14 06:46:46,826 INFO  server.RaftServerConfigKeys (ConfUtils.java:logGet(43)) - raft.server.staging.catchup.gap = 1000 (default)
2019-07-14 06:46:46,826 INFO  server.RaftServerConfigKeys (ConfUtils.java:logGet(43)) - raft.server.rpc.sleep.time = 25ms (default)
2019-07-14 06:46:46,826 INFO  server.RaftServerConfigKeys (ConfUtils.java:logGet(43)) - raft.server.write.element-limit = 4096 (default)
2019-07-14 06:46:46,826 INFO  server.RaftServerConfigKeys (ConfUtils.java:logGet(43)) - raft.server.watch.timeout = 10s (default)
2019-07-14 06:46:46,826 INFO  server.RaftServerConfigKeys (ConfUtils.java:logGet(43)) - raft.server.watch.timeout.denomination = 1s (default)
2019-07-14 06:46:46,826 INFO  server.RaftServerConfigKeys (ConfUtils.java:logGet(43)) - raft.server.watch.element-limit = 65536 (default)
2019-07-14 06:46:46,827 INFO  server.RaftServerConfigKeys (ConfUtils.java:logGet(43)) - raft.server.log.appender.snapshot.chunk.size.max = 16MB (=16777216) (default)
2019-07-14 06:46:46,827 INFO  server.RaftServerConfigKeys (ConfUtils.java:logGet(43)) - raft.server.log.appender.buffer.byte-limit = 33554432 (custom)
2019-07-14 06:46:46,827 INFO  server.RaftServerConfigKeys (ConfUtils.java:logGet(43)) - raft.server.log.appender.buffer.element-limit = 1 (custom)
2019-07-14 06:46:46,827 INFO  grpc.GrpcConfigKeys$Server (ConfUtils.java:logGet(43)) - raft.grpc.server.leader.outstanding.appends.max = 128 (default)
2019-07-14 06:46:46,827 INFO  server.RaftServerConfigKeys (ConfUtils.java:logGet(43)) - raft.server.rpc.request.timeout = 3000ms (default)
2019-07-14 06:46:46,827 INFO  server.RaftServerConfigKeys (ConfUtils.java:logGet(43)) - raft.server.log.appender.install.snapshot.enabled = false (custom)
2019-07-14 06:46:46,828 INFO  server.RaftServerConfigKeys (ConfUtils.java:logGet(43)) - raft.server.log.appender.snapshot.chunk.size.max = 16MB (=16777216) (default)
2019-07-14 06:46:46,828 INFO  server.RaftServerConfigKeys (ConfUtils.java:logGet(43)) - raft.server.log.appender.buffer.byte-limit = 33554432 (custom)
2019-07-14 06:46:46,828 INFO  server.RaftServerConfigKeys (ConfUtils.java:logGet(43)) - raft.server.log.appender.buffer.element-limit = 1 (custom)
2019-07-14 06:46:46,828 INFO  grpc.GrpcConfigKeys$Server (ConfUtils.java:logGet(43)) - raft.grpc.server.leader.outstanding.appends.max = 128 (default)
2019-07-14 06:46:46,828 INFO  server.RaftServerConfigKeys (ConfUtils.java:logGet(43)) - raft.server.rpc.request.timeout = 3000ms (default)
2019-07-14 06:46:46,828 INFO  server.RaftServerConfigKeys (ConfUtils.java:logGet(43)) - raft.server.log.appender.install.snapshot.enabled = false (custom)
2019-07-14 06:46:46,829 INFO  impl.RoleInfo (RoleInfo.java:updateAndGet(143)) - 7e24bf05-37da-4066-862a-b09707422cd3: start LeaderState
2019-07-14 06:46:46,829 INFO  segmented.SegmentedRaftLogWorker (SegmentedRaftLogWorker.java:startLogSegment(380)) - 7e24bf05-37da-4066-862a-b09707422cd3-SegmentedRaftLogWorker:Storage Directory /tmp/workdir/hadoop-ozone/integration-test/target/test-dir/MiniOzoneClusterImpl-8946ae17-0b67-4499-8112-9a6f091c9538/datanode-5/data/ratis/378e4383-96cb-42c2-8aaa-0fe9cc1eba9f: Starting segment from index:0
2019-07-14 06:46:46,830 INFO  impl.RaftServerImpl (ServerState.java:setRaftConf(361)) - 7e24bf05-37da-4066-862a-b09707422cd3:group-0FE9CC1EBA9F set configuration 0: [f267d4b1-2568-4011-9b66-4aa82a3a0a4e:192.168.5.144:46489, 7e24bf05-37da-4066-862a-b09707422cd3:192.168.5.144:36488, 91194d66-7a62-4998-bfb7-ea7f33086451:192.168.5.144:42246], old=null at 0
2019-07-14 06:46:46,849 INFO  impl.RaftServerImpl (ServerState.java:setLeader(263)) - f267d4b1-2568-4011-9b66-4aa82a3a0a4e:group-0FE9CC1EBA9F change Leader from null to 7e24bf05-37da-4066-862a-b09707422cd3 at term 1 for appendEntries, leader elected after 5130ms
2019-07-14 06:46:46,849 INFO  impl.RaftServerImpl (ServerState.java:setLeader(263)) - 91194d66-7a62-4998-bfb7-ea7f33086451:group-0FE9CC1EBA9F change Leader from null to 7e24bf05-37da-4066-862a-b09707422cd3 at term 1 for appendEntries, leader elected after 5130ms
2019-07-14 06:46:46,857 INFO  segmented.SegmentedRaftLogWorker (SegmentedRaftLogWorker.java:execute(569)) - 7e24bf05-37da-4066-862a-b09707422cd3-SegmentedRaftLogWorker:Storage Directory /tmp/workdir/hadoop-ozone/integration-test/target/test-dir/MiniOzoneClusterImpl-8946ae17-0b67-4499-8112-9a6f091c9538/datanode-5/data/ratis/378e4383-96cb-42c2-8aaa-0fe9cc1eba9f: created new log segment /tmp/workdir/hadoop-ozone/integration-test/target/test-dir/MiniOzoneClusterImpl-8946ae17-0b67-4499-8112-9a6f091c9538/datanode-5/data/ratis/378e4383-96cb-42c2-8aaa-0fe9cc1eba9f/current/log_inprogress_0
2019-07-14 06:46:46,862 INFO  impl.RaftServerImpl (ServerState.java:setRaftConf(361)) - f267d4b1-2568-4011-9b66-4aa82a3a0a4e:group-0FE9CC1EBA9F set configuration 0: [f267d4b1-2568-4011-9b66-4aa82a3a0a4e:192.168.5.144:46489, 7e24bf05-37da-4066-862a-b09707422cd3:192.168.5.144:36488, 91194d66-7a62-4998-bfb7-ea7f33086451:192.168.5.144:42246], old=null at 0
2019-07-14 06:46:46,862 INFO  impl.RaftServerImpl (ServerState.java:setRaftConf(361)) - 91194d66-7a62-4998-bfb7-ea7f33086451:group-0FE9CC1EBA9F set configuration 0: [f267d4b1-2568-4011-9b66-4aa82a3a0a4e:192.168.5.144:46489, 7e24bf05-37da-4066-862a-b09707422cd3:192.168.5.144:36488, 91194d66-7a62-4998-bfb7-ea7f33086451:192.168.5.144:42246], old=null at 0
2019-07-14 06:46:46,863 INFO  segmented.SegmentedRaftLogWorker (SegmentedRaftLogWorker.java:startLogSegment(380)) - f267d4b1-2568-4011-9b66-4aa82a3a0a4e-SegmentedRaftLogWorker:Storage Directory /tmp/workdir/hadoop-ozone/integration-test/target/test-dir/MiniOzoneClusterImpl-8946ae17-0b67-4499-8112-9a6f091c9538/datanode-3/data/ratis/378e4383-96cb-42c2-8aaa-0fe9cc1eba9f: Starting segment from index:0
2019-07-14 06:46:46,863 INFO  segmented.SegmentedRaftLogWorker (SegmentedRaftLogWorker.java:startLogSegment(380)) - 91194d66-7a62-4998-bfb7-ea7f33086451-SegmentedRaftLogWorker:Storage Directory /tmp/workdir/hadoop-ozone/integration-test/target/test-dir/MiniOzoneClusterImpl-8946ae17-0b67-4499-8112-9a6f091c9538/datanode-4/data/ratis/378e4383-96cb-42c2-8aaa-0fe9cc1eba9f: Starting segment from index:0
2019-07-14 06:46:46,880 INFO  segmented.SegmentedRaftLogWorker (SegmentedRaftLogWorker.java:execute(569)) - f267d4b1-2568-4011-9b66-4aa82a3a0a4e-SegmentedRaftLogWorker:Storage Directory /tmp/workdir/hadoop-ozone/integration-test/target/test-dir/MiniOzoneClusterImpl-8946ae17-0b67-4499-8112-9a6f091c9538/datanode-3/data/ratis/378e4383-96cb-42c2-8aaa-0fe9cc1eba9f: created new log segment /tmp/workdir/hadoop-ozone/integration-test/target/test-dir/MiniOzoneClusterImpl-8946ae17-0b67-4499-8112-9a6f091c9538/datanode-3/data/ratis/378e4383-96cb-42c2-8aaa-0fe9cc1eba9f/current/log_inprogress_0
2019-07-14 06:46:46,881 INFO  impl.FollowerState (FollowerState.java:run(106)) - 6d86978c-91b9-400a-b1f8-00886c1cdbb2:group-1C5EDFF6711E changes to CANDIDATE, lastRpcTime:5007, electionTimeout:5007ms
2019-07-14 06:46:46,881 INFO  impl.RoleInfo (RoleInfo.java:shutdownFollowerState(121)) - 6d86978c-91b9-400a-b1f8-00886c1cdbb2: shutdown FollowerState
2019-07-14 06:46:46,881 INFO  impl.RaftServerImpl (RaftServerImpl.java:setRole(171)) - 6d86978c-91b9-400a-b1f8-00886c1cdbb2:group-1C5EDFF6711E changes role from FOLLOWER to CANDIDATE at term 0 for changeToCandidate
2019-07-14 06:46:46,882 INFO  impl.RoleInfo (RoleInfo.java:updateAndGet(143)) - 6d86978c-91b9-400a-b1f8-00886c1cdbb2: start LeaderElection
2019-07-14 06:46:46,887 INFO  segmented.SegmentedRaftLogWorker (SegmentedRaftLogWorker.java:execute(569)) - 91194d66-7a62-4998-bfb7-ea7f33086451-SegmentedRaftLogWorker:Storage Directory /tmp/workdir/hadoop-ozone/integration-test/target/test-dir/MiniOzoneClusterImpl-8946ae17-0b67-4499-8112-9a6f091c9538/datanode-4/data/ratis/378e4383-96cb-42c2-8aaa-0fe9cc1eba9f: created new log segment /tmp/workdir/hadoop-ozone/integration-test/target/test-dir/MiniOzoneClusterImpl-8946ae17-0b67-4499-8112-9a6f091c9538/datanode-4/data/ratis/378e4383-96cb-42c2-8aaa-0fe9cc1eba9f/current/log_inprogress_0
2019-07-14 06:46:46,899 INFO  impl.LeaderElection (LeaderElection.java:askForVotes(181)) - 6d86978c-91b9-400a-b1f8-00886c1cdbb2:group-1C5EDFF6711E:LeaderElection20: begin an election at term 1 for -1: [6d86978c-91b9-400a-b1f8-00886c1cdbb2:192.168.5.144:42943], old=null
2019-07-14 06:46:46,899 INFO  impl.RoleInfo (RoleInfo.java:shutdownLeaderElection(134)) - 6d86978c-91b9-400a-b1f8-00886c1cdbb2: shutdown LeaderElection
2019-07-14 06:46:46,899 INFO  impl.RaftServerImpl (RaftServerImpl.java:setRole(171)) - 6d86978c-91b9-400a-b1f8-00886c1cdbb2:group-1C5EDFF6711E changes role from CANDIDATE to LEADER at term 1 for changeToLeader
2019-07-14 06:46:46,899 INFO  impl.RaftServerImpl (ServerState.java:setLeader(263)) - 6d86978c-91b9-400a-b1f8-00886c1cdbb2:group-1C5EDFF6711E change Leader from null to 6d86978c-91b9-400a-b1f8-00886c1cdbb2 at term 1 for becomeLeader, leader elected after 5041ms
2019-07-14 06:46:46,899 INFO  server.RaftServerConfigKeys (ConfUtils.java:logGet(43)) - raft.server.staging.catchup.gap = 1000 (default)
2019-07-14 06:46:46,899 INFO  server.RaftServerConfigKeys (ConfUtils.java:logGet(43)) - raft.server.rpc.sleep.time = 25ms (default)
2019-07-14 06:46:46,899 INFO  server.RaftServerConfigKeys (ConfUtils.java:logGet(43)) - raft.server.write.element-limit = 4096 (default)
2019-07-14 06:46:46,899 INFO  server.RaftServerConfigKeys (ConfUtils.java:logGet(43)) - raft.server.watch.timeout = 10s (default)
2019-07-14 06:46:46,899 INFO  server.RaftServerConfigKeys (ConfUtils.java:logGet(43)) - raft.server.watch.timeout.denomination = 1s (default)
2019-07-14 06:46:46,900 INFO  server.RaftServerConfigKeys (ConfUtils.java:logGet(43)) - raft.server.watch.element-limit = 65536 (default)
2019-07-14 06:46:46,900 INFO  impl.RoleInfo (RoleInfo.java:updateAndGet(143)) - 6d86978c-91b9-400a-b1f8-00886c1cdbb2: start LeaderState
2019-07-14 06:46:46,900 INFO  segmented.SegmentedRaftLogWorker (SegmentedRaftLogWorker.java:startLogSegment(380)) - 6d86978c-91b9-400a-b1f8-00886c1cdbb2-SegmentedRaftLogWorker:Storage Directory /tmp/workdir/hadoop-ozone/integration-test/target/test-dir/MiniOzoneClusterImpl-8946ae17-0b67-4499-8112-9a6f091c9538/datanode-6/data/ratis/30358e6d-436f-4fa5-8af3-1c5edff6711e: Starting segment from index:0
2019-07-14 06:46:46,900 INFO  impl.RaftServerImpl (ServerState.java:setRaftConf(361)) - 6d86978c-91b9-400a-b1f8-00886c1cdbb2:group-1C5EDFF6711E set configuration 0: [6d86978c-91b9-400a-b1f8-00886c1cdbb2:192.168.5.144:42943], old=null at 0
2019-07-14 06:46:46,926 INFO  segmented.SegmentedRaftLogWorker (SegmentedRaftLogWorker.java:execute(569)) - 6d86978c-91b9-400a-b1f8-00886c1cdbb2-SegmentedRaftLogWorker:Storage Directory /tmp/workdir/hadoop-ozone/integration-test/target/test-dir/MiniOzoneClusterImpl-8946ae17-0b67-4499-8112-9a6f091c9538/datanode-6/data/ratis/30358e6d-436f-4fa5-8af3-1c5edff6711e: created new log segment /tmp/workdir/hadoop-ozone/integration-test/target/test-dir/MiniOzoneClusterImpl-8946ae17-0b67-4499-8112-9a6f091c9538/datanode-6/data/ratis/30358e6d-436f-4fa5-8af3-1c5edff6711e/current/log_inprogress_0
2019-07-14 06:46:47,096 INFO  client.GrpcClientProtocolClient (GrpcClientProtocolClient.java:onNext(255)) - client-95F5B94B6469->d1bc6e12-59df-498f-9de7-253310cec742: receive RaftClientReply:client-95F5B94B6469->d1bc6e12-59df-498f-9de7-253310cec742@group-EB97A7CAAE95, cid=38, FAILED org.apache.ratis.protocol.NotLeaderException: Server d1bc6e12-59df-498f-9de7-253310cec742 is not the leader (5fa73f57-633f-4a9e-be98-152ac70662dd:192.168.5.144:32781). Request must be sent to leader., logIndex=0, commits[d1bc6e12-59df-498f-9de7-253310cec742:c-1, 0600c2b4-e1a3-427a-9fdb-084c61ff69c5:c-1, 5fa73f57-633f-4a9e-be98-152ac70662dd:c-1]
2019-07-14 06:46:47,302 INFO  client.GrpcClientProtocolClient (GrpcClientProtocolClient.java:onNext(255)) - client-95F5B94B6469->5fa73f57-633f-4a9e-be98-152ac70662dd: receive RaftClientReply:client-95F5B94B6469->5fa73f57-633f-4a9e-be98-152ac70662dd@group-EB97A7CAAE95, cid=38, SUCCESS, logIndex=1, commits[5fa73f57-633f-4a9e-be98-152ac70662dd:c2, d1bc6e12-59df-498f-9de7-253310cec742:c1, 0600c2b4-e1a3-427a-9fdb-084c61ff69c5:c1]
2019-07-14 06:46:47,303 INFO  datanode.ObjectStoreHandler (ObjectStoreHandler.java:close(155)) - Closing ObjectStoreHandler.
2019-07-14 06:46:47,304 INFO  ozone.HddsDatanodeService (HddsDatanodeService.java:stop(452)) - Stopped plug-in org.apache.hadoop.ozone.web.OzoneHddsDatanodeService@52f43225
2019-07-14 06:46:47,311 INFO  statemachine.DatanodeStateMachine (DatanodeStateMachine.java:lambda$startDaemon$0(350)) - Ozone container server started.
2019-07-14 06:46:52,307 INFO  ozoneimpl.OzoneContainer (OzoneContainer.java:stop(199)) - Attempting to stop container services.
2019-07-14 06:46:52,308 INFO  impl.RaftServerProxy (RaftServerProxy.java:lambda$close$4(314)) - 0600c2b4-e1a3-427a-9fdb-084c61ff69c5: close
2019-07-14 06:46:52,310 INFO  impl.RaftServerImpl (RaftServerImpl.java:lambda$shutdown$3(245)) - 0600c2b4-e1a3-427a-9fdb-084c61ff69c5: shutdown group-EB97A7CAAE95
2019-07-14 06:46:52,310 INFO  impl.RaftServerImpl (RaftServerImpl.java:lambda$shutdown$3(245)) - 0600c2b4-e1a3-427a-9fdb-084c61ff69c5: shutdown group-B23DA11A7034
2019-07-14 06:46:52,310 INFO  util.JmxRegister (JmxRegister.java:unregister(73)) - Successfully un-registered JMX Bean with object name Ratis:service=RaftServer,group=group-EB97A7CAAE95,id=0600c2b4-e1a3-427a-9fdb-084c61ff69c5
2019-07-14 06:46:52,311 INFO  util.JmxRegister (JmxRegister.java:unregister(73)) - Successfully un-registered JMX Bean with object name Ratis:service=RaftServer,group=group-B23DA11A7034,id=0600c2b4-e1a3-427a-9fdb-084c61ff69c5
2019-07-14 06:46:52,311 INFO  impl.RoleInfo (RoleInfo.java:shutdownFollowerState(121)) - 0600c2b4-e1a3-427a-9fdb-084c61ff69c5: shutdown FollowerState
2019-07-14 06:46:52,311 INFO  impl.RoleInfo (RoleInfo.java:shutdownLeaderState(104)) - 0600c2b4-e1a3-427a-9fdb-084c61ff69c5: shutdown LeaderState
2019-07-14 06:46:52,312 INFO  impl.FollowerState (FollowerState.java:run(114)) - 0600c2b4-e1a3-427a-9fdb-084c61ff69c5: FollowerState was interrupted: java.lang.InterruptedException: sleep interrupted
2019-07-14 06:46:52,312 INFO  impl.StateMachineUpdater (StateMachineUpdater.java:stopAndJoin(115)) - StateMachineUpdater:0600c2b4-e1a3-427a-9fdb-084c61ff69c5:group-EB97A7CAAE95: set stopIndex = 2
2019-07-14 06:46:52,312 INFO  ratis.ContainerStateMachine (ContainerStateMachine.java:takeSnapshot(249)) - group-EB97A7CAAE95: Taking a snapshot at:(t:1, i:1) file /tmp/workdir/hadoop-ozone/integration-test/target/test-dir/MiniOzoneClusterImpl-8946ae17-0b67-4499-8112-9a6f091c9538/datanode-2/data/ratis/07cef996-f2d5-42ba-a83c-eb97a7caae95/sm/snapshot.1_1
2019-07-14 06:46:52,312 INFO  impl.PendingRequests (PendingRequests.java:sendNotLeaderResponses(202)) - 0600c2b4-e1a3-427a-9fdb-084c61ff69c5-PendingRequests: sendNotLeaderResponses
2019-07-14 06:46:52,315 INFO  impl.StateMachineUpdater (StateMachineUpdater.java:stopAndJoin(115)) - StateMachineUpdater:0600c2b4-e1a3-427a-9fdb-084c61ff69c5:group-B23DA11A7034: set stopIndex = 0
2019-07-14 06:46:52,322 INFO  impl.RaftServerImpl (ServerState.java:close(394)) - 0600c2b4-e1a3-427a-9fdb-084c61ff69c5:group-B23DA11A7034 closes. The last applied log index is 0
2019-07-14 06:46:52,325 INFO  segmented.SegmentedRaftLogWorker (SegmentedRaftLogWorker.java:run(313)) - 0600c2b4-e1a3-427a-9fdb-084c61ff69c5-SegmentedRaftLogWorker:Storage Directory /tmp/workdir/hadoop-ozone/integration-test/target/test-dir/MiniOzoneClusterImpl-8946ae17-0b67-4499-8112-9a6f091c9538/datanode-2/data/ratis/08cc3815-7b81-41db-9a49-b23da11a7034 was interrupted, exiting. There are 0 tasks remaining in the queue.
2019-07-14 06:46:52,331 INFO  segmented.SegmentedRaftLogWorker (SegmentedRaftLogWorker.java:close(228)) - 0600c2b4-e1a3-427a-9fdb-084c61ff69c5-SegmentedRaftLogWorker:Storage Directory /tmp/workdir/hadoop-ozone/integration-test/target/test-dir/MiniOzoneClusterImpl-8946ae17-0b67-4499-8112-9a6f091c9538/datanode-2/data/ratis/08cc3815-7b81-41db-9a49-b23da11a7034 close()
2019-07-14 06:46:52,348 INFO  ratis.ContainerStateMachine (ContainerStateMachine.java:takeSnapshot(257)) - group-EB97A7CAAE95: Finished taking a snapshot at:(t:1, i:1) file:/tmp/workdir/hadoop-ozone/integration-test/target/test-dir/MiniOzoneClusterImpl-8946ae17-0b67-4499-8112-9a6f091c9538/datanode-2/data/ratis/07cef996-f2d5-42ba-a83c-eb97a7caae95/sm/snapshot.1_1 time:36
2019-07-14 06:46:52,348 INFO  impl.StateMachineUpdater (StateMachineUpdater.java:takeSnapshot(242)) - StateMachineUpdater:0600c2b4-e1a3-427a-9fdb-084c61ff69c5:group-EB97A7CAAE95: Took a snapshot at index 1
2019-07-14 06:46:52,349 INFO  impl.StateMachineUpdater (StateMachineUpdater.java:lambda$new$0(80)) - StateMachineUpdater:0600c2b4-e1a3-427a-9fdb-084c61ff69c5:group-EB97A7CAAE95: snapshotIndex: updateIncreasingly -1 -> 1
2019-07-14 06:46:52,354 INFO  impl.RaftServerImpl (ServerState.java:close(394)) - 0600c2b4-e1a3-427a-9fdb-084c61ff69c5:group-EB97A7CAAE95 closes. The last applied log index is 2
2019-07-14 06:46:52,355 INFO  segmented.SegmentedRaftLogWorker (SegmentedRaftLogWorker.java:run(313)) - 0600c2b4-e1a3-427a-9fdb-084c61ff69c5-SegmentedRaftLogWorker:Storage Directory /tmp/workdir/hadoop-ozone/integration-test/target/test-dir/MiniOzoneClusterImpl-8946ae17-0b67-4499-8112-9a6f091c9538/datanode-2/data/ratis/07cef996-f2d5-42ba-a83c-eb97a7caae95 was interrupted, exiting. There are 0 tasks remaining in the queue.
2019-07-14 06:46:52,361 INFO  segmented.SegmentedRaftLogWorker (SegmentedRaftLogWorker.java:close(228)) - 0600c2b4-e1a3-427a-9fdb-084c61ff69c5-SegmentedRaftLogWorker:Storage Directory /tmp/workdir/hadoop-ozone/integration-test/target/test-dir/MiniOzoneClusterImpl-8946ae17-0b67-4499-8112-9a6f091c9538/datanode-2/data/ratis/07cef996-f2d5-42ba-a83c-eb97a7caae95 close()
2019-07-14 06:46:52,368 INFO  server.GrpcService (GrpcService.java:closeImpl(155)) - 0600c2b4-e1a3-427a-9fdb-084c61ff69c5: shutdown server with port 43047 now
2019-07-14 06:46:52,378 INFO  server.GrpcService (GrpcService.java:closeImpl(163)) - 0600c2b4-e1a3-427a-9fdb-084c61ff69c5: shutdown server with port 43047 successfully
2019-07-14 06:46:52,379 WARN  server.GrpcServerProtocolService (LogUtils.java:warn(134)) - 0600c2b4-e1a3-427a-9fdb-084c61ff69c5: appendEntries onError: org.apache.ratis.thirdparty.io.grpc.StatusRuntimeException: CANCELLED: cancelled before receiving half close
2019-07-14 06:46:52,381 INFO  utils.BackgroundService (BackgroundService.java:shutdown(148)) - Shutting down service BlockDeletingService
2019-07-14 06:46:52,381 WARN  server.GrpcLogAppender (LogUtils.java:warn(134)) - 5fa73f57-633f-4a9e-be98-152ac70662dd->0600c2b4-e1a3-427a-9fdb-084c61ff69c5: Failed appendEntries: org.apache.ratis.thirdparty.io.grpc.StatusRuntimeException: CANCELLED: HTTP/2 error code: CANCEL
Received Rst Stream
2019-07-14 06:46:52,388 WARN  fs.CachingGetSpaceUsed (CachingGetSpaceUsed.java:run(183)) - Thread Interrupted waiting to refresh disk information: sleep interrupted
2019-07-14 06:46:52,388 INFO  impl.FollowerInfo (FollowerInfo.java:lambda$new$0(50)) - 5fa73f57-633f-4a9e-be98-152ac70662dd->0600c2b4-e1a3-427a-9fdb-084c61ff69c5: nextIndex: updateUnconditionally 3 -> 2
2019-07-14 06:46:52,408 INFO  statemachine.DatanodeStateMachine (DatanodeStateMachine.java:stopDaemon(395)) - Ozone container server stopped.
2019-07-14 06:46:52,411 INFO  handler.ContextHandler (ContextHandler.java:doStop(910)) - Stopped o.e.j.w.WebAppContext@8ac512e{/,null,UNAVAILABLE}{/hddsDatanode}
2019-07-14 06:46:52,416 INFO  server.AbstractConnector (AbstractConnector.java:doStop(318)) - Stopped ServerConnector@4bbc21bd{HTTP/1.1,[http/1.1]}{0.0.0.0:0}
2019-07-14 06:46:52,416 INFO  handler.ContextHandler (ContextHandler.java:doStop(910)) - Stopped o.e.j.s.ServletContextHandler@74fc3fc7{/static,jar:file:/home/user/.m2/repository/org/apache/hadoop/hadoop-hdds-container-service/0.5.0-SNAPSHOT/hadoop-hdds-container-service-0.5.0-SNAPSHOT.jar!/webapps/static,UNAVAILABLE}
2019-07-14 06:46:52,417 INFO  handler.ContextHandler (ContextHandler.java:doStop(910)) - Stopped o.e.j.s.ServletContextHandler@1eb906f3{/logs,file:///tmp/workdir/hadoop-ozone/integration-test/target/log,UNAVAILABLE}
2019-07-14 06:46:52,418 INFO  datanode.ObjectStoreHandler (ObjectStoreHandler.java:close(155)) - Closing ObjectStoreHandler.
2019-07-14 06:46:52,419 INFO  ozone.HddsDatanodeService (HddsDatanodeService.java:stop(452)) - Stopped plug-in org.apache.hadoop.ozone.web.OzoneHddsDatanodeService@1c2dd89b
2019-07-14 06:46:53,313 INFO  statemachine.DatanodeStateMachine (DatanodeStateMachine.java:lambda$startDaemon$0(350)) - Ozone container server started.
2019-07-14 06:46:54,777 WARN  server.GrpcLogAppender (LogUtils.java:warn(134)) - 5fa73f57-633f-4a9e-be98-152ac70662dd->0600c2b4-e1a3-427a-9fdb-084c61ff69c5: Failed appendEntries: org.apache.ratis.thirdparty.io.grpc.StatusRuntimeException: UNAVAILABLE: io exception
2019-07-14 06:46:54,810 INFO  impl.FollowerInfo (FollowerInfo.java:lambda$new$0(50)) - 5fa73f57-633f-4a9e-be98-152ac70662dd->0600c2b4-e1a3-427a-9fdb-084c61ff69c5: nextIndex: updateUnconditionally 2 -> 1
2019-07-14 06:46:57,269 WARN  server.GrpcLogAppender (LogUtils.java:warn(134)) - 5fa73f57-633f-4a9e-be98-152ac70662dd->0600c2b4-e1a3-427a-9fdb-084c61ff69c5: Failed appendEntries: org.apache.ratis.thirdparty.io.grpc.StatusRuntimeException: UNAVAILABLE: io exception
2019-07-14 06:46:57,279 INFO  impl.FollowerInfo (FollowerInfo.java:lambda$new$0(50)) - 5fa73f57-633f-4a9e-be98-152ac70662dd->0600c2b4-e1a3-427a-9fdb-084c61ff69c5: nextIndex: updateUnconditionally 1 -> 0
2019-07-14 06:46:57,420 INFO  ozoneimpl.OzoneContainer (OzoneContainer.java:stop(199)) - Attempting to stop container services.
2019-07-14 06:46:57,420 INFO  impl.RaftServerProxy (RaftServerProxy.java:lambda$close$4(314)) - d1bc6e12-59df-498f-9de7-253310cec742: close
2019-07-14 06:46:57,421 INFO  impl.RaftServerImpl (RaftServerImpl.java:lambda$shutdown$3(245)) - d1bc6e12-59df-498f-9de7-253310cec742: shutdown group-EB97A7CAAE95
2019-07-14 06:46:57,421 INFO  impl.RaftServerImpl (RaftServerImpl.java:lambda$shutdown$3(245)) - d1bc6e12-59df-498f-9de7-253310cec742: shutdown group-1E128D6244C0
2019-07-14 06:46:57,421 INFO  util.JmxRegister (JmxRegister.java:unregister(73)) - Successfully un-registered JMX Bean with object name Ratis:service=RaftServer,group=group-EB97A7CAAE95,id=d1bc6e12-59df-498f-9de7-253310cec742
2019-07-14 06:46:57,422 INFO  util.JmxRegister (JmxRegister.java:unregister(73)) - Successfully un-registered JMX Bean with object name Ratis:service=RaftServer,group=group-1E128D6244C0,id=d1bc6e12-59df-498f-9de7-253310cec742
2019-07-14 06:46:57,422 INFO  impl.RoleInfo (RoleInfo.java:shutdownFollowerState(121)) - d1bc6e12-59df-498f-9de7-253310cec742: shutdown FollowerState
2019-07-14 06:46:57,422 INFO  impl.RoleInfo (RoleInfo.java:shutdownLeaderState(104)) - d1bc6e12-59df-498f-9de7-253310cec742: shutdown LeaderState
2019-07-14 06:46:57,422 INFO  ratis.ContainerStateMachine (ContainerStateMachine.java:takeSnapshot(249)) - group-EB97A7CAAE95: Taking a snapshot at:(t:1, i:1) file /tmp/workdir/hadoop-ozone/integration-test/target/test-dir/MiniOzoneClusterImpl-8946ae17-0b67-4499-8112-9a6f091c9538/datanode-0/data/ratis/07cef996-f2d5-42ba-a83c-eb97a7caae95/sm/snapshot.1_1
2019-07-14 06:46:57,422 INFO  impl.FollowerState (FollowerState.java:run(114)) - d1bc6e12-59df-498f-9de7-253310cec742: FollowerState was interrupted: java.lang.InterruptedException: sleep interrupted
2019-07-14 06:46:57,422 INFO  impl.StateMachineUpdater (StateMachineUpdater.java:stopAndJoin(115)) - StateMachineUpdater:d1bc6e12-59df-498f-9de7-253310cec742:group-EB97A7CAAE95: set stopIndex = 2
2019-07-14 06:46:57,423 INFO  ratis.ContainerStateMachine (ContainerStateMachine.java:takeSnapshot(257)) - group-EB97A7CAAE95: Finished taking a snapshot at:(t:1, i:1) file:/tmp/workdir/hadoop-ozone/integration-test/target/test-dir/MiniOzoneClusterImpl-8946ae17-0b67-4499-8112-9a6f091c9538/datanode-0/data/ratis/07cef996-f2d5-42ba-a83c-eb97a7caae95/sm/snapshot.1_1 time:1
2019-07-14 06:46:57,423 INFO  impl.StateMachineUpdater (StateMachineUpdater.java:takeSnapshot(242)) - StateMachineUpdater:d1bc6e12-59df-498f-9de7-253310cec742:group-EB97A7CAAE95: Took a snapshot at index 1
2019-07-14 06:46:57,423 INFO  impl.PendingRequests (PendingRequests.java:sendNotLeaderResponses(202)) - d1bc6e12-59df-498f-9de7-253310cec742-PendingRequests: sendNotLeaderResponses
2019-07-14 06:46:57,423 INFO  impl.StateMachineUpdater (StateMachineUpdater.java:lambda$new$0(80)) - StateMachineUpdater:d1bc6e12-59df-498f-9de7-253310cec742:group-EB97A7CAAE95: snapshotIndex: updateIncreasingly -1 -> 1
2019-07-14 06:46:57,424 INFO  impl.StateMachineUpdater (StateMachineUpdater.java:stopAndJoin(115)) - StateMachineUpdater:d1bc6e12-59df-498f-9de7-253310cec742:group-1E128D6244C0: set stopIndex = 0
2019-07-14 06:46:57,424 INFO  impl.RaftServerImpl (ServerState.java:close(394)) - d1bc6e12-59df-498f-9de7-253310cec742:group-EB97A7CAAE95 closes. The last applied log index is 2
2019-07-14 06:46:57,424 INFO  impl.RaftServerImpl (ServerState.java:close(394)) - d1bc6e12-59df-498f-9de7-253310cec742:group-1E128D6244C0 closes. The last applied log index is 0
2019-07-14 06:46:57,424 INFO  segmented.SegmentedRaftLogWorker (SegmentedRaftLogWorker.java:run(313)) - d1bc6e12-59df-498f-9de7-253310cec742-SegmentedRaftLogWorker:Storage Directory /tmp/workdir/hadoop-ozone/integration-test/target/test-dir/MiniOzoneClusterImpl-8946ae17-0b67-4499-8112-9a6f091c9538/datanode-0/data/ratis/07cef996-f2d5-42ba-a83c-eb97a7caae95 was interrupted, exiting. There are 0 tasks remaining in the queue.
2019-07-14 06:46:57,425 INFO  segmented.SegmentedRaftLogWorker (SegmentedRaftLogWorker.java:run(313)) - d1bc6e12-59df-498f-9de7-253310cec742-SegmentedRaftLogWorker:Storage Directory /tmp/workdir/hadoop-ozone/integration-test/target/test-dir/MiniOzoneClusterImpl-8946ae17-0b67-4499-8112-9a6f091c9538/datanode-0/data/ratis/c3f3cfb8-115a-4168-9c64-1e128d6244c0 was interrupted, exiting. There are 0 tasks remaining in the queue.
2019-07-14 06:46:57,434 INFO  segmented.SegmentedRaftLogWorker (SegmentedRaftLogWorker.java:close(228)) - d1bc6e12-59df-498f-9de7-253310cec742-SegmentedRaftLogWorker:Storage Directory /tmp/workdir/hadoop-ozone/integration-test/target/test-dir/MiniOzoneClusterImpl-8946ae17-0b67-4499-8112-9a6f091c9538/datanode-0/data/ratis/07cef996-f2d5-42ba-a83c-eb97a7caae95 close()
2019-07-14 06:46:57,434 INFO  segmented.SegmentedRaftLogWorker (SegmentedRaftLogWorker.java:close(228)) - d1bc6e12-59df-498f-9de7-253310cec742-SegmentedRaftLogWorker:Storage Directory /tmp/workdir/hadoop-ozone/integration-test/target/test-dir/MiniOzoneClusterImpl-8946ae17-0b67-4499-8112-9a6f091c9538/datanode-0/data/ratis/c3f3cfb8-115a-4168-9c64-1e128d6244c0 close()
2019-07-14 06:46:57,448 INFO  server.GrpcService (GrpcService.java:closeImpl(155)) - d1bc6e12-59df-498f-9de7-253310cec742: shutdown server with port 34018 now
2019-07-14 06:46:57,450 WARN  server.GrpcServerProtocolService (LogUtils.java:warn(134)) - d1bc6e12-59df-498f-9de7-253310cec742: appendEntries onError: org.apache.ratis.thirdparty.io.grpc.StatusRuntimeException: CANCELLED: cancelled before receiving half close
2019-07-14 06:46:57,450 INFO  server.GrpcService (GrpcService.java:closeImpl(163)) - d1bc6e12-59df-498f-9de7-253310cec742: shutdown server with port 34018 successfully
2019-07-14 06:46:57,450 WARN  server.GrpcLogAppender (LogUtils.java:warn(134)) - 5fa73f57-633f-4a9e-be98-152ac70662dd->d1bc6e12-59df-498f-9de7-253310cec742: Failed appendEntries: org.apache.ratis.thirdparty.io.grpc.StatusRuntimeException: CANCELLED: HTTP/2 error code: CANCEL
Received Rst Stream
2019-07-14 06:46:57,455 INFO  impl.FollowerInfo (FollowerInfo.java:lambda$new$0(50)) - 5fa73f57-633f-4a9e-be98-152ac70662dd->d1bc6e12-59df-498f-9de7-253310cec742: nextIndex: updateUnconditionally 3 -> 2
2019-07-14 06:46:57,463 INFO  utils.BackgroundService (BackgroundService.java:shutdown(148)) - Shutting down service BlockDeletingService
2019-07-14 06:46:57,465 WARN  fs.CachingGetSpaceUsed (CachingGetSpaceUsed.java:run(183)) - Thread Interrupted waiting to refresh disk information: sleep interrupted
2019-07-14 06:46:57,492 INFO  statemachine.DatanodeStateMachine (DatanodeStateMachine.java:stopDaemon(395)) - Ozone container server stopped.
2019-07-14 06:46:57,494 INFO  handler.ContextHandler (ContextHandler.java:doStop(910)) - Stopped o.e.j.w.WebAppContext@738a815c{/,null,UNAVAILABLE}{/hddsDatanode}
2019-07-14 06:46:57,495 INFO  server.AbstractConnector (AbstractConnector.java:doStop(318)) - Stopped ServerConnector@2565a7d0{HTTP/1.1,[http/1.1]}{0.0.0.0:0}
2019-07-14 06:46:57,495 INFO  handler.ContextHandler (ContextHandler.java:doStop(910)) - Stopped o.e.j.s.ServletContextHandler@286866cb{/static,jar:file:/home/user/.m2/repository/org/apache/hadoop/hadoop-hdds-container-service/0.5.0-SNAPSHOT/hadoop-hdds-container-service-0.5.0-SNAPSHOT.jar!/webapps/static,UNAVAILABLE}
2019-07-14 06:46:57,495 INFO  handler.ContextHandler (ContextHandler.java:doStop(910)) - Stopped o.e.j.s.ServletContextHandler@7e848aea{/logs,file:///tmp/workdir/hadoop-ozone/integration-test/target/log,UNAVAILABLE}
2019-07-14 06:46:57,521 INFO  client.GrpcClientProtocolClient (GrpcClientProtocolClient.java:onNext(255)) - client-95F5B94B6469->5fa73f57-633f-4a9e-be98-152ac70662dd: receive RaftClientReply:client-95F5B94B6469->5fa73f57-633f-4a9e-be98-152ac70662dd@group-EB97A7CAAE95, cid=39, SUCCESS, logIndex=0, commits[5fa73f57-633f-4a9e-be98-152ac70662dd:c2, d1bc6e12-59df-498f-9de7-253310cec742:c2, 0600c2b4-e1a3-427a-9fdb-084c61ff69c5:c2]
]]></system-out>
    <system-err><![CDATA[Jul 14, 2019 6:46:36 AM com.sun.jersey.server.impl.application.WebApplicationImpl _initiate
INFO: Initiating Jersey application, version 'Jersey: 1.19 02/11/2015 03:25 AM'
Jul 14, 2019 6:46:36 AM com.sun.jersey.server.impl.application.WebApplicationImpl _initiate
INFO: Initiating Jersey application, version 'Jersey: 1.19 02/11/2015 03:25 AM'
Jul 14, 2019 6:46:36 AM com.sun.jersey.server.impl.application.WebApplicationImpl _initiate
INFO: Initiating Jersey application, version 'Jersey: 1.19 02/11/2015 03:25 AM'
Jul 14, 2019 6:46:37 AM com.sun.jersey.server.impl.application.WebApplicationImpl _initiate
INFO: Initiating Jersey application, version 'Jersey: 1.19 02/11/2015 03:25 AM'
Jul 14, 2019 6:46:37 AM com.sun.jersey.server.impl.application.WebApplicationImpl _initiate
INFO: Initiating Jersey application, version 'Jersey: 1.19 02/11/2015 03:25 AM'
Jul 14, 2019 6:46:37 AM com.sun.jersey.server.impl.application.WebApplicationImpl _initiate
INFO: Initiating Jersey application, version 'Jersey: 1.19 02/11/2015 03:25 AM'
Jul 14, 2019 6:46:37 AM com.sun.jersey.server.impl.application.WebApplicationImpl _initiate
INFO: Initiating Jersey application, version 'Jersey: 1.19 02/11/2015 03:25 AM'
]]></system-err>
  </testcase>
  <testcase name="testWatchForCommitForRetryfailure" classname="org.apache.hadoop.ozone.client.rpc.TestWatchForCommit" time="22.012">
    <failure message="expected exception not thrown" type="java.lang.AssertionError">java.lang.AssertionError: expected exception not thrown
	at org.junit.Assert.fail(Assert.java:88)
	at org.apache.hadoop.ozone.client.rpc.TestWatchForCommit.testWatchForCommitForRetryfailure(TestWatchForCommit.java:348)
	at sun.reflect.NativeMethodAccessorImpl.invoke0(Native Method)
	at sun.reflect.NativeMethodAccessorImpl.invoke(NativeMethodAccessorImpl.java:62)
	at sun.reflect.DelegatingMethodAccessorImpl.invoke(DelegatingMethodAccessorImpl.java:43)
	at java.lang.reflect.Method.invoke(Method.java:498)
	at org.junit.runners.model.FrameworkMethod$1.runReflectiveCall(FrameworkMethod.java:47)
	at org.junit.internal.runners.model.ReflectiveCallable.run(ReflectiveCallable.java:12)
	at org.junit.runners.model.FrameworkMethod.invokeExplosively(FrameworkMethod.java:44)
	at org.junit.internal.runners.statements.InvokeMethod.evaluate(InvokeMethod.java:17)
	at org.junit.runners.ParentRunner.runLeaf(ParentRunner.java:271)
	at org.junit.runners.BlockJUnit4ClassRunner.runChild(BlockJUnit4ClassRunner.java:70)
	at org.junit.runners.BlockJUnit4ClassRunner.runChild(BlockJUnit4ClassRunner.java:50)
	at org.junit.runners.ParentRunner$3.run(ParentRunner.java:238)
	at org.junit.runners.ParentRunner$1.schedule(ParentRunner.java:63)
	at org.junit.runners.ParentRunner.runChildren(ParentRunner.java:236)
	at org.junit.runners.ParentRunner.access$000(ParentRunner.java:53)
	at org.junit.runners.ParentRunner$2.evaluate(ParentRunner.java:229)
	at org.junit.runners.ParentRunner.run(ParentRunner.java:309)
	at org.apache.maven.surefire.junit4.JUnit4Provider.execute(JUnit4Provider.java:365)
	at org.apache.maven.surefire.junit4.JUnit4Provider.executeWithRerun(JUnit4Provider.java:273)
	at org.apache.maven.surefire.junit4.JUnit4Provider.executeTestSet(JUnit4Provider.java:238)
	at org.apache.maven.surefire.junit4.JUnit4Provider.invoke(JUnit4Provider.java:159)
	at org.apache.maven.surefire.booter.ForkedBooter.invokeProviderInSameClassLoader(ForkedBooter.java:384)
	at org.apache.maven.surefire.booter.ForkedBooter.runSuitesInProcess(ForkedBooter.java:345)
	at org.apache.maven.surefire.booter.ForkedBooter.execute(ForkedBooter.java:126)
	at org.apache.maven.surefire.booter.ForkedBooter.main(ForkedBooter.java:418)
</failure>
    <system-out><![CDATA[2019-07-14 06:46:57,541 WARN  server.ServerUtils (ServerUtils.java:getScmDbDir(145)) - ozone.scm.db.dirs is not configured. We recommend adding this setting. Falling back to ozone.metadata.dirs instead.
2019-07-14 06:46:57,556 WARN  server.ServerUtils (ServerUtils.java:getScmDbDir(145)) - ozone.scm.db.dirs is not configured. We recommend adding this setting. Falling back to ozone.metadata.dirs instead.
2019-07-14 06:46:57,556 WARN  server.ServerUtils (ServerUtils.java:getScmDbDir(145)) - ozone.scm.db.dirs is not configured. We recommend adding this setting. Falling back to ozone.metadata.dirs instead.
2019-07-14 06:46:57,557 INFO  db.DBStoreBuilder (DBStoreBuilder.java:addTable(110)) - using custom profile for table: deletedBlocks
2019-07-14 06:46:57,557 INFO  db.DBStoreBuilder (DBStoreBuilder.java:processTables(161)) - Using default column profile:DBProfile.DISK for Table:deletedBlocks
2019-07-14 06:46:57,557 INFO  db.DBStoreBuilder (DBStoreBuilder.java:addTable(110)) - using custom profile for table: validCerts
2019-07-14 06:46:57,557 INFO  db.DBStoreBuilder (DBStoreBuilder.java:processTables(161)) - Using default column profile:DBProfile.DISK for Table:validCerts
2019-07-14 06:46:57,558 INFO  db.DBStoreBuilder (DBStoreBuilder.java:addTable(110)) - using custom profile for table: revokedCerts
2019-07-14 06:46:57,558 INFO  db.DBStoreBuilder (DBStoreBuilder.java:processTables(161)) - Using default column profile:DBProfile.DISK for Table:revokedCerts
2019-07-14 06:46:57,558 INFO  db.DBStoreBuilder (DBStoreBuilder.java:addTable(110)) - using custom profile for table: default
2019-07-14 06:46:57,558 INFO  db.DBStoreBuilder (DBStoreBuilder.java:processTables(167)) - Using default column profile:DBProfile.DISK for Table:default
2019-07-14 06:46:57,559 INFO  db.DBStoreBuilder (DBStoreBuilder.java:getDbProfile(198)) - Using default options. DBProfile.DISK
2019-07-14 06:46:57,676 INFO  net.NodeSchemaLoader (NodeSchemaLoader.java:loadSchemaFromFile(125)) - Loading file from sun.misc.CompoundEnumeration@7af9595d
2019-07-14 06:46:57,676 INFO  net.NodeSchemaLoader (NodeSchemaLoader.java:loadSchema(171)) - Loading network topology layer schema file
2019-07-14 06:46:57,681 WARN  server.ServerUtils (ServerUtils.java:sanitizeUserArgs(70)) - ozone.scm.stale.node.interval value = 300000 is larger than max = 100000 based on the key value of ozone.scm.heartbeat.thread.interval, reset to the max value 100000.
2019-07-14 06:46:57,682 WARN  server.ServerUtils (ServerUtils.java:sanitizeUserArgs(70)) - ozone.scm.stale.node.interval value = 300000 is larger than max = 100000 based on the key value of ozone.scm.heartbeat.thread.interval, reset to the max value 100000.
2019-07-14 06:46:57,682 INFO  node.SCMNodeManager (SCMNodeManager.java:<init>(119)) - Entering startup safe mode.
2019-07-14 06:46:57,683 WARN  server.ServerUtils (ServerUtils.java:getScmDbDir(145)) - ozone.scm.db.dirs is not configured. We recommend adding this setting. Falling back to ozone.metadata.dirs instead.
2019-07-14 06:46:57,722 INFO  pipeline.SCMPipelineManager (SCMPipelineManager.java:initializePipelineState(126)) - No pipeline exists in current db
2019-07-14 06:46:57,722 WARN  server.ServerUtils (ServerUtils.java:getScmDbDir(145)) - ozone.scm.db.dirs is not configured. We recommend adding this setting. Falling back to ozone.metadata.dirs instead.
2019-07-14 06:46:57,764 WARN  events.EventQueue (EventQueue.java:fireEvent(175)) - No event handler registered for event TypedEvent{payloadType=SafeModeStatus, name='SafeModeStatus'}
2019-07-14 06:46:57,766 INFO  ipc.CallQueueManager (CallQueueManager.java:<init>(84)) - Using callQueue: class java.util.concurrent.LinkedBlockingQueue, queueCapacity: 2000, scheduler: class org.apache.hadoop.ipc.DefaultRpcScheduler, ipcBackoff: false.
2019-07-14 06:46:57,767 INFO  ipc.Server (Server.java:run(1074)) - Starting Socket Reader #1 for port 38016
2019-07-14 06:46:57,775 INFO  ipc.CallQueueManager (CallQueueManager.java:<init>(84)) - Using callQueue: class java.util.concurrent.LinkedBlockingQueue, queueCapacity: 2000, scheduler: class org.apache.hadoop.ipc.DefaultRpcScheduler, ipcBackoff: false.
2019-07-14 06:46:57,776 INFO  ipc.Server (Server.java:run(1074)) - Starting Socket Reader #1 for port 42912
2019-07-14 06:46:57,781 INFO  ipc.CallQueueManager (CallQueueManager.java:<init>(84)) - Using callQueue: class java.util.concurrent.LinkedBlockingQueue, queueCapacity: 2000, scheduler: class org.apache.hadoop.ipc.DefaultRpcScheduler, ipcBackoff: false.
2019-07-14 06:46:57,782 INFO  ipc.Server (Server.java:run(1074)) - Starting Socket Reader #1 for port 43651
2019-07-14 06:46:57,789 INFO  hdfs.DFSUtil (DFSUtil.java:httpServerTemplateForNNAndJN(1641)) - Starting Web-server for scm at: http://0.0.0.0:0
2019-07-14 06:46:57,791 INFO  server.AuthenticationFilter (AuthenticationFilter.java:constructSecretProvider(240)) - Unable to initialize FileSignerSecretProvider, falling back to use random secrets.
2019-07-14 06:46:57,792 WARN  http.HttpRequestLog (HttpRequestLog.java:getRequestLog(97)) - Jetty request log can only be enabled using Log4j
2019-07-14 06:46:57,794 INFO  http.HttpServer2 (HttpServer2.java:addGlobalFilter(975)) - Added global filter 'safety' (class=org.apache.hadoop.http.HttpServer2$QuotingInputFilter)
2019-07-14 06:46:57,795 INFO  http.HttpServer2 (HttpServer2.java:addFilter(948)) - Added filter static_user_filter (class=org.apache.hadoop.http.lib.StaticUserWebFilter$StaticUserFilter) to context scm
2019-07-14 06:46:57,795 INFO  http.HttpServer2 (HttpServer2.java:addFilter(958)) - Added filter static_user_filter (class=org.apache.hadoop.http.lib.StaticUserWebFilter$StaticUserFilter) to context static
2019-07-14 06:46:57,795 INFO  http.HttpServer2 (HttpServer2.java:addFilter(958)) - Added filter static_user_filter (class=org.apache.hadoop.http.lib.StaticUserWebFilter$StaticUserFilter) to context logs
2019-07-14 06:46:57,803 INFO  server.StorageContainerManager (StorageContainerManager.java:start(759)) - StorageContainerLocationProtocol RPC server is listening at /0.0.0.0:43651
2019-07-14 06:46:57,803 INFO  impl.MetricsSystemImpl (MetricsSystemImpl.java:init(158)) - StorageContainerManager metrics system started (again)
2019-07-14 06:46:57,803 INFO  server.SCMClientProtocolServer (SCMClientProtocolServer.java:start(149)) - RPC server for Client  is listening at /0.0.0.0:43651
2019-07-14 06:46:57,804 INFO  ipc.Server (Server.java:run(1314)) - IPC Server Responder: starting
2019-07-14 06:46:57,804 INFO  ipc.Server (Server.java:run(1153)) - IPC Server listener on 43651: starting
2019-07-14 06:46:57,814 INFO  server.StorageContainerManager (StorageContainerManager.java:start(768)) - ScmBlockLocationProtocol RPC server is listening at /0.0.0.0:42912
2019-07-14 06:46:57,814 INFO  server.SCMBlockProtocolServer (SCMBlockProtocolServer.java:start(140)) - RPC server for Block Protocol is listening at /0.0.0.0:42912
2019-07-14 06:46:57,815 INFO  ipc.Server (Server.java:run(1314)) - IPC Server Responder: starting
2019-07-14 06:46:57,815 INFO  ipc.Server (Server.java:run(1153)) - IPC Server listener on 42912: starting
2019-07-14 06:46:57,827 INFO  server.StorageContainerManager (StorageContainerManager.java:start(772)) - ScmDatanodeProtocl RPC server is listening at /0.0.0.0:38016
2019-07-14 06:46:57,827 INFO  server.SCMDatanodeProtocolServer (SCMDatanodeProtocolServer.java:start(191)) - RPC server for DataNodes is listening at /0.0.0.0:38016
2019-07-14 06:46:57,828 INFO  ipc.Server (Server.java:run(1314)) - IPC Server Responder: starting
2019-07-14 06:46:57,828 INFO  ipc.Server (Server.java:run(1153)) - IPC Server listener on 38016: starting
2019-07-14 06:46:57,840 INFO  http.HttpServer2 (HttpServer2.java:bindListener(1191)) - Jetty bound to port 40217
2019-07-14 06:46:57,840 INFO  server.Server (Server.java:doStart(351)) - jetty-9.3.24.v20180605, build timestamp: 2018-06-05T17:11:56Z, git hash: 84205aa28f11a4f31f2a3b86d1bba2cc8ab69827
2019-07-14 06:46:57,842 INFO  handler.ContextHandler (ContextHandler.java:doStart(781)) - Started o.e.j.s.ServletContextHandler@40a7974{/logs,file:///tmp/workdir/hadoop-ozone/integration-test/target/log,AVAILABLE}
2019-07-14 06:46:57,843 INFO  handler.ContextHandler (ContextHandler.java:doStart(781)) - Started o.e.j.s.ServletContextHandler@65a4b9d6{/static,file:///tmp/workdir/hadoop-ozone/integration-test/target/test-classes/webapps/static,AVAILABLE}
2019-07-14 06:46:57,848 INFO  handler.ContextHandler (ContextHandler.java:doStart(781)) - Started o.e.j.w.WebAppContext@5602e540{/,file:///tmp/workdir/hadoop-ozone/integration-test/target/test-classes/webapps/scm/,AVAILABLE}{/scm}
2019-07-14 06:46:57,863 INFO  server.AbstractConnector (AbstractConnector.java:doStart(278)) - Started ServerConnector@11f9b95a{HTTP/1.1,[http/1.1]}{0.0.0.0:40217}
2019-07-14 06:46:57,866 INFO  server.Server (Server.java:doStart(419)) - Started @39891ms
2019-07-14 06:46:57,869 INFO  server.BaseHttpServer (BaseHttpServer.java:updateConnectorAddress(207)) - HTTP server of SCM is listening at http://0.0.0.0:40217
2019-07-14 06:46:57,869 WARN  server.ServerUtils (ServerUtils.java:getDBPath(222)) - ozone.om.db.dirs is not configured. We recommend adding this setting. Falling back to ozone.metadata.dirs instead.
2019-07-14 06:46:57,874 INFO  util.JvmPauseMonitor (JvmPauseMonitor.java:run(188)) - Starting JVM pause monitor
2019-07-14 06:46:57,886 WARN  server.ServerUtils (ServerUtils.java:getDBPath(222)) - ozone.om.db.dirs is not configured. We recommend adding this setting. Falling back to ozone.metadata.dirs instead.
2019-07-14 06:46:57,886 INFO  om.OzoneManager (OzoneManager.java:setOMNodeDetails(630)) - OM Service ID is not set. Setting it to the default ID: omServiceIdDefault
2019-07-14 06:46:57,886 INFO  om.OzoneManager (OzoneManager.java:setOMNodeDetails(636)) - OM Node ID is not set. Setting it to the OmStorage's OmID: 8533e609-e5a0-4755-ab06-178299ed9f2b
2019-07-14 06:46:57,887 INFO  om.OzoneManager (OzoneManager.java:loadOMHAConfigs(587)) - Found matching OM address with OMServiceId: null, OMNodeId: null, RPC Address: localhost:0 and Ratis port: 9872
2019-07-14 06:46:57,904 WARN  server.ServerUtils (ServerUtils.java:getDBPath(222)) - ozone.om.db.dirs is not configured. We recommend adding this setting. Falling back to ozone.metadata.dirs instead.
2019-07-14 06:46:57,904 INFO  db.DBStoreBuilder (DBStoreBuilder.java:addTable(110)) - using custom profile for table: userTable
2019-07-14 06:46:57,905 INFO  db.DBStoreBuilder (DBStoreBuilder.java:processTables(161)) - Using default column profile:DBProfile.DISK for Table:userTable
2019-07-14 06:46:57,905 INFO  db.DBStoreBuilder (DBStoreBuilder.java:addTable(110)) - using custom profile for table: volumeTable
2019-07-14 06:46:57,905 INFO  db.DBStoreBuilder (DBStoreBuilder.java:processTables(161)) - Using default column profile:DBProfile.DISK for Table:volumeTable
2019-07-14 06:46:57,905 INFO  db.DBStoreBuilder (DBStoreBuilder.java:addTable(110)) - using custom profile for table: bucketTable
2019-07-14 06:46:57,906 INFO  db.DBStoreBuilder (DBStoreBuilder.java:processTables(161)) - Using default column profile:DBProfile.DISK for Table:bucketTable
2019-07-14 06:46:57,906 INFO  db.DBStoreBuilder (DBStoreBuilder.java:addTable(110)) - using custom profile for table: keyTable
2019-07-14 06:46:57,906 INFO  db.DBStoreBuilder (DBStoreBuilder.java:processTables(161)) - Using default column profile:DBProfile.DISK for Table:keyTable
2019-07-14 06:46:57,906 INFO  db.DBStoreBuilder (DBStoreBuilder.java:addTable(110)) - using custom profile for table: deletedTable
2019-07-14 06:46:57,907 INFO  db.DBStoreBuilder (DBStoreBuilder.java:processTables(161)) - Using default column profile:DBProfile.DISK for Table:deletedTable
2019-07-14 06:46:57,907 INFO  db.DBStoreBuilder (DBStoreBuilder.java:addTable(110)) - using custom profile for table: openKeyTable
2019-07-14 06:46:57,907 INFO  db.DBStoreBuilder (DBStoreBuilder.java:processTables(161)) - Using default column profile:DBProfile.DISK for Table:openKeyTable
2019-07-14 06:46:57,907 INFO  db.DBStoreBuilder (DBStoreBuilder.java:addTable(110)) - using custom profile for table: s3Table
2019-07-14 06:46:57,908 INFO  db.DBStoreBuilder (DBStoreBuilder.java:processTables(161)) - Using default column profile:DBProfile.DISK for Table:s3Table
2019-07-14 06:46:57,908 INFO  db.DBStoreBuilder (DBStoreBuilder.java:addTable(110)) - using custom profile for table: multipartInfoTable
2019-07-14 06:46:57,908 INFO  db.DBStoreBuilder (DBStoreBuilder.java:processTables(161)) - Using default column profile:DBProfile.DISK for Table:multipartInfoTable
2019-07-14 06:46:57,908 INFO  db.DBStoreBuilder (DBStoreBuilder.java:addTable(110)) - using custom profile for table: dTokenTable
2019-07-14 06:46:57,909 INFO  db.DBStoreBuilder (DBStoreBuilder.java:processTables(161)) - Using default column profile:DBProfile.DISK for Table:dTokenTable
2019-07-14 06:46:57,909 INFO  db.DBStoreBuilder (DBStoreBuilder.java:addTable(110)) - using custom profile for table: s3SecretTable
2019-07-14 06:46:57,909 INFO  db.DBStoreBuilder (DBStoreBuilder.java:processTables(161)) - Using default column profile:DBProfile.DISK for Table:s3SecretTable
2019-07-14 06:46:57,909 INFO  db.DBStoreBuilder (DBStoreBuilder.java:addTable(110)) - using custom profile for table: prefixTable
2019-07-14 06:46:57,909 INFO  db.DBStoreBuilder (DBStoreBuilder.java:processTables(161)) - Using default column profile:DBProfile.DISK for Table:prefixTable
2019-07-14 06:46:57,910 INFO  db.DBStoreBuilder (DBStoreBuilder.java:addTable(110)) - using custom profile for table: default
2019-07-14 06:46:57,910 INFO  db.DBStoreBuilder (DBStoreBuilder.java:processTables(167)) - Using default column profile:DBProfile.DISK for Table:default
2019-07-14 06:46:57,910 INFO  db.DBStoreBuilder (DBStoreBuilder.java:getDbProfile(198)) - Using default options. DBProfile.DISK
2019-07-14 06:46:58,247 INFO  ipc.CallQueueManager (CallQueueManager.java:<init>(84)) - Using callQueue: class java.util.concurrent.LinkedBlockingQueue, queueCapacity: 2000, scheduler: class org.apache.hadoop.ipc.DefaultRpcScheduler, ipcBackoff: false.
2019-07-14 06:46:58,248 INFO  ipc.Server (Server.java:run(1074)) - Starting Socket Reader #1 for port 45275
2019-07-14 06:46:58,270 WARN  server.ServerUtils (ServerUtils.java:getDBPath(222)) - ozone.om.db.dirs is not configured. We recommend adding this setting. Falling back to ozone.metadata.dirs instead.
2019-07-14 06:46:58,270 INFO  om.OzoneManager (OzoneManager.java:start(1228)) - OzoneManager RPC server is listening at localhost/127.0.0.1:45275
2019-07-14 06:46:58,270 INFO  impl.MetricsSystemImpl (MetricsSystemImpl.java:init(158)) - OzoneManager metrics system started (again)
2019-07-14 06:46:58,272 INFO  ipc.Server (Server.java:run(1153)) - IPC Server listener on 45275: starting
2019-07-14 06:46:58,272 INFO  ipc.Server (Server.java:run(1314)) - IPC Server Responder: starting
2019-07-14 06:46:58,286 INFO  hdfs.DFSUtil (DFSUtil.java:httpServerTemplateForNNAndJN(1641)) - Starting Web-server for ozoneManager at: http://0.0.0.0:0
2019-07-14 06:46:58,288 INFO  server.AuthenticationFilter (AuthenticationFilter.java:constructSecretProvider(240)) - Unable to initialize FileSignerSecretProvider, falling back to use random secrets.
2019-07-14 06:46:58,288 WARN  http.HttpRequestLog (HttpRequestLog.java:getRequestLog(97)) - Jetty request log can only be enabled using Log4j
2019-07-14 06:46:58,290 INFO  http.HttpServer2 (HttpServer2.java:addGlobalFilter(975)) - Added global filter 'safety' (class=org.apache.hadoop.http.HttpServer2$QuotingInputFilter)
2019-07-14 06:46:58,290 INFO  http.HttpServer2 (HttpServer2.java:addFilter(948)) - Added filter static_user_filter (class=org.apache.hadoop.http.lib.StaticUserWebFilter$StaticUserFilter) to context ozoneManager
2019-07-14 06:46:58,290 INFO  http.HttpServer2 (HttpServer2.java:addFilter(958)) - Added filter static_user_filter (class=org.apache.hadoop.http.lib.StaticUserWebFilter$StaticUserFilter) to context static
2019-07-14 06:46:58,291 INFO  http.HttpServer2 (HttpServer2.java:addFilter(958)) - Added filter static_user_filter (class=org.apache.hadoop.http.lib.StaticUserWebFilter$StaticUserFilter) to context logs
2019-07-14 06:46:58,291 INFO  http.HttpServer2 (HttpServer2.java:bindListener(1191)) - Jetty bound to port 44427
2019-07-14 06:46:58,291 INFO  server.Server (Server.java:doStart(351)) - jetty-9.3.24.v20180605, build timestamp: 2018-06-05T17:11:56Z, git hash: 84205aa28f11a4f31f2a3b86d1bba2cc8ab69827
2019-07-14 06:46:58,293 INFO  handler.ContextHandler (ContextHandler.java:doStart(781)) - Started o.e.j.s.ServletContextHandler@7b795db7{/logs,file:///tmp/workdir/hadoop-ozone/integration-test/target/log,AVAILABLE}
2019-07-14 06:46:58,294 INFO  handler.ContextHandler (ContextHandler.java:doStart(781)) - Started o.e.j.s.ServletContextHandler@b849fa6{/static,file:///tmp/workdir/hadoop-ozone/integration-test/target/test-classes/webapps/static,AVAILABLE}
2019-07-14 06:46:58,297 INFO  handler.ContextHandler (ContextHandler.java:doStart(781)) - Started o.e.j.w.WebAppContext@4148ce43{/,file:///tmp/workdir/hadoop-ozone/integration-test/target/test-classes/webapps/ozoneManager/,AVAILABLE}{/ozoneManager}
2019-07-14 06:46:58,298 INFO  server.AbstractConnector (AbstractConnector.java:doStart(278)) - Started ServerConnector@46fb9581{HTTP/1.1,[http/1.1]}{0.0.0.0:44427}
2019-07-14 06:46:58,302 INFO  server.Server (Server.java:doStart(419)) - Started @40326ms
2019-07-14 06:46:58,303 INFO  server.BaseHttpServer (BaseHttpServer.java:updateConnectorAddress(207)) - HTTP server of OZONEMANAGER is listening at http://0.0.0.0:44427
2019-07-14 06:46:58,316 INFO  impl.MetricsSystemImpl (MetricsSystemImpl.java:init(158)) - HddsDatanode metrics system started (again)
2019-07-14 06:46:58,316 INFO  ozone.HddsDatanodeService (HddsDatanodeService.java:start(185)) - HddsDatanodeService host:trunk-nightly-8c95p-1540871953 ip:192.168.5.144
2019-07-14 06:46:58,332 INFO  volume.HddsVolume (HddsVolume.java:<init>(176)) - Creating Volume: /tmp/workdir/hadoop-ozone/integration-test/target/test-dir/MiniOzoneClusterImpl-cf69c69d-c954-44a7-bbc3-57d05d5b5054/datanode-0/data/containers/hdds of  storage type : DISK and capacity : 52710309888
2019-07-14 06:46:58,333 INFO  volume.VolumeSet (VolumeSet.java:initializeVolumeSet(170)) - Added Volume : /tmp/workdir/hadoop-ozone/integration-test/target/test-dir/MiniOzoneClusterImpl-cf69c69d-c954-44a7-bbc3-57d05d5b5054/datanode-0/data/containers/hdds to VolumeSet
2019-07-14 06:46:58,333 INFO  volume.ThrottledAsyncChecker (ThrottledAsyncChecker.java:schedule(140)) - Scheduling a check for org.apache.hadoop.ozone.container.common.volume.HddsVolume@51df2a41
2019-07-14 06:46:58,337 INFO  volume.HddsVolumeChecker (HddsVolumeChecker.java:checkAllVolumes(203)) - Scheduled health check for volume org.apache.hadoop.ozone.container.common.volume.HddsVolume@51df2a41
2019-07-14 06:46:58,356 INFO  impl.RaftServerProxy (ConfUtils.java:logGet(43)) - raft.rpc.type = GRPC (default)
2019-07-14 06:46:58,357 INFO  grpc.GrpcFactory (GrpcFactory.java:checkPooledByteBufAllocatorUseCacheForAllThreads(45)) - PERFORMANCE WARNING: useCacheForAllThreads is true that may cause Netty to create a lot garbage objects and, as a result, trigger GC.
	It is recommended to disable useCacheForAllThreads by setting -Dorg.apache.ratis.thirdparty.io.netty.allocator.useCacheForAllThreads=false in command line.
2019-07-14 06:46:58,357 INFO  grpc.GrpcConfigKeys$Server (ConfUtils.java:logGet(43)) - raft.grpc.server.port = 0 (default)
2019-07-14 06:46:58,357 INFO  server.GrpcService (ConfUtils.java:logGet(43)) - raft.grpc.message.size.max = 33570816 (custom)
2019-07-14 06:46:58,357 INFO  server.RaftServerConfigKeys (ConfUtils.java:logGet(43)) - raft.server.log.appender.buffer.byte-limit = 33554432 (custom)
2019-07-14 06:46:58,358 INFO  server.GrpcService (ConfUtils.java:logGet(43)) - raft.grpc.flow.control.window = 1MB (=1048576) (default)
2019-07-14 06:46:58,358 INFO  server.RaftServerConfigKeys (ConfUtils.java:logGet(43)) - raft.server.rpc.request.timeout = 3000ms (default)
2019-07-14 06:46:58,359 INFO  server.RaftServerConfigKeys (ConfUtils.java:logGet(43)) - raft.server.storage.dir = [/tmp/workdir/hadoop-ozone/integration-test/target/test-dir/MiniOzoneClusterImpl-cf69c69d-c954-44a7-bbc3-57d05d5b5054/datanode-0/data/ratis] (custom)
2019-07-14 06:46:58,359 INFO  replication.SimpleContainerDownloader (SimpleContainerDownloader.java:<init>(72)) - Starting container downloader service to copy containers to replicate.
2019-07-14 06:46:58,361 INFO  hdfs.DFSUtil (DFSUtil.java:httpServerTemplateForNNAndJN(1641)) - Starting Web-server for hddsDatanode at: http://0.0.0.0:0
2019-07-14 06:46:58,363 INFO  server.AuthenticationFilter (AuthenticationFilter.java:constructSecretProvider(240)) - Unable to initialize FileSignerSecretProvider, falling back to use random secrets.
2019-07-14 06:46:58,363 WARN  http.HttpRequestLog (HttpRequestLog.java:getRequestLog(97)) - Jetty request log can only be enabled using Log4j
2019-07-14 06:46:58,365 INFO  http.HttpServer2 (HttpServer2.java:addGlobalFilter(975)) - Added global filter 'safety' (class=org.apache.hadoop.http.HttpServer2$QuotingInputFilter)
2019-07-14 06:46:58,366 INFO  http.HttpServer2 (HttpServer2.java:addFilter(948)) - Added filter static_user_filter (class=org.apache.hadoop.http.lib.StaticUserWebFilter$StaticUserFilter) to context hddsDatanode
2019-07-14 06:46:58,366 INFO  http.HttpServer2 (HttpServer2.java:addFilter(958)) - Added filter static_user_filter (class=org.apache.hadoop.http.lib.StaticUserWebFilter$StaticUserFilter) to context static
2019-07-14 06:46:58,367 INFO  http.HttpServer2 (HttpServer2.java:addFilter(958)) - Added filter static_user_filter (class=org.apache.hadoop.http.lib.StaticUserWebFilter$StaticUserFilter) to context logs
2019-07-14 06:46:58,368 INFO  http.HttpServer2 (HttpServer2.java:bindListener(1191)) - Jetty bound to port 46465
2019-07-14 06:46:58,368 INFO  server.Server (Server.java:doStart(351)) - jetty-9.3.24.v20180605, build timestamp: 2018-06-05T17:11:56Z, git hash: 84205aa28f11a4f31f2a3b86d1bba2cc8ab69827
2019-07-14 06:46:58,371 INFO  handler.ContextHandler (ContextHandler.java:doStart(781)) - Started o.e.j.s.ServletContextHandler@69b1e8f8{/logs,file:///tmp/workdir/hadoop-ozone/integration-test/target/log,AVAILABLE}
2019-07-14 06:46:58,371 INFO  handler.ContextHandler (ContextHandler.java:doStart(781)) - Started o.e.j.s.ServletContextHandler@1e000a17{/static,jar:file:/home/user/.m2/repository/org/apache/hadoop/hadoop-hdds-container-service/0.5.0-SNAPSHOT/hadoop-hdds-container-service-0.5.0-SNAPSHOT.jar!/webapps/static,AVAILABLE}
2019-07-14 06:46:58,415 INFO  handler.ContextHandler (ContextHandler.java:doStart(781)) - Started o.e.j.w.WebAppContext@537451d5{/,file:///tmp/jetty-0.0.0.0-46465-hddsDatanode-_-any-2273549648058762730.dir/webapp/,AVAILABLE}{/hddsDatanode}
2019-07-14 06:46:58,415 INFO  server.AbstractConnector (AbstractConnector.java:doStart(278)) - Started ServerConnector@785d6a98{HTTP/1.1,[http/1.1]}{0.0.0.0:46465}
2019-07-14 06:46:58,421 INFO  server.Server (Server.java:doStart(419)) - Started @40445ms
2019-07-14 06:46:58,422 INFO  server.BaseHttpServer (BaseHttpServer.java:updateConnectorAddress(207)) - HTTP server of HDDSDATANODE is listening at http://0.0.0.0:46465
2019-07-14 06:46:58,547 INFO  ozone.HddsDatanodeService (HddsDatanodeService.java:startPlugins(396)) - Started plug-in org.apache.hadoop.ozone.web.OzoneHddsDatanodeService@4e79c25
2019-07-14 06:46:58,548 INFO  impl.MetricsSystemImpl (MetricsSystemImpl.java:init(158)) - HddsDatanode metrics system started (again)
2019-07-14 06:46:58,548 INFO  ozone.HddsDatanodeService (HddsDatanodeService.java:start(185)) - HddsDatanodeService host:trunk-nightly-8c95p-1540871953 ip:192.168.5.144
2019-07-14 06:46:58,549 INFO  util.JvmPauseMonitor (JvmPauseMonitor.java:run(188)) - Starting JVM pause monitor
2019-07-14 06:46:58,552 INFO  datanode.InitDatanodeState (InitDatanodeState.java:persistContainerDatanodeDetails(140)) - DatanodeDetails is persisted to /tmp/workdir/hadoop-ozone/integration-test/target/test-dir/MiniOzoneClusterImpl-cf69c69d-c954-44a7-bbc3-57d05d5b5054/datanode-0/meta/datanode.id
2019-07-14 06:46:58,591 INFO  volume.HddsVolume (HddsVolume.java:<init>(176)) - Creating Volume: /tmp/workdir/hadoop-ozone/integration-test/target/test-dir/MiniOzoneClusterImpl-cf69c69d-c954-44a7-bbc3-57d05d5b5054/datanode-1/data/containers/hdds of  storage type : DISK and capacity : 52710309888
2019-07-14 06:46:58,592 INFO  volume.VolumeSet (VolumeSet.java:initializeVolumeSet(170)) - Added Volume : /tmp/workdir/hadoop-ozone/integration-test/target/test-dir/MiniOzoneClusterImpl-cf69c69d-c954-44a7-bbc3-57d05d5b5054/datanode-1/data/containers/hdds to VolumeSet
2019-07-14 06:46:58,592 INFO  volume.ThrottledAsyncChecker (ThrottledAsyncChecker.java:schedule(140)) - Scheduling a check for org.apache.hadoop.ozone.container.common.volume.HddsVolume@5f8df69
2019-07-14 06:46:58,593 INFO  volume.HddsVolumeChecker (HddsVolumeChecker.java:checkAllVolumes(203)) - Scheduled health check for volume org.apache.hadoop.ozone.container.common.volume.HddsVolume@5f8df69
2019-07-14 06:46:58,633 INFO  impl.RaftServerProxy (ConfUtils.java:logGet(43)) - raft.rpc.type = GRPC (default)
2019-07-14 06:46:58,634 INFO  grpc.GrpcFactory (GrpcFactory.java:checkPooledByteBufAllocatorUseCacheForAllThreads(45)) - PERFORMANCE WARNING: useCacheForAllThreads is true that may cause Netty to create a lot garbage objects and, as a result, trigger GC.
	It is recommended to disable useCacheForAllThreads by setting -Dorg.apache.ratis.thirdparty.io.netty.allocator.useCacheForAllThreads=false in command line.
2019-07-14 06:46:58,634 INFO  grpc.GrpcConfigKeys$Server (ConfUtils.java:logGet(43)) - raft.grpc.server.port = 0 (default)
2019-07-14 06:46:58,634 INFO  server.GrpcService (ConfUtils.java:logGet(43)) - raft.grpc.message.size.max = 33570816 (custom)
2019-07-14 06:46:58,634 INFO  server.RaftServerConfigKeys (ConfUtils.java:logGet(43)) - raft.server.log.appender.buffer.byte-limit = 33554432 (custom)
2019-07-14 06:46:58,635 INFO  server.GrpcService (ConfUtils.java:logGet(43)) - raft.grpc.flow.control.window = 1MB (=1048576) (default)
2019-07-14 06:46:58,635 INFO  server.RaftServerConfigKeys (ConfUtils.java:logGet(43)) - raft.server.rpc.request.timeout = 3000ms (default)
2019-07-14 06:46:58,636 INFO  server.RaftServerConfigKeys (ConfUtils.java:logGet(43)) - raft.server.storage.dir = [/tmp/workdir/hadoop-ozone/integration-test/target/test-dir/MiniOzoneClusterImpl-cf69c69d-c954-44a7-bbc3-57d05d5b5054/datanode-1/data/ratis] (custom)
2019-07-14 06:46:58,636 INFO  replication.SimpleContainerDownloader (SimpleContainerDownloader.java:<init>(72)) - Starting container downloader service to copy containers to replicate.
2019-07-14 06:46:58,639 INFO  hdfs.DFSUtil (DFSUtil.java:httpServerTemplateForNNAndJN(1641)) - Starting Web-server for hddsDatanode at: http://0.0.0.0:0
2019-07-14 06:46:58,655 INFO  server.AuthenticationFilter (AuthenticationFilter.java:constructSecretProvider(240)) - Unable to initialize FileSignerSecretProvider, falling back to use random secrets.
2019-07-14 06:46:58,655 WARN  http.HttpRequestLog (HttpRequestLog.java:getRequestLog(97)) - Jetty request log can only be enabled using Log4j
2019-07-14 06:46:58,657 INFO  http.HttpServer2 (HttpServer2.java:addGlobalFilter(975)) - Added global filter 'safety' (class=org.apache.hadoop.http.HttpServer2$QuotingInputFilter)
2019-07-14 06:46:58,658 INFO  http.HttpServer2 (HttpServer2.java:addFilter(948)) - Added filter static_user_filter (class=org.apache.hadoop.http.lib.StaticUserWebFilter$StaticUserFilter) to context hddsDatanode
2019-07-14 06:46:58,658 INFO  http.HttpServer2 (HttpServer2.java:addFilter(958)) - Added filter static_user_filter (class=org.apache.hadoop.http.lib.StaticUserWebFilter$StaticUserFilter) to context static
2019-07-14 06:46:58,658 INFO  http.HttpServer2 (HttpServer2.java:addFilter(958)) - Added filter static_user_filter (class=org.apache.hadoop.http.lib.StaticUserWebFilter$StaticUserFilter) to context logs
2019-07-14 06:46:58,659 INFO  http.HttpServer2 (HttpServer2.java:bindListener(1191)) - Jetty bound to port 45850
2019-07-14 06:46:58,659 INFO  server.Server (Server.java:doStart(351)) - jetty-9.3.24.v20180605, build timestamp: 2018-06-05T17:11:56Z, git hash: 84205aa28f11a4f31f2a3b86d1bba2cc8ab69827
2019-07-14 06:46:58,661 INFO  handler.ContextHandler (ContextHandler.java:doStart(781)) - Started o.e.j.s.ServletContextHandler@7c03f9d0{/logs,file:///tmp/workdir/hadoop-ozone/integration-test/target/log,AVAILABLE}
2019-07-14 06:46:58,662 INFO  handler.ContextHandler (ContextHandler.java:doStart(781)) - Started o.e.j.s.ServletContextHandler@17189618{/static,jar:file:/home/user/.m2/repository/org/apache/hadoop/hadoop-hdds-container-service/0.5.0-SNAPSHOT/hadoop-hdds-container-service-0.5.0-SNAPSHOT.jar!/webapps/static,AVAILABLE}
2019-07-14 06:46:58,698 INFO  handler.ContextHandler (ContextHandler.java:doStart(781)) - Started o.e.j.w.WebAppContext@43e7f104{/,file:///tmp/jetty-0.0.0.0-45850-hddsDatanode-_-any-1854310296756994753.dir/webapp/,AVAILABLE}{/hddsDatanode}
2019-07-14 06:46:58,698 INFO  server.AbstractConnector (AbstractConnector.java:doStart(278)) - Started ServerConnector@7294a684{HTTP/1.1,[http/1.1]}{0.0.0.0:45850}
2019-07-14 06:46:58,715 INFO  server.Server (Server.java:doStart(419)) - Started @40739ms
2019-07-14 06:46:58,716 INFO  server.BaseHttpServer (BaseHttpServer.java:updateConnectorAddress(207)) - HTTP server of HDDSDATANODE is listening at http://0.0.0.0:45850
2019-07-14 06:46:58,863 INFO  ozone.HddsDatanodeService (HddsDatanodeService.java:startPlugins(396)) - Started plug-in org.apache.hadoop.ozone.web.OzoneHddsDatanodeService@443dae2
2019-07-14 06:46:58,864 INFO  impl.MetricsSystemImpl (MetricsSystemImpl.java:init(158)) - HddsDatanode metrics system started (again)
2019-07-14 06:46:58,864 INFO  ozone.HddsDatanodeService (HddsDatanodeService.java:start(185)) - HddsDatanodeService host:trunk-nightly-8c95p-1540871953 ip:192.168.5.144
2019-07-14 06:46:58,865 INFO  util.JvmPauseMonitor (JvmPauseMonitor.java:run(188)) - Starting JVM pause monitor
2019-07-14 06:46:58,867 INFO  datanode.InitDatanodeState (InitDatanodeState.java:persistContainerDatanodeDetails(140)) - DatanodeDetails is persisted to /tmp/workdir/hadoop-ozone/integration-test/target/test-dir/MiniOzoneClusterImpl-cf69c69d-c954-44a7-bbc3-57d05d5b5054/datanode-1/meta/datanode.id
2019-07-14 06:46:58,880 INFO  volume.HddsVolume (HddsVolume.java:<init>(176)) - Creating Volume: /tmp/workdir/hadoop-ozone/integration-test/target/test-dir/MiniOzoneClusterImpl-cf69c69d-c954-44a7-bbc3-57d05d5b5054/datanode-2/data/containers/hdds of  storage type : DISK and capacity : 52710309888
2019-07-14 06:46:58,880 INFO  volume.VolumeSet (VolumeSet.java:initializeVolumeSet(170)) - Added Volume : /tmp/workdir/hadoop-ozone/integration-test/target/test-dir/MiniOzoneClusterImpl-cf69c69d-c954-44a7-bbc3-57d05d5b5054/datanode-2/data/containers/hdds to VolumeSet
2019-07-14 06:46:58,880 INFO  volume.ThrottledAsyncChecker (ThrottledAsyncChecker.java:schedule(140)) - Scheduling a check for org.apache.hadoop.ozone.container.common.volume.HddsVolume@19213a74
2019-07-14 06:46:58,881 INFO  volume.HddsVolumeChecker (HddsVolumeChecker.java:checkAllVolumes(203)) - Scheduled health check for volume org.apache.hadoop.ozone.container.common.volume.HddsVolume@19213a74
2019-07-14 06:46:58,904 INFO  impl.RaftServerProxy (ConfUtils.java:logGet(43)) - raft.rpc.type = GRPC (default)
2019-07-14 06:46:58,904 INFO  grpc.GrpcFactory (GrpcFactory.java:checkPooledByteBufAllocatorUseCacheForAllThreads(45)) - PERFORMANCE WARNING: useCacheForAllThreads is true that may cause Netty to create a lot garbage objects and, as a result, trigger GC.
	It is recommended to disable useCacheForAllThreads by setting -Dorg.apache.ratis.thirdparty.io.netty.allocator.useCacheForAllThreads=false in command line.
2019-07-14 06:46:58,904 INFO  grpc.GrpcConfigKeys$Server (ConfUtils.java:logGet(43)) - raft.grpc.server.port = 0 (default)
2019-07-14 06:46:58,905 INFO  server.GrpcService (ConfUtils.java:logGet(43)) - raft.grpc.message.size.max = 33570816 (custom)
2019-07-14 06:46:58,905 INFO  server.RaftServerConfigKeys (ConfUtils.java:logGet(43)) - raft.server.log.appender.buffer.byte-limit = 33554432 (custom)
2019-07-14 06:46:58,905 INFO  server.GrpcService (ConfUtils.java:logGet(43)) - raft.grpc.flow.control.window = 1MB (=1048576) (default)
2019-07-14 06:46:58,905 INFO  server.RaftServerConfigKeys (ConfUtils.java:logGet(43)) - raft.server.rpc.request.timeout = 3000ms (default)
2019-07-14 06:46:58,906 INFO  server.RaftServerConfigKeys (ConfUtils.java:logGet(43)) - raft.server.storage.dir = [/tmp/workdir/hadoop-ozone/integration-test/target/test-dir/MiniOzoneClusterImpl-cf69c69d-c954-44a7-bbc3-57d05d5b5054/datanode-2/data/ratis] (custom)
2019-07-14 06:46:58,906 INFO  replication.SimpleContainerDownloader (SimpleContainerDownloader.java:<init>(72)) - Starting container downloader service to copy containers to replicate.
2019-07-14 06:46:58,907 INFO  hdfs.DFSUtil (DFSUtil.java:httpServerTemplateForNNAndJN(1641)) - Starting Web-server for hddsDatanode at: http://0.0.0.0:0
2019-07-14 06:46:58,908 INFO  server.AuthenticationFilter (AuthenticationFilter.java:constructSecretProvider(240)) - Unable to initialize FileSignerSecretProvider, falling back to use random secrets.
2019-07-14 06:46:58,909 WARN  http.HttpRequestLog (HttpRequestLog.java:getRequestLog(97)) - Jetty request log can only be enabled using Log4j
2019-07-14 06:46:58,910 INFO  http.HttpServer2 (HttpServer2.java:addGlobalFilter(975)) - Added global filter 'safety' (class=org.apache.hadoop.http.HttpServer2$QuotingInputFilter)
2019-07-14 06:46:58,910 INFO  http.HttpServer2 (HttpServer2.java:addFilter(948)) - Added filter static_user_filter (class=org.apache.hadoop.http.lib.StaticUserWebFilter$StaticUserFilter) to context hddsDatanode
2019-07-14 06:46:58,910 INFO  http.HttpServer2 (HttpServer2.java:addFilter(958)) - Added filter static_user_filter (class=org.apache.hadoop.http.lib.StaticUserWebFilter$StaticUserFilter) to context static
2019-07-14 06:46:58,911 INFO  http.HttpServer2 (HttpServer2.java:addFilter(958)) - Added filter static_user_filter (class=org.apache.hadoop.http.lib.StaticUserWebFilter$StaticUserFilter) to context logs
2019-07-14 06:46:58,911 INFO  http.HttpServer2 (HttpServer2.java:bindListener(1191)) - Jetty bound to port 38881
2019-07-14 06:46:58,911 INFO  server.Server (Server.java:doStart(351)) - jetty-9.3.24.v20180605, build timestamp: 2018-06-05T17:11:56Z, git hash: 84205aa28f11a4f31f2a3b86d1bba2cc8ab69827
2019-07-14 06:46:58,913 INFO  handler.ContextHandler (ContextHandler.java:doStart(781)) - Started o.e.j.s.ServletContextHandler@66456506{/logs,file:///tmp/workdir/hadoop-ozone/integration-test/target/log,AVAILABLE}
2019-07-14 06:46:58,913 INFO  handler.ContextHandler (ContextHandler.java:doStart(781)) - Started o.e.j.s.ServletContextHandler@1ed52f44{/static,jar:file:/home/user/.m2/repository/org/apache/hadoop/hadoop-hdds-container-service/0.5.0-SNAPSHOT/hadoop-hdds-container-service-0.5.0-SNAPSHOT.jar!/webapps/static,AVAILABLE}
2019-07-14 06:46:58,940 INFO  handler.ContextHandler (ContextHandler.java:doStart(781)) - Started o.e.j.w.WebAppContext@6c9e74f3{/,file:///tmp/jetty-0.0.0.0-38881-hddsDatanode-_-any-6592978001776132402.dir/webapp/,AVAILABLE}{/hddsDatanode}
2019-07-14 06:46:58,940 INFO  server.AbstractConnector (AbstractConnector.java:doStart(278)) - Started ServerConnector@813ab53{HTTP/1.1,[http/1.1]}{0.0.0.0:38881}
2019-07-14 06:46:58,946 INFO  server.Server (Server.java:doStart(419)) - Started @40970ms
2019-07-14 06:46:58,946 INFO  server.BaseHttpServer (BaseHttpServer.java:updateConnectorAddress(207)) - HTTP server of HDDSDATANODE is listening at http://0.0.0.0:38881
2019-07-14 06:46:59,063 INFO  ozone.HddsDatanodeService (HddsDatanodeService.java:startPlugins(396)) - Started plug-in org.apache.hadoop.ozone.web.OzoneHddsDatanodeService@54f9326c
2019-07-14 06:46:59,063 INFO  impl.MetricsSystemImpl (MetricsSystemImpl.java:init(158)) - HddsDatanode metrics system started (again)
2019-07-14 06:46:59,064 INFO  ozone.HddsDatanodeService (HddsDatanodeService.java:start(185)) - HddsDatanodeService host:trunk-nightly-8c95p-1540871953 ip:192.168.5.144
2019-07-14 06:46:59,065 INFO  util.JvmPauseMonitor (JvmPauseMonitor.java:run(188)) - Starting JVM pause monitor
2019-07-14 06:46:59,066 INFO  datanode.InitDatanodeState (InitDatanodeState.java:persistContainerDatanodeDetails(140)) - DatanodeDetails is persisted to /tmp/workdir/hadoop-ozone/integration-test/target/test-dir/MiniOzoneClusterImpl-cf69c69d-c954-44a7-bbc3-57d05d5b5054/datanode-2/meta/datanode.id
2019-07-14 06:46:59,079 INFO  volume.HddsVolume (HddsVolume.java:<init>(176)) - Creating Volume: /tmp/workdir/hadoop-ozone/integration-test/target/test-dir/MiniOzoneClusterImpl-cf69c69d-c954-44a7-bbc3-57d05d5b5054/datanode-3/data/containers/hdds of  storage type : DISK and capacity : 52710309888
2019-07-14 06:46:59,079 INFO  volume.VolumeSet (VolumeSet.java:initializeVolumeSet(170)) - Added Volume : /tmp/workdir/hadoop-ozone/integration-test/target/test-dir/MiniOzoneClusterImpl-cf69c69d-c954-44a7-bbc3-57d05d5b5054/datanode-3/data/containers/hdds to VolumeSet
2019-07-14 06:46:59,079 INFO  volume.ThrottledAsyncChecker (ThrottledAsyncChecker.java:schedule(140)) - Scheduling a check for org.apache.hadoop.ozone.container.common.volume.HddsVolume@998fbd4
2019-07-14 06:46:59,080 INFO  volume.HddsVolumeChecker (HddsVolumeChecker.java:checkAllVolumes(203)) - Scheduled health check for volume org.apache.hadoop.ozone.container.common.volume.HddsVolume@998fbd4
2019-07-14 06:46:59,096 INFO  impl.RaftServerProxy (ConfUtils.java:logGet(43)) - raft.rpc.type = GRPC (default)
2019-07-14 06:46:59,097 INFO  grpc.GrpcFactory (GrpcFactory.java:checkPooledByteBufAllocatorUseCacheForAllThreads(45)) - PERFORMANCE WARNING: useCacheForAllThreads is true that may cause Netty to create a lot garbage objects and, as a result, trigger GC.
	It is recommended to disable useCacheForAllThreads by setting -Dorg.apache.ratis.thirdparty.io.netty.allocator.useCacheForAllThreads=false in command line.
2019-07-14 06:46:59,097 INFO  grpc.GrpcConfigKeys$Server (ConfUtils.java:logGet(43)) - raft.grpc.server.port = 0 (default)
2019-07-14 06:46:59,097 INFO  server.GrpcService (ConfUtils.java:logGet(43)) - raft.grpc.message.size.max = 33570816 (custom)
2019-07-14 06:46:59,097 INFO  server.RaftServerConfigKeys (ConfUtils.java:logGet(43)) - raft.server.log.appender.buffer.byte-limit = 33554432 (custom)
2019-07-14 06:46:59,097 INFO  server.GrpcService (ConfUtils.java:logGet(43)) - raft.grpc.flow.control.window = 1MB (=1048576) (default)
2019-07-14 06:46:59,098 INFO  server.RaftServerConfigKeys (ConfUtils.java:logGet(43)) - raft.server.rpc.request.timeout = 3000ms (default)
2019-07-14 06:46:59,098 INFO  server.RaftServerConfigKeys (ConfUtils.java:logGet(43)) - raft.server.storage.dir = [/tmp/workdir/hadoop-ozone/integration-test/target/test-dir/MiniOzoneClusterImpl-cf69c69d-c954-44a7-bbc3-57d05d5b5054/datanode-3/data/ratis] (custom)
2019-07-14 06:46:59,098 INFO  replication.SimpleContainerDownloader (SimpleContainerDownloader.java:<init>(72)) - Starting container downloader service to copy containers to replicate.
2019-07-14 06:46:59,100 INFO  hdfs.DFSUtil (DFSUtil.java:httpServerTemplateForNNAndJN(1641)) - Starting Web-server for hddsDatanode at: http://0.0.0.0:0
2019-07-14 06:46:59,101 INFO  server.AuthenticationFilter (AuthenticationFilter.java:constructSecretProvider(240)) - Unable to initialize FileSignerSecretProvider, falling back to use random secrets.
2019-07-14 06:46:59,101 WARN  http.HttpRequestLog (HttpRequestLog.java:getRequestLog(97)) - Jetty request log can only be enabled using Log4j
2019-07-14 06:46:59,102 INFO  http.HttpServer2 (HttpServer2.java:addGlobalFilter(975)) - Added global filter 'safety' (class=org.apache.hadoop.http.HttpServer2$QuotingInputFilter)
2019-07-14 06:46:59,103 INFO  http.HttpServer2 (HttpServer2.java:addFilter(948)) - Added filter static_user_filter (class=org.apache.hadoop.http.lib.StaticUserWebFilter$StaticUserFilter) to context hddsDatanode
2019-07-14 06:46:59,103 INFO  http.HttpServer2 (HttpServer2.java:addFilter(958)) - Added filter static_user_filter (class=org.apache.hadoop.http.lib.StaticUserWebFilter$StaticUserFilter) to context logs
2019-07-14 06:46:59,103 INFO  http.HttpServer2 (HttpServer2.java:addFilter(958)) - Added filter static_user_filter (class=org.apache.hadoop.http.lib.StaticUserWebFilter$StaticUserFilter) to context static
2019-07-14 06:46:59,103 INFO  http.HttpServer2 (HttpServer2.java:bindListener(1191)) - Jetty bound to port 45862
2019-07-14 06:46:59,104 INFO  server.Server (Server.java:doStart(351)) - jetty-9.3.24.v20180605, build timestamp: 2018-06-05T17:11:56Z, git hash: 84205aa28f11a4f31f2a3b86d1bba2cc8ab69827
2019-07-14 06:46:59,105 INFO  handler.ContextHandler (ContextHandler.java:doStart(781)) - Started o.e.j.s.ServletContextHandler@362b384c{/logs,file:///tmp/workdir/hadoop-ozone/integration-test/target/log,AVAILABLE}
2019-07-14 06:46:59,106 INFO  handler.ContextHandler (ContextHandler.java:doStart(781)) - Started o.e.j.s.ServletContextHandler@9de1b85{/static,jar:file:/home/user/.m2/repository/org/apache/hadoop/hadoop-hdds-container-service/0.5.0-SNAPSHOT/hadoop-hdds-container-service-0.5.0-SNAPSHOT.jar!/webapps/static,AVAILABLE}
2019-07-14 06:46:59,132 INFO  handler.ContextHandler (ContextHandler.java:doStart(781)) - Started o.e.j.w.WebAppContext@3e63bd6b{/,file:///tmp/jetty-0.0.0.0-45862-hddsDatanode-_-any-4236717712178073343.dir/webapp/,AVAILABLE}{/hddsDatanode}
2019-07-14 06:46:59,133 INFO  server.AbstractConnector (AbstractConnector.java:doStart(278)) - Started ServerConnector@48144f1a{HTTP/1.1,[http/1.1]}{0.0.0.0:45862}
2019-07-14 06:46:59,137 INFO  server.Server (Server.java:doStart(419)) - Started @41161ms
2019-07-14 06:46:59,138 INFO  server.BaseHttpServer (BaseHttpServer.java:updateConnectorAddress(207)) - HTTP server of HDDSDATANODE is listening at http://0.0.0.0:45862
2019-07-14 06:46:59,249 INFO  ozone.HddsDatanodeService (HddsDatanodeService.java:startPlugins(396)) - Started plug-in org.apache.hadoop.ozone.web.OzoneHddsDatanodeService@308be1a3
2019-07-14 06:46:59,249 INFO  impl.MetricsSystemImpl (MetricsSystemImpl.java:init(158)) - HddsDatanode metrics system started (again)
2019-07-14 06:46:59,250 INFO  ozone.HddsDatanodeService (HddsDatanodeService.java:start(185)) - HddsDatanodeService host:trunk-nightly-8c95p-1540871953 ip:192.168.5.144
2019-07-14 06:46:59,251 INFO  util.JvmPauseMonitor (JvmPauseMonitor.java:run(188)) - Starting JVM pause monitor
2019-07-14 06:46:59,253 INFO  datanode.InitDatanodeState (InitDatanodeState.java:persistContainerDatanodeDetails(140)) - DatanodeDetails is persisted to /tmp/workdir/hadoop-ozone/integration-test/target/test-dir/MiniOzoneClusterImpl-cf69c69d-c954-44a7-bbc3-57d05d5b5054/datanode-3/meta/datanode.id
2019-07-14 06:46:59,275 INFO  volume.HddsVolume (HddsVolume.java:<init>(176)) - Creating Volume: /tmp/workdir/hadoop-ozone/integration-test/target/test-dir/MiniOzoneClusterImpl-cf69c69d-c954-44a7-bbc3-57d05d5b5054/datanode-4/data/containers/hdds of  storage type : DISK and capacity : 52710309888
2019-07-14 06:46:59,276 INFO  volume.VolumeSet (VolumeSet.java:initializeVolumeSet(170)) - Added Volume : /tmp/workdir/hadoop-ozone/integration-test/target/test-dir/MiniOzoneClusterImpl-cf69c69d-c954-44a7-bbc3-57d05d5b5054/datanode-4/data/containers/hdds to VolumeSet
2019-07-14 06:46:59,276 INFO  volume.ThrottledAsyncChecker (ThrottledAsyncChecker.java:schedule(140)) - Scheduling a check for org.apache.hadoop.ozone.container.common.volume.HddsVolume@76c587ce
2019-07-14 06:46:59,276 INFO  volume.HddsVolumeChecker (HddsVolumeChecker.java:checkAllVolumes(203)) - Scheduled health check for volume org.apache.hadoop.ozone.container.common.volume.HddsVolume@76c587ce
2019-07-14 06:46:59,297 INFO  impl.RaftServerProxy (ConfUtils.java:logGet(43)) - raft.rpc.type = GRPC (default)
2019-07-14 06:46:59,298 INFO  grpc.GrpcFactory (GrpcFactory.java:checkPooledByteBufAllocatorUseCacheForAllThreads(45)) - PERFORMANCE WARNING: useCacheForAllThreads is true that may cause Netty to create a lot garbage objects and, as a result, trigger GC.
	It is recommended to disable useCacheForAllThreads by setting -Dorg.apache.ratis.thirdparty.io.netty.allocator.useCacheForAllThreads=false in command line.
2019-07-14 06:46:59,298 INFO  grpc.GrpcConfigKeys$Server (ConfUtils.java:logGet(43)) - raft.grpc.server.port = 0 (default)
2019-07-14 06:46:59,298 INFO  server.GrpcService (ConfUtils.java:logGet(43)) - raft.grpc.message.size.max = 33570816 (custom)
2019-07-14 06:46:59,299 INFO  server.RaftServerConfigKeys (ConfUtils.java:logGet(43)) - raft.server.log.appender.buffer.byte-limit = 33554432 (custom)
2019-07-14 06:46:59,299 INFO  server.GrpcService (ConfUtils.java:logGet(43)) - raft.grpc.flow.control.window = 1MB (=1048576) (default)
2019-07-14 06:46:59,299 INFO  server.RaftServerConfigKeys (ConfUtils.java:logGet(43)) - raft.server.rpc.request.timeout = 3000ms (default)
2019-07-14 06:46:59,300 INFO  server.RaftServerConfigKeys (ConfUtils.java:logGet(43)) - raft.server.storage.dir = [/tmp/workdir/hadoop-ozone/integration-test/target/test-dir/MiniOzoneClusterImpl-cf69c69d-c954-44a7-bbc3-57d05d5b5054/datanode-4/data/ratis] (custom)
2019-07-14 06:46:59,301 INFO  replication.SimpleContainerDownloader (SimpleContainerDownloader.java:<init>(72)) - Starting container downloader service to copy containers to replicate.
2019-07-14 06:46:59,302 INFO  hdfs.DFSUtil (DFSUtil.java:httpServerTemplateForNNAndJN(1641)) - Starting Web-server for hddsDatanode at: http://0.0.0.0:0
2019-07-14 06:46:59,304 INFO  server.AuthenticationFilter (AuthenticationFilter.java:constructSecretProvider(240)) - Unable to initialize FileSignerSecretProvider, falling back to use random secrets.
2019-07-14 06:46:59,304 WARN  http.HttpRequestLog (HttpRequestLog.java:getRequestLog(97)) - Jetty request log can only be enabled using Log4j
2019-07-14 06:46:59,306 INFO  http.HttpServer2 (HttpServer2.java:addGlobalFilter(975)) - Added global filter 'safety' (class=org.apache.hadoop.http.HttpServer2$QuotingInputFilter)
2019-07-14 06:46:59,307 INFO  http.HttpServer2 (HttpServer2.java:addFilter(948)) - Added filter static_user_filter (class=org.apache.hadoop.http.lib.StaticUserWebFilter$StaticUserFilter) to context hddsDatanode
2019-07-14 06:46:59,307 INFO  http.HttpServer2 (HttpServer2.java:addFilter(958)) - Added filter static_user_filter (class=org.apache.hadoop.http.lib.StaticUserWebFilter$StaticUserFilter) to context static
2019-07-14 06:46:59,308 INFO  http.HttpServer2 (HttpServer2.java:addFilter(958)) - Added filter static_user_filter (class=org.apache.hadoop.http.lib.StaticUserWebFilter$StaticUserFilter) to context logs
2019-07-14 06:46:59,308 INFO  http.HttpServer2 (HttpServer2.java:bindListener(1191)) - Jetty bound to port 36527
2019-07-14 06:46:59,309 INFO  server.Server (Server.java:doStart(351)) - jetty-9.3.24.v20180605, build timestamp: 2018-06-05T17:11:56Z, git hash: 84205aa28f11a4f31f2a3b86d1bba2cc8ab69827
2019-07-14 06:46:59,311 INFO  handler.ContextHandler (ContextHandler.java:doStart(781)) - Started o.e.j.s.ServletContextHandler@1983a4e4{/logs,file:///tmp/workdir/hadoop-ozone/integration-test/target/log,AVAILABLE}
2019-07-14 06:46:59,312 INFO  handler.ContextHandler (ContextHandler.java:doStart(781)) - Started o.e.j.s.ServletContextHandler@3ce7a354{/static,jar:file:/home/user/.m2/repository/org/apache/hadoop/hadoop-hdds-container-service/0.5.0-SNAPSHOT/hadoop-hdds-container-service-0.5.0-SNAPSHOT.jar!/webapps/static,AVAILABLE}
2019-07-14 06:46:59,342 INFO  handler.ContextHandler (ContextHandler.java:doStart(781)) - Started o.e.j.w.WebAppContext@74d53d63{/,file:///tmp/jetty-0.0.0.0-36527-hddsDatanode-_-any-3527809711837029339.dir/webapp/,AVAILABLE}{/hddsDatanode}
2019-07-14 06:46:59,343 INFO  server.AbstractConnector (AbstractConnector.java:doStart(278)) - Started ServerConnector@18f27a81{HTTP/1.1,[http/1.1]}{0.0.0.0:36527}
2019-07-14 06:46:59,349 INFO  server.Server (Server.java:doStart(419)) - Started @41373ms
2019-07-14 06:46:59,349 INFO  server.BaseHttpServer (BaseHttpServer.java:updateConnectorAddress(207)) - HTTP server of HDDSDATANODE is listening at http://0.0.0.0:36527
2019-07-14 06:46:59,461 INFO  ozone.HddsDatanodeService (HddsDatanodeService.java:startPlugins(396)) - Started plug-in org.apache.hadoop.ozone.web.OzoneHddsDatanodeService@3ba96967
2019-07-14 06:46:59,461 INFO  impl.MetricsSystemImpl (MetricsSystemImpl.java:init(158)) - HddsDatanode metrics system started (again)
2019-07-14 06:46:59,461 INFO  ozone.HddsDatanodeService (HddsDatanodeService.java:start(185)) - HddsDatanodeService host:trunk-nightly-8c95p-1540871953 ip:192.168.5.144
2019-07-14 06:46:59,462 INFO  util.JvmPauseMonitor (JvmPauseMonitor.java:run(188)) - Starting JVM pause monitor
2019-07-14 06:46:59,464 INFO  datanode.InitDatanodeState (InitDatanodeState.java:persistContainerDatanodeDetails(140)) - DatanodeDetails is persisted to /tmp/workdir/hadoop-ozone/integration-test/target/test-dir/MiniOzoneClusterImpl-cf69c69d-c954-44a7-bbc3-57d05d5b5054/datanode-4/meta/datanode.id
2019-07-14 06:46:59,473 INFO  volume.HddsVolume (HddsVolume.java:<init>(176)) - Creating Volume: /tmp/workdir/hadoop-ozone/integration-test/target/test-dir/MiniOzoneClusterImpl-cf69c69d-c954-44a7-bbc3-57d05d5b5054/datanode-5/data/containers/hdds of  storage type : DISK and capacity : 52710309888
2019-07-14 06:46:59,473 INFO  volume.VolumeSet (VolumeSet.java:initializeVolumeSet(170)) - Added Volume : /tmp/workdir/hadoop-ozone/integration-test/target/test-dir/MiniOzoneClusterImpl-cf69c69d-c954-44a7-bbc3-57d05d5b5054/datanode-5/data/containers/hdds to VolumeSet
2019-07-14 06:46:59,473 INFO  volume.ThrottledAsyncChecker (ThrottledAsyncChecker.java:schedule(140)) - Scheduling a check for org.apache.hadoop.ozone.container.common.volume.HddsVolume@5dbc4598
2019-07-14 06:46:59,474 INFO  volume.HddsVolumeChecker (HddsVolumeChecker.java:checkAllVolumes(203)) - Scheduled health check for volume org.apache.hadoop.ozone.container.common.volume.HddsVolume@5dbc4598
2019-07-14 06:46:59,490 INFO  impl.RaftServerProxy (ConfUtils.java:logGet(43)) - raft.rpc.type = GRPC (default)
2019-07-14 06:46:59,490 INFO  grpc.GrpcFactory (GrpcFactory.java:checkPooledByteBufAllocatorUseCacheForAllThreads(45)) - PERFORMANCE WARNING: useCacheForAllThreads is true that may cause Netty to create a lot garbage objects and, as a result, trigger GC.
	It is recommended to disable useCacheForAllThreads by setting -Dorg.apache.ratis.thirdparty.io.netty.allocator.useCacheForAllThreads=false in command line.
2019-07-14 06:46:59,490 INFO  grpc.GrpcConfigKeys$Server (ConfUtils.java:logGet(43)) - raft.grpc.server.port = 0 (default)
2019-07-14 06:46:59,491 INFO  server.GrpcService (ConfUtils.java:logGet(43)) - raft.grpc.message.size.max = 33570816 (custom)
2019-07-14 06:46:59,491 INFO  server.RaftServerConfigKeys (ConfUtils.java:logGet(43)) - raft.server.log.appender.buffer.byte-limit = 33554432 (custom)
2019-07-14 06:46:59,491 INFO  server.GrpcService (ConfUtils.java:logGet(43)) - raft.grpc.flow.control.window = 1MB (=1048576) (default)
2019-07-14 06:46:59,491 INFO  server.RaftServerConfigKeys (ConfUtils.java:logGet(43)) - raft.server.rpc.request.timeout = 3000ms (default)
2019-07-14 06:46:59,492 INFO  server.RaftServerConfigKeys (ConfUtils.java:logGet(43)) - raft.server.storage.dir = [/tmp/workdir/hadoop-ozone/integration-test/target/test-dir/MiniOzoneClusterImpl-cf69c69d-c954-44a7-bbc3-57d05d5b5054/datanode-5/data/ratis] (custom)
2019-07-14 06:46:59,492 INFO  replication.SimpleContainerDownloader (SimpleContainerDownloader.java:<init>(72)) - Starting container downloader service to copy containers to replicate.
2019-07-14 06:46:59,493 INFO  hdfs.DFSUtil (DFSUtil.java:httpServerTemplateForNNAndJN(1641)) - Starting Web-server for hddsDatanode at: http://0.0.0.0:0
2019-07-14 06:46:59,495 INFO  server.AuthenticationFilter (AuthenticationFilter.java:constructSecretProvider(240)) - Unable to initialize FileSignerSecretProvider, falling back to use random secrets.
2019-07-14 06:46:59,496 WARN  http.HttpRequestLog (HttpRequestLog.java:getRequestLog(97)) - Jetty request log can only be enabled using Log4j
2019-07-14 06:46:59,498 INFO  http.HttpServer2 (HttpServer2.java:addGlobalFilter(975)) - Added global filter 'safety' (class=org.apache.hadoop.http.HttpServer2$QuotingInputFilter)
2019-07-14 06:46:59,498 INFO  http.HttpServer2 (HttpServer2.java:addFilter(948)) - Added filter static_user_filter (class=org.apache.hadoop.http.lib.StaticUserWebFilter$StaticUserFilter) to context hddsDatanode
2019-07-14 06:46:59,499 INFO  http.HttpServer2 (HttpServer2.java:addFilter(958)) - Added filter static_user_filter (class=org.apache.hadoop.http.lib.StaticUserWebFilter$StaticUserFilter) to context logs
2019-07-14 06:46:59,499 INFO  http.HttpServer2 (HttpServer2.java:addFilter(958)) - Added filter static_user_filter (class=org.apache.hadoop.http.lib.StaticUserWebFilter$StaticUserFilter) to context static
2019-07-14 06:46:59,504 INFO  http.HttpServer2 (HttpServer2.java:bindListener(1191)) - Jetty bound to port 43545
2019-07-14 06:46:59,505 INFO  server.Server (Server.java:doStart(351)) - jetty-9.3.24.v20180605, build timestamp: 2018-06-05T17:11:56Z, git hash: 84205aa28f11a4f31f2a3b86d1bba2cc8ab69827
2019-07-14 06:46:59,507 INFO  handler.ContextHandler (ContextHandler.java:doStart(781)) - Started o.e.j.s.ServletContextHandler@36762234{/logs,file:///tmp/workdir/hadoop-ozone/integration-test/target/log,AVAILABLE}
2019-07-14 06:46:59,508 INFO  handler.ContextHandler (ContextHandler.java:doStart(781)) - Started o.e.j.s.ServletContextHandler@2ff62720{/static,jar:file:/home/user/.m2/repository/org/apache/hadoop/hadoop-hdds-container-service/0.5.0-SNAPSHOT/hadoop-hdds-container-service-0.5.0-SNAPSHOT.jar!/webapps/static,AVAILABLE}
2019-07-14 06:46:59,548 INFO  handler.ContextHandler (ContextHandler.java:doStart(781)) - Started o.e.j.w.WebAppContext@4a49919c{/,file:///tmp/jetty-0.0.0.0-43545-hddsDatanode-_-any-1403044144085974330.dir/webapp/,AVAILABLE}{/hddsDatanode}
2019-07-14 06:46:59,549 INFO  server.AbstractConnector (AbstractConnector.java:doStart(278)) - Started ServerConnector@3e5b2630{HTTP/1.1,[http/1.1]}{0.0.0.0:43545}
2019-07-14 06:46:59,554 INFO  server.Server (Server.java:doStart(419)) - Started @41578ms
2019-07-14 06:46:59,555 INFO  server.BaseHttpServer (BaseHttpServer.java:updateConnectorAddress(207)) - HTTP server of HDDSDATANODE is listening at http://0.0.0.0:43545
2019-07-14 06:46:59,708 INFO  ozone.HddsDatanodeService (HddsDatanodeService.java:startPlugins(396)) - Started plug-in org.apache.hadoop.ozone.web.OzoneHddsDatanodeService@5737d116
2019-07-14 06:46:59,708 INFO  impl.MetricsSystemImpl (MetricsSystemImpl.java:init(158)) - HddsDatanode metrics system started (again)
2019-07-14 06:46:59,709 INFO  ozone.HddsDatanodeService (HddsDatanodeService.java:start(185)) - HddsDatanodeService host:trunk-nightly-8c95p-1540871953 ip:192.168.5.144
2019-07-14 06:46:59,710 INFO  util.JvmPauseMonitor (JvmPauseMonitor.java:run(188)) - Starting JVM pause monitor
2019-07-14 06:46:59,712 INFO  datanode.InitDatanodeState (InitDatanodeState.java:persistContainerDatanodeDetails(140)) - DatanodeDetails is persisted to /tmp/workdir/hadoop-ozone/integration-test/target/test-dir/MiniOzoneClusterImpl-cf69c69d-c954-44a7-bbc3-57d05d5b5054/datanode-5/meta/datanode.id
2019-07-14 06:46:59,724 INFO  volume.HddsVolume (HddsVolume.java:<init>(176)) - Creating Volume: /tmp/workdir/hadoop-ozone/integration-test/target/test-dir/MiniOzoneClusterImpl-cf69c69d-c954-44a7-bbc3-57d05d5b5054/datanode-6/data/containers/hdds of  storage type : DISK and capacity : 52710309888
2019-07-14 06:46:59,725 INFO  volume.VolumeSet (VolumeSet.java:initializeVolumeSet(170)) - Added Volume : /tmp/workdir/hadoop-ozone/integration-test/target/test-dir/MiniOzoneClusterImpl-cf69c69d-c954-44a7-bbc3-57d05d5b5054/datanode-6/data/containers/hdds to VolumeSet
2019-07-14 06:46:59,725 INFO  volume.ThrottledAsyncChecker (ThrottledAsyncChecker.java:schedule(140)) - Scheduling a check for org.apache.hadoop.ozone.container.common.volume.HddsVolume@61503d00
2019-07-14 06:46:59,726 INFO  volume.HddsVolumeChecker (HddsVolumeChecker.java:checkAllVolumes(203)) - Scheduled health check for volume org.apache.hadoop.ozone.container.common.volume.HddsVolume@61503d00
2019-07-14 06:46:59,748 INFO  impl.RaftServerProxy (ConfUtils.java:logGet(43)) - raft.rpc.type = GRPC (default)
2019-07-14 06:46:59,749 INFO  grpc.GrpcFactory (GrpcFactory.java:checkPooledByteBufAllocatorUseCacheForAllThreads(45)) - PERFORMANCE WARNING: useCacheForAllThreads is true that may cause Netty to create a lot garbage objects and, as a result, trigger GC.
	It is recommended to disable useCacheForAllThreads by setting -Dorg.apache.ratis.thirdparty.io.netty.allocator.useCacheForAllThreads=false in command line.
2019-07-14 06:46:59,749 INFO  grpc.GrpcConfigKeys$Server (ConfUtils.java:logGet(43)) - raft.grpc.server.port = 0 (default)
2019-07-14 06:46:59,749 INFO  server.GrpcService (ConfUtils.java:logGet(43)) - raft.grpc.message.size.max = 33570816 (custom)
2019-07-14 06:46:59,750 INFO  server.RaftServerConfigKeys (ConfUtils.java:logGet(43)) - raft.server.log.appender.buffer.byte-limit = 33554432 (custom)
2019-07-14 06:46:59,750 INFO  server.GrpcService (ConfUtils.java:logGet(43)) - raft.grpc.flow.control.window = 1MB (=1048576) (default)
2019-07-14 06:46:59,750 INFO  server.RaftServerConfigKeys (ConfUtils.java:logGet(43)) - raft.server.rpc.request.timeout = 3000ms (default)
2019-07-14 06:46:59,751 INFO  server.RaftServerConfigKeys (ConfUtils.java:logGet(43)) - raft.server.storage.dir = [/tmp/workdir/hadoop-ozone/integration-test/target/test-dir/MiniOzoneClusterImpl-cf69c69d-c954-44a7-bbc3-57d05d5b5054/datanode-6/data/ratis] (custom)
2019-07-14 06:46:59,751 INFO  replication.SimpleContainerDownloader (SimpleContainerDownloader.java:<init>(72)) - Starting container downloader service to copy containers to replicate.
2019-07-14 06:46:59,752 INFO  hdfs.DFSUtil (DFSUtil.java:httpServerTemplateForNNAndJN(1641)) - Starting Web-server for hddsDatanode at: http://0.0.0.0:0
2019-07-14 06:46:59,754 INFO  server.AuthenticationFilter (AuthenticationFilter.java:constructSecretProvider(240)) - Unable to initialize FileSignerSecretProvider, falling back to use random secrets.
2019-07-14 06:46:59,755 WARN  http.HttpRequestLog (HttpRequestLog.java:getRequestLog(97)) - Jetty request log can only be enabled using Log4j
2019-07-14 06:46:59,756 INFO  http.HttpServer2 (HttpServer2.java:addGlobalFilter(975)) - Added global filter 'safety' (class=org.apache.hadoop.http.HttpServer2$QuotingInputFilter)
2019-07-14 06:46:59,757 INFO  http.HttpServer2 (HttpServer2.java:addFilter(948)) - Added filter static_user_filter (class=org.apache.hadoop.http.lib.StaticUserWebFilter$StaticUserFilter) to context hddsDatanode
2019-07-14 06:46:59,757 INFO  http.HttpServer2 (HttpServer2.java:addFilter(958)) - Added filter static_user_filter (class=org.apache.hadoop.http.lib.StaticUserWebFilter$StaticUserFilter) to context logs
2019-07-14 06:46:59,757 INFO  http.HttpServer2 (HttpServer2.java:addFilter(958)) - Added filter static_user_filter (class=org.apache.hadoop.http.lib.StaticUserWebFilter$StaticUserFilter) to context static
2019-07-14 06:46:59,758 INFO  http.HttpServer2 (HttpServer2.java:bindListener(1191)) - Jetty bound to port 39353
2019-07-14 06:46:59,758 INFO  server.Server (Server.java:doStart(351)) - jetty-9.3.24.v20180605, build timestamp: 2018-06-05T17:11:56Z, git hash: 84205aa28f11a4f31f2a3b86d1bba2cc8ab69827
2019-07-14 06:46:59,760 INFO  handler.ContextHandler (ContextHandler.java:doStart(781)) - Started o.e.j.s.ServletContextHandler@29eaf100{/logs,file:///tmp/workdir/hadoop-ozone/integration-test/target/log,AVAILABLE}
2019-07-14 06:46:59,761 INFO  handler.ContextHandler (ContextHandler.java:doStart(781)) - Started o.e.j.s.ServletContextHandler@5dac6bc3{/static,jar:file:/home/user/.m2/repository/org/apache/hadoop/hadoop-hdds-container-service/0.5.0-SNAPSHOT/hadoop-hdds-container-service-0.5.0-SNAPSHOT.jar!/webapps/static,AVAILABLE}
2019-07-14 06:46:59,770 WARN  server.GrpcLogAppender (LogUtils.java:warn(134)) - 5fa73f57-633f-4a9e-be98-152ac70662dd->0600c2b4-e1a3-427a-9fdb-084c61ff69c5: Failed appendEntries: org.apache.ratis.thirdparty.io.grpc.StatusRuntimeException: UNAVAILABLE: io exception
2019-07-14 06:46:59,787 INFO  impl.FollowerInfo (FollowerInfo.java:lambda$new$0(50)) - 5fa73f57-633f-4a9e-be98-152ac70662dd->0600c2b4-e1a3-427a-9fdb-084c61ff69c5: nextIndex: updateUnconditionally 0 -> 0
2019-07-14 06:46:59,790 WARN  server.GrpcLogAppender (LogUtils.java:warn(134)) - 5fa73f57-633f-4a9e-be98-152ac70662dd->d1bc6e12-59df-498f-9de7-253310cec742: Failed appendEntries: org.apache.ratis.thirdparty.io.grpc.StatusRuntimeException: UNAVAILABLE: io exception
2019-07-14 06:46:59,795 INFO  impl.FollowerInfo (FollowerInfo.java:lambda$new$0(50)) - 5fa73f57-633f-4a9e-be98-152ac70662dd->d1bc6e12-59df-498f-9de7-253310cec742: nextIndex: updateUnconditionally 2 -> 1
2019-07-14 06:46:59,835 INFO  handler.ContextHandler (ContextHandler.java:doStart(781)) - Started o.e.j.w.WebAppContext@36857d32{/,file:///tmp/jetty-0.0.0.0-39353-hddsDatanode-_-any-6568611728603910654.dir/webapp/,AVAILABLE}{/hddsDatanode}
2019-07-14 06:46:59,835 INFO  server.AbstractConnector (AbstractConnector.java:doStart(278)) - Started ServerConnector@24520a51{HTTP/1.1,[http/1.1]}{0.0.0.0:39353}
2019-07-14 06:46:59,841 INFO  server.Server (Server.java:doStart(419)) - Started @41866ms
2019-07-14 06:46:59,842 INFO  server.BaseHttpServer (BaseHttpServer.java:updateConnectorAddress(207)) - HTTP server of HDDSDATANODE is listening at http://0.0.0.0:39353
2019-07-14 06:46:59,974 INFO  ozone.HddsDatanodeService (HddsDatanodeService.java:startPlugins(396)) - Started plug-in org.apache.hadoop.ozone.web.OzoneHddsDatanodeService@6c2be147
2019-07-14 06:46:59,975 INFO  ozone.MiniOzoneClusterImpl (MiniOzoneClusterImpl.java:lambda$waitForClusterToBeReady$0(142)) - Waiting for cluster to be ready. Got 0 of 7 DN Heartbeats.
2019-07-14 06:46:59,976 INFO  util.JvmPauseMonitor (JvmPauseMonitor.java:run(188)) - Starting JVM pause monitor
2019-07-14 06:46:59,978 INFO  datanode.InitDatanodeState (InitDatanodeState.java:persistContainerDatanodeDetails(140)) - DatanodeDetails is persisted to /tmp/workdir/hadoop-ozone/integration-test/target/test-dir/MiniOzoneClusterImpl-cf69c69d-c954-44a7-bbc3-57d05d5b5054/datanode-6/meta/datanode.id
2019-07-14 06:47:00,591 INFO  ozoneimpl.OzoneContainer (OzoneContainer.java:start(186)) - Attempting to start container services.
2019-07-14 06:47:00,591 INFO  ozoneimpl.OzoneContainer (OzoneContainer.java:startContainerScrub(160)) - Background container scrubber has been disabled by hdds.containerscrub.enabled
2019-07-14 06:47:00,592 INFO  ratis.XceiverServerRatis (XceiverServerRatis.java:start(418)) - Starting XceiverServerRatis 3241ab05-47cd-4c48-9fea-5ddbdbaeef39 at port 0
2019-07-14 06:47:00,597 INFO  impl.RaftServerProxy (RaftServerProxy.java:lambda$start$3(299)) - 3241ab05-47cd-4c48-9fea-5ddbdbaeef39: start RPC server
2019-07-14 06:47:00,598 INFO  server.GrpcService (GrpcService.java:startImpl(149)) - 3241ab05-47cd-4c48-9fea-5ddbdbaeef39: GrpcService started, listening on 0.0.0.0/0.0.0.0:44250
2019-07-14 06:47:00,598 INFO  ratis.XceiverServerRatis (XceiverServerRatis.java:start(428)) - XceiverServerRatis 3241ab05-47cd-4c48-9fea-5ddbdbaeef39 is started using port 44250
2019-07-14 06:47:00,599 INFO  server.XceiverServerGrpc (XceiverServerGrpc.java:start(161)) - XceiverServerGrpc 3241ab05-47cd-4c48-9fea-5ddbdbaeef39 is started using port 41601
2019-07-14 06:47:00,873 INFO  ozoneimpl.OzoneContainer (OzoneContainer.java:start(186)) - Attempting to start container services.
2019-07-14 06:47:00,873 INFO  ozoneimpl.OzoneContainer (OzoneContainer.java:startContainerScrub(160)) - Background container scrubber has been disabled by hdds.containerscrub.enabled
2019-07-14 06:47:00,873 INFO  ratis.XceiverServerRatis (XceiverServerRatis.java:start(418)) - Starting XceiverServerRatis a1305044-e17b-4b59-833a-89d8bcd36db1 at port 0
2019-07-14 06:47:00,881 INFO  impl.RaftServerProxy (RaftServerProxy.java:lambda$start$3(299)) - a1305044-e17b-4b59-833a-89d8bcd36db1: start RPC server
2019-07-14 06:47:00,882 INFO  server.GrpcService (GrpcService.java:startImpl(149)) - a1305044-e17b-4b59-833a-89d8bcd36db1: GrpcService started, listening on 0.0.0.0/0.0.0.0:43507
2019-07-14 06:47:00,882 INFO  ratis.XceiverServerRatis (XceiverServerRatis.java:start(428)) - XceiverServerRatis a1305044-e17b-4b59-833a-89d8bcd36db1 is started using port 43507
2019-07-14 06:47:00,883 INFO  server.XceiverServerGrpc (XceiverServerGrpc.java:start(161)) - XceiverServerGrpc a1305044-e17b-4b59-833a-89d8bcd36db1 is started using port 36622
2019-07-14 06:47:00,975 INFO  ozone.MiniOzoneClusterImpl (MiniOzoneClusterImpl.java:lambda$waitForClusterToBeReady$0(142)) - Waiting for cluster to be ready. Got 0 of 7 DN Heartbeats.
2019-07-14 06:47:01,085 INFO  ozoneimpl.OzoneContainer (OzoneContainer.java:start(186)) - Attempting to start container services.
2019-07-14 06:47:01,085 INFO  ozoneimpl.OzoneContainer (OzoneContainer.java:startContainerScrub(160)) - Background container scrubber has been disabled by hdds.containerscrub.enabled
2019-07-14 06:47:01,085 INFO  ratis.XceiverServerRatis (XceiverServerRatis.java:start(418)) - Starting XceiverServerRatis 2fef8973-174d-48d8-963e-54cf9187de8a at port 0
2019-07-14 06:47:01,091 INFO  impl.RaftServerProxy (RaftServerProxy.java:lambda$start$3(299)) - 2fef8973-174d-48d8-963e-54cf9187de8a: start RPC server
2019-07-14 06:47:01,092 INFO  server.GrpcService (GrpcService.java:startImpl(149)) - 2fef8973-174d-48d8-963e-54cf9187de8a: GrpcService started, listening on 0.0.0.0/0.0.0.0:46823
2019-07-14 06:47:01,092 INFO  ratis.XceiverServerRatis (XceiverServerRatis.java:start(428)) - XceiverServerRatis 2fef8973-174d-48d8-963e-54cf9187de8a is started using port 46823
2019-07-14 06:47:01,093 INFO  server.XceiverServerGrpc (XceiverServerGrpc.java:start(161)) - XceiverServerGrpc 2fef8973-174d-48d8-963e-54cf9187de8a is started using port 44568
2019-07-14 06:47:01,257 INFO  ozoneimpl.OzoneContainer (OzoneContainer.java:start(186)) - Attempting to start container services.
2019-07-14 06:47:01,257 INFO  ozoneimpl.OzoneContainer (OzoneContainer.java:startContainerScrub(160)) - Background container scrubber has been disabled by hdds.containerscrub.enabled
2019-07-14 06:47:01,257 INFO  ratis.XceiverServerRatis (XceiverServerRatis.java:start(418)) - Starting XceiverServerRatis 0ef29f36-e61d-45e2-ba11-8120f31623be at port 0
2019-07-14 06:47:01,263 INFO  impl.RaftServerProxy (RaftServerProxy.java:lambda$start$3(299)) - 0ef29f36-e61d-45e2-ba11-8120f31623be: start RPC server
2019-07-14 06:47:01,264 INFO  server.GrpcService (GrpcService.java:startImpl(149)) - 0ef29f36-e61d-45e2-ba11-8120f31623be: GrpcService started, listening on 0.0.0.0/0.0.0.0:44326
2019-07-14 06:47:01,264 INFO  ratis.XceiverServerRatis (XceiverServerRatis.java:start(428)) - XceiverServerRatis 0ef29f36-e61d-45e2-ba11-8120f31623be is started using port 44326
2019-07-14 06:47:01,289 INFO  server.XceiverServerGrpc (XceiverServerGrpc.java:start(161)) - XceiverServerGrpc 0ef29f36-e61d-45e2-ba11-8120f31623be is started using port 45350
2019-07-14 06:47:01,476 INFO  ozoneimpl.OzoneContainer (OzoneContainer.java:start(186)) - Attempting to start container services.
2019-07-14 06:47:01,477 INFO  ozoneimpl.OzoneContainer (OzoneContainer.java:startContainerScrub(160)) - Background container scrubber has been disabled by hdds.containerscrub.enabled
2019-07-14 06:47:01,477 INFO  ratis.XceiverServerRatis (XceiverServerRatis.java:start(418)) - Starting XceiverServerRatis 2cabeef8-ba39-4343-a16a-5274d702a919 at port 0
2019-07-14 06:47:01,482 INFO  impl.RaftServerProxy (RaftServerProxy.java:lambda$start$3(299)) - 2cabeef8-ba39-4343-a16a-5274d702a919: start RPC server
2019-07-14 06:47:01,483 INFO  server.GrpcService (GrpcService.java:startImpl(149)) - 2cabeef8-ba39-4343-a16a-5274d702a919: GrpcService started, listening on 0.0.0.0/0.0.0.0:33338
2019-07-14 06:47:01,483 INFO  ratis.XceiverServerRatis (XceiverServerRatis.java:start(428)) - XceiverServerRatis 2cabeef8-ba39-4343-a16a-5274d702a919 is started using port 33338
2019-07-14 06:47:01,483 INFO  server.XceiverServerGrpc (XceiverServerGrpc.java:start(161)) - XceiverServerGrpc 2cabeef8-ba39-4343-a16a-5274d702a919 is started using port 43477
2019-07-14 06:47:01,725 INFO  ozoneimpl.OzoneContainer (OzoneContainer.java:start(186)) - Attempting to start container services.
2019-07-14 06:47:01,725 INFO  ozoneimpl.OzoneContainer (OzoneContainer.java:startContainerScrub(160)) - Background container scrubber has been disabled by hdds.containerscrub.enabled
2019-07-14 06:47:01,725 INFO  ratis.XceiverServerRatis (XceiverServerRatis.java:start(418)) - Starting XceiverServerRatis 0e795f71-4693-48a4-a740-6be98dd7eb1c at port 0
2019-07-14 06:47:01,730 INFO  impl.RaftServerProxy (RaftServerProxy.java:lambda$start$3(299)) - 0e795f71-4693-48a4-a740-6be98dd7eb1c: start RPC server
2019-07-14 06:47:01,730 INFO  server.GrpcService (GrpcService.java:startImpl(149)) - 0e795f71-4693-48a4-a740-6be98dd7eb1c: GrpcService started, listening on 0.0.0.0/0.0.0.0:38265
2019-07-14 06:47:01,730 INFO  ratis.XceiverServerRatis (XceiverServerRatis.java:start(428)) - XceiverServerRatis 0e795f71-4693-48a4-a740-6be98dd7eb1c is started using port 38265
2019-07-14 06:47:01,749 INFO  server.XceiverServerGrpc (XceiverServerGrpc.java:start(161)) - XceiverServerGrpc 0e795f71-4693-48a4-a740-6be98dd7eb1c is started using port 37969
2019-07-14 06:47:01,975 INFO  ozone.MiniOzoneClusterImpl (MiniOzoneClusterImpl.java:lambda$waitForClusterToBeReady$0(142)) - Waiting for cluster to be ready. Got 0 of 7 DN Heartbeats.
2019-07-14 06:47:01,989 INFO  ozoneimpl.OzoneContainer (OzoneContainer.java:start(186)) - Attempting to start container services.
2019-07-14 06:47:01,989 INFO  ozoneimpl.OzoneContainer (OzoneContainer.java:startContainerScrub(160)) - Background container scrubber has been disabled by hdds.containerscrub.enabled
2019-07-14 06:47:01,989 INFO  ratis.XceiverServerRatis (XceiverServerRatis.java:start(418)) - Starting XceiverServerRatis b50e17b9-e03b-4f33-bf1a-8a7e762bbef4 at port 0
2019-07-14 06:47:01,996 INFO  impl.RaftServerProxy (RaftServerProxy.java:lambda$start$3(299)) - b50e17b9-e03b-4f33-bf1a-8a7e762bbef4: start RPC server
2019-07-14 06:47:01,996 INFO  server.GrpcService (GrpcService.java:startImpl(149)) - b50e17b9-e03b-4f33-bf1a-8a7e762bbef4: GrpcService started, listening on 0.0.0.0/0.0.0.0:46520
2019-07-14 06:47:01,996 INFO  ratis.XceiverServerRatis (XceiverServerRatis.java:start(428)) - XceiverServerRatis b50e17b9-e03b-4f33-bf1a-8a7e762bbef4 is started using port 46520
2019-07-14 06:47:01,997 INFO  server.XceiverServerGrpc (XceiverServerGrpc.java:start(161)) - XceiverServerGrpc b50e17b9-e03b-4f33-bf1a-8a7e762bbef4 is started using port 42350
2019-07-14 06:47:02,270 WARN  server.GrpcLogAppender (LogUtils.java:warn(134)) - 5fa73f57-633f-4a9e-be98-152ac70662dd->0600c2b4-e1a3-427a-9fdb-084c61ff69c5: Failed appendEntries: org.apache.ratis.thirdparty.io.grpc.StatusRuntimeException: UNAVAILABLE: io exception
2019-07-14 06:47:02,276 INFO  impl.FollowerInfo (FollowerInfo.java:lambda$new$0(50)) - 5fa73f57-633f-4a9e-be98-152ac70662dd->0600c2b4-e1a3-427a-9fdb-084c61ff69c5: nextIndex: updateUnconditionally 0 -> 0
2019-07-14 06:47:02,290 WARN  server.GrpcLogAppender (LogUtils.java:warn(134)) - 5fa73f57-633f-4a9e-be98-152ac70662dd->d1bc6e12-59df-498f-9de7-253310cec742: Failed appendEntries: org.apache.ratis.thirdparty.io.grpc.StatusRuntimeException: UNAVAILABLE: io exception
2019-07-14 06:47:02,296 INFO  impl.FollowerInfo (FollowerInfo.java:lambda$new$0(50)) - 5fa73f57-633f-4a9e-be98-152ac70662dd->d1bc6e12-59df-498f-9de7-253310cec742: nextIndex: updateUnconditionally 1 -> 0
2019-07-14 06:47:02,559 INFO  net.NetworkTopology (NetworkTopologyImpl.java:add(110)) - Added a new node: /default-rack/192.168.5.144
2019-07-14 06:47:02,565 INFO  node.SCMNodeManager (SCMNodeManager.java:register(269)) - Registered Data node : 3241ab05-47cd-4c48-9fea-5ddbdbaeef39{ip: 192.168.5.144, host: trunk-nightly-8c95p-1540871953, networkLocation: /default-rack, certSerialId: null}
2019-07-14 06:47:02,566 INFO  safemode.SCMSafeModeManager (DataNodeSafeModeRule.java:process(71)) - SCM in safe mode. 1 DataNodes registered, 1 required.
2019-07-14 06:47:02,573 INFO  safemode.SCMSafeModeManager (SCMSafeModeManager.java:validateSafeModeExitRules(177)) - ScmSafeModeManager, all rules are successfully validated
2019-07-14 06:47:02,573 INFO  safemode.SCMSafeModeManager (SCMSafeModeManager.java:exitSafeMode(193)) - SCM exiting safe mode.
2019-07-14 06:47:02,586 INFO  impl.RaftServerProxy (RaftServerProxy.java:addNew(89)) - 3241ab05-47cd-4c48-9fea-5ddbdbaeef39: addNew group-50786D84446C:[3241ab05-47cd-4c48-9fea-5ddbdbaeef39:192.168.5.144:44250] returns group-50786D84446C:java.util.concurrent.CompletableFuture@457af290[Not completed]
2019-07-14 06:47:02,587 INFO  impl.RaftServerImpl (RaftServerImpl.java:<init>(93)) - 3241ab05-47cd-4c48-9fea-5ddbdbaeef39: new RaftServerImpl for group-50786D84446C:[3241ab05-47cd-4c48-9fea-5ddbdbaeef39:192.168.5.144:44250] with ContainerStateMachine:uninitialized
2019-07-14 06:47:02,587 INFO  server.RaftServerConfigKeys (ConfUtils.java:logGet(43)) - raft.server.rpc.timeout.min = 5s (custom)
2019-07-14 06:47:02,587 INFO  server.RaftServerConfigKeys (ConfUtils.java:logGet(43)) - raft.server.rpc.timeout.max = 5200ms (custom)
2019-07-14 06:47:02,587 INFO  server.RaftServerConfigKeys (ConfUtils.java:logGet(43)) - raft.server.rpcslowness.timeout = 120s (custom)
2019-07-14 06:47:02,588 INFO  server.RaftServerConfigKeys (ConfUtils.java:logGet(43)) - raft.server.sleep.deviation.threshold = 300 (default)
2019-07-14 06:47:02,588 INFO  server.RaftServerConfigKeys (ConfUtils.java:logGet(43)) - raft.server.log.appender.install.snapshot.enabled = false (custom)
2019-07-14 06:47:02,588 INFO  impl.RaftServerImpl (ServerState.java:<init>(105)) - 3241ab05-47cd-4c48-9fea-5ddbdbaeef39:group-50786D84446C ConfigurationManager, init=-1: [3241ab05-47cd-4c48-9fea-5ddbdbaeef39:192.168.5.144:44250], old=null, confs=<EMPTY_MAP>
2019-07-14 06:47:02,588 INFO  server.RaftServerConfigKeys (ConfUtils.java:logGet(43)) - raft.server.storage.dir = [/tmp/workdir/hadoop-ozone/integration-test/target/test-dir/MiniOzoneClusterImpl-cf69c69d-c954-44a7-bbc3-57d05d5b5054/datanode-0/data/ratis] (custom)
2019-07-14 06:47:02,589 INFO  storage.RaftStorageDirectory (RaftStorageDirectory.java:analyzeStorage(246)) - The storage directory /tmp/workdir/hadoop-ozone/integration-test/target/test-dir/MiniOzoneClusterImpl-cf69c69d-c954-44a7-bbc3-57d05d5b5054/datanode-0/data/ratis/7e21a205-1aa2-44b5-a9ee-50786d84446c does not exist. Creating ...
2019-07-14 06:47:02,604 INFO  storage.RaftStorageDirectory (RaftStorageDirectory.java:tryLock(328)) - Lock on /tmp/workdir/hadoop-ozone/integration-test/target/test-dir/MiniOzoneClusterImpl-cf69c69d-c954-44a7-bbc3-57d05d5b5054/datanode-0/data/ratis/7e21a205-1aa2-44b5-a9ee-50786d84446c/in_use.lock acquired by nodename 28347@trunk-nightly-8c95p-1540871953
2019-07-14 06:47:02,607 INFO  storage.RaftStorage (RaftStorage.java:format(72)) - Storage directory /tmp/workdir/hadoop-ozone/integration-test/target/test-dir/MiniOzoneClusterImpl-cf69c69d-c954-44a7-bbc3-57d05d5b5054/datanode-0/data/ratis/7e21a205-1aa2-44b5-a9ee-50786d84446c has been successfully formatted.
2019-07-14 06:47:02,608 INFO  ratis.ContainerStateMachine (ContainerStateMachine.java:loadSnapshot(200)) - group-50786D84446C: The snapshot info is null. Setting the last applied indexto:(t:0, i:~)
2019-07-14 06:47:02,608 INFO  server.RaftServerConfigKeys (ConfUtils.java:logGet(43)) - raft.server.leader.election.timeout = 120s (custom)
2019-07-14 06:47:02,608 INFO  server.RaftServerConfigKeys (ConfUtils.java:logGet(43)) - raft.server.log.use.memory = false (default)
2019-07-14 06:47:02,608 INFO  server.RaftServerConfigKeys (ConfUtils.java:logGet(43)) - raft.server.log.purge.gap = 1000000000 (custom)
2019-07-14 06:47:02,608 INFO  server.RaftServerConfigKeys (ConfUtils.java:logGet(43)) - raft.server.log.appender.buffer.byte-limit = 33554432 (custom)
2019-07-14 06:47:02,608 INFO  server.RaftServerConfigKeys (ConfUtils.java:logGet(43)) - raft.server.log.segment.size.max = 1048576 (custom)
2019-07-14 06:47:02,609 INFO  server.RaftServerConfigKeys (ConfUtils.java:logGet(43)) - raft.server.log.segment.cache.num.max = 2 (custom)
2019-07-14 06:47:02,609 INFO  segmented.SegmentedRaftLogWorker (SegmentedRaftLogWorker.java:<init>(172)) - new 3241ab05-47cd-4c48-9fea-5ddbdbaeef39-SegmentedRaftLogWorker:Storage Directory /tmp/workdir/hadoop-ozone/integration-test/target/test-dir/MiniOzoneClusterImpl-cf69c69d-c954-44a7-bbc3-57d05d5b5054/datanode-0/data/ratis/7e21a205-1aa2-44b5-a9ee-50786d84446c for RaftStorage:Storage Directory /tmp/workdir/hadoop-ozone/integration-test/target/test-dir/MiniOzoneClusterImpl-cf69c69d-c954-44a7-bbc3-57d05d5b5054/datanode-0/data/ratis/7e21a205-1aa2-44b5-a9ee-50786d84446c
2019-07-14 06:47:02,609 INFO  server.RaftServerConfigKeys (ConfUtils.java:logGet(43)) - raft.server.log.queue.byte-limit = 2147483647 (custom)
2019-07-14 06:47:02,609 INFO  server.RaftServerConfigKeys (ConfUtils.java:logGet(43)) - raft.server.log.queue.element-limit = 1024 (custom)
2019-07-14 06:47:02,609 INFO  server.RaftServerConfigKeys (ConfUtils.java:logGet(43)) - raft.server.log.segment.size.max = 1048576 (custom)
2019-07-14 06:47:02,610 INFO  server.RaftServerConfigKeys (ConfUtils.java:logGet(43)) - raft.server.log.preallocated.size = 16384 (custom)
2019-07-14 06:47:02,610 INFO  server.RaftServerConfigKeys (ConfUtils.java:logGet(43)) - raft.server.log.write.buffer.size = 33554432 (custom)
2019-07-14 06:47:02,610 INFO  server.RaftServerConfigKeys (ConfUtils.java:logGet(43)) - raft.server.log.force.sync.num = 128 (default)
2019-07-14 06:47:02,610 INFO  server.RaftServerConfigKeys (ConfUtils.java:logGet(43)) - raft.server.log.statemachine.data.sync = true (default)
2019-07-14 06:47:02,610 INFO  server.RaftServerConfigKeys (ConfUtils.java:logGet(43)) - raft.server.log.statemachine.data.sync.timeout = 10s (default)
2019-07-14 06:47:02,610 INFO  server.RaftServerConfigKeys (ConfUtils.java:logGet(43)) - raft.server.log.statemachine.data.sync.timeout.retry = -1 (default)
2019-07-14 06:47:02,611 INFO  server.RaftServerConfigKeys (ConfUtils.java:logGet(43)) - raft.server.log.statemachine.data.caching.enabled = true (custom)
2019-07-14 06:47:02,611 INFO  segmented.SegmentedRaftLogWorker (SegmentedRaftLogWorker.java:lambda$new$0(132)) - 3241ab05-47cd-4c48-9fea-5ddbdbaeef39-SegmentedRaftLogWorker:Storage Directory /tmp/workdir/hadoop-ozone/integration-test/target/test-dir/MiniOzoneClusterImpl-cf69c69d-c954-44a7-bbc3-57d05d5b5054/datanode-0/data/ratis/7e21a205-1aa2-44b5-a9ee-50786d84446c: flushIndex: setUnconditionally 0 -> -1
2019-07-14 06:47:02,611 INFO  server.RaftServerConfigKeys (ConfUtils.java:logGet(43)) - raft.server.snapshot.auto.trigger.enabled = true (custom)
2019-07-14 06:47:02,611 INFO  server.RaftServerConfigKeys (ConfUtils.java:logGet(43)) - raft.server.snapshot.auto.trigger.threshold = 10000 (custom)
2019-07-14 06:47:02,612 INFO  server.RaftServerConfigKeys (ConfUtils.java:logGet(43)) - raft.server.retrycache.expirytime = 600000ms (custom)
2019-07-14 06:47:02,612 INFO  impl.RaftServerImpl (RaftServerImpl.java:start(180)) - 3241ab05-47cd-4c48-9fea-5ddbdbaeef39: start group-50786D84446C
2019-07-14 06:47:02,612 INFO  impl.RaftServerImpl (RaftServerImpl.java:setRole(171)) - 3241ab05-47cd-4c48-9fea-5ddbdbaeef39:group-50786D84446C changes role from null to FOLLOWER at term 0 for startAsFollower
2019-07-14 06:47:02,612 INFO  impl.RoleInfo (RoleInfo.java:updateAndGet(143)) - 3241ab05-47cd-4c48-9fea-5ddbdbaeef39: start FollowerState
2019-07-14 06:47:02,613 INFO  util.JmxRegister (JmxRegister.java:tryRegister(44)) - Successfully registered JMX Bean with object name Ratis:service=RaftServer,group=group-50786D84446C,id=3241ab05-47cd-4c48-9fea-5ddbdbaeef39
2019-07-14 06:47:02,615 INFO  pipeline.PipelineStateManager (PipelineStateManager.java:addPipeline(56)) - Created pipeline Pipeline[ Id: 7e21a205-1aa2-44b5-a9ee-50786d84446c, Nodes: 3241ab05-47cd-4c48-9fea-5ddbdbaeef39{ip: 192.168.5.144, host: trunk-nightly-8c95p-1540871953, networkLocation: /default-rack, certSerialId: null}, Type:RATIS, Factor:ONE, State:OPEN]
2019-07-14 06:47:02,867 INFO  node.SCMNodeManager (SCMNodeManager.java:register(269)) - Registered Data node : a1305044-e17b-4b59-833a-89d8bcd36db1{ip: 192.168.5.144, host: trunk-nightly-8c95p-1540871953, networkLocation: /default-rack, certSerialId: null}
2019-07-14 06:47:02,926 INFO  impl.RaftServerProxy (RaftServerProxy.java:addNew(89)) - a1305044-e17b-4b59-833a-89d8bcd36db1: addNew group-43F5E8B1B36C:[a1305044-e17b-4b59-833a-89d8bcd36db1:192.168.5.144:43507] returns group-43F5E8B1B36C:java.util.concurrent.CompletableFuture@56abde3[Not completed]
2019-07-14 06:47:02,928 INFO  impl.RaftServerImpl (RaftServerImpl.java:<init>(93)) - a1305044-e17b-4b59-833a-89d8bcd36db1: new RaftServerImpl for group-43F5E8B1B36C:[a1305044-e17b-4b59-833a-89d8bcd36db1:192.168.5.144:43507] with ContainerStateMachine:uninitialized
2019-07-14 06:47:02,928 INFO  server.RaftServerConfigKeys (ConfUtils.java:logGet(43)) - raft.server.rpc.timeout.min = 5s (custom)
2019-07-14 06:47:02,928 INFO  server.RaftServerConfigKeys (ConfUtils.java:logGet(43)) - raft.server.rpc.timeout.max = 5200ms (custom)
2019-07-14 06:47:02,928 INFO  server.RaftServerConfigKeys (ConfUtils.java:logGet(43)) - raft.server.rpcslowness.timeout = 120s (custom)
2019-07-14 06:47:02,928 INFO  server.RaftServerConfigKeys (ConfUtils.java:logGet(43)) - raft.server.sleep.deviation.threshold = 300 (default)
2019-07-14 06:47:02,928 INFO  server.RaftServerConfigKeys (ConfUtils.java:logGet(43)) - raft.server.log.appender.install.snapshot.enabled = false (custom)
2019-07-14 06:47:02,929 INFO  impl.RaftServerImpl (ServerState.java:<init>(105)) - a1305044-e17b-4b59-833a-89d8bcd36db1:group-43F5E8B1B36C ConfigurationManager, init=-1: [a1305044-e17b-4b59-833a-89d8bcd36db1:192.168.5.144:43507], old=null, confs=<EMPTY_MAP>
2019-07-14 06:47:02,929 INFO  server.RaftServerConfigKeys (ConfUtils.java:logGet(43)) - raft.server.storage.dir = [/tmp/workdir/hadoop-ozone/integration-test/target/test-dir/MiniOzoneClusterImpl-cf69c69d-c954-44a7-bbc3-57d05d5b5054/datanode-1/data/ratis] (custom)
2019-07-14 06:47:02,929 INFO  storage.RaftStorageDirectory (RaftStorageDirectory.java:analyzeStorage(246)) - The storage directory /tmp/workdir/hadoop-ozone/integration-test/target/test-dir/MiniOzoneClusterImpl-cf69c69d-c954-44a7-bbc3-57d05d5b5054/datanode-1/data/ratis/7ceb1e3a-0605-4015-9ee5-43f5e8b1b36c does not exist. Creating ...
2019-07-14 06:47:02,934 INFO  storage.RaftStorageDirectory (RaftStorageDirectory.java:tryLock(328)) - Lock on /tmp/workdir/hadoop-ozone/integration-test/target/test-dir/MiniOzoneClusterImpl-cf69c69d-c954-44a7-bbc3-57d05d5b5054/datanode-1/data/ratis/7ceb1e3a-0605-4015-9ee5-43f5e8b1b36c/in_use.lock acquired by nodename 28347@trunk-nightly-8c95p-1540871953
2019-07-14 06:47:02,938 INFO  storage.RaftStorage (RaftStorage.java:format(72)) - Storage directory /tmp/workdir/hadoop-ozone/integration-test/target/test-dir/MiniOzoneClusterImpl-cf69c69d-c954-44a7-bbc3-57d05d5b5054/datanode-1/data/ratis/7ceb1e3a-0605-4015-9ee5-43f5e8b1b36c has been successfully formatted.
2019-07-14 06:47:02,939 INFO  ratis.ContainerStateMachine (ContainerStateMachine.java:loadSnapshot(200)) - group-43F5E8B1B36C: The snapshot info is null. Setting the last applied indexto:(t:0, i:~)
2019-07-14 06:47:02,939 INFO  server.RaftServerConfigKeys (ConfUtils.java:logGet(43)) - raft.server.leader.election.timeout = 120s (custom)
2019-07-14 06:47:02,939 INFO  server.RaftServerConfigKeys (ConfUtils.java:logGet(43)) - raft.server.log.use.memory = false (default)
2019-07-14 06:47:02,939 INFO  server.RaftServerConfigKeys (ConfUtils.java:logGet(43)) - raft.server.log.purge.gap = 1000000000 (custom)
2019-07-14 06:47:02,939 INFO  server.RaftServerConfigKeys (ConfUtils.java:logGet(43)) - raft.server.log.appender.buffer.byte-limit = 33554432 (custom)
2019-07-14 06:47:02,940 INFO  server.RaftServerConfigKeys (ConfUtils.java:logGet(43)) - raft.server.log.segment.size.max = 1048576 (custom)
2019-07-14 06:47:02,940 INFO  server.RaftServerConfigKeys (ConfUtils.java:logGet(43)) - raft.server.log.segment.cache.num.max = 2 (custom)
2019-07-14 06:47:02,940 INFO  segmented.SegmentedRaftLogWorker (SegmentedRaftLogWorker.java:<init>(172)) - new a1305044-e17b-4b59-833a-89d8bcd36db1-SegmentedRaftLogWorker:Storage Directory /tmp/workdir/hadoop-ozone/integration-test/target/test-dir/MiniOzoneClusterImpl-cf69c69d-c954-44a7-bbc3-57d05d5b5054/datanode-1/data/ratis/7ceb1e3a-0605-4015-9ee5-43f5e8b1b36c for RaftStorage:Storage Directory /tmp/workdir/hadoop-ozone/integration-test/target/test-dir/MiniOzoneClusterImpl-cf69c69d-c954-44a7-bbc3-57d05d5b5054/datanode-1/data/ratis/7ceb1e3a-0605-4015-9ee5-43f5e8b1b36c
2019-07-14 06:47:02,940 INFO  server.RaftServerConfigKeys (ConfUtils.java:logGet(43)) - raft.server.log.queue.byte-limit = 2147483647 (custom)
2019-07-14 06:47:02,940 INFO  server.RaftServerConfigKeys (ConfUtils.java:logGet(43)) - raft.server.log.queue.element-limit = 1024 (custom)
2019-07-14 06:47:02,941 INFO  server.RaftServerConfigKeys (ConfUtils.java:logGet(43)) - raft.server.log.segment.size.max = 1048576 (custom)
2019-07-14 06:47:02,941 INFO  server.RaftServerConfigKeys (ConfUtils.java:logGet(43)) - raft.server.log.preallocated.size = 16384 (custom)
2019-07-14 06:47:02,941 INFO  server.RaftServerConfigKeys (ConfUtils.java:logGet(43)) - raft.server.log.write.buffer.size = 33554432 (custom)
2019-07-14 06:47:02,941 INFO  server.RaftServerConfigKeys (ConfUtils.java:logGet(43)) - raft.server.log.force.sync.num = 128 (default)
2019-07-14 06:47:02,941 INFO  server.RaftServerConfigKeys (ConfUtils.java:logGet(43)) - raft.server.log.statemachine.data.sync = true (default)
2019-07-14 06:47:02,942 INFO  server.RaftServerConfigKeys (ConfUtils.java:logGet(43)) - raft.server.log.statemachine.data.sync.timeout = 10s (default)
2019-07-14 06:47:02,942 INFO  server.RaftServerConfigKeys (ConfUtils.java:logGet(43)) - raft.server.log.statemachine.data.sync.timeout.retry = -1 (default)
2019-07-14 06:47:02,942 INFO  server.RaftServerConfigKeys (ConfUtils.java:logGet(43)) - raft.server.log.statemachine.data.caching.enabled = true (custom)
2019-07-14 06:47:02,943 INFO  segmented.SegmentedRaftLogWorker (SegmentedRaftLogWorker.java:lambda$new$0(132)) - a1305044-e17b-4b59-833a-89d8bcd36db1-SegmentedRaftLogWorker:Storage Directory /tmp/workdir/hadoop-ozone/integration-test/target/test-dir/MiniOzoneClusterImpl-cf69c69d-c954-44a7-bbc3-57d05d5b5054/datanode-1/data/ratis/7ceb1e3a-0605-4015-9ee5-43f5e8b1b36c: flushIndex: setUnconditionally 0 -> -1
2019-07-14 06:47:02,943 INFO  server.RaftServerConfigKeys (ConfUtils.java:logGet(43)) - raft.server.snapshot.auto.trigger.enabled = true (custom)
2019-07-14 06:47:02,943 INFO  server.RaftServerConfigKeys (ConfUtils.java:logGet(43)) - raft.server.snapshot.auto.trigger.threshold = 10000 (custom)
2019-07-14 06:47:02,943 INFO  server.RaftServerConfigKeys (ConfUtils.java:logGet(43)) - raft.server.retrycache.expirytime = 600000ms (custom)
2019-07-14 06:47:02,944 INFO  impl.RaftServerImpl (RaftServerImpl.java:start(180)) - a1305044-e17b-4b59-833a-89d8bcd36db1: start group-43F5E8B1B36C
2019-07-14 06:47:02,944 INFO  impl.RaftServerImpl (RaftServerImpl.java:setRole(171)) - a1305044-e17b-4b59-833a-89d8bcd36db1:group-43F5E8B1B36C changes role from null to FOLLOWER at term 0 for startAsFollower
2019-07-14 06:47:02,944 INFO  impl.RoleInfo (RoleInfo.java:updateAndGet(143)) - a1305044-e17b-4b59-833a-89d8bcd36db1: start FollowerState
2019-07-14 06:47:02,944 INFO  util.JmxRegister (JmxRegister.java:tryRegister(44)) - Successfully registered JMX Bean with object name Ratis:service=RaftServer,group=group-43F5E8B1B36C,id=a1305044-e17b-4b59-833a-89d8bcd36db1
2019-07-14 06:47:02,947 INFO  pipeline.PipelineStateManager (PipelineStateManager.java:addPipeline(56)) - Created pipeline Pipeline[ Id: 7ceb1e3a-0605-4015-9ee5-43f5e8b1b36c, Nodes: a1305044-e17b-4b59-833a-89d8bcd36db1{ip: 192.168.5.144, host: trunk-nightly-8c95p-1540871953, networkLocation: /default-rack, certSerialId: null}, Type:RATIS, Factor:ONE, State:OPEN]
2019-07-14 06:47:02,976 INFO  ozone.MiniOzoneClusterImpl (MiniOzoneClusterImpl.java:lambda$waitForClusterToBeReady$0(142)) - Waiting for cluster to be ready. Got 2 of 7 DN Heartbeats.
2019-07-14 06:47:03,066 INFO  node.SCMNodeManager (SCMNodeManager.java:register(269)) - Registered Data node : 2fef8973-174d-48d8-963e-54cf9187de8a{ip: 192.168.5.144, host: trunk-nightly-8c95p-1540871953, networkLocation: /default-rack, certSerialId: null}
2019-07-14 06:47:03,079 INFO  impl.RaftServerProxy (RaftServerProxy.java:addNew(89)) - 2fef8973-174d-48d8-963e-54cf9187de8a: addNew group-32577535543D:[2fef8973-174d-48d8-963e-54cf9187de8a:192.168.5.144:46823] returns group-32577535543D:java.util.concurrent.CompletableFuture@3bf5ce6e[Not completed]
2019-07-14 06:47:03,081 INFO  impl.RaftServerImpl (RaftServerImpl.java:<init>(93)) - 2fef8973-174d-48d8-963e-54cf9187de8a: new RaftServerImpl for group-32577535543D:[2fef8973-174d-48d8-963e-54cf9187de8a:192.168.5.144:46823] with ContainerStateMachine:uninitialized
2019-07-14 06:47:03,081 INFO  server.RaftServerConfigKeys (ConfUtils.java:logGet(43)) - raft.server.rpc.timeout.min = 5s (custom)
2019-07-14 06:47:03,081 INFO  server.RaftServerConfigKeys (ConfUtils.java:logGet(43)) - raft.server.rpc.timeout.max = 5200ms (custom)
2019-07-14 06:47:03,081 INFO  server.RaftServerConfigKeys (ConfUtils.java:logGet(43)) - raft.server.rpcslowness.timeout = 120s (custom)
2019-07-14 06:47:03,081 INFO  server.RaftServerConfigKeys (ConfUtils.java:logGet(43)) - raft.server.sleep.deviation.threshold = 300 (default)
2019-07-14 06:47:03,081 INFO  server.RaftServerConfigKeys (ConfUtils.java:logGet(43)) - raft.server.log.appender.install.snapshot.enabled = false (custom)
2019-07-14 06:47:03,082 INFO  impl.RaftServerImpl (ServerState.java:<init>(105)) - 2fef8973-174d-48d8-963e-54cf9187de8a:group-32577535543D ConfigurationManager, init=-1: [2fef8973-174d-48d8-963e-54cf9187de8a:192.168.5.144:46823], old=null, confs=<EMPTY_MAP>
2019-07-14 06:47:03,082 INFO  server.RaftServerConfigKeys (ConfUtils.java:logGet(43)) - raft.server.storage.dir = [/tmp/workdir/hadoop-ozone/integration-test/target/test-dir/MiniOzoneClusterImpl-cf69c69d-c954-44a7-bbc3-57d05d5b5054/datanode-2/data/ratis] (custom)
2019-07-14 06:47:03,082 INFO  storage.RaftStorageDirectory (RaftStorageDirectory.java:analyzeStorage(246)) - The storage directory /tmp/workdir/hadoop-ozone/integration-test/target/test-dir/MiniOzoneClusterImpl-cf69c69d-c954-44a7-bbc3-57d05d5b5054/datanode-2/data/ratis/d8feb8a4-5a1e-4230-9560-32577535543d does not exist. Creating ...
2019-07-14 06:47:03,094 INFO  storage.RaftStorageDirectory (RaftStorageDirectory.java:tryLock(328)) - Lock on /tmp/workdir/hadoop-ozone/integration-test/target/test-dir/MiniOzoneClusterImpl-cf69c69d-c954-44a7-bbc3-57d05d5b5054/datanode-2/data/ratis/d8feb8a4-5a1e-4230-9560-32577535543d/in_use.lock acquired by nodename 28347@trunk-nightly-8c95p-1540871953
2019-07-14 06:47:03,105 INFO  storage.RaftStorage (RaftStorage.java:format(72)) - Storage directory /tmp/workdir/hadoop-ozone/integration-test/target/test-dir/MiniOzoneClusterImpl-cf69c69d-c954-44a7-bbc3-57d05d5b5054/datanode-2/data/ratis/d8feb8a4-5a1e-4230-9560-32577535543d has been successfully formatted.
2019-07-14 06:47:03,106 INFO  ratis.ContainerStateMachine (ContainerStateMachine.java:loadSnapshot(200)) - group-32577535543D: The snapshot info is null. Setting the last applied indexto:(t:0, i:~)
2019-07-14 06:47:03,106 INFO  server.RaftServerConfigKeys (ConfUtils.java:logGet(43)) - raft.server.leader.election.timeout = 120s (custom)
2019-07-14 06:47:03,106 INFO  server.RaftServerConfigKeys (ConfUtils.java:logGet(43)) - raft.server.log.use.memory = false (default)
2019-07-14 06:47:03,106 INFO  server.RaftServerConfigKeys (ConfUtils.java:logGet(43)) - raft.server.log.purge.gap = 1000000000 (custom)
2019-07-14 06:47:03,106 INFO  server.RaftServerConfigKeys (ConfUtils.java:logGet(43)) - raft.server.log.appender.buffer.byte-limit = 33554432 (custom)
2019-07-14 06:47:03,107 INFO  server.RaftServerConfigKeys (ConfUtils.java:logGet(43)) - raft.server.log.segment.size.max = 1048576 (custom)
2019-07-14 06:47:03,107 INFO  server.RaftServerConfigKeys (ConfUtils.java:logGet(43)) - raft.server.log.segment.cache.num.max = 2 (custom)
2019-07-14 06:47:03,107 INFO  segmented.SegmentedRaftLogWorker (SegmentedRaftLogWorker.java:<init>(172)) - new 2fef8973-174d-48d8-963e-54cf9187de8a-SegmentedRaftLogWorker:Storage Directory /tmp/workdir/hadoop-ozone/integration-test/target/test-dir/MiniOzoneClusterImpl-cf69c69d-c954-44a7-bbc3-57d05d5b5054/datanode-2/data/ratis/d8feb8a4-5a1e-4230-9560-32577535543d for RaftStorage:Storage Directory /tmp/workdir/hadoop-ozone/integration-test/target/test-dir/MiniOzoneClusterImpl-cf69c69d-c954-44a7-bbc3-57d05d5b5054/datanode-2/data/ratis/d8feb8a4-5a1e-4230-9560-32577535543d
2019-07-14 06:47:03,107 INFO  server.RaftServerConfigKeys (ConfUtils.java:logGet(43)) - raft.server.log.queue.byte-limit = 2147483647 (custom)
2019-07-14 06:47:03,107 INFO  server.RaftServerConfigKeys (ConfUtils.java:logGet(43)) - raft.server.log.queue.element-limit = 1024 (custom)
2019-07-14 06:47:03,108 INFO  server.RaftServerConfigKeys (ConfUtils.java:logGet(43)) - raft.server.log.segment.size.max = 1048576 (custom)
2019-07-14 06:47:03,108 INFO  server.RaftServerConfigKeys (ConfUtils.java:logGet(43)) - raft.server.log.preallocated.size = 16384 (custom)
2019-07-14 06:47:03,108 INFO  server.RaftServerConfigKeys (ConfUtils.java:logGet(43)) - raft.server.log.write.buffer.size = 33554432 (custom)
2019-07-14 06:47:03,108 INFO  server.RaftServerConfigKeys (ConfUtils.java:logGet(43)) - raft.server.log.force.sync.num = 128 (default)
2019-07-14 06:47:03,108 INFO  server.RaftServerConfigKeys (ConfUtils.java:logGet(43)) - raft.server.log.statemachine.data.sync = true (default)
2019-07-14 06:47:03,108 INFO  server.RaftServerConfigKeys (ConfUtils.java:logGet(43)) - raft.server.log.statemachine.data.sync.timeout = 10s (default)
2019-07-14 06:47:03,108 INFO  server.RaftServerConfigKeys (ConfUtils.java:logGet(43)) - raft.server.log.statemachine.data.sync.timeout.retry = -1 (default)
2019-07-14 06:47:03,109 INFO  server.RaftServerConfigKeys (ConfUtils.java:logGet(43)) - raft.server.log.statemachine.data.caching.enabled = true (custom)
2019-07-14 06:47:03,109 INFO  segmented.SegmentedRaftLogWorker (SegmentedRaftLogWorker.java:lambda$new$0(132)) - 2fef8973-174d-48d8-963e-54cf9187de8a-SegmentedRaftLogWorker:Storage Directory /tmp/workdir/hadoop-ozone/integration-test/target/test-dir/MiniOzoneClusterImpl-cf69c69d-c954-44a7-bbc3-57d05d5b5054/datanode-2/data/ratis/d8feb8a4-5a1e-4230-9560-32577535543d: flushIndex: setUnconditionally 0 -> -1
2019-07-14 06:47:03,110 INFO  server.RaftServerConfigKeys (ConfUtils.java:logGet(43)) - raft.server.snapshot.auto.trigger.enabled = true (custom)
2019-07-14 06:47:03,110 INFO  server.RaftServerConfigKeys (ConfUtils.java:logGet(43)) - raft.server.snapshot.auto.trigger.threshold = 10000 (custom)
2019-07-14 06:47:03,110 INFO  server.RaftServerConfigKeys (ConfUtils.java:logGet(43)) - raft.server.retrycache.expirytime = 600000ms (custom)
2019-07-14 06:47:03,110 INFO  impl.RaftServerImpl (RaftServerImpl.java:start(180)) - 2fef8973-174d-48d8-963e-54cf9187de8a: start group-32577535543D
2019-07-14 06:47:03,110 INFO  impl.RaftServerImpl (RaftServerImpl.java:setRole(171)) - 2fef8973-174d-48d8-963e-54cf9187de8a:group-32577535543D changes role from null to FOLLOWER at term 0 for startAsFollower
2019-07-14 06:47:03,110 INFO  impl.RoleInfo (RoleInfo.java:updateAndGet(143)) - 2fef8973-174d-48d8-963e-54cf9187de8a: start FollowerState
2019-07-14 06:47:03,111 INFO  util.JmxRegister (JmxRegister.java:tryRegister(44)) - Successfully registered JMX Bean with object name Ratis:service=RaftServer,group=group-32577535543D,id=2fef8973-174d-48d8-963e-54cf9187de8a
2019-07-14 06:47:03,113 INFO  pipeline.PipelineStateManager (PipelineStateManager.java:addPipeline(56)) - Created pipeline Pipeline[ Id: d8feb8a4-5a1e-4230-9560-32577535543d, Nodes: 2fef8973-174d-48d8-963e-54cf9187de8a{ip: 192.168.5.144, host: trunk-nightly-8c95p-1540871953, networkLocation: /default-rack, certSerialId: null}, Type:RATIS, Factor:ONE, State:OPEN]
2019-07-14 06:47:03,138 INFO  impl.RaftServerProxy (RaftServerProxy.java:addNew(89)) - a1305044-e17b-4b59-833a-89d8bcd36db1: addNew group-4DD2A119F062:[3241ab05-47cd-4c48-9fea-5ddbdbaeef39:192.168.5.144:44250, 2fef8973-174d-48d8-963e-54cf9187de8a:192.168.5.144:46823, a1305044-e17b-4b59-833a-89d8bcd36db1:192.168.5.144:43507] returns group-4DD2A119F062:java.util.concurrent.CompletableFuture@3d8b2e2b[Not completed]
2019-07-14 06:47:03,138 INFO  impl.RaftServerProxy (RaftServerProxy.java:addNew(89)) - 2fef8973-174d-48d8-963e-54cf9187de8a: addNew group-4DD2A119F062:[3241ab05-47cd-4c48-9fea-5ddbdbaeef39:192.168.5.144:44250, 2fef8973-174d-48d8-963e-54cf9187de8a:192.168.5.144:46823, a1305044-e17b-4b59-833a-89d8bcd36db1:192.168.5.144:43507] returns group-4DD2A119F062:java.util.concurrent.CompletableFuture@101786fa[Not completed]
2019-07-14 06:47:03,139 INFO  impl.RaftServerProxy (RaftServerProxy.java:addNew(89)) - 3241ab05-47cd-4c48-9fea-5ddbdbaeef39: addNew group-4DD2A119F062:[3241ab05-47cd-4c48-9fea-5ddbdbaeef39:192.168.5.144:44250, 2fef8973-174d-48d8-963e-54cf9187de8a:192.168.5.144:46823, a1305044-e17b-4b59-833a-89d8bcd36db1:192.168.5.144:43507] returns group-4DD2A119F062:java.util.concurrent.CompletableFuture@7e3f31c[Not completed]
2019-07-14 06:47:03,140 INFO  impl.RaftServerImpl (RaftServerImpl.java:<init>(93)) - 2fef8973-174d-48d8-963e-54cf9187de8a: new RaftServerImpl for group-4DD2A119F062:[3241ab05-47cd-4c48-9fea-5ddbdbaeef39:192.168.5.144:44250, 2fef8973-174d-48d8-963e-54cf9187de8a:192.168.5.144:46823, a1305044-e17b-4b59-833a-89d8bcd36db1:192.168.5.144:43507] with ContainerStateMachine:uninitialized
2019-07-14 06:47:03,140 INFO  server.RaftServerConfigKeys (ConfUtils.java:logGet(43)) - raft.server.rpc.timeout.min = 5s (custom)
2019-07-14 06:47:03,140 INFO  server.RaftServerConfigKeys (ConfUtils.java:logGet(43)) - raft.server.rpc.timeout.max = 5200ms (custom)
2019-07-14 06:47:03,140 INFO  server.RaftServerConfigKeys (ConfUtils.java:logGet(43)) - raft.server.rpcslowness.timeout = 120s (custom)
2019-07-14 06:47:03,140 INFO  server.RaftServerConfigKeys (ConfUtils.java:logGet(43)) - raft.server.sleep.deviation.threshold = 300 (default)
2019-07-14 06:47:03,140 INFO  server.RaftServerConfigKeys (ConfUtils.java:logGet(43)) - raft.server.log.appender.install.snapshot.enabled = false (custom)
2019-07-14 06:47:03,140 INFO  impl.RaftServerImpl (RaftServerImpl.java:<init>(93)) - 3241ab05-47cd-4c48-9fea-5ddbdbaeef39: new RaftServerImpl for group-4DD2A119F062:[3241ab05-47cd-4c48-9fea-5ddbdbaeef39:192.168.5.144:44250, 2fef8973-174d-48d8-963e-54cf9187de8a:192.168.5.144:46823, a1305044-e17b-4b59-833a-89d8bcd36db1:192.168.5.144:43507] with ContainerStateMachine:uninitialized
2019-07-14 06:47:03,140 INFO  impl.RaftServerImpl (ServerState.java:<init>(105)) - 2fef8973-174d-48d8-963e-54cf9187de8a:group-4DD2A119F062 ConfigurationManager, init=-1: [3241ab05-47cd-4c48-9fea-5ddbdbaeef39:192.168.5.144:44250, 2fef8973-174d-48d8-963e-54cf9187de8a:192.168.5.144:46823, a1305044-e17b-4b59-833a-89d8bcd36db1:192.168.5.144:43507], old=null, confs=<EMPTY_MAP>
2019-07-14 06:47:03,141 INFO  server.RaftServerConfigKeys (ConfUtils.java:logGet(43)) - raft.server.rpc.timeout.min = 5s (custom)
2019-07-14 06:47:03,141 INFO  server.RaftServerConfigKeys (ConfUtils.java:logGet(43)) - raft.server.storage.dir = [/tmp/workdir/hadoop-ozone/integration-test/target/test-dir/MiniOzoneClusterImpl-cf69c69d-c954-44a7-bbc3-57d05d5b5054/datanode-2/data/ratis] (custom)
2019-07-14 06:47:03,141 INFO  server.RaftServerConfigKeys (ConfUtils.java:logGet(43)) - raft.server.rpc.timeout.max = 5200ms (custom)
2019-07-14 06:47:03,141 INFO  impl.RaftServerImpl (RaftServerImpl.java:<init>(93)) - a1305044-e17b-4b59-833a-89d8bcd36db1: new RaftServerImpl for group-4DD2A119F062:[3241ab05-47cd-4c48-9fea-5ddbdbaeef39:192.168.5.144:44250, 2fef8973-174d-48d8-963e-54cf9187de8a:192.168.5.144:46823, a1305044-e17b-4b59-833a-89d8bcd36db1:192.168.5.144:43507] with ContainerStateMachine:uninitialized
2019-07-14 06:47:03,141 INFO  storage.RaftStorageDirectory (RaftStorageDirectory.java:analyzeStorage(246)) - The storage directory /tmp/workdir/hadoop-ozone/integration-test/target/test-dir/MiniOzoneClusterImpl-cf69c69d-c954-44a7-bbc3-57d05d5b5054/datanode-2/data/ratis/de3a0ff2-cebb-4177-baf0-4dd2a119f062 does not exist. Creating ...
2019-07-14 06:47:03,141 INFO  server.RaftServerConfigKeys (ConfUtils.java:logGet(43)) - raft.server.rpcslowness.timeout = 120s (custom)
2019-07-14 06:47:03,141 INFO  server.RaftServerConfigKeys (ConfUtils.java:logGet(43)) - raft.server.rpc.timeout.min = 5s (custom)
2019-07-14 06:47:03,141 INFO  server.RaftServerConfigKeys (ConfUtils.java:logGet(43)) - raft.server.sleep.deviation.threshold = 300 (default)
2019-07-14 06:47:03,142 INFO  server.RaftServerConfigKeys (ConfUtils.java:logGet(43)) - raft.server.rpc.timeout.max = 5200ms (custom)
2019-07-14 06:47:03,142 INFO  server.RaftServerConfigKeys (ConfUtils.java:logGet(43)) - raft.server.log.appender.install.snapshot.enabled = false (custom)
2019-07-14 06:47:03,142 INFO  server.RaftServerConfigKeys (ConfUtils.java:logGet(43)) - raft.server.rpcslowness.timeout = 120s (custom)
2019-07-14 06:47:03,142 INFO  impl.RaftServerImpl (ServerState.java:<init>(105)) - 3241ab05-47cd-4c48-9fea-5ddbdbaeef39:group-4DD2A119F062 ConfigurationManager, init=-1: [3241ab05-47cd-4c48-9fea-5ddbdbaeef39:192.168.5.144:44250, 2fef8973-174d-48d8-963e-54cf9187de8a:192.168.5.144:46823, a1305044-e17b-4b59-833a-89d8bcd36db1:192.168.5.144:43507], old=null, confs=<EMPTY_MAP>
2019-07-14 06:47:03,142 INFO  server.RaftServerConfigKeys (ConfUtils.java:logGet(43)) - raft.server.sleep.deviation.threshold = 300 (default)
2019-07-14 06:47:03,142 INFO  server.RaftServerConfigKeys (ConfUtils.java:logGet(43)) - raft.server.storage.dir = [/tmp/workdir/hadoop-ozone/integration-test/target/test-dir/MiniOzoneClusterImpl-cf69c69d-c954-44a7-bbc3-57d05d5b5054/datanode-0/data/ratis] (custom)
2019-07-14 06:47:03,142 INFO  server.RaftServerConfigKeys (ConfUtils.java:logGet(43)) - raft.server.log.appender.install.snapshot.enabled = false (custom)
2019-07-14 06:47:03,143 INFO  impl.RaftServerImpl (ServerState.java:<init>(105)) - a1305044-e17b-4b59-833a-89d8bcd36db1:group-4DD2A119F062 ConfigurationManager, init=-1: [3241ab05-47cd-4c48-9fea-5ddbdbaeef39:192.168.5.144:44250, 2fef8973-174d-48d8-963e-54cf9187de8a:192.168.5.144:46823, a1305044-e17b-4b59-833a-89d8bcd36db1:192.168.5.144:43507], old=null, confs=<EMPTY_MAP>
2019-07-14 06:47:03,143 INFO  storage.RaftStorageDirectory (RaftStorageDirectory.java:analyzeStorage(246)) - The storage directory /tmp/workdir/hadoop-ozone/integration-test/target/test-dir/MiniOzoneClusterImpl-cf69c69d-c954-44a7-bbc3-57d05d5b5054/datanode-0/data/ratis/de3a0ff2-cebb-4177-baf0-4dd2a119f062 does not exist. Creating ...
2019-07-14 06:47:03,143 INFO  server.RaftServerConfigKeys (ConfUtils.java:logGet(43)) - raft.server.storage.dir = [/tmp/workdir/hadoop-ozone/integration-test/target/test-dir/MiniOzoneClusterImpl-cf69c69d-c954-44a7-bbc3-57d05d5b5054/datanode-1/data/ratis] (custom)
2019-07-14 06:47:03,143 INFO  storage.RaftStorageDirectory (RaftStorageDirectory.java:analyzeStorage(246)) - The storage directory /tmp/workdir/hadoop-ozone/integration-test/target/test-dir/MiniOzoneClusterImpl-cf69c69d-c954-44a7-bbc3-57d05d5b5054/datanode-1/data/ratis/de3a0ff2-cebb-4177-baf0-4dd2a119f062 does not exist. Creating ...
2019-07-14 06:47:03,146 INFO  storage.RaftStorageDirectory (RaftStorageDirectory.java:tryLock(328)) - Lock on /tmp/workdir/hadoop-ozone/integration-test/target/test-dir/MiniOzoneClusterImpl-cf69c69d-c954-44a7-bbc3-57d05d5b5054/datanode-2/data/ratis/de3a0ff2-cebb-4177-baf0-4dd2a119f062/in_use.lock acquired by nodename 28347@trunk-nightly-8c95p-1540871953
2019-07-14 06:47:03,146 INFO  storage.RaftStorageDirectory (RaftStorageDirectory.java:tryLock(328)) - Lock on /tmp/workdir/hadoop-ozone/integration-test/target/test-dir/MiniOzoneClusterImpl-cf69c69d-c954-44a7-bbc3-57d05d5b5054/datanode-0/data/ratis/de3a0ff2-cebb-4177-baf0-4dd2a119f062/in_use.lock acquired by nodename 28347@trunk-nightly-8c95p-1540871953
2019-07-14 06:47:03,149 INFO  storage.RaftStorageDirectory (RaftStorageDirectory.java:tryLock(328)) - Lock on /tmp/workdir/hadoop-ozone/integration-test/target/test-dir/MiniOzoneClusterImpl-cf69c69d-c954-44a7-bbc3-57d05d5b5054/datanode-1/data/ratis/de3a0ff2-cebb-4177-baf0-4dd2a119f062/in_use.lock acquired by nodename 28347@trunk-nightly-8c95p-1540871953
2019-07-14 06:47:03,153 INFO  storage.RaftStorage (RaftStorage.java:format(72)) - Storage directory /tmp/workdir/hadoop-ozone/integration-test/target/test-dir/MiniOzoneClusterImpl-cf69c69d-c954-44a7-bbc3-57d05d5b5054/datanode-2/data/ratis/de3a0ff2-cebb-4177-baf0-4dd2a119f062 has been successfully formatted.
2019-07-14 06:47:03,153 INFO  storage.RaftStorage (RaftStorage.java:format(72)) - Storage directory /tmp/workdir/hadoop-ozone/integration-test/target/test-dir/MiniOzoneClusterImpl-cf69c69d-c954-44a7-bbc3-57d05d5b5054/datanode-0/data/ratis/de3a0ff2-cebb-4177-baf0-4dd2a119f062 has been successfully formatted.
2019-07-14 06:47:03,153 INFO  ratis.ContainerStateMachine (ContainerStateMachine.java:loadSnapshot(200)) - group-4DD2A119F062: The snapshot info is null. Setting the last applied indexto:(t:0, i:~)
2019-07-14 06:47:03,153 INFO  ratis.ContainerStateMachine (ContainerStateMachine.java:loadSnapshot(200)) - group-4DD2A119F062: The snapshot info is null. Setting the last applied indexto:(t:0, i:~)
2019-07-14 06:47:03,153 INFO  server.RaftServerConfigKeys (ConfUtils.java:logGet(43)) - raft.server.leader.election.timeout = 120s (custom)
2019-07-14 06:47:03,153 INFO  server.RaftServerConfigKeys (ConfUtils.java:logGet(43)) - raft.server.leader.election.timeout = 120s (custom)
2019-07-14 06:47:03,154 INFO  server.RaftServerConfigKeys (ConfUtils.java:logGet(43)) - raft.server.log.use.memory = false (default)
2019-07-14 06:47:03,154 INFO  server.RaftServerConfigKeys (ConfUtils.java:logGet(43)) - raft.server.log.use.memory = false (default)
2019-07-14 06:47:03,154 INFO  server.RaftServerConfigKeys (ConfUtils.java:logGet(43)) - raft.server.log.purge.gap = 1000000000 (custom)
2019-07-14 06:47:03,154 INFO  server.RaftServerConfigKeys (ConfUtils.java:logGet(43)) - raft.server.log.purge.gap = 1000000000 (custom)
2019-07-14 06:47:03,154 INFO  server.RaftServerConfigKeys (ConfUtils.java:logGet(43)) - raft.server.log.appender.buffer.byte-limit = 33554432 (custom)
2019-07-14 06:47:03,154 INFO  server.RaftServerConfigKeys (ConfUtils.java:logGet(43)) - raft.server.log.appender.buffer.byte-limit = 33554432 (custom)
2019-07-14 06:47:03,154 INFO  server.RaftServerConfigKeys (ConfUtils.java:logGet(43)) - raft.server.log.segment.size.max = 1048576 (custom)
2019-07-14 06:47:03,154 INFO  server.RaftServerConfigKeys (ConfUtils.java:logGet(43)) - raft.server.log.segment.size.max = 1048576 (custom)
2019-07-14 06:47:03,155 INFO  server.RaftServerConfigKeys (ConfUtils.java:logGet(43)) - raft.server.log.segment.cache.num.max = 2 (custom)
2019-07-14 06:47:03,155 INFO  server.RaftServerConfigKeys (ConfUtils.java:logGet(43)) - raft.server.log.segment.cache.num.max = 2 (custom)
2019-07-14 06:47:03,155 INFO  storage.RaftStorage (RaftStorage.java:format(72)) - Storage directory /tmp/workdir/hadoop-ozone/integration-test/target/test-dir/MiniOzoneClusterImpl-cf69c69d-c954-44a7-bbc3-57d05d5b5054/datanode-1/data/ratis/de3a0ff2-cebb-4177-baf0-4dd2a119f062 has been successfully formatted.
2019-07-14 06:47:03,155 INFO  segmented.SegmentedRaftLogWorker (SegmentedRaftLogWorker.java:<init>(172)) - new 3241ab05-47cd-4c48-9fea-5ddbdbaeef39-SegmentedRaftLogWorker:Storage Directory /tmp/workdir/hadoop-ozone/integration-test/target/test-dir/MiniOzoneClusterImpl-cf69c69d-c954-44a7-bbc3-57d05d5b5054/datanode-0/data/ratis/de3a0ff2-cebb-4177-baf0-4dd2a119f062 for RaftStorage:Storage Directory /tmp/workdir/hadoop-ozone/integration-test/target/test-dir/MiniOzoneClusterImpl-cf69c69d-c954-44a7-bbc3-57d05d5b5054/datanode-0/data/ratis/de3a0ff2-cebb-4177-baf0-4dd2a119f062
2019-07-14 06:47:03,155 INFO  ratis.ContainerStateMachine (ContainerStateMachine.java:loadSnapshot(200)) - group-4DD2A119F062: The snapshot info is null. Setting the last applied indexto:(t:0, i:~)
2019-07-14 06:47:03,155 INFO  segmented.SegmentedRaftLogWorker (SegmentedRaftLogWorker.java:<init>(172)) - new 2fef8973-174d-48d8-963e-54cf9187de8a-SegmentedRaftLogWorker:Storage Directory /tmp/workdir/hadoop-ozone/integration-test/target/test-dir/MiniOzoneClusterImpl-cf69c69d-c954-44a7-bbc3-57d05d5b5054/datanode-2/data/ratis/de3a0ff2-cebb-4177-baf0-4dd2a119f062 for RaftStorage:Storage Directory /tmp/workdir/hadoop-ozone/integration-test/target/test-dir/MiniOzoneClusterImpl-cf69c69d-c954-44a7-bbc3-57d05d5b5054/datanode-2/data/ratis/de3a0ff2-cebb-4177-baf0-4dd2a119f062
2019-07-14 06:47:03,155 INFO  server.RaftServerConfigKeys (ConfUtils.java:logGet(43)) - raft.server.leader.election.timeout = 120s (custom)
2019-07-14 06:47:03,155 INFO  server.RaftServerConfigKeys (ConfUtils.java:logGet(43)) - raft.server.log.queue.byte-limit = 2147483647 (custom)
2019-07-14 06:47:03,156 INFO  server.RaftServerConfigKeys (ConfUtils.java:logGet(43)) - raft.server.log.use.memory = false (default)
2019-07-14 06:47:03,156 INFO  server.RaftServerConfigKeys (ConfUtils.java:logGet(43)) - raft.server.log.queue.byte-limit = 2147483647 (custom)
2019-07-14 06:47:03,156 INFO  server.RaftServerConfigKeys (ConfUtils.java:logGet(43)) - raft.server.log.purge.gap = 1000000000 (custom)
2019-07-14 06:47:03,156 INFO  server.RaftServerConfigKeys (ConfUtils.java:logGet(43)) - raft.server.log.queue.element-limit = 1024 (custom)
2019-07-14 06:47:03,156 INFO  server.RaftServerConfigKeys (ConfUtils.java:logGet(43)) - raft.server.log.appender.buffer.byte-limit = 33554432 (custom)
2019-07-14 06:47:03,156 INFO  server.RaftServerConfigKeys (ConfUtils.java:logGet(43)) - raft.server.log.queue.element-limit = 1024 (custom)
2019-07-14 06:47:03,157 INFO  server.RaftServerConfigKeys (ConfUtils.java:logGet(43)) - raft.server.log.segment.size.max = 1048576 (custom)
2019-07-14 06:47:03,156 INFO  server.RaftServerConfigKeys (ConfUtils.java:logGet(43)) - raft.server.log.segment.size.max = 1048576 (custom)
2019-07-14 06:47:03,157 INFO  server.RaftServerConfigKeys (ConfUtils.java:logGet(43)) - raft.server.log.segment.cache.num.max = 2 (custom)
2019-07-14 06:47:03,157 INFO  server.RaftServerConfigKeys (ConfUtils.java:logGet(43)) - raft.server.log.segment.size.max = 1048576 (custom)
2019-07-14 06:47:03,157 INFO  segmented.SegmentedRaftLogWorker (SegmentedRaftLogWorker.java:<init>(172)) - new a1305044-e17b-4b59-833a-89d8bcd36db1-SegmentedRaftLogWorker:Storage Directory /tmp/workdir/hadoop-ozone/integration-test/target/test-dir/MiniOzoneClusterImpl-cf69c69d-c954-44a7-bbc3-57d05d5b5054/datanode-1/data/ratis/de3a0ff2-cebb-4177-baf0-4dd2a119f062 for RaftStorage:Storage Directory /tmp/workdir/hadoop-ozone/integration-test/target/test-dir/MiniOzoneClusterImpl-cf69c69d-c954-44a7-bbc3-57d05d5b5054/datanode-1/data/ratis/de3a0ff2-cebb-4177-baf0-4dd2a119f062
2019-07-14 06:47:03,157 INFO  server.RaftServerConfigKeys (ConfUtils.java:logGet(43)) - raft.server.log.preallocated.size = 16384 (custom)
2019-07-14 06:47:03,157 INFO  server.RaftServerConfigKeys (ConfUtils.java:logGet(43)) - raft.server.log.queue.byte-limit = 2147483647 (custom)
2019-07-14 06:47:03,157 INFO  server.RaftServerConfigKeys (ConfUtils.java:logGet(43)) - raft.server.log.preallocated.size = 16384 (custom)
2019-07-14 06:47:03,158 INFO  server.RaftServerConfigKeys (ConfUtils.java:logGet(43)) - raft.server.log.queue.element-limit = 1024 (custom)
2019-07-14 06:47:03,158 INFO  server.RaftServerConfigKeys (ConfUtils.java:logGet(43)) - raft.server.log.write.buffer.size = 33554432 (custom)
2019-07-14 06:47:03,158 INFO  server.RaftServerConfigKeys (ConfUtils.java:logGet(43)) - raft.server.log.segment.size.max = 1048576 (custom)
2019-07-14 06:47:03,158 INFO  server.RaftServerConfigKeys (ConfUtils.java:logGet(43)) - raft.server.log.write.buffer.size = 33554432 (custom)
2019-07-14 06:47:03,158 INFO  server.RaftServerConfigKeys (ConfUtils.java:logGet(43)) - raft.server.log.preallocated.size = 16384 (custom)
2019-07-14 06:47:03,158 INFO  server.RaftServerConfigKeys (ConfUtils.java:logGet(43)) - raft.server.log.force.sync.num = 128 (default)
2019-07-14 06:47:03,159 INFO  server.RaftServerConfigKeys (ConfUtils.java:logGet(43)) - raft.server.log.write.buffer.size = 33554432 (custom)
2019-07-14 06:47:03,158 INFO  server.RaftServerConfigKeys (ConfUtils.java:logGet(43)) - raft.server.log.force.sync.num = 128 (default)
2019-07-14 06:47:03,159 INFO  server.RaftServerConfigKeys (ConfUtils.java:logGet(43)) - raft.server.log.force.sync.num = 128 (default)
2019-07-14 06:47:03,159 INFO  server.RaftServerConfigKeys (ConfUtils.java:logGet(43)) - raft.server.log.statemachine.data.sync = true (default)
2019-07-14 06:47:03,159 INFO  server.RaftServerConfigKeys (ConfUtils.java:logGet(43)) - raft.server.log.statemachine.data.sync = true (default)
2019-07-14 06:47:03,159 INFO  server.RaftServerConfigKeys (ConfUtils.java:logGet(43)) - raft.server.log.statemachine.data.sync = true (default)
2019-07-14 06:47:03,160 INFO  server.RaftServerConfigKeys (ConfUtils.java:logGet(43)) - raft.server.log.statemachine.data.sync.timeout = 10s (default)
2019-07-14 06:47:03,159 INFO  server.RaftServerConfigKeys (ConfUtils.java:logGet(43)) - raft.server.log.statemachine.data.sync.timeout = 10s (default)
2019-07-14 06:47:03,160 INFO  server.RaftServerConfigKeys (ConfUtils.java:logGet(43)) - raft.server.log.statemachine.data.sync.timeout.retry = -1 (default)
2019-07-14 06:47:03,160 INFO  server.RaftServerConfigKeys (ConfUtils.java:logGet(43)) - raft.server.log.statemachine.data.sync.timeout = 10s (default)
2019-07-14 06:47:03,160 INFO  server.RaftServerConfigKeys (ConfUtils.java:logGet(43)) - raft.server.log.statemachine.data.caching.enabled = true (custom)
2019-07-14 06:47:03,160 INFO  server.RaftServerConfigKeys (ConfUtils.java:logGet(43)) - raft.server.log.statemachine.data.sync.timeout.retry = -1 (default)
2019-07-14 06:47:03,160 INFO  server.RaftServerConfigKeys (ConfUtils.java:logGet(43)) - raft.server.log.statemachine.data.sync.timeout.retry = -1 (default)
2019-07-14 06:47:03,161 INFO  server.RaftServerConfigKeys (ConfUtils.java:logGet(43)) - raft.server.log.statemachine.data.caching.enabled = true (custom)
2019-07-14 06:47:03,161 INFO  segmented.SegmentedRaftLogWorker (SegmentedRaftLogWorker.java:lambda$new$0(132)) - a1305044-e17b-4b59-833a-89d8bcd36db1-SegmentedRaftLogWorker:Storage Directory /tmp/workdir/hadoop-ozone/integration-test/target/test-dir/MiniOzoneClusterImpl-cf69c69d-c954-44a7-bbc3-57d05d5b5054/datanode-1/data/ratis/de3a0ff2-cebb-4177-baf0-4dd2a119f062: flushIndex: setUnconditionally 0 -> -1
2019-07-14 06:47:03,161 INFO  server.RaftServerConfigKeys (ConfUtils.java:logGet(43)) - raft.server.log.statemachine.data.caching.enabled = true (custom)
2019-07-14 06:47:03,161 INFO  segmented.SegmentedRaftLogWorker (SegmentedRaftLogWorker.java:lambda$new$0(132)) - 3241ab05-47cd-4c48-9fea-5ddbdbaeef39-SegmentedRaftLogWorker:Storage Directory /tmp/workdir/hadoop-ozone/integration-test/target/test-dir/MiniOzoneClusterImpl-cf69c69d-c954-44a7-bbc3-57d05d5b5054/datanode-0/data/ratis/de3a0ff2-cebb-4177-baf0-4dd2a119f062: flushIndex: setUnconditionally 0 -> -1
2019-07-14 06:47:03,161 INFO  server.RaftServerConfigKeys (ConfUtils.java:logGet(43)) - raft.server.snapshot.auto.trigger.enabled = true (custom)
2019-07-14 06:47:03,161 INFO  segmented.SegmentedRaftLogWorker (SegmentedRaftLogWorker.java:lambda$new$0(132)) - 2fef8973-174d-48d8-963e-54cf9187de8a-SegmentedRaftLogWorker:Storage Directory /tmp/workdir/hadoop-ozone/integration-test/target/test-dir/MiniOzoneClusterImpl-cf69c69d-c954-44a7-bbc3-57d05d5b5054/datanode-2/data/ratis/de3a0ff2-cebb-4177-baf0-4dd2a119f062: flushIndex: setUnconditionally 0 -> -1
2019-07-14 06:47:03,161 INFO  server.RaftServerConfigKeys (ConfUtils.java:logGet(43)) - raft.server.snapshot.auto.trigger.enabled = true (custom)
2019-07-14 06:47:03,161 INFO  server.RaftServerConfigKeys (ConfUtils.java:logGet(43)) - raft.server.snapshot.auto.trigger.threshold = 10000 (custom)
2019-07-14 06:47:03,162 INFO  server.RaftServerConfigKeys (ConfUtils.java:logGet(43)) - raft.server.snapshot.auto.trigger.enabled = true (custom)
2019-07-14 06:47:03,162 INFO  server.RaftServerConfigKeys (ConfUtils.java:logGet(43)) - raft.server.snapshot.auto.trigger.threshold = 10000 (custom)
2019-07-14 06:47:03,162 INFO  server.RaftServerConfigKeys (ConfUtils.java:logGet(43)) - raft.server.snapshot.auto.trigger.threshold = 10000 (custom)
2019-07-14 06:47:03,162 INFO  server.RaftServerConfigKeys (ConfUtils.java:logGet(43)) - raft.server.retrycache.expirytime = 600000ms (custom)
2019-07-14 06:47:03,162 INFO  server.RaftServerConfigKeys (ConfUtils.java:logGet(43)) - raft.server.retrycache.expirytime = 600000ms (custom)
2019-07-14 06:47:03,162 INFO  server.RaftServerConfigKeys (ConfUtils.java:logGet(43)) - raft.server.retrycache.expirytime = 600000ms (custom)
2019-07-14 06:47:03,163 INFO  impl.RaftServerImpl (RaftServerImpl.java:start(180)) - 2fef8973-174d-48d8-963e-54cf9187de8a: start group-4DD2A119F062
2019-07-14 06:47:03,162 INFO  impl.RaftServerImpl (RaftServerImpl.java:start(180)) - a1305044-e17b-4b59-833a-89d8bcd36db1: start group-4DD2A119F062
2019-07-14 06:47:03,163 INFO  impl.RaftServerImpl (RaftServerImpl.java:setRole(171)) - 2fef8973-174d-48d8-963e-54cf9187de8a:group-4DD2A119F062 changes role from null to FOLLOWER at term 0 for startAsFollower
2019-07-14 06:47:03,163 INFO  impl.RaftServerImpl (RaftServerImpl.java:start(180)) - 3241ab05-47cd-4c48-9fea-5ddbdbaeef39: start group-4DD2A119F062
2019-07-14 06:47:03,163 INFO  impl.RoleInfo (RoleInfo.java:updateAndGet(143)) - 2fef8973-174d-48d8-963e-54cf9187de8a: start FollowerState
2019-07-14 06:47:03,163 INFO  impl.RaftServerImpl (RaftServerImpl.java:setRole(171)) - a1305044-e17b-4b59-833a-89d8bcd36db1:group-4DD2A119F062 changes role from null to FOLLOWER at term 0 for startAsFollower
2019-07-14 06:47:03,163 INFO  impl.RaftServerImpl (RaftServerImpl.java:setRole(171)) - 3241ab05-47cd-4c48-9fea-5ddbdbaeef39:group-4DD2A119F062 changes role from null to FOLLOWER at term 0 for startAsFollower
2019-07-14 06:47:03,163 INFO  impl.RoleInfo (RoleInfo.java:updateAndGet(143)) - a1305044-e17b-4b59-833a-89d8bcd36db1: start FollowerState
2019-07-14 06:47:03,164 INFO  impl.RoleInfo (RoleInfo.java:updateAndGet(143)) - 3241ab05-47cd-4c48-9fea-5ddbdbaeef39: start FollowerState
2019-07-14 06:47:03,164 INFO  util.JmxRegister (JmxRegister.java:tryRegister(44)) - Successfully registered JMX Bean with object name Ratis:service=RaftServer,group=group-4DD2A119F062,id=2fef8973-174d-48d8-963e-54cf9187de8a
2019-07-14 06:47:03,164 INFO  util.JmxRegister (JmxRegister.java:tryRegister(44)) - Successfully registered JMX Bean with object name Ratis:service=RaftServer,group=group-4DD2A119F062,id=a1305044-e17b-4b59-833a-89d8bcd36db1
2019-07-14 06:47:03,164 INFO  util.JmxRegister (JmxRegister.java:tryRegister(44)) - Successfully registered JMX Bean with object name Ratis:service=RaftServer,group=group-4DD2A119F062,id=3241ab05-47cd-4c48-9fea-5ddbdbaeef39
2019-07-14 06:47:03,167 INFO  pipeline.PipelineStateManager (PipelineStateManager.java:addPipeline(56)) - Created pipeline Pipeline[ Id: de3a0ff2-cebb-4177-baf0-4dd2a119f062, Nodes: 2fef8973-174d-48d8-963e-54cf9187de8a{ip: 192.168.5.144, host: trunk-nightly-8c95p-1540871953, networkLocation: /default-rack, certSerialId: null}a1305044-e17b-4b59-833a-89d8bcd36db1{ip: 192.168.5.144, host: trunk-nightly-8c95p-1540871953, networkLocation: /default-rack, certSerialId: null}3241ab05-47cd-4c48-9fea-5ddbdbaeef39{ip: 192.168.5.144, host: trunk-nightly-8c95p-1540871953, networkLocation: /default-rack, certSerialId: null}, Type:RATIS, Factor:THREE, State:OPEN]
2019-07-14 06:47:03,252 INFO  node.SCMNodeManager (SCMNodeManager.java:register(269)) - Registered Data node : 0ef29f36-e61d-45e2-ba11-8120f31623be{ip: 192.168.5.144, host: trunk-nightly-8c95p-1540871953, networkLocation: /default-rack, certSerialId: null}
2019-07-14 06:47:03,304 INFO  impl.RaftServerProxy (RaftServerProxy.java:addNew(89)) - 0ef29f36-e61d-45e2-ba11-8120f31623be: addNew group-C01F1F02A24F:[0ef29f36-e61d-45e2-ba11-8120f31623be:192.168.5.144:44326] returns group-C01F1F02A24F:java.util.concurrent.CompletableFuture@61075ade[Not completed]
2019-07-14 06:47:03,305 INFO  impl.RaftServerImpl (RaftServerImpl.java:<init>(93)) - 0ef29f36-e61d-45e2-ba11-8120f31623be: new RaftServerImpl for group-C01F1F02A24F:[0ef29f36-e61d-45e2-ba11-8120f31623be:192.168.5.144:44326] with ContainerStateMachine:uninitialized
2019-07-14 06:47:03,306 INFO  server.RaftServerConfigKeys (ConfUtils.java:logGet(43)) - raft.server.rpc.timeout.min = 5s (custom)
2019-07-14 06:47:03,306 INFO  server.RaftServerConfigKeys (ConfUtils.java:logGet(43)) - raft.server.rpc.timeout.max = 5200ms (custom)
2019-07-14 06:47:03,306 INFO  server.RaftServerConfigKeys (ConfUtils.java:logGet(43)) - raft.server.rpcslowness.timeout = 120s (custom)
2019-07-14 06:47:03,306 INFO  server.RaftServerConfigKeys (ConfUtils.java:logGet(43)) - raft.server.sleep.deviation.threshold = 300 (default)
2019-07-14 06:47:03,306 INFO  server.RaftServerConfigKeys (ConfUtils.java:logGet(43)) - raft.server.log.appender.install.snapshot.enabled = false (custom)
2019-07-14 06:47:03,306 INFO  impl.RaftServerImpl (ServerState.java:<init>(105)) - 0ef29f36-e61d-45e2-ba11-8120f31623be:group-C01F1F02A24F ConfigurationManager, init=-1: [0ef29f36-e61d-45e2-ba11-8120f31623be:192.168.5.144:44326], old=null, confs=<EMPTY_MAP>
2019-07-14 06:47:03,306 INFO  server.RaftServerConfigKeys (ConfUtils.java:logGet(43)) - raft.server.storage.dir = [/tmp/workdir/hadoop-ozone/integration-test/target/test-dir/MiniOzoneClusterImpl-cf69c69d-c954-44a7-bbc3-57d05d5b5054/datanode-3/data/ratis] (custom)
2019-07-14 06:47:03,307 INFO  storage.RaftStorageDirectory (RaftStorageDirectory.java:analyzeStorage(246)) - The storage directory /tmp/workdir/hadoop-ozone/integration-test/target/test-dir/MiniOzoneClusterImpl-cf69c69d-c954-44a7-bbc3-57d05d5b5054/datanode-3/data/ratis/8a84bffd-f7ed-4022-8e8e-c01f1f02a24f does not exist. Creating ...
2019-07-14 06:47:03,314 INFO  storage.RaftStorageDirectory (RaftStorageDirectory.java:tryLock(328)) - Lock on /tmp/workdir/hadoop-ozone/integration-test/target/test-dir/MiniOzoneClusterImpl-cf69c69d-c954-44a7-bbc3-57d05d5b5054/datanode-3/data/ratis/8a84bffd-f7ed-4022-8e8e-c01f1f02a24f/in_use.lock acquired by nodename 28347@trunk-nightly-8c95p-1540871953
2019-07-14 06:47:03,325 INFO  storage.RaftStorage (RaftStorage.java:format(72)) - Storage directory /tmp/workdir/hadoop-ozone/integration-test/target/test-dir/MiniOzoneClusterImpl-cf69c69d-c954-44a7-bbc3-57d05d5b5054/datanode-3/data/ratis/8a84bffd-f7ed-4022-8e8e-c01f1f02a24f has been successfully formatted.
2019-07-14 06:47:03,325 INFO  ratis.ContainerStateMachine (ContainerStateMachine.java:loadSnapshot(200)) - group-C01F1F02A24F: The snapshot info is null. Setting the last applied indexto:(t:0, i:~)
2019-07-14 06:47:03,326 INFO  server.RaftServerConfigKeys (ConfUtils.java:logGet(43)) - raft.server.leader.election.timeout = 120s (custom)
2019-07-14 06:47:03,326 INFO  server.RaftServerConfigKeys (ConfUtils.java:logGet(43)) - raft.server.log.use.memory = false (default)
2019-07-14 06:47:03,326 INFO  server.RaftServerConfigKeys (ConfUtils.java:logGet(43)) - raft.server.log.purge.gap = 1000000000 (custom)
2019-07-14 06:47:03,326 INFO  server.RaftServerConfigKeys (ConfUtils.java:logGet(43)) - raft.server.log.appender.buffer.byte-limit = 33554432 (custom)
2019-07-14 06:47:03,326 INFO  server.RaftServerConfigKeys (ConfUtils.java:logGet(43)) - raft.server.log.segment.size.max = 1048576 (custom)
2019-07-14 06:47:03,326 INFO  server.RaftServerConfigKeys (ConfUtils.java:logGet(43)) - raft.server.log.segment.cache.num.max = 2 (custom)
2019-07-14 06:47:03,326 INFO  segmented.SegmentedRaftLogWorker (SegmentedRaftLogWorker.java:<init>(172)) - new 0ef29f36-e61d-45e2-ba11-8120f31623be-SegmentedRaftLogWorker:Storage Directory /tmp/workdir/hadoop-ozone/integration-test/target/test-dir/MiniOzoneClusterImpl-cf69c69d-c954-44a7-bbc3-57d05d5b5054/datanode-3/data/ratis/8a84bffd-f7ed-4022-8e8e-c01f1f02a24f for RaftStorage:Storage Directory /tmp/workdir/hadoop-ozone/integration-test/target/test-dir/MiniOzoneClusterImpl-cf69c69d-c954-44a7-bbc3-57d05d5b5054/datanode-3/data/ratis/8a84bffd-f7ed-4022-8e8e-c01f1f02a24f
2019-07-14 06:47:03,326 INFO  server.RaftServerConfigKeys (ConfUtils.java:logGet(43)) - raft.server.log.queue.byte-limit = 2147483647 (custom)
2019-07-14 06:47:03,326 INFO  server.RaftServerConfigKeys (ConfUtils.java:logGet(43)) - raft.server.log.queue.element-limit = 1024 (custom)
2019-07-14 06:47:03,327 INFO  server.RaftServerConfigKeys (ConfUtils.java:logGet(43)) - raft.server.log.segment.size.max = 1048576 (custom)
2019-07-14 06:47:03,327 INFO  server.RaftServerConfigKeys (ConfUtils.java:logGet(43)) - raft.server.log.preallocated.size = 16384 (custom)
2019-07-14 06:47:03,327 INFO  server.RaftServerConfigKeys (ConfUtils.java:logGet(43)) - raft.server.log.write.buffer.size = 33554432 (custom)
2019-07-14 06:47:03,327 INFO  server.RaftServerConfigKeys (ConfUtils.java:logGet(43)) - raft.server.log.force.sync.num = 128 (default)
2019-07-14 06:47:03,327 INFO  server.RaftServerConfigKeys (ConfUtils.java:logGet(43)) - raft.server.log.statemachine.data.sync = true (default)
2019-07-14 06:47:03,327 INFO  server.RaftServerConfigKeys (ConfUtils.java:logGet(43)) - raft.server.log.statemachine.data.sync.timeout = 10s (default)
2019-07-14 06:47:03,327 INFO  server.RaftServerConfigKeys (ConfUtils.java:logGet(43)) - raft.server.log.statemachine.data.sync.timeout.retry = -1 (default)
2019-07-14 06:47:03,327 INFO  server.RaftServerConfigKeys (ConfUtils.java:logGet(43)) - raft.server.log.statemachine.data.caching.enabled = true (custom)
2019-07-14 06:47:03,328 INFO  segmented.SegmentedRaftLogWorker (SegmentedRaftLogWorker.java:lambda$new$0(132)) - 0ef29f36-e61d-45e2-ba11-8120f31623be-SegmentedRaftLogWorker:Storage Directory /tmp/workdir/hadoop-ozone/integration-test/target/test-dir/MiniOzoneClusterImpl-cf69c69d-c954-44a7-bbc3-57d05d5b5054/datanode-3/data/ratis/8a84bffd-f7ed-4022-8e8e-c01f1f02a24f: flushIndex: setUnconditionally 0 -> -1
2019-07-14 06:47:03,328 INFO  server.RaftServerConfigKeys (ConfUtils.java:logGet(43)) - raft.server.snapshot.auto.trigger.enabled = true (custom)
2019-07-14 06:47:03,328 INFO  server.RaftServerConfigKeys (ConfUtils.java:logGet(43)) - raft.server.snapshot.auto.trigger.threshold = 10000 (custom)
2019-07-14 06:47:03,328 INFO  server.RaftServerConfigKeys (ConfUtils.java:logGet(43)) - raft.server.retrycache.expirytime = 600000ms (custom)
2019-07-14 06:47:03,328 INFO  impl.RaftServerImpl (RaftServerImpl.java:start(180)) - 0ef29f36-e61d-45e2-ba11-8120f31623be: start group-C01F1F02A24F
2019-07-14 06:47:03,328 INFO  impl.RaftServerImpl (RaftServerImpl.java:setRole(171)) - 0ef29f36-e61d-45e2-ba11-8120f31623be:group-C01F1F02A24F changes role from null to FOLLOWER at term 0 for startAsFollower
2019-07-14 06:47:03,329 INFO  impl.RoleInfo (RoleInfo.java:updateAndGet(143)) - 0ef29f36-e61d-45e2-ba11-8120f31623be: start FollowerState
2019-07-14 06:47:03,329 INFO  util.JmxRegister (JmxRegister.java:tryRegister(44)) - Successfully registered JMX Bean with object name Ratis:service=RaftServer,group=group-C01F1F02A24F,id=0ef29f36-e61d-45e2-ba11-8120f31623be
2019-07-14 06:47:03,331 INFO  pipeline.PipelineStateManager (PipelineStateManager.java:addPipeline(56)) - Created pipeline Pipeline[ Id: 8a84bffd-f7ed-4022-8e8e-c01f1f02a24f, Nodes: 0ef29f36-e61d-45e2-ba11-8120f31623be{ip: 192.168.5.144, host: trunk-nightly-8c95p-1540871953, networkLocation: /default-rack, certSerialId: null}, Type:RATIS, Factor:ONE, State:OPEN]
2019-07-14 06:47:03,464 INFO  node.SCMNodeManager (SCMNodeManager.java:register(269)) - Registered Data node : 2cabeef8-ba39-4343-a16a-5274d702a919{ip: 192.168.5.144, host: trunk-nightly-8c95p-1540871953, networkLocation: /default-rack, certSerialId: null}
2019-07-14 06:47:03,479 INFO  impl.RaftServerProxy (RaftServerProxy.java:addNew(89)) - 2cabeef8-ba39-4343-a16a-5274d702a919: addNew group-8B13195F740B:[2cabeef8-ba39-4343-a16a-5274d702a919:192.168.5.144:33338] returns group-8B13195F740B:java.util.concurrent.CompletableFuture@41033c76[Not completed]
2019-07-14 06:47:03,480 INFO  impl.RaftServerImpl (RaftServerImpl.java:<init>(93)) - 2cabeef8-ba39-4343-a16a-5274d702a919: new RaftServerImpl for group-8B13195F740B:[2cabeef8-ba39-4343-a16a-5274d702a919:192.168.5.144:33338] with ContainerStateMachine:uninitialized
2019-07-14 06:47:03,481 INFO  server.RaftServerConfigKeys (ConfUtils.java:logGet(43)) - raft.server.rpc.timeout.min = 5s (custom)
2019-07-14 06:47:03,481 INFO  server.RaftServerConfigKeys (ConfUtils.java:logGet(43)) - raft.server.rpc.timeout.max = 5200ms (custom)
2019-07-14 06:47:03,481 INFO  server.RaftServerConfigKeys (ConfUtils.java:logGet(43)) - raft.server.rpcslowness.timeout = 120s (custom)
2019-07-14 06:47:03,481 INFO  server.RaftServerConfigKeys (ConfUtils.java:logGet(43)) - raft.server.sleep.deviation.threshold = 300 (default)
2019-07-14 06:47:03,481 INFO  server.RaftServerConfigKeys (ConfUtils.java:logGet(43)) - raft.server.log.appender.install.snapshot.enabled = false (custom)
2019-07-14 06:47:03,482 INFO  impl.RaftServerImpl (ServerState.java:<init>(105)) - 2cabeef8-ba39-4343-a16a-5274d702a919:group-8B13195F740B ConfigurationManager, init=-1: [2cabeef8-ba39-4343-a16a-5274d702a919:192.168.5.144:33338], old=null, confs=<EMPTY_MAP>
2019-07-14 06:47:03,482 INFO  server.RaftServerConfigKeys (ConfUtils.java:logGet(43)) - raft.server.storage.dir = [/tmp/workdir/hadoop-ozone/integration-test/target/test-dir/MiniOzoneClusterImpl-cf69c69d-c954-44a7-bbc3-57d05d5b5054/datanode-4/data/ratis] (custom)
2019-07-14 06:47:03,482 INFO  storage.RaftStorageDirectory (RaftStorageDirectory.java:analyzeStorage(246)) - The storage directory /tmp/workdir/hadoop-ozone/integration-test/target/test-dir/MiniOzoneClusterImpl-cf69c69d-c954-44a7-bbc3-57d05d5b5054/datanode-4/data/ratis/8237f37d-4bfe-4d55-8da7-8b13195f740b does not exist. Creating ...
2019-07-14 06:47:03,487 INFO  storage.RaftStorageDirectory (RaftStorageDirectory.java:tryLock(328)) - Lock on /tmp/workdir/hadoop-ozone/integration-test/target/test-dir/MiniOzoneClusterImpl-cf69c69d-c954-44a7-bbc3-57d05d5b5054/datanode-4/data/ratis/8237f37d-4bfe-4d55-8da7-8b13195f740b/in_use.lock acquired by nodename 28347@trunk-nightly-8c95p-1540871953
2019-07-14 06:47:03,498 INFO  storage.RaftStorage (RaftStorage.java:format(72)) - Storage directory /tmp/workdir/hadoop-ozone/integration-test/target/test-dir/MiniOzoneClusterImpl-cf69c69d-c954-44a7-bbc3-57d05d5b5054/datanode-4/data/ratis/8237f37d-4bfe-4d55-8da7-8b13195f740b has been successfully formatted.
2019-07-14 06:47:03,498 INFO  ratis.ContainerStateMachine (ContainerStateMachine.java:loadSnapshot(200)) - group-8B13195F740B: The snapshot info is null. Setting the last applied indexto:(t:0, i:~)
2019-07-14 06:47:03,498 INFO  server.RaftServerConfigKeys (ConfUtils.java:logGet(43)) - raft.server.leader.election.timeout = 120s (custom)
2019-07-14 06:47:03,499 INFO  server.RaftServerConfigKeys (ConfUtils.java:logGet(43)) - raft.server.log.use.memory = false (default)
2019-07-14 06:47:03,499 INFO  server.RaftServerConfigKeys (ConfUtils.java:logGet(43)) - raft.server.log.purge.gap = 1000000000 (custom)
2019-07-14 06:47:03,499 INFO  server.RaftServerConfigKeys (ConfUtils.java:logGet(43)) - raft.server.log.appender.buffer.byte-limit = 33554432 (custom)
2019-07-14 06:47:03,499 INFO  server.RaftServerConfigKeys (ConfUtils.java:logGet(43)) - raft.server.log.segment.size.max = 1048576 (custom)
2019-07-14 06:47:03,499 INFO  server.RaftServerConfigKeys (ConfUtils.java:logGet(43)) - raft.server.log.segment.cache.num.max = 2 (custom)
2019-07-14 06:47:03,500 INFO  segmented.SegmentedRaftLogWorker (SegmentedRaftLogWorker.java:<init>(172)) - new 2cabeef8-ba39-4343-a16a-5274d702a919-SegmentedRaftLogWorker:Storage Directory /tmp/workdir/hadoop-ozone/integration-test/target/test-dir/MiniOzoneClusterImpl-cf69c69d-c954-44a7-bbc3-57d05d5b5054/datanode-4/data/ratis/8237f37d-4bfe-4d55-8da7-8b13195f740b for RaftStorage:Storage Directory /tmp/workdir/hadoop-ozone/integration-test/target/test-dir/MiniOzoneClusterImpl-cf69c69d-c954-44a7-bbc3-57d05d5b5054/datanode-4/data/ratis/8237f37d-4bfe-4d55-8da7-8b13195f740b
2019-07-14 06:47:03,500 INFO  server.RaftServerConfigKeys (ConfUtils.java:logGet(43)) - raft.server.log.queue.byte-limit = 2147483647 (custom)
2019-07-14 06:47:03,500 INFO  server.RaftServerConfigKeys (ConfUtils.java:logGet(43)) - raft.server.log.queue.element-limit = 1024 (custom)
2019-07-14 06:47:03,500 INFO  server.RaftServerConfigKeys (ConfUtils.java:logGet(43)) - raft.server.log.segment.size.max = 1048576 (custom)
2019-07-14 06:47:03,500 INFO  server.RaftServerConfigKeys (ConfUtils.java:logGet(43)) - raft.server.log.preallocated.size = 16384 (custom)
2019-07-14 06:47:03,501 INFO  server.RaftServerConfigKeys (ConfUtils.java:logGet(43)) - raft.server.log.write.buffer.size = 33554432 (custom)
2019-07-14 06:47:03,501 INFO  server.RaftServerConfigKeys (ConfUtils.java:logGet(43)) - raft.server.log.force.sync.num = 128 (default)
2019-07-14 06:47:03,501 INFO  server.RaftServerConfigKeys (ConfUtils.java:logGet(43)) - raft.server.log.statemachine.data.sync = true (default)
2019-07-14 06:47:03,501 INFO  server.RaftServerConfigKeys (ConfUtils.java:logGet(43)) - raft.server.log.statemachine.data.sync.timeout = 10s (default)
2019-07-14 06:47:03,501 INFO  server.RaftServerConfigKeys (ConfUtils.java:logGet(43)) - raft.server.log.statemachine.data.sync.timeout.retry = -1 (default)
2019-07-14 06:47:03,502 INFO  server.RaftServerConfigKeys (ConfUtils.java:logGet(43)) - raft.server.log.statemachine.data.caching.enabled = true (custom)
2019-07-14 06:47:03,502 INFO  segmented.SegmentedRaftLogWorker (SegmentedRaftLogWorker.java:lambda$new$0(132)) - 2cabeef8-ba39-4343-a16a-5274d702a919-SegmentedRaftLogWorker:Storage Directory /tmp/workdir/hadoop-ozone/integration-test/target/test-dir/MiniOzoneClusterImpl-cf69c69d-c954-44a7-bbc3-57d05d5b5054/datanode-4/data/ratis/8237f37d-4bfe-4d55-8da7-8b13195f740b: flushIndex: setUnconditionally 0 -> -1
2019-07-14 06:47:03,502 INFO  server.RaftServerConfigKeys (ConfUtils.java:logGet(43)) - raft.server.snapshot.auto.trigger.enabled = true (custom)
2019-07-14 06:47:03,503 INFO  server.RaftServerConfigKeys (ConfUtils.java:logGet(43)) - raft.server.snapshot.auto.trigger.threshold = 10000 (custom)
2019-07-14 06:47:03,503 INFO  server.RaftServerConfigKeys (ConfUtils.java:logGet(43)) - raft.server.retrycache.expirytime = 600000ms (custom)
2019-07-14 06:47:03,503 INFO  impl.RaftServerImpl (RaftServerImpl.java:start(180)) - 2cabeef8-ba39-4343-a16a-5274d702a919: start group-8B13195F740B
2019-07-14 06:47:03,503 INFO  impl.RaftServerImpl (RaftServerImpl.java:setRole(171)) - 2cabeef8-ba39-4343-a16a-5274d702a919:group-8B13195F740B changes role from null to FOLLOWER at term 0 for startAsFollower
2019-07-14 06:47:03,503 INFO  impl.RoleInfo (RoleInfo.java:updateAndGet(143)) - 2cabeef8-ba39-4343-a16a-5274d702a919: start FollowerState
2019-07-14 06:47:03,504 INFO  util.JmxRegister (JmxRegister.java:tryRegister(44)) - Successfully registered JMX Bean with object name Ratis:service=RaftServer,group=group-8B13195F740B,id=2cabeef8-ba39-4343-a16a-5274d702a919
2019-07-14 06:47:03,506 INFO  pipeline.PipelineStateManager (PipelineStateManager.java:addPipeline(56)) - Created pipeline Pipeline[ Id: 8237f37d-4bfe-4d55-8da7-8b13195f740b, Nodes: 2cabeef8-ba39-4343-a16a-5274d702a919{ip: 192.168.5.144, host: trunk-nightly-8c95p-1540871953, networkLocation: /default-rack, certSerialId: null}, Type:RATIS, Factor:ONE, State:OPEN]
2019-07-14 06:47:03,737 INFO  node.SCMNodeManager (SCMNodeManager.java:register(269)) - Registered Data node : 0e795f71-4693-48a4-a740-6be98dd7eb1c{ip: 192.168.5.144, host: trunk-nightly-8c95p-1540871953, networkLocation: /default-rack, certSerialId: null}
2019-07-14 06:47:03,769 INFO  impl.RaftServerProxy (RaftServerProxy.java:addNew(89)) - 0e795f71-4693-48a4-a740-6be98dd7eb1c: addNew group-CC8FC836C6A8:[0e795f71-4693-48a4-a740-6be98dd7eb1c:192.168.5.144:38265] returns group-CC8FC836C6A8:java.util.concurrent.CompletableFuture@28aebcac[Not completed]
2019-07-14 06:47:03,770 INFO  impl.RaftServerImpl (RaftServerImpl.java:<init>(93)) - 0e795f71-4693-48a4-a740-6be98dd7eb1c: new RaftServerImpl for group-CC8FC836C6A8:[0e795f71-4693-48a4-a740-6be98dd7eb1c:192.168.5.144:38265] with ContainerStateMachine:uninitialized
2019-07-14 06:47:03,771 INFO  server.RaftServerConfigKeys (ConfUtils.java:logGet(43)) - raft.server.rpc.timeout.min = 5s (custom)
2019-07-14 06:47:03,771 INFO  server.RaftServerConfigKeys (ConfUtils.java:logGet(43)) - raft.server.rpc.timeout.max = 5200ms (custom)
2019-07-14 06:47:03,771 INFO  server.RaftServerConfigKeys (ConfUtils.java:logGet(43)) - raft.server.rpcslowness.timeout = 120s (custom)
2019-07-14 06:47:03,771 INFO  server.RaftServerConfigKeys (ConfUtils.java:logGet(43)) - raft.server.sleep.deviation.threshold = 300 (default)
2019-07-14 06:47:03,771 INFO  server.RaftServerConfigKeys (ConfUtils.java:logGet(43)) - raft.server.log.appender.install.snapshot.enabled = false (custom)
2019-07-14 06:47:03,771 INFO  impl.RaftServerImpl (ServerState.java:<init>(105)) - 0e795f71-4693-48a4-a740-6be98dd7eb1c:group-CC8FC836C6A8 ConfigurationManager, init=-1: [0e795f71-4693-48a4-a740-6be98dd7eb1c:192.168.5.144:38265], old=null, confs=<EMPTY_MAP>
2019-07-14 06:47:03,772 INFO  server.RaftServerConfigKeys (ConfUtils.java:logGet(43)) - raft.server.storage.dir = [/tmp/workdir/hadoop-ozone/integration-test/target/test-dir/MiniOzoneClusterImpl-cf69c69d-c954-44a7-bbc3-57d05d5b5054/datanode-5/data/ratis] (custom)
2019-07-14 06:47:03,772 INFO  storage.RaftStorageDirectory (RaftStorageDirectory.java:analyzeStorage(246)) - The storage directory /tmp/workdir/hadoop-ozone/integration-test/target/test-dir/MiniOzoneClusterImpl-cf69c69d-c954-44a7-bbc3-57d05d5b5054/datanode-5/data/ratis/5b60bd9a-a334-4325-aeb7-cc8fc836c6a8 does not exist. Creating ...
2019-07-14 06:47:03,794 INFO  storage.RaftStorageDirectory (RaftStorageDirectory.java:tryLock(328)) - Lock on /tmp/workdir/hadoop-ozone/integration-test/target/test-dir/MiniOzoneClusterImpl-cf69c69d-c954-44a7-bbc3-57d05d5b5054/datanode-5/data/ratis/5b60bd9a-a334-4325-aeb7-cc8fc836c6a8/in_use.lock acquired by nodename 28347@trunk-nightly-8c95p-1540871953
2019-07-14 06:47:03,806 INFO  storage.RaftStorage (RaftStorage.java:format(72)) - Storage directory /tmp/workdir/hadoop-ozone/integration-test/target/test-dir/MiniOzoneClusterImpl-cf69c69d-c954-44a7-bbc3-57d05d5b5054/datanode-5/data/ratis/5b60bd9a-a334-4325-aeb7-cc8fc836c6a8 has been successfully formatted.
2019-07-14 06:47:03,806 INFO  ratis.ContainerStateMachine (ContainerStateMachine.java:loadSnapshot(200)) - group-CC8FC836C6A8: The snapshot info is null. Setting the last applied indexto:(t:0, i:~)
2019-07-14 06:47:03,806 INFO  server.RaftServerConfigKeys (ConfUtils.java:logGet(43)) - raft.server.leader.election.timeout = 120s (custom)
2019-07-14 06:47:03,806 INFO  server.RaftServerConfigKeys (ConfUtils.java:logGet(43)) - raft.server.log.use.memory = false (default)
2019-07-14 06:47:03,806 INFO  server.RaftServerConfigKeys (ConfUtils.java:logGet(43)) - raft.server.log.purge.gap = 1000000000 (custom)
2019-07-14 06:47:03,807 INFO  server.RaftServerConfigKeys (ConfUtils.java:logGet(43)) - raft.server.log.appender.buffer.byte-limit = 33554432 (custom)
2019-07-14 06:47:03,807 INFO  server.RaftServerConfigKeys (ConfUtils.java:logGet(43)) - raft.server.log.segment.size.max = 1048576 (custom)
2019-07-14 06:47:03,807 INFO  server.RaftServerConfigKeys (ConfUtils.java:logGet(43)) - raft.server.log.segment.cache.num.max = 2 (custom)
2019-07-14 06:47:03,807 INFO  segmented.SegmentedRaftLogWorker (SegmentedRaftLogWorker.java:<init>(172)) - new 0e795f71-4693-48a4-a740-6be98dd7eb1c-SegmentedRaftLogWorker:Storage Directory /tmp/workdir/hadoop-ozone/integration-test/target/test-dir/MiniOzoneClusterImpl-cf69c69d-c954-44a7-bbc3-57d05d5b5054/datanode-5/data/ratis/5b60bd9a-a334-4325-aeb7-cc8fc836c6a8 for RaftStorage:Storage Directory /tmp/workdir/hadoop-ozone/integration-test/target/test-dir/MiniOzoneClusterImpl-cf69c69d-c954-44a7-bbc3-57d05d5b5054/datanode-5/data/ratis/5b60bd9a-a334-4325-aeb7-cc8fc836c6a8
2019-07-14 06:47:03,807 INFO  server.RaftServerConfigKeys (ConfUtils.java:logGet(43)) - raft.server.log.queue.byte-limit = 2147483647 (custom)
2019-07-14 06:47:03,808 INFO  server.RaftServerConfigKeys (ConfUtils.java:logGet(43)) - raft.server.log.queue.element-limit = 1024 (custom)
2019-07-14 06:47:03,808 INFO  server.RaftServerConfigKeys (ConfUtils.java:logGet(43)) - raft.server.log.segment.size.max = 1048576 (custom)
2019-07-14 06:47:03,808 INFO  server.RaftServerConfigKeys (ConfUtils.java:logGet(43)) - raft.server.log.preallocated.size = 16384 (custom)
2019-07-14 06:47:03,808 INFO  server.RaftServerConfigKeys (ConfUtils.java:logGet(43)) - raft.server.log.write.buffer.size = 33554432 (custom)
2019-07-14 06:47:03,808 INFO  server.RaftServerConfigKeys (ConfUtils.java:logGet(43)) - raft.server.log.force.sync.num = 128 (default)
2019-07-14 06:47:03,808 INFO  server.RaftServerConfigKeys (ConfUtils.java:logGet(43)) - raft.server.log.statemachine.data.sync = true (default)
2019-07-14 06:47:03,809 INFO  server.RaftServerConfigKeys (ConfUtils.java:logGet(43)) - raft.server.log.statemachine.data.sync.timeout = 10s (default)
2019-07-14 06:47:03,809 INFO  server.RaftServerConfigKeys (ConfUtils.java:logGet(43)) - raft.server.log.statemachine.data.sync.timeout.retry = -1 (default)
2019-07-14 06:47:03,809 INFO  server.RaftServerConfigKeys (ConfUtils.java:logGet(43)) - raft.server.log.statemachine.data.caching.enabled = true (custom)
2019-07-14 06:47:03,809 INFO  segmented.SegmentedRaftLogWorker (SegmentedRaftLogWorker.java:lambda$new$0(132)) - 0e795f71-4693-48a4-a740-6be98dd7eb1c-SegmentedRaftLogWorker:Storage Directory /tmp/workdir/hadoop-ozone/integration-test/target/test-dir/MiniOzoneClusterImpl-cf69c69d-c954-44a7-bbc3-57d05d5b5054/datanode-5/data/ratis/5b60bd9a-a334-4325-aeb7-cc8fc836c6a8: flushIndex: setUnconditionally 0 -> -1
2019-07-14 06:47:03,810 INFO  server.RaftServerConfigKeys (ConfUtils.java:logGet(43)) - raft.server.snapshot.auto.trigger.enabled = true (custom)
2019-07-14 06:47:03,810 INFO  server.RaftServerConfigKeys (ConfUtils.java:logGet(43)) - raft.server.snapshot.auto.trigger.threshold = 10000 (custom)
2019-07-14 06:47:03,810 INFO  server.RaftServerConfigKeys (ConfUtils.java:logGet(43)) - raft.server.retrycache.expirytime = 600000ms (custom)
2019-07-14 06:47:03,810 INFO  impl.RaftServerImpl (RaftServerImpl.java:start(180)) - 0e795f71-4693-48a4-a740-6be98dd7eb1c: start group-CC8FC836C6A8
2019-07-14 06:47:03,811 INFO  impl.RaftServerImpl (RaftServerImpl.java:setRole(171)) - 0e795f71-4693-48a4-a740-6be98dd7eb1c:group-CC8FC836C6A8 changes role from null to FOLLOWER at term 0 for startAsFollower
2019-07-14 06:47:03,811 INFO  impl.RoleInfo (RoleInfo.java:updateAndGet(143)) - 0e795f71-4693-48a4-a740-6be98dd7eb1c: start FollowerState
2019-07-14 06:47:03,811 INFO  util.JmxRegister (JmxRegister.java:tryRegister(44)) - Successfully registered JMX Bean with object name Ratis:service=RaftServer,group=group-CC8FC836C6A8,id=0e795f71-4693-48a4-a740-6be98dd7eb1c
2019-07-14 06:47:03,814 INFO  pipeline.PipelineStateManager (PipelineStateManager.java:addPipeline(56)) - Created pipeline Pipeline[ Id: 5b60bd9a-a334-4325-aeb7-cc8fc836c6a8, Nodes: 0e795f71-4693-48a4-a740-6be98dd7eb1c{ip: 192.168.5.144, host: trunk-nightly-8c95p-1540871953, networkLocation: /default-rack, certSerialId: null}, Type:RATIS, Factor:ONE, State:OPEN]
2019-07-14 06:47:03,840 INFO  impl.RaftServerProxy (RaftServerProxy.java:addNew(89)) - 0ef29f36-e61d-45e2-ba11-8120f31623be: addNew group-AFAD72B2CA8D:[0ef29f36-e61d-45e2-ba11-8120f31623be:192.168.5.144:44326, 0e795f71-4693-48a4-a740-6be98dd7eb1c:192.168.5.144:38265, 2cabeef8-ba39-4343-a16a-5274d702a919:192.168.5.144:33338] returns group-AFAD72B2CA8D:java.util.concurrent.CompletableFuture@2036f43c[Not completed]
2019-07-14 06:47:03,840 INFO  impl.RaftServerProxy (RaftServerProxy.java:addNew(89)) - 2cabeef8-ba39-4343-a16a-5274d702a919: addNew group-AFAD72B2CA8D:[0ef29f36-e61d-45e2-ba11-8120f31623be:192.168.5.144:44326, 0e795f71-4693-48a4-a740-6be98dd7eb1c:192.168.5.144:38265, 2cabeef8-ba39-4343-a16a-5274d702a919:192.168.5.144:33338] returns group-AFAD72B2CA8D:java.util.concurrent.CompletableFuture@35924bc4[Not completed]
2019-07-14 06:47:03,848 INFO  impl.RaftServerProxy (RaftServerProxy.java:addNew(89)) - 0e795f71-4693-48a4-a740-6be98dd7eb1c: addNew group-AFAD72B2CA8D:[0ef29f36-e61d-45e2-ba11-8120f31623be:192.168.5.144:44326, 0e795f71-4693-48a4-a740-6be98dd7eb1c:192.168.5.144:38265, 2cabeef8-ba39-4343-a16a-5274d702a919:192.168.5.144:33338] returns group-AFAD72B2CA8D:java.util.concurrent.CompletableFuture@76bdd335[Not completed]
2019-07-14 06:47:03,849 INFO  impl.RaftServerImpl (RaftServerImpl.java:<init>(93)) - 0e795f71-4693-48a4-a740-6be98dd7eb1c: new RaftServerImpl for group-AFAD72B2CA8D:[0ef29f36-e61d-45e2-ba11-8120f31623be:192.168.5.144:44326, 0e795f71-4693-48a4-a740-6be98dd7eb1c:192.168.5.144:38265, 2cabeef8-ba39-4343-a16a-5274d702a919:192.168.5.144:33338] with ContainerStateMachine:uninitialized
2019-07-14 06:47:03,849 INFO  server.RaftServerConfigKeys (ConfUtils.java:logGet(43)) - raft.server.rpc.timeout.min = 5s (custom)
2019-07-14 06:47:03,849 INFO  server.RaftServerConfigKeys (ConfUtils.java:logGet(43)) - raft.server.rpc.timeout.max = 5200ms (custom)
2019-07-14 06:47:03,850 INFO  server.RaftServerConfigKeys (ConfUtils.java:logGet(43)) - raft.server.rpcslowness.timeout = 120s (custom)
2019-07-14 06:47:03,850 INFO  server.RaftServerConfigKeys (ConfUtils.java:logGet(43)) - raft.server.sleep.deviation.threshold = 300 (default)
2019-07-14 06:47:03,850 INFO  impl.RaftServerImpl (RaftServerImpl.java:<init>(93)) - 2cabeef8-ba39-4343-a16a-5274d702a919: new RaftServerImpl for group-AFAD72B2CA8D:[0ef29f36-e61d-45e2-ba11-8120f31623be:192.168.5.144:44326, 0e795f71-4693-48a4-a740-6be98dd7eb1c:192.168.5.144:38265, 2cabeef8-ba39-4343-a16a-5274d702a919:192.168.5.144:33338] with ContainerStateMachine:uninitialized
2019-07-14 06:47:03,850 INFO  server.RaftServerConfigKeys (ConfUtils.java:logGet(43)) - raft.server.log.appender.install.snapshot.enabled = false (custom)
2019-07-14 06:47:03,850 INFO  server.RaftServerConfigKeys (ConfUtils.java:logGet(43)) - raft.server.rpc.timeout.min = 5s (custom)
2019-07-14 06:47:03,850 INFO  impl.RaftServerImpl (RaftServerImpl.java:<init>(93)) - 0ef29f36-e61d-45e2-ba11-8120f31623be: new RaftServerImpl for group-AFAD72B2CA8D:[0ef29f36-e61d-45e2-ba11-8120f31623be:192.168.5.144:44326, 0e795f71-4693-48a4-a740-6be98dd7eb1c:192.168.5.144:38265, 2cabeef8-ba39-4343-a16a-5274d702a919:192.168.5.144:33338] with ContainerStateMachine:uninitialized
2019-07-14 06:47:03,850 INFO  impl.RaftServerImpl (ServerState.java:<init>(105)) - 0e795f71-4693-48a4-a740-6be98dd7eb1c:group-AFAD72B2CA8D ConfigurationManager, init=-1: [0ef29f36-e61d-45e2-ba11-8120f31623be:192.168.5.144:44326, 0e795f71-4693-48a4-a740-6be98dd7eb1c:192.168.5.144:38265, 2cabeef8-ba39-4343-a16a-5274d702a919:192.168.5.144:33338], old=null, confs=<EMPTY_MAP>
2019-07-14 06:47:03,851 INFO  server.RaftServerConfigKeys (ConfUtils.java:logGet(43)) - raft.server.rpc.timeout.min = 5s (custom)
2019-07-14 06:47:03,850 INFO  server.RaftServerConfigKeys (ConfUtils.java:logGet(43)) - raft.server.rpc.timeout.max = 5200ms (custom)
2019-07-14 06:47:03,851 INFO  server.RaftServerConfigKeys (ConfUtils.java:logGet(43)) - raft.server.rpc.timeout.max = 5200ms (custom)
2019-07-14 06:47:03,851 INFO  server.RaftServerConfigKeys (ConfUtils.java:logGet(43)) - raft.server.storage.dir = [/tmp/workdir/hadoop-ozone/integration-test/target/test-dir/MiniOzoneClusterImpl-cf69c69d-c954-44a7-bbc3-57d05d5b5054/datanode-5/data/ratis] (custom)
2019-07-14 06:47:03,851 INFO  server.RaftServerConfigKeys (ConfUtils.java:logGet(43)) - raft.server.rpcslowness.timeout = 120s (custom)
2019-07-14 06:47:03,851 INFO  server.RaftServerConfigKeys (ConfUtils.java:logGet(43)) - raft.server.sleep.deviation.threshold = 300 (default)
2019-07-14 06:47:03,851 INFO  server.RaftServerConfigKeys (ConfUtils.java:logGet(43)) - raft.server.rpcslowness.timeout = 120s (custom)
2019-07-14 06:47:03,852 INFO  storage.RaftStorageDirectory (RaftStorageDirectory.java:analyzeStorage(246)) - The storage directory /tmp/workdir/hadoop-ozone/integration-test/target/test-dir/MiniOzoneClusterImpl-cf69c69d-c954-44a7-bbc3-57d05d5b5054/datanode-5/data/ratis/235c1150-5cdd-410e-afbb-afad72b2ca8d does not exist. Creating ...
2019-07-14 06:47:03,851 INFO  server.RaftServerConfigKeys (ConfUtils.java:logGet(43)) - raft.server.log.appender.install.snapshot.enabled = false (custom)
2019-07-14 06:47:03,852 INFO  server.RaftServerConfigKeys (ConfUtils.java:logGet(43)) - raft.server.sleep.deviation.threshold = 300 (default)
2019-07-14 06:47:03,852 INFO  impl.RaftServerImpl (ServerState.java:<init>(105)) - 0ef29f36-e61d-45e2-ba11-8120f31623be:group-AFAD72B2CA8D ConfigurationManager, init=-1: [0ef29f36-e61d-45e2-ba11-8120f31623be:192.168.5.144:44326, 0e795f71-4693-48a4-a740-6be98dd7eb1c:192.168.5.144:38265, 2cabeef8-ba39-4343-a16a-5274d702a919:192.168.5.144:33338], old=null, confs=<EMPTY_MAP>
2019-07-14 06:47:03,852 INFO  server.RaftServerConfigKeys (ConfUtils.java:logGet(43)) - raft.server.log.appender.install.snapshot.enabled = false (custom)
2019-07-14 06:47:03,852 INFO  server.RaftServerConfigKeys (ConfUtils.java:logGet(43)) - raft.server.storage.dir = [/tmp/workdir/hadoop-ozone/integration-test/target/test-dir/MiniOzoneClusterImpl-cf69c69d-c954-44a7-bbc3-57d05d5b5054/datanode-3/data/ratis] (custom)
2019-07-14 06:47:03,852 INFO  impl.RaftServerImpl (ServerState.java:<init>(105)) - 2cabeef8-ba39-4343-a16a-5274d702a919:group-AFAD72B2CA8D ConfigurationManager, init=-1: [0ef29f36-e61d-45e2-ba11-8120f31623be:192.168.5.144:44326, 0e795f71-4693-48a4-a740-6be98dd7eb1c:192.168.5.144:38265, 2cabeef8-ba39-4343-a16a-5274d702a919:192.168.5.144:33338], old=null, confs=<EMPTY_MAP>
2019-07-14 06:47:03,853 INFO  server.RaftServerConfigKeys (ConfUtils.java:logGet(43)) - raft.server.storage.dir = [/tmp/workdir/hadoop-ozone/integration-test/target/test-dir/MiniOzoneClusterImpl-cf69c69d-c954-44a7-bbc3-57d05d5b5054/datanode-4/data/ratis] (custom)
2019-07-14 06:47:03,853 INFO  storage.RaftStorageDirectory (RaftStorageDirectory.java:analyzeStorage(246)) - The storage directory /tmp/workdir/hadoop-ozone/integration-test/target/test-dir/MiniOzoneClusterImpl-cf69c69d-c954-44a7-bbc3-57d05d5b5054/datanode-3/data/ratis/235c1150-5cdd-410e-afbb-afad72b2ca8d does not exist. Creating ...
2019-07-14 06:47:03,853 INFO  storage.RaftStorageDirectory (RaftStorageDirectory.java:analyzeStorage(246)) - The storage directory /tmp/workdir/hadoop-ozone/integration-test/target/test-dir/MiniOzoneClusterImpl-cf69c69d-c954-44a7-bbc3-57d05d5b5054/datanode-4/data/ratis/235c1150-5cdd-410e-afbb-afad72b2ca8d does not exist. Creating ...
2019-07-14 06:47:03,864 INFO  storage.RaftStorageDirectory (RaftStorageDirectory.java:tryLock(328)) - Lock on /tmp/workdir/hadoop-ozone/integration-test/target/test-dir/MiniOzoneClusterImpl-cf69c69d-c954-44a7-bbc3-57d05d5b5054/datanode-3/data/ratis/235c1150-5cdd-410e-afbb-afad72b2ca8d/in_use.lock acquired by nodename 28347@trunk-nightly-8c95p-1540871953
2019-07-14 06:47:03,864 INFO  storage.RaftStorageDirectory (RaftStorageDirectory.java:tryLock(328)) - Lock on /tmp/workdir/hadoop-ozone/integration-test/target/test-dir/MiniOzoneClusterImpl-cf69c69d-c954-44a7-bbc3-57d05d5b5054/datanode-4/data/ratis/235c1150-5cdd-410e-afbb-afad72b2ca8d/in_use.lock acquired by nodename 28347@trunk-nightly-8c95p-1540871953
2019-07-14 06:47:03,864 INFO  storage.RaftStorageDirectory (RaftStorageDirectory.java:tryLock(328)) - Lock on /tmp/workdir/hadoop-ozone/integration-test/target/test-dir/MiniOzoneClusterImpl-cf69c69d-c954-44a7-bbc3-57d05d5b5054/datanode-5/data/ratis/235c1150-5cdd-410e-afbb-afad72b2ca8d/in_use.lock acquired by nodename 28347@trunk-nightly-8c95p-1540871953
2019-07-14 06:47:03,870 INFO  storage.RaftStorage (RaftStorage.java:format(72)) - Storage directory /tmp/workdir/hadoop-ozone/integration-test/target/test-dir/MiniOzoneClusterImpl-cf69c69d-c954-44a7-bbc3-57d05d5b5054/datanode-4/data/ratis/235c1150-5cdd-410e-afbb-afad72b2ca8d has been successfully formatted.
2019-07-14 06:47:03,870 INFO  storage.RaftStorage (RaftStorage.java:format(72)) - Storage directory /tmp/workdir/hadoop-ozone/integration-test/target/test-dir/MiniOzoneClusterImpl-cf69c69d-c954-44a7-bbc3-57d05d5b5054/datanode-5/data/ratis/235c1150-5cdd-410e-afbb-afad72b2ca8d has been successfully formatted.
2019-07-14 06:47:03,870 INFO  storage.RaftStorage (RaftStorage.java:format(72)) - Storage directory /tmp/workdir/hadoop-ozone/integration-test/target/test-dir/MiniOzoneClusterImpl-cf69c69d-c954-44a7-bbc3-57d05d5b5054/datanode-3/data/ratis/235c1150-5cdd-410e-afbb-afad72b2ca8d has been successfully formatted.
2019-07-14 06:47:03,870 INFO  ratis.ContainerStateMachine (ContainerStateMachine.java:loadSnapshot(200)) - group-AFAD72B2CA8D: The snapshot info is null. Setting the last applied indexto:(t:0, i:~)
2019-07-14 06:47:03,871 INFO  ratis.ContainerStateMachine (ContainerStateMachine.java:loadSnapshot(200)) - group-AFAD72B2CA8D: The snapshot info is null. Setting the last applied indexto:(t:0, i:~)
2019-07-14 06:47:03,870 INFO  ratis.ContainerStateMachine (ContainerStateMachine.java:loadSnapshot(200)) - group-AFAD72B2CA8D: The snapshot info is null. Setting the last applied indexto:(t:0, i:~)
2019-07-14 06:47:03,871 INFO  server.RaftServerConfigKeys (ConfUtils.java:logGet(43)) - raft.server.leader.election.timeout = 120s (custom)
2019-07-14 06:47:03,871 INFO  server.RaftServerConfigKeys (ConfUtils.java:logGet(43)) - raft.server.leader.election.timeout = 120s (custom)
2019-07-14 06:47:03,871 INFO  server.RaftServerConfigKeys (ConfUtils.java:logGet(43)) - raft.server.log.use.memory = false (default)
2019-07-14 06:47:03,871 INFO  server.RaftServerConfigKeys (ConfUtils.java:logGet(43)) - raft.server.leader.election.timeout = 120s (custom)
2019-07-14 06:47:03,871 INFO  server.RaftServerConfigKeys (ConfUtils.java:logGet(43)) - raft.server.log.purge.gap = 1000000000 (custom)
2019-07-14 06:47:03,871 INFO  server.RaftServerConfigKeys (ConfUtils.java:logGet(43)) - raft.server.log.use.memory = false (default)
2019-07-14 06:47:03,871 INFO  server.RaftServerConfigKeys (ConfUtils.java:logGet(43)) - raft.server.log.appender.buffer.byte-limit = 33554432 (custom)
2019-07-14 06:47:03,871 INFO  server.RaftServerConfigKeys (ConfUtils.java:logGet(43)) - raft.server.log.use.memory = false (default)
2019-07-14 06:47:03,872 INFO  server.RaftServerConfigKeys (ConfUtils.java:logGet(43)) - raft.server.log.segment.size.max = 1048576 (custom)
2019-07-14 06:47:03,872 INFO  server.RaftServerConfigKeys (ConfUtils.java:logGet(43)) - raft.server.log.purge.gap = 1000000000 (custom)
2019-07-14 06:47:03,872 INFO  server.RaftServerConfigKeys (ConfUtils.java:logGet(43)) - raft.server.log.segment.cache.num.max = 2 (custom)
2019-07-14 06:47:03,872 INFO  server.RaftServerConfigKeys (ConfUtils.java:logGet(43)) - raft.server.log.purge.gap = 1000000000 (custom)
2019-07-14 06:47:03,872 INFO  segmented.SegmentedRaftLogWorker (SegmentedRaftLogWorker.java:<init>(172)) - new 0ef29f36-e61d-45e2-ba11-8120f31623be-SegmentedRaftLogWorker:Storage Directory /tmp/workdir/hadoop-ozone/integration-test/target/test-dir/MiniOzoneClusterImpl-cf69c69d-c954-44a7-bbc3-57d05d5b5054/datanode-3/data/ratis/235c1150-5cdd-410e-afbb-afad72b2ca8d for RaftStorage:Storage Directory /tmp/workdir/hadoop-ozone/integration-test/target/test-dir/MiniOzoneClusterImpl-cf69c69d-c954-44a7-bbc3-57d05d5b5054/datanode-3/data/ratis/235c1150-5cdd-410e-afbb-afad72b2ca8d
2019-07-14 06:47:03,872 INFO  server.RaftServerConfigKeys (ConfUtils.java:logGet(43)) - raft.server.log.appender.buffer.byte-limit = 33554432 (custom)
2019-07-14 06:47:03,872 INFO  server.RaftServerConfigKeys (ConfUtils.java:logGet(43)) - raft.server.log.queue.byte-limit = 2147483647 (custom)
2019-07-14 06:47:03,872 INFO  server.RaftServerConfigKeys (ConfUtils.java:logGet(43)) - raft.server.log.appender.buffer.byte-limit = 33554432 (custom)
2019-07-14 06:47:03,873 INFO  server.RaftServerConfigKeys (ConfUtils.java:logGet(43)) - raft.server.log.queue.element-limit = 1024 (custom)
2019-07-14 06:47:03,872 INFO  server.RaftServerConfigKeys (ConfUtils.java:logGet(43)) - raft.server.log.segment.size.max = 1048576 (custom)
2019-07-14 06:47:03,873 INFO  server.RaftServerConfigKeys (ConfUtils.java:logGet(43)) - raft.server.log.segment.size.max = 1048576 (custom)
2019-07-14 06:47:03,873 INFO  server.RaftServerConfigKeys (ConfUtils.java:logGet(43)) - raft.server.log.segment.size.max = 1048576 (custom)
2019-07-14 06:47:03,873 INFO  server.RaftServerConfigKeys (ConfUtils.java:logGet(43)) - raft.server.log.preallocated.size = 16384 (custom)
2019-07-14 06:47:03,873 INFO  server.RaftServerConfigKeys (ConfUtils.java:logGet(43)) - raft.server.log.segment.cache.num.max = 2 (custom)
2019-07-14 06:47:03,873 INFO  server.RaftServerConfigKeys (ConfUtils.java:logGet(43)) - raft.server.log.write.buffer.size = 33554432 (custom)
2019-07-14 06:47:03,873 INFO  server.RaftServerConfigKeys (ConfUtils.java:logGet(43)) - raft.server.log.segment.cache.num.max = 2 (custom)
2019-07-14 06:47:03,873 INFO  server.RaftServerConfigKeys (ConfUtils.java:logGet(43)) - raft.server.log.force.sync.num = 128 (default)
2019-07-14 06:47:03,873 INFO  segmented.SegmentedRaftLogWorker (SegmentedRaftLogWorker.java:<init>(172)) - new 0e795f71-4693-48a4-a740-6be98dd7eb1c-SegmentedRaftLogWorker:Storage Directory /tmp/workdir/hadoop-ozone/integration-test/target/test-dir/MiniOzoneClusterImpl-cf69c69d-c954-44a7-bbc3-57d05d5b5054/datanode-5/data/ratis/235c1150-5cdd-410e-afbb-afad72b2ca8d for RaftStorage:Storage Directory /tmp/workdir/hadoop-ozone/integration-test/target/test-dir/MiniOzoneClusterImpl-cf69c69d-c954-44a7-bbc3-57d05d5b5054/datanode-5/data/ratis/235c1150-5cdd-410e-afbb-afad72b2ca8d
2019-07-14 06:47:03,874 INFO  server.RaftServerConfigKeys (ConfUtils.java:logGet(43)) - raft.server.log.statemachine.data.sync = true (default)
2019-07-14 06:47:03,874 INFO  segmented.SegmentedRaftLogWorker (SegmentedRaftLogWorker.java:<init>(172)) - new 2cabeef8-ba39-4343-a16a-5274d702a919-SegmentedRaftLogWorker:Storage Directory /tmp/workdir/hadoop-ozone/integration-test/target/test-dir/MiniOzoneClusterImpl-cf69c69d-c954-44a7-bbc3-57d05d5b5054/datanode-4/data/ratis/235c1150-5cdd-410e-afbb-afad72b2ca8d for RaftStorage:Storage Directory /tmp/workdir/hadoop-ozone/integration-test/target/test-dir/MiniOzoneClusterImpl-cf69c69d-c954-44a7-bbc3-57d05d5b5054/datanode-4/data/ratis/235c1150-5cdd-410e-afbb-afad72b2ca8d
2019-07-14 06:47:03,874 INFO  server.RaftServerConfigKeys (ConfUtils.java:logGet(43)) - raft.server.log.statemachine.data.sync.timeout = 10s (default)
2019-07-14 06:47:03,874 INFO  server.RaftServerConfigKeys (ConfUtils.java:logGet(43)) - raft.server.log.queue.byte-limit = 2147483647 (custom)
2019-07-14 06:47:03,874 INFO  server.RaftServerConfigKeys (ConfUtils.java:logGet(43)) - raft.server.log.statemachine.data.sync.timeout.retry = -1 (default)
2019-07-14 06:47:03,874 INFO  server.RaftServerConfigKeys (ConfUtils.java:logGet(43)) - raft.server.log.queue.byte-limit = 2147483647 (custom)
2019-07-14 06:47:03,874 INFO  server.RaftServerConfigKeys (ConfUtils.java:logGet(43)) - raft.server.log.statemachine.data.caching.enabled = true (custom)
2019-07-14 06:47:03,874 INFO  server.RaftServerConfigKeys (ConfUtils.java:logGet(43)) - raft.server.log.queue.element-limit = 1024 (custom)
2019-07-14 06:47:03,874 INFO  server.RaftServerConfigKeys (ConfUtils.java:logGet(43)) - raft.server.log.queue.element-limit = 1024 (custom)
2019-07-14 06:47:03,875 INFO  segmented.SegmentedRaftLogWorker (SegmentedRaftLogWorker.java:lambda$new$0(132)) - 0ef29f36-e61d-45e2-ba11-8120f31623be-SegmentedRaftLogWorker:Storage Directory /tmp/workdir/hadoop-ozone/integration-test/target/test-dir/MiniOzoneClusterImpl-cf69c69d-c954-44a7-bbc3-57d05d5b5054/datanode-3/data/ratis/235c1150-5cdd-410e-afbb-afad72b2ca8d: flushIndex: setUnconditionally 0 -> -1
2019-07-14 06:47:03,875 INFO  server.RaftServerConfigKeys (ConfUtils.java:logGet(43)) - raft.server.log.segment.size.max = 1048576 (custom)
2019-07-14 06:47:03,875 INFO  server.RaftServerConfigKeys (ConfUtils.java:logGet(43)) - raft.server.log.segment.size.max = 1048576 (custom)
2019-07-14 06:47:03,875 INFO  server.RaftServerConfigKeys (ConfUtils.java:logGet(43)) - raft.server.snapshot.auto.trigger.enabled = true (custom)
2019-07-14 06:47:03,875 INFO  server.RaftServerConfigKeys (ConfUtils.java:logGet(43)) - raft.server.log.preallocated.size = 16384 (custom)
2019-07-14 06:47:03,875 INFO  server.RaftServerConfigKeys (ConfUtils.java:logGet(43)) - raft.server.snapshot.auto.trigger.threshold = 10000 (custom)
2019-07-14 06:47:03,875 INFO  server.RaftServerConfigKeys (ConfUtils.java:logGet(43)) - raft.server.log.preallocated.size = 16384 (custom)
2019-07-14 06:47:03,876 INFO  server.RaftServerConfigKeys (ConfUtils.java:logGet(43)) - raft.server.retrycache.expirytime = 600000ms (custom)
2019-07-14 06:47:03,875 INFO  server.RaftServerConfigKeys (ConfUtils.java:logGet(43)) - raft.server.log.write.buffer.size = 33554432 (custom)
2019-07-14 06:47:03,876 INFO  impl.RaftServerImpl (RaftServerImpl.java:start(180)) - 0ef29f36-e61d-45e2-ba11-8120f31623be: start group-AFAD72B2CA8D
2019-07-14 06:47:03,876 INFO  server.RaftServerConfigKeys (ConfUtils.java:logGet(43)) - raft.server.log.write.buffer.size = 33554432 (custom)
2019-07-14 06:47:03,876 INFO  impl.RaftServerImpl (RaftServerImpl.java:setRole(171)) - 0ef29f36-e61d-45e2-ba11-8120f31623be:group-AFAD72B2CA8D changes role from null to FOLLOWER at term 0 for startAsFollower
2019-07-14 06:47:03,876 INFO  server.RaftServerConfigKeys (ConfUtils.java:logGet(43)) - raft.server.log.force.sync.num = 128 (default)
2019-07-14 06:47:03,876 INFO  impl.RoleInfo (RoleInfo.java:updateAndGet(143)) - 0ef29f36-e61d-45e2-ba11-8120f31623be: start FollowerState
2019-07-14 06:47:03,876 INFO  server.RaftServerConfigKeys (ConfUtils.java:logGet(43)) - raft.server.log.force.sync.num = 128 (default)
2019-07-14 06:47:03,876 INFO  server.RaftServerConfigKeys (ConfUtils.java:logGet(43)) - raft.server.log.statemachine.data.sync = true (default)
2019-07-14 06:47:03,877 INFO  server.RaftServerConfigKeys (ConfUtils.java:logGet(43)) - raft.server.log.statemachine.data.sync = true (default)
2019-07-14 06:47:03,877 INFO  server.RaftServerConfigKeys (ConfUtils.java:logGet(43)) - raft.server.log.statemachine.data.sync.timeout = 10s (default)
2019-07-14 06:47:03,877 INFO  util.JmxRegister (JmxRegister.java:tryRegister(44)) - Successfully registered JMX Bean with object name Ratis:service=RaftServer,group=group-AFAD72B2CA8D,id=0ef29f36-e61d-45e2-ba11-8120f31623be
2019-07-14 06:47:03,877 INFO  server.RaftServerConfigKeys (ConfUtils.java:logGet(43)) - raft.server.log.statemachine.data.sync.timeout.retry = -1 (default)
2019-07-14 06:47:03,877 INFO  server.RaftServerConfigKeys (ConfUtils.java:logGet(43)) - raft.server.log.statemachine.data.sync.timeout = 10s (default)
2019-07-14 06:47:03,877 INFO  server.RaftServerConfigKeys (ConfUtils.java:logGet(43)) - raft.server.log.statemachine.data.caching.enabled = true (custom)
2019-07-14 06:47:03,877 INFO  server.RaftServerConfigKeys (ConfUtils.java:logGet(43)) - raft.server.log.statemachine.data.sync.timeout.retry = -1 (default)
2019-07-14 06:47:03,878 INFO  segmented.SegmentedRaftLogWorker (SegmentedRaftLogWorker.java:lambda$new$0(132)) - 0e795f71-4693-48a4-a740-6be98dd7eb1c-SegmentedRaftLogWorker:Storage Directory /tmp/workdir/hadoop-ozone/integration-test/target/test-dir/MiniOzoneClusterImpl-cf69c69d-c954-44a7-bbc3-57d05d5b5054/datanode-5/data/ratis/235c1150-5cdd-410e-afbb-afad72b2ca8d: flushIndex: setUnconditionally 0 -> -1
2019-07-14 06:47:03,878 INFO  server.RaftServerConfigKeys (ConfUtils.java:logGet(43)) - raft.server.log.statemachine.data.caching.enabled = true (custom)
2019-07-14 06:47:03,878 INFO  server.RaftServerConfigKeys (ConfUtils.java:logGet(43)) - raft.server.snapshot.auto.trigger.enabled = true (custom)
2019-07-14 06:47:03,878 INFO  server.RaftServerConfigKeys (ConfUtils.java:logGet(43)) - raft.server.snapshot.auto.trigger.threshold = 10000 (custom)
2019-07-14 06:47:03,878 INFO  segmented.SegmentedRaftLogWorker (SegmentedRaftLogWorker.java:lambda$new$0(132)) - 2cabeef8-ba39-4343-a16a-5274d702a919-SegmentedRaftLogWorker:Storage Directory /tmp/workdir/hadoop-ozone/integration-test/target/test-dir/MiniOzoneClusterImpl-cf69c69d-c954-44a7-bbc3-57d05d5b5054/datanode-4/data/ratis/235c1150-5cdd-410e-afbb-afad72b2ca8d: flushIndex: setUnconditionally 0 -> -1
2019-07-14 06:47:03,878 INFO  server.RaftServerConfigKeys (ConfUtils.java:logGet(43)) - raft.server.retrycache.expirytime = 600000ms (custom)
2019-07-14 06:47:03,879 INFO  impl.RaftServerImpl (RaftServerImpl.java:start(180)) - 0e795f71-4693-48a4-a740-6be98dd7eb1c: start group-AFAD72B2CA8D
2019-07-14 06:47:03,879 INFO  server.RaftServerConfigKeys (ConfUtils.java:logGet(43)) - raft.server.snapshot.auto.trigger.enabled = true (custom)
2019-07-14 06:47:03,879 INFO  impl.RaftServerImpl (RaftServerImpl.java:setRole(171)) - 0e795f71-4693-48a4-a740-6be98dd7eb1c:group-AFAD72B2CA8D changes role from null to FOLLOWER at term 0 for startAsFollower
2019-07-14 06:47:03,879 INFO  server.RaftServerConfigKeys (ConfUtils.java:logGet(43)) - raft.server.snapshot.auto.trigger.threshold = 10000 (custom)
2019-07-14 06:47:03,879 INFO  impl.RoleInfo (RoleInfo.java:updateAndGet(143)) - 0e795f71-4693-48a4-a740-6be98dd7eb1c: start FollowerState
2019-07-14 06:47:03,879 INFO  server.RaftServerConfigKeys (ConfUtils.java:logGet(43)) - raft.server.retrycache.expirytime = 600000ms (custom)
2019-07-14 06:47:03,879 INFO  impl.RaftServerImpl (RaftServerImpl.java:start(180)) - 2cabeef8-ba39-4343-a16a-5274d702a919: start group-AFAD72B2CA8D
2019-07-14 06:47:03,879 INFO  util.JmxRegister (JmxRegister.java:tryRegister(44)) - Successfully registered JMX Bean with object name Ratis:service=RaftServer,group=group-AFAD72B2CA8D,id=0e795f71-4693-48a4-a740-6be98dd7eb1c
2019-07-14 06:47:03,879 INFO  impl.RaftServerImpl (RaftServerImpl.java:setRole(171)) - 2cabeef8-ba39-4343-a16a-5274d702a919:group-AFAD72B2CA8D changes role from null to FOLLOWER at term 0 for startAsFollower
2019-07-14 06:47:03,880 INFO  impl.RoleInfo (RoleInfo.java:updateAndGet(143)) - 2cabeef8-ba39-4343-a16a-5274d702a919: start FollowerState
2019-07-14 06:47:03,880 INFO  util.JmxRegister (JmxRegister.java:tryRegister(44)) - Successfully registered JMX Bean with object name Ratis:service=RaftServer,group=group-AFAD72B2CA8D,id=2cabeef8-ba39-4343-a16a-5274d702a919
2019-07-14 06:47:03,882 INFO  pipeline.PipelineStateManager (PipelineStateManager.java:addPipeline(56)) - Created pipeline Pipeline[ Id: 235c1150-5cdd-410e-afbb-afad72b2ca8d, Nodes: 0ef29f36-e61d-45e2-ba11-8120f31623be{ip: 192.168.5.144, host: trunk-nightly-8c95p-1540871953, networkLocation: /default-rack, certSerialId: null}2cabeef8-ba39-4343-a16a-5274d702a919{ip: 192.168.5.144, host: trunk-nightly-8c95p-1540871953, networkLocation: /default-rack, certSerialId: null}0e795f71-4693-48a4-a740-6be98dd7eb1c{ip: 192.168.5.144, host: trunk-nightly-8c95p-1540871953, networkLocation: /default-rack, certSerialId: null}, Type:RATIS, Factor:THREE, State:OPEN]
2019-07-14 06:47:03,976 INFO  ozone.MiniOzoneClusterImpl (MiniOzoneClusterImpl.java:lambda$waitForClusterToBeReady$0(142)) - Waiting for cluster to be ready. Got 6 of 7 DN Heartbeats.
2019-07-14 06:47:03,977 INFO  node.SCMNodeManager (SCMNodeManager.java:register(269)) - Registered Data node : b50e17b9-e03b-4f33-bf1a-8a7e762bbef4{ip: 192.168.5.144, host: trunk-nightly-8c95p-1540871953, networkLocation: /default-rack, certSerialId: null}
2019-07-14 06:47:03,993 INFO  impl.RaftServerProxy (RaftServerProxy.java:addNew(89)) - b50e17b9-e03b-4f33-bf1a-8a7e762bbef4: addNew group-2855438921DA:[b50e17b9-e03b-4f33-bf1a-8a7e762bbef4:192.168.5.144:46520] returns group-2855438921DA:java.util.concurrent.CompletableFuture@2f6df9c9[Not completed]
2019-07-14 06:47:03,994 INFO  impl.RaftServerImpl (RaftServerImpl.java:<init>(93)) - b50e17b9-e03b-4f33-bf1a-8a7e762bbef4: new RaftServerImpl for group-2855438921DA:[b50e17b9-e03b-4f33-bf1a-8a7e762bbef4:192.168.5.144:46520] with ContainerStateMachine:uninitialized
2019-07-14 06:47:03,995 INFO  server.RaftServerConfigKeys (ConfUtils.java:logGet(43)) - raft.server.rpc.timeout.min = 5s (custom)
2019-07-14 06:47:03,995 INFO  server.RaftServerConfigKeys (ConfUtils.java:logGet(43)) - raft.server.rpc.timeout.max = 5200ms (custom)
2019-07-14 06:47:03,995 INFO  server.RaftServerConfigKeys (ConfUtils.java:logGet(43)) - raft.server.rpcslowness.timeout = 120s (custom)
2019-07-14 06:47:03,995 INFO  server.RaftServerConfigKeys (ConfUtils.java:logGet(43)) - raft.server.sleep.deviation.threshold = 300 (default)
2019-07-14 06:47:03,995 INFO  server.RaftServerConfigKeys (ConfUtils.java:logGet(43)) - raft.server.log.appender.install.snapshot.enabled = false (custom)
2019-07-14 06:47:03,995 INFO  impl.RaftServerImpl (ServerState.java:<init>(105)) - b50e17b9-e03b-4f33-bf1a-8a7e762bbef4:group-2855438921DA ConfigurationManager, init=-1: [b50e17b9-e03b-4f33-bf1a-8a7e762bbef4:192.168.5.144:46520], old=null, confs=<EMPTY_MAP>
2019-07-14 06:47:03,996 INFO  server.RaftServerConfigKeys (ConfUtils.java:logGet(43)) - raft.server.storage.dir = [/tmp/workdir/hadoop-ozone/integration-test/target/test-dir/MiniOzoneClusterImpl-cf69c69d-c954-44a7-bbc3-57d05d5b5054/datanode-6/data/ratis] (custom)
2019-07-14 06:47:03,996 INFO  storage.RaftStorageDirectory (RaftStorageDirectory.java:analyzeStorage(246)) - The storage directory /tmp/workdir/hadoop-ozone/integration-test/target/test-dir/MiniOzoneClusterImpl-cf69c69d-c954-44a7-bbc3-57d05d5b5054/datanode-6/data/ratis/21aa74ff-9c16-4ec1-8174-2855438921da does not exist. Creating ...
2019-07-14 06:47:04,007 INFO  storage.RaftStorageDirectory (RaftStorageDirectory.java:tryLock(328)) - Lock on /tmp/workdir/hadoop-ozone/integration-test/target/test-dir/MiniOzoneClusterImpl-cf69c69d-c954-44a7-bbc3-57d05d5b5054/datanode-6/data/ratis/21aa74ff-9c16-4ec1-8174-2855438921da/in_use.lock acquired by nodename 28347@trunk-nightly-8c95p-1540871953
2019-07-14 06:47:04,019 INFO  storage.RaftStorage (RaftStorage.java:format(72)) - Storage directory /tmp/workdir/hadoop-ozone/integration-test/target/test-dir/MiniOzoneClusterImpl-cf69c69d-c954-44a7-bbc3-57d05d5b5054/datanode-6/data/ratis/21aa74ff-9c16-4ec1-8174-2855438921da has been successfully formatted.
2019-07-14 06:47:04,019 INFO  ratis.ContainerStateMachine (ContainerStateMachine.java:loadSnapshot(200)) - group-2855438921DA: The snapshot info is null. Setting the last applied indexto:(t:0, i:~)
2019-07-14 06:47:04,019 INFO  server.RaftServerConfigKeys (ConfUtils.java:logGet(43)) - raft.server.leader.election.timeout = 120s (custom)
2019-07-14 06:47:04,019 INFO  server.RaftServerConfigKeys (ConfUtils.java:logGet(43)) - raft.server.log.use.memory = false (default)
2019-07-14 06:47:04,019 INFO  server.RaftServerConfigKeys (ConfUtils.java:logGet(43)) - raft.server.log.purge.gap = 1000000000 (custom)
2019-07-14 06:47:04,019 INFO  server.RaftServerConfigKeys (ConfUtils.java:logGet(43)) - raft.server.log.appender.buffer.byte-limit = 33554432 (custom)
2019-07-14 06:47:04,020 INFO  server.RaftServerConfigKeys (ConfUtils.java:logGet(43)) - raft.server.log.segment.size.max = 1048576 (custom)
2019-07-14 06:47:04,020 INFO  server.RaftServerConfigKeys (ConfUtils.java:logGet(43)) - raft.server.log.segment.cache.num.max = 2 (custom)
2019-07-14 06:47:04,020 INFO  segmented.SegmentedRaftLogWorker (SegmentedRaftLogWorker.java:<init>(172)) - new b50e17b9-e03b-4f33-bf1a-8a7e762bbef4-SegmentedRaftLogWorker:Storage Directory /tmp/workdir/hadoop-ozone/integration-test/target/test-dir/MiniOzoneClusterImpl-cf69c69d-c954-44a7-bbc3-57d05d5b5054/datanode-6/data/ratis/21aa74ff-9c16-4ec1-8174-2855438921da for RaftStorage:Storage Directory /tmp/workdir/hadoop-ozone/integration-test/target/test-dir/MiniOzoneClusterImpl-cf69c69d-c954-44a7-bbc3-57d05d5b5054/datanode-6/data/ratis/21aa74ff-9c16-4ec1-8174-2855438921da
2019-07-14 06:47:04,020 INFO  server.RaftServerConfigKeys (ConfUtils.java:logGet(43)) - raft.server.log.queue.byte-limit = 2147483647 (custom)
2019-07-14 06:47:04,020 INFO  server.RaftServerConfigKeys (ConfUtils.java:logGet(43)) - raft.server.log.queue.element-limit = 1024 (custom)
2019-07-14 06:47:04,020 INFO  server.RaftServerConfigKeys (ConfUtils.java:logGet(43)) - raft.server.log.segment.size.max = 1048576 (custom)
2019-07-14 06:47:04,021 INFO  server.RaftServerConfigKeys (ConfUtils.java:logGet(43)) - raft.server.log.preallocated.size = 16384 (custom)
2019-07-14 06:47:04,021 INFO  server.RaftServerConfigKeys (ConfUtils.java:logGet(43)) - raft.server.log.write.buffer.size = 33554432 (custom)
2019-07-14 06:47:04,021 INFO  server.RaftServerConfigKeys (ConfUtils.java:logGet(43)) - raft.server.log.force.sync.num = 128 (default)
2019-07-14 06:47:04,021 INFO  server.RaftServerConfigKeys (ConfUtils.java:logGet(43)) - raft.server.log.statemachine.data.sync = true (default)
2019-07-14 06:47:04,021 INFO  server.RaftServerConfigKeys (ConfUtils.java:logGet(43)) - raft.server.log.statemachine.data.sync.timeout = 10s (default)
2019-07-14 06:47:04,021 INFO  server.RaftServerConfigKeys (ConfUtils.java:logGet(43)) - raft.server.log.statemachine.data.sync.timeout.retry = -1 (default)
2019-07-14 06:47:04,022 INFO  server.RaftServerConfigKeys (ConfUtils.java:logGet(43)) - raft.server.log.statemachine.data.caching.enabled = true (custom)
2019-07-14 06:47:04,022 INFO  segmented.SegmentedRaftLogWorker (SegmentedRaftLogWorker.java:lambda$new$0(132)) - b50e17b9-e03b-4f33-bf1a-8a7e762bbef4-SegmentedRaftLogWorker:Storage Directory /tmp/workdir/hadoop-ozone/integration-test/target/test-dir/MiniOzoneClusterImpl-cf69c69d-c954-44a7-bbc3-57d05d5b5054/datanode-6/data/ratis/21aa74ff-9c16-4ec1-8174-2855438921da: flushIndex: setUnconditionally 0 -> -1
2019-07-14 06:47:04,022 INFO  server.RaftServerConfigKeys (ConfUtils.java:logGet(43)) - raft.server.snapshot.auto.trigger.enabled = true (custom)
2019-07-14 06:47:04,022 INFO  server.RaftServerConfigKeys (ConfUtils.java:logGet(43)) - raft.server.snapshot.auto.trigger.threshold = 10000 (custom)
2019-07-14 06:47:04,023 INFO  server.RaftServerConfigKeys (ConfUtils.java:logGet(43)) - raft.server.retrycache.expirytime = 600000ms (custom)
2019-07-14 06:47:04,023 INFO  impl.RaftServerImpl (RaftServerImpl.java:start(180)) - b50e17b9-e03b-4f33-bf1a-8a7e762bbef4: start group-2855438921DA
2019-07-14 06:47:04,023 INFO  impl.RaftServerImpl (RaftServerImpl.java:setRole(171)) - b50e17b9-e03b-4f33-bf1a-8a7e762bbef4:group-2855438921DA changes role from null to FOLLOWER at term 0 for startAsFollower
2019-07-14 06:47:04,023 INFO  impl.RoleInfo (RoleInfo.java:updateAndGet(143)) - b50e17b9-e03b-4f33-bf1a-8a7e762bbef4: start FollowerState
2019-07-14 06:47:04,023 INFO  util.JmxRegister (JmxRegister.java:tryRegister(44)) - Successfully registered JMX Bean with object name Ratis:service=RaftServer,group=group-2855438921DA,id=b50e17b9-e03b-4f33-bf1a-8a7e762bbef4
2019-07-14 06:47:04,026 INFO  pipeline.PipelineStateManager (PipelineStateManager.java:addPipeline(56)) - Created pipeline Pipeline[ Id: 21aa74ff-9c16-4ec1-8174-2855438921da, Nodes: b50e17b9-e03b-4f33-bf1a-8a7e762bbef4{ip: 192.168.5.144, host: trunk-nightly-8c95p-1540871953, networkLocation: /default-rack, certSerialId: null}, Type:RATIS, Factor:ONE, State:OPEN]
2019-07-14 06:47:04,772 WARN  server.GrpcLogAppender (LogUtils.java:warn(134)) - 5fa73f57-633f-4a9e-be98-152ac70662dd->0600c2b4-e1a3-427a-9fdb-084c61ff69c5: Failed appendEntries: org.apache.ratis.thirdparty.io.grpc.StatusRuntimeException: UNAVAILABLE: io exception
2019-07-14 06:47:04,781 INFO  impl.FollowerInfo (FollowerInfo.java:lambda$new$0(50)) - 5fa73f57-633f-4a9e-be98-152ac70662dd->0600c2b4-e1a3-427a-9fdb-084c61ff69c5: nextIndex: updateUnconditionally 0 -> 0
2019-07-14 06:47:04,791 WARN  server.GrpcLogAppender (LogUtils.java:warn(134)) - 5fa73f57-633f-4a9e-be98-152ac70662dd->d1bc6e12-59df-498f-9de7-253310cec742: Failed appendEntries: org.apache.ratis.thirdparty.io.grpc.StatusRuntimeException: UNAVAILABLE: io exception
2019-07-14 06:47:04,798 INFO  impl.FollowerInfo (FollowerInfo.java:lambda$new$0(50)) - 5fa73f57-633f-4a9e-be98-152ac70662dd->d1bc6e12-59df-498f-9de7-253310cec742: nextIndex: updateUnconditionally 0 -> 0
2019-07-14 06:47:04,977 INFO  ozone.MiniOzoneClusterImpl (MiniOzoneClusterImpl.java:lambda$waitForClusterToBeReady$0(142)) - Cluster is ready. Got 7 of 7 DN Heartbeats.
2019-07-14 06:47:05,033 INFO  rpc.RpcClient (RpcClient.java:createVolume(287)) - Creating Volume: watchforcommithandlingtest, with jenkins1000 as owner.
2019-07-14 06:47:05,057 INFO  rpc.RpcClient (RpcClient.java:createBucket(424)) - Creating Bucket: watchforcommithandlingtest/watchforcommithandlingtest, with Versioning false and Storage Type set to DISK and Encryption set to false 
2019-07-14 06:47:05,063 INFO  ozone.MiniOzoneClusterImpl (MiniOzoneClusterImpl.java:getStorageContainerLocationClient(241)) - Creating StorageContainerLocationProtocol RPC client with address /0.0.0.0:43651
2019-07-14 06:47:05,090 INFO  client.GrpcClientProtocolClient (GrpcClientProtocolClient.java:onNext(255)) - client-4E980CA219F6->2fef8973-174d-48d8-963e-54cf9187de8a: receive RaftClientReply:client-4E980CA219F6->2fef8973-174d-48d8-963e-54cf9187de8a@group-4DD2A119F062, cid=53, FAILED org.apache.ratis.protocol.NotLeaderException: Server 2fef8973-174d-48d8-963e-54cf9187de8a is not the leader (null). Request must be sent to leader., logIndex=0, commits[2fef8973-174d-48d8-963e-54cf9187de8a:c-1]
2019-07-14 06:47:05,574 INFO  container.ReplicationManager (ReplicationManager.java:start(155)) - Starting Replication Monitor Thread.
2019-07-14 06:47:05,582 INFO  container.ReplicationManager (ReplicationManager.java:run(207)) - Replication Monitor Thread took 0 milliseconds for processing 1 containers.
2019-07-14 06:47:06,137 INFO  client.GrpcClientProtocolClient (GrpcClientProtocolClient.java:onNext(255)) - client-4E980CA219F6->a1305044-e17b-4b59-833a-89d8bcd36db1: receive RaftClientReply:client-4E980CA219F6->a1305044-e17b-4b59-833a-89d8bcd36db1@group-4DD2A119F062, cid=53, FAILED org.apache.ratis.protocol.NotLeaderException: Server a1305044-e17b-4b59-833a-89d8bcd36db1 is not the leader (null). Request must be sent to leader., logIndex=0, commits[a1305044-e17b-4b59-833a-89d8bcd36db1:c-1]
2019-07-14 06:47:07,169 INFO  client.GrpcClientProtocolClient (GrpcClientProtocolClient.java:onNext(255)) - client-4E980CA219F6->2fef8973-174d-48d8-963e-54cf9187de8a: receive RaftClientReply:client-4E980CA219F6->2fef8973-174d-48d8-963e-54cf9187de8a@group-4DD2A119F062, cid=53, FAILED org.apache.ratis.protocol.NotLeaderException: Server 2fef8973-174d-48d8-963e-54cf9187de8a is not the leader (null). Request must be sent to leader., logIndex=0, commits[2fef8973-174d-48d8-963e-54cf9187de8a:c-1]
2019-07-14 06:47:07,273 WARN  server.GrpcLogAppender (LogUtils.java:warn(134)) - 5fa73f57-633f-4a9e-be98-152ac70662dd->0600c2b4-e1a3-427a-9fdb-084c61ff69c5: Failed appendEntries: org.apache.ratis.thirdparty.io.grpc.StatusRuntimeException: UNAVAILABLE: io exception
2019-07-14 06:47:07,282 INFO  impl.FollowerInfo (FollowerInfo.java:lambda$new$0(50)) - 5fa73f57-633f-4a9e-be98-152ac70662dd->0600c2b4-e1a3-427a-9fdb-084c61ff69c5: nextIndex: updateUnconditionally 0 -> 0
2019-07-14 06:47:07,292 WARN  server.GrpcLogAppender (LogUtils.java:warn(134)) - 5fa73f57-633f-4a9e-be98-152ac70662dd->d1bc6e12-59df-498f-9de7-253310cec742: Failed appendEntries: org.apache.ratis.thirdparty.io.grpc.StatusRuntimeException: UNAVAILABLE: io exception
2019-07-14 06:47:07,299 INFO  impl.FollowerInfo (FollowerInfo.java:lambda$new$0(50)) - 5fa73f57-633f-4a9e-be98-152ac70662dd->d1bc6e12-59df-498f-9de7-253310cec742: nextIndex: updateUnconditionally 0 -> 0
2019-07-14 06:47:07,808 INFO  impl.FollowerState (FollowerState.java:run(106)) - 3241ab05-47cd-4c48-9fea-5ddbdbaeef39:group-50786D84446C changes to CANDIDATE, lastRpcTime:5195, electionTimeout:5195ms
2019-07-14 06:47:07,808 INFO  impl.RoleInfo (RoleInfo.java:shutdownFollowerState(121)) - 3241ab05-47cd-4c48-9fea-5ddbdbaeef39: shutdown FollowerState
2019-07-14 06:47:07,808 INFO  impl.RaftServerImpl (RaftServerImpl.java:setRole(171)) - 3241ab05-47cd-4c48-9fea-5ddbdbaeef39:group-50786D84446C changes role from FOLLOWER to CANDIDATE at term 0 for changeToCandidate
2019-07-14 06:47:07,808 INFO  impl.RoleInfo (RoleInfo.java:updateAndGet(143)) - 3241ab05-47cd-4c48-9fea-5ddbdbaeef39: start LeaderElection
2019-07-14 06:47:07,847 INFO  impl.LeaderElection (LeaderElection.java:askForVotes(181)) - 3241ab05-47cd-4c48-9fea-5ddbdbaeef39:group-50786D84446C:LeaderElection21: begin an election at term 1 for -1: [3241ab05-47cd-4c48-9fea-5ddbdbaeef39:192.168.5.144:44250], old=null
2019-07-14 06:47:07,847 INFO  impl.RoleInfo (RoleInfo.java:shutdownLeaderElection(134)) - 3241ab05-47cd-4c48-9fea-5ddbdbaeef39: shutdown LeaderElection
2019-07-14 06:47:07,847 INFO  impl.RaftServerImpl (RaftServerImpl.java:setRole(171)) - 3241ab05-47cd-4c48-9fea-5ddbdbaeef39:group-50786D84446C changes role from CANDIDATE to LEADER at term 1 for changeToLeader
2019-07-14 06:47:07,847 INFO  impl.RaftServerImpl (ServerState.java:setLeader(263)) - 3241ab05-47cd-4c48-9fea-5ddbdbaeef39:group-50786D84446C change Leader from null to 3241ab05-47cd-4c48-9fea-5ddbdbaeef39 at term 1 for becomeLeader, leader elected after 5239ms
2019-07-14 06:47:07,848 INFO  server.RaftServerConfigKeys (ConfUtils.java:logGet(43)) - raft.server.staging.catchup.gap = 1000 (default)
2019-07-14 06:47:07,848 INFO  server.RaftServerConfigKeys (ConfUtils.java:logGet(43)) - raft.server.rpc.sleep.time = 25ms (default)
2019-07-14 06:47:07,848 INFO  server.RaftServerConfigKeys (ConfUtils.java:logGet(43)) - raft.server.write.element-limit = 4096 (default)
2019-07-14 06:47:07,848 INFO  server.RaftServerConfigKeys (ConfUtils.java:logGet(43)) - raft.server.watch.timeout = 10s (default)
2019-07-14 06:47:07,848 INFO  server.RaftServerConfigKeys (ConfUtils.java:logGet(43)) - raft.server.watch.timeout.denomination = 1s (default)
2019-07-14 06:47:07,848 INFO  server.RaftServerConfigKeys (ConfUtils.java:logGet(43)) - raft.server.watch.element-limit = 65536 (default)
2019-07-14 06:47:07,849 INFO  impl.RoleInfo (RoleInfo.java:updateAndGet(143)) - 3241ab05-47cd-4c48-9fea-5ddbdbaeef39: start LeaderState
2019-07-14 06:47:07,849 INFO  segmented.SegmentedRaftLogWorker (SegmentedRaftLogWorker.java:startLogSegment(380)) - 3241ab05-47cd-4c48-9fea-5ddbdbaeef39-SegmentedRaftLogWorker:Storage Directory /tmp/workdir/hadoop-ozone/integration-test/target/test-dir/MiniOzoneClusterImpl-cf69c69d-c954-44a7-bbc3-57d05d5b5054/datanode-0/data/ratis/7e21a205-1aa2-44b5-a9ee-50786d84446c: Starting segment from index:0
2019-07-14 06:47:07,850 INFO  impl.RaftServerImpl (ServerState.java:setRaftConf(361)) - 3241ab05-47cd-4c48-9fea-5ddbdbaeef39:group-50786D84446C set configuration 0: [3241ab05-47cd-4c48-9fea-5ddbdbaeef39:192.168.5.144:44250], old=null at 0
2019-07-14 06:47:07,901 INFO  segmented.SegmentedRaftLogWorker (SegmentedRaftLogWorker.java:execute(569)) - 3241ab05-47cd-4c48-9fea-5ddbdbaeef39-SegmentedRaftLogWorker:Storage Directory /tmp/workdir/hadoop-ozone/integration-test/target/test-dir/MiniOzoneClusterImpl-cf69c69d-c954-44a7-bbc3-57d05d5b5054/datanode-0/data/ratis/7e21a205-1aa2-44b5-a9ee-50786d84446c: created new log segment /tmp/workdir/hadoop-ozone/integration-test/target/test-dir/MiniOzoneClusterImpl-cf69c69d-c954-44a7-bbc3-57d05d5b5054/datanode-0/data/ratis/7e21a205-1aa2-44b5-a9ee-50786d84446c/current/log_inprogress_0
2019-07-14 06:47:08,041 INFO  impl.FollowerState (FollowerState.java:run(106)) - a1305044-e17b-4b59-833a-89d8bcd36db1:group-43F5E8B1B36C changes to CANDIDATE, lastRpcTime:5097, electionTimeout:5097ms
2019-07-14 06:47:08,042 INFO  impl.RoleInfo (RoleInfo.java:shutdownFollowerState(121)) - a1305044-e17b-4b59-833a-89d8bcd36db1: shutdown FollowerState
2019-07-14 06:47:08,042 INFO  impl.RaftServerImpl (RaftServerImpl.java:setRole(171)) - a1305044-e17b-4b59-833a-89d8bcd36db1:group-43F5E8B1B36C changes role from FOLLOWER to CANDIDATE at term 0 for changeToCandidate
2019-07-14 06:47:08,042 INFO  impl.RoleInfo (RoleInfo.java:updateAndGet(143)) - a1305044-e17b-4b59-833a-89d8bcd36db1: start LeaderElection
2019-07-14 06:47:08,079 INFO  impl.LeaderElection (LeaderElection.java:askForVotes(181)) - a1305044-e17b-4b59-833a-89d8bcd36db1:group-43F5E8B1B36C:LeaderElection22: begin an election at term 1 for -1: [a1305044-e17b-4b59-833a-89d8bcd36db1:192.168.5.144:43507], old=null
2019-07-14 06:47:08,079 INFO  impl.RoleInfo (RoleInfo.java:shutdownLeaderElection(134)) - a1305044-e17b-4b59-833a-89d8bcd36db1: shutdown LeaderElection
2019-07-14 06:47:08,080 INFO  impl.RaftServerImpl (RaftServerImpl.java:setRole(171)) - a1305044-e17b-4b59-833a-89d8bcd36db1:group-43F5E8B1B36C changes role from CANDIDATE to LEADER at term 1 for changeToLeader
2019-07-14 06:47:08,080 INFO  impl.RaftServerImpl (ServerState.java:setLeader(263)) - a1305044-e17b-4b59-833a-89d8bcd36db1:group-43F5E8B1B36C change Leader from null to a1305044-e17b-4b59-833a-89d8bcd36db1 at term 1 for becomeLeader, leader elected after 5140ms
2019-07-14 06:47:08,080 INFO  server.RaftServerConfigKeys (ConfUtils.java:logGet(43)) - raft.server.staging.catchup.gap = 1000 (default)
2019-07-14 06:47:08,080 INFO  server.RaftServerConfigKeys (ConfUtils.java:logGet(43)) - raft.server.rpc.sleep.time = 25ms (default)
2019-07-14 06:47:08,080 INFO  server.RaftServerConfigKeys (ConfUtils.java:logGet(43)) - raft.server.write.element-limit = 4096 (default)
2019-07-14 06:47:08,080 INFO  server.RaftServerConfigKeys (ConfUtils.java:logGet(43)) - raft.server.watch.timeout = 10s (default)
2019-07-14 06:47:08,080 INFO  server.RaftServerConfigKeys (ConfUtils.java:logGet(43)) - raft.server.watch.timeout.denomination = 1s (default)
2019-07-14 06:47:08,081 INFO  server.RaftServerConfigKeys (ConfUtils.java:logGet(43)) - raft.server.watch.element-limit = 65536 (default)
2019-07-14 06:47:08,081 INFO  impl.RoleInfo (RoleInfo.java:updateAndGet(143)) - a1305044-e17b-4b59-833a-89d8bcd36db1: start LeaderState
2019-07-14 06:47:08,081 INFO  segmented.SegmentedRaftLogWorker (SegmentedRaftLogWorker.java:startLogSegment(380)) - a1305044-e17b-4b59-833a-89d8bcd36db1-SegmentedRaftLogWorker:Storage Directory /tmp/workdir/hadoop-ozone/integration-test/target/test-dir/MiniOzoneClusterImpl-cf69c69d-c954-44a7-bbc3-57d05d5b5054/datanode-1/data/ratis/7ceb1e3a-0605-4015-9ee5-43f5e8b1b36c: Starting segment from index:0
2019-07-14 06:47:08,082 INFO  impl.RaftServerImpl (ServerState.java:setRaftConf(361)) - a1305044-e17b-4b59-833a-89d8bcd36db1:group-43F5E8B1B36C set configuration 0: [a1305044-e17b-4b59-833a-89d8bcd36db1:192.168.5.144:43507], old=null at 0
2019-07-14 06:47:08,131 INFO  segmented.SegmentedRaftLogWorker (SegmentedRaftLogWorker.java:execute(569)) - a1305044-e17b-4b59-833a-89d8bcd36db1-SegmentedRaftLogWorker:Storage Directory /tmp/workdir/hadoop-ozone/integration-test/target/test-dir/MiniOzoneClusterImpl-cf69c69d-c954-44a7-bbc3-57d05d5b5054/datanode-1/data/ratis/7ceb1e3a-0605-4015-9ee5-43f5e8b1b36c: created new log segment /tmp/workdir/hadoop-ozone/integration-test/target/test-dir/MiniOzoneClusterImpl-cf69c69d-c954-44a7-bbc3-57d05d5b5054/datanode-1/data/ratis/7ceb1e3a-0605-4015-9ee5-43f5e8b1b36c/current/log_inprogress_0
2019-07-14 06:47:08,205 INFO  client.GrpcClientProtocolClient (GrpcClientProtocolClient.java:onNext(255)) - client-4E980CA219F6->a1305044-e17b-4b59-833a-89d8bcd36db1: receive RaftClientReply:client-4E980CA219F6->a1305044-e17b-4b59-833a-89d8bcd36db1@group-4DD2A119F062, cid=53, FAILED org.apache.ratis.protocol.NotLeaderException: Server a1305044-e17b-4b59-833a-89d8bcd36db1 is not the leader (null). Request must be sent to leader., logIndex=0, commits[a1305044-e17b-4b59-833a-89d8bcd36db1:c-1]
2019-07-14 06:47:08,213 INFO  impl.FollowerState (FollowerState.java:run(106)) - 2fef8973-174d-48d8-963e-54cf9187de8a:group-4DD2A119F062 changes to CANDIDATE, lastRpcTime:5050, electionTimeout:5047ms
2019-07-14 06:47:08,213 INFO  impl.RoleInfo (RoleInfo.java:shutdownFollowerState(121)) - 2fef8973-174d-48d8-963e-54cf9187de8a: shutdown FollowerState
2019-07-14 06:47:08,231 INFO  impl.RaftServerImpl (RaftServerImpl.java:setRole(171)) - 2fef8973-174d-48d8-963e-54cf9187de8a:group-4DD2A119F062 changes role from FOLLOWER to CANDIDATE at term 0 for changeToCandidate
2019-07-14 06:47:08,231 INFO  impl.FollowerState (FollowerState.java:run(106)) - 3241ab05-47cd-4c48-9fea-5ddbdbaeef39:group-4DD2A119F062 changes to CANDIDATE, lastRpcTime:5067, electionTimeout:5065ms
2019-07-14 06:47:08,231 INFO  impl.RoleInfo (RoleInfo.java:updateAndGet(143)) - 2fef8973-174d-48d8-963e-54cf9187de8a: start LeaderElection
2019-07-14 06:47:08,232 INFO  impl.RoleInfo (RoleInfo.java:shutdownFollowerState(121)) - 3241ab05-47cd-4c48-9fea-5ddbdbaeef39: shutdown FollowerState
2019-07-14 06:47:08,232 INFO  impl.RaftServerImpl (RaftServerImpl.java:setRole(171)) - 3241ab05-47cd-4c48-9fea-5ddbdbaeef39:group-4DD2A119F062 changes role from FOLLOWER to CANDIDATE at term 0 for changeToCandidate
2019-07-14 06:47:08,237 INFO  impl.RoleInfo (RoleInfo.java:updateAndGet(143)) - 3241ab05-47cd-4c48-9fea-5ddbdbaeef39: start LeaderElection
2019-07-14 06:47:08,262 INFO  impl.LeaderElection (LeaderElection.java:askForVotes(181)) - 3241ab05-47cd-4c48-9fea-5ddbdbaeef39:group-4DD2A119F062:LeaderElection24: begin an election at term 1 for -1: [3241ab05-47cd-4c48-9fea-5ddbdbaeef39:192.168.5.144:44250, 2fef8973-174d-48d8-963e-54cf9187de8a:192.168.5.144:46823, a1305044-e17b-4b59-833a-89d8bcd36db1:192.168.5.144:43507], old=null
2019-07-14 06:47:08,262 INFO  impl.LeaderElection (LeaderElection.java:askForVotes(181)) - 2fef8973-174d-48d8-963e-54cf9187de8a:group-4DD2A119F062:LeaderElection23: begin an election at term 1 for -1: [3241ab05-47cd-4c48-9fea-5ddbdbaeef39:192.168.5.144:44250, 2fef8973-174d-48d8-963e-54cf9187de8a:192.168.5.144:46823, a1305044-e17b-4b59-833a-89d8bcd36db1:192.168.5.144:43507], old=null
2019-07-14 06:47:08,276 INFO  impl.RaftServerImpl (RaftServerImpl.java:setRole(171)) - a1305044-e17b-4b59-833a-89d8bcd36db1:group-4DD2A119F062 changes role from FOLLOWER to FOLLOWER at term 1 for recognizeCandidate:3241ab05-47cd-4c48-9fea-5ddbdbaeef39
2019-07-14 06:47:08,276 INFO  impl.RoleInfo (RoleInfo.java:shutdownFollowerState(121)) - a1305044-e17b-4b59-833a-89d8bcd36db1: shutdown FollowerState
2019-07-14 06:47:08,277 INFO  impl.RoleInfo (RoleInfo.java:updateAndGet(143)) - a1305044-e17b-4b59-833a-89d8bcd36db1: start FollowerState
2019-07-14 06:47:08,277 INFO  impl.FollowerState (FollowerState.java:run(114)) - a1305044-e17b-4b59-833a-89d8bcd36db1: FollowerState was interrupted: java.lang.InterruptedException: sleep interrupted
2019-07-14 06:47:08,303 INFO  impl.LeaderElection (LeaderElection.java:logAndReturn(56)) - 3241ab05-47cd-4c48-9fea-5ddbdbaeef39:group-4DD2A119F062:LeaderElection24: Election PASSED; received 2 response(s) [3241ab05-47cd-4c48-9fea-5ddbdbaeef39<-2fef8973-174d-48d8-963e-54cf9187de8a#0:FAIL-t1, 3241ab05-47cd-4c48-9fea-5ddbdbaeef39<-a1305044-e17b-4b59-833a-89d8bcd36db1#0:OK-t1] and 0 exception(s); 3241ab05-47cd-4c48-9fea-5ddbdbaeef39:t1, leader=null, voted=3241ab05-47cd-4c48-9fea-5ddbdbaeef39, raftlog=3241ab05-47cd-4c48-9fea-5ddbdbaeef39-SegmentedRaftLog:OPENED:c-1,f-1,i0, conf=-1: [3241ab05-47cd-4c48-9fea-5ddbdbaeef39:192.168.5.144:44250, 2fef8973-174d-48d8-963e-54cf9187de8a:192.168.5.144:46823, a1305044-e17b-4b59-833a-89d8bcd36db1:192.168.5.144:43507], old=null
2019-07-14 06:47:08,303 INFO  impl.LeaderElection (LeaderElection.java:logAndReturn(56)) - 2fef8973-174d-48d8-963e-54cf9187de8a:group-4DD2A119F062:LeaderElection23: Election REJECTED; received 2 response(s) [2fef8973-174d-48d8-963e-54cf9187de8a<-3241ab05-47cd-4c48-9fea-5ddbdbaeef39#0:FAIL-t1, 2fef8973-174d-48d8-963e-54cf9187de8a<-a1305044-e17b-4b59-833a-89d8bcd36db1#0:FAIL-t1] and 0 exception(s); 2fef8973-174d-48d8-963e-54cf9187de8a:t1, leader=null, voted=2fef8973-174d-48d8-963e-54cf9187de8a, raftlog=2fef8973-174d-48d8-963e-54cf9187de8a-SegmentedRaftLog:OPENED:c-1,f-1,i0, conf=-1: [3241ab05-47cd-4c48-9fea-5ddbdbaeef39:192.168.5.144:44250, 2fef8973-174d-48d8-963e-54cf9187de8a:192.168.5.144:46823, a1305044-e17b-4b59-833a-89d8bcd36db1:192.168.5.144:43507], old=null
2019-07-14 06:47:08,303 INFO  impl.RoleInfo (RoleInfo.java:shutdownLeaderElection(134)) - 3241ab05-47cd-4c48-9fea-5ddbdbaeef39: shutdown LeaderElection
2019-07-14 06:47:08,310 INFO  impl.FollowerState (FollowerState.java:run(106)) - 2fef8973-174d-48d8-963e-54cf9187de8a:group-32577535543D changes to CANDIDATE, lastRpcTime:5198, electionTimeout:5195ms
2019-07-14 06:47:08,315 INFO  impl.RaftServerImpl (RaftServerImpl.java:setRole(171)) - 2fef8973-174d-48d8-963e-54cf9187de8a:group-4DD2A119F062 changes role from CANDIDATE to FOLLOWER at term 1 for DISCOVERED_A_NEW_TERM
2019-07-14 06:47:08,315 INFO  impl.RaftServerImpl (RaftServerImpl.java:setRole(171)) - 3241ab05-47cd-4c48-9fea-5ddbdbaeef39:group-4DD2A119F062 changes role from CANDIDATE to LEADER at term 1 for changeToLeader
2019-07-14 06:47:08,315 INFO  impl.RoleInfo (RoleInfo.java:shutdownLeaderElection(134)) - 2fef8973-174d-48d8-963e-54cf9187de8a: shutdown LeaderElection
2019-07-14 06:47:08,315 INFO  impl.RoleInfo (RoleInfo.java:shutdownFollowerState(121)) - 2fef8973-174d-48d8-963e-54cf9187de8a: shutdown FollowerState
2019-07-14 06:47:08,315 INFO  impl.RoleInfo (RoleInfo.java:updateAndGet(143)) - 2fef8973-174d-48d8-963e-54cf9187de8a: start FollowerState
2019-07-14 06:47:08,315 INFO  impl.RaftServerImpl (ServerState.java:setLeader(263)) - 3241ab05-47cd-4c48-9fea-5ddbdbaeef39:group-4DD2A119F062 change Leader from null to 3241ab05-47cd-4c48-9fea-5ddbdbaeef39 at term 1 for becomeLeader, leader elected after 5161ms
2019-07-14 06:47:08,315 INFO  impl.RaftServerImpl (RaftServerImpl.java:setRole(171)) - 2fef8973-174d-48d8-963e-54cf9187de8a:group-32577535543D changes role from FOLLOWER to CANDIDATE at term 0 for changeToCandidate
2019-07-14 06:47:08,321 INFO  server.RaftServerConfigKeys (ConfUtils.java:logGet(43)) - raft.server.staging.catchup.gap = 1000 (default)
2019-07-14 06:47:08,321 INFO  impl.RoleInfo (RoleInfo.java:updateAndGet(143)) - 2fef8973-174d-48d8-963e-54cf9187de8a: start LeaderElection
2019-07-14 06:47:08,321 INFO  server.RaftServerConfigKeys (ConfUtils.java:logGet(43)) - raft.server.rpc.sleep.time = 25ms (default)
2019-07-14 06:47:08,336 INFO  server.RaftServerConfigKeys (ConfUtils.java:logGet(43)) - raft.server.write.element-limit = 4096 (default)
2019-07-14 06:47:08,336 INFO  server.RaftServerConfigKeys (ConfUtils.java:logGet(43)) - raft.server.watch.timeout = 10s (default)
2019-07-14 06:47:08,336 INFO  server.RaftServerConfigKeys (ConfUtils.java:logGet(43)) - raft.server.watch.timeout.denomination = 1s (default)
2019-07-14 06:47:08,337 INFO  server.RaftServerConfigKeys (ConfUtils.java:logGet(43)) - raft.server.watch.element-limit = 65536 (default)
2019-07-14 06:47:08,337 INFO  server.RaftServerConfigKeys (ConfUtils.java:logGet(43)) - raft.server.log.appender.snapshot.chunk.size.max = 16MB (=16777216) (default)
2019-07-14 06:47:08,337 INFO  server.RaftServerConfigKeys (ConfUtils.java:logGet(43)) - raft.server.log.appender.buffer.byte-limit = 33554432 (custom)
2019-07-14 06:47:08,337 INFO  server.RaftServerConfigKeys (ConfUtils.java:logGet(43)) - raft.server.log.appender.buffer.element-limit = 1 (custom)
2019-07-14 06:47:08,337 INFO  grpc.GrpcConfigKeys$Server (ConfUtils.java:logGet(43)) - raft.grpc.server.leader.outstanding.appends.max = 128 (default)
2019-07-14 06:47:08,338 INFO  server.RaftServerConfigKeys (ConfUtils.java:logGet(43)) - raft.server.rpc.request.timeout = 3000ms (default)
2019-07-14 06:47:08,338 INFO  server.RaftServerConfigKeys (ConfUtils.java:logGet(43)) - raft.server.log.appender.install.snapshot.enabled = false (custom)
2019-07-14 06:47:08,338 INFO  server.RaftServerConfigKeys (ConfUtils.java:logGet(43)) - raft.server.log.appender.snapshot.chunk.size.max = 16MB (=16777216) (default)
2019-07-14 06:47:08,338 INFO  server.RaftServerConfigKeys (ConfUtils.java:logGet(43)) - raft.server.log.appender.buffer.byte-limit = 33554432 (custom)
2019-07-14 06:47:08,338 INFO  server.RaftServerConfigKeys (ConfUtils.java:logGet(43)) - raft.server.log.appender.buffer.element-limit = 1 (custom)
2019-07-14 06:47:08,338 INFO  grpc.GrpcConfigKeys$Server (ConfUtils.java:logGet(43)) - raft.grpc.server.leader.outstanding.appends.max = 128 (default)
2019-07-14 06:47:08,339 INFO  server.RaftServerConfigKeys (ConfUtils.java:logGet(43)) - raft.server.rpc.request.timeout = 3000ms (default)
2019-07-14 06:47:08,339 INFO  server.RaftServerConfigKeys (ConfUtils.java:logGet(43)) - raft.server.log.appender.install.snapshot.enabled = false (custom)
2019-07-14 06:47:08,339 INFO  impl.RoleInfo (RoleInfo.java:updateAndGet(143)) - 3241ab05-47cd-4c48-9fea-5ddbdbaeef39: start LeaderState
2019-07-14 06:47:08,339 INFO  segmented.SegmentedRaftLogWorker (SegmentedRaftLogWorker.java:startLogSegment(380)) - 3241ab05-47cd-4c48-9fea-5ddbdbaeef39-SegmentedRaftLogWorker:Storage Directory /tmp/workdir/hadoop-ozone/integration-test/target/test-dir/MiniOzoneClusterImpl-cf69c69d-c954-44a7-bbc3-57d05d5b5054/datanode-0/data/ratis/de3a0ff2-cebb-4177-baf0-4dd2a119f062: Starting segment from index:0
2019-07-14 06:47:08,340 INFO  impl.RaftServerImpl (ServerState.java:setRaftConf(361)) - 3241ab05-47cd-4c48-9fea-5ddbdbaeef39:group-4DD2A119F062 set configuration 0: [3241ab05-47cd-4c48-9fea-5ddbdbaeef39:192.168.5.144:44250, 2fef8973-174d-48d8-963e-54cf9187de8a:192.168.5.144:46823, a1305044-e17b-4b59-833a-89d8bcd36db1:192.168.5.144:43507], old=null at 0
2019-07-14 06:47:08,362 INFO  impl.LeaderElection (LeaderElection.java:askForVotes(181)) - 2fef8973-174d-48d8-963e-54cf9187de8a:group-32577535543D:LeaderElection25: begin an election at term 1 for -1: [2fef8973-174d-48d8-963e-54cf9187de8a:192.168.5.144:46823], old=null
2019-07-14 06:47:08,362 INFO  impl.RoleInfo (RoleInfo.java:shutdownLeaderElection(134)) - 2fef8973-174d-48d8-963e-54cf9187de8a: shutdown LeaderElection
2019-07-14 06:47:08,363 INFO  impl.RaftServerImpl (RaftServerImpl.java:setRole(171)) - 2fef8973-174d-48d8-963e-54cf9187de8a:group-32577535543D changes role from CANDIDATE to LEADER at term 1 for changeToLeader
2019-07-14 06:47:08,363 INFO  impl.RaftServerImpl (ServerState.java:setLeader(263)) - 2fef8973-174d-48d8-963e-54cf9187de8a:group-32577535543D change Leader from null to 2fef8973-174d-48d8-963e-54cf9187de8a at term 1 for becomeLeader, leader elected after 5256ms
2019-07-14 06:47:08,363 INFO  server.RaftServerConfigKeys (ConfUtils.java:logGet(43)) - raft.server.staging.catchup.gap = 1000 (default)
2019-07-14 06:47:08,363 INFO  server.RaftServerConfigKeys (ConfUtils.java:logGet(43)) - raft.server.rpc.sleep.time = 25ms (default)
2019-07-14 06:47:08,363 INFO  server.RaftServerConfigKeys (ConfUtils.java:logGet(43)) - raft.server.write.element-limit = 4096 (default)
2019-07-14 06:47:08,363 INFO  server.RaftServerConfigKeys (ConfUtils.java:logGet(43)) - raft.server.watch.timeout = 10s (default)
2019-07-14 06:47:08,364 INFO  impl.RaftServerImpl (ServerState.java:setLeader(263)) - 2fef8973-174d-48d8-963e-54cf9187de8a:group-4DD2A119F062 change Leader from null to 3241ab05-47cd-4c48-9fea-5ddbdbaeef39 at term 1 for appendEntries, leader elected after 5210ms
2019-07-14 06:47:08,364 INFO  impl.RaftServerImpl (ServerState.java:setLeader(263)) - a1305044-e17b-4b59-833a-89d8bcd36db1:group-4DD2A119F062 change Leader from null to 3241ab05-47cd-4c48-9fea-5ddbdbaeef39 at term 1 for appendEntries, leader elected after 5208ms
2019-07-14 06:47:08,364 INFO  server.RaftServerConfigKeys (ConfUtils.java:logGet(43)) - raft.server.watch.timeout.denomination = 1s (default)
2019-07-14 06:47:08,364 INFO  server.RaftServerConfigKeys (ConfUtils.java:logGet(43)) - raft.server.watch.element-limit = 65536 (default)
2019-07-14 06:47:08,365 INFO  impl.RoleInfo (RoleInfo.java:updateAndGet(143)) - 2fef8973-174d-48d8-963e-54cf9187de8a: start LeaderState
2019-07-14 06:47:08,365 INFO  segmented.SegmentedRaftLogWorker (SegmentedRaftLogWorker.java:startLogSegment(380)) - 2fef8973-174d-48d8-963e-54cf9187de8a-SegmentedRaftLogWorker:Storage Directory /tmp/workdir/hadoop-ozone/integration-test/target/test-dir/MiniOzoneClusterImpl-cf69c69d-c954-44a7-bbc3-57d05d5b5054/datanode-2/data/ratis/d8feb8a4-5a1e-4230-9560-32577535543d: Starting segment from index:0
2019-07-14 06:47:08,365 INFO  impl.RaftServerImpl (ServerState.java:setRaftConf(361)) - 2fef8973-174d-48d8-963e-54cf9187de8a:group-32577535543D set configuration 0: [2fef8973-174d-48d8-963e-54cf9187de8a:192.168.5.144:46823], old=null at 0
2019-07-14 06:47:08,386 INFO  segmented.SegmentedRaftLogWorker (SegmentedRaftLogWorker.java:execute(569)) - 3241ab05-47cd-4c48-9fea-5ddbdbaeef39-SegmentedRaftLogWorker:Storage Directory /tmp/workdir/hadoop-ozone/integration-test/target/test-dir/MiniOzoneClusterImpl-cf69c69d-c954-44a7-bbc3-57d05d5b5054/datanode-0/data/ratis/de3a0ff2-cebb-4177-baf0-4dd2a119f062: created new log segment /tmp/workdir/hadoop-ozone/integration-test/target/test-dir/MiniOzoneClusterImpl-cf69c69d-c954-44a7-bbc3-57d05d5b5054/datanode-0/data/ratis/de3a0ff2-cebb-4177-baf0-4dd2a119f062/current/log_inprogress_0
2019-07-14 06:47:08,388 INFO  impl.RaftServerImpl (ServerState.java:setRaftConf(361)) - a1305044-e17b-4b59-833a-89d8bcd36db1:group-4DD2A119F062 set configuration 0: [3241ab05-47cd-4c48-9fea-5ddbdbaeef39:192.168.5.144:44250, 2fef8973-174d-48d8-963e-54cf9187de8a:192.168.5.144:46823, a1305044-e17b-4b59-833a-89d8bcd36db1:192.168.5.144:43507], old=null at 0
2019-07-14 06:47:08,388 INFO  impl.RaftServerImpl (ServerState.java:setRaftConf(361)) - 2fef8973-174d-48d8-963e-54cf9187de8a:group-4DD2A119F062 set configuration 0: [3241ab05-47cd-4c48-9fea-5ddbdbaeef39:192.168.5.144:44250, 2fef8973-174d-48d8-963e-54cf9187de8a:192.168.5.144:46823, a1305044-e17b-4b59-833a-89d8bcd36db1:192.168.5.144:43507], old=null at 0
2019-07-14 06:47:08,388 INFO  segmented.SegmentedRaftLogWorker (SegmentedRaftLogWorker.java:startLogSegment(380)) - a1305044-e17b-4b59-833a-89d8bcd36db1-SegmentedRaftLogWorker:Storage Directory /tmp/workdir/hadoop-ozone/integration-test/target/test-dir/MiniOzoneClusterImpl-cf69c69d-c954-44a7-bbc3-57d05d5b5054/datanode-1/data/ratis/de3a0ff2-cebb-4177-baf0-4dd2a119f062: Starting segment from index:0
2019-07-14 06:47:08,388 INFO  segmented.SegmentedRaftLogWorker (SegmentedRaftLogWorker.java:startLogSegment(380)) - 2fef8973-174d-48d8-963e-54cf9187de8a-SegmentedRaftLogWorker:Storage Directory /tmp/workdir/hadoop-ozone/integration-test/target/test-dir/MiniOzoneClusterImpl-cf69c69d-c954-44a7-bbc3-57d05d5b5054/datanode-2/data/ratis/de3a0ff2-cebb-4177-baf0-4dd2a119f062: Starting segment from index:0
2019-07-14 06:47:08,397 INFO  segmented.SegmentedRaftLogWorker (SegmentedRaftLogWorker.java:execute(569)) - 2fef8973-174d-48d8-963e-54cf9187de8a-SegmentedRaftLogWorker:Storage Directory /tmp/workdir/hadoop-ozone/integration-test/target/test-dir/MiniOzoneClusterImpl-cf69c69d-c954-44a7-bbc3-57d05d5b5054/datanode-2/data/ratis/d8feb8a4-5a1e-4230-9560-32577535543d: created new log segment /tmp/workdir/hadoop-ozone/integration-test/target/test-dir/MiniOzoneClusterImpl-cf69c69d-c954-44a7-bbc3-57d05d5b5054/datanode-2/data/ratis/d8feb8a4-5a1e-4230-9560-32577535543d/current/log_inprogress_0
2019-07-14 06:47:08,407 INFO  impl.FollowerState (FollowerState.java:run(106)) - 0ef29f36-e61d-45e2-ba11-8120f31623be:group-C01F1F02A24F changes to CANDIDATE, lastRpcTime:5078, electionTimeout:5078ms
2019-07-14 06:47:08,407 INFO  impl.RoleInfo (RoleInfo.java:shutdownFollowerState(121)) - 0ef29f36-e61d-45e2-ba11-8120f31623be: shutdown FollowerState
2019-07-14 06:47:08,407 INFO  impl.RaftServerImpl (RaftServerImpl.java:setRole(171)) - 0ef29f36-e61d-45e2-ba11-8120f31623be:group-C01F1F02A24F changes role from FOLLOWER to CANDIDATE at term 0 for changeToCandidate
2019-07-14 06:47:08,407 INFO  impl.RoleInfo (RoleInfo.java:updateAndGet(143)) - 0ef29f36-e61d-45e2-ba11-8120f31623be: start LeaderElection
2019-07-14 06:47:08,433 INFO  segmented.SegmentedRaftLogWorker (SegmentedRaftLogWorker.java:execute(569)) - 2fef8973-174d-48d8-963e-54cf9187de8a-SegmentedRaftLogWorker:Storage Directory /tmp/workdir/hadoop-ozone/integration-test/target/test-dir/MiniOzoneClusterImpl-cf69c69d-c954-44a7-bbc3-57d05d5b5054/datanode-2/data/ratis/de3a0ff2-cebb-4177-baf0-4dd2a119f062: created new log segment /tmp/workdir/hadoop-ozone/integration-test/target/test-dir/MiniOzoneClusterImpl-cf69c69d-c954-44a7-bbc3-57d05d5b5054/datanode-2/data/ratis/de3a0ff2-cebb-4177-baf0-4dd2a119f062/current/log_inprogress_0
2019-07-14 06:47:08,433 INFO  segmented.SegmentedRaftLogWorker (SegmentedRaftLogWorker.java:execute(569)) - a1305044-e17b-4b59-833a-89d8bcd36db1-SegmentedRaftLogWorker:Storage Directory /tmp/workdir/hadoop-ozone/integration-test/target/test-dir/MiniOzoneClusterImpl-cf69c69d-c954-44a7-bbc3-57d05d5b5054/datanode-1/data/ratis/de3a0ff2-cebb-4177-baf0-4dd2a119f062: created new log segment /tmp/workdir/hadoop-ozone/integration-test/target/test-dir/MiniOzoneClusterImpl-cf69c69d-c954-44a7-bbc3-57d05d5b5054/datanode-1/data/ratis/de3a0ff2-cebb-4177-baf0-4dd2a119f062/current/log_inprogress_0
2019-07-14 06:47:08,436 INFO  impl.LeaderElection (LeaderElection.java:askForVotes(181)) - 0ef29f36-e61d-45e2-ba11-8120f31623be:group-C01F1F02A24F:LeaderElection26: begin an election at term 1 for -1: [0ef29f36-e61d-45e2-ba11-8120f31623be:192.168.5.144:44326], old=null
2019-07-14 06:47:08,436 INFO  impl.RoleInfo (RoleInfo.java:shutdownLeaderElection(134)) - 0ef29f36-e61d-45e2-ba11-8120f31623be: shutdown LeaderElection
2019-07-14 06:47:08,436 INFO  impl.RaftServerImpl (RaftServerImpl.java:setRole(171)) - 0ef29f36-e61d-45e2-ba11-8120f31623be:group-C01F1F02A24F changes role from CANDIDATE to LEADER at term 1 for changeToLeader
2019-07-14 06:47:08,436 INFO  impl.RaftServerImpl (ServerState.java:setLeader(263)) - 0ef29f36-e61d-45e2-ba11-8120f31623be:group-C01F1F02A24F change Leader from null to 0ef29f36-e61d-45e2-ba11-8120f31623be at term 1 for becomeLeader, leader elected after 5110ms
2019-07-14 06:47:08,436 INFO  server.RaftServerConfigKeys (ConfUtils.java:logGet(43)) - raft.server.staging.catchup.gap = 1000 (default)
2019-07-14 06:47:08,437 INFO  server.RaftServerConfigKeys (ConfUtils.java:logGet(43)) - raft.server.rpc.sleep.time = 25ms (default)
2019-07-14 06:47:08,437 INFO  server.RaftServerConfigKeys (ConfUtils.java:logGet(43)) - raft.server.write.element-limit = 4096 (default)
2019-07-14 06:47:08,437 INFO  server.RaftServerConfigKeys (ConfUtils.java:logGet(43)) - raft.server.watch.timeout = 10s (default)
2019-07-14 06:47:08,437 INFO  server.RaftServerConfigKeys (ConfUtils.java:logGet(43)) - raft.server.watch.timeout.denomination = 1s (default)
2019-07-14 06:47:08,437 INFO  server.RaftServerConfigKeys (ConfUtils.java:logGet(43)) - raft.server.watch.element-limit = 65536 (default)
2019-07-14 06:47:08,437 INFO  impl.RoleInfo (RoleInfo.java:updateAndGet(143)) - 0ef29f36-e61d-45e2-ba11-8120f31623be: start LeaderState
2019-07-14 06:47:08,438 INFO  segmented.SegmentedRaftLogWorker (SegmentedRaftLogWorker.java:startLogSegment(380)) - 0ef29f36-e61d-45e2-ba11-8120f31623be-SegmentedRaftLogWorker:Storage Directory /tmp/workdir/hadoop-ozone/integration-test/target/test-dir/MiniOzoneClusterImpl-cf69c69d-c954-44a7-bbc3-57d05d5b5054/datanode-3/data/ratis/8a84bffd-f7ed-4022-8e8e-c01f1f02a24f: Starting segment from index:0
2019-07-14 06:47:08,438 INFO  impl.RaftServerImpl (ServerState.java:setRaftConf(361)) - 0ef29f36-e61d-45e2-ba11-8120f31623be:group-C01F1F02A24F set configuration 0: [0ef29f36-e61d-45e2-ba11-8120f31623be:192.168.5.144:44326], old=null at 0
2019-07-14 06:47:08,528 INFO  segmented.SegmentedRaftLogWorker (SegmentedRaftLogWorker.java:execute(569)) - 0ef29f36-e61d-45e2-ba11-8120f31623be-SegmentedRaftLogWorker:Storage Directory /tmp/workdir/hadoop-ozone/integration-test/target/test-dir/MiniOzoneClusterImpl-cf69c69d-c954-44a7-bbc3-57d05d5b5054/datanode-3/data/ratis/8a84bffd-f7ed-4022-8e8e-c01f1f02a24f: created new log segment /tmp/workdir/hadoop-ozone/integration-test/target/test-dir/MiniOzoneClusterImpl-cf69c69d-c954-44a7-bbc3-57d05d5b5054/datanode-3/data/ratis/8a84bffd-f7ed-4022-8e8e-c01f1f02a24f/current/log_inprogress_0
2019-07-14 06:47:08,626 INFO  impl.FollowerState (FollowerState.java:run(106)) - 2cabeef8-ba39-4343-a16a-5274d702a919:group-8B13195F740B changes to CANDIDATE, lastRpcTime:5122, electionTimeout:5122ms
2019-07-14 06:47:08,626 INFO  impl.RoleInfo (RoleInfo.java:shutdownFollowerState(121)) - 2cabeef8-ba39-4343-a16a-5274d702a919: shutdown FollowerState
2019-07-14 06:47:08,626 INFO  impl.RaftServerImpl (RaftServerImpl.java:setRole(171)) - 2cabeef8-ba39-4343-a16a-5274d702a919:group-8B13195F740B changes role from FOLLOWER to CANDIDATE at term 0 for changeToCandidate
2019-07-14 06:47:08,626 INFO  impl.RoleInfo (RoleInfo.java:updateAndGet(143)) - 2cabeef8-ba39-4343-a16a-5274d702a919: start LeaderElection
2019-07-14 06:47:08,662 INFO  impl.LeaderElection (LeaderElection.java:askForVotes(181)) - 2cabeef8-ba39-4343-a16a-5274d702a919:group-8B13195F740B:LeaderElection27: begin an election at term 1 for -1: [2cabeef8-ba39-4343-a16a-5274d702a919:192.168.5.144:33338], old=null
2019-07-14 06:47:08,662 INFO  impl.RoleInfo (RoleInfo.java:shutdownLeaderElection(134)) - 2cabeef8-ba39-4343-a16a-5274d702a919: shutdown LeaderElection
2019-07-14 06:47:08,662 INFO  impl.RaftServerImpl (RaftServerImpl.java:setRole(171)) - 2cabeef8-ba39-4343-a16a-5274d702a919:group-8B13195F740B changes role from CANDIDATE to LEADER at term 1 for changeToLeader
2019-07-14 06:47:08,662 INFO  impl.RaftServerImpl (ServerState.java:setLeader(263)) - 2cabeef8-ba39-4343-a16a-5274d702a919:group-8B13195F740B change Leader from null to 2cabeef8-ba39-4343-a16a-5274d702a919 at term 1 for becomeLeader, leader elected after 5163ms
2019-07-14 06:47:08,662 INFO  server.RaftServerConfigKeys (ConfUtils.java:logGet(43)) - raft.server.staging.catchup.gap = 1000 (default)
2019-07-14 06:47:08,662 INFO  server.RaftServerConfigKeys (ConfUtils.java:logGet(43)) - raft.server.rpc.sleep.time = 25ms (default)
2019-07-14 06:47:08,662 INFO  server.RaftServerConfigKeys (ConfUtils.java:logGet(43)) - raft.server.write.element-limit = 4096 (default)
2019-07-14 06:47:08,663 INFO  server.RaftServerConfigKeys (ConfUtils.java:logGet(43)) - raft.server.watch.timeout = 10s (default)
2019-07-14 06:47:08,663 INFO  server.RaftServerConfigKeys (ConfUtils.java:logGet(43)) - raft.server.watch.timeout.denomination = 1s (default)
2019-07-14 06:47:08,663 INFO  server.RaftServerConfigKeys (ConfUtils.java:logGet(43)) - raft.server.watch.element-limit = 65536 (default)
2019-07-14 06:47:08,663 INFO  impl.RoleInfo (RoleInfo.java:updateAndGet(143)) - 2cabeef8-ba39-4343-a16a-5274d702a919: start LeaderState
2019-07-14 06:47:08,663 INFO  segmented.SegmentedRaftLogWorker (SegmentedRaftLogWorker.java:startLogSegment(380)) - 2cabeef8-ba39-4343-a16a-5274d702a919-SegmentedRaftLogWorker:Storage Directory /tmp/workdir/hadoop-ozone/integration-test/target/test-dir/MiniOzoneClusterImpl-cf69c69d-c954-44a7-bbc3-57d05d5b5054/datanode-4/data/ratis/8237f37d-4bfe-4d55-8da7-8b13195f740b: Starting segment from index:0
2019-07-14 06:47:08,664 INFO  impl.RaftServerImpl (ServerState.java:setRaftConf(361)) - 2cabeef8-ba39-4343-a16a-5274d702a919:group-8B13195F740B set configuration 0: [2cabeef8-ba39-4343-a16a-5274d702a919:192.168.5.144:33338], old=null at 0
2019-07-14 06:47:08,683 INFO  segmented.SegmentedRaftLogWorker (SegmentedRaftLogWorker.java:execute(569)) - 2cabeef8-ba39-4343-a16a-5274d702a919-SegmentedRaftLogWorker:Storage Directory /tmp/workdir/hadoop-ozone/integration-test/target/test-dir/MiniOzoneClusterImpl-cf69c69d-c954-44a7-bbc3-57d05d5b5054/datanode-4/data/ratis/8237f37d-4bfe-4d55-8da7-8b13195f740b: created new log segment /tmp/workdir/hadoop-ozone/integration-test/target/test-dir/MiniOzoneClusterImpl-cf69c69d-c954-44a7-bbc3-57d05d5b5054/datanode-4/data/ratis/8237f37d-4bfe-4d55-8da7-8b13195f740b/current/log_inprogress_0
2019-07-14 06:47:08,886 INFO  impl.FollowerState (FollowerState.java:run(106)) - 0e795f71-4693-48a4-a740-6be98dd7eb1c:group-AFAD72B2CA8D changes to CANDIDATE, lastRpcTime:5006, electionTimeout:5006ms
2019-07-14 06:47:08,886 INFO  impl.RoleInfo (RoleInfo.java:shutdownFollowerState(121)) - 0e795f71-4693-48a4-a740-6be98dd7eb1c: shutdown FollowerState
2019-07-14 06:47:08,886 INFO  impl.RaftServerImpl (RaftServerImpl.java:setRole(171)) - 0e795f71-4693-48a4-a740-6be98dd7eb1c:group-AFAD72B2CA8D changes role from FOLLOWER to CANDIDATE at term 0 for changeToCandidate
2019-07-14 06:47:08,886 INFO  impl.RoleInfo (RoleInfo.java:updateAndGet(143)) - 0e795f71-4693-48a4-a740-6be98dd7eb1c: start LeaderElection
2019-07-14 06:47:08,908 INFO  impl.FollowerState (FollowerState.java:run(106)) - 0e795f71-4693-48a4-a740-6be98dd7eb1c:group-CC8FC836C6A8 changes to CANDIDATE, lastRpcTime:5097, electionTimeout:5097ms
2019-07-14 06:47:08,908 INFO  impl.RoleInfo (RoleInfo.java:shutdownFollowerState(121)) - 0e795f71-4693-48a4-a740-6be98dd7eb1c: shutdown FollowerState
2019-07-14 06:47:08,908 INFO  impl.RaftServerImpl (RaftServerImpl.java:setRole(171)) - 0e795f71-4693-48a4-a740-6be98dd7eb1c:group-CC8FC836C6A8 changes role from FOLLOWER to CANDIDATE at term 0 for changeToCandidate
2019-07-14 06:47:08,909 INFO  impl.RoleInfo (RoleInfo.java:updateAndGet(143)) - 0e795f71-4693-48a4-a740-6be98dd7eb1c: start LeaderElection
2019-07-14 06:47:08,926 INFO  impl.LeaderElection (LeaderElection.java:askForVotes(181)) - 0e795f71-4693-48a4-a740-6be98dd7eb1c:group-AFAD72B2CA8D:LeaderElection28: begin an election at term 1 for -1: [0ef29f36-e61d-45e2-ba11-8120f31623be:192.168.5.144:44326, 0e795f71-4693-48a4-a740-6be98dd7eb1c:192.168.5.144:38265, 2cabeef8-ba39-4343-a16a-5274d702a919:192.168.5.144:33338], old=null
2019-07-14 06:47:08,931 INFO  impl.LeaderElection (LeaderElection.java:askForVotes(181)) - 0e795f71-4693-48a4-a740-6be98dd7eb1c:group-CC8FC836C6A8:LeaderElection29: begin an election at term 1 for -1: [0e795f71-4693-48a4-a740-6be98dd7eb1c:192.168.5.144:38265], old=null
2019-07-14 06:47:08,931 INFO  impl.RoleInfo (RoleInfo.java:shutdownLeaderElection(134)) - 0e795f71-4693-48a4-a740-6be98dd7eb1c: shutdown LeaderElection
2019-07-14 06:47:08,931 INFO  impl.RaftServerImpl (RaftServerImpl.java:setRole(171)) - 0e795f71-4693-48a4-a740-6be98dd7eb1c:group-CC8FC836C6A8 changes role from CANDIDATE to LEADER at term 1 for changeToLeader
2019-07-14 06:47:08,931 INFO  impl.RaftServerImpl (ServerState.java:setLeader(263)) - 0e795f71-4693-48a4-a740-6be98dd7eb1c:group-CC8FC836C6A8 change Leader from null to 0e795f71-4693-48a4-a740-6be98dd7eb1c at term 1 for becomeLeader, leader elected after 5124ms
2019-07-14 06:47:08,931 INFO  server.RaftServerConfigKeys (ConfUtils.java:logGet(43)) - raft.server.staging.catchup.gap = 1000 (default)
2019-07-14 06:47:08,931 INFO  server.RaftServerConfigKeys (ConfUtils.java:logGet(43)) - raft.server.rpc.sleep.time = 25ms (default)
2019-07-14 06:47:08,931 INFO  server.RaftServerConfigKeys (ConfUtils.java:logGet(43)) - raft.server.write.element-limit = 4096 (default)
2019-07-14 06:47:08,931 INFO  server.RaftServerConfigKeys (ConfUtils.java:logGet(43)) - raft.server.watch.timeout = 10s (default)
2019-07-14 06:47:08,931 INFO  server.RaftServerConfigKeys (ConfUtils.java:logGet(43)) - raft.server.watch.timeout.denomination = 1s (default)
2019-07-14 06:47:08,931 INFO  server.RaftServerConfigKeys (ConfUtils.java:logGet(43)) - raft.server.watch.element-limit = 65536 (default)
2019-07-14 06:47:08,938 INFO  impl.RaftServerImpl (RaftServerImpl.java:setRole(171)) - 2cabeef8-ba39-4343-a16a-5274d702a919:group-AFAD72B2CA8D changes role from FOLLOWER to FOLLOWER at term 1 for recognizeCandidate:0e795f71-4693-48a4-a740-6be98dd7eb1c
2019-07-14 06:47:08,938 INFO  impl.RoleInfo (RoleInfo.java:updateAndGet(143)) - 0e795f71-4693-48a4-a740-6be98dd7eb1c: start LeaderState
2019-07-14 06:47:08,938 INFO  impl.RoleInfo (RoleInfo.java:shutdownFollowerState(121)) - 2cabeef8-ba39-4343-a16a-5274d702a919: shutdown FollowerState
2019-07-14 06:47:08,938 INFO  segmented.SegmentedRaftLogWorker (SegmentedRaftLogWorker.java:startLogSegment(380)) - 0e795f71-4693-48a4-a740-6be98dd7eb1c-SegmentedRaftLogWorker:Storage Directory /tmp/workdir/hadoop-ozone/integration-test/target/test-dir/MiniOzoneClusterImpl-cf69c69d-c954-44a7-bbc3-57d05d5b5054/datanode-5/data/ratis/5b60bd9a-a334-4325-aeb7-cc8fc836c6a8: Starting segment from index:0
2019-07-14 06:47:08,938 INFO  impl.FollowerState (FollowerState.java:run(114)) - 2cabeef8-ba39-4343-a16a-5274d702a919: FollowerState was interrupted: java.lang.InterruptedException: sleep interrupted
2019-07-14 06:47:08,938 INFO  impl.RaftServerImpl (RaftServerImpl.java:setRole(171)) - 0ef29f36-e61d-45e2-ba11-8120f31623be:group-AFAD72B2CA8D changes role from FOLLOWER to FOLLOWER at term 1 for recognizeCandidate:0e795f71-4693-48a4-a740-6be98dd7eb1c
2019-07-14 06:47:08,938 INFO  impl.RoleInfo (RoleInfo.java:updateAndGet(143)) - 2cabeef8-ba39-4343-a16a-5274d702a919: start FollowerState
2019-07-14 06:47:08,957 INFO  impl.RaftServerImpl (ServerState.java:setRaftConf(361)) - 0e795f71-4693-48a4-a740-6be98dd7eb1c:group-CC8FC836C6A8 set configuration 0: [0e795f71-4693-48a4-a740-6be98dd7eb1c:192.168.5.144:38265], old=null at 0
2019-07-14 06:47:08,939 INFO  impl.RoleInfo (RoleInfo.java:shutdownFollowerState(121)) - 0ef29f36-e61d-45e2-ba11-8120f31623be: shutdown FollowerState
2019-07-14 06:47:08,958 INFO  impl.RoleInfo (RoleInfo.java:updateAndGet(143)) - 0ef29f36-e61d-45e2-ba11-8120f31623be: start FollowerState
2019-07-14 06:47:08,958 INFO  impl.FollowerState (FollowerState.java:run(114)) - 0ef29f36-e61d-45e2-ba11-8120f31623be: FollowerState was interrupted: java.lang.InterruptedException: sleep interrupted
2019-07-14 06:47:08,969 INFO  segmented.SegmentedRaftLogWorker (SegmentedRaftLogWorker.java:execute(569)) - 0e795f71-4693-48a4-a740-6be98dd7eb1c-SegmentedRaftLogWorker:Storage Directory /tmp/workdir/hadoop-ozone/integration-test/target/test-dir/MiniOzoneClusterImpl-cf69c69d-c954-44a7-bbc3-57d05d5b5054/datanode-5/data/ratis/5b60bd9a-a334-4325-aeb7-cc8fc836c6a8: created new log segment /tmp/workdir/hadoop-ozone/integration-test/target/test-dir/MiniOzoneClusterImpl-cf69c69d-c954-44a7-bbc3-57d05d5b5054/datanode-5/data/ratis/5b60bd9a-a334-4325-aeb7-cc8fc836c6a8/current/log_inprogress_0
2019-07-14 06:47:08,970 INFO  impl.LeaderElection (LeaderElection.java:logAndReturn(56)) - 0e795f71-4693-48a4-a740-6be98dd7eb1c:group-AFAD72B2CA8D:LeaderElection28: Election PASSED; received 1 response(s) [0e795f71-4693-48a4-a740-6be98dd7eb1c<-0ef29f36-e61d-45e2-ba11-8120f31623be#0:OK-t1] and 0 exception(s); 0e795f71-4693-48a4-a740-6be98dd7eb1c:t1, leader=null, voted=0e795f71-4693-48a4-a740-6be98dd7eb1c, raftlog=0e795f71-4693-48a4-a740-6be98dd7eb1c-SegmentedRaftLog:OPENED:c-1,f-1,i0, conf=-1: [0ef29f36-e61d-45e2-ba11-8120f31623be:192.168.5.144:44326, 0e795f71-4693-48a4-a740-6be98dd7eb1c:192.168.5.144:38265, 2cabeef8-ba39-4343-a16a-5274d702a919:192.168.5.144:33338], old=null
2019-07-14 06:47:08,970 INFO  impl.RoleInfo (RoleInfo.java:shutdownLeaderElection(134)) - 0e795f71-4693-48a4-a740-6be98dd7eb1c: shutdown LeaderElection
2019-07-14 06:47:08,970 INFO  impl.RaftServerImpl (RaftServerImpl.java:setRole(171)) - 0e795f71-4693-48a4-a740-6be98dd7eb1c:group-AFAD72B2CA8D changes role from CANDIDATE to LEADER at term 1 for changeToLeader
2019-07-14 06:47:08,970 INFO  impl.RaftServerImpl (ServerState.java:setLeader(263)) - 0e795f71-4693-48a4-a740-6be98dd7eb1c:group-AFAD72B2CA8D change Leader from null to 0e795f71-4693-48a4-a740-6be98dd7eb1c at term 1 for becomeLeader, leader elected after 5099ms
2019-07-14 06:47:08,970 INFO  server.RaftServerConfigKeys (ConfUtils.java:logGet(43)) - raft.server.staging.catchup.gap = 1000 (default)
2019-07-14 06:47:08,970 INFO  server.RaftServerConfigKeys (ConfUtils.java:logGet(43)) - raft.server.rpc.sleep.time = 25ms (default)
2019-07-14 06:47:08,970 INFO  server.RaftServerConfigKeys (ConfUtils.java:logGet(43)) - raft.server.write.element-limit = 4096 (default)
2019-07-14 06:47:08,971 INFO  server.RaftServerConfigKeys (ConfUtils.java:logGet(43)) - raft.server.watch.timeout = 10s (default)
2019-07-14 06:47:08,971 INFO  server.RaftServerConfigKeys (ConfUtils.java:logGet(43)) - raft.server.watch.timeout.denomination = 1s (default)
2019-07-14 06:47:08,971 INFO  server.RaftServerConfigKeys (ConfUtils.java:logGet(43)) - raft.server.watch.element-limit = 65536 (default)
2019-07-14 06:47:08,971 INFO  server.RaftServerConfigKeys (ConfUtils.java:logGet(43)) - raft.server.log.appender.snapshot.chunk.size.max = 16MB (=16777216) (default)
2019-07-14 06:47:08,971 INFO  server.RaftServerConfigKeys (ConfUtils.java:logGet(43)) - raft.server.log.appender.buffer.byte-limit = 33554432 (custom)
2019-07-14 06:47:08,971 INFO  server.RaftServerConfigKeys (ConfUtils.java:logGet(43)) - raft.server.log.appender.buffer.element-limit = 1 (custom)
2019-07-14 06:47:08,971 INFO  grpc.GrpcConfigKeys$Server (ConfUtils.java:logGet(43)) - raft.grpc.server.leader.outstanding.appends.max = 128 (default)
2019-07-14 06:47:08,972 INFO  server.RaftServerConfigKeys (ConfUtils.java:logGet(43)) - raft.server.rpc.request.timeout = 3000ms (default)
2019-07-14 06:47:08,972 INFO  server.RaftServerConfigKeys (ConfUtils.java:logGet(43)) - raft.server.log.appender.install.snapshot.enabled = false (custom)
2019-07-14 06:47:08,972 INFO  server.RaftServerConfigKeys (ConfUtils.java:logGet(43)) - raft.server.log.appender.snapshot.chunk.size.max = 16MB (=16777216) (default)
2019-07-14 06:47:08,972 INFO  server.RaftServerConfigKeys (ConfUtils.java:logGet(43)) - raft.server.log.appender.buffer.byte-limit = 33554432 (custom)
2019-07-14 06:47:08,972 INFO  server.RaftServerConfigKeys (ConfUtils.java:logGet(43)) - raft.server.log.appender.buffer.element-limit = 1 (custom)
2019-07-14 06:47:08,972 INFO  grpc.GrpcConfigKeys$Server (ConfUtils.java:logGet(43)) - raft.grpc.server.leader.outstanding.appends.max = 128 (default)
2019-07-14 06:47:08,972 INFO  server.RaftServerConfigKeys (ConfUtils.java:logGet(43)) - raft.server.rpc.request.timeout = 3000ms (default)
2019-07-14 06:47:08,972 INFO  server.RaftServerConfigKeys (ConfUtils.java:logGet(43)) - raft.server.log.appender.install.snapshot.enabled = false (custom)
2019-07-14 06:47:08,973 INFO  impl.RoleInfo (RoleInfo.java:updateAndGet(143)) - 0e795f71-4693-48a4-a740-6be98dd7eb1c: start LeaderState
2019-07-14 06:47:08,973 INFO  segmented.SegmentedRaftLogWorker (SegmentedRaftLogWorker.java:startLogSegment(380)) - 0e795f71-4693-48a4-a740-6be98dd7eb1c-SegmentedRaftLogWorker:Storage Directory /tmp/workdir/hadoop-ozone/integration-test/target/test-dir/MiniOzoneClusterImpl-cf69c69d-c954-44a7-bbc3-57d05d5b5054/datanode-5/data/ratis/235c1150-5cdd-410e-afbb-afad72b2ca8d: Starting segment from index:0
2019-07-14 06:47:08,973 INFO  impl.RaftServerImpl (ServerState.java:setRaftConf(361)) - 0e795f71-4693-48a4-a740-6be98dd7eb1c:group-AFAD72B2CA8D set configuration 0: [0ef29f36-e61d-45e2-ba11-8120f31623be:192.168.5.144:44326, 0e795f71-4693-48a4-a740-6be98dd7eb1c:192.168.5.144:38265, 2cabeef8-ba39-4343-a16a-5274d702a919:192.168.5.144:33338], old=null at 0
2019-07-14 06:47:08,975 INFO  impl.RaftServerImpl (ServerState.java:setLeader(263)) - 2cabeef8-ba39-4343-a16a-5274d702a919:group-AFAD72B2CA8D change Leader from null to 0e795f71-4693-48a4-a740-6be98dd7eb1c at term 1 for appendEntries, leader elected after 5104ms
2019-07-14 06:47:08,975 INFO  impl.RaftServerImpl (ServerState.java:setLeader(263)) - 0ef29f36-e61d-45e2-ba11-8120f31623be:group-AFAD72B2CA8D change Leader from null to 0e795f71-4693-48a4-a740-6be98dd7eb1c at term 1 for appendEntries, leader elected after 5104ms
2019-07-14 06:47:09,010 INFO  impl.RaftServerImpl (ServerState.java:setRaftConf(361)) - 2cabeef8-ba39-4343-a16a-5274d702a919:group-AFAD72B2CA8D set configuration 0: [0ef29f36-e61d-45e2-ba11-8120f31623be:192.168.5.144:44326, 0e795f71-4693-48a4-a740-6be98dd7eb1c:192.168.5.144:38265, 2cabeef8-ba39-4343-a16a-5274d702a919:192.168.5.144:33338], old=null at 0
2019-07-14 06:47:09,010 INFO  impl.RaftServerImpl (ServerState.java:setRaftConf(361)) - 0ef29f36-e61d-45e2-ba11-8120f31623be:group-AFAD72B2CA8D set configuration 0: [0ef29f36-e61d-45e2-ba11-8120f31623be:192.168.5.144:44326, 0e795f71-4693-48a4-a740-6be98dd7eb1c:192.168.5.144:38265, 2cabeef8-ba39-4343-a16a-5274d702a919:192.168.5.144:33338], old=null at 0
2019-07-14 06:47:09,010 INFO  segmented.SegmentedRaftLogWorker (SegmentedRaftLogWorker.java:startLogSegment(380)) - 2cabeef8-ba39-4343-a16a-5274d702a919-SegmentedRaftLogWorker:Storage Directory /tmp/workdir/hadoop-ozone/integration-test/target/test-dir/MiniOzoneClusterImpl-cf69c69d-c954-44a7-bbc3-57d05d5b5054/datanode-4/data/ratis/235c1150-5cdd-410e-afbb-afad72b2ca8d: Starting segment from index:0
2019-07-14 06:47:09,010 INFO  segmented.SegmentedRaftLogWorker (SegmentedRaftLogWorker.java:startLogSegment(380)) - 0ef29f36-e61d-45e2-ba11-8120f31623be-SegmentedRaftLogWorker:Storage Directory /tmp/workdir/hadoop-ozone/integration-test/target/test-dir/MiniOzoneClusterImpl-cf69c69d-c954-44a7-bbc3-57d05d5b5054/datanode-3/data/ratis/235c1150-5cdd-410e-afbb-afad72b2ca8d: Starting segment from index:0
2019-07-14 06:47:09,018 INFO  segmented.SegmentedRaftLogWorker (SegmentedRaftLogWorker.java:execute(569)) - 0e795f71-4693-48a4-a740-6be98dd7eb1c-SegmentedRaftLogWorker:Storage Directory /tmp/workdir/hadoop-ozone/integration-test/target/test-dir/MiniOzoneClusterImpl-cf69c69d-c954-44a7-bbc3-57d05d5b5054/datanode-5/data/ratis/235c1150-5cdd-410e-afbb-afad72b2ca8d: created new log segment /tmp/workdir/hadoop-ozone/integration-test/target/test-dir/MiniOzoneClusterImpl-cf69c69d-c954-44a7-bbc3-57d05d5b5054/datanode-5/data/ratis/235c1150-5cdd-410e-afbb-afad72b2ca8d/current/log_inprogress_0
2019-07-14 06:47:09,023 INFO  segmented.SegmentedRaftLogWorker (SegmentedRaftLogWorker.java:execute(569)) - 0ef29f36-e61d-45e2-ba11-8120f31623be-SegmentedRaftLogWorker:Storage Directory /tmp/workdir/hadoop-ozone/integration-test/target/test-dir/MiniOzoneClusterImpl-cf69c69d-c954-44a7-bbc3-57d05d5b5054/datanode-3/data/ratis/235c1150-5cdd-410e-afbb-afad72b2ca8d: created new log segment /tmp/workdir/hadoop-ozone/integration-test/target/test-dir/MiniOzoneClusterImpl-cf69c69d-c954-44a7-bbc3-57d05d5b5054/datanode-3/data/ratis/235c1150-5cdd-410e-afbb-afad72b2ca8d/current/log_inprogress_0
2019-07-14 06:47:09,039 INFO  segmented.SegmentedRaftLogWorker (SegmentedRaftLogWorker.java:execute(569)) - 2cabeef8-ba39-4343-a16a-5274d702a919-SegmentedRaftLogWorker:Storage Directory /tmp/workdir/hadoop-ozone/integration-test/target/test-dir/MiniOzoneClusterImpl-cf69c69d-c954-44a7-bbc3-57d05d5b5054/datanode-4/data/ratis/235c1150-5cdd-410e-afbb-afad72b2ca8d: created new log segment /tmp/workdir/hadoop-ozone/integration-test/target/test-dir/MiniOzoneClusterImpl-cf69c69d-c954-44a7-bbc3-57d05d5b5054/datanode-4/data/ratis/235c1150-5cdd-410e-afbb-afad72b2ca8d/current/log_inprogress_0
2019-07-14 06:47:09,096 INFO  impl.FollowerState (FollowerState.java:run(106)) - b50e17b9-e03b-4f33-bf1a-8a7e762bbef4:group-2855438921DA changes to CANDIDATE, lastRpcTime:5073, electionTimeout:5073ms
2019-07-14 06:47:09,097 INFO  impl.RoleInfo (RoleInfo.java:shutdownFollowerState(121)) - b50e17b9-e03b-4f33-bf1a-8a7e762bbef4: shutdown FollowerState
2019-07-14 06:47:09,097 INFO  impl.RaftServerImpl (RaftServerImpl.java:setRole(171)) - b50e17b9-e03b-4f33-bf1a-8a7e762bbef4:group-2855438921DA changes role from FOLLOWER to CANDIDATE at term 0 for changeToCandidate
2019-07-14 06:47:09,097 INFO  impl.RoleInfo (RoleInfo.java:updateAndGet(143)) - b50e17b9-e03b-4f33-bf1a-8a7e762bbef4: start LeaderElection
2019-07-14 06:47:09,157 INFO  impl.LeaderElection (LeaderElection.java:askForVotes(181)) - b50e17b9-e03b-4f33-bf1a-8a7e762bbef4:group-2855438921DA:LeaderElection30: begin an election at term 1 for -1: [b50e17b9-e03b-4f33-bf1a-8a7e762bbef4:192.168.5.144:46520], old=null
2019-07-14 06:47:09,157 INFO  impl.RoleInfo (RoleInfo.java:shutdownLeaderElection(134)) - b50e17b9-e03b-4f33-bf1a-8a7e762bbef4: shutdown LeaderElection
2019-07-14 06:47:09,157 INFO  impl.RaftServerImpl (RaftServerImpl.java:setRole(171)) - b50e17b9-e03b-4f33-bf1a-8a7e762bbef4:group-2855438921DA changes role from CANDIDATE to LEADER at term 1 for changeToLeader
2019-07-14 06:47:09,157 INFO  impl.RaftServerImpl (ServerState.java:setLeader(263)) - b50e17b9-e03b-4f33-bf1a-8a7e762bbef4:group-2855438921DA change Leader from null to b50e17b9-e03b-4f33-bf1a-8a7e762bbef4 at term 1 for becomeLeader, leader elected after 5138ms
2019-07-14 06:47:09,158 INFO  server.RaftServerConfigKeys (ConfUtils.java:logGet(43)) - raft.server.staging.catchup.gap = 1000 (default)
2019-07-14 06:47:09,158 INFO  server.RaftServerConfigKeys (ConfUtils.java:logGet(43)) - raft.server.rpc.sleep.time = 25ms (default)
2019-07-14 06:47:09,158 INFO  server.RaftServerConfigKeys (ConfUtils.java:logGet(43)) - raft.server.write.element-limit = 4096 (default)
2019-07-14 06:47:09,158 INFO  server.RaftServerConfigKeys (ConfUtils.java:logGet(43)) - raft.server.watch.timeout = 10s (default)
2019-07-14 06:47:09,158 INFO  server.RaftServerConfigKeys (ConfUtils.java:logGet(43)) - raft.server.watch.timeout.denomination = 1s (default)
2019-07-14 06:47:09,158 INFO  server.RaftServerConfigKeys (ConfUtils.java:logGet(43)) - raft.server.watch.element-limit = 65536 (default)
2019-07-14 06:47:09,158 INFO  impl.RoleInfo (RoleInfo.java:updateAndGet(143)) - b50e17b9-e03b-4f33-bf1a-8a7e762bbef4: start LeaderState
2019-07-14 06:47:09,158 INFO  segmented.SegmentedRaftLogWorker (SegmentedRaftLogWorker.java:startLogSegment(380)) - b50e17b9-e03b-4f33-bf1a-8a7e762bbef4-SegmentedRaftLogWorker:Storage Directory /tmp/workdir/hadoop-ozone/integration-test/target/test-dir/MiniOzoneClusterImpl-cf69c69d-c954-44a7-bbc3-57d05d5b5054/datanode-6/data/ratis/21aa74ff-9c16-4ec1-8174-2855438921da: Starting segment from index:0
2019-07-14 06:47:09,159 INFO  impl.RaftServerImpl (ServerState.java:setRaftConf(361)) - b50e17b9-e03b-4f33-bf1a-8a7e762bbef4:group-2855438921DA set configuration 0: [b50e17b9-e03b-4f33-bf1a-8a7e762bbef4:192.168.5.144:46520], old=null at 0
2019-07-14 06:47:09,175 INFO  segmented.SegmentedRaftLogWorker (SegmentedRaftLogWorker.java:execute(569)) - b50e17b9-e03b-4f33-bf1a-8a7e762bbef4-SegmentedRaftLogWorker:Storage Directory /tmp/workdir/hadoop-ozone/integration-test/target/test-dir/MiniOzoneClusterImpl-cf69c69d-c954-44a7-bbc3-57d05d5b5054/datanode-6/data/ratis/21aa74ff-9c16-4ec1-8174-2855438921da: created new log segment /tmp/workdir/hadoop-ozone/integration-test/target/test-dir/MiniOzoneClusterImpl-cf69c69d-c954-44a7-bbc3-57d05d5b5054/datanode-6/data/ratis/21aa74ff-9c16-4ec1-8174-2855438921da/current/log_inprogress_0
2019-07-14 06:47:09,322 INFO  client.GrpcClientProtocolClient (GrpcClientProtocolClient.java:onNext(255)) - client-4E980CA219F6->3241ab05-47cd-4c48-9fea-5ddbdbaeef39: receive RaftClientReply:client-4E980CA219F6->3241ab05-47cd-4c48-9fea-5ddbdbaeef39@group-4DD2A119F062, cid=53, SUCCESS, logIndex=1, commits[3241ab05-47cd-4c48-9fea-5ddbdbaeef39:c2, 2fef8973-174d-48d8-963e-54cf9187de8a:c1, a1305044-e17b-4b59-833a-89d8bcd36db1:c1]
2019-07-14 06:47:09,328 INFO  datanode.ObjectStoreHandler (ObjectStoreHandler.java:close(155)) - Closing ObjectStoreHandler.
2019-07-14 06:47:09,328 INFO  ozone.HddsDatanodeService (HddsDatanodeService.java:stop(452)) - Stopped plug-in org.apache.hadoop.ozone.web.OzoneHddsDatanodeService@54f9326c
2019-07-14 06:47:09,334 INFO  statemachine.DatanodeStateMachine (DatanodeStateMachine.java:lambda$startDaemon$0(350)) - Ozone container server started.
2019-07-14 06:47:09,774 WARN  server.GrpcLogAppender (LogUtils.java:warn(134)) - 5fa73f57-633f-4a9e-be98-152ac70662dd->0600c2b4-e1a3-427a-9fdb-084c61ff69c5: Failed appendEntries: org.apache.ratis.thirdparty.io.grpc.StatusRuntimeException: UNAVAILABLE: io exception
2019-07-14 06:47:09,783 INFO  impl.FollowerInfo (FollowerInfo.java:lambda$new$0(50)) - 5fa73f57-633f-4a9e-be98-152ac70662dd->0600c2b4-e1a3-427a-9fdb-084c61ff69c5: nextIndex: updateUnconditionally 0 -> 0
2019-07-14 06:47:09,792 WARN  server.GrpcLogAppender (LogUtils.java:warn(134)) - 5fa73f57-633f-4a9e-be98-152ac70662dd->d1bc6e12-59df-498f-9de7-253310cec742: Failed appendEntries: org.apache.ratis.thirdparty.io.grpc.StatusRuntimeException: UNAVAILABLE: io exception
2019-07-14 06:47:09,798 INFO  impl.FollowerInfo (FollowerInfo.java:lambda$new$0(50)) - 5fa73f57-633f-4a9e-be98-152ac70662dd->d1bc6e12-59df-498f-9de7-253310cec742: nextIndex: updateUnconditionally 0 -> 0
2019-07-14 06:47:12,276 WARN  server.GrpcLogAppender (LogUtils.java:warn(134)) - 5fa73f57-633f-4a9e-be98-152ac70662dd->0600c2b4-e1a3-427a-9fdb-084c61ff69c5: Failed appendEntries: org.apache.ratis.thirdparty.io.grpc.StatusRuntimeException: UNAVAILABLE: io exception
2019-07-14 06:47:12,282 INFO  impl.FollowerInfo (FollowerInfo.java:lambda$new$0(50)) - 5fa73f57-633f-4a9e-be98-152ac70662dd->0600c2b4-e1a3-427a-9fdb-084c61ff69c5: nextIndex: updateUnconditionally 0 -> 0
2019-07-14 06:47:12,293 WARN  server.GrpcLogAppender (LogUtils.java:warn(134)) - 5fa73f57-633f-4a9e-be98-152ac70662dd->d1bc6e12-59df-498f-9de7-253310cec742: Failed appendEntries: org.apache.ratis.thirdparty.io.grpc.StatusRuntimeException: UNAVAILABLE: io exception
2019-07-14 06:47:12,298 INFO  impl.FollowerInfo (FollowerInfo.java:lambda$new$0(50)) - 5fa73f57-633f-4a9e-be98-152ac70662dd->d1bc6e12-59df-498f-9de7-253310cec742: nextIndex: updateUnconditionally 0 -> 0
2019-07-14 06:47:14,330 INFO  ozoneimpl.OzoneContainer (OzoneContainer.java:stop(199)) - Attempting to stop container services.
2019-07-14 06:47:14,330 INFO  impl.RaftServerProxy (RaftServerProxy.java:lambda$close$4(314)) - 2fef8973-174d-48d8-963e-54cf9187de8a: close
2019-07-14 06:47:14,331 INFO  impl.RaftServerImpl (RaftServerImpl.java:lambda$shutdown$3(245)) - 2fef8973-174d-48d8-963e-54cf9187de8a: shutdown group-32577535543D
2019-07-14 06:47:14,331 INFO  util.JmxRegister (JmxRegister.java:unregister(73)) - Successfully un-registered JMX Bean with object name Ratis:service=RaftServer,group=group-32577535543D,id=2fef8973-174d-48d8-963e-54cf9187de8a
2019-07-14 06:47:14,332 INFO  impl.RoleInfo (RoleInfo.java:shutdownLeaderState(104)) - 2fef8973-174d-48d8-963e-54cf9187de8a: shutdown LeaderState
2019-07-14 06:47:14,332 INFO  impl.PendingRequests (PendingRequests.java:sendNotLeaderResponses(202)) - 2fef8973-174d-48d8-963e-54cf9187de8a-PendingRequests: sendNotLeaderResponses
2019-07-14 06:47:14,339 INFO  impl.StateMachineUpdater (StateMachineUpdater.java:stopAndJoin(115)) - StateMachineUpdater:2fef8973-174d-48d8-963e-54cf9187de8a:group-32577535543D: set stopIndex = 0
2019-07-14 06:47:14,339 INFO  impl.RaftServerImpl (ServerState.java:close(394)) - 2fef8973-174d-48d8-963e-54cf9187de8a:group-32577535543D closes. The last applied log index is 0
2019-07-14 06:47:14,340 INFO  segmented.SegmentedRaftLogWorker (SegmentedRaftLogWorker.java:run(313)) - 2fef8973-174d-48d8-963e-54cf9187de8a-SegmentedRaftLogWorker:Storage Directory /tmp/workdir/hadoop-ozone/integration-test/target/test-dir/MiniOzoneClusterImpl-cf69c69d-c954-44a7-bbc3-57d05d5b5054/datanode-2/data/ratis/d8feb8a4-5a1e-4230-9560-32577535543d was interrupted, exiting. There are 0 tasks remaining in the queue.
2019-07-14 06:47:14,345 INFO  segmented.SegmentedRaftLogWorker (SegmentedRaftLogWorker.java:close(228)) - 2fef8973-174d-48d8-963e-54cf9187de8a-SegmentedRaftLogWorker:Storage Directory /tmp/workdir/hadoop-ozone/integration-test/target/test-dir/MiniOzoneClusterImpl-cf69c69d-c954-44a7-bbc3-57d05d5b5054/datanode-2/data/ratis/d8feb8a4-5a1e-4230-9560-32577535543d close()
2019-07-14 06:47:14,355 INFO  impl.RaftServerImpl (RaftServerImpl.java:lambda$shutdown$3(245)) - 2fef8973-174d-48d8-963e-54cf9187de8a: shutdown group-4DD2A119F062
2019-07-14 06:47:14,355 INFO  util.JmxRegister (JmxRegister.java:unregister(73)) - Successfully un-registered JMX Bean with object name Ratis:service=RaftServer,group=group-4DD2A119F062,id=2fef8973-174d-48d8-963e-54cf9187de8a
2019-07-14 06:47:14,356 INFO  impl.RoleInfo (RoleInfo.java:shutdownFollowerState(121)) - 2fef8973-174d-48d8-963e-54cf9187de8a: shutdown FollowerState
2019-07-14 06:47:14,356 INFO  impl.StateMachineUpdater (StateMachineUpdater.java:stopAndJoin(115)) - StateMachineUpdater:2fef8973-174d-48d8-963e-54cf9187de8a:group-4DD2A119F062: set stopIndex = 2
2019-07-14 06:47:14,356 INFO  ratis.ContainerStateMachine (ContainerStateMachine.java:takeSnapshot(249)) - group-4DD2A119F062: Taking a snapshot at:(t:1, i:1) file /tmp/workdir/hadoop-ozone/integration-test/target/test-dir/MiniOzoneClusterImpl-cf69c69d-c954-44a7-bbc3-57d05d5b5054/datanode-2/data/ratis/de3a0ff2-cebb-4177-baf0-4dd2a119f062/sm/snapshot.1_1
2019-07-14 06:47:14,356 INFO  impl.FollowerState (FollowerState.java:run(114)) - 2fef8973-174d-48d8-963e-54cf9187de8a: FollowerState was interrupted: java.lang.InterruptedException: sleep interrupted
2019-07-14 06:47:14,361 INFO  ratis.ContainerStateMachine (ContainerStateMachine.java:takeSnapshot(257)) - group-4DD2A119F062: Finished taking a snapshot at:(t:1, i:1) file:/tmp/workdir/hadoop-ozone/integration-test/target/test-dir/MiniOzoneClusterImpl-cf69c69d-c954-44a7-bbc3-57d05d5b5054/datanode-2/data/ratis/de3a0ff2-cebb-4177-baf0-4dd2a119f062/sm/snapshot.1_1 time:5
2019-07-14 06:47:14,361 INFO  impl.StateMachineUpdater (StateMachineUpdater.java:takeSnapshot(242)) - StateMachineUpdater:2fef8973-174d-48d8-963e-54cf9187de8a:group-4DD2A119F062: Took a snapshot at index 1
2019-07-14 06:47:14,361 INFO  impl.StateMachineUpdater (StateMachineUpdater.java:lambda$new$0(80)) - StateMachineUpdater:2fef8973-174d-48d8-963e-54cf9187de8a:group-4DD2A119F062: snapshotIndex: updateIncreasingly -1 -> 1
2019-07-14 06:47:14,362 INFO  impl.RaftServerImpl (ServerState.java:close(394)) - 2fef8973-174d-48d8-963e-54cf9187de8a:group-4DD2A119F062 closes. The last applied log index is 2
2019-07-14 06:47:14,362 INFO  segmented.SegmentedRaftLogWorker (SegmentedRaftLogWorker.java:run(313)) - 2fef8973-174d-48d8-963e-54cf9187de8a-SegmentedRaftLogWorker:Storage Directory /tmp/workdir/hadoop-ozone/integration-test/target/test-dir/MiniOzoneClusterImpl-cf69c69d-c954-44a7-bbc3-57d05d5b5054/datanode-2/data/ratis/de3a0ff2-cebb-4177-baf0-4dd2a119f062 was interrupted, exiting. There are 0 tasks remaining in the queue.
2019-07-14 06:47:14,367 INFO  segmented.SegmentedRaftLogWorker (SegmentedRaftLogWorker.java:close(228)) - 2fef8973-174d-48d8-963e-54cf9187de8a-SegmentedRaftLogWorker:Storage Directory /tmp/workdir/hadoop-ozone/integration-test/target/test-dir/MiniOzoneClusterImpl-cf69c69d-c954-44a7-bbc3-57d05d5b5054/datanode-2/data/ratis/de3a0ff2-cebb-4177-baf0-4dd2a119f062 close()
2019-07-14 06:47:14,376 INFO  server.GrpcService (GrpcService.java:closeImpl(155)) - 2fef8973-174d-48d8-963e-54cf9187de8a: shutdown server with port 46823 now
2019-07-14 06:47:14,384 WARN  server.GrpcServerProtocolService (LogUtils.java:warn(134)) - 2fef8973-174d-48d8-963e-54cf9187de8a: appendEntries onError: org.apache.ratis.thirdparty.io.grpc.StatusRuntimeException: CANCELLED: cancelled before receiving half close
2019-07-14 06:47:14,388 INFO  server.GrpcService (GrpcService.java:closeImpl(163)) - 2fef8973-174d-48d8-963e-54cf9187de8a: shutdown server with port 46823 successfully
2019-07-14 06:47:14,388 WARN  server.GrpcLogAppender (LogUtils.java:warn(134)) - 3241ab05-47cd-4c48-9fea-5ddbdbaeef39->2fef8973-174d-48d8-963e-54cf9187de8a: Failed appendEntries: org.apache.ratis.thirdparty.io.grpc.StatusRuntimeException: CANCELLED: HTTP/2 error code: CANCEL
Received Rst Stream
2019-07-14 06:47:14,393 INFO  impl.FollowerInfo (FollowerInfo.java:lambda$new$0(50)) - 3241ab05-47cd-4c48-9fea-5ddbdbaeef39->2fef8973-174d-48d8-963e-54cf9187de8a: nextIndex: updateUnconditionally 3 -> 2
2019-07-14 06:47:14,401 INFO  utils.BackgroundService (BackgroundService.java:shutdown(148)) - Shutting down service BlockDeletingService
2019-07-14 06:47:14,402 WARN  fs.CachingGetSpaceUsed (CachingGetSpaceUsed.java:run(183)) - Thread Interrupted waiting to refresh disk information: sleep interrupted
2019-07-14 06:47:14,428 INFO  statemachine.DatanodeStateMachine (DatanodeStateMachine.java:stopDaemon(395)) - Ozone container server stopped.
2019-07-14 06:47:14,429 INFO  handler.ContextHandler (ContextHandler.java:doStop(910)) - Stopped o.e.j.w.WebAppContext@6c9e74f3{/,null,UNAVAILABLE}{/hddsDatanode}
2019-07-14 06:47:14,430 INFO  server.AbstractConnector (AbstractConnector.java:doStop(318)) - Stopped ServerConnector@813ab53{HTTP/1.1,[http/1.1]}{0.0.0.0:0}
2019-07-14 06:47:14,430 INFO  handler.ContextHandler (ContextHandler.java:doStop(910)) - Stopped o.e.j.s.ServletContextHandler@1ed52f44{/static,jar:file:/home/user/.m2/repository/org/apache/hadoop/hadoop-hdds-container-service/0.5.0-SNAPSHOT/hadoop-hdds-container-service-0.5.0-SNAPSHOT.jar!/webapps/static,UNAVAILABLE}
2019-07-14 06:47:14,431 INFO  handler.ContextHandler (ContextHandler.java:doStop(910)) - Stopped o.e.j.s.ServletContextHandler@66456506{/logs,file:///tmp/workdir/hadoop-ozone/integration-test/target/log,UNAVAILABLE}
2019-07-14 06:47:14,432 INFO  datanode.ObjectStoreHandler (ObjectStoreHandler.java:close(155)) - Closing ObjectStoreHandler.
2019-07-14 06:47:14,432 INFO  ozone.HddsDatanodeService (HddsDatanodeService.java:stop(452)) - Stopped plug-in org.apache.hadoop.ozone.web.OzoneHddsDatanodeService@443dae2
2019-07-14 06:47:14,776 WARN  server.GrpcLogAppender (LogUtils.java:warn(134)) - 5fa73f57-633f-4a9e-be98-152ac70662dd->0600c2b4-e1a3-427a-9fdb-084c61ff69c5: Failed appendEntries: org.apache.ratis.thirdparty.io.grpc.StatusRuntimeException: UNAVAILABLE: io exception
2019-07-14 06:47:14,784 INFO  impl.FollowerInfo (FollowerInfo.java:lambda$new$0(50)) - 5fa73f57-633f-4a9e-be98-152ac70662dd->0600c2b4-e1a3-427a-9fdb-084c61ff69c5: nextIndex: updateUnconditionally 0 -> 0
2019-07-14 06:47:14,794 WARN  server.GrpcLogAppender (LogUtils.java:warn(134)) - 5fa73f57-633f-4a9e-be98-152ac70662dd->d1bc6e12-59df-498f-9de7-253310cec742: Failed appendEntries: org.apache.ratis.thirdparty.io.grpc.StatusRuntimeException: UNAVAILABLE: io exception
2019-07-14 06:47:14,828 INFO  impl.FollowerInfo (FollowerInfo.java:lambda$new$0(50)) - 5fa73f57-633f-4a9e-be98-152ac70662dd->d1bc6e12-59df-498f-9de7-253310cec742: nextIndex: updateUnconditionally 0 -> 0
2019-07-14 06:47:15,338 INFO  statemachine.DatanodeStateMachine (DatanodeStateMachine.java:lambda$startDaemon$0(350)) - Ozone container server started.
2019-07-14 06:47:16,762 WARN  server.GrpcLogAppender (LogUtils.java:warn(134)) - 3241ab05-47cd-4c48-9fea-5ddbdbaeef39->2fef8973-174d-48d8-963e-54cf9187de8a: Failed appendEntries: org.apache.ratis.thirdparty.io.grpc.StatusRuntimeException: UNAVAILABLE: io exception
2019-07-14 06:47:16,763 INFO  impl.FollowerInfo (FollowerInfo.java:lambda$new$0(50)) - 3241ab05-47cd-4c48-9fea-5ddbdbaeef39->2fef8973-174d-48d8-963e-54cf9187de8a: nextIndex: updateUnconditionally 2 -> 1
2019-07-14 06:47:17,277 WARN  server.GrpcLogAppender (LogUtils.java:warn(134)) - 5fa73f57-633f-4a9e-be98-152ac70662dd->0600c2b4-e1a3-427a-9fdb-084c61ff69c5: Failed appendEntries: org.apache.ratis.thirdparty.io.grpc.StatusRuntimeException: UNAVAILABLE: io exception
2019-07-14 06:47:17,278 INFO  impl.FollowerInfo (FollowerInfo.java:lambda$new$0(50)) - 5fa73f57-633f-4a9e-be98-152ac70662dd->0600c2b4-e1a3-427a-9fdb-084c61ff69c5: nextIndex: updateUnconditionally 0 -> 0
2019-07-14 06:47:17,295 WARN  server.GrpcLogAppender (LogUtils.java:warn(134)) - 5fa73f57-633f-4a9e-be98-152ac70662dd->d1bc6e12-59df-498f-9de7-253310cec742: Failed appendEntries: org.apache.ratis.thirdparty.io.grpc.StatusRuntimeException: UNAVAILABLE: io exception
2019-07-14 06:47:17,296 INFO  impl.FollowerInfo (FollowerInfo.java:lambda$new$0(50)) - 5fa73f57-633f-4a9e-be98-152ac70662dd->d1bc6e12-59df-498f-9de7-253310cec742: nextIndex: updateUnconditionally 0 -> 0
2019-07-14 06:47:19,323 WARN  server.GrpcLogAppender (LogUtils.java:warn(134)) - 3241ab05-47cd-4c48-9fea-5ddbdbaeef39->2fef8973-174d-48d8-963e-54cf9187de8a: Failed appendEntries: org.apache.ratis.thirdparty.io.grpc.StatusRuntimeException: UNAVAILABLE: io exception
2019-07-14 06:47:19,323 INFO  impl.FollowerInfo (FollowerInfo.java:lambda$new$0(50)) - 3241ab05-47cd-4c48-9fea-5ddbdbaeef39->2fef8973-174d-48d8-963e-54cf9187de8a: nextIndex: updateUnconditionally 1 -> 0
2019-07-14 06:47:19,433 INFO  ozoneimpl.OzoneContainer (OzoneContainer.java:stop(199)) - Attempting to stop container services.
2019-07-14 06:47:19,433 INFO  impl.RaftServerProxy (RaftServerProxy.java:lambda$close$4(314)) - a1305044-e17b-4b59-833a-89d8bcd36db1: close
2019-07-14 06:47:19,434 INFO  impl.RaftServerImpl (RaftServerImpl.java:lambda$shutdown$3(245)) - a1305044-e17b-4b59-833a-89d8bcd36db1: shutdown group-43F5E8B1B36C
2019-07-14 06:47:19,434 INFO  util.JmxRegister (JmxRegister.java:unregister(73)) - Successfully un-registered JMX Bean with object name Ratis:service=RaftServer,group=group-43F5E8B1B36C,id=a1305044-e17b-4b59-833a-89d8bcd36db1
2019-07-14 06:47:19,434 INFO  impl.RoleInfo (RoleInfo.java:shutdownLeaderState(104)) - a1305044-e17b-4b59-833a-89d8bcd36db1: shutdown LeaderState
2019-07-14 06:47:19,435 INFO  impl.PendingRequests (PendingRequests.java:sendNotLeaderResponses(202)) - a1305044-e17b-4b59-833a-89d8bcd36db1-PendingRequests: sendNotLeaderResponses
2019-07-14 06:47:19,435 INFO  impl.StateMachineUpdater (StateMachineUpdater.java:stopAndJoin(115)) - StateMachineUpdater:a1305044-e17b-4b59-833a-89d8bcd36db1:group-43F5E8B1B36C: set stopIndex = 0
2019-07-14 06:47:19,435 INFO  impl.RaftServerImpl (ServerState.java:close(394)) - a1305044-e17b-4b59-833a-89d8bcd36db1:group-43F5E8B1B36C closes. The last applied log index is 0
2019-07-14 06:47:19,436 INFO  segmented.SegmentedRaftLogWorker (SegmentedRaftLogWorker.java:run(313)) - a1305044-e17b-4b59-833a-89d8bcd36db1-SegmentedRaftLogWorker:Storage Directory /tmp/workdir/hadoop-ozone/integration-test/target/test-dir/MiniOzoneClusterImpl-cf69c69d-c954-44a7-bbc3-57d05d5b5054/datanode-1/data/ratis/7ceb1e3a-0605-4015-9ee5-43f5e8b1b36c was interrupted, exiting. There are 0 tasks remaining in the queue.
2019-07-14 06:47:19,443 INFO  segmented.SegmentedRaftLogWorker (SegmentedRaftLogWorker.java:close(228)) - a1305044-e17b-4b59-833a-89d8bcd36db1-SegmentedRaftLogWorker:Storage Directory /tmp/workdir/hadoop-ozone/integration-test/target/test-dir/MiniOzoneClusterImpl-cf69c69d-c954-44a7-bbc3-57d05d5b5054/datanode-1/data/ratis/7ceb1e3a-0605-4015-9ee5-43f5e8b1b36c close()
2019-07-14 06:47:19,453 INFO  impl.RaftServerImpl (RaftServerImpl.java:lambda$shutdown$3(245)) - a1305044-e17b-4b59-833a-89d8bcd36db1: shutdown group-4DD2A119F062
2019-07-14 06:47:19,454 INFO  util.JmxRegister (JmxRegister.java:unregister(73)) - Successfully un-registered JMX Bean with object name Ratis:service=RaftServer,group=group-4DD2A119F062,id=a1305044-e17b-4b59-833a-89d8bcd36db1
2019-07-14 06:47:19,454 INFO  impl.RoleInfo (RoleInfo.java:shutdownFollowerState(121)) - a1305044-e17b-4b59-833a-89d8bcd36db1: shutdown FollowerState
2019-07-14 06:47:19,454 INFO  impl.StateMachineUpdater (StateMachineUpdater.java:stopAndJoin(115)) - StateMachineUpdater:a1305044-e17b-4b59-833a-89d8bcd36db1:group-4DD2A119F062: set stopIndex = 2
2019-07-14 06:47:19,454 INFO  ratis.ContainerStateMachine (ContainerStateMachine.java:takeSnapshot(249)) - group-4DD2A119F062: Taking a snapshot at:(t:1, i:1) file /tmp/workdir/hadoop-ozone/integration-test/target/test-dir/MiniOzoneClusterImpl-cf69c69d-c954-44a7-bbc3-57d05d5b5054/datanode-1/data/ratis/de3a0ff2-cebb-4177-baf0-4dd2a119f062/sm/snapshot.1_1
2019-07-14 06:47:19,454 INFO  impl.FollowerState (FollowerState.java:run(114)) - a1305044-e17b-4b59-833a-89d8bcd36db1: FollowerState was interrupted: java.lang.InterruptedException: sleep interrupted
2019-07-14 06:47:19,460 INFO  ratis.ContainerStateMachine (ContainerStateMachine.java:takeSnapshot(257)) - group-4DD2A119F062: Finished taking a snapshot at:(t:1, i:1) file:/tmp/workdir/hadoop-ozone/integration-test/target/test-dir/MiniOzoneClusterImpl-cf69c69d-c954-44a7-bbc3-57d05d5b5054/datanode-1/data/ratis/de3a0ff2-cebb-4177-baf0-4dd2a119f062/sm/snapshot.1_1 time:6
2019-07-14 06:47:19,460 INFO  impl.StateMachineUpdater (StateMachineUpdater.java:takeSnapshot(242)) - StateMachineUpdater:a1305044-e17b-4b59-833a-89d8bcd36db1:group-4DD2A119F062: Took a snapshot at index 1
2019-07-14 06:47:19,460 INFO  impl.StateMachineUpdater (StateMachineUpdater.java:lambda$new$0(80)) - StateMachineUpdater:a1305044-e17b-4b59-833a-89d8bcd36db1:group-4DD2A119F062: snapshotIndex: updateIncreasingly -1 -> 1
2019-07-14 06:47:19,460 INFO  impl.RaftServerImpl (ServerState.java:close(394)) - a1305044-e17b-4b59-833a-89d8bcd36db1:group-4DD2A119F062 closes. The last applied log index is 2
2019-07-14 06:47:19,461 INFO  segmented.SegmentedRaftLogWorker (SegmentedRaftLogWorker.java:run(313)) - a1305044-e17b-4b59-833a-89d8bcd36db1-SegmentedRaftLogWorker:Storage Directory /tmp/workdir/hadoop-ozone/integration-test/target/test-dir/MiniOzoneClusterImpl-cf69c69d-c954-44a7-bbc3-57d05d5b5054/datanode-1/data/ratis/de3a0ff2-cebb-4177-baf0-4dd2a119f062 was interrupted, exiting. There are 0 tasks remaining in the queue.
2019-07-14 06:47:19,466 INFO  segmented.SegmentedRaftLogWorker (SegmentedRaftLogWorker.java:close(228)) - a1305044-e17b-4b59-833a-89d8bcd36db1-SegmentedRaftLogWorker:Storage Directory /tmp/workdir/hadoop-ozone/integration-test/target/test-dir/MiniOzoneClusterImpl-cf69c69d-c954-44a7-bbc3-57d05d5b5054/datanode-1/data/ratis/de3a0ff2-cebb-4177-baf0-4dd2a119f062 close()
2019-07-14 06:47:19,477 INFO  server.GrpcService (GrpcService.java:closeImpl(155)) - a1305044-e17b-4b59-833a-89d8bcd36db1: shutdown server with port 43507 now
2019-07-14 06:47:19,478 WARN  server.GrpcServerProtocolService (LogUtils.java:warn(134)) - a1305044-e17b-4b59-833a-89d8bcd36db1: appendEntries onError: org.apache.ratis.thirdparty.io.grpc.StatusRuntimeException: CANCELLED: cancelled before receiving half close
2019-07-14 06:47:19,478 INFO  server.GrpcService (GrpcService.java:closeImpl(163)) - a1305044-e17b-4b59-833a-89d8bcd36db1: shutdown server with port 43507 successfully
2019-07-14 06:47:19,478 WARN  server.GrpcLogAppender (LogUtils.java:warn(134)) - 3241ab05-47cd-4c48-9fea-5ddbdbaeef39->a1305044-e17b-4b59-833a-89d8bcd36db1: Failed appendEntries: org.apache.ratis.thirdparty.io.grpc.StatusRuntimeException: CANCELLED: HTTP/2 error code: CANCEL
Received Rst Stream
2019-07-14 06:47:19,478 INFO  impl.FollowerInfo (FollowerInfo.java:lambda$new$0(50)) - 3241ab05-47cd-4c48-9fea-5ddbdbaeef39->a1305044-e17b-4b59-833a-89d8bcd36db1: nextIndex: updateUnconditionally 3 -> 2
2019-07-14 06:47:19,479 INFO  utils.BackgroundService (BackgroundService.java:shutdown(148)) - Shutting down service BlockDeletingService
2019-07-14 06:47:19,486 WARN  fs.CachingGetSpaceUsed (CachingGetSpaceUsed.java:run(183)) - Thread Interrupted waiting to refresh disk information: sleep interrupted
2019-07-14 06:47:19,516 INFO  statemachine.DatanodeStateMachine (DatanodeStateMachine.java:stopDaemon(395)) - Ozone container server stopped.
2019-07-14 06:47:19,517 INFO  handler.ContextHandler (ContextHandler.java:doStop(910)) - Stopped o.e.j.w.WebAppContext@43e7f104{/,null,UNAVAILABLE}{/hddsDatanode}
2019-07-14 06:47:19,522 INFO  server.AbstractConnector (AbstractConnector.java:doStop(318)) - Stopped ServerConnector@7294a684{HTTP/1.1,[http/1.1]}{0.0.0.0:0}
2019-07-14 06:47:19,523 INFO  handler.ContextHandler (ContextHandler.java:doStop(910)) - Stopped o.e.j.s.ServletContextHandler@17189618{/static,jar:file:/home/user/.m2/repository/org/apache/hadoop/hadoop-hdds-container-service/0.5.0-SNAPSHOT/hadoop-hdds-container-service-0.5.0-SNAPSHOT.jar!/webapps/static,UNAVAILABLE}
2019-07-14 06:47:19,523 INFO  handler.ContextHandler (ContextHandler.java:doStop(910)) - Stopped o.e.j.s.ServletContextHandler@7c03f9d0{/logs,file:///tmp/workdir/hadoop-ozone/integration-test/target/log,UNAVAILABLE}
2019-07-14 06:47:19,535 INFO  client.GrpcClientProtocolClient (GrpcClientProtocolClient.java:onNext(255)) - client-4E980CA219F6->3241ab05-47cd-4c48-9fea-5ddbdbaeef39: receive RaftClientReply:client-4E980CA219F6->3241ab05-47cd-4c48-9fea-5ddbdbaeef39@group-4DD2A119F062, cid=54, SUCCESS, logIndex=0, commits[3241ab05-47cd-4c48-9fea-5ddbdbaeef39:c2, 2fef8973-174d-48d8-963e-54cf9187de8a:c2, a1305044-e17b-4b59-833a-89d8bcd36db1:c2]
]]></system-out>
    <system-err><![CDATA[Jul 14, 2019 6:46:58 AM com.sun.jersey.server.impl.application.WebApplicationImpl _initiate
INFO: Initiating Jersey application, version 'Jersey: 1.19 02/11/2015 03:25 AM'
Jul 14, 2019 6:46:58 AM com.sun.jersey.server.impl.application.WebApplicationImpl _initiate
INFO: Initiating Jersey application, version 'Jersey: 1.19 02/11/2015 03:25 AM'
Jul 14, 2019 6:46:58 AM com.sun.jersey.server.impl.application.WebApplicationImpl _initiate
INFO: Initiating Jersey application, version 'Jersey: 1.19 02/11/2015 03:25 AM'
Jul 14, 2019 6:46:59 AM com.sun.jersey.server.impl.application.WebApplicationImpl _initiate
INFO: Initiating Jersey application, version 'Jersey: 1.19 02/11/2015 03:25 AM'
Jul 14, 2019 6:46:59 AM com.sun.jersey.server.impl.application.WebApplicationImpl _initiate
INFO: Initiating Jersey application, version 'Jersey: 1.19 02/11/2015 03:25 AM'
Jul 14, 2019 6:46:59 AM com.sun.jersey.server.impl.application.WebApplicationImpl _initiate
INFO: Initiating Jersey application, version 'Jersey: 1.19 02/11/2015 03:25 AM'
Jul 14, 2019 6:46:59 AM com.sun.jersey.server.impl.application.WebApplicationImpl _initiate
INFO: Initiating Jersey application, version 'Jersey: 1.19 02/11/2015 03:25 AM'
]]></system-err>
  </testcase>
  <testcase name="testWatchForCommitForGroupMismatchException" classname="org.apache.hadoop.ozone.client.rpc.TestWatchForCommit" time="32.342"/>
  <testcase name="test2WayCommitForTimeoutException" classname="org.apache.hadoop.ozone.client.rpc.TestWatchForCommit" time="35.477"/>
  <testcase name="test2WayCommitForRetryfailure" classname="org.apache.hadoop.ozone.client.rpc.TestWatchForCommit" time="20.771">
    <error message="org.apache.ratis.protocol.RaftRetryFailureException: Failed RaftClientRequest:client-493D30CD920F-&gt;54c5adbd-b69f-4eff-96a5-7b751c858806@group-2934EFD0A74F, cid=107, seq=2*, RW, org.apache.hadoop.hdds.scm.XceiverClientRatis$$Lambda$309/674659751@788363c2 for 8 attempts with RetryLimited(maxAttempts=8, sleepTime=1000ms)" type="java.util.concurrent.ExecutionException">java.util.concurrent.ExecutionException: org.apache.ratis.protocol.RaftRetryFailureException: Failed RaftClientRequest:client-493D30CD920F->54c5adbd-b69f-4eff-96a5-7b751c858806@group-2934EFD0A74F, cid=107, seq=2*, RW, org.apache.hadoop.hdds.scm.XceiverClientRatis$$Lambda$309/674659751@788363c2 for 8 attempts with RetryLimited(maxAttempts=8, sleepTime=1000ms)
	at java.util.concurrent.CompletableFuture.reportGet(CompletableFuture.java:357)
	at java.util.concurrent.CompletableFuture.get(CompletableFuture.java:1895)
	at org.apache.hadoop.ozone.client.rpc.TestWatchForCommit.test2WayCommitForRetryfailure(TestWatchForCommit.java:388)
	at sun.reflect.NativeMethodAccessorImpl.invoke0(Native Method)
	at sun.reflect.NativeMethodAccessorImpl.invoke(NativeMethodAccessorImpl.java:62)
	at sun.reflect.DelegatingMethodAccessorImpl.invoke(DelegatingMethodAccessorImpl.java:43)
	at java.lang.reflect.Method.invoke(Method.java:498)
	at org.junit.runners.model.FrameworkMethod$1.runReflectiveCall(FrameworkMethod.java:47)
	at org.junit.internal.runners.model.ReflectiveCallable.run(ReflectiveCallable.java:12)
	at org.junit.runners.model.FrameworkMethod.invokeExplosively(FrameworkMethod.java:44)
	at org.junit.internal.runners.statements.InvokeMethod.evaluate(InvokeMethod.java:17)
	at org.junit.runners.ParentRunner.runLeaf(ParentRunner.java:271)
	at org.junit.runners.BlockJUnit4ClassRunner.runChild(BlockJUnit4ClassRunner.java:70)
	at org.junit.runners.BlockJUnit4ClassRunner.runChild(BlockJUnit4ClassRunner.java:50)
	at org.junit.runners.ParentRunner$3.run(ParentRunner.java:238)
	at org.junit.runners.ParentRunner$1.schedule(ParentRunner.java:63)
	at org.junit.runners.ParentRunner.runChildren(ParentRunner.java:236)
	at org.junit.runners.ParentRunner.access$000(ParentRunner.java:53)
	at org.junit.runners.ParentRunner$2.evaluate(ParentRunner.java:229)
	at org.junit.runners.ParentRunner.run(ParentRunner.java:309)
	at org.apache.maven.surefire.junit4.JUnit4Provider.execute(JUnit4Provider.java:365)
	at org.apache.maven.surefire.junit4.JUnit4Provider.executeWithRerun(JUnit4Provider.java:273)
	at org.apache.maven.surefire.junit4.JUnit4Provider.executeTestSet(JUnit4Provider.java:238)
	at org.apache.maven.surefire.junit4.JUnit4Provider.invoke(JUnit4Provider.java:159)
	at org.apache.maven.surefire.booter.ForkedBooter.invokeProviderInSameClassLoader(ForkedBooter.java:384)
	at org.apache.maven.surefire.booter.ForkedBooter.runSuitesInProcess(ForkedBooter.java:345)
	at org.apache.maven.surefire.booter.ForkedBooter.execute(ForkedBooter.java:126)
	at org.apache.maven.surefire.booter.ForkedBooter.main(ForkedBooter.java:418)
Caused by: org.apache.ratis.protocol.RaftRetryFailureException: Failed RaftClientRequest:client-493D30CD920F->54c5adbd-b69f-4eff-96a5-7b751c858806@group-2934EFD0A74F, cid=107, seq=2*, RW, org.apache.hadoop.hdds.scm.XceiverClientRatis$$Lambda$309/674659751@788363c2 for 8 attempts with RetryLimited(maxAttempts=8, sleepTime=1000ms)
	at org.apache.ratis.client.impl.RaftClientImpl.noMoreRetries(RaftClientImpl.java:272)
	at org.apache.ratis.client.impl.OrderedAsync.handleAsyncRetryFailure(OrderedAsync.java:138)
	at org.apache.ratis.client.impl.OrderedAsync.lambda$sendRequest$10(OrderedAsync.java:230)
	at java.util.concurrent.CompletableFuture.uniExceptionally(CompletableFuture.java:870)
	at java.util.concurrent.CompletableFuture$UniExceptionally.tryFire(CompletableFuture.java:852)
	at java.util.concurrent.CompletableFuture.postComplete(CompletableFuture.java:474)
	at java.util.concurrent.CompletableFuture.completeExceptionally(CompletableFuture.java:1977)
	at org.apache.ratis.grpc.client.GrpcClientProtocolClient$AsyncStreamObservers.completeReplyExceptionally(GrpcClientProtocolClient.java:330)
	at org.apache.ratis.grpc.client.GrpcClientProtocolClient$AsyncStreamObservers.access$000(GrpcClientProtocolClient.java:246)
	at org.apache.ratis.grpc.client.GrpcClientProtocolClient$AsyncStreamObservers$1.onError(GrpcClientProtocolClient.java:275)
	at org.apache.ratis.thirdparty.io.grpc.stub.ClientCalls$StreamObserverToCallListenerAdapter.onClose(ClientCalls.java:434)
	at org.apache.ratis.thirdparty.io.grpc.PartialForwardingClientCallListener.onClose(PartialForwardingClientCallListener.java:39)
	at org.apache.ratis.thirdparty.io.grpc.ForwardingClientCallListener.onClose(ForwardingClientCallListener.java:23)
	at org.apache.ratis.thirdparty.io.grpc.ForwardingClientCallListener$SimpleForwardingClientCallListener.onClose(ForwardingClientCallListener.java:40)
	at org.apache.ratis.thirdparty.io.grpc.internal.CensusStatsModule$StatsClientInterceptor$1$1.onClose(CensusStatsModule.java:678)
	at org.apache.ratis.thirdparty.io.grpc.PartialForwardingClientCallListener.onClose(PartialForwardingClientCallListener.java:39)
	at org.apache.ratis.thirdparty.io.grpc.ForwardingClientCallListener.onClose(ForwardingClientCallListener.java:23)
	at org.apache.ratis.thirdparty.io.grpc.ForwardingClientCallListener$SimpleForwardingClientCallListener.onClose(ForwardingClientCallListener.java:40)
	at org.apache.ratis.thirdparty.io.grpc.internal.CensusTracingModule$TracingClientInterceptor$1$1.onClose(CensusTracingModule.java:397)
	at org.apache.ratis.thirdparty.io.grpc.internal.ClientCallImpl.closeObserver(ClientCallImpl.java:459)
	at org.apache.ratis.thirdparty.io.grpc.internal.ClientCallImpl.access$300(ClientCallImpl.java:63)
	at org.apache.ratis.thirdparty.io.grpc.internal.ClientCallImpl$ClientStreamListenerImpl.close(ClientCallImpl.java:546)
	at org.apache.ratis.thirdparty.io.grpc.internal.ClientCallImpl$ClientStreamListenerImpl.access$600(ClientCallImpl.java:467)
	at org.apache.ratis.thirdparty.io.grpc.internal.ClientCallImpl$ClientStreamListenerImpl$1StreamClosed.runInContext(ClientCallImpl.java:584)
	at org.apache.ratis.thirdparty.io.grpc.internal.ContextRunnable.run(ContextRunnable.java:37)
	at org.apache.ratis.thirdparty.io.grpc.internal.SerializingExecutor.run(SerializingExecutor.java:123)
	at java.util.concurrent.ThreadPoolExecutor.runWorker(ThreadPoolExecutor.java:1149)
	at java.util.concurrent.ThreadPoolExecutor$Worker.run(ThreadPoolExecutor.java:624)
	at java.lang.Thread.run(Thread.java:748)
Caused by: java.io.IOException: org.apache.ratis.thirdparty.io.grpc.StatusRuntimeException: UNAVAILABLE: io exception
	at org.apache.ratis.grpc.GrpcUtil.unwrapException(GrpcUtil.java:76)
	at org.apache.ratis.grpc.GrpcUtil.unwrapIOException(GrpcUtil.java:128)
	at org.apache.ratis.grpc.client.GrpcClientProtocolClient$AsyncStreamObservers$1.onError(GrpcClientProtocolClient.java:274)
	... 19 more
Caused by: org.apache.ratis.thirdparty.io.grpc.StatusRuntimeException: UNAVAILABLE: io exception
	at org.apache.ratis.thirdparty.io.grpc.Status.asRuntimeException(Status.java:526)
	... 19 more
Caused by: org.apache.ratis.thirdparty.io.netty.channel.AbstractChannel$AnnotatedConnectException: Connection refused: /192.168.5.144:39741
	at sun.nio.ch.SocketChannelImpl.checkConnect(Native Method)
	at sun.nio.ch.SocketChannelImpl.finishConnect(SocketChannelImpl.java:717)
	at org.apache.ratis.thirdparty.io.netty.channel.socket.nio.NioSocketChannel.doFinishConnect(NioSocketChannel.java:327)
	at org.apache.ratis.thirdparty.io.netty.channel.nio.AbstractNioChannel$AbstractNioUnsafe.finishConnect(AbstractNioChannel.java:340)
	at org.apache.ratis.thirdparty.io.netty.channel.nio.NioEventLoop.processSelectedKey(NioEventLoop.java:632)
	at org.apache.ratis.thirdparty.io.netty.channel.nio.NioEventLoop.processSelectedKeysOptimized(NioEventLoop.java:579)
	at org.apache.ratis.thirdparty.io.netty.channel.nio.NioEventLoop.processSelectedKeys(NioEventLoop.java:496)
	at org.apache.ratis.thirdparty.io.netty.channel.nio.NioEventLoop.run(NioEventLoop.java:458)
	at org.apache.ratis.thirdparty.io.netty.util.concurrent.SingleThreadEventExecutor$5.run(SingleThreadEventExecutor.java:897)
	at org.apache.ratis.thirdparty.io.netty.util.concurrent.FastThreadLocalRunnable.run(FastThreadLocalRunnable.java:30)
	... 1 more
Caused by: java.net.ConnectException: Connection refused
	... 11 more
</error>
    <system-out><![CDATA[2019-07-14 06:48:27,368 WARN  server.ServerUtils (ServerUtils.java:getScmDbDir(145)) - ozone.scm.db.dirs is not configured. We recommend adding this setting. Falling back to ozone.metadata.dirs instead.
2019-07-14 06:48:27,384 WARN  server.ServerUtils (ServerUtils.java:getScmDbDir(145)) - ozone.scm.db.dirs is not configured. We recommend adding this setting. Falling back to ozone.metadata.dirs instead.
2019-07-14 06:48:27,384 WARN  server.ServerUtils (ServerUtils.java:getScmDbDir(145)) - ozone.scm.db.dirs is not configured. We recommend adding this setting. Falling back to ozone.metadata.dirs instead.
2019-07-14 06:48:27,385 INFO  db.DBStoreBuilder (DBStoreBuilder.java:addTable(110)) - using custom profile for table: deletedBlocks
2019-07-14 06:48:27,385 INFO  db.DBStoreBuilder (DBStoreBuilder.java:processTables(161)) - Using default column profile:DBProfile.DISK for Table:deletedBlocks
2019-07-14 06:48:27,385 INFO  db.DBStoreBuilder (DBStoreBuilder.java:addTable(110)) - using custom profile for table: validCerts
2019-07-14 06:48:27,385 INFO  db.DBStoreBuilder (DBStoreBuilder.java:processTables(161)) - Using default column profile:DBProfile.DISK for Table:validCerts
2019-07-14 06:48:27,385 INFO  db.DBStoreBuilder (DBStoreBuilder.java:addTable(110)) - using custom profile for table: revokedCerts
2019-07-14 06:48:27,386 INFO  db.DBStoreBuilder (DBStoreBuilder.java:processTables(161)) - Using default column profile:DBProfile.DISK for Table:revokedCerts
2019-07-14 06:48:27,386 INFO  db.DBStoreBuilder (DBStoreBuilder.java:addTable(110)) - using custom profile for table: default
2019-07-14 06:48:27,386 INFO  db.DBStoreBuilder (DBStoreBuilder.java:processTables(167)) - Using default column profile:DBProfile.DISK for Table:default
2019-07-14 06:48:27,386 INFO  db.DBStoreBuilder (DBStoreBuilder.java:getDbProfile(198)) - Using default options. DBProfile.DISK
2019-07-14 06:48:27,520 INFO  net.NodeSchemaLoader (NodeSchemaLoader.java:loadSchemaFromFile(125)) - Loading file from sun.misc.CompoundEnumeration@32ae890
2019-07-14 06:48:27,521 INFO  net.NodeSchemaLoader (NodeSchemaLoader.java:loadSchema(171)) - Loading network topology layer schema file
2019-07-14 06:48:27,525 WARN  server.ServerUtils (ServerUtils.java:sanitizeUserArgs(70)) - ozone.scm.stale.node.interval value = 300000 is larger than max = 100000 based on the key value of ozone.scm.heartbeat.thread.interval, reset to the max value 100000.
2019-07-14 06:48:27,525 WARN  server.ServerUtils (ServerUtils.java:sanitizeUserArgs(70)) - ozone.scm.stale.node.interval value = 300000 is larger than max = 100000 based on the key value of ozone.scm.heartbeat.thread.interval, reset to the max value 100000.
2019-07-14 06:48:27,526 INFO  node.SCMNodeManager (SCMNodeManager.java:<init>(119)) - Entering startup safe mode.
2019-07-14 06:48:27,526 WARN  server.ServerUtils (ServerUtils.java:getScmDbDir(145)) - ozone.scm.db.dirs is not configured. We recommend adding this setting. Falling back to ozone.metadata.dirs instead.
2019-07-14 06:48:27,589 INFO  pipeline.SCMPipelineManager (SCMPipelineManager.java:initializePipelineState(126)) - No pipeline exists in current db
2019-07-14 06:48:27,589 WARN  server.ServerUtils (ServerUtils.java:getScmDbDir(145)) - ozone.scm.db.dirs is not configured. We recommend adding this setting. Falling back to ozone.metadata.dirs instead.
2019-07-14 06:48:27,621 WARN  events.EventQueue (EventQueue.java:fireEvent(175)) - No event handler registered for event TypedEvent{payloadType=SafeModeStatus, name='SafeModeStatus'}
2019-07-14 06:48:27,622 INFO  ipc.CallQueueManager (CallQueueManager.java:<init>(84)) - Using callQueue: class java.util.concurrent.LinkedBlockingQueue, queueCapacity: 2000, scheduler: class org.apache.hadoop.ipc.DefaultRpcScheduler, ipcBackoff: false.
2019-07-14 06:48:27,623 INFO  ipc.Server (Server.java:run(1074)) - Starting Socket Reader #1 for port 38570
2019-07-14 06:48:27,632 INFO  ipc.CallQueueManager (CallQueueManager.java:<init>(84)) - Using callQueue: class java.util.concurrent.LinkedBlockingQueue, queueCapacity: 2000, scheduler: class org.apache.hadoop.ipc.DefaultRpcScheduler, ipcBackoff: false.
2019-07-14 06:48:27,632 INFO  ipc.Server (Server.java:run(1074)) - Starting Socket Reader #1 for port 41462
2019-07-14 06:48:27,639 INFO  ipc.CallQueueManager (CallQueueManager.java:<init>(84)) - Using callQueue: class java.util.concurrent.LinkedBlockingQueue, queueCapacity: 2000, scheduler: class org.apache.hadoop.ipc.DefaultRpcScheduler, ipcBackoff: false.
2019-07-14 06:48:27,639 INFO  ipc.Server (Server.java:run(1074)) - Starting Socket Reader #1 for port 42953
2019-07-14 06:48:27,647 INFO  hdfs.DFSUtil (DFSUtil.java:httpServerTemplateForNNAndJN(1641)) - Starting Web-server for scm at: http://0.0.0.0:0
2019-07-14 06:48:27,649 INFO  server.AuthenticationFilter (AuthenticationFilter.java:constructSecretProvider(240)) - Unable to initialize FileSignerSecretProvider, falling back to use random secrets.
2019-07-14 06:48:27,649 WARN  http.HttpRequestLog (HttpRequestLog.java:getRequestLog(97)) - Jetty request log can only be enabled using Log4j
2019-07-14 06:48:27,651 INFO  http.HttpServer2 (HttpServer2.java:addGlobalFilter(975)) - Added global filter 'safety' (class=org.apache.hadoop.http.HttpServer2$QuotingInputFilter)
2019-07-14 06:48:27,652 INFO  http.HttpServer2 (HttpServer2.java:addFilter(948)) - Added filter static_user_filter (class=org.apache.hadoop.http.lib.StaticUserWebFilter$StaticUserFilter) to context scm
2019-07-14 06:48:27,652 INFO  http.HttpServer2 (HttpServer2.java:addFilter(958)) - Added filter static_user_filter (class=org.apache.hadoop.http.lib.StaticUserWebFilter$StaticUserFilter) to context static
2019-07-14 06:48:27,652 INFO  http.HttpServer2 (HttpServer2.java:addFilter(958)) - Added filter static_user_filter (class=org.apache.hadoop.http.lib.StaticUserWebFilter$StaticUserFilter) to context logs
2019-07-14 06:48:27,654 INFO  server.StorageContainerManager (StorageContainerManager.java:start(759)) - StorageContainerLocationProtocol RPC server is listening at /0.0.0.0:42953
2019-07-14 06:48:27,656 WARN  impl.MetricsConfig (MetricsConfig.java:loadFirst(134)) - Cannot locate configuration: tried hadoop-metrics2-storagecontainermanager.properties,hadoop-metrics2.properties
2019-07-14 06:48:27,657 INFO  impl.MetricsSystemImpl (MetricsSystemImpl.java:startTimer(374)) - Scheduled Metric snapshot period at 10 second(s).
2019-07-14 06:48:27,658 INFO  impl.MetricsSystemImpl (MetricsSystemImpl.java:start(191)) - StorageContainerManager metrics system started
2019-07-14 06:48:27,860 INFO  server.SCMClientProtocolServer (SCMClientProtocolServer.java:start(149)) - RPC server for Client  is listening at /0.0.0.0:42953
2019-07-14 06:48:27,861 INFO  ipc.Server (Server.java:run(1314)) - IPC Server Responder: starting
2019-07-14 06:48:27,865 INFO  ipc.Server (Server.java:run(1153)) - IPC Server listener on 42953: starting
2019-07-14 06:48:27,873 INFO  server.StorageContainerManager (StorageContainerManager.java:start(768)) - ScmBlockLocationProtocol RPC server is listening at /0.0.0.0:41462
2019-07-14 06:48:27,873 INFO  server.SCMBlockProtocolServer (SCMBlockProtocolServer.java:start(140)) - RPC server for Block Protocol is listening at /0.0.0.0:41462
2019-07-14 06:48:27,874 INFO  ipc.Server (Server.java:run(1314)) - IPC Server Responder: starting
2019-07-14 06:48:27,877 INFO  ipc.Server (Server.java:run(1153)) - IPC Server listener on 41462: starting
2019-07-14 06:48:27,885 INFO  server.StorageContainerManager (StorageContainerManager.java:start(772)) - ScmDatanodeProtocl RPC server is listening at /0.0.0.0:38570
2019-07-14 06:48:27,885 INFO  server.SCMDatanodeProtocolServer (SCMDatanodeProtocolServer.java:start(191)) - RPC server for DataNodes is listening at /0.0.0.0:38570
2019-07-14 06:48:27,885 INFO  ipc.Server (Server.java:run(1314)) - IPC Server Responder: starting
2019-07-14 06:48:27,889 INFO  ipc.Server (Server.java:run(1153)) - IPC Server listener on 38570: starting
2019-07-14 06:48:27,898 INFO  http.HttpServer2 (HttpServer2.java:bindListener(1191)) - Jetty bound to port 33650
2019-07-14 06:48:27,898 INFO  server.Server (Server.java:doStart(351)) - jetty-9.3.24.v20180605, build timestamp: 2018-06-05T17:11:56Z, git hash: 84205aa28f11a4f31f2a3b86d1bba2cc8ab69827
2019-07-14 06:48:27,900 INFO  handler.ContextHandler (ContextHandler.java:doStart(781)) - Started o.e.j.s.ServletContextHandler@664217a8{/logs,file:///tmp/workdir/hadoop-ozone/integration-test/target/log,AVAILABLE}
2019-07-14 06:48:27,900 INFO  handler.ContextHandler (ContextHandler.java:doStart(781)) - Started o.e.j.s.ServletContextHandler@4af5c14c{/static,file:///tmp/workdir/hadoop-ozone/integration-test/target/test-classes/webapps/static,AVAILABLE}
2019-07-14 06:48:27,904 INFO  handler.ContextHandler (ContextHandler.java:doStart(781)) - Started o.e.j.w.WebAppContext@3397c8c0{/,file:///tmp/workdir/hadoop-ozone/integration-test/target/test-classes/webapps/scm/,AVAILABLE}{/scm}
2019-07-14 06:48:27,905 INFO  server.AbstractConnector (AbstractConnector.java:doStart(278)) - Started ServerConnector@22b581a5{HTTP/1.1,[http/1.1]}{0.0.0.0:33650}
2019-07-14 06:48:27,909 INFO  server.Server (Server.java:doStart(419)) - Started @129933ms
2019-07-14 06:48:27,910 INFO  server.BaseHttpServer (BaseHttpServer.java:updateConnectorAddress(207)) - HTTP server of SCM is listening at http://0.0.0.0:33650
2019-07-14 06:48:27,914 WARN  server.ServerUtils (ServerUtils.java:getDBPath(222)) - ozone.om.db.dirs is not configured. We recommend adding this setting. Falling back to ozone.metadata.dirs instead.
2019-07-14 06:48:27,915 INFO  util.JvmPauseMonitor (JvmPauseMonitor.java:run(188)) - Starting JVM pause monitor
2019-07-14 06:48:27,920 WARN  server.ServerUtils (ServerUtils.java:getDBPath(222)) - ozone.om.db.dirs is not configured. We recommend adding this setting. Falling back to ozone.metadata.dirs instead.
2019-07-14 06:48:27,920 INFO  om.OzoneManager (OzoneManager.java:setOMNodeDetails(630)) - OM Service ID is not set. Setting it to the default ID: omServiceIdDefault
2019-07-14 06:48:27,920 INFO  om.OzoneManager (OzoneManager.java:setOMNodeDetails(636)) - OM Node ID is not set. Setting it to the OmStorage's OmID: 4dcc75d8-6179-4ed8-94e9-3cc076e7858c
2019-07-14 06:48:27,920 INFO  om.OzoneManager (OzoneManager.java:loadOMHAConfigs(587)) - Found matching OM address with OMServiceId: null, OMNodeId: null, RPC Address: localhost:0 and Ratis port: 9872
2019-07-14 06:48:28,002 WARN  server.ServerUtils (ServerUtils.java:getDBPath(222)) - ozone.om.db.dirs is not configured. We recommend adding this setting. Falling back to ozone.metadata.dirs instead.
2019-07-14 06:48:28,003 INFO  db.DBStoreBuilder (DBStoreBuilder.java:addTable(110)) - using custom profile for table: userTable
2019-07-14 06:48:28,003 INFO  db.DBStoreBuilder (DBStoreBuilder.java:processTables(161)) - Using default column profile:DBProfile.DISK for Table:userTable
2019-07-14 06:48:28,003 INFO  db.DBStoreBuilder (DBStoreBuilder.java:addTable(110)) - using custom profile for table: volumeTable
2019-07-14 06:48:28,003 INFO  db.DBStoreBuilder (DBStoreBuilder.java:processTables(161)) - Using default column profile:DBProfile.DISK for Table:volumeTable
2019-07-14 06:48:28,003 INFO  db.DBStoreBuilder (DBStoreBuilder.java:addTable(110)) - using custom profile for table: bucketTable
2019-07-14 06:48:28,004 INFO  db.DBStoreBuilder (DBStoreBuilder.java:processTables(161)) - Using default column profile:DBProfile.DISK for Table:bucketTable
2019-07-14 06:48:28,004 INFO  db.DBStoreBuilder (DBStoreBuilder.java:addTable(110)) - using custom profile for table: keyTable
2019-07-14 06:48:28,004 INFO  db.DBStoreBuilder (DBStoreBuilder.java:processTables(161)) - Using default column profile:DBProfile.DISK for Table:keyTable
2019-07-14 06:48:28,004 INFO  db.DBStoreBuilder (DBStoreBuilder.java:addTable(110)) - using custom profile for table: deletedTable
2019-07-14 06:48:28,004 INFO  db.DBStoreBuilder (DBStoreBuilder.java:processTables(161)) - Using default column profile:DBProfile.DISK for Table:deletedTable
2019-07-14 06:48:28,004 INFO  db.DBStoreBuilder (DBStoreBuilder.java:addTable(110)) - using custom profile for table: openKeyTable
2019-07-14 06:48:28,005 INFO  db.DBStoreBuilder (DBStoreBuilder.java:processTables(161)) - Using default column profile:DBProfile.DISK for Table:openKeyTable
2019-07-14 06:48:28,005 INFO  db.DBStoreBuilder (DBStoreBuilder.java:addTable(110)) - using custom profile for table: s3Table
2019-07-14 06:48:28,005 INFO  db.DBStoreBuilder (DBStoreBuilder.java:processTables(161)) - Using default column profile:DBProfile.DISK for Table:s3Table
2019-07-14 06:48:28,005 INFO  db.DBStoreBuilder (DBStoreBuilder.java:addTable(110)) - using custom profile for table: multipartInfoTable
2019-07-14 06:48:28,005 INFO  db.DBStoreBuilder (DBStoreBuilder.java:processTables(161)) - Using default column profile:DBProfile.DISK for Table:multipartInfoTable
2019-07-14 06:48:28,005 INFO  db.DBStoreBuilder (DBStoreBuilder.java:addTable(110)) - using custom profile for table: dTokenTable
2019-07-14 06:48:28,005 INFO  db.DBStoreBuilder (DBStoreBuilder.java:processTables(161)) - Using default column profile:DBProfile.DISK for Table:dTokenTable
2019-07-14 06:48:28,006 INFO  db.DBStoreBuilder (DBStoreBuilder.java:addTable(110)) - using custom profile for table: s3SecretTable
2019-07-14 06:48:28,006 INFO  db.DBStoreBuilder (DBStoreBuilder.java:processTables(161)) - Using default column profile:DBProfile.DISK for Table:s3SecretTable
2019-07-14 06:48:28,006 INFO  db.DBStoreBuilder (DBStoreBuilder.java:addTable(110)) - using custom profile for table: prefixTable
2019-07-14 06:48:28,006 INFO  db.DBStoreBuilder (DBStoreBuilder.java:processTables(161)) - Using default column profile:DBProfile.DISK for Table:prefixTable
2019-07-14 06:48:28,006 INFO  db.DBStoreBuilder (DBStoreBuilder.java:addTable(110)) - using custom profile for table: default
2019-07-14 06:48:28,006 INFO  db.DBStoreBuilder (DBStoreBuilder.java:processTables(167)) - Using default column profile:DBProfile.DISK for Table:default
2019-07-14 06:48:28,007 INFO  db.DBStoreBuilder (DBStoreBuilder.java:getDbProfile(198)) - Using default options. DBProfile.DISK
2019-07-14 06:48:28,341 INFO  ipc.CallQueueManager (CallQueueManager.java:<init>(84)) - Using callQueue: class java.util.concurrent.LinkedBlockingQueue, queueCapacity: 2000, scheduler: class org.apache.hadoop.ipc.DefaultRpcScheduler, ipcBackoff: false.
2019-07-14 06:48:28,342 INFO  ipc.Server (Server.java:run(1074)) - Starting Socket Reader #1 for port 36565
2019-07-14 06:48:28,391 WARN  server.ServerUtils (ServerUtils.java:getDBPath(222)) - ozone.om.db.dirs is not configured. We recommend adding this setting. Falling back to ozone.metadata.dirs instead.
2019-07-14 06:48:28,392 INFO  om.OzoneManager (OzoneManager.java:start(1228)) - OzoneManager RPC server is listening at localhost/127.0.0.1:36565
2019-07-14 06:48:28,392 INFO  impl.MetricsSystemImpl (MetricsSystemImpl.java:init(158)) - OzoneManager metrics system started (again)
2019-07-14 06:48:28,393 INFO  ipc.Server (Server.java:run(1314)) - IPC Server Responder: starting
2019-07-14 06:48:28,393 INFO  ipc.Server (Server.java:run(1153)) - IPC Server listener on 36565: starting
2019-07-14 06:48:28,444 INFO  hdfs.DFSUtil (DFSUtil.java:httpServerTemplateForNNAndJN(1641)) - Starting Web-server for ozoneManager at: http://0.0.0.0:0
2019-07-14 06:48:28,446 INFO  server.AuthenticationFilter (AuthenticationFilter.java:constructSecretProvider(240)) - Unable to initialize FileSignerSecretProvider, falling back to use random secrets.
2019-07-14 06:48:28,447 WARN  http.HttpRequestLog (HttpRequestLog.java:getRequestLog(97)) - Jetty request log can only be enabled using Log4j
2019-07-14 06:48:28,449 INFO  http.HttpServer2 (HttpServer2.java:addGlobalFilter(975)) - Added global filter 'safety' (class=org.apache.hadoop.http.HttpServer2$QuotingInputFilter)
2019-07-14 06:48:28,450 INFO  http.HttpServer2 (HttpServer2.java:addFilter(948)) - Added filter static_user_filter (class=org.apache.hadoop.http.lib.StaticUserWebFilter$StaticUserFilter) to context ozoneManager
2019-07-14 06:48:28,450 INFO  http.HttpServer2 (HttpServer2.java:addFilter(958)) - Added filter static_user_filter (class=org.apache.hadoop.http.lib.StaticUserWebFilter$StaticUserFilter) to context logs
2019-07-14 06:48:28,450 INFO  http.HttpServer2 (HttpServer2.java:addFilter(958)) - Added filter static_user_filter (class=org.apache.hadoop.http.lib.StaticUserWebFilter$StaticUserFilter) to context static
2019-07-14 06:48:28,451 INFO  http.HttpServer2 (HttpServer2.java:bindListener(1191)) - Jetty bound to port 33899
2019-07-14 06:48:28,451 INFO  server.Server (Server.java:doStart(351)) - jetty-9.3.24.v20180605, build timestamp: 2018-06-05T17:11:56Z, git hash: 84205aa28f11a4f31f2a3b86d1bba2cc8ab69827
2019-07-14 06:48:28,453 INFO  handler.ContextHandler (ContextHandler.java:doStart(781)) - Started o.e.j.s.ServletContextHandler@59d8a968{/logs,file:///tmp/workdir/hadoop-ozone/integration-test/target/log,AVAILABLE}
2019-07-14 06:48:28,454 INFO  handler.ContextHandler (ContextHandler.java:doStart(781)) - Started o.e.j.s.ServletContextHandler@5a438c0a{/static,file:///tmp/workdir/hadoop-ozone/integration-test/target/test-classes/webapps/static,AVAILABLE}
2019-07-14 06:48:28,459 INFO  handler.ContextHandler (ContextHandler.java:doStart(781)) - Started o.e.j.w.WebAppContext@4f9191c1{/,file:///tmp/workdir/hadoop-ozone/integration-test/target/test-classes/webapps/ozoneManager/,AVAILABLE}{/ozoneManager}
2019-07-14 06:48:28,460 INFO  server.AbstractConnector (AbstractConnector.java:doStart(278)) - Started ServerConnector@5bbaaf17{HTTP/1.1,[http/1.1]}{0.0.0.0:33899}
2019-07-14 06:48:28,466 INFO  server.Server (Server.java:doStart(419)) - Started @130490ms
2019-07-14 06:48:28,466 INFO  server.BaseHttpServer (BaseHttpServer.java:updateConnectorAddress(207)) - HTTP server of OZONEMANAGER is listening at http://0.0.0.0:33899
2019-07-14 06:48:28,483 INFO  impl.MetricsSystemImpl (MetricsSystemImpl.java:init(158)) - HddsDatanode metrics system started (again)
2019-07-14 06:48:28,483 INFO  ozone.HddsDatanodeService (HddsDatanodeService.java:start(185)) - HddsDatanodeService host:trunk-nightly-8c95p-1540871953 ip:192.168.5.144
2019-07-14 06:48:28,507 INFO  volume.HddsVolume (HddsVolume.java:<init>(176)) - Creating Volume: /tmp/workdir/hadoop-ozone/integration-test/target/test-dir/MiniOzoneClusterImpl-28cace78-0a78-4e79-977f-7388f85db52e/datanode-0/data/containers/hdds of  storage type : DISK and capacity : 52710309888
2019-07-14 06:48:28,507 INFO  volume.VolumeSet (VolumeSet.java:initializeVolumeSet(170)) - Added Volume : /tmp/workdir/hadoop-ozone/integration-test/target/test-dir/MiniOzoneClusterImpl-28cace78-0a78-4e79-977f-7388f85db52e/datanode-0/data/containers/hdds to VolumeSet
2019-07-14 06:48:28,507 INFO  volume.ThrottledAsyncChecker (ThrottledAsyncChecker.java:schedule(140)) - Scheduling a check for org.apache.hadoop.ozone.container.common.volume.HddsVolume@79ef8115
2019-07-14 06:48:28,508 INFO  volume.HddsVolumeChecker (HddsVolumeChecker.java:checkAllVolumes(203)) - Scheduled health check for volume org.apache.hadoop.ozone.container.common.volume.HddsVolume@79ef8115
2019-07-14 06:48:28,536 INFO  impl.RaftServerProxy (ConfUtils.java:logGet(43)) - raft.rpc.type = GRPC (default)
2019-07-14 06:48:28,536 INFO  grpc.GrpcFactory (GrpcFactory.java:checkPooledByteBufAllocatorUseCacheForAllThreads(45)) - PERFORMANCE WARNING: useCacheForAllThreads is true that may cause Netty to create a lot garbage objects and, as a result, trigger GC.
	It is recommended to disable useCacheForAllThreads by setting -Dorg.apache.ratis.thirdparty.io.netty.allocator.useCacheForAllThreads=false in command line.
2019-07-14 06:48:28,537 INFO  grpc.GrpcConfigKeys$Server (ConfUtils.java:logGet(43)) - raft.grpc.server.port = 0 (default)
2019-07-14 06:48:28,537 INFO  server.GrpcService (ConfUtils.java:logGet(43)) - raft.grpc.message.size.max = 33570816 (custom)
2019-07-14 06:48:28,537 INFO  server.RaftServerConfigKeys (ConfUtils.java:logGet(43)) - raft.server.log.appender.buffer.byte-limit = 33554432 (custom)
2019-07-14 06:48:28,537 INFO  server.GrpcService (ConfUtils.java:logGet(43)) - raft.grpc.flow.control.window = 1MB (=1048576) (default)
2019-07-14 06:48:28,537 INFO  server.RaftServerConfigKeys (ConfUtils.java:logGet(43)) - raft.server.rpc.request.timeout = 3000ms (default)
2019-07-14 06:48:28,538 INFO  server.RaftServerConfigKeys (ConfUtils.java:logGet(43)) - raft.server.storage.dir = [/tmp/workdir/hadoop-ozone/integration-test/target/test-dir/MiniOzoneClusterImpl-28cace78-0a78-4e79-977f-7388f85db52e/datanode-0/data/ratis] (custom)
2019-07-14 06:48:28,539 INFO  replication.SimpleContainerDownloader (SimpleContainerDownloader.java:<init>(72)) - Starting container downloader service to copy containers to replicate.
2019-07-14 06:48:28,540 INFO  hdfs.DFSUtil (DFSUtil.java:httpServerTemplateForNNAndJN(1641)) - Starting Web-server for hddsDatanode at: http://0.0.0.0:0
2019-07-14 06:48:28,541 INFO  server.AuthenticationFilter (AuthenticationFilter.java:constructSecretProvider(240)) - Unable to initialize FileSignerSecretProvider, falling back to use random secrets.
2019-07-14 06:48:28,542 WARN  http.HttpRequestLog (HttpRequestLog.java:getRequestLog(97)) - Jetty request log can only be enabled using Log4j
2019-07-14 06:48:28,543 INFO  http.HttpServer2 (HttpServer2.java:addGlobalFilter(975)) - Added global filter 'safety' (class=org.apache.hadoop.http.HttpServer2$QuotingInputFilter)
2019-07-14 06:48:28,544 INFO  http.HttpServer2 (HttpServer2.java:addFilter(948)) - Added filter static_user_filter (class=org.apache.hadoop.http.lib.StaticUserWebFilter$StaticUserFilter) to context hddsDatanode
2019-07-14 06:48:28,544 INFO  http.HttpServer2 (HttpServer2.java:addFilter(958)) - Added filter static_user_filter (class=org.apache.hadoop.http.lib.StaticUserWebFilter$StaticUserFilter) to context logs
2019-07-14 06:48:28,544 INFO  http.HttpServer2 (HttpServer2.java:addFilter(958)) - Added filter static_user_filter (class=org.apache.hadoop.http.lib.StaticUserWebFilter$StaticUserFilter) to context static
2019-07-14 06:48:28,545 INFO  http.HttpServer2 (HttpServer2.java:bindListener(1191)) - Jetty bound to port 43768
2019-07-14 06:48:28,545 INFO  server.Server (Server.java:doStart(351)) - jetty-9.3.24.v20180605, build timestamp: 2018-06-05T17:11:56Z, git hash: 84205aa28f11a4f31f2a3b86d1bba2cc8ab69827
2019-07-14 06:48:28,547 INFO  handler.ContextHandler (ContextHandler.java:doStart(781)) - Started o.e.j.s.ServletContextHandler@3e2a8fc{/logs,file:///tmp/workdir/hadoop-ozone/integration-test/target/log,AVAILABLE}
2019-07-14 06:48:28,547 INFO  handler.ContextHandler (ContextHandler.java:doStart(781)) - Started o.e.j.s.ServletContextHandler@4f1072ee{/static,jar:file:/home/user/.m2/repository/org/apache/hadoop/hadoop-hdds-container-service/0.5.0-SNAPSHOT/hadoop-hdds-container-service-0.5.0-SNAPSHOT.jar!/webapps/static,AVAILABLE}
2019-07-14 06:48:28,580 INFO  handler.ContextHandler (ContextHandler.java:doStart(781)) - Started o.e.j.w.WebAppContext@49976824{/,file:///tmp/jetty-0.0.0.0-43768-hddsDatanode-_-any-8293529460746854109.dir/webapp/,AVAILABLE}{/hddsDatanode}
2019-07-14 06:48:28,581 INFO  server.AbstractConnector (AbstractConnector.java:doStart(278)) - Started ServerConnector@2fc51562{HTTP/1.1,[http/1.1]}{0.0.0.0:43768}
2019-07-14 06:48:28,589 INFO  server.Server (Server.java:doStart(419)) - Started @130613ms
2019-07-14 06:48:28,590 INFO  server.BaseHttpServer (BaseHttpServer.java:updateConnectorAddress(207)) - HTTP server of HDDSDATANODE is listening at http://0.0.0.0:43768
2019-07-14 06:48:28,709 INFO  ozone.HddsDatanodeService (HddsDatanodeService.java:startPlugins(396)) - Started plug-in org.apache.hadoop.ozone.web.OzoneHddsDatanodeService@4ca83ec3
2019-07-14 06:48:28,709 INFO  impl.MetricsSystemImpl (MetricsSystemImpl.java:init(158)) - HddsDatanode metrics system started (again)
2019-07-14 06:48:28,709 INFO  ozone.HddsDatanodeService (HddsDatanodeService.java:start(185)) - HddsDatanodeService host:trunk-nightly-8c95p-1540871953 ip:192.168.5.144
2019-07-14 06:48:28,710 INFO  util.JvmPauseMonitor (JvmPauseMonitor.java:run(188)) - Starting JVM pause monitor
2019-07-14 06:48:28,712 INFO  datanode.InitDatanodeState (InitDatanodeState.java:persistContainerDatanodeDetails(140)) - DatanodeDetails is persisted to /tmp/workdir/hadoop-ozone/integration-test/target/test-dir/MiniOzoneClusterImpl-28cace78-0a78-4e79-977f-7388f85db52e/datanode-0/meta/datanode.id
2019-07-14 06:48:28,729 INFO  volume.HddsVolume (HddsVolume.java:<init>(176)) - Creating Volume: /tmp/workdir/hadoop-ozone/integration-test/target/test-dir/MiniOzoneClusterImpl-28cace78-0a78-4e79-977f-7388f85db52e/datanode-1/data/containers/hdds of  storage type : DISK and capacity : 52710309888
2019-07-14 06:48:28,730 INFO  volume.VolumeSet (VolumeSet.java:initializeVolumeSet(170)) - Added Volume : /tmp/workdir/hadoop-ozone/integration-test/target/test-dir/MiniOzoneClusterImpl-28cace78-0a78-4e79-977f-7388f85db52e/datanode-1/data/containers/hdds to VolumeSet
2019-07-14 06:48:28,730 INFO  volume.ThrottledAsyncChecker (ThrottledAsyncChecker.java:schedule(140)) - Scheduling a check for org.apache.hadoop.ozone.container.common.volume.HddsVolume@1be15455
2019-07-14 06:48:28,730 INFO  volume.HddsVolumeChecker (HddsVolumeChecker.java:checkAllVolumes(203)) - Scheduled health check for volume org.apache.hadoop.ozone.container.common.volume.HddsVolume@1be15455
2019-07-14 06:48:28,760 INFO  impl.RaftServerProxy (ConfUtils.java:logGet(43)) - raft.rpc.type = GRPC (default)
2019-07-14 06:48:28,760 INFO  grpc.GrpcFactory (GrpcFactory.java:checkPooledByteBufAllocatorUseCacheForAllThreads(45)) - PERFORMANCE WARNING: useCacheForAllThreads is true that may cause Netty to create a lot garbage objects and, as a result, trigger GC.
	It is recommended to disable useCacheForAllThreads by setting -Dorg.apache.ratis.thirdparty.io.netty.allocator.useCacheForAllThreads=false in command line.
2019-07-14 06:48:28,760 INFO  grpc.GrpcConfigKeys$Server (ConfUtils.java:logGet(43)) - raft.grpc.server.port = 0 (default)
2019-07-14 06:48:28,761 INFO  server.GrpcService (ConfUtils.java:logGet(43)) - raft.grpc.message.size.max = 33570816 (custom)
2019-07-14 06:48:28,761 INFO  server.RaftServerConfigKeys (ConfUtils.java:logGet(43)) - raft.server.log.appender.buffer.byte-limit = 33554432 (custom)
2019-07-14 06:48:28,761 INFO  server.GrpcService (ConfUtils.java:logGet(43)) - raft.grpc.flow.control.window = 1MB (=1048576) (default)
2019-07-14 06:48:28,761 INFO  server.RaftServerConfigKeys (ConfUtils.java:logGet(43)) - raft.server.rpc.request.timeout = 3000ms (default)
2019-07-14 06:48:28,762 INFO  server.RaftServerConfigKeys (ConfUtils.java:logGet(43)) - raft.server.storage.dir = [/tmp/workdir/hadoop-ozone/integration-test/target/test-dir/MiniOzoneClusterImpl-28cace78-0a78-4e79-977f-7388f85db52e/datanode-1/data/ratis] (custom)
2019-07-14 06:48:28,763 INFO  replication.SimpleContainerDownloader (SimpleContainerDownloader.java:<init>(72)) - Starting container downloader service to copy containers to replicate.
2019-07-14 06:48:28,764 INFO  hdfs.DFSUtil (DFSUtil.java:httpServerTemplateForNNAndJN(1641)) - Starting Web-server for hddsDatanode at: http://0.0.0.0:0
2019-07-14 06:48:28,766 INFO  server.AuthenticationFilter (AuthenticationFilter.java:constructSecretProvider(240)) - Unable to initialize FileSignerSecretProvider, falling back to use random secrets.
2019-07-14 06:48:28,766 WARN  http.HttpRequestLog (HttpRequestLog.java:getRequestLog(97)) - Jetty request log can only be enabled using Log4j
2019-07-14 06:48:28,768 INFO  http.HttpServer2 (HttpServer2.java:addGlobalFilter(975)) - Added global filter 'safety' (class=org.apache.hadoop.http.HttpServer2$QuotingInputFilter)
2019-07-14 06:48:28,768 INFO  http.HttpServer2 (HttpServer2.java:addFilter(948)) - Added filter static_user_filter (class=org.apache.hadoop.http.lib.StaticUserWebFilter$StaticUserFilter) to context hddsDatanode
2019-07-14 06:48:28,768 INFO  http.HttpServer2 (HttpServer2.java:addFilter(958)) - Added filter static_user_filter (class=org.apache.hadoop.http.lib.StaticUserWebFilter$StaticUserFilter) to context logs
2019-07-14 06:48:28,769 INFO  http.HttpServer2 (HttpServer2.java:addFilter(958)) - Added filter static_user_filter (class=org.apache.hadoop.http.lib.StaticUserWebFilter$StaticUserFilter) to context static
2019-07-14 06:48:28,769 INFO  http.HttpServer2 (HttpServer2.java:bindListener(1191)) - Jetty bound to port 38099
2019-07-14 06:48:28,770 INFO  server.Server (Server.java:doStart(351)) - jetty-9.3.24.v20180605, build timestamp: 2018-06-05T17:11:56Z, git hash: 84205aa28f11a4f31f2a3b86d1bba2cc8ab69827
2019-07-14 06:48:28,771 INFO  handler.ContextHandler (ContextHandler.java:doStart(781)) - Started o.e.j.s.ServletContextHandler@1a5ea4cf{/logs,file:///tmp/workdir/hadoop-ozone/integration-test/target/log,AVAILABLE}
2019-07-14 06:48:28,772 INFO  handler.ContextHandler (ContextHandler.java:doStart(781)) - Started o.e.j.s.ServletContextHandler@7649d350{/static,jar:file:/home/user/.m2/repository/org/apache/hadoop/hadoop-hdds-container-service/0.5.0-SNAPSHOT/hadoop-hdds-container-service-0.5.0-SNAPSHOT.jar!/webapps/static,AVAILABLE}
2019-07-14 06:48:28,809 INFO  handler.ContextHandler (ContextHandler.java:doStart(781)) - Started o.e.j.w.WebAppContext@399ac1a3{/,file:///tmp/jetty-0.0.0.0-38099-hddsDatanode-_-any-4508808644228129202.dir/webapp/,AVAILABLE}{/hddsDatanode}
2019-07-14 06:48:28,809 INFO  server.AbstractConnector (AbstractConnector.java:doStart(278)) - Started ServerConnector@5d18a787{HTTP/1.1,[http/1.1]}{0.0.0.0:38099}
2019-07-14 06:48:28,817 INFO  server.Server (Server.java:doStart(419)) - Started @130841ms
2019-07-14 06:48:28,818 INFO  server.BaseHttpServer (BaseHttpServer.java:updateConnectorAddress(207)) - HTTP server of HDDSDATANODE is listening at http://0.0.0.0:38099
2019-07-14 06:48:28,932 INFO  ozone.HddsDatanodeService (HddsDatanodeService.java:startPlugins(396)) - Started plug-in org.apache.hadoop.ozone.web.OzoneHddsDatanodeService@ca90087
2019-07-14 06:48:28,932 INFO  impl.MetricsSystemImpl (MetricsSystemImpl.java:init(158)) - HddsDatanode metrics system started (again)
2019-07-14 06:48:28,933 INFO  ozone.HddsDatanodeService (HddsDatanodeService.java:start(185)) - HddsDatanodeService host:trunk-nightly-8c95p-1540871953 ip:192.168.5.144
2019-07-14 06:48:28,934 INFO  util.JvmPauseMonitor (JvmPauseMonitor.java:run(188)) - Starting JVM pause monitor
2019-07-14 06:48:28,935 INFO  datanode.InitDatanodeState (InitDatanodeState.java:persistContainerDatanodeDetails(140)) - DatanodeDetails is persisted to /tmp/workdir/hadoop-ozone/integration-test/target/test-dir/MiniOzoneClusterImpl-28cace78-0a78-4e79-977f-7388f85db52e/datanode-1/meta/datanode.id
2019-07-14 06:48:28,957 INFO  volume.HddsVolume (HddsVolume.java:<init>(176)) - Creating Volume: /tmp/workdir/hadoop-ozone/integration-test/target/test-dir/MiniOzoneClusterImpl-28cace78-0a78-4e79-977f-7388f85db52e/datanode-2/data/containers/hdds of  storage type : DISK and capacity : 52710309888
2019-07-14 06:48:28,957 INFO  volume.VolumeSet (VolumeSet.java:initializeVolumeSet(170)) - Added Volume : /tmp/workdir/hadoop-ozone/integration-test/target/test-dir/MiniOzoneClusterImpl-28cace78-0a78-4e79-977f-7388f85db52e/datanode-2/data/containers/hdds to VolumeSet
2019-07-14 06:48:28,957 INFO  volume.ThrottledAsyncChecker (ThrottledAsyncChecker.java:schedule(140)) - Scheduling a check for org.apache.hadoop.ozone.container.common.volume.HddsVolume@f8dfcbe
2019-07-14 06:48:28,958 INFO  volume.HddsVolumeChecker (HddsVolumeChecker.java:checkAllVolumes(203)) - Scheduled health check for volume org.apache.hadoop.ozone.container.common.volume.HddsVolume@f8dfcbe
2019-07-14 06:48:28,985 INFO  impl.RaftServerProxy (ConfUtils.java:logGet(43)) - raft.rpc.type = GRPC (default)
2019-07-14 06:48:28,986 INFO  grpc.GrpcFactory (GrpcFactory.java:checkPooledByteBufAllocatorUseCacheForAllThreads(45)) - PERFORMANCE WARNING: useCacheForAllThreads is true that may cause Netty to create a lot garbage objects and, as a result, trigger GC.
	It is recommended to disable useCacheForAllThreads by setting -Dorg.apache.ratis.thirdparty.io.netty.allocator.useCacheForAllThreads=false in command line.
2019-07-14 06:48:28,986 INFO  grpc.GrpcConfigKeys$Server (ConfUtils.java:logGet(43)) - raft.grpc.server.port = 0 (default)
2019-07-14 06:48:28,986 INFO  server.GrpcService (ConfUtils.java:logGet(43)) - raft.grpc.message.size.max = 33570816 (custom)
2019-07-14 06:48:28,986 INFO  server.RaftServerConfigKeys (ConfUtils.java:logGet(43)) - raft.server.log.appender.buffer.byte-limit = 33554432 (custom)
2019-07-14 06:48:28,986 INFO  server.GrpcService (ConfUtils.java:logGet(43)) - raft.grpc.flow.control.window = 1MB (=1048576) (default)
2019-07-14 06:48:28,987 INFO  server.RaftServerConfigKeys (ConfUtils.java:logGet(43)) - raft.server.rpc.request.timeout = 3000ms (default)
2019-07-14 06:48:28,987 INFO  server.RaftServerConfigKeys (ConfUtils.java:logGet(43)) - raft.server.storage.dir = [/tmp/workdir/hadoop-ozone/integration-test/target/test-dir/MiniOzoneClusterImpl-28cace78-0a78-4e79-977f-7388f85db52e/datanode-2/data/ratis] (custom)
2019-07-14 06:48:28,988 INFO  replication.SimpleContainerDownloader (SimpleContainerDownloader.java:<init>(72)) - Starting container downloader service to copy containers to replicate.
2019-07-14 06:48:28,989 INFO  hdfs.DFSUtil (DFSUtil.java:httpServerTemplateForNNAndJN(1641)) - Starting Web-server for hddsDatanode at: http://0.0.0.0:0
2019-07-14 06:48:28,990 INFO  server.AuthenticationFilter (AuthenticationFilter.java:constructSecretProvider(240)) - Unable to initialize FileSignerSecretProvider, falling back to use random secrets.
2019-07-14 06:48:28,990 WARN  http.HttpRequestLog (HttpRequestLog.java:getRequestLog(97)) - Jetty request log can only be enabled using Log4j
2019-07-14 06:48:28,992 INFO  http.HttpServer2 (HttpServer2.java:addGlobalFilter(975)) - Added global filter 'safety' (class=org.apache.hadoop.http.HttpServer2$QuotingInputFilter)
2019-07-14 06:48:28,992 INFO  http.HttpServer2 (HttpServer2.java:addFilter(948)) - Added filter static_user_filter (class=org.apache.hadoop.http.lib.StaticUserWebFilter$StaticUserFilter) to context hddsDatanode
2019-07-14 06:48:28,992 INFO  http.HttpServer2 (HttpServer2.java:addFilter(958)) - Added filter static_user_filter (class=org.apache.hadoop.http.lib.StaticUserWebFilter$StaticUserFilter) to context logs
2019-07-14 06:48:28,993 INFO  http.HttpServer2 (HttpServer2.java:addFilter(958)) - Added filter static_user_filter (class=org.apache.hadoop.http.lib.StaticUserWebFilter$StaticUserFilter) to context static
2019-07-14 06:48:28,993 INFO  http.HttpServer2 (HttpServer2.java:bindListener(1191)) - Jetty bound to port 46862
2019-07-14 06:48:28,993 INFO  server.Server (Server.java:doStart(351)) - jetty-9.3.24.v20180605, build timestamp: 2018-06-05T17:11:56Z, git hash: 84205aa28f11a4f31f2a3b86d1bba2cc8ab69827
2019-07-14 06:48:28,995 INFO  handler.ContextHandler (ContextHandler.java:doStart(781)) - Started o.e.j.s.ServletContextHandler@3459ccd9{/logs,file:///tmp/workdir/hadoop-ozone/integration-test/target/log,AVAILABLE}
2019-07-14 06:48:28,995 INFO  handler.ContextHandler (ContextHandler.java:doStart(781)) - Started o.e.j.s.ServletContextHandler@29471e3e{/static,jar:file:/home/user/.m2/repository/org/apache/hadoop/hadoop-hdds-container-service/0.5.0-SNAPSHOT/hadoop-hdds-container-service-0.5.0-SNAPSHOT.jar!/webapps/static,AVAILABLE}
2019-07-14 06:48:29,026 INFO  handler.ContextHandler (ContextHandler.java:doStart(781)) - Started o.e.j.w.WebAppContext@1c8746a0{/,file:///tmp/jetty-0.0.0.0-46862-hddsDatanode-_-any-6166392692072123183.dir/webapp/,AVAILABLE}{/hddsDatanode}
2019-07-14 06:48:29,026 INFO  server.AbstractConnector (AbstractConnector.java:doStart(278)) - Started ServerConnector@613d42ab{HTTP/1.1,[http/1.1]}{0.0.0.0:46862}
2019-07-14 06:48:29,036 INFO  server.Server (Server.java:doStart(419)) - Started @131060ms
2019-07-14 06:48:29,037 INFO  server.BaseHttpServer (BaseHttpServer.java:updateConnectorAddress(207)) - HTTP server of HDDSDATANODE is listening at http://0.0.0.0:46862
2019-07-14 06:48:29,217 INFO  ozone.HddsDatanodeService (HddsDatanodeService.java:startPlugins(396)) - Started plug-in org.apache.hadoop.ozone.web.OzoneHddsDatanodeService@1c8e4810
2019-07-14 06:48:29,217 INFO  impl.MetricsSystemImpl (MetricsSystemImpl.java:init(158)) - HddsDatanode metrics system started (again)
2019-07-14 06:48:29,217 INFO  ozone.HddsDatanodeService (HddsDatanodeService.java:start(185)) - HddsDatanodeService host:trunk-nightly-8c95p-1540871953 ip:192.168.5.144
2019-07-14 06:48:29,219 INFO  util.JvmPauseMonitor (JvmPauseMonitor.java:run(188)) - Starting JVM pause monitor
2019-07-14 06:48:29,220 INFO  datanode.InitDatanodeState (InitDatanodeState.java:persistContainerDatanodeDetails(140)) - DatanodeDetails is persisted to /tmp/workdir/hadoop-ozone/integration-test/target/test-dir/MiniOzoneClusterImpl-28cace78-0a78-4e79-977f-7388f85db52e/datanode-2/meta/datanode.id
2019-07-14 06:48:29,241 INFO  volume.HddsVolume (HddsVolume.java:<init>(176)) - Creating Volume: /tmp/workdir/hadoop-ozone/integration-test/target/test-dir/MiniOzoneClusterImpl-28cace78-0a78-4e79-977f-7388f85db52e/datanode-3/data/containers/hdds of  storage type : DISK and capacity : 52710309888
2019-07-14 06:48:29,242 INFO  volume.VolumeSet (VolumeSet.java:initializeVolumeSet(170)) - Added Volume : /tmp/workdir/hadoop-ozone/integration-test/target/test-dir/MiniOzoneClusterImpl-28cace78-0a78-4e79-977f-7388f85db52e/datanode-3/data/containers/hdds to VolumeSet
2019-07-14 06:48:29,242 INFO  volume.ThrottledAsyncChecker (ThrottledAsyncChecker.java:schedule(140)) - Scheduling a check for org.apache.hadoop.ozone.container.common.volume.HddsVolume@1e82b631
2019-07-14 06:48:29,243 INFO  volume.HddsVolumeChecker (HddsVolumeChecker.java:checkAllVolumes(203)) - Scheduled health check for volume org.apache.hadoop.ozone.container.common.volume.HddsVolume@1e82b631
2019-07-14 06:48:29,266 INFO  impl.RaftServerProxy (ConfUtils.java:logGet(43)) - raft.rpc.type = GRPC (default)
2019-07-14 06:48:29,267 INFO  grpc.GrpcFactory (GrpcFactory.java:checkPooledByteBufAllocatorUseCacheForAllThreads(45)) - PERFORMANCE WARNING: useCacheForAllThreads is true that may cause Netty to create a lot garbage objects and, as a result, trigger GC.
	It is recommended to disable useCacheForAllThreads by setting -Dorg.apache.ratis.thirdparty.io.netty.allocator.useCacheForAllThreads=false in command line.
2019-07-14 06:48:29,267 INFO  grpc.GrpcConfigKeys$Server (ConfUtils.java:logGet(43)) - raft.grpc.server.port = 0 (default)
2019-07-14 06:48:29,267 INFO  server.GrpcService (ConfUtils.java:logGet(43)) - raft.grpc.message.size.max = 33570816 (custom)
2019-07-14 06:48:29,267 INFO  server.RaftServerConfigKeys (ConfUtils.java:logGet(43)) - raft.server.log.appender.buffer.byte-limit = 33554432 (custom)
2019-07-14 06:48:29,267 INFO  server.GrpcService (ConfUtils.java:logGet(43)) - raft.grpc.flow.control.window = 1MB (=1048576) (default)
2019-07-14 06:48:29,268 INFO  server.RaftServerConfigKeys (ConfUtils.java:logGet(43)) - raft.server.rpc.request.timeout = 3000ms (default)
2019-07-14 06:48:29,268 INFO  server.RaftServerConfigKeys (ConfUtils.java:logGet(43)) - raft.server.storage.dir = [/tmp/workdir/hadoop-ozone/integration-test/target/test-dir/MiniOzoneClusterImpl-28cace78-0a78-4e79-977f-7388f85db52e/datanode-3/data/ratis] (custom)
2019-07-14 06:48:29,269 INFO  replication.SimpleContainerDownloader (SimpleContainerDownloader.java:<init>(72)) - Starting container downloader service to copy containers to replicate.
2019-07-14 06:48:29,270 INFO  hdfs.DFSUtil (DFSUtil.java:httpServerTemplateForNNAndJN(1641)) - Starting Web-server for hddsDatanode at: http://0.0.0.0:0
2019-07-14 06:48:29,271 INFO  server.AuthenticationFilter (AuthenticationFilter.java:constructSecretProvider(240)) - Unable to initialize FileSignerSecretProvider, falling back to use random secrets.
2019-07-14 06:48:29,271 WARN  http.HttpRequestLog (HttpRequestLog.java:getRequestLog(97)) - Jetty request log can only be enabled using Log4j
2019-07-14 06:48:29,273 INFO  http.HttpServer2 (HttpServer2.java:addGlobalFilter(975)) - Added global filter 'safety' (class=org.apache.hadoop.http.HttpServer2$QuotingInputFilter)
2019-07-14 06:48:29,273 INFO  http.HttpServer2 (HttpServer2.java:addFilter(948)) - Added filter static_user_filter (class=org.apache.hadoop.http.lib.StaticUserWebFilter$StaticUserFilter) to context hddsDatanode
2019-07-14 06:48:29,273 INFO  http.HttpServer2 (HttpServer2.java:addFilter(958)) - Added filter static_user_filter (class=org.apache.hadoop.http.lib.StaticUserWebFilter$StaticUserFilter) to context logs
2019-07-14 06:48:29,273 INFO  http.HttpServer2 (HttpServer2.java:addFilter(958)) - Added filter static_user_filter (class=org.apache.hadoop.http.lib.StaticUserWebFilter$StaticUserFilter) to context static
2019-07-14 06:48:29,274 INFO  http.HttpServer2 (HttpServer2.java:bindListener(1191)) - Jetty bound to port 43187
2019-07-14 06:48:29,274 INFO  server.Server (Server.java:doStart(351)) - jetty-9.3.24.v20180605, build timestamp: 2018-06-05T17:11:56Z, git hash: 84205aa28f11a4f31f2a3b86d1bba2cc8ab69827
2019-07-14 06:48:29,275 INFO  handler.ContextHandler (ContextHandler.java:doStart(781)) - Started o.e.j.s.ServletContextHandler@563bf9d2{/logs,file:///tmp/workdir/hadoop-ozone/integration-test/target/log,AVAILABLE}
2019-07-14 06:48:29,276 INFO  handler.ContextHandler (ContextHandler.java:doStart(781)) - Started o.e.j.s.ServletContextHandler@7e0fc5d0{/static,jar:file:/home/user/.m2/repository/org/apache/hadoop/hadoop-hdds-container-service/0.5.0-SNAPSHOT/hadoop-hdds-container-service-0.5.0-SNAPSHOT.jar!/webapps/static,AVAILABLE}
2019-07-14 06:48:29,303 INFO  handler.ContextHandler (ContextHandler.java:doStart(781)) - Started o.e.j.w.WebAppContext@15311af2{/,file:///tmp/jetty-0.0.0.0-43187-hddsDatanode-_-any-7701913761246178750.dir/webapp/,AVAILABLE}{/hddsDatanode}
2019-07-14 06:48:29,304 INFO  server.AbstractConnector (AbstractConnector.java:doStart(278)) - Started ServerConnector@796434a3{HTTP/1.1,[http/1.1]}{0.0.0.0:43187}
2019-07-14 06:48:29,304 INFO  server.Server (Server.java:doStart(419)) - Started @131328ms
2019-07-14 06:48:29,313 INFO  server.BaseHttpServer (BaseHttpServer.java:updateConnectorAddress(207)) - HTTP server of HDDSDATANODE is listening at http://0.0.0.0:43187
2019-07-14 06:48:29,383 WARN  server.GrpcLogAppender (LogUtils.java:warn(134)) - 3241ab05-47cd-4c48-9fea-5ddbdbaeef39->a1305044-e17b-4b59-833a-89d8bcd36db1: Failed appendEntries: org.apache.ratis.thirdparty.io.grpc.StatusRuntimeException: UNAVAILABLE: io exception
2019-07-14 06:48:29,383 WARN  server.GrpcLogAppender (LogUtils.java:warn(134)) - 5fa73f57-633f-4a9e-be98-152ac70662dd->0600c2b4-e1a3-427a-9fdb-084c61ff69c5: Failed appendEntries: org.apache.ratis.thirdparty.io.grpc.StatusRuntimeException: UNAVAILABLE: io exception
2019-07-14 06:48:29,383 INFO  impl.FollowerInfo (FollowerInfo.java:lambda$new$0(50)) - 3241ab05-47cd-4c48-9fea-5ddbdbaeef39->a1305044-e17b-4b59-833a-89d8bcd36db1: nextIndex: updateUnconditionally 0 -> 0
2019-07-14 06:48:29,383 WARN  server.GrpcLogAppender (LogUtils.java:warn(134)) - 5fa73f57-633f-4a9e-be98-152ac70662dd->d1bc6e12-59df-498f-9de7-253310cec742: Failed appendEntries: org.apache.ratis.thirdparty.io.grpc.StatusRuntimeException: UNAVAILABLE: io exception
2019-07-14 06:48:29,383 INFO  impl.FollowerInfo (FollowerInfo.java:lambda$new$0(50)) - 5fa73f57-633f-4a9e-be98-152ac70662dd->0600c2b4-e1a3-427a-9fdb-084c61ff69c5: nextIndex: updateUnconditionally 1 -> 0
2019-07-14 06:48:29,383 INFO  impl.FollowerInfo (FollowerInfo.java:lambda$new$0(50)) - 5fa73f57-633f-4a9e-be98-152ac70662dd->d1bc6e12-59df-498f-9de7-253310cec742: nextIndex: updateUnconditionally 1 -> 0
2019-07-14 06:48:29,386 WARN  server.GrpcLogAppender (LogUtils.java:warn(134)) - 3241ab05-47cd-4c48-9fea-5ddbdbaeef39->2fef8973-174d-48d8-963e-54cf9187de8a: Failed appendEntries: org.apache.ratis.thirdparty.io.grpc.StatusRuntimeException: UNAVAILABLE: io exception
2019-07-14 06:48:29,387 INFO  impl.FollowerInfo (FollowerInfo.java:lambda$new$0(50)) - 3241ab05-47cd-4c48-9fea-5ddbdbaeef39->2fef8973-174d-48d8-963e-54cf9187de8a: nextIndex: updateUnconditionally 0 -> 0
2019-07-14 06:48:29,426 INFO  ozone.HddsDatanodeService (HddsDatanodeService.java:startPlugins(396)) - Started plug-in org.apache.hadoop.ozone.web.OzoneHddsDatanodeService@d436e51
2019-07-14 06:48:29,426 INFO  impl.MetricsSystemImpl (MetricsSystemImpl.java:init(158)) - HddsDatanode metrics system started (again)
2019-07-14 06:48:29,427 INFO  ozone.HddsDatanodeService (HddsDatanodeService.java:start(185)) - HddsDatanodeService host:trunk-nightly-8c95p-1540871953 ip:192.168.5.144
2019-07-14 06:48:29,427 INFO  util.JvmPauseMonitor (JvmPauseMonitor.java:run(188)) - Starting JVM pause monitor
2019-07-14 06:48:29,428 INFO  datanode.InitDatanodeState (InitDatanodeState.java:persistContainerDatanodeDetails(140)) - DatanodeDetails is persisted to /tmp/workdir/hadoop-ozone/integration-test/target/test-dir/MiniOzoneClusterImpl-28cace78-0a78-4e79-977f-7388f85db52e/datanode-3/meta/datanode.id
2019-07-14 06:48:29,445 INFO  volume.HddsVolume (HddsVolume.java:<init>(176)) - Creating Volume: /tmp/workdir/hadoop-ozone/integration-test/target/test-dir/MiniOzoneClusterImpl-28cace78-0a78-4e79-977f-7388f85db52e/datanode-4/data/containers/hdds of  storage type : DISK and capacity : 52710309888
2019-07-14 06:48:29,445 INFO  volume.VolumeSet (VolumeSet.java:initializeVolumeSet(170)) - Added Volume : /tmp/workdir/hadoop-ozone/integration-test/target/test-dir/MiniOzoneClusterImpl-28cace78-0a78-4e79-977f-7388f85db52e/datanode-4/data/containers/hdds to VolumeSet
2019-07-14 06:48:29,446 INFO  volume.ThrottledAsyncChecker (ThrottledAsyncChecker.java:schedule(140)) - Scheduling a check for org.apache.hadoop.ozone.container.common.volume.HddsVolume@5a2ce458
2019-07-14 06:48:29,446 INFO  volume.HddsVolumeChecker (HddsVolumeChecker.java:checkAllVolumes(203)) - Scheduled health check for volume org.apache.hadoop.ozone.container.common.volume.HddsVolume@5a2ce458
2019-07-14 06:48:29,466 INFO  impl.RaftServerProxy (ConfUtils.java:logGet(43)) - raft.rpc.type = GRPC (default)
2019-07-14 06:48:29,466 INFO  grpc.GrpcFactory (GrpcFactory.java:checkPooledByteBufAllocatorUseCacheForAllThreads(45)) - PERFORMANCE WARNING: useCacheForAllThreads is true that may cause Netty to create a lot garbage objects and, as a result, trigger GC.
	It is recommended to disable useCacheForAllThreads by setting -Dorg.apache.ratis.thirdparty.io.netty.allocator.useCacheForAllThreads=false in command line.
2019-07-14 06:48:29,466 INFO  grpc.GrpcConfigKeys$Server (ConfUtils.java:logGet(43)) - raft.grpc.server.port = 0 (default)
2019-07-14 06:48:29,467 INFO  server.GrpcService (ConfUtils.java:logGet(43)) - raft.grpc.message.size.max = 33570816 (custom)
2019-07-14 06:48:29,467 INFO  server.RaftServerConfigKeys (ConfUtils.java:logGet(43)) - raft.server.log.appender.buffer.byte-limit = 33554432 (custom)
2019-07-14 06:48:29,467 INFO  server.GrpcService (ConfUtils.java:logGet(43)) - raft.grpc.flow.control.window = 1MB (=1048576) (default)
2019-07-14 06:48:29,467 INFO  server.RaftServerConfigKeys (ConfUtils.java:logGet(43)) - raft.server.rpc.request.timeout = 3000ms (default)
2019-07-14 06:48:29,468 INFO  server.RaftServerConfigKeys (ConfUtils.java:logGet(43)) - raft.server.storage.dir = [/tmp/workdir/hadoop-ozone/integration-test/target/test-dir/MiniOzoneClusterImpl-28cace78-0a78-4e79-977f-7388f85db52e/datanode-4/data/ratis] (custom)
2019-07-14 06:48:29,468 INFO  replication.SimpleContainerDownloader (SimpleContainerDownloader.java:<init>(72)) - Starting container downloader service to copy containers to replicate.
2019-07-14 06:48:29,469 INFO  hdfs.DFSUtil (DFSUtil.java:httpServerTemplateForNNAndJN(1641)) - Starting Web-server for hddsDatanode at: http://0.0.0.0:0
2019-07-14 06:48:29,470 INFO  server.AuthenticationFilter (AuthenticationFilter.java:constructSecretProvider(240)) - Unable to initialize FileSignerSecretProvider, falling back to use random secrets.
2019-07-14 06:48:29,470 WARN  http.HttpRequestLog (HttpRequestLog.java:getRequestLog(97)) - Jetty request log can only be enabled using Log4j
2019-07-14 06:48:29,471 INFO  http.HttpServer2 (HttpServer2.java:addGlobalFilter(975)) - Added global filter 'safety' (class=org.apache.hadoop.http.HttpServer2$QuotingInputFilter)
2019-07-14 06:48:29,472 INFO  http.HttpServer2 (HttpServer2.java:addFilter(948)) - Added filter static_user_filter (class=org.apache.hadoop.http.lib.StaticUserWebFilter$StaticUserFilter) to context hddsDatanode
2019-07-14 06:48:29,472 INFO  http.HttpServer2 (HttpServer2.java:addFilter(958)) - Added filter static_user_filter (class=org.apache.hadoop.http.lib.StaticUserWebFilter$StaticUserFilter) to context static
2019-07-14 06:48:29,472 INFO  http.HttpServer2 (HttpServer2.java:addFilter(958)) - Added filter static_user_filter (class=org.apache.hadoop.http.lib.StaticUserWebFilter$StaticUserFilter) to context logs
2019-07-14 06:48:29,472 INFO  http.HttpServer2 (HttpServer2.java:bindListener(1191)) - Jetty bound to port 44138
2019-07-14 06:48:29,473 INFO  server.Server (Server.java:doStart(351)) - jetty-9.3.24.v20180605, build timestamp: 2018-06-05T17:11:56Z, git hash: 84205aa28f11a4f31f2a3b86d1bba2cc8ab69827
2019-07-14 06:48:29,474 INFO  handler.ContextHandler (ContextHandler.java:doStart(781)) - Started o.e.j.s.ServletContextHandler@68abf2ad{/logs,file:///tmp/workdir/hadoop-ozone/integration-test/target/log,AVAILABLE}
2019-07-14 06:48:29,474 INFO  handler.ContextHandler (ContextHandler.java:doStart(781)) - Started o.e.j.s.ServletContextHandler@5cdd5ff9{/static,jar:file:/home/user/.m2/repository/org/apache/hadoop/hadoop-hdds-container-service/0.5.0-SNAPSHOT/hadoop-hdds-container-service-0.5.0-SNAPSHOT.jar!/webapps/static,AVAILABLE}
2019-07-14 06:48:29,501 INFO  handler.ContextHandler (ContextHandler.java:doStart(781)) - Started o.e.j.w.WebAppContext@7aead157{/,file:///tmp/jetty-0.0.0.0-44138-hddsDatanode-_-any-2850440208341427994.dir/webapp/,AVAILABLE}{/hddsDatanode}
2019-07-14 06:48:29,501 INFO  server.AbstractConnector (AbstractConnector.java:doStart(278)) - Started ServerConnector@52aa84ef{HTTP/1.1,[http/1.1]}{0.0.0.0:44138}
2019-07-14 06:48:29,510 INFO  server.Server (Server.java:doStart(419)) - Started @131534ms
2019-07-14 06:48:29,510 INFO  server.BaseHttpServer (BaseHttpServer.java:updateConnectorAddress(207)) - HTTP server of HDDSDATANODE is listening at http://0.0.0.0:44138
2019-07-14 06:48:29,902 INFO  ozone.HddsDatanodeService (HddsDatanodeService.java:startPlugins(396)) - Started plug-in org.apache.hadoop.ozone.web.OzoneHddsDatanodeService@4c2b8df7
2019-07-14 06:48:29,903 INFO  impl.MetricsSystemImpl (MetricsSystemImpl.java:init(158)) - HddsDatanode metrics system started (again)
2019-07-14 06:48:29,903 INFO  ozone.HddsDatanodeService (HddsDatanodeService.java:start(185)) - HddsDatanodeService host:trunk-nightly-8c95p-1540871953 ip:192.168.5.144
2019-07-14 06:48:29,904 INFO  util.JvmPauseMonitor (JvmPauseMonitor.java:run(188)) - Starting JVM pause monitor
2019-07-14 06:48:29,905 INFO  datanode.InitDatanodeState (InitDatanodeState.java:persistContainerDatanodeDetails(140)) - DatanodeDetails is persisted to /tmp/workdir/hadoop-ozone/integration-test/target/test-dir/MiniOzoneClusterImpl-28cace78-0a78-4e79-977f-7388f85db52e/datanode-4/meta/datanode.id
2019-07-14 06:48:29,928 INFO  volume.HddsVolume (HddsVolume.java:<init>(176)) - Creating Volume: /tmp/workdir/hadoop-ozone/integration-test/target/test-dir/MiniOzoneClusterImpl-28cace78-0a78-4e79-977f-7388f85db52e/datanode-5/data/containers/hdds of  storage type : DISK and capacity : 52710309888
2019-07-14 06:48:29,928 INFO  volume.VolumeSet (VolumeSet.java:initializeVolumeSet(170)) - Added Volume : /tmp/workdir/hadoop-ozone/integration-test/target/test-dir/MiniOzoneClusterImpl-28cace78-0a78-4e79-977f-7388f85db52e/datanode-5/data/containers/hdds to VolumeSet
2019-07-14 06:48:29,928 INFO  volume.ThrottledAsyncChecker (ThrottledAsyncChecker.java:schedule(140)) - Scheduling a check for org.apache.hadoop.ozone.container.common.volume.HddsVolume@6ad2a8db
2019-07-14 06:48:29,929 INFO  volume.HddsVolumeChecker (HddsVolumeChecker.java:checkAllVolumes(203)) - Scheduled health check for volume org.apache.hadoop.ozone.container.common.volume.HddsVolume@6ad2a8db
2019-07-14 06:48:29,956 INFO  impl.RaftServerProxy (ConfUtils.java:logGet(43)) - raft.rpc.type = GRPC (default)
2019-07-14 06:48:29,957 INFO  grpc.GrpcFactory (GrpcFactory.java:checkPooledByteBufAllocatorUseCacheForAllThreads(45)) - PERFORMANCE WARNING: useCacheForAllThreads is true that may cause Netty to create a lot garbage objects and, as a result, trigger GC.
	It is recommended to disable useCacheForAllThreads by setting -Dorg.apache.ratis.thirdparty.io.netty.allocator.useCacheForAllThreads=false in command line.
2019-07-14 06:48:29,957 INFO  grpc.GrpcConfigKeys$Server (ConfUtils.java:logGet(43)) - raft.grpc.server.port = 0 (default)
2019-07-14 06:48:29,957 INFO  server.GrpcService (ConfUtils.java:logGet(43)) - raft.grpc.message.size.max = 33570816 (custom)
2019-07-14 06:48:29,958 INFO  server.RaftServerConfigKeys (ConfUtils.java:logGet(43)) - raft.server.log.appender.buffer.byte-limit = 33554432 (custom)
2019-07-14 06:48:29,958 INFO  server.GrpcService (ConfUtils.java:logGet(43)) - raft.grpc.flow.control.window = 1MB (=1048576) (default)
2019-07-14 06:48:29,958 INFO  server.RaftServerConfigKeys (ConfUtils.java:logGet(43)) - raft.server.rpc.request.timeout = 3000ms (default)
2019-07-14 06:48:29,959 INFO  server.RaftServerConfigKeys (ConfUtils.java:logGet(43)) - raft.server.storage.dir = [/tmp/workdir/hadoop-ozone/integration-test/target/test-dir/MiniOzoneClusterImpl-28cace78-0a78-4e79-977f-7388f85db52e/datanode-5/data/ratis] (custom)
2019-07-14 06:48:29,959 INFO  replication.SimpleContainerDownloader (SimpleContainerDownloader.java:<init>(72)) - Starting container downloader service to copy containers to replicate.
2019-07-14 06:48:29,961 INFO  hdfs.DFSUtil (DFSUtil.java:httpServerTemplateForNNAndJN(1641)) - Starting Web-server for hddsDatanode at: http://0.0.0.0:0
2019-07-14 06:48:29,963 INFO  server.AuthenticationFilter (AuthenticationFilter.java:constructSecretProvider(240)) - Unable to initialize FileSignerSecretProvider, falling back to use random secrets.
2019-07-14 06:48:29,963 WARN  http.HttpRequestLog (HttpRequestLog.java:getRequestLog(97)) - Jetty request log can only be enabled using Log4j
2019-07-14 06:48:29,965 INFO  http.HttpServer2 (HttpServer2.java:addGlobalFilter(975)) - Added global filter 'safety' (class=org.apache.hadoop.http.HttpServer2$QuotingInputFilter)
2019-07-14 06:48:29,966 INFO  http.HttpServer2 (HttpServer2.java:addFilter(948)) - Added filter static_user_filter (class=org.apache.hadoop.http.lib.StaticUserWebFilter$StaticUserFilter) to context hddsDatanode
2019-07-14 06:48:29,966 INFO  http.HttpServer2 (HttpServer2.java:addFilter(958)) - Added filter static_user_filter (class=org.apache.hadoop.http.lib.StaticUserWebFilter$StaticUserFilter) to context logs
2019-07-14 06:48:29,966 INFO  http.HttpServer2 (HttpServer2.java:addFilter(958)) - Added filter static_user_filter (class=org.apache.hadoop.http.lib.StaticUserWebFilter$StaticUserFilter) to context static
2019-07-14 06:48:29,967 INFO  http.HttpServer2 (HttpServer2.java:bindListener(1191)) - Jetty bound to port 39012
2019-07-14 06:48:29,967 INFO  server.Server (Server.java:doStart(351)) - jetty-9.3.24.v20180605, build timestamp: 2018-06-05T17:11:56Z, git hash: 84205aa28f11a4f31f2a3b86d1bba2cc8ab69827
2019-07-14 06:48:29,969 INFO  handler.ContextHandler (ContextHandler.java:doStart(781)) - Started o.e.j.s.ServletContextHandler@609a996f{/logs,file:///tmp/workdir/hadoop-ozone/integration-test/target/log,AVAILABLE}
2019-07-14 06:48:29,969 INFO  handler.ContextHandler (ContextHandler.java:doStart(781)) - Started o.e.j.s.ServletContextHandler@2984edab{/static,jar:file:/home/user/.m2/repository/org/apache/hadoop/hadoop-hdds-container-service/0.5.0-SNAPSHOT/hadoop-hdds-container-service-0.5.0-SNAPSHOT.jar!/webapps/static,AVAILABLE}
2019-07-14 06:48:30,009 INFO  handler.ContextHandler (ContextHandler.java:doStart(781)) - Started o.e.j.w.WebAppContext@1fc5791c{/,file:///tmp/jetty-0.0.0.0-39012-hddsDatanode-_-any-3097395429091102206.dir/webapp/,AVAILABLE}{/hddsDatanode}
2019-07-14 06:48:30,009 INFO  server.AbstractConnector (AbstractConnector.java:doStart(278)) - Started ServerConnector@5843ab8{HTTP/1.1,[http/1.1]}{0.0.0.0:39012}
2019-07-14 06:48:30,009 INFO  server.Server (Server.java:doStart(419)) - Started @132034ms
2019-07-14 06:48:30,019 INFO  server.BaseHttpServer (BaseHttpServer.java:updateConnectorAddress(207)) - HTTP server of HDDSDATANODE is listening at http://0.0.0.0:39012
2019-07-14 06:48:30,132 INFO  ozone.HddsDatanodeService (HddsDatanodeService.java:startPlugins(396)) - Started plug-in org.apache.hadoop.ozone.web.OzoneHddsDatanodeService@3c0640fa
2019-07-14 06:48:30,133 INFO  impl.MetricsSystemImpl (MetricsSystemImpl.java:init(158)) - HddsDatanode metrics system started (again)
2019-07-14 06:48:30,133 INFO  ozone.HddsDatanodeService (HddsDatanodeService.java:start(185)) - HddsDatanodeService host:trunk-nightly-8c95p-1540871953 ip:192.168.5.144
2019-07-14 06:48:30,134 INFO  util.JvmPauseMonitor (JvmPauseMonitor.java:run(188)) - Starting JVM pause monitor
2019-07-14 06:48:30,135 INFO  datanode.InitDatanodeState (InitDatanodeState.java:persistContainerDatanodeDetails(140)) - DatanodeDetails is persisted to /tmp/workdir/hadoop-ozone/integration-test/target/test-dir/MiniOzoneClusterImpl-28cace78-0a78-4e79-977f-7388f85db52e/datanode-5/meta/datanode.id
2019-07-14 06:48:30,154 INFO  volume.HddsVolume (HddsVolume.java:<init>(176)) - Creating Volume: /tmp/workdir/hadoop-ozone/integration-test/target/test-dir/MiniOzoneClusterImpl-28cace78-0a78-4e79-977f-7388f85db52e/datanode-6/data/containers/hdds of  storage type : DISK and capacity : 52710309888
2019-07-14 06:48:30,154 INFO  volume.VolumeSet (VolumeSet.java:initializeVolumeSet(170)) - Added Volume : /tmp/workdir/hadoop-ozone/integration-test/target/test-dir/MiniOzoneClusterImpl-28cace78-0a78-4e79-977f-7388f85db52e/datanode-6/data/containers/hdds to VolumeSet
2019-07-14 06:48:30,154 INFO  volume.ThrottledAsyncChecker (ThrottledAsyncChecker.java:schedule(140)) - Scheduling a check for org.apache.hadoop.ozone.container.common.volume.HddsVolume@19b6b7e7
2019-07-14 06:48:30,154 INFO  volume.HddsVolumeChecker (HddsVolumeChecker.java:checkAllVolumes(203)) - Scheduled health check for volume org.apache.hadoop.ozone.container.common.volume.HddsVolume@19b6b7e7
2019-07-14 06:48:30,176 INFO  impl.RaftServerProxy (ConfUtils.java:logGet(43)) - raft.rpc.type = GRPC (default)
2019-07-14 06:48:30,176 INFO  grpc.GrpcFactory (GrpcFactory.java:checkPooledByteBufAllocatorUseCacheForAllThreads(45)) - PERFORMANCE WARNING: useCacheForAllThreads is true that may cause Netty to create a lot garbage objects and, as a result, trigger GC.
	It is recommended to disable useCacheForAllThreads by setting -Dorg.apache.ratis.thirdparty.io.netty.allocator.useCacheForAllThreads=false in command line.
2019-07-14 06:48:30,176 INFO  grpc.GrpcConfigKeys$Server (ConfUtils.java:logGet(43)) - raft.grpc.server.port = 0 (default)
2019-07-14 06:48:30,176 INFO  server.GrpcService (ConfUtils.java:logGet(43)) - raft.grpc.message.size.max = 33570816 (custom)
2019-07-14 06:48:30,176 INFO  server.RaftServerConfigKeys (ConfUtils.java:logGet(43)) - raft.server.log.appender.buffer.byte-limit = 33554432 (custom)
2019-07-14 06:48:30,176 INFO  server.GrpcService (ConfUtils.java:logGet(43)) - raft.grpc.flow.control.window = 1MB (=1048576) (default)
2019-07-14 06:48:30,177 INFO  server.RaftServerConfigKeys (ConfUtils.java:logGet(43)) - raft.server.rpc.request.timeout = 3000ms (default)
2019-07-14 06:48:30,177 INFO  server.RaftServerConfigKeys (ConfUtils.java:logGet(43)) - raft.server.storage.dir = [/tmp/workdir/hadoop-ozone/integration-test/target/test-dir/MiniOzoneClusterImpl-28cace78-0a78-4e79-977f-7388f85db52e/datanode-6/data/ratis] (custom)
2019-07-14 06:48:30,177 INFO  replication.SimpleContainerDownloader (SimpleContainerDownloader.java:<init>(72)) - Starting container downloader service to copy containers to replicate.
2019-07-14 06:48:30,178 INFO  hdfs.DFSUtil (DFSUtil.java:httpServerTemplateForNNAndJN(1641)) - Starting Web-server for hddsDatanode at: http://0.0.0.0:0
2019-07-14 06:48:30,180 INFO  server.AuthenticationFilter (AuthenticationFilter.java:constructSecretProvider(240)) - Unable to initialize FileSignerSecretProvider, falling back to use random secrets.
2019-07-14 06:48:30,180 WARN  http.HttpRequestLog (HttpRequestLog.java:getRequestLog(97)) - Jetty request log can only be enabled using Log4j
2019-07-14 06:48:30,181 INFO  http.HttpServer2 (HttpServer2.java:addGlobalFilter(975)) - Added global filter 'safety' (class=org.apache.hadoop.http.HttpServer2$QuotingInputFilter)
2019-07-14 06:48:30,181 INFO  http.HttpServer2 (HttpServer2.java:addFilter(948)) - Added filter static_user_filter (class=org.apache.hadoop.http.lib.StaticUserWebFilter$StaticUserFilter) to context hddsDatanode
2019-07-14 06:48:30,182 INFO  http.HttpServer2 (HttpServer2.java:addFilter(958)) - Added filter static_user_filter (class=org.apache.hadoop.http.lib.StaticUserWebFilter$StaticUserFilter) to context logs
2019-07-14 06:48:30,182 INFO  http.HttpServer2 (HttpServer2.java:addFilter(958)) - Added filter static_user_filter (class=org.apache.hadoop.http.lib.StaticUserWebFilter$StaticUserFilter) to context static
2019-07-14 06:48:30,182 INFO  http.HttpServer2 (HttpServer2.java:bindListener(1191)) - Jetty bound to port 44895
2019-07-14 06:48:30,182 INFO  server.Server (Server.java:doStart(351)) - jetty-9.3.24.v20180605, build timestamp: 2018-06-05T17:11:56Z, git hash: 84205aa28f11a4f31f2a3b86d1bba2cc8ab69827
2019-07-14 06:48:30,184 INFO  handler.ContextHandler (ContextHandler.java:doStart(781)) - Started o.e.j.s.ServletContextHandler@104972a0{/logs,file:///tmp/workdir/hadoop-ozone/integration-test/target/log,AVAILABLE}
2019-07-14 06:48:30,184 INFO  handler.ContextHandler (ContextHandler.java:doStart(781)) - Started o.e.j.s.ServletContextHandler@b0bd567{/static,jar:file:/home/user/.m2/repository/org/apache/hadoop/hadoop-hdds-container-service/0.5.0-SNAPSHOT/hadoop-hdds-container-service-0.5.0-SNAPSHOT.jar!/webapps/static,AVAILABLE}
2019-07-14 06:48:30,211 INFO  handler.ContextHandler (ContextHandler.java:doStart(781)) - Started o.e.j.w.WebAppContext@6d821475{/,file:///tmp/jetty-0.0.0.0-44895-hddsDatanode-_-any-8929011364743613474.dir/webapp/,AVAILABLE}{/hddsDatanode}
2019-07-14 06:48:30,211 INFO  server.AbstractConnector (AbstractConnector.java:doStart(278)) - Started ServerConnector@588b2d7a{HTTP/1.1,[http/1.1]}{0.0.0.0:44895}
2019-07-14 06:48:30,218 INFO  server.Server (Server.java:doStart(419)) - Started @132242ms
2019-07-14 06:48:30,219 INFO  server.BaseHttpServer (BaseHttpServer.java:updateConnectorAddress(207)) - HTTP server of HDDSDATANODE is listening at http://0.0.0.0:44895
2019-07-14 06:48:30,325 INFO  ozone.HddsDatanodeService (HddsDatanodeService.java:startPlugins(396)) - Started plug-in org.apache.hadoop.ozone.web.OzoneHddsDatanodeService@116f823c
2019-07-14 06:48:30,326 INFO  ozone.MiniOzoneClusterImpl (MiniOzoneClusterImpl.java:lambda$waitForClusterToBeReady$0(142)) - Waiting for cluster to be ready. Got 0 of 7 DN Heartbeats.
2019-07-14 06:48:30,327 INFO  util.JvmPauseMonitor (JvmPauseMonitor.java:run(188)) - Starting JVM pause monitor
2019-07-14 06:48:30,328 INFO  datanode.InitDatanodeState (InitDatanodeState.java:persistContainerDatanodeDetails(140)) - DatanodeDetails is persisted to /tmp/workdir/hadoop-ozone/integration-test/target/test-dir/MiniOzoneClusterImpl-28cace78-0a78-4e79-977f-7388f85db52e/datanode-6/meta/datanode.id
2019-07-14 06:48:30,758 INFO  ozoneimpl.OzoneContainer (OzoneContainer.java:start(186)) - Attempting to start container services.
2019-07-14 06:48:30,758 INFO  ozoneimpl.OzoneContainer (OzoneContainer.java:startContainerScrub(160)) - Background container scrubber has been disabled by hdds.containerscrub.enabled
2019-07-14 06:48:30,758 INFO  ratis.XceiverServerRatis (XceiverServerRatis.java:start(418)) - Starting XceiverServerRatis 54c5adbd-b69f-4eff-96a5-7b751c858806 at port 0
2019-07-14 06:48:30,764 INFO  impl.RaftServerProxy (RaftServerProxy.java:lambda$start$3(299)) - 54c5adbd-b69f-4eff-96a5-7b751c858806: start RPC server
2019-07-14 06:48:30,765 INFO  server.GrpcService (GrpcService.java:startImpl(149)) - 54c5adbd-b69f-4eff-96a5-7b751c858806: GrpcService started, listening on 0.0.0.0/0.0.0.0:39741
2019-07-14 06:48:30,765 INFO  ratis.XceiverServerRatis (XceiverServerRatis.java:start(428)) - XceiverServerRatis 54c5adbd-b69f-4eff-96a5-7b751c858806 is started using port 39741
2019-07-14 06:48:30,766 INFO  server.XceiverServerGrpc (XceiverServerGrpc.java:start(161)) - XceiverServerGrpc 54c5adbd-b69f-4eff-96a5-7b751c858806 is started using port 45919
2019-07-14 06:48:30,939 INFO  ozoneimpl.OzoneContainer (OzoneContainer.java:start(186)) - Attempting to start container services.
2019-07-14 06:48:30,939 INFO  ozoneimpl.OzoneContainer (OzoneContainer.java:startContainerScrub(160)) - Background container scrubber has been disabled by hdds.containerscrub.enabled
2019-07-14 06:48:30,939 INFO  ratis.XceiverServerRatis (XceiverServerRatis.java:start(418)) - Starting XceiverServerRatis 9c852160-5e24-424f-84b3-d45afdc6000d at port 0
2019-07-14 06:48:30,946 INFO  impl.RaftServerProxy (RaftServerProxy.java:lambda$start$3(299)) - 9c852160-5e24-424f-84b3-d45afdc6000d: start RPC server
2019-07-14 06:48:30,947 INFO  server.GrpcService (GrpcService.java:startImpl(149)) - 9c852160-5e24-424f-84b3-d45afdc6000d: GrpcService started, listening on 0.0.0.0/0.0.0.0:42656
2019-07-14 06:48:30,947 INFO  ratis.XceiverServerRatis (XceiverServerRatis.java:start(428)) - XceiverServerRatis 9c852160-5e24-424f-84b3-d45afdc6000d is started using port 42656
2019-07-14 06:48:30,948 INFO  server.XceiverServerGrpc (XceiverServerGrpc.java:start(161)) - XceiverServerGrpc 9c852160-5e24-424f-84b3-d45afdc6000d is started using port 45614
2019-07-14 06:48:31,234 INFO  ozoneimpl.OzoneContainer (OzoneContainer.java:start(186)) - Attempting to start container services.
2019-07-14 06:48:31,234 INFO  ozoneimpl.OzoneContainer (OzoneContainer.java:startContainerScrub(160)) - Background container scrubber has been disabled by hdds.containerscrub.enabled
2019-07-14 06:48:31,234 INFO  ratis.XceiverServerRatis (XceiverServerRatis.java:start(418)) - Starting XceiverServerRatis fb6742ca-e1a8-43be-aadc-3c88f64884b8 at port 0
2019-07-14 06:48:31,240 INFO  impl.RaftServerProxy (RaftServerProxy.java:lambda$start$3(299)) - fb6742ca-e1a8-43be-aadc-3c88f64884b8: start RPC server
2019-07-14 06:48:31,241 INFO  server.GrpcService (GrpcService.java:startImpl(149)) - fb6742ca-e1a8-43be-aadc-3c88f64884b8: GrpcService started, listening on 0.0.0.0/0.0.0.0:40057
2019-07-14 06:48:31,241 INFO  ratis.XceiverServerRatis (XceiverServerRatis.java:start(428)) - XceiverServerRatis fb6742ca-e1a8-43be-aadc-3c88f64884b8 is started using port 40057
2019-07-14 06:48:31,241 INFO  server.XceiverServerGrpc (XceiverServerGrpc.java:start(161)) - XceiverServerGrpc fb6742ca-e1a8-43be-aadc-3c88f64884b8 is started using port 36907
2019-07-14 06:48:31,326 INFO  ozone.MiniOzoneClusterImpl (MiniOzoneClusterImpl.java:lambda$waitForClusterToBeReady$0(142)) - Waiting for cluster to be ready. Got 0 of 7 DN Heartbeats.
2019-07-14 06:48:31,433 INFO  ozoneimpl.OzoneContainer (OzoneContainer.java:start(186)) - Attempting to start container services.
2019-07-14 06:48:31,433 INFO  ozoneimpl.OzoneContainer (OzoneContainer.java:startContainerScrub(160)) - Background container scrubber has been disabled by hdds.containerscrub.enabled
2019-07-14 06:48:31,434 INFO  ratis.XceiverServerRatis (XceiverServerRatis.java:start(418)) - Starting XceiverServerRatis e6f5805a-28d3-4efa-b96d-17169aa81f08 at port 0
2019-07-14 06:48:31,439 INFO  impl.RaftServerProxy (RaftServerProxy.java:lambda$start$3(299)) - e6f5805a-28d3-4efa-b96d-17169aa81f08: start RPC server
2019-07-14 06:48:31,440 INFO  server.GrpcService (GrpcService.java:startImpl(149)) - e6f5805a-28d3-4efa-b96d-17169aa81f08: GrpcService started, listening on 0.0.0.0/0.0.0.0:39112
2019-07-14 06:48:31,440 INFO  ratis.XceiverServerRatis (XceiverServerRatis.java:start(428)) - XceiverServerRatis e6f5805a-28d3-4efa-b96d-17169aa81f08 is started using port 39112
2019-07-14 06:48:31,440 INFO  server.XceiverServerGrpc (XceiverServerGrpc.java:start(161)) - XceiverServerGrpc e6f5805a-28d3-4efa-b96d-17169aa81f08 is started using port 42587
2019-07-14 06:48:31,893 WARN  server.GrpcLogAppender (LogUtils.java:warn(134)) - 5fa73f57-633f-4a9e-be98-152ac70662dd->0600c2b4-e1a3-427a-9fdb-084c61ff69c5: Failed appendEntries: org.apache.ratis.thirdparty.io.grpc.StatusRuntimeException: UNAVAILABLE: io exception
2019-07-14 06:48:31,894 WARN  server.GrpcLogAppender (LogUtils.java:warn(134)) - 3241ab05-47cd-4c48-9fea-5ddbdbaeef39->2fef8973-174d-48d8-963e-54cf9187de8a: Failed appendEntries: org.apache.ratis.thirdparty.io.grpc.StatusRuntimeException: UNAVAILABLE: io exception
2019-07-14 06:48:31,894 WARN  server.GrpcLogAppender (LogUtils.java:warn(134)) - 5fa73f57-633f-4a9e-be98-152ac70662dd->d1bc6e12-59df-498f-9de7-253310cec742: Failed appendEntries: org.apache.ratis.thirdparty.io.grpc.StatusRuntimeException: UNAVAILABLE: io exception
2019-07-14 06:48:31,894 INFO  impl.FollowerInfo (FollowerInfo.java:lambda$new$0(50)) - 3241ab05-47cd-4c48-9fea-5ddbdbaeef39->2fef8973-174d-48d8-963e-54cf9187de8a: nextIndex: updateUnconditionally 0 -> 0
2019-07-14 06:48:31,894 WARN  server.GrpcLogAppender (LogUtils.java:warn(134)) - 3241ab05-47cd-4c48-9fea-5ddbdbaeef39->a1305044-e17b-4b59-833a-89d8bcd36db1: Failed appendEntries: org.apache.ratis.thirdparty.io.grpc.StatusRuntimeException: UNAVAILABLE: io exception
2019-07-14 06:48:31,894 INFO  impl.FollowerInfo (FollowerInfo.java:lambda$new$0(50)) - 5fa73f57-633f-4a9e-be98-152ac70662dd->0600c2b4-e1a3-427a-9fdb-084c61ff69c5: nextIndex: updateUnconditionally 0 -> 0
2019-07-14 06:48:31,895 INFO  impl.FollowerInfo (FollowerInfo.java:lambda$new$0(50)) - 3241ab05-47cd-4c48-9fea-5ddbdbaeef39->a1305044-e17b-4b59-833a-89d8bcd36db1: nextIndex: updateUnconditionally 0 -> 0
2019-07-14 06:48:31,894 INFO  impl.FollowerInfo (FollowerInfo.java:lambda$new$0(50)) - 5fa73f57-633f-4a9e-be98-152ac70662dd->d1bc6e12-59df-498f-9de7-253310cec742: nextIndex: updateUnconditionally 0 -> 0
2019-07-14 06:48:31,928 INFO  ozoneimpl.OzoneContainer (OzoneContainer.java:start(186)) - Attempting to start container services.
2019-07-14 06:48:31,929 INFO  ozoneimpl.OzoneContainer (OzoneContainer.java:startContainerScrub(160)) - Background container scrubber has been disabled by hdds.containerscrub.enabled
2019-07-14 06:48:31,929 INFO  ratis.XceiverServerRatis (XceiverServerRatis.java:start(418)) - Starting XceiverServerRatis 55574485-6bdc-4d86-bde2-6ba126a5eb77 at port 0
2019-07-14 06:48:31,935 INFO  impl.RaftServerProxy (RaftServerProxy.java:lambda$start$3(299)) - 55574485-6bdc-4d86-bde2-6ba126a5eb77: start RPC server
2019-07-14 06:48:31,935 INFO  server.GrpcService (GrpcService.java:startImpl(149)) - 55574485-6bdc-4d86-bde2-6ba126a5eb77: GrpcService started, listening on 0.0.0.0/0.0.0.0:42985
2019-07-14 06:48:31,936 INFO  ratis.XceiverServerRatis (XceiverServerRatis.java:start(428)) - XceiverServerRatis 55574485-6bdc-4d86-bde2-6ba126a5eb77 is started using port 42985
2019-07-14 06:48:31,936 INFO  server.XceiverServerGrpc (XceiverServerGrpc.java:start(161)) - XceiverServerGrpc 55574485-6bdc-4d86-bde2-6ba126a5eb77 is started using port 42292
2019-07-14 06:48:32,147 INFO  ozoneimpl.OzoneContainer (OzoneContainer.java:start(186)) - Attempting to start container services.
2019-07-14 06:48:32,147 INFO  ozoneimpl.OzoneContainer (OzoneContainer.java:startContainerScrub(160)) - Background container scrubber has been disabled by hdds.containerscrub.enabled
2019-07-14 06:48:32,147 INFO  ratis.XceiverServerRatis (XceiverServerRatis.java:start(418)) - Starting XceiverServerRatis f678f215-168e-48a8-8868-6d888d60d4cc at port 0
2019-07-14 06:48:32,153 INFO  impl.RaftServerProxy (RaftServerProxy.java:lambda$start$3(299)) - f678f215-168e-48a8-8868-6d888d60d4cc: start RPC server
2019-07-14 06:48:32,154 INFO  server.GrpcService (GrpcService.java:startImpl(149)) - f678f215-168e-48a8-8868-6d888d60d4cc: GrpcService started, listening on 0.0.0.0/0.0.0.0:32836
2019-07-14 06:48:32,154 INFO  ratis.XceiverServerRatis (XceiverServerRatis.java:start(428)) - XceiverServerRatis f678f215-168e-48a8-8868-6d888d60d4cc is started using port 32836
2019-07-14 06:48:32,155 INFO  server.XceiverServerGrpc (XceiverServerGrpc.java:start(161)) - XceiverServerGrpc f678f215-168e-48a8-8868-6d888d60d4cc is started using port 37852
2019-07-14 06:48:32,327 INFO  ozone.MiniOzoneClusterImpl (MiniOzoneClusterImpl.java:lambda$waitForClusterToBeReady$0(142)) - Waiting for cluster to be ready. Got 0 of 7 DN Heartbeats.
2019-07-14 06:48:32,331 INFO  node.StaleNodeHandler (StaleNodeHandler.java:onMessage(58)) - Datanode d1bc6e12-59df-498f-9de7-253310cec742{ip: 192.168.5.144, host: trunk-nightly-8c95p-1540871953, networkLocation: /default-rack, certSerialId: null} moved to stale state. Finalizing its pipelines [PipelineID=07cef996-f2d5-42ba-a83c-eb97a7caae95, PipelineID=c3f3cfb8-115a-4168-9c64-1e128d6244c0]
2019-07-14 06:48:32,331 INFO  pipeline.SCMPipelineManager (SCMPipelineManager.java:finalizeAndDestroyPipeline(309)) - destroying pipeline:Pipeline[ Id: 07cef996-f2d5-42ba-a83c-eb97a7caae95, Nodes: 0600c2b4-e1a3-427a-9fdb-084c61ff69c5{ip: 192.168.5.144, host: trunk-nightly-8c95p-1540871953, networkLocation: /default-rack, certSerialId: null}d1bc6e12-59df-498f-9de7-253310cec742{ip: 192.168.5.144, host: trunk-nightly-8c95p-1540871953, networkLocation: /default-rack, certSerialId: null}5fa73f57-633f-4a9e-be98-152ac70662dd{ip: 192.168.5.144, host: trunk-nightly-8c95p-1540871953, networkLocation: /default-rack, certSerialId: null}, Type:RATIS, Factor:THREE, State:CLOSED]
2019-07-14 06:48:32,332 INFO  pipeline.SCMPipelineManager (SCMPipelineManager.java:finalizeAndDestroyPipeline(309)) - destroying pipeline:Pipeline[ Id: c3f3cfb8-115a-4168-9c64-1e128d6244c0, Nodes: d1bc6e12-59df-498f-9de7-253310cec742{ip: 192.168.5.144, host: trunk-nightly-8c95p-1540871953, networkLocation: /default-rack, certSerialId: null}, Type:RATIS, Factor:ONE, State:OPEN]
2019-07-14 06:48:32,332 INFO  pipeline.PipelineStateManager (PipelineStateManager.java:finalizePipeline(123)) - Pipeline Pipeline[ Id: c3f3cfb8-115a-4168-9c64-1e128d6244c0, Nodes: d1bc6e12-59df-498f-9de7-253310cec742{ip: 192.168.5.144, host: trunk-nightly-8c95p-1540871953, networkLocation: /default-rack, certSerialId: null}, Type:RATIS, Factor:ONE, State:CLOSED] moved to CLOSED state
2019-07-14 06:48:32,333 INFO  ozoneimpl.OzoneContainer (OzoneContainer.java:start(186)) - Attempting to start container services.
2019-07-14 06:48:32,333 INFO  ozoneimpl.OzoneContainer (OzoneContainer.java:startContainerScrub(160)) - Background container scrubber has been disabled by hdds.containerscrub.enabled
2019-07-14 06:48:32,334 INFO  ratis.XceiverServerRatis (XceiverServerRatis.java:start(418)) - Starting XceiverServerRatis 58c8c41f-92cb-4f94-b8d8-35b62c11031c at port 0
2019-07-14 06:48:32,341 INFO  impl.RaftServerProxy (RaftServerProxy.java:lambda$start$3(299)) - 58c8c41f-92cb-4f94-b8d8-35b62c11031c: start RPC server
2019-07-14 06:48:32,342 INFO  server.GrpcService (GrpcService.java:startImpl(149)) - 58c8c41f-92cb-4f94-b8d8-35b62c11031c: GrpcService started, listening on 0.0.0.0/0.0.0.0:39605
2019-07-14 06:48:32,342 INFO  ratis.XceiverServerRatis (XceiverServerRatis.java:start(428)) - XceiverServerRatis 58c8c41f-92cb-4f94-b8d8-35b62c11031c is started using port 39605
2019-07-14 06:48:32,343 INFO  server.XceiverServerGrpc (XceiverServerGrpc.java:start(161)) - XceiverServerGrpc 58c8c41f-92cb-4f94-b8d8-35b62c11031c is started using port 39176
2019-07-14 06:48:32,723 INFO  net.NetworkTopology (NetworkTopologyImpl.java:add(110)) - Added a new node: /default-rack/192.168.5.144
2019-07-14 06:48:32,732 INFO  node.SCMNodeManager (SCMNodeManager.java:register(269)) - Registered Data node : 54c5adbd-b69f-4eff-96a5-7b751c858806{ip: 192.168.5.144, host: trunk-nightly-8c95p-1540871953, networkLocation: /default-rack, certSerialId: null}
2019-07-14 06:48:32,733 INFO  safemode.SCMSafeModeManager (DataNodeSafeModeRule.java:process(71)) - SCM in safe mode. 1 DataNodes registered, 1 required.
2019-07-14 06:48:32,740 INFO  safemode.SCMSafeModeManager (SCMSafeModeManager.java:validateSafeModeExitRules(177)) - ScmSafeModeManager, all rules are successfully validated
2019-07-14 06:48:32,740 INFO  safemode.SCMSafeModeManager (SCMSafeModeManager.java:exitSafeMode(193)) - SCM exiting safe mode.
2019-07-14 06:48:32,752 INFO  impl.RaftServerProxy (RaftServerProxy.java:addNew(89)) - 54c5adbd-b69f-4eff-96a5-7b751c858806: addNew group-31F51494F22E:[54c5adbd-b69f-4eff-96a5-7b751c858806:192.168.5.144:39741] returns group-31F51494F22E:java.util.concurrent.CompletableFuture@48d14e9f[Not completed]
2019-07-14 06:48:32,753 INFO  impl.RaftServerImpl (RaftServerImpl.java:<init>(93)) - 54c5adbd-b69f-4eff-96a5-7b751c858806: new RaftServerImpl for group-31F51494F22E:[54c5adbd-b69f-4eff-96a5-7b751c858806:192.168.5.144:39741] with ContainerStateMachine:uninitialized
2019-07-14 06:48:32,753 INFO  server.RaftServerConfigKeys (ConfUtils.java:logGet(43)) - raft.server.rpc.timeout.min = 5s (custom)
2019-07-14 06:48:32,753 INFO  server.RaftServerConfigKeys (ConfUtils.java:logGet(43)) - raft.server.rpc.timeout.max = 5200ms (custom)
2019-07-14 06:48:32,753 INFO  server.RaftServerConfigKeys (ConfUtils.java:logGet(43)) - raft.server.rpcslowness.timeout = 120s (custom)
2019-07-14 06:48:32,753 INFO  server.RaftServerConfigKeys (ConfUtils.java:logGet(43)) - raft.server.sleep.deviation.threshold = 300 (default)
2019-07-14 06:48:32,753 INFO  server.RaftServerConfigKeys (ConfUtils.java:logGet(43)) - raft.server.log.appender.install.snapshot.enabled = false (custom)
2019-07-14 06:48:32,754 INFO  impl.RaftServerImpl (ServerState.java:<init>(105)) - 54c5adbd-b69f-4eff-96a5-7b751c858806:group-31F51494F22E ConfigurationManager, init=-1: [54c5adbd-b69f-4eff-96a5-7b751c858806:192.168.5.144:39741], old=null, confs=<EMPTY_MAP>
2019-07-14 06:48:32,754 INFO  server.RaftServerConfigKeys (ConfUtils.java:logGet(43)) - raft.server.storage.dir = [/tmp/workdir/hadoop-ozone/integration-test/target/test-dir/MiniOzoneClusterImpl-28cace78-0a78-4e79-977f-7388f85db52e/datanode-0/data/ratis] (custom)
2019-07-14 06:48:32,754 INFO  storage.RaftStorageDirectory (RaftStorageDirectory.java:analyzeStorage(246)) - The storage directory /tmp/workdir/hadoop-ozone/integration-test/target/test-dir/MiniOzoneClusterImpl-28cace78-0a78-4e79-977f-7388f85db52e/datanode-0/data/ratis/1897f0b8-4e60-4952-a17e-31f51494f22e does not exist. Creating ...
2019-07-14 06:48:32,769 INFO  storage.RaftStorageDirectory (RaftStorageDirectory.java:tryLock(328)) - Lock on /tmp/workdir/hadoop-ozone/integration-test/target/test-dir/MiniOzoneClusterImpl-28cace78-0a78-4e79-977f-7388f85db52e/datanode-0/data/ratis/1897f0b8-4e60-4952-a17e-31f51494f22e/in_use.lock acquired by nodename 28347@trunk-nightly-8c95p-1540871953
2019-07-14 06:48:32,772 INFO  storage.RaftStorage (RaftStorage.java:format(72)) - Storage directory /tmp/workdir/hadoop-ozone/integration-test/target/test-dir/MiniOzoneClusterImpl-28cace78-0a78-4e79-977f-7388f85db52e/datanode-0/data/ratis/1897f0b8-4e60-4952-a17e-31f51494f22e has been successfully formatted.
2019-07-14 06:48:32,772 INFO  ratis.ContainerStateMachine (ContainerStateMachine.java:loadSnapshot(200)) - group-31F51494F22E: The snapshot info is null. Setting the last applied indexto:(t:0, i:~)
2019-07-14 06:48:32,772 INFO  server.RaftServerConfigKeys (ConfUtils.java:logGet(43)) - raft.server.leader.election.timeout = 120s (custom)
2019-07-14 06:48:32,772 INFO  server.RaftServerConfigKeys (ConfUtils.java:logGet(43)) - raft.server.log.use.memory = false (default)
2019-07-14 06:48:32,772 INFO  server.RaftServerConfigKeys (ConfUtils.java:logGet(43)) - raft.server.log.purge.gap = 1000000000 (custom)
2019-07-14 06:48:32,773 INFO  server.RaftServerConfigKeys (ConfUtils.java:logGet(43)) - raft.server.log.appender.buffer.byte-limit = 33554432 (custom)
2019-07-14 06:48:32,773 INFO  server.RaftServerConfigKeys (ConfUtils.java:logGet(43)) - raft.server.log.segment.size.max = 1048576 (custom)
2019-07-14 06:48:32,773 INFO  server.RaftServerConfigKeys (ConfUtils.java:logGet(43)) - raft.server.log.segment.cache.num.max = 2 (custom)
2019-07-14 06:48:32,773 INFO  segmented.SegmentedRaftLogWorker (SegmentedRaftLogWorker.java:<init>(172)) - new 54c5adbd-b69f-4eff-96a5-7b751c858806-SegmentedRaftLogWorker:Storage Directory /tmp/workdir/hadoop-ozone/integration-test/target/test-dir/MiniOzoneClusterImpl-28cace78-0a78-4e79-977f-7388f85db52e/datanode-0/data/ratis/1897f0b8-4e60-4952-a17e-31f51494f22e for RaftStorage:Storage Directory /tmp/workdir/hadoop-ozone/integration-test/target/test-dir/MiniOzoneClusterImpl-28cace78-0a78-4e79-977f-7388f85db52e/datanode-0/data/ratis/1897f0b8-4e60-4952-a17e-31f51494f22e
2019-07-14 06:48:32,773 INFO  server.RaftServerConfigKeys (ConfUtils.java:logGet(43)) - raft.server.log.queue.byte-limit = 2147483647 (custom)
2019-07-14 06:48:32,773 INFO  server.RaftServerConfigKeys (ConfUtils.java:logGet(43)) - raft.server.log.queue.element-limit = 1024 (custom)
2019-07-14 06:48:32,773 INFO  server.RaftServerConfigKeys (ConfUtils.java:logGet(43)) - raft.server.log.segment.size.max = 1048576 (custom)
2019-07-14 06:48:32,774 INFO  server.RaftServerConfigKeys (ConfUtils.java:logGet(43)) - raft.server.log.preallocated.size = 16384 (custom)
2019-07-14 06:48:32,774 INFO  server.RaftServerConfigKeys (ConfUtils.java:logGet(43)) - raft.server.log.write.buffer.size = 33554432 (custom)
2019-07-14 06:48:32,774 INFO  server.RaftServerConfigKeys (ConfUtils.java:logGet(43)) - raft.server.log.force.sync.num = 128 (default)
2019-07-14 06:48:32,774 INFO  server.RaftServerConfigKeys (ConfUtils.java:logGet(43)) - raft.server.log.statemachine.data.sync = true (default)
2019-07-14 06:48:32,774 INFO  server.RaftServerConfigKeys (ConfUtils.java:logGet(43)) - raft.server.log.statemachine.data.sync.timeout = 10s (default)
2019-07-14 06:48:32,774 INFO  server.RaftServerConfigKeys (ConfUtils.java:logGet(43)) - raft.server.log.statemachine.data.sync.timeout.retry = -1 (default)
2019-07-14 06:48:32,774 INFO  server.RaftServerConfigKeys (ConfUtils.java:logGet(43)) - raft.server.log.statemachine.data.caching.enabled = true (custom)
2019-07-14 06:48:32,775 INFO  segmented.SegmentedRaftLogWorker (SegmentedRaftLogWorker.java:lambda$new$0(132)) - 54c5adbd-b69f-4eff-96a5-7b751c858806-SegmentedRaftLogWorker:Storage Directory /tmp/workdir/hadoop-ozone/integration-test/target/test-dir/MiniOzoneClusterImpl-28cace78-0a78-4e79-977f-7388f85db52e/datanode-0/data/ratis/1897f0b8-4e60-4952-a17e-31f51494f22e: flushIndex: setUnconditionally 0 -> -1
2019-07-14 06:48:32,775 INFO  server.RaftServerConfigKeys (ConfUtils.java:logGet(43)) - raft.server.snapshot.auto.trigger.enabled = true (custom)
2019-07-14 06:48:32,775 INFO  server.RaftServerConfigKeys (ConfUtils.java:logGet(43)) - raft.server.snapshot.auto.trigger.threshold = 10000 (custom)
2019-07-14 06:48:32,775 INFO  server.RaftServerConfigKeys (ConfUtils.java:logGet(43)) - raft.server.retrycache.expirytime = 600000ms (custom)
2019-07-14 06:48:32,776 INFO  impl.RaftServerImpl (RaftServerImpl.java:start(180)) - 54c5adbd-b69f-4eff-96a5-7b751c858806: start group-31F51494F22E
2019-07-14 06:48:32,776 INFO  impl.RaftServerImpl (RaftServerImpl.java:setRole(171)) - 54c5adbd-b69f-4eff-96a5-7b751c858806:group-31F51494F22E changes role from null to FOLLOWER at term 0 for startAsFollower
2019-07-14 06:48:32,776 INFO  impl.RoleInfo (RoleInfo.java:updateAndGet(143)) - 54c5adbd-b69f-4eff-96a5-7b751c858806: start FollowerState
2019-07-14 06:48:32,776 INFO  util.JmxRegister (JmxRegister.java:tryRegister(44)) - Successfully registered JMX Bean with object name Ratis:service=RaftServer,group=group-31F51494F22E,id=54c5adbd-b69f-4eff-96a5-7b751c858806
2019-07-14 06:48:32,779 INFO  pipeline.PipelineStateManager (PipelineStateManager.java:addPipeline(56)) - Created pipeline Pipeline[ Id: 1897f0b8-4e60-4952-a17e-31f51494f22e, Nodes: 54c5adbd-b69f-4eff-96a5-7b751c858806{ip: 192.168.5.144, host: trunk-nightly-8c95p-1540871953, networkLocation: /default-rack, certSerialId: null}, Type:RATIS, Factor:ONE, State:OPEN]
2019-07-14 06:48:32,934 INFO  node.SCMNodeManager (SCMNodeManager.java:register(269)) - Registered Data node : 9c852160-5e24-424f-84b3-d45afdc6000d{ip: 192.168.5.144, host: trunk-nightly-8c95p-1540871953, networkLocation: /default-rack, certSerialId: null}
2019-07-14 06:48:32,951 INFO  impl.RaftServerProxy (RaftServerProxy.java:addNew(89)) - 9c852160-5e24-424f-84b3-d45afdc6000d: addNew group-8ADC8D9EB5B6:[9c852160-5e24-424f-84b3-d45afdc6000d:192.168.5.144:42656] returns group-8ADC8D9EB5B6:java.util.concurrent.CompletableFuture@3c14f0eb[Not completed]
2019-07-14 06:48:32,952 INFO  impl.RaftServerImpl (RaftServerImpl.java:<init>(93)) - 9c852160-5e24-424f-84b3-d45afdc6000d: new RaftServerImpl for group-8ADC8D9EB5B6:[9c852160-5e24-424f-84b3-d45afdc6000d:192.168.5.144:42656] with ContainerStateMachine:uninitialized
2019-07-14 06:48:32,952 INFO  server.RaftServerConfigKeys (ConfUtils.java:logGet(43)) - raft.server.rpc.timeout.min = 5s (custom)
2019-07-14 06:48:32,952 INFO  server.RaftServerConfigKeys (ConfUtils.java:logGet(43)) - raft.server.rpc.timeout.max = 5200ms (custom)
2019-07-14 06:48:32,952 INFO  server.RaftServerConfigKeys (ConfUtils.java:logGet(43)) - raft.server.rpcslowness.timeout = 120s (custom)
2019-07-14 06:48:32,953 INFO  server.RaftServerConfigKeys (ConfUtils.java:logGet(43)) - raft.server.sleep.deviation.threshold = 300 (default)
2019-07-14 06:48:32,953 INFO  server.RaftServerConfigKeys (ConfUtils.java:logGet(43)) - raft.server.log.appender.install.snapshot.enabled = false (custom)
2019-07-14 06:48:32,953 INFO  impl.RaftServerImpl (ServerState.java:<init>(105)) - 9c852160-5e24-424f-84b3-d45afdc6000d:group-8ADC8D9EB5B6 ConfigurationManager, init=-1: [9c852160-5e24-424f-84b3-d45afdc6000d:192.168.5.144:42656], old=null, confs=<EMPTY_MAP>
2019-07-14 06:48:32,953 INFO  server.RaftServerConfigKeys (ConfUtils.java:logGet(43)) - raft.server.storage.dir = [/tmp/workdir/hadoop-ozone/integration-test/target/test-dir/MiniOzoneClusterImpl-28cace78-0a78-4e79-977f-7388f85db52e/datanode-1/data/ratis] (custom)
2019-07-14 06:48:32,953 INFO  storage.RaftStorageDirectory (RaftStorageDirectory.java:analyzeStorage(246)) - The storage directory /tmp/workdir/hadoop-ozone/integration-test/target/test-dir/MiniOzoneClusterImpl-28cace78-0a78-4e79-977f-7388f85db52e/datanode-1/data/ratis/0153f5ac-6bec-4862-a539-8adc8d9eb5b6 does not exist. Creating ...
2019-07-14 06:48:32,960 INFO  storage.RaftStorageDirectory (RaftStorageDirectory.java:tryLock(328)) - Lock on /tmp/workdir/hadoop-ozone/integration-test/target/test-dir/MiniOzoneClusterImpl-28cace78-0a78-4e79-977f-7388f85db52e/datanode-1/data/ratis/0153f5ac-6bec-4862-a539-8adc8d9eb5b6/in_use.lock acquired by nodename 28347@trunk-nightly-8c95p-1540871953
2019-07-14 06:48:32,972 INFO  storage.RaftStorage (RaftStorage.java:format(72)) - Storage directory /tmp/workdir/hadoop-ozone/integration-test/target/test-dir/MiniOzoneClusterImpl-28cace78-0a78-4e79-977f-7388f85db52e/datanode-1/data/ratis/0153f5ac-6bec-4862-a539-8adc8d9eb5b6 has been successfully formatted.
2019-07-14 06:48:32,972 INFO  ratis.ContainerStateMachine (ContainerStateMachine.java:loadSnapshot(200)) - group-8ADC8D9EB5B6: The snapshot info is null. Setting the last applied indexto:(t:0, i:~)
2019-07-14 06:48:32,972 INFO  server.RaftServerConfigKeys (ConfUtils.java:logGet(43)) - raft.server.leader.election.timeout = 120s (custom)
2019-07-14 06:48:32,972 INFO  server.RaftServerConfigKeys (ConfUtils.java:logGet(43)) - raft.server.log.use.memory = false (default)
2019-07-14 06:48:32,972 INFO  server.RaftServerConfigKeys (ConfUtils.java:logGet(43)) - raft.server.log.purge.gap = 1000000000 (custom)
2019-07-14 06:48:32,972 INFO  server.RaftServerConfigKeys (ConfUtils.java:logGet(43)) - raft.server.log.appender.buffer.byte-limit = 33554432 (custom)
2019-07-14 06:48:32,973 INFO  server.RaftServerConfigKeys (ConfUtils.java:logGet(43)) - raft.server.log.segment.size.max = 1048576 (custom)
2019-07-14 06:48:32,973 INFO  server.RaftServerConfigKeys (ConfUtils.java:logGet(43)) - raft.server.log.segment.cache.num.max = 2 (custom)
2019-07-14 06:48:32,973 INFO  segmented.SegmentedRaftLogWorker (SegmentedRaftLogWorker.java:<init>(172)) - new 9c852160-5e24-424f-84b3-d45afdc6000d-SegmentedRaftLogWorker:Storage Directory /tmp/workdir/hadoop-ozone/integration-test/target/test-dir/MiniOzoneClusterImpl-28cace78-0a78-4e79-977f-7388f85db52e/datanode-1/data/ratis/0153f5ac-6bec-4862-a539-8adc8d9eb5b6 for RaftStorage:Storage Directory /tmp/workdir/hadoop-ozone/integration-test/target/test-dir/MiniOzoneClusterImpl-28cace78-0a78-4e79-977f-7388f85db52e/datanode-1/data/ratis/0153f5ac-6bec-4862-a539-8adc8d9eb5b6
2019-07-14 06:48:32,973 INFO  server.RaftServerConfigKeys (ConfUtils.java:logGet(43)) - raft.server.log.queue.byte-limit = 2147483647 (custom)
2019-07-14 06:48:32,973 INFO  server.RaftServerConfigKeys (ConfUtils.java:logGet(43)) - raft.server.log.queue.element-limit = 1024 (custom)
2019-07-14 06:48:32,973 INFO  server.RaftServerConfigKeys (ConfUtils.java:logGet(43)) - raft.server.log.segment.size.max = 1048576 (custom)
2019-07-14 06:48:32,974 INFO  server.RaftServerConfigKeys (ConfUtils.java:logGet(43)) - raft.server.log.preallocated.size = 16384 (custom)
2019-07-14 06:48:32,974 INFO  server.RaftServerConfigKeys (ConfUtils.java:logGet(43)) - raft.server.log.write.buffer.size = 33554432 (custom)
2019-07-14 06:48:32,974 INFO  server.RaftServerConfigKeys (ConfUtils.java:logGet(43)) - raft.server.log.force.sync.num = 128 (default)
2019-07-14 06:48:32,974 INFO  server.RaftServerConfigKeys (ConfUtils.java:logGet(43)) - raft.server.log.statemachine.data.sync = true (default)
2019-07-14 06:48:32,974 INFO  server.RaftServerConfigKeys (ConfUtils.java:logGet(43)) - raft.server.log.statemachine.data.sync.timeout = 10s (default)
2019-07-14 06:48:32,974 INFO  server.RaftServerConfigKeys (ConfUtils.java:logGet(43)) - raft.server.log.statemachine.data.sync.timeout.retry = -1 (default)
2019-07-14 06:48:32,975 INFO  server.RaftServerConfigKeys (ConfUtils.java:logGet(43)) - raft.server.log.statemachine.data.caching.enabled = true (custom)
2019-07-14 06:48:32,975 INFO  segmented.SegmentedRaftLogWorker (SegmentedRaftLogWorker.java:lambda$new$0(132)) - 9c852160-5e24-424f-84b3-d45afdc6000d-SegmentedRaftLogWorker:Storage Directory /tmp/workdir/hadoop-ozone/integration-test/target/test-dir/MiniOzoneClusterImpl-28cace78-0a78-4e79-977f-7388f85db52e/datanode-1/data/ratis/0153f5ac-6bec-4862-a539-8adc8d9eb5b6: flushIndex: setUnconditionally 0 -> -1
2019-07-14 06:48:32,975 INFO  server.RaftServerConfigKeys (ConfUtils.java:logGet(43)) - raft.server.snapshot.auto.trigger.enabled = true (custom)
2019-07-14 06:48:32,975 INFO  server.RaftServerConfigKeys (ConfUtils.java:logGet(43)) - raft.server.snapshot.auto.trigger.threshold = 10000 (custom)
2019-07-14 06:48:32,975 INFO  server.RaftServerConfigKeys (ConfUtils.java:logGet(43)) - raft.server.retrycache.expirytime = 600000ms (custom)
2019-07-14 06:48:32,976 INFO  impl.RaftServerImpl (RaftServerImpl.java:start(180)) - 9c852160-5e24-424f-84b3-d45afdc6000d: start group-8ADC8D9EB5B6
2019-07-14 06:48:32,976 INFO  impl.RaftServerImpl (RaftServerImpl.java:setRole(171)) - 9c852160-5e24-424f-84b3-d45afdc6000d:group-8ADC8D9EB5B6 changes role from null to FOLLOWER at term 0 for startAsFollower
2019-07-14 06:48:32,976 INFO  impl.RoleInfo (RoleInfo.java:updateAndGet(143)) - 9c852160-5e24-424f-84b3-d45afdc6000d: start FollowerState
2019-07-14 06:48:32,976 INFO  util.JmxRegister (JmxRegister.java:tryRegister(44)) - Successfully registered JMX Bean with object name Ratis:service=RaftServer,group=group-8ADC8D9EB5B6,id=9c852160-5e24-424f-84b3-d45afdc6000d
2019-07-14 06:48:32,979 INFO  pipeline.PipelineStateManager (PipelineStateManager.java:addPipeline(56)) - Created pipeline Pipeline[ Id: 0153f5ac-6bec-4862-a539-8adc8d9eb5b6, Nodes: 9c852160-5e24-424f-84b3-d45afdc6000d{ip: 192.168.5.144, host: trunk-nightly-8c95p-1540871953, networkLocation: /default-rack, certSerialId: null}, Type:RATIS, Factor:ONE, State:OPEN]
2019-07-14 06:48:33,220 INFO  node.SCMNodeManager (SCMNodeManager.java:register(269)) - Registered Data node : fb6742ca-e1a8-43be-aadc-3c88f64884b8{ip: 192.168.5.144, host: trunk-nightly-8c95p-1540871953, networkLocation: /default-rack, certSerialId: null}
2019-07-14 06:48:33,236 INFO  impl.RaftServerProxy (RaftServerProxy.java:addNew(89)) - fb6742ca-e1a8-43be-aadc-3c88f64884b8: addNew group-50AED38328B3:[fb6742ca-e1a8-43be-aadc-3c88f64884b8:192.168.5.144:40057] returns group-50AED38328B3:java.util.concurrent.CompletableFuture@33e61c1c[Not completed]
2019-07-14 06:48:33,238 INFO  impl.RaftServerImpl (RaftServerImpl.java:<init>(93)) - fb6742ca-e1a8-43be-aadc-3c88f64884b8: new RaftServerImpl for group-50AED38328B3:[fb6742ca-e1a8-43be-aadc-3c88f64884b8:192.168.5.144:40057] with ContainerStateMachine:uninitialized
2019-07-14 06:48:33,238 INFO  server.RaftServerConfigKeys (ConfUtils.java:logGet(43)) - raft.server.rpc.timeout.min = 5s (custom)
2019-07-14 06:48:33,238 INFO  server.RaftServerConfigKeys (ConfUtils.java:logGet(43)) - raft.server.rpc.timeout.max = 5200ms (custom)
2019-07-14 06:48:33,238 INFO  server.RaftServerConfigKeys (ConfUtils.java:logGet(43)) - raft.server.rpcslowness.timeout = 120s (custom)
2019-07-14 06:48:33,238 INFO  server.RaftServerConfigKeys (ConfUtils.java:logGet(43)) - raft.server.sleep.deviation.threshold = 300 (default)
2019-07-14 06:48:33,238 INFO  server.RaftServerConfigKeys (ConfUtils.java:logGet(43)) - raft.server.log.appender.install.snapshot.enabled = false (custom)
2019-07-14 06:48:33,239 INFO  impl.RaftServerImpl (ServerState.java:<init>(105)) - fb6742ca-e1a8-43be-aadc-3c88f64884b8:group-50AED38328B3 ConfigurationManager, init=-1: [fb6742ca-e1a8-43be-aadc-3c88f64884b8:192.168.5.144:40057], old=null, confs=<EMPTY_MAP>
2019-07-14 06:48:33,239 INFO  server.RaftServerConfigKeys (ConfUtils.java:logGet(43)) - raft.server.storage.dir = [/tmp/workdir/hadoop-ozone/integration-test/target/test-dir/MiniOzoneClusterImpl-28cace78-0a78-4e79-977f-7388f85db52e/datanode-2/data/ratis] (custom)
2019-07-14 06:48:33,239 INFO  storage.RaftStorageDirectory (RaftStorageDirectory.java:analyzeStorage(246)) - The storage directory /tmp/workdir/hadoop-ozone/integration-test/target/test-dir/MiniOzoneClusterImpl-28cace78-0a78-4e79-977f-7388f85db52e/datanode-2/data/ratis/bb710d21-dfc7-4ce6-8b97-50aed38328b3 does not exist. Creating ...
2019-07-14 06:48:33,252 INFO  storage.RaftStorageDirectory (RaftStorageDirectory.java:tryLock(328)) - Lock on /tmp/workdir/hadoop-ozone/integration-test/target/test-dir/MiniOzoneClusterImpl-28cace78-0a78-4e79-977f-7388f85db52e/datanode-2/data/ratis/bb710d21-dfc7-4ce6-8b97-50aed38328b3/in_use.lock acquired by nodename 28347@trunk-nightly-8c95p-1540871953
2019-07-14 06:48:33,264 INFO  storage.RaftStorage (RaftStorage.java:format(72)) - Storage directory /tmp/workdir/hadoop-ozone/integration-test/target/test-dir/MiniOzoneClusterImpl-28cace78-0a78-4e79-977f-7388f85db52e/datanode-2/data/ratis/bb710d21-dfc7-4ce6-8b97-50aed38328b3 has been successfully formatted.
2019-07-14 06:48:33,264 INFO  ratis.ContainerStateMachine (ContainerStateMachine.java:loadSnapshot(200)) - group-50AED38328B3: The snapshot info is null. Setting the last applied indexto:(t:0, i:~)
2019-07-14 06:48:33,264 INFO  server.RaftServerConfigKeys (ConfUtils.java:logGet(43)) - raft.server.leader.election.timeout = 120s (custom)
2019-07-14 06:48:33,264 INFO  server.RaftServerConfigKeys (ConfUtils.java:logGet(43)) - raft.server.log.use.memory = false (default)
2019-07-14 06:48:33,264 INFO  server.RaftServerConfigKeys (ConfUtils.java:logGet(43)) - raft.server.log.purge.gap = 1000000000 (custom)
2019-07-14 06:48:33,264 INFO  server.RaftServerConfigKeys (ConfUtils.java:logGet(43)) - raft.server.log.appender.buffer.byte-limit = 33554432 (custom)
2019-07-14 06:48:33,265 INFO  server.RaftServerConfigKeys (ConfUtils.java:logGet(43)) - raft.server.log.segment.size.max = 1048576 (custom)
2019-07-14 06:48:33,265 INFO  server.RaftServerConfigKeys (ConfUtils.java:logGet(43)) - raft.server.log.segment.cache.num.max = 2 (custom)
2019-07-14 06:48:33,265 INFO  segmented.SegmentedRaftLogWorker (SegmentedRaftLogWorker.java:<init>(172)) - new fb6742ca-e1a8-43be-aadc-3c88f64884b8-SegmentedRaftLogWorker:Storage Directory /tmp/workdir/hadoop-ozone/integration-test/target/test-dir/MiniOzoneClusterImpl-28cace78-0a78-4e79-977f-7388f85db52e/datanode-2/data/ratis/bb710d21-dfc7-4ce6-8b97-50aed38328b3 for RaftStorage:Storage Directory /tmp/workdir/hadoop-ozone/integration-test/target/test-dir/MiniOzoneClusterImpl-28cace78-0a78-4e79-977f-7388f85db52e/datanode-2/data/ratis/bb710d21-dfc7-4ce6-8b97-50aed38328b3
2019-07-14 06:48:33,265 INFO  server.RaftServerConfigKeys (ConfUtils.java:logGet(43)) - raft.server.log.queue.byte-limit = 2147483647 (custom)
2019-07-14 06:48:33,265 INFO  server.RaftServerConfigKeys (ConfUtils.java:logGet(43)) - raft.server.log.queue.element-limit = 1024 (custom)
2019-07-14 06:48:33,265 INFO  server.RaftServerConfigKeys (ConfUtils.java:logGet(43)) - raft.server.log.segment.size.max = 1048576 (custom)
2019-07-14 06:48:33,266 INFO  server.RaftServerConfigKeys (ConfUtils.java:logGet(43)) - raft.server.log.preallocated.size = 16384 (custom)
2019-07-14 06:48:33,266 INFO  server.RaftServerConfigKeys (ConfUtils.java:logGet(43)) - raft.server.log.write.buffer.size = 33554432 (custom)
2019-07-14 06:48:33,266 INFO  server.RaftServerConfigKeys (ConfUtils.java:logGet(43)) - raft.server.log.force.sync.num = 128 (default)
2019-07-14 06:48:33,266 INFO  server.RaftServerConfigKeys (ConfUtils.java:logGet(43)) - raft.server.log.statemachine.data.sync = true (default)
2019-07-14 06:48:33,266 INFO  server.RaftServerConfigKeys (ConfUtils.java:logGet(43)) - raft.server.log.statemachine.data.sync.timeout = 10s (default)
2019-07-14 06:48:33,266 INFO  server.RaftServerConfigKeys (ConfUtils.java:logGet(43)) - raft.server.log.statemachine.data.sync.timeout.retry = -1 (default)
2019-07-14 06:48:33,266 INFO  server.RaftServerConfigKeys (ConfUtils.java:logGet(43)) - raft.server.log.statemachine.data.caching.enabled = true (custom)
2019-07-14 06:48:33,267 INFO  segmented.SegmentedRaftLogWorker (SegmentedRaftLogWorker.java:lambda$new$0(132)) - fb6742ca-e1a8-43be-aadc-3c88f64884b8-SegmentedRaftLogWorker:Storage Directory /tmp/workdir/hadoop-ozone/integration-test/target/test-dir/MiniOzoneClusterImpl-28cace78-0a78-4e79-977f-7388f85db52e/datanode-2/data/ratis/bb710d21-dfc7-4ce6-8b97-50aed38328b3: flushIndex: setUnconditionally 0 -> -1
2019-07-14 06:48:33,267 INFO  server.RaftServerConfigKeys (ConfUtils.java:logGet(43)) - raft.server.snapshot.auto.trigger.enabled = true (custom)
2019-07-14 06:48:33,267 INFO  server.RaftServerConfigKeys (ConfUtils.java:logGet(43)) - raft.server.snapshot.auto.trigger.threshold = 10000 (custom)
2019-07-14 06:48:33,267 INFO  server.RaftServerConfigKeys (ConfUtils.java:logGet(43)) - raft.server.retrycache.expirytime = 600000ms (custom)
2019-07-14 06:48:33,268 INFO  impl.RaftServerImpl (RaftServerImpl.java:start(180)) - fb6742ca-e1a8-43be-aadc-3c88f64884b8: start group-50AED38328B3
2019-07-14 06:48:33,268 INFO  impl.RaftServerImpl (RaftServerImpl.java:setRole(171)) - fb6742ca-e1a8-43be-aadc-3c88f64884b8:group-50AED38328B3 changes role from null to FOLLOWER at term 0 for startAsFollower
2019-07-14 06:48:33,268 INFO  impl.RoleInfo (RoleInfo.java:updateAndGet(143)) - fb6742ca-e1a8-43be-aadc-3c88f64884b8: start FollowerState
2019-07-14 06:48:33,268 INFO  util.JmxRegister (JmxRegister.java:tryRegister(44)) - Successfully registered JMX Bean with object name Ratis:service=RaftServer,group=group-50AED38328B3,id=fb6742ca-e1a8-43be-aadc-3c88f64884b8
2019-07-14 06:48:33,271 INFO  pipeline.PipelineStateManager (PipelineStateManager.java:addPipeline(56)) - Created pipeline Pipeline[ Id: bb710d21-dfc7-4ce6-8b97-50aed38328b3, Nodes: fb6742ca-e1a8-43be-aadc-3c88f64884b8{ip: 192.168.5.144, host: trunk-nightly-8c95p-1540871953, networkLocation: /default-rack, certSerialId: null}, Type:RATIS, Factor:ONE, State:OPEN]
2019-07-14 06:48:33,305 INFO  impl.RaftServerProxy (RaftServerProxy.java:addNew(89)) - fb6742ca-e1a8-43be-aadc-3c88f64884b8: addNew group-2934EFD0A74F:[9c852160-5e24-424f-84b3-d45afdc6000d:192.168.5.144:42656, 54c5adbd-b69f-4eff-96a5-7b751c858806:192.168.5.144:39741, fb6742ca-e1a8-43be-aadc-3c88f64884b8:192.168.5.144:40057] returns group-2934EFD0A74F:java.util.concurrent.CompletableFuture@3c0b28a3[Not completed]
2019-07-14 06:48:33,305 INFO  impl.RaftServerProxy (RaftServerProxy.java:addNew(89)) - 9c852160-5e24-424f-84b3-d45afdc6000d: addNew group-2934EFD0A74F:[9c852160-5e24-424f-84b3-d45afdc6000d:192.168.5.144:42656, 54c5adbd-b69f-4eff-96a5-7b751c858806:192.168.5.144:39741, fb6742ca-e1a8-43be-aadc-3c88f64884b8:192.168.5.144:40057] returns group-2934EFD0A74F:java.util.concurrent.CompletableFuture@6dfc26ae[Not completed]
2019-07-14 06:48:33,306 INFO  impl.RaftServerProxy (RaftServerProxy.java:addNew(89)) - 54c5adbd-b69f-4eff-96a5-7b751c858806: addNew group-2934EFD0A74F:[9c852160-5e24-424f-84b3-d45afdc6000d:192.168.5.144:42656, 54c5adbd-b69f-4eff-96a5-7b751c858806:192.168.5.144:39741, fb6742ca-e1a8-43be-aadc-3c88f64884b8:192.168.5.144:40057] returns group-2934EFD0A74F:java.util.concurrent.CompletableFuture@1e691d37[Not completed]
2019-07-14 06:48:33,307 INFO  impl.RaftServerImpl (RaftServerImpl.java:<init>(93)) - fb6742ca-e1a8-43be-aadc-3c88f64884b8: new RaftServerImpl for group-2934EFD0A74F:[9c852160-5e24-424f-84b3-d45afdc6000d:192.168.5.144:42656, 54c5adbd-b69f-4eff-96a5-7b751c858806:192.168.5.144:39741, fb6742ca-e1a8-43be-aadc-3c88f64884b8:192.168.5.144:40057] with ContainerStateMachine:uninitialized
2019-07-14 06:48:33,307 INFO  server.RaftServerConfigKeys (ConfUtils.java:logGet(43)) - raft.server.rpc.timeout.min = 5s (custom)
2019-07-14 06:48:33,307 INFO  server.RaftServerConfigKeys (ConfUtils.java:logGet(43)) - raft.server.rpc.timeout.max = 5200ms (custom)
2019-07-14 06:48:33,307 INFO  server.RaftServerConfigKeys (ConfUtils.java:logGet(43)) - raft.server.rpcslowness.timeout = 120s (custom)
2019-07-14 06:48:33,307 INFO  impl.RaftServerImpl (RaftServerImpl.java:<init>(93)) - 54c5adbd-b69f-4eff-96a5-7b751c858806: new RaftServerImpl for group-2934EFD0A74F:[9c852160-5e24-424f-84b3-d45afdc6000d:192.168.5.144:42656, 54c5adbd-b69f-4eff-96a5-7b751c858806:192.168.5.144:39741, fb6742ca-e1a8-43be-aadc-3c88f64884b8:192.168.5.144:40057] with ContainerStateMachine:uninitialized
2019-07-14 06:48:33,307 INFO  server.RaftServerConfigKeys (ConfUtils.java:logGet(43)) - raft.server.sleep.deviation.threshold = 300 (default)
2019-07-14 06:48:33,307 INFO  server.RaftServerConfigKeys (ConfUtils.java:logGet(43)) - raft.server.rpc.timeout.min = 5s (custom)
2019-07-14 06:48:33,307 INFO  impl.RaftServerImpl (RaftServerImpl.java:<init>(93)) - 9c852160-5e24-424f-84b3-d45afdc6000d: new RaftServerImpl for group-2934EFD0A74F:[9c852160-5e24-424f-84b3-d45afdc6000d:192.168.5.144:42656, 54c5adbd-b69f-4eff-96a5-7b751c858806:192.168.5.144:39741, fb6742ca-e1a8-43be-aadc-3c88f64884b8:192.168.5.144:40057] with ContainerStateMachine:uninitialized
2019-07-14 06:48:33,308 INFO  server.RaftServerConfigKeys (ConfUtils.java:logGet(43)) - raft.server.rpc.timeout.max = 5200ms (custom)
2019-07-14 06:48:33,308 INFO  server.RaftServerConfigKeys (ConfUtils.java:logGet(43)) - raft.server.rpcslowness.timeout = 120s (custom)
2019-07-14 06:48:33,307 INFO  server.RaftServerConfigKeys (ConfUtils.java:logGet(43)) - raft.server.log.appender.install.snapshot.enabled = false (custom)
2019-07-14 06:48:33,308 INFO  server.RaftServerConfigKeys (ConfUtils.java:logGet(43)) - raft.server.sleep.deviation.threshold = 300 (default)
2019-07-14 06:48:33,308 INFO  server.RaftServerConfigKeys (ConfUtils.java:logGet(43)) - raft.server.rpc.timeout.min = 5s (custom)
2019-07-14 06:48:33,308 INFO  server.RaftServerConfigKeys (ConfUtils.java:logGet(43)) - raft.server.log.appender.install.snapshot.enabled = false (custom)
2019-07-14 06:48:33,308 INFO  impl.RaftServerImpl (ServerState.java:<init>(105)) - fb6742ca-e1a8-43be-aadc-3c88f64884b8:group-2934EFD0A74F ConfigurationManager, init=-1: [9c852160-5e24-424f-84b3-d45afdc6000d:192.168.5.144:42656, 54c5adbd-b69f-4eff-96a5-7b751c858806:192.168.5.144:39741, fb6742ca-e1a8-43be-aadc-3c88f64884b8:192.168.5.144:40057], old=null, confs=<EMPTY_MAP>
2019-07-14 06:48:33,309 INFO  impl.RaftServerImpl (ServerState.java:<init>(105)) - 54c5adbd-b69f-4eff-96a5-7b751c858806:group-2934EFD0A74F ConfigurationManager, init=-1: [9c852160-5e24-424f-84b3-d45afdc6000d:192.168.5.144:42656, 54c5adbd-b69f-4eff-96a5-7b751c858806:192.168.5.144:39741, fb6742ca-e1a8-43be-aadc-3c88f64884b8:192.168.5.144:40057], old=null, confs=<EMPTY_MAP>
2019-07-14 06:48:33,309 INFO  server.RaftServerConfigKeys (ConfUtils.java:logGet(43)) - raft.server.rpc.timeout.max = 5200ms (custom)
2019-07-14 06:48:33,309 INFO  server.RaftServerConfigKeys (ConfUtils.java:logGet(43)) - raft.server.storage.dir = [/tmp/workdir/hadoop-ozone/integration-test/target/test-dir/MiniOzoneClusterImpl-28cace78-0a78-4e79-977f-7388f85db52e/datanode-0/data/ratis] (custom)
2019-07-14 06:48:33,309 INFO  server.RaftServerConfigKeys (ConfUtils.java:logGet(43)) - raft.server.storage.dir = [/tmp/workdir/hadoop-ozone/integration-test/target/test-dir/MiniOzoneClusterImpl-28cace78-0a78-4e79-977f-7388f85db52e/datanode-2/data/ratis] (custom)
2019-07-14 06:48:33,309 INFO  server.RaftServerConfigKeys (ConfUtils.java:logGet(43)) - raft.server.rpcslowness.timeout = 120s (custom)
2019-07-14 06:48:33,310 INFO  storage.RaftStorageDirectory (RaftStorageDirectory.java:analyzeStorage(246)) - The storage directory /tmp/workdir/hadoop-ozone/integration-test/target/test-dir/MiniOzoneClusterImpl-28cace78-0a78-4e79-977f-7388f85db52e/datanode-0/data/ratis/870343c5-ac06-42f6-a1b2-2934efd0a74f does not exist. Creating ...
2019-07-14 06:48:33,310 INFO  storage.RaftStorageDirectory (RaftStorageDirectory.java:analyzeStorage(246)) - The storage directory /tmp/workdir/hadoop-ozone/integration-test/target/test-dir/MiniOzoneClusterImpl-28cace78-0a78-4e79-977f-7388f85db52e/datanode-2/data/ratis/870343c5-ac06-42f6-a1b2-2934efd0a74f does not exist. Creating ...
2019-07-14 06:48:33,310 INFO  server.RaftServerConfigKeys (ConfUtils.java:logGet(43)) - raft.server.sleep.deviation.threshold = 300 (default)
2019-07-14 06:48:33,310 INFO  server.RaftServerConfigKeys (ConfUtils.java:logGet(43)) - raft.server.log.appender.install.snapshot.enabled = false (custom)
2019-07-14 06:48:33,310 INFO  impl.RaftServerImpl (ServerState.java:<init>(105)) - 9c852160-5e24-424f-84b3-d45afdc6000d:group-2934EFD0A74F ConfigurationManager, init=-1: [9c852160-5e24-424f-84b3-d45afdc6000d:192.168.5.144:42656, 54c5adbd-b69f-4eff-96a5-7b751c858806:192.168.5.144:39741, fb6742ca-e1a8-43be-aadc-3c88f64884b8:192.168.5.144:40057], old=null, confs=<EMPTY_MAP>
2019-07-14 06:48:33,310 INFO  server.RaftServerConfigKeys (ConfUtils.java:logGet(43)) - raft.server.storage.dir = [/tmp/workdir/hadoop-ozone/integration-test/target/test-dir/MiniOzoneClusterImpl-28cace78-0a78-4e79-977f-7388f85db52e/datanode-1/data/ratis] (custom)
2019-07-14 06:48:33,311 INFO  storage.RaftStorageDirectory (RaftStorageDirectory.java:analyzeStorage(246)) - The storage directory /tmp/workdir/hadoop-ozone/integration-test/target/test-dir/MiniOzoneClusterImpl-28cace78-0a78-4e79-977f-7388f85db52e/datanode-1/data/ratis/870343c5-ac06-42f6-a1b2-2934efd0a74f does not exist. Creating ...
2019-07-14 06:48:33,323 INFO  storage.RaftStorageDirectory (RaftStorageDirectory.java:tryLock(328)) - Lock on /tmp/workdir/hadoop-ozone/integration-test/target/test-dir/MiniOzoneClusterImpl-28cace78-0a78-4e79-977f-7388f85db52e/datanode-2/data/ratis/870343c5-ac06-42f6-a1b2-2934efd0a74f/in_use.lock acquired by nodename 28347@trunk-nightly-8c95p-1540871953
2019-07-14 06:48:33,323 INFO  storage.RaftStorageDirectory (RaftStorageDirectory.java:tryLock(328)) - Lock on /tmp/workdir/hadoop-ozone/integration-test/target/test-dir/MiniOzoneClusterImpl-28cace78-0a78-4e79-977f-7388f85db52e/datanode-1/data/ratis/870343c5-ac06-42f6-a1b2-2934efd0a74f/in_use.lock acquired by nodename 28347@trunk-nightly-8c95p-1540871953
2019-07-14 06:48:33,323 INFO  storage.RaftStorageDirectory (RaftStorageDirectory.java:tryLock(328)) - Lock on /tmp/workdir/hadoop-ozone/integration-test/target/test-dir/MiniOzoneClusterImpl-28cace78-0a78-4e79-977f-7388f85db52e/datanode-0/data/ratis/870343c5-ac06-42f6-a1b2-2934efd0a74f/in_use.lock acquired by nodename 28347@trunk-nightly-8c95p-1540871953
2019-07-14 06:48:33,327 INFO  ozone.MiniOzoneClusterImpl (MiniOzoneClusterImpl.java:lambda$waitForClusterToBeReady$0(142)) - Waiting for cluster to be ready. Got 3 of 7 DN Heartbeats.
2019-07-14 06:48:33,337 INFO  storage.RaftStorage (RaftStorage.java:format(72)) - Storage directory /tmp/workdir/hadoop-ozone/integration-test/target/test-dir/MiniOzoneClusterImpl-28cace78-0a78-4e79-977f-7388f85db52e/datanode-2/data/ratis/870343c5-ac06-42f6-a1b2-2934efd0a74f has been successfully formatted.
2019-07-14 06:48:33,337 INFO  storage.RaftStorage (RaftStorage.java:format(72)) - Storage directory /tmp/workdir/hadoop-ozone/integration-test/target/test-dir/MiniOzoneClusterImpl-28cace78-0a78-4e79-977f-7388f85db52e/datanode-0/data/ratis/870343c5-ac06-42f6-a1b2-2934efd0a74f has been successfully formatted.
2019-07-14 06:48:33,337 INFO  storage.RaftStorage (RaftStorage.java:format(72)) - Storage directory /tmp/workdir/hadoop-ozone/integration-test/target/test-dir/MiniOzoneClusterImpl-28cace78-0a78-4e79-977f-7388f85db52e/datanode-1/data/ratis/870343c5-ac06-42f6-a1b2-2934efd0a74f has been successfully formatted.
2019-07-14 06:48:33,337 INFO  ratis.ContainerStateMachine (ContainerStateMachine.java:loadSnapshot(200)) - group-2934EFD0A74F: The snapshot info is null. Setting the last applied indexto:(t:0, i:~)
2019-07-14 06:48:33,337 INFO  ratis.ContainerStateMachine (ContainerStateMachine.java:loadSnapshot(200)) - group-2934EFD0A74F: The snapshot info is null. Setting the last applied indexto:(t:0, i:~)
2019-07-14 06:48:33,337 INFO  ratis.ContainerStateMachine (ContainerStateMachine.java:loadSnapshot(200)) - group-2934EFD0A74F: The snapshot info is null. Setting the last applied indexto:(t:0, i:~)
2019-07-14 06:48:33,337 INFO  server.RaftServerConfigKeys (ConfUtils.java:logGet(43)) - raft.server.leader.election.timeout = 120s (custom)
2019-07-14 06:48:33,338 INFO  server.RaftServerConfigKeys (ConfUtils.java:logGet(43)) - raft.server.leader.election.timeout = 120s (custom)
2019-07-14 06:48:33,338 INFO  server.RaftServerConfigKeys (ConfUtils.java:logGet(43)) - raft.server.log.use.memory = false (default)
2019-07-14 06:48:33,338 INFO  server.RaftServerConfigKeys (ConfUtils.java:logGet(43)) - raft.server.leader.election.timeout = 120s (custom)
2019-07-14 06:48:33,338 INFO  server.RaftServerConfigKeys (ConfUtils.java:logGet(43)) - raft.server.log.purge.gap = 1000000000 (custom)
2019-07-14 06:48:33,338 INFO  server.RaftServerConfigKeys (ConfUtils.java:logGet(43)) - raft.server.log.use.memory = false (default)
2019-07-14 06:48:33,338 INFO  server.RaftServerConfigKeys (ConfUtils.java:logGet(43)) - raft.server.log.appender.buffer.byte-limit = 33554432 (custom)
2019-07-14 06:48:33,338 INFO  server.RaftServerConfigKeys (ConfUtils.java:logGet(43)) - raft.server.log.use.memory = false (default)
2019-07-14 06:48:33,339 INFO  server.RaftServerConfigKeys (ConfUtils.java:logGet(43)) - raft.server.log.segment.size.max = 1048576 (custom)
2019-07-14 06:48:33,339 INFO  server.RaftServerConfigKeys (ConfUtils.java:logGet(43)) - raft.server.log.purge.gap = 1000000000 (custom)
2019-07-14 06:48:33,339 INFO  server.RaftServerConfigKeys (ConfUtils.java:logGet(43)) - raft.server.log.segment.cache.num.max = 2 (custom)
2019-07-14 06:48:33,339 INFO  server.RaftServerConfigKeys (ConfUtils.java:logGet(43)) - raft.server.log.purge.gap = 1000000000 (custom)
2019-07-14 06:48:33,339 INFO  segmented.SegmentedRaftLogWorker (SegmentedRaftLogWorker.java:<init>(172)) - new 9c852160-5e24-424f-84b3-d45afdc6000d-SegmentedRaftLogWorker:Storage Directory /tmp/workdir/hadoop-ozone/integration-test/target/test-dir/MiniOzoneClusterImpl-28cace78-0a78-4e79-977f-7388f85db52e/datanode-1/data/ratis/870343c5-ac06-42f6-a1b2-2934efd0a74f for RaftStorage:Storage Directory /tmp/workdir/hadoop-ozone/integration-test/target/test-dir/MiniOzoneClusterImpl-28cace78-0a78-4e79-977f-7388f85db52e/datanode-1/data/ratis/870343c5-ac06-42f6-a1b2-2934efd0a74f
2019-07-14 06:48:33,339 INFO  server.RaftServerConfigKeys (ConfUtils.java:logGet(43)) - raft.server.log.appender.buffer.byte-limit = 33554432 (custom)
2019-07-14 06:48:33,340 INFO  server.RaftServerConfigKeys (ConfUtils.java:logGet(43)) - raft.server.log.queue.byte-limit = 2147483647 (custom)
2019-07-14 06:48:33,339 INFO  server.RaftServerConfigKeys (ConfUtils.java:logGet(43)) - raft.server.log.appender.buffer.byte-limit = 33554432 (custom)
2019-07-14 06:48:33,340 INFO  server.RaftServerConfigKeys (ConfUtils.java:logGet(43)) - raft.server.log.queue.element-limit = 1024 (custom)
2019-07-14 06:48:33,340 INFO  server.RaftServerConfigKeys (ConfUtils.java:logGet(43)) - raft.server.log.segment.size.max = 1048576 (custom)
2019-07-14 06:48:33,340 INFO  server.RaftServerConfigKeys (ConfUtils.java:logGet(43)) - raft.server.log.segment.size.max = 1048576 (custom)
2019-07-14 06:48:33,340 INFO  server.RaftServerConfigKeys (ConfUtils.java:logGet(43)) - raft.server.log.segment.size.max = 1048576 (custom)
2019-07-14 06:48:33,340 INFO  server.RaftServerConfigKeys (ConfUtils.java:logGet(43)) - raft.server.log.preallocated.size = 16384 (custom)
2019-07-14 06:48:33,340 INFO  server.RaftServerConfigKeys (ConfUtils.java:logGet(43)) - raft.server.log.segment.cache.num.max = 2 (custom)
2019-07-14 06:48:33,341 INFO  server.RaftServerConfigKeys (ConfUtils.java:logGet(43)) - raft.server.log.write.buffer.size = 33554432 (custom)
2019-07-14 06:48:33,341 INFO  server.RaftServerConfigKeys (ConfUtils.java:logGet(43)) - raft.server.log.force.sync.num = 128 (default)
2019-07-14 06:48:33,341 INFO  server.RaftServerConfigKeys (ConfUtils.java:logGet(43)) - raft.server.log.segment.cache.num.max = 2 (custom)
2019-07-14 06:48:33,341 INFO  server.RaftServerConfigKeys (ConfUtils.java:logGet(43)) - raft.server.log.statemachine.data.sync = true (default)
2019-07-14 06:48:33,341 INFO  segmented.SegmentedRaftLogWorker (SegmentedRaftLogWorker.java:<init>(172)) - new 54c5adbd-b69f-4eff-96a5-7b751c858806-SegmentedRaftLogWorker:Storage Directory /tmp/workdir/hadoop-ozone/integration-test/target/test-dir/MiniOzoneClusterImpl-28cace78-0a78-4e79-977f-7388f85db52e/datanode-0/data/ratis/870343c5-ac06-42f6-a1b2-2934efd0a74f for RaftStorage:Storage Directory /tmp/workdir/hadoop-ozone/integration-test/target/test-dir/MiniOzoneClusterImpl-28cace78-0a78-4e79-977f-7388f85db52e/datanode-0/data/ratis/870343c5-ac06-42f6-a1b2-2934efd0a74f
2019-07-14 06:48:33,341 INFO  server.RaftServerConfigKeys (ConfUtils.java:logGet(43)) - raft.server.log.statemachine.data.sync.timeout = 10s (default)
2019-07-14 06:48:33,341 INFO  segmented.SegmentedRaftLogWorker (SegmentedRaftLogWorker.java:<init>(172)) - new fb6742ca-e1a8-43be-aadc-3c88f64884b8-SegmentedRaftLogWorker:Storage Directory /tmp/workdir/hadoop-ozone/integration-test/target/test-dir/MiniOzoneClusterImpl-28cace78-0a78-4e79-977f-7388f85db52e/datanode-2/data/ratis/870343c5-ac06-42f6-a1b2-2934efd0a74f for RaftStorage:Storage Directory /tmp/workdir/hadoop-ozone/integration-test/target/test-dir/MiniOzoneClusterImpl-28cace78-0a78-4e79-977f-7388f85db52e/datanode-2/data/ratis/870343c5-ac06-42f6-a1b2-2934efd0a74f
2019-07-14 06:48:33,342 INFO  server.RaftServerConfigKeys (ConfUtils.java:logGet(43)) - raft.server.log.statemachine.data.sync.timeout.retry = -1 (default)
2019-07-14 06:48:33,342 INFO  server.RaftServerConfigKeys (ConfUtils.java:logGet(43)) - raft.server.log.queue.byte-limit = 2147483647 (custom)
2019-07-14 06:48:33,342 INFO  server.RaftServerConfigKeys (ConfUtils.java:logGet(43)) - raft.server.log.statemachine.data.caching.enabled = true (custom)
2019-07-14 06:48:33,342 INFO  server.RaftServerConfigKeys (ConfUtils.java:logGet(43)) - raft.server.log.queue.byte-limit = 2147483647 (custom)
2019-07-14 06:48:33,342 INFO  server.RaftServerConfigKeys (ConfUtils.java:logGet(43)) - raft.server.log.queue.element-limit = 1024 (custom)
2019-07-14 06:48:33,343 INFO  server.RaftServerConfigKeys (ConfUtils.java:logGet(43)) - raft.server.log.queue.element-limit = 1024 (custom)
2019-07-14 06:48:33,343 INFO  segmented.SegmentedRaftLogWorker (SegmentedRaftLogWorker.java:lambda$new$0(132)) - 9c852160-5e24-424f-84b3-d45afdc6000d-SegmentedRaftLogWorker:Storage Directory /tmp/workdir/hadoop-ozone/integration-test/target/test-dir/MiniOzoneClusterImpl-28cace78-0a78-4e79-977f-7388f85db52e/datanode-1/data/ratis/870343c5-ac06-42f6-a1b2-2934efd0a74f: flushIndex: setUnconditionally 0 -> -1
2019-07-14 06:48:33,343 INFO  server.RaftServerConfigKeys (ConfUtils.java:logGet(43)) - raft.server.log.segment.size.max = 1048576 (custom)
2019-07-14 06:48:33,343 INFO  server.RaftServerConfigKeys (ConfUtils.java:logGet(43)) - raft.server.log.segment.size.max = 1048576 (custom)
2019-07-14 06:48:33,343 INFO  server.RaftServerConfigKeys (ConfUtils.java:logGet(43)) - raft.server.log.preallocated.size = 16384 (custom)
2019-07-14 06:48:33,343 INFO  server.RaftServerConfigKeys (ConfUtils.java:logGet(43)) - raft.server.snapshot.auto.trigger.enabled = true (custom)
2019-07-14 06:48:33,343 INFO  server.RaftServerConfigKeys (ConfUtils.java:logGet(43)) - raft.server.log.preallocated.size = 16384 (custom)
2019-07-14 06:48:33,343 INFO  server.RaftServerConfigKeys (ConfUtils.java:logGet(43)) - raft.server.snapshot.auto.trigger.threshold = 10000 (custom)
2019-07-14 06:48:33,343 INFO  server.RaftServerConfigKeys (ConfUtils.java:logGet(43)) - raft.server.log.write.buffer.size = 33554432 (custom)
2019-07-14 06:48:33,344 INFO  server.RaftServerConfigKeys (ConfUtils.java:logGet(43)) - raft.server.retrycache.expirytime = 600000ms (custom)
2019-07-14 06:48:33,344 INFO  server.RaftServerConfigKeys (ConfUtils.java:logGet(43)) - raft.server.log.write.buffer.size = 33554432 (custom)
2019-07-14 06:48:33,344 INFO  impl.RaftServerImpl (RaftServerImpl.java:start(180)) - 9c852160-5e24-424f-84b3-d45afdc6000d: start group-2934EFD0A74F
2019-07-14 06:48:33,344 INFO  server.RaftServerConfigKeys (ConfUtils.java:logGet(43)) - raft.server.log.force.sync.num = 128 (default)
2019-07-14 06:48:33,344 INFO  impl.RaftServerImpl (RaftServerImpl.java:setRole(171)) - 9c852160-5e24-424f-84b3-d45afdc6000d:group-2934EFD0A74F changes role from null to FOLLOWER at term 0 for startAsFollower
2019-07-14 06:48:33,344 INFO  server.RaftServerConfigKeys (ConfUtils.java:logGet(43)) - raft.server.log.force.sync.num = 128 (default)
2019-07-14 06:48:33,345 INFO  impl.RoleInfo (RoleInfo.java:updateAndGet(143)) - 9c852160-5e24-424f-84b3-d45afdc6000d: start FollowerState
2019-07-14 06:48:33,344 INFO  server.RaftServerConfigKeys (ConfUtils.java:logGet(43)) - raft.server.log.statemachine.data.sync = true (default)
2019-07-14 06:48:33,345 INFO  server.RaftServerConfigKeys (ConfUtils.java:logGet(43)) - raft.server.log.statemachine.data.sync = true (default)
2019-07-14 06:48:33,345 INFO  server.RaftServerConfigKeys (ConfUtils.java:logGet(43)) - raft.server.log.statemachine.data.sync.timeout = 10s (default)
2019-07-14 06:48:33,345 INFO  server.RaftServerConfigKeys (ConfUtils.java:logGet(43)) - raft.server.log.statemachine.data.sync.timeout = 10s (default)
2019-07-14 06:48:33,345 INFO  util.JmxRegister (JmxRegister.java:tryRegister(44)) - Successfully registered JMX Bean with object name Ratis:service=RaftServer,group=group-2934EFD0A74F,id=9c852160-5e24-424f-84b3-d45afdc6000d
2019-07-14 06:48:33,345 INFO  server.RaftServerConfigKeys (ConfUtils.java:logGet(43)) - raft.server.log.statemachine.data.sync.timeout.retry = -1 (default)
2019-07-14 06:48:33,345 INFO  server.RaftServerConfigKeys (ConfUtils.java:logGet(43)) - raft.server.log.statemachine.data.sync.timeout.retry = -1 (default)
2019-07-14 06:48:33,346 INFO  server.RaftServerConfigKeys (ConfUtils.java:logGet(43)) - raft.server.log.statemachine.data.caching.enabled = true (custom)
2019-07-14 06:48:33,346 INFO  server.RaftServerConfigKeys (ConfUtils.java:logGet(43)) - raft.server.log.statemachine.data.caching.enabled = true (custom)
2019-07-14 06:48:33,346 INFO  segmented.SegmentedRaftLogWorker (SegmentedRaftLogWorker.java:lambda$new$0(132)) - 54c5adbd-b69f-4eff-96a5-7b751c858806-SegmentedRaftLogWorker:Storage Directory /tmp/workdir/hadoop-ozone/integration-test/target/test-dir/MiniOzoneClusterImpl-28cace78-0a78-4e79-977f-7388f85db52e/datanode-0/data/ratis/870343c5-ac06-42f6-a1b2-2934efd0a74f: flushIndex: setUnconditionally 0 -> -1
2019-07-14 06:48:33,346 INFO  segmented.SegmentedRaftLogWorker (SegmentedRaftLogWorker.java:lambda$new$0(132)) - fb6742ca-e1a8-43be-aadc-3c88f64884b8-SegmentedRaftLogWorker:Storage Directory /tmp/workdir/hadoop-ozone/integration-test/target/test-dir/MiniOzoneClusterImpl-28cace78-0a78-4e79-977f-7388f85db52e/datanode-2/data/ratis/870343c5-ac06-42f6-a1b2-2934efd0a74f: flushIndex: setUnconditionally 0 -> -1
2019-07-14 06:48:33,346 INFO  server.RaftServerConfigKeys (ConfUtils.java:logGet(43)) - raft.server.snapshot.auto.trigger.enabled = true (custom)
2019-07-14 06:48:33,346 INFO  server.RaftServerConfigKeys (ConfUtils.java:logGet(43)) - raft.server.snapshot.auto.trigger.threshold = 10000 (custom)
2019-07-14 06:48:33,346 INFO  server.RaftServerConfigKeys (ConfUtils.java:logGet(43)) - raft.server.snapshot.auto.trigger.enabled = true (custom)
2019-07-14 06:48:33,347 INFO  server.RaftServerConfigKeys (ConfUtils.java:logGet(43)) - raft.server.retrycache.expirytime = 600000ms (custom)
2019-07-14 06:48:33,347 INFO  server.RaftServerConfigKeys (ConfUtils.java:logGet(43)) - raft.server.snapshot.auto.trigger.threshold = 10000 (custom)
2019-07-14 06:48:33,347 INFO  impl.RaftServerImpl (RaftServerImpl.java:start(180)) - 54c5adbd-b69f-4eff-96a5-7b751c858806: start group-2934EFD0A74F
2019-07-14 06:48:33,347 INFO  server.RaftServerConfigKeys (ConfUtils.java:logGet(43)) - raft.server.retrycache.expirytime = 600000ms (custom)
2019-07-14 06:48:33,347 INFO  impl.RaftServerImpl (RaftServerImpl.java:setRole(171)) - 54c5adbd-b69f-4eff-96a5-7b751c858806:group-2934EFD0A74F changes role from null to FOLLOWER at term 0 for startAsFollower
2019-07-14 06:48:33,347 INFO  impl.RaftServerImpl (RaftServerImpl.java:start(180)) - fb6742ca-e1a8-43be-aadc-3c88f64884b8: start group-2934EFD0A74F
2019-07-14 06:48:33,347 INFO  impl.RaftServerImpl (RaftServerImpl.java:setRole(171)) - fb6742ca-e1a8-43be-aadc-3c88f64884b8:group-2934EFD0A74F changes role from null to FOLLOWER at term 0 for startAsFollower
2019-07-14 06:48:33,347 INFO  impl.RoleInfo (RoleInfo.java:updateAndGet(143)) - 54c5adbd-b69f-4eff-96a5-7b751c858806: start FollowerState
2019-07-14 06:48:33,347 INFO  impl.RoleInfo (RoleInfo.java:updateAndGet(143)) - fb6742ca-e1a8-43be-aadc-3c88f64884b8: start FollowerState
2019-07-14 06:48:33,348 INFO  util.JmxRegister (JmxRegister.java:tryRegister(44)) - Successfully registered JMX Bean with object name Ratis:service=RaftServer,group=group-2934EFD0A74F,id=54c5adbd-b69f-4eff-96a5-7b751c858806
2019-07-14 06:48:33,348 INFO  util.JmxRegister (JmxRegister.java:tryRegister(44)) - Successfully registered JMX Bean with object name Ratis:service=RaftServer,group=group-2934EFD0A74F,id=fb6742ca-e1a8-43be-aadc-3c88f64884b8
2019-07-14 06:48:33,350 INFO  pipeline.PipelineStateManager (PipelineStateManager.java:addPipeline(56)) - Created pipeline Pipeline[ Id: 870343c5-ac06-42f6-a1b2-2934efd0a74f, Nodes: 54c5adbd-b69f-4eff-96a5-7b751c858806{ip: 192.168.5.144, host: trunk-nightly-8c95p-1540871953, networkLocation: /default-rack, certSerialId: null}9c852160-5e24-424f-84b3-d45afdc6000d{ip: 192.168.5.144, host: trunk-nightly-8c95p-1540871953, networkLocation: /default-rack, certSerialId: null}fb6742ca-e1a8-43be-aadc-3c88f64884b8{ip: 192.168.5.144, host: trunk-nightly-8c95p-1540871953, networkLocation: /default-rack, certSerialId: null}, Type:RATIS, Factor:THREE, State:OPEN]
2019-07-14 06:48:33,428 INFO  node.SCMNodeManager (SCMNodeManager.java:register(269)) - Registered Data node : e6f5805a-28d3-4efa-b96d-17169aa81f08{ip: 192.168.5.144, host: trunk-nightly-8c95p-1540871953, networkLocation: /default-rack, certSerialId: null}
2019-07-14 06:48:33,441 INFO  impl.RaftServerProxy (RaftServerProxy.java:addNew(89)) - e6f5805a-28d3-4efa-b96d-17169aa81f08: addNew group-A161BB5DAE98:[e6f5805a-28d3-4efa-b96d-17169aa81f08:192.168.5.144:39112] returns group-A161BB5DAE98:java.util.concurrent.CompletableFuture@7ff5c7aa[Not completed]
2019-07-14 06:48:33,442 INFO  impl.RaftServerImpl (RaftServerImpl.java:<init>(93)) - e6f5805a-28d3-4efa-b96d-17169aa81f08: new RaftServerImpl for group-A161BB5DAE98:[e6f5805a-28d3-4efa-b96d-17169aa81f08:192.168.5.144:39112] with ContainerStateMachine:uninitialized
2019-07-14 06:48:33,442 INFO  server.RaftServerConfigKeys (ConfUtils.java:logGet(43)) - raft.server.rpc.timeout.min = 5s (custom)
2019-07-14 06:48:33,442 INFO  server.RaftServerConfigKeys (ConfUtils.java:logGet(43)) - raft.server.rpc.timeout.max = 5200ms (custom)
2019-07-14 06:48:33,442 INFO  server.RaftServerConfigKeys (ConfUtils.java:logGet(43)) - raft.server.rpcslowness.timeout = 120s (custom)
2019-07-14 06:48:33,442 INFO  server.RaftServerConfigKeys (ConfUtils.java:logGet(43)) - raft.server.sleep.deviation.threshold = 300 (default)
2019-07-14 06:48:33,442 INFO  server.RaftServerConfigKeys (ConfUtils.java:logGet(43)) - raft.server.log.appender.install.snapshot.enabled = false (custom)
2019-07-14 06:48:33,442 INFO  impl.RaftServerImpl (ServerState.java:<init>(105)) - e6f5805a-28d3-4efa-b96d-17169aa81f08:group-A161BB5DAE98 ConfigurationManager, init=-1: [e6f5805a-28d3-4efa-b96d-17169aa81f08:192.168.5.144:39112], old=null, confs=<EMPTY_MAP>
2019-07-14 06:48:33,442 INFO  server.RaftServerConfigKeys (ConfUtils.java:logGet(43)) - raft.server.storage.dir = [/tmp/workdir/hadoop-ozone/integration-test/target/test-dir/MiniOzoneClusterImpl-28cace78-0a78-4e79-977f-7388f85db52e/datanode-3/data/ratis] (custom)
2019-07-14 06:48:33,443 INFO  storage.RaftStorageDirectory (RaftStorageDirectory.java:analyzeStorage(246)) - The storage directory /tmp/workdir/hadoop-ozone/integration-test/target/test-dir/MiniOzoneClusterImpl-28cace78-0a78-4e79-977f-7388f85db52e/datanode-3/data/ratis/8dde9bac-79e9-463b-b4a1-a161bb5dae98 does not exist. Creating ...
2019-07-14 06:48:33,449 INFO  storage.RaftStorageDirectory (RaftStorageDirectory.java:tryLock(328)) - Lock on /tmp/workdir/hadoop-ozone/integration-test/target/test-dir/MiniOzoneClusterImpl-28cace78-0a78-4e79-977f-7388f85db52e/datanode-3/data/ratis/8dde9bac-79e9-463b-b4a1-a161bb5dae98/in_use.lock acquired by nodename 28347@trunk-nightly-8c95p-1540871953
2019-07-14 06:48:33,460 INFO  storage.RaftStorage (RaftStorage.java:format(72)) - Storage directory /tmp/workdir/hadoop-ozone/integration-test/target/test-dir/MiniOzoneClusterImpl-28cace78-0a78-4e79-977f-7388f85db52e/datanode-3/data/ratis/8dde9bac-79e9-463b-b4a1-a161bb5dae98 has been successfully formatted.
2019-07-14 06:48:33,461 INFO  ratis.ContainerStateMachine (ContainerStateMachine.java:loadSnapshot(200)) - group-A161BB5DAE98: The snapshot info is null. Setting the last applied indexto:(t:0, i:~)
2019-07-14 06:48:33,461 INFO  server.RaftServerConfigKeys (ConfUtils.java:logGet(43)) - raft.server.leader.election.timeout = 120s (custom)
2019-07-14 06:48:33,461 INFO  server.RaftServerConfigKeys (ConfUtils.java:logGet(43)) - raft.server.log.use.memory = false (default)
2019-07-14 06:48:33,461 INFO  server.RaftServerConfigKeys (ConfUtils.java:logGet(43)) - raft.server.log.purge.gap = 1000000000 (custom)
2019-07-14 06:48:33,461 INFO  server.RaftServerConfigKeys (ConfUtils.java:logGet(43)) - raft.server.log.appender.buffer.byte-limit = 33554432 (custom)
2019-07-14 06:48:33,461 INFO  server.RaftServerConfigKeys (ConfUtils.java:logGet(43)) - raft.server.log.segment.size.max = 1048576 (custom)
2019-07-14 06:48:33,461 INFO  server.RaftServerConfigKeys (ConfUtils.java:logGet(43)) - raft.server.log.segment.cache.num.max = 2 (custom)
2019-07-14 06:48:33,461 INFO  segmented.SegmentedRaftLogWorker (SegmentedRaftLogWorker.java:<init>(172)) - new e6f5805a-28d3-4efa-b96d-17169aa81f08-SegmentedRaftLogWorker:Storage Directory /tmp/workdir/hadoop-ozone/integration-test/target/test-dir/MiniOzoneClusterImpl-28cace78-0a78-4e79-977f-7388f85db52e/datanode-3/data/ratis/8dde9bac-79e9-463b-b4a1-a161bb5dae98 for RaftStorage:Storage Directory /tmp/workdir/hadoop-ozone/integration-test/target/test-dir/MiniOzoneClusterImpl-28cace78-0a78-4e79-977f-7388f85db52e/datanode-3/data/ratis/8dde9bac-79e9-463b-b4a1-a161bb5dae98
2019-07-14 06:48:33,461 INFO  server.RaftServerConfigKeys (ConfUtils.java:logGet(43)) - raft.server.log.queue.byte-limit = 2147483647 (custom)
2019-07-14 06:48:33,461 INFO  server.RaftServerConfigKeys (ConfUtils.java:logGet(43)) - raft.server.log.queue.element-limit = 1024 (custom)
2019-07-14 06:48:33,462 INFO  server.RaftServerConfigKeys (ConfUtils.java:logGet(43)) - raft.server.log.segment.size.max = 1048576 (custom)
2019-07-14 06:48:33,462 INFO  server.RaftServerConfigKeys (ConfUtils.java:logGet(43)) - raft.server.log.preallocated.size = 16384 (custom)
2019-07-14 06:48:33,462 INFO  server.RaftServerConfigKeys (ConfUtils.java:logGet(43)) - raft.server.log.write.buffer.size = 33554432 (custom)
2019-07-14 06:48:33,462 INFO  server.RaftServerConfigKeys (ConfUtils.java:logGet(43)) - raft.server.log.force.sync.num = 128 (default)
2019-07-14 06:48:33,462 INFO  server.RaftServerConfigKeys (ConfUtils.java:logGet(43)) - raft.server.log.statemachine.data.sync = true (default)
2019-07-14 06:48:33,462 INFO  server.RaftServerConfigKeys (ConfUtils.java:logGet(43)) - raft.server.log.statemachine.data.sync.timeout = 10s (default)
2019-07-14 06:48:33,462 INFO  server.RaftServerConfigKeys (ConfUtils.java:logGet(43)) - raft.server.log.statemachine.data.sync.timeout.retry = -1 (default)
2019-07-14 06:48:33,462 INFO  server.RaftServerConfigKeys (ConfUtils.java:logGet(43)) - raft.server.log.statemachine.data.caching.enabled = true (custom)
2019-07-14 06:48:33,463 INFO  segmented.SegmentedRaftLogWorker (SegmentedRaftLogWorker.java:lambda$new$0(132)) - e6f5805a-28d3-4efa-b96d-17169aa81f08-SegmentedRaftLogWorker:Storage Directory /tmp/workdir/hadoop-ozone/integration-test/target/test-dir/MiniOzoneClusterImpl-28cace78-0a78-4e79-977f-7388f85db52e/datanode-3/data/ratis/8dde9bac-79e9-463b-b4a1-a161bb5dae98: flushIndex: setUnconditionally 0 -> -1
2019-07-14 06:48:33,463 INFO  server.RaftServerConfigKeys (ConfUtils.java:logGet(43)) - raft.server.snapshot.auto.trigger.enabled = true (custom)
2019-07-14 06:48:33,463 INFO  server.RaftServerConfigKeys (ConfUtils.java:logGet(43)) - raft.server.snapshot.auto.trigger.threshold = 10000 (custom)
2019-07-14 06:48:33,463 INFO  server.RaftServerConfigKeys (ConfUtils.java:logGet(43)) - raft.server.retrycache.expirytime = 600000ms (custom)
2019-07-14 06:48:33,463 INFO  impl.RaftServerImpl (RaftServerImpl.java:start(180)) - e6f5805a-28d3-4efa-b96d-17169aa81f08: start group-A161BB5DAE98
2019-07-14 06:48:33,463 INFO  impl.RaftServerImpl (RaftServerImpl.java:setRole(171)) - e6f5805a-28d3-4efa-b96d-17169aa81f08:group-A161BB5DAE98 changes role from null to FOLLOWER at term 0 for startAsFollower
2019-07-14 06:48:33,463 INFO  impl.RoleInfo (RoleInfo.java:updateAndGet(143)) - e6f5805a-28d3-4efa-b96d-17169aa81f08: start FollowerState
2019-07-14 06:48:33,464 INFO  util.JmxRegister (JmxRegister.java:tryRegister(44)) - Successfully registered JMX Bean with object name Ratis:service=RaftServer,group=group-A161BB5DAE98,id=e6f5805a-28d3-4efa-b96d-17169aa81f08
2019-07-14 06:48:33,466 INFO  pipeline.PipelineStateManager (PipelineStateManager.java:addPipeline(56)) - Created pipeline Pipeline[ Id: 8dde9bac-79e9-463b-b4a1-a161bb5dae98, Nodes: e6f5805a-28d3-4efa-b96d-17169aa81f08{ip: 192.168.5.144, host: trunk-nightly-8c95p-1540871953, networkLocation: /default-rack, certSerialId: null}, Type:RATIS, Factor:ONE, State:OPEN]
2019-07-14 06:48:33,905 INFO  node.SCMNodeManager (SCMNodeManager.java:register(269)) - Registered Data node : 55574485-6bdc-4d86-bde2-6ba126a5eb77{ip: 192.168.5.144, host: trunk-nightly-8c95p-1540871953, networkLocation: /default-rack, certSerialId: null}
2019-07-14 06:48:33,920 INFO  impl.RaftServerProxy (RaftServerProxy.java:addNew(89)) - 55574485-6bdc-4d86-bde2-6ba126a5eb77: addNew group-3BC56496D3DF:[55574485-6bdc-4d86-bde2-6ba126a5eb77:192.168.5.144:42985] returns group-3BC56496D3DF:java.util.concurrent.CompletableFuture@4d651a0d[Not completed]
2019-07-14 06:48:33,922 INFO  impl.RaftServerImpl (RaftServerImpl.java:<init>(93)) - 55574485-6bdc-4d86-bde2-6ba126a5eb77: new RaftServerImpl for group-3BC56496D3DF:[55574485-6bdc-4d86-bde2-6ba126a5eb77:192.168.5.144:42985] with ContainerStateMachine:uninitialized
2019-07-14 06:48:33,922 INFO  server.RaftServerConfigKeys (ConfUtils.java:logGet(43)) - raft.server.rpc.timeout.min = 5s (custom)
2019-07-14 06:48:33,922 INFO  server.RaftServerConfigKeys (ConfUtils.java:logGet(43)) - raft.server.rpc.timeout.max = 5200ms (custom)
2019-07-14 06:48:33,922 INFO  server.RaftServerConfigKeys (ConfUtils.java:logGet(43)) - raft.server.rpcslowness.timeout = 120s (custom)
2019-07-14 06:48:33,922 INFO  server.RaftServerConfigKeys (ConfUtils.java:logGet(43)) - raft.server.sleep.deviation.threshold = 300 (default)
2019-07-14 06:48:33,922 INFO  server.RaftServerConfigKeys (ConfUtils.java:logGet(43)) - raft.server.log.appender.install.snapshot.enabled = false (custom)
2019-07-14 06:48:33,922 INFO  impl.RaftServerImpl (ServerState.java:<init>(105)) - 55574485-6bdc-4d86-bde2-6ba126a5eb77:group-3BC56496D3DF ConfigurationManager, init=-1: [55574485-6bdc-4d86-bde2-6ba126a5eb77:192.168.5.144:42985], old=null, confs=<EMPTY_MAP>
2019-07-14 06:48:33,922 INFO  server.RaftServerConfigKeys (ConfUtils.java:logGet(43)) - raft.server.storage.dir = [/tmp/workdir/hadoop-ozone/integration-test/target/test-dir/MiniOzoneClusterImpl-28cace78-0a78-4e79-977f-7388f85db52e/datanode-4/data/ratis] (custom)
2019-07-14 06:48:33,923 INFO  storage.RaftStorageDirectory (RaftStorageDirectory.java:analyzeStorage(246)) - The storage directory /tmp/workdir/hadoop-ozone/integration-test/target/test-dir/MiniOzoneClusterImpl-28cace78-0a78-4e79-977f-7388f85db52e/datanode-4/data/ratis/c1f52e85-566a-448b-84aa-3bc56496d3df does not exist. Creating ...
2019-07-14 06:48:33,953 INFO  storage.RaftStorageDirectory (RaftStorageDirectory.java:tryLock(328)) - Lock on /tmp/workdir/hadoop-ozone/integration-test/target/test-dir/MiniOzoneClusterImpl-28cace78-0a78-4e79-977f-7388f85db52e/datanode-4/data/ratis/c1f52e85-566a-448b-84aa-3bc56496d3df/in_use.lock acquired by nodename 28347@trunk-nightly-8c95p-1540871953
2019-07-14 06:48:33,966 INFO  storage.RaftStorage (RaftStorage.java:format(72)) - Storage directory /tmp/workdir/hadoop-ozone/integration-test/target/test-dir/MiniOzoneClusterImpl-28cace78-0a78-4e79-977f-7388f85db52e/datanode-4/data/ratis/c1f52e85-566a-448b-84aa-3bc56496d3df has been successfully formatted.
2019-07-14 06:48:33,966 INFO  ratis.ContainerStateMachine (ContainerStateMachine.java:loadSnapshot(200)) - group-3BC56496D3DF: The snapshot info is null. Setting the last applied indexto:(t:0, i:~)
2019-07-14 06:48:33,966 INFO  server.RaftServerConfigKeys (ConfUtils.java:logGet(43)) - raft.server.leader.election.timeout = 120s (custom)
2019-07-14 06:48:33,966 INFO  server.RaftServerConfigKeys (ConfUtils.java:logGet(43)) - raft.server.log.use.memory = false (default)
2019-07-14 06:48:33,966 INFO  server.RaftServerConfigKeys (ConfUtils.java:logGet(43)) - raft.server.log.purge.gap = 1000000000 (custom)
2019-07-14 06:48:33,966 INFO  server.RaftServerConfigKeys (ConfUtils.java:logGet(43)) - raft.server.log.appender.buffer.byte-limit = 33554432 (custom)
2019-07-14 06:48:33,967 INFO  server.RaftServerConfigKeys (ConfUtils.java:logGet(43)) - raft.server.log.segment.size.max = 1048576 (custom)
2019-07-14 06:48:33,967 INFO  server.RaftServerConfigKeys (ConfUtils.java:logGet(43)) - raft.server.log.segment.cache.num.max = 2 (custom)
2019-07-14 06:48:33,967 INFO  segmented.SegmentedRaftLogWorker (SegmentedRaftLogWorker.java:<init>(172)) - new 55574485-6bdc-4d86-bde2-6ba126a5eb77-SegmentedRaftLogWorker:Storage Directory /tmp/workdir/hadoop-ozone/integration-test/target/test-dir/MiniOzoneClusterImpl-28cace78-0a78-4e79-977f-7388f85db52e/datanode-4/data/ratis/c1f52e85-566a-448b-84aa-3bc56496d3df for RaftStorage:Storage Directory /tmp/workdir/hadoop-ozone/integration-test/target/test-dir/MiniOzoneClusterImpl-28cace78-0a78-4e79-977f-7388f85db52e/datanode-4/data/ratis/c1f52e85-566a-448b-84aa-3bc56496d3df
2019-07-14 06:48:33,967 INFO  server.RaftServerConfigKeys (ConfUtils.java:logGet(43)) - raft.server.log.queue.byte-limit = 2147483647 (custom)
2019-07-14 06:48:33,967 INFO  server.RaftServerConfigKeys (ConfUtils.java:logGet(43)) - raft.server.log.queue.element-limit = 1024 (custom)
2019-07-14 06:48:33,968 INFO  server.RaftServerConfigKeys (ConfUtils.java:logGet(43)) - raft.server.log.segment.size.max = 1048576 (custom)
2019-07-14 06:48:33,968 INFO  server.RaftServerConfigKeys (ConfUtils.java:logGet(43)) - raft.server.log.preallocated.size = 16384 (custom)
2019-07-14 06:48:33,968 INFO  server.RaftServerConfigKeys (ConfUtils.java:logGet(43)) - raft.server.log.write.buffer.size = 33554432 (custom)
2019-07-14 06:48:33,968 INFO  server.RaftServerConfigKeys (ConfUtils.java:logGet(43)) - raft.server.log.force.sync.num = 128 (default)
2019-07-14 06:48:33,968 INFO  server.RaftServerConfigKeys (ConfUtils.java:logGet(43)) - raft.server.log.statemachine.data.sync = true (default)
2019-07-14 06:48:33,968 INFO  server.RaftServerConfigKeys (ConfUtils.java:logGet(43)) - raft.server.log.statemachine.data.sync.timeout = 10s (default)
2019-07-14 06:48:33,968 INFO  server.RaftServerConfigKeys (ConfUtils.java:logGet(43)) - raft.server.log.statemachine.data.sync.timeout.retry = -1 (default)
2019-07-14 06:48:33,969 INFO  server.RaftServerConfigKeys (ConfUtils.java:logGet(43)) - raft.server.log.statemachine.data.caching.enabled = true (custom)
2019-07-14 06:48:33,969 INFO  segmented.SegmentedRaftLogWorker (SegmentedRaftLogWorker.java:lambda$new$0(132)) - 55574485-6bdc-4d86-bde2-6ba126a5eb77-SegmentedRaftLogWorker:Storage Directory /tmp/workdir/hadoop-ozone/integration-test/target/test-dir/MiniOzoneClusterImpl-28cace78-0a78-4e79-977f-7388f85db52e/datanode-4/data/ratis/c1f52e85-566a-448b-84aa-3bc56496d3df: flushIndex: setUnconditionally 0 -> -1
2019-07-14 06:48:33,969 INFO  server.RaftServerConfigKeys (ConfUtils.java:logGet(43)) - raft.server.snapshot.auto.trigger.enabled = true (custom)
2019-07-14 06:48:33,969 INFO  server.RaftServerConfigKeys (ConfUtils.java:logGet(43)) - raft.server.snapshot.auto.trigger.threshold = 10000 (custom)
2019-07-14 06:48:33,970 INFO  server.RaftServerConfigKeys (ConfUtils.java:logGet(43)) - raft.server.retrycache.expirytime = 600000ms (custom)
2019-07-14 06:48:33,970 INFO  impl.RaftServerImpl (RaftServerImpl.java:start(180)) - 55574485-6bdc-4d86-bde2-6ba126a5eb77: start group-3BC56496D3DF
2019-07-14 06:48:33,970 INFO  impl.RaftServerImpl (RaftServerImpl.java:setRole(171)) - 55574485-6bdc-4d86-bde2-6ba126a5eb77:group-3BC56496D3DF changes role from null to FOLLOWER at term 0 for startAsFollower
2019-07-14 06:48:33,970 INFO  impl.RoleInfo (RoleInfo.java:updateAndGet(143)) - 55574485-6bdc-4d86-bde2-6ba126a5eb77: start FollowerState
2019-07-14 06:48:33,971 INFO  util.JmxRegister (JmxRegister.java:tryRegister(44)) - Successfully registered JMX Bean with object name Ratis:service=RaftServer,group=group-3BC56496D3DF,id=55574485-6bdc-4d86-bde2-6ba126a5eb77
2019-07-14 06:48:33,973 INFO  pipeline.PipelineStateManager (PipelineStateManager.java:addPipeline(56)) - Created pipeline Pipeline[ Id: c1f52e85-566a-448b-84aa-3bc56496d3df, Nodes: 55574485-6bdc-4d86-bde2-6ba126a5eb77{ip: 192.168.5.144, host: trunk-nightly-8c95p-1540871953, networkLocation: /default-rack, certSerialId: null}, Type:RATIS, Factor:ONE, State:OPEN]
2019-07-14 06:48:34,134 INFO  node.SCMNodeManager (SCMNodeManager.java:register(269)) - Registered Data node : f678f215-168e-48a8-8868-6d888d60d4cc{ip: 192.168.5.144, host: trunk-nightly-8c95p-1540871953, networkLocation: /default-rack, certSerialId: null}
2019-07-14 06:48:34,149 INFO  impl.RaftServerProxy (RaftServerProxy.java:addNew(89)) - f678f215-168e-48a8-8868-6d888d60d4cc: addNew group-B5FEC824B7E6:[f678f215-168e-48a8-8868-6d888d60d4cc:192.168.5.144:32836] returns group-B5FEC824B7E6:java.util.concurrent.CompletableFuture@6da9a1e2[Not completed]
2019-07-14 06:48:34,150 INFO  impl.RaftServerImpl (RaftServerImpl.java:<init>(93)) - f678f215-168e-48a8-8868-6d888d60d4cc: new RaftServerImpl for group-B5FEC824B7E6:[f678f215-168e-48a8-8868-6d888d60d4cc:192.168.5.144:32836] with ContainerStateMachine:uninitialized
2019-07-14 06:48:34,150 INFO  server.RaftServerConfigKeys (ConfUtils.java:logGet(43)) - raft.server.rpc.timeout.min = 5s (custom)
2019-07-14 06:48:34,151 INFO  server.RaftServerConfigKeys (ConfUtils.java:logGet(43)) - raft.server.rpc.timeout.max = 5200ms (custom)
2019-07-14 06:48:34,151 INFO  server.RaftServerConfigKeys (ConfUtils.java:logGet(43)) - raft.server.rpcslowness.timeout = 120s (custom)
2019-07-14 06:48:34,151 INFO  server.RaftServerConfigKeys (ConfUtils.java:logGet(43)) - raft.server.sleep.deviation.threshold = 300 (default)
2019-07-14 06:48:34,151 INFO  server.RaftServerConfigKeys (ConfUtils.java:logGet(43)) - raft.server.log.appender.install.snapshot.enabled = false (custom)
2019-07-14 06:48:34,151 INFO  impl.RaftServerImpl (ServerState.java:<init>(105)) - f678f215-168e-48a8-8868-6d888d60d4cc:group-B5FEC824B7E6 ConfigurationManager, init=-1: [f678f215-168e-48a8-8868-6d888d60d4cc:192.168.5.144:32836], old=null, confs=<EMPTY_MAP>
2019-07-14 06:48:34,151 INFO  server.RaftServerConfigKeys (ConfUtils.java:logGet(43)) - raft.server.storage.dir = [/tmp/workdir/hadoop-ozone/integration-test/target/test-dir/MiniOzoneClusterImpl-28cace78-0a78-4e79-977f-7388f85db52e/datanode-5/data/ratis] (custom)
2019-07-14 06:48:34,151 INFO  storage.RaftStorageDirectory (RaftStorageDirectory.java:analyzeStorage(246)) - The storage directory /tmp/workdir/hadoop-ozone/integration-test/target/test-dir/MiniOzoneClusterImpl-28cace78-0a78-4e79-977f-7388f85db52e/datanode-5/data/ratis/34ca095b-2c7c-4bd1-9ab5-b5fec824b7e6 does not exist. Creating ...
2019-07-14 06:48:34,166 INFO  storage.RaftStorageDirectory (RaftStorageDirectory.java:tryLock(328)) - Lock on /tmp/workdir/hadoop-ozone/integration-test/target/test-dir/MiniOzoneClusterImpl-28cace78-0a78-4e79-977f-7388f85db52e/datanode-5/data/ratis/34ca095b-2c7c-4bd1-9ab5-b5fec824b7e6/in_use.lock acquired by nodename 28347@trunk-nightly-8c95p-1540871953
2019-07-14 06:48:34,188 INFO  storage.RaftStorage (RaftStorage.java:format(72)) - Storage directory /tmp/workdir/hadoop-ozone/integration-test/target/test-dir/MiniOzoneClusterImpl-28cace78-0a78-4e79-977f-7388f85db52e/datanode-5/data/ratis/34ca095b-2c7c-4bd1-9ab5-b5fec824b7e6 has been successfully formatted.
2019-07-14 06:48:34,188 INFO  ratis.ContainerStateMachine (ContainerStateMachine.java:loadSnapshot(200)) - group-B5FEC824B7E6: The snapshot info is null. Setting the last applied indexto:(t:0, i:~)
2019-07-14 06:48:34,188 INFO  server.RaftServerConfigKeys (ConfUtils.java:logGet(43)) - raft.server.leader.election.timeout = 120s (custom)
2019-07-14 06:48:34,188 INFO  server.RaftServerConfigKeys (ConfUtils.java:logGet(43)) - raft.server.log.use.memory = false (default)
2019-07-14 06:48:34,189 INFO  server.RaftServerConfigKeys (ConfUtils.java:logGet(43)) - raft.server.log.purge.gap = 1000000000 (custom)
2019-07-14 06:48:34,189 INFO  server.RaftServerConfigKeys (ConfUtils.java:logGet(43)) - raft.server.log.appender.buffer.byte-limit = 33554432 (custom)
2019-07-14 06:48:34,189 INFO  server.RaftServerConfigKeys (ConfUtils.java:logGet(43)) - raft.server.log.segment.size.max = 1048576 (custom)
2019-07-14 06:48:34,189 INFO  server.RaftServerConfigKeys (ConfUtils.java:logGet(43)) - raft.server.log.segment.cache.num.max = 2 (custom)
2019-07-14 06:48:34,189 INFO  segmented.SegmentedRaftLogWorker (SegmentedRaftLogWorker.java:<init>(172)) - new f678f215-168e-48a8-8868-6d888d60d4cc-SegmentedRaftLogWorker:Storage Directory /tmp/workdir/hadoop-ozone/integration-test/target/test-dir/MiniOzoneClusterImpl-28cace78-0a78-4e79-977f-7388f85db52e/datanode-5/data/ratis/34ca095b-2c7c-4bd1-9ab5-b5fec824b7e6 for RaftStorage:Storage Directory /tmp/workdir/hadoop-ozone/integration-test/target/test-dir/MiniOzoneClusterImpl-28cace78-0a78-4e79-977f-7388f85db52e/datanode-5/data/ratis/34ca095b-2c7c-4bd1-9ab5-b5fec824b7e6
2019-07-14 06:48:34,190 INFO  server.RaftServerConfigKeys (ConfUtils.java:logGet(43)) - raft.server.log.queue.byte-limit = 2147483647 (custom)
2019-07-14 06:48:34,190 INFO  server.RaftServerConfigKeys (ConfUtils.java:logGet(43)) - raft.server.log.queue.element-limit = 1024 (custom)
2019-07-14 06:48:34,190 INFO  server.RaftServerConfigKeys (ConfUtils.java:logGet(43)) - raft.server.log.segment.size.max = 1048576 (custom)
2019-07-14 06:48:34,190 INFO  server.RaftServerConfigKeys (ConfUtils.java:logGet(43)) - raft.server.log.preallocated.size = 16384 (custom)
2019-07-14 06:48:34,190 INFO  server.RaftServerConfigKeys (ConfUtils.java:logGet(43)) - raft.server.log.write.buffer.size = 33554432 (custom)
2019-07-14 06:48:34,191 INFO  server.RaftServerConfigKeys (ConfUtils.java:logGet(43)) - raft.server.log.force.sync.num = 128 (default)
2019-07-14 06:48:34,191 INFO  server.RaftServerConfigKeys (ConfUtils.java:logGet(43)) - raft.server.log.statemachine.data.sync = true (default)
2019-07-14 06:48:34,191 INFO  server.RaftServerConfigKeys (ConfUtils.java:logGet(43)) - raft.server.log.statemachine.data.sync.timeout = 10s (default)
2019-07-14 06:48:34,191 INFO  server.RaftServerConfigKeys (ConfUtils.java:logGet(43)) - raft.server.log.statemachine.data.sync.timeout.retry = -1 (default)
2019-07-14 06:48:34,191 INFO  server.RaftServerConfigKeys (ConfUtils.java:logGet(43)) - raft.server.log.statemachine.data.caching.enabled = true (custom)
2019-07-14 06:48:34,192 INFO  segmented.SegmentedRaftLogWorker (SegmentedRaftLogWorker.java:lambda$new$0(132)) - f678f215-168e-48a8-8868-6d888d60d4cc-SegmentedRaftLogWorker:Storage Directory /tmp/workdir/hadoop-ozone/integration-test/target/test-dir/MiniOzoneClusterImpl-28cace78-0a78-4e79-977f-7388f85db52e/datanode-5/data/ratis/34ca095b-2c7c-4bd1-9ab5-b5fec824b7e6: flushIndex: setUnconditionally 0 -> -1
2019-07-14 06:48:34,192 INFO  server.RaftServerConfigKeys (ConfUtils.java:logGet(43)) - raft.server.snapshot.auto.trigger.enabled = true (custom)
2019-07-14 06:48:34,192 INFO  server.RaftServerConfigKeys (ConfUtils.java:logGet(43)) - raft.server.snapshot.auto.trigger.threshold = 10000 (custom)
2019-07-14 06:48:34,192 INFO  server.RaftServerConfigKeys (ConfUtils.java:logGet(43)) - raft.server.retrycache.expirytime = 600000ms (custom)
2019-07-14 06:48:34,193 INFO  impl.RaftServerImpl (RaftServerImpl.java:start(180)) - f678f215-168e-48a8-8868-6d888d60d4cc: start group-B5FEC824B7E6
2019-07-14 06:48:34,193 INFO  impl.RaftServerImpl (RaftServerImpl.java:setRole(171)) - f678f215-168e-48a8-8868-6d888d60d4cc:group-B5FEC824B7E6 changes role from null to FOLLOWER at term 0 for startAsFollower
2019-07-14 06:48:34,193 INFO  impl.RoleInfo (RoleInfo.java:updateAndGet(143)) - f678f215-168e-48a8-8868-6d888d60d4cc: start FollowerState
2019-07-14 06:48:34,194 INFO  util.JmxRegister (JmxRegister.java:tryRegister(44)) - Successfully registered JMX Bean with object name Ratis:service=RaftServer,group=group-B5FEC824B7E6,id=f678f215-168e-48a8-8868-6d888d60d4cc
2019-07-14 06:48:34,196 INFO  pipeline.PipelineStateManager (PipelineStateManager.java:addPipeline(56)) - Created pipeline Pipeline[ Id: 34ca095b-2c7c-4bd1-9ab5-b5fec824b7e6, Nodes: f678f215-168e-48a8-8868-6d888d60d4cc{ip: 192.168.5.144, host: trunk-nightly-8c95p-1540871953, networkLocation: /default-rack, certSerialId: null}, Type:RATIS, Factor:ONE, State:OPEN]
2019-07-14 06:48:34,228 INFO  impl.RaftServerProxy (RaftServerProxy.java:addNew(89)) - e6f5805a-28d3-4efa-b96d-17169aa81f08: addNew group-A1A17F8D2F4D:[55574485-6bdc-4d86-bde2-6ba126a5eb77:192.168.5.144:42985, f678f215-168e-48a8-8868-6d888d60d4cc:192.168.5.144:32836, e6f5805a-28d3-4efa-b96d-17169aa81f08:192.168.5.144:39112] returns group-A1A17F8D2F4D:java.util.concurrent.CompletableFuture@769f5e17[Not completed]
2019-07-14 06:48:34,228 INFO  impl.RaftServerProxy (RaftServerProxy.java:addNew(89)) - f678f215-168e-48a8-8868-6d888d60d4cc: addNew group-A1A17F8D2F4D:[55574485-6bdc-4d86-bde2-6ba126a5eb77:192.168.5.144:42985, f678f215-168e-48a8-8868-6d888d60d4cc:192.168.5.144:32836, e6f5805a-28d3-4efa-b96d-17169aa81f08:192.168.5.144:39112] returns group-A1A17F8D2F4D:java.util.concurrent.CompletableFuture@44dd8360[Not completed]
2019-07-14 06:48:34,228 INFO  impl.RaftServerProxy (RaftServerProxy.java:addNew(89)) - 55574485-6bdc-4d86-bde2-6ba126a5eb77: addNew group-A1A17F8D2F4D:[55574485-6bdc-4d86-bde2-6ba126a5eb77:192.168.5.144:42985, f678f215-168e-48a8-8868-6d888d60d4cc:192.168.5.144:32836, e6f5805a-28d3-4efa-b96d-17169aa81f08:192.168.5.144:39112] returns group-A1A17F8D2F4D:java.util.concurrent.CompletableFuture@4c78999[Not completed]
2019-07-14 06:48:34,230 INFO  impl.RaftServerImpl (RaftServerImpl.java:<init>(93)) - e6f5805a-28d3-4efa-b96d-17169aa81f08: new RaftServerImpl for group-A1A17F8D2F4D:[55574485-6bdc-4d86-bde2-6ba126a5eb77:192.168.5.144:42985, f678f215-168e-48a8-8868-6d888d60d4cc:192.168.5.144:32836, e6f5805a-28d3-4efa-b96d-17169aa81f08:192.168.5.144:39112] with ContainerStateMachine:uninitialized
2019-07-14 06:48:34,230 INFO  server.RaftServerConfigKeys (ConfUtils.java:logGet(43)) - raft.server.rpc.timeout.min = 5s (custom)
2019-07-14 06:48:34,231 INFO  server.RaftServerConfigKeys (ConfUtils.java:logGet(43)) - raft.server.rpc.timeout.max = 5200ms (custom)
2019-07-14 06:48:34,231 INFO  impl.RaftServerImpl (RaftServerImpl.java:<init>(93)) - f678f215-168e-48a8-8868-6d888d60d4cc: new RaftServerImpl for group-A1A17F8D2F4D:[55574485-6bdc-4d86-bde2-6ba126a5eb77:192.168.5.144:42985, f678f215-168e-48a8-8868-6d888d60d4cc:192.168.5.144:32836, e6f5805a-28d3-4efa-b96d-17169aa81f08:192.168.5.144:39112] with ContainerStateMachine:uninitialized
2019-07-14 06:48:34,231 INFO  server.RaftServerConfigKeys (ConfUtils.java:logGet(43)) - raft.server.rpcslowness.timeout = 120s (custom)
2019-07-14 06:48:34,231 INFO  server.RaftServerConfigKeys (ConfUtils.java:logGet(43)) - raft.server.rpc.timeout.min = 5s (custom)
2019-07-14 06:48:34,231 INFO  server.RaftServerConfigKeys (ConfUtils.java:logGet(43)) - raft.server.sleep.deviation.threshold = 300 (default)
2019-07-14 06:48:34,231 INFO  server.RaftServerConfigKeys (ConfUtils.java:logGet(43)) - raft.server.rpc.timeout.max = 5200ms (custom)
2019-07-14 06:48:34,231 INFO  impl.RaftServerImpl (RaftServerImpl.java:<init>(93)) - 55574485-6bdc-4d86-bde2-6ba126a5eb77: new RaftServerImpl for group-A1A17F8D2F4D:[55574485-6bdc-4d86-bde2-6ba126a5eb77:192.168.5.144:42985, f678f215-168e-48a8-8868-6d888d60d4cc:192.168.5.144:32836, e6f5805a-28d3-4efa-b96d-17169aa81f08:192.168.5.144:39112] with ContainerStateMachine:uninitialized
2019-07-14 06:48:34,231 INFO  server.RaftServerConfigKeys (ConfUtils.java:logGet(43)) - raft.server.rpcslowness.timeout = 120s (custom)
2019-07-14 06:48:34,232 INFO  server.RaftServerConfigKeys (ConfUtils.java:logGet(43)) - raft.server.sleep.deviation.threshold = 300 (default)
2019-07-14 06:48:34,231 INFO  server.RaftServerConfigKeys (ConfUtils.java:logGet(43)) - raft.server.log.appender.install.snapshot.enabled = false (custom)
2019-07-14 06:48:34,232 INFO  server.RaftServerConfigKeys (ConfUtils.java:logGet(43)) - raft.server.log.appender.install.snapshot.enabled = false (custom)
2019-07-14 06:48:34,232 INFO  server.RaftServerConfigKeys (ConfUtils.java:logGet(43)) - raft.server.rpc.timeout.min = 5s (custom)
2019-07-14 06:48:34,232 INFO  impl.RaftServerImpl (ServerState.java:<init>(105)) - f678f215-168e-48a8-8868-6d888d60d4cc:group-A1A17F8D2F4D ConfigurationManager, init=-1: [55574485-6bdc-4d86-bde2-6ba126a5eb77:192.168.5.144:42985, f678f215-168e-48a8-8868-6d888d60d4cc:192.168.5.144:32836, e6f5805a-28d3-4efa-b96d-17169aa81f08:192.168.5.144:39112], old=null, confs=<EMPTY_MAP>
2019-07-14 06:48:34,232 INFO  impl.RaftServerImpl (ServerState.java:<init>(105)) - e6f5805a-28d3-4efa-b96d-17169aa81f08:group-A1A17F8D2F4D ConfigurationManager, init=-1: [55574485-6bdc-4d86-bde2-6ba126a5eb77:192.168.5.144:42985, f678f215-168e-48a8-8868-6d888d60d4cc:192.168.5.144:32836, e6f5805a-28d3-4efa-b96d-17169aa81f08:192.168.5.144:39112], old=null, confs=<EMPTY_MAP>
2019-07-14 06:48:34,232 INFO  server.RaftServerConfigKeys (ConfUtils.java:logGet(43)) - raft.server.storage.dir = [/tmp/workdir/hadoop-ozone/integration-test/target/test-dir/MiniOzoneClusterImpl-28cace78-0a78-4e79-977f-7388f85db52e/datanode-5/data/ratis] (custom)
2019-07-14 06:48:34,232 INFO  server.RaftServerConfigKeys (ConfUtils.java:logGet(43)) - raft.server.rpc.timeout.max = 5200ms (custom)
2019-07-14 06:48:34,233 INFO  server.RaftServerConfigKeys (ConfUtils.java:logGet(43)) - raft.server.storage.dir = [/tmp/workdir/hadoop-ozone/integration-test/target/test-dir/MiniOzoneClusterImpl-28cace78-0a78-4e79-977f-7388f85db52e/datanode-3/data/ratis] (custom)
2019-07-14 06:48:34,233 INFO  storage.RaftStorageDirectory (RaftStorageDirectory.java:analyzeStorage(246)) - The storage directory /tmp/workdir/hadoop-ozone/integration-test/target/test-dir/MiniOzoneClusterImpl-28cace78-0a78-4e79-977f-7388f85db52e/datanode-5/data/ratis/74118e49-b6bd-43d7-bdaf-a1a17f8d2f4d does not exist. Creating ...
2019-07-14 06:48:34,233 INFO  server.RaftServerConfigKeys (ConfUtils.java:logGet(43)) - raft.server.rpcslowness.timeout = 120s (custom)
2019-07-14 06:48:34,233 INFO  storage.RaftStorageDirectory (RaftStorageDirectory.java:analyzeStorage(246)) - The storage directory /tmp/workdir/hadoop-ozone/integration-test/target/test-dir/MiniOzoneClusterImpl-28cace78-0a78-4e79-977f-7388f85db52e/datanode-3/data/ratis/74118e49-b6bd-43d7-bdaf-a1a17f8d2f4d does not exist. Creating ...
2019-07-14 06:48:34,233 INFO  server.RaftServerConfigKeys (ConfUtils.java:logGet(43)) - raft.server.sleep.deviation.threshold = 300 (default)
2019-07-14 06:48:34,234 INFO  server.RaftServerConfigKeys (ConfUtils.java:logGet(43)) - raft.server.log.appender.install.snapshot.enabled = false (custom)
2019-07-14 06:48:34,234 INFO  impl.RaftServerImpl (ServerState.java:<init>(105)) - 55574485-6bdc-4d86-bde2-6ba126a5eb77:group-A1A17F8D2F4D ConfigurationManager, init=-1: [55574485-6bdc-4d86-bde2-6ba126a5eb77:192.168.5.144:42985, f678f215-168e-48a8-8868-6d888d60d4cc:192.168.5.144:32836, e6f5805a-28d3-4efa-b96d-17169aa81f08:192.168.5.144:39112], old=null, confs=<EMPTY_MAP>
2019-07-14 06:48:34,234 INFO  server.RaftServerConfigKeys (ConfUtils.java:logGet(43)) - raft.server.storage.dir = [/tmp/workdir/hadoop-ozone/integration-test/target/test-dir/MiniOzoneClusterImpl-28cace78-0a78-4e79-977f-7388f85db52e/datanode-4/data/ratis] (custom)
2019-07-14 06:48:34,234 INFO  storage.RaftStorageDirectory (RaftStorageDirectory.java:analyzeStorage(246)) - The storage directory /tmp/workdir/hadoop-ozone/integration-test/target/test-dir/MiniOzoneClusterImpl-28cace78-0a78-4e79-977f-7388f85db52e/datanode-4/data/ratis/74118e49-b6bd-43d7-bdaf-a1a17f8d2f4d does not exist. Creating ...
2019-07-14 06:48:34,240 INFO  storage.RaftStorageDirectory (RaftStorageDirectory.java:tryLock(328)) - Lock on /tmp/workdir/hadoop-ozone/integration-test/target/test-dir/MiniOzoneClusterImpl-28cace78-0a78-4e79-977f-7388f85db52e/datanode-3/data/ratis/74118e49-b6bd-43d7-bdaf-a1a17f8d2f4d/in_use.lock acquired by nodename 28347@trunk-nightly-8c95p-1540871953
2019-07-14 06:48:34,240 INFO  storage.RaftStorageDirectory (RaftStorageDirectory.java:tryLock(328)) - Lock on /tmp/workdir/hadoop-ozone/integration-test/target/test-dir/MiniOzoneClusterImpl-28cace78-0a78-4e79-977f-7388f85db52e/datanode-4/data/ratis/74118e49-b6bd-43d7-bdaf-a1a17f8d2f4d/in_use.lock acquired by nodename 28347@trunk-nightly-8c95p-1540871953
2019-07-14 06:48:34,240 INFO  storage.RaftStorageDirectory (RaftStorageDirectory.java:tryLock(328)) - Lock on /tmp/workdir/hadoop-ozone/integration-test/target/test-dir/MiniOzoneClusterImpl-28cace78-0a78-4e79-977f-7388f85db52e/datanode-5/data/ratis/74118e49-b6bd-43d7-bdaf-a1a17f8d2f4d/in_use.lock acquired by nodename 28347@trunk-nightly-8c95p-1540871953
2019-07-14 06:48:34,245 INFO  storage.RaftStorage (RaftStorage.java:format(72)) - Storage directory /tmp/workdir/hadoop-ozone/integration-test/target/test-dir/MiniOzoneClusterImpl-28cace78-0a78-4e79-977f-7388f85db52e/datanode-3/data/ratis/74118e49-b6bd-43d7-bdaf-a1a17f8d2f4d has been successfully formatted.
2019-07-14 06:48:34,245 INFO  storage.RaftStorage (RaftStorage.java:format(72)) - Storage directory /tmp/workdir/hadoop-ozone/integration-test/target/test-dir/MiniOzoneClusterImpl-28cace78-0a78-4e79-977f-7388f85db52e/datanode-4/data/ratis/74118e49-b6bd-43d7-bdaf-a1a17f8d2f4d has been successfully formatted.
2019-07-14 06:48:34,246 INFO  ratis.ContainerStateMachine (ContainerStateMachine.java:loadSnapshot(200)) - group-A1A17F8D2F4D: The snapshot info is null. Setting the last applied indexto:(t:0, i:~)
2019-07-14 06:48:34,245 INFO  storage.RaftStorage (RaftStorage.java:format(72)) - Storage directory /tmp/workdir/hadoop-ozone/integration-test/target/test-dir/MiniOzoneClusterImpl-28cace78-0a78-4e79-977f-7388f85db52e/datanode-5/data/ratis/74118e49-b6bd-43d7-bdaf-a1a17f8d2f4d has been successfully formatted.
2019-07-14 06:48:34,246 INFO  server.RaftServerConfigKeys (ConfUtils.java:logGet(43)) - raft.server.leader.election.timeout = 120s (custom)
2019-07-14 06:48:34,246 INFO  ratis.ContainerStateMachine (ContainerStateMachine.java:loadSnapshot(200)) - group-A1A17F8D2F4D: The snapshot info is null. Setting the last applied indexto:(t:0, i:~)
2019-07-14 06:48:34,246 INFO  server.RaftServerConfigKeys (ConfUtils.java:logGet(43)) - raft.server.log.use.memory = false (default)
2019-07-14 06:48:34,246 INFO  ratis.ContainerStateMachine (ContainerStateMachine.java:loadSnapshot(200)) - group-A1A17F8D2F4D: The snapshot info is null. Setting the last applied indexto:(t:0, i:~)
2019-07-14 06:48:34,247 INFO  server.RaftServerConfigKeys (ConfUtils.java:logGet(43)) - raft.server.log.purge.gap = 1000000000 (custom)
2019-07-14 06:48:34,246 INFO  server.RaftServerConfigKeys (ConfUtils.java:logGet(43)) - raft.server.leader.election.timeout = 120s (custom)
2019-07-14 06:48:34,247 INFO  server.RaftServerConfigKeys (ConfUtils.java:logGet(43)) - raft.server.log.appender.buffer.byte-limit = 33554432 (custom)
2019-07-14 06:48:34,247 INFO  server.RaftServerConfigKeys (ConfUtils.java:logGet(43)) - raft.server.leader.election.timeout = 120s (custom)
2019-07-14 06:48:34,247 INFO  server.RaftServerConfigKeys (ConfUtils.java:logGet(43)) - raft.server.log.segment.size.max = 1048576 (custom)
2019-07-14 06:48:34,247 INFO  server.RaftServerConfigKeys (ConfUtils.java:logGet(43)) - raft.server.log.use.memory = false (default)
2019-07-14 06:48:34,247 INFO  server.RaftServerConfigKeys (ConfUtils.java:logGet(43)) - raft.server.log.segment.cache.num.max = 2 (custom)
2019-07-14 06:48:34,247 INFO  server.RaftServerConfigKeys (ConfUtils.java:logGet(43)) - raft.server.log.use.memory = false (default)
2019-07-14 06:48:34,248 INFO  segmented.SegmentedRaftLogWorker (SegmentedRaftLogWorker.java:<init>(172)) - new e6f5805a-28d3-4efa-b96d-17169aa81f08-SegmentedRaftLogWorker:Storage Directory /tmp/workdir/hadoop-ozone/integration-test/target/test-dir/MiniOzoneClusterImpl-28cace78-0a78-4e79-977f-7388f85db52e/datanode-3/data/ratis/74118e49-b6bd-43d7-bdaf-a1a17f8d2f4d for RaftStorage:Storage Directory /tmp/workdir/hadoop-ozone/integration-test/target/test-dir/MiniOzoneClusterImpl-28cace78-0a78-4e79-977f-7388f85db52e/datanode-3/data/ratis/74118e49-b6bd-43d7-bdaf-a1a17f8d2f4d
2019-07-14 06:48:34,248 INFO  server.RaftServerConfigKeys (ConfUtils.java:logGet(43)) - raft.server.log.purge.gap = 1000000000 (custom)
2019-07-14 06:48:34,248 INFO  server.RaftServerConfigKeys (ConfUtils.java:logGet(43)) - raft.server.log.queue.byte-limit = 2147483647 (custom)
2019-07-14 06:48:34,248 INFO  server.RaftServerConfigKeys (ConfUtils.java:logGet(43)) - raft.server.log.queue.element-limit = 1024 (custom)
2019-07-14 06:48:34,248 INFO  server.RaftServerConfigKeys (ConfUtils.java:logGet(43)) - raft.server.log.purge.gap = 1000000000 (custom)
2019-07-14 06:48:34,249 INFO  server.RaftServerConfigKeys (ConfUtils.java:logGet(43)) - raft.server.log.segment.size.max = 1048576 (custom)
2019-07-14 06:48:34,248 INFO  server.RaftServerConfigKeys (ConfUtils.java:logGet(43)) - raft.server.log.appender.buffer.byte-limit = 33554432 (custom)
2019-07-14 06:48:34,249 INFO  server.RaftServerConfigKeys (ConfUtils.java:logGet(43)) - raft.server.log.preallocated.size = 16384 (custom)
2019-07-14 06:48:34,249 INFO  server.RaftServerConfigKeys (ConfUtils.java:logGet(43)) - raft.server.log.appender.buffer.byte-limit = 33554432 (custom)
2019-07-14 06:48:34,249 INFO  server.RaftServerConfigKeys (ConfUtils.java:logGet(43)) - raft.server.log.write.buffer.size = 33554432 (custom)
2019-07-14 06:48:34,250 INFO  server.RaftServerConfigKeys (ConfUtils.java:logGet(43)) - raft.server.log.force.sync.num = 128 (default)
2019-07-14 06:48:34,249 INFO  server.RaftServerConfigKeys (ConfUtils.java:logGet(43)) - raft.server.log.segment.size.max = 1048576 (custom)
2019-07-14 06:48:34,250 INFO  server.RaftServerConfigKeys (ConfUtils.java:logGet(43)) - raft.server.log.statemachine.data.sync = true (default)
2019-07-14 06:48:34,250 INFO  server.RaftServerConfigKeys (ConfUtils.java:logGet(43)) - raft.server.log.statemachine.data.sync.timeout = 10s (default)
2019-07-14 06:48:34,249 INFO  server.RaftServerConfigKeys (ConfUtils.java:logGet(43)) - raft.server.log.segment.size.max = 1048576 (custom)
2019-07-14 06:48:34,250 INFO  server.RaftServerConfigKeys (ConfUtils.java:logGet(43)) - raft.server.log.statemachine.data.sync.timeout.retry = -1 (default)
2019-07-14 06:48:34,250 INFO  server.RaftServerConfigKeys (ConfUtils.java:logGet(43)) - raft.server.log.segment.cache.num.max = 2 (custom)
2019-07-14 06:48:34,251 INFO  server.RaftServerConfigKeys (ConfUtils.java:logGet(43)) - raft.server.log.statemachine.data.caching.enabled = true (custom)
2019-07-14 06:48:34,250 INFO  server.RaftServerConfigKeys (ConfUtils.java:logGet(43)) - raft.server.log.segment.cache.num.max = 2 (custom)
2019-07-14 06:48:34,251 INFO  segmented.SegmentedRaftLogWorker (SegmentedRaftLogWorker.java:<init>(172)) - new 55574485-6bdc-4d86-bde2-6ba126a5eb77-SegmentedRaftLogWorker:Storage Directory /tmp/workdir/hadoop-ozone/integration-test/target/test-dir/MiniOzoneClusterImpl-28cace78-0a78-4e79-977f-7388f85db52e/datanode-4/data/ratis/74118e49-b6bd-43d7-bdaf-a1a17f8d2f4d for RaftStorage:Storage Directory /tmp/workdir/hadoop-ozone/integration-test/target/test-dir/MiniOzoneClusterImpl-28cace78-0a78-4e79-977f-7388f85db52e/datanode-4/data/ratis/74118e49-b6bd-43d7-bdaf-a1a17f8d2f4d
2019-07-14 06:48:34,251 INFO  segmented.SegmentedRaftLogWorker (SegmentedRaftLogWorker.java:lambda$new$0(132)) - e6f5805a-28d3-4efa-b96d-17169aa81f08-SegmentedRaftLogWorker:Storage Directory /tmp/workdir/hadoop-ozone/integration-test/target/test-dir/MiniOzoneClusterImpl-28cace78-0a78-4e79-977f-7388f85db52e/datanode-3/data/ratis/74118e49-b6bd-43d7-bdaf-a1a17f8d2f4d: flushIndex: setUnconditionally 0 -> -1
2019-07-14 06:48:34,251 INFO  segmented.SegmentedRaftLogWorker (SegmentedRaftLogWorker.java:<init>(172)) - new f678f215-168e-48a8-8868-6d888d60d4cc-SegmentedRaftLogWorker:Storage Directory /tmp/workdir/hadoop-ozone/integration-test/target/test-dir/MiniOzoneClusterImpl-28cace78-0a78-4e79-977f-7388f85db52e/datanode-5/data/ratis/74118e49-b6bd-43d7-bdaf-a1a17f8d2f4d for RaftStorage:Storage Directory /tmp/workdir/hadoop-ozone/integration-test/target/test-dir/MiniOzoneClusterImpl-28cace78-0a78-4e79-977f-7388f85db52e/datanode-5/data/ratis/74118e49-b6bd-43d7-bdaf-a1a17f8d2f4d
2019-07-14 06:48:34,251 INFO  server.RaftServerConfigKeys (ConfUtils.java:logGet(43)) - raft.server.log.queue.byte-limit = 2147483647 (custom)
2019-07-14 06:48:34,251 INFO  server.RaftServerConfigKeys (ConfUtils.java:logGet(43)) - raft.server.snapshot.auto.trigger.enabled = true (custom)
2019-07-14 06:48:34,251 INFO  server.RaftServerConfigKeys (ConfUtils.java:logGet(43)) - raft.server.log.queue.byte-limit = 2147483647 (custom)
2019-07-14 06:48:34,252 INFO  server.RaftServerConfigKeys (ConfUtils.java:logGet(43)) - raft.server.snapshot.auto.trigger.threshold = 10000 (custom)
2019-07-14 06:48:34,252 INFO  server.RaftServerConfigKeys (ConfUtils.java:logGet(43)) - raft.server.log.queue.element-limit = 1024 (custom)
2019-07-14 06:48:34,252 INFO  server.RaftServerConfigKeys (ConfUtils.java:logGet(43)) - raft.server.retrycache.expirytime = 600000ms (custom)
2019-07-14 06:48:34,252 INFO  server.RaftServerConfigKeys (ConfUtils.java:logGet(43)) - raft.server.log.queue.element-limit = 1024 (custom)
2019-07-14 06:48:34,252 INFO  impl.RaftServerImpl (RaftServerImpl.java:start(180)) - e6f5805a-28d3-4efa-b96d-17169aa81f08: start group-A1A17F8D2F4D
2019-07-14 06:48:34,253 INFO  impl.RaftServerImpl (RaftServerImpl.java:setRole(171)) - e6f5805a-28d3-4efa-b96d-17169aa81f08:group-A1A17F8D2F4D changes role from null to FOLLOWER at term 0 for startAsFollower
2019-07-14 06:48:34,252 INFO  server.RaftServerConfigKeys (ConfUtils.java:logGet(43)) - raft.server.log.segment.size.max = 1048576 (custom)
2019-07-14 06:48:34,253 INFO  impl.RoleInfo (RoleInfo.java:updateAndGet(143)) - e6f5805a-28d3-4efa-b96d-17169aa81f08: start FollowerState
2019-07-14 06:48:34,253 INFO  server.RaftServerConfigKeys (ConfUtils.java:logGet(43)) - raft.server.log.segment.size.max = 1048576 (custom)
2019-07-14 06:48:34,253 INFO  server.RaftServerConfigKeys (ConfUtils.java:logGet(43)) - raft.server.log.preallocated.size = 16384 (custom)
2019-07-14 06:48:34,253 INFO  util.JmxRegister (JmxRegister.java:tryRegister(44)) - Successfully registered JMX Bean with object name Ratis:service=RaftServer,group=group-A1A17F8D2F4D,id=e6f5805a-28d3-4efa-b96d-17169aa81f08
2019-07-14 06:48:34,253 INFO  server.RaftServerConfigKeys (ConfUtils.java:logGet(43)) - raft.server.log.preallocated.size = 16384 (custom)
2019-07-14 06:48:34,254 INFO  server.RaftServerConfigKeys (ConfUtils.java:logGet(43)) - raft.server.log.write.buffer.size = 33554432 (custom)
2019-07-14 06:48:34,254 INFO  server.RaftServerConfigKeys (ConfUtils.java:logGet(43)) - raft.server.log.write.buffer.size = 33554432 (custom)
2019-07-14 06:48:34,254 INFO  server.RaftServerConfigKeys (ConfUtils.java:logGet(43)) - raft.server.log.force.sync.num = 128 (default)
2019-07-14 06:48:34,254 INFO  server.RaftServerConfigKeys (ConfUtils.java:logGet(43)) - raft.server.log.force.sync.num = 128 (default)
2019-07-14 06:48:34,254 INFO  server.RaftServerConfigKeys (ConfUtils.java:logGet(43)) - raft.server.log.statemachine.data.sync = true (default)
2019-07-14 06:48:34,255 INFO  server.RaftServerConfigKeys (ConfUtils.java:logGet(43)) - raft.server.log.statemachine.data.sync = true (default)
2019-07-14 06:48:34,255 INFO  server.RaftServerConfigKeys (ConfUtils.java:logGet(43)) - raft.server.log.statemachine.data.sync.timeout = 10s (default)
2019-07-14 06:48:34,255 INFO  server.RaftServerConfigKeys (ConfUtils.java:logGet(43)) - raft.server.log.statemachine.data.sync.timeout = 10s (default)
2019-07-14 06:48:34,255 INFO  server.RaftServerConfigKeys (ConfUtils.java:logGet(43)) - raft.server.log.statemachine.data.sync.timeout.retry = -1 (default)
2019-07-14 06:48:34,255 INFO  server.RaftServerConfigKeys (ConfUtils.java:logGet(43)) - raft.server.log.statemachine.data.sync.timeout.retry = -1 (default)
2019-07-14 06:48:34,255 INFO  server.RaftServerConfigKeys (ConfUtils.java:logGet(43)) - raft.server.log.statemachine.data.caching.enabled = true (custom)
2019-07-14 06:48:34,256 INFO  server.RaftServerConfigKeys (ConfUtils.java:logGet(43)) - raft.server.log.statemachine.data.caching.enabled = true (custom)
2019-07-14 06:48:34,256 INFO  segmented.SegmentedRaftLogWorker (SegmentedRaftLogWorker.java:lambda$new$0(132)) - 55574485-6bdc-4d86-bde2-6ba126a5eb77-SegmentedRaftLogWorker:Storage Directory /tmp/workdir/hadoop-ozone/integration-test/target/test-dir/MiniOzoneClusterImpl-28cace78-0a78-4e79-977f-7388f85db52e/datanode-4/data/ratis/74118e49-b6bd-43d7-bdaf-a1a17f8d2f4d: flushIndex: setUnconditionally 0 -> -1
2019-07-14 06:48:34,256 INFO  segmented.SegmentedRaftLogWorker (SegmentedRaftLogWorker.java:lambda$new$0(132)) - f678f215-168e-48a8-8868-6d888d60d4cc-SegmentedRaftLogWorker:Storage Directory /tmp/workdir/hadoop-ozone/integration-test/target/test-dir/MiniOzoneClusterImpl-28cace78-0a78-4e79-977f-7388f85db52e/datanode-5/data/ratis/74118e49-b6bd-43d7-bdaf-a1a17f8d2f4d: flushIndex: setUnconditionally 0 -> -1
2019-07-14 06:48:34,256 INFO  server.RaftServerConfigKeys (ConfUtils.java:logGet(43)) - raft.server.snapshot.auto.trigger.enabled = true (custom)
2019-07-14 06:48:34,256 INFO  server.RaftServerConfigKeys (ConfUtils.java:logGet(43)) - raft.server.snapshot.auto.trigger.enabled = true (custom)
2019-07-14 06:48:34,256 INFO  server.RaftServerConfigKeys (ConfUtils.java:logGet(43)) - raft.server.snapshot.auto.trigger.threshold = 10000 (custom)
2019-07-14 06:48:34,257 INFO  server.RaftServerConfigKeys (ConfUtils.java:logGet(43)) - raft.server.snapshot.auto.trigger.threshold = 10000 (custom)
2019-07-14 06:48:34,257 INFO  server.RaftServerConfigKeys (ConfUtils.java:logGet(43)) - raft.server.retrycache.expirytime = 600000ms (custom)
2019-07-14 06:48:34,257 INFO  server.RaftServerConfigKeys (ConfUtils.java:logGet(43)) - raft.server.retrycache.expirytime = 600000ms (custom)
2019-07-14 06:48:34,257 INFO  impl.RaftServerImpl (RaftServerImpl.java:start(180)) - 55574485-6bdc-4d86-bde2-6ba126a5eb77: start group-A1A17F8D2F4D
2019-07-14 06:48:34,257 INFO  impl.RaftServerImpl (RaftServerImpl.java:start(180)) - f678f215-168e-48a8-8868-6d888d60d4cc: start group-A1A17F8D2F4D
2019-07-14 06:48:34,257 INFO  impl.RaftServerImpl (RaftServerImpl.java:setRole(171)) - 55574485-6bdc-4d86-bde2-6ba126a5eb77:group-A1A17F8D2F4D changes role from null to FOLLOWER at term 0 for startAsFollower
2019-07-14 06:48:34,257 INFO  impl.RaftServerImpl (RaftServerImpl.java:setRole(171)) - f678f215-168e-48a8-8868-6d888d60d4cc:group-A1A17F8D2F4D changes role from null to FOLLOWER at term 0 for startAsFollower
2019-07-14 06:48:34,258 INFO  impl.RoleInfo (RoleInfo.java:updateAndGet(143)) - f678f215-168e-48a8-8868-6d888d60d4cc: start FollowerState
2019-07-14 06:48:34,258 INFO  impl.RoleInfo (RoleInfo.java:updateAndGet(143)) - 55574485-6bdc-4d86-bde2-6ba126a5eb77: start FollowerState
2019-07-14 06:48:34,258 INFO  util.JmxRegister (JmxRegister.java:tryRegister(44)) - Successfully registered JMX Bean with object name Ratis:service=RaftServer,group=group-A1A17F8D2F4D,id=f678f215-168e-48a8-8868-6d888d60d4cc
2019-07-14 06:48:34,258 INFO  util.JmxRegister (JmxRegister.java:tryRegister(44)) - Successfully registered JMX Bean with object name Ratis:service=RaftServer,group=group-A1A17F8D2F4D,id=55574485-6bdc-4d86-bde2-6ba126a5eb77
2019-07-14 06:48:34,261 INFO  pipeline.PipelineStateManager (PipelineStateManager.java:addPipeline(56)) - Created pipeline Pipeline[ Id: 74118e49-b6bd-43d7-bdaf-a1a17f8d2f4d, Nodes: f678f215-168e-48a8-8868-6d888d60d4cc{ip: 192.168.5.144, host: trunk-nightly-8c95p-1540871953, networkLocation: /default-rack, certSerialId: null}55574485-6bdc-4d86-bde2-6ba126a5eb77{ip: 192.168.5.144, host: trunk-nightly-8c95p-1540871953, networkLocation: /default-rack, certSerialId: null}e6f5805a-28d3-4efa-b96d-17169aa81f08{ip: 192.168.5.144, host: trunk-nightly-8c95p-1540871953, networkLocation: /default-rack, certSerialId: null}, Type:RATIS, Factor:THREE, State:OPEN]
2019-07-14 06:48:34,327 INFO  ozone.MiniOzoneClusterImpl (MiniOzoneClusterImpl.java:lambda$waitForClusterToBeReady$0(142)) - Waiting for cluster to be ready. Got 6 of 7 DN Heartbeats.
2019-07-14 06:48:34,328 INFO  node.SCMNodeManager (SCMNodeManager.java:register(269)) - Registered Data node : 58c8c41f-92cb-4f94-b8d8-35b62c11031c{ip: 192.168.5.144, host: trunk-nightly-8c95p-1540871953, networkLocation: /default-rack, certSerialId: null}
2019-07-14 06:48:34,343 INFO  impl.RaftServerProxy (RaftServerProxy.java:addNew(89)) - 58c8c41f-92cb-4f94-b8d8-35b62c11031c: addNew group-28E922673E18:[58c8c41f-92cb-4f94-b8d8-35b62c11031c:192.168.5.144:39605] returns group-28E922673E18:java.util.concurrent.CompletableFuture@b96cd5f[Not completed]
2019-07-14 06:48:34,344 INFO  impl.RaftServerImpl (RaftServerImpl.java:<init>(93)) - 58c8c41f-92cb-4f94-b8d8-35b62c11031c: new RaftServerImpl for group-28E922673E18:[58c8c41f-92cb-4f94-b8d8-35b62c11031c:192.168.5.144:39605] with ContainerStateMachine:uninitialized
2019-07-14 06:48:34,344 INFO  server.RaftServerConfigKeys (ConfUtils.java:logGet(43)) - raft.server.rpc.timeout.min = 5s (custom)
2019-07-14 06:48:34,344 INFO  server.RaftServerConfigKeys (ConfUtils.java:logGet(43)) - raft.server.rpc.timeout.max = 5200ms (custom)
2019-07-14 06:48:34,344 INFO  server.RaftServerConfigKeys (ConfUtils.java:logGet(43)) - raft.server.rpcslowness.timeout = 120s (custom)
2019-07-14 06:48:34,344 INFO  server.RaftServerConfigKeys (ConfUtils.java:logGet(43)) - raft.server.sleep.deviation.threshold = 300 (default)
2019-07-14 06:48:34,344 INFO  server.RaftServerConfigKeys (ConfUtils.java:logGet(43)) - raft.server.log.appender.install.snapshot.enabled = false (custom)
2019-07-14 06:48:34,345 INFO  impl.RaftServerImpl (ServerState.java:<init>(105)) - 58c8c41f-92cb-4f94-b8d8-35b62c11031c:group-28E922673E18 ConfigurationManager, init=-1: [58c8c41f-92cb-4f94-b8d8-35b62c11031c:192.168.5.144:39605], old=null, confs=<EMPTY_MAP>
2019-07-14 06:48:34,345 INFO  server.RaftServerConfigKeys (ConfUtils.java:logGet(43)) - raft.server.storage.dir = [/tmp/workdir/hadoop-ozone/integration-test/target/test-dir/MiniOzoneClusterImpl-28cace78-0a78-4e79-977f-7388f85db52e/datanode-6/data/ratis] (custom)
2019-07-14 06:48:34,345 INFO  storage.RaftStorageDirectory (RaftStorageDirectory.java:analyzeStorage(246)) - The storage directory /tmp/workdir/hadoop-ozone/integration-test/target/test-dir/MiniOzoneClusterImpl-28cace78-0a78-4e79-977f-7388f85db52e/datanode-6/data/ratis/64620c36-c751-45bd-834c-28e922673e18 does not exist. Creating ...
2019-07-14 06:48:34,356 INFO  storage.RaftStorageDirectory (RaftStorageDirectory.java:tryLock(328)) - Lock on /tmp/workdir/hadoop-ozone/integration-test/target/test-dir/MiniOzoneClusterImpl-28cace78-0a78-4e79-977f-7388f85db52e/datanode-6/data/ratis/64620c36-c751-45bd-834c-28e922673e18/in_use.lock acquired by nodename 28347@trunk-nightly-8c95p-1540871953
2019-07-14 06:48:34,368 INFO  storage.RaftStorage (RaftStorage.java:format(72)) - Storage directory /tmp/workdir/hadoop-ozone/integration-test/target/test-dir/MiniOzoneClusterImpl-28cace78-0a78-4e79-977f-7388f85db52e/datanode-6/data/ratis/64620c36-c751-45bd-834c-28e922673e18 has been successfully formatted.
2019-07-14 06:48:34,368 INFO  ratis.ContainerStateMachine (ContainerStateMachine.java:loadSnapshot(200)) - group-28E922673E18: The snapshot info is null. Setting the last applied indexto:(t:0, i:~)
2019-07-14 06:48:34,368 INFO  server.RaftServerConfigKeys (ConfUtils.java:logGet(43)) - raft.server.leader.election.timeout = 120s (custom)
2019-07-14 06:48:34,368 INFO  server.RaftServerConfigKeys (ConfUtils.java:logGet(43)) - raft.server.log.use.memory = false (default)
2019-07-14 06:48:34,368 INFO  server.RaftServerConfigKeys (ConfUtils.java:logGet(43)) - raft.server.log.purge.gap = 1000000000 (custom)
2019-07-14 06:48:34,369 INFO  server.RaftServerConfigKeys (ConfUtils.java:logGet(43)) - raft.server.log.appender.buffer.byte-limit = 33554432 (custom)
2019-07-14 06:48:34,369 INFO  server.RaftServerConfigKeys (ConfUtils.java:logGet(43)) - raft.server.log.segment.size.max = 1048576 (custom)
2019-07-14 06:48:34,369 INFO  server.RaftServerConfigKeys (ConfUtils.java:logGet(43)) - raft.server.log.segment.cache.num.max = 2 (custom)
2019-07-14 06:48:34,369 INFO  segmented.SegmentedRaftLogWorker (SegmentedRaftLogWorker.java:<init>(172)) - new 58c8c41f-92cb-4f94-b8d8-35b62c11031c-SegmentedRaftLogWorker:Storage Directory /tmp/workdir/hadoop-ozone/integration-test/target/test-dir/MiniOzoneClusterImpl-28cace78-0a78-4e79-977f-7388f85db52e/datanode-6/data/ratis/64620c36-c751-45bd-834c-28e922673e18 for RaftStorage:Storage Directory /tmp/workdir/hadoop-ozone/integration-test/target/test-dir/MiniOzoneClusterImpl-28cace78-0a78-4e79-977f-7388f85db52e/datanode-6/data/ratis/64620c36-c751-45bd-834c-28e922673e18
2019-07-14 06:48:34,369 INFO  server.RaftServerConfigKeys (ConfUtils.java:logGet(43)) - raft.server.log.queue.byte-limit = 2147483647 (custom)
2019-07-14 06:48:34,369 INFO  server.RaftServerConfigKeys (ConfUtils.java:logGet(43)) - raft.server.log.queue.element-limit = 1024 (custom)
2019-07-14 06:48:34,370 INFO  server.RaftServerConfigKeys (ConfUtils.java:logGet(43)) - raft.server.log.segment.size.max = 1048576 (custom)
2019-07-14 06:48:34,370 INFO  server.RaftServerConfigKeys (ConfUtils.java:logGet(43)) - raft.server.log.preallocated.size = 16384 (custom)
2019-07-14 06:48:34,370 INFO  server.RaftServerConfigKeys (ConfUtils.java:logGet(43)) - raft.server.log.write.buffer.size = 33554432 (custom)
2019-07-14 06:48:34,370 INFO  server.RaftServerConfigKeys (ConfUtils.java:logGet(43)) - raft.server.log.force.sync.num = 128 (default)
2019-07-14 06:48:34,370 INFO  server.RaftServerConfigKeys (ConfUtils.java:logGet(43)) - raft.server.log.statemachine.data.sync = true (default)
2019-07-14 06:48:34,370 INFO  server.RaftServerConfigKeys (ConfUtils.java:logGet(43)) - raft.server.log.statemachine.data.sync.timeout = 10s (default)
2019-07-14 06:48:34,370 INFO  server.RaftServerConfigKeys (ConfUtils.java:logGet(43)) - raft.server.log.statemachine.data.sync.timeout.retry = -1 (default)
2019-07-14 06:48:34,371 INFO  server.RaftServerConfigKeys (ConfUtils.java:logGet(43)) - raft.server.log.statemachine.data.caching.enabled = true (custom)
2019-07-14 06:48:34,371 INFO  segmented.SegmentedRaftLogWorker (SegmentedRaftLogWorker.java:lambda$new$0(132)) - 58c8c41f-92cb-4f94-b8d8-35b62c11031c-SegmentedRaftLogWorker:Storage Directory /tmp/workdir/hadoop-ozone/integration-test/target/test-dir/MiniOzoneClusterImpl-28cace78-0a78-4e79-977f-7388f85db52e/datanode-6/data/ratis/64620c36-c751-45bd-834c-28e922673e18: flushIndex: setUnconditionally 0 -> -1
2019-07-14 06:48:34,371 INFO  server.RaftServerConfigKeys (ConfUtils.java:logGet(43)) - raft.server.snapshot.auto.trigger.enabled = true (custom)
2019-07-14 06:48:34,372 INFO  server.RaftServerConfigKeys (ConfUtils.java:logGet(43)) - raft.server.snapshot.auto.trigger.threshold = 10000 (custom)
2019-07-14 06:48:34,372 INFO  server.RaftServerConfigKeys (ConfUtils.java:logGet(43)) - raft.server.retrycache.expirytime = 600000ms (custom)
2019-07-14 06:48:34,372 INFO  impl.RaftServerImpl (RaftServerImpl.java:start(180)) - 58c8c41f-92cb-4f94-b8d8-35b62c11031c: start group-28E922673E18
2019-07-14 06:48:34,372 INFO  impl.RaftServerImpl (RaftServerImpl.java:setRole(171)) - 58c8c41f-92cb-4f94-b8d8-35b62c11031c:group-28E922673E18 changes role from null to FOLLOWER at term 0 for startAsFollower
2019-07-14 06:48:34,372 INFO  impl.RoleInfo (RoleInfo.java:updateAndGet(143)) - 58c8c41f-92cb-4f94-b8d8-35b62c11031c: start FollowerState
2019-07-14 06:48:34,373 INFO  util.JmxRegister (JmxRegister.java:tryRegister(44)) - Successfully registered JMX Bean with object name Ratis:service=RaftServer,group=group-28E922673E18,id=58c8c41f-92cb-4f94-b8d8-35b62c11031c
2019-07-14 06:48:34,375 INFO  pipeline.PipelineStateManager (PipelineStateManager.java:addPipeline(56)) - Created pipeline Pipeline[ Id: 64620c36-c751-45bd-834c-28e922673e18, Nodes: 58c8c41f-92cb-4f94-b8d8-35b62c11031c{ip: 192.168.5.144, host: trunk-nightly-8c95p-1540871953, networkLocation: /default-rack, certSerialId: null}, Type:RATIS, Factor:ONE, State:OPEN]
2019-07-14 06:48:34,384 WARN  server.GrpcLogAppender (LogUtils.java:warn(134)) - 5fa73f57-633f-4a9e-be98-152ac70662dd->0600c2b4-e1a3-427a-9fdb-084c61ff69c5: Failed appendEntries: org.apache.ratis.thirdparty.io.grpc.StatusRuntimeException: UNAVAILABLE: io exception
2019-07-14 06:48:34,384 WARN  server.GrpcLogAppender (LogUtils.java:warn(134)) - 5fa73f57-633f-4a9e-be98-152ac70662dd->d1bc6e12-59df-498f-9de7-253310cec742: Failed appendEntries: org.apache.ratis.thirdparty.io.grpc.StatusRuntimeException: UNAVAILABLE: io exception
2019-07-14 06:48:34,385 INFO  impl.FollowerInfo (FollowerInfo.java:lambda$new$0(50)) - 5fa73f57-633f-4a9e-be98-152ac70662dd->0600c2b4-e1a3-427a-9fdb-084c61ff69c5: nextIndex: updateUnconditionally 0 -> 0
2019-07-14 06:48:34,385 INFO  impl.FollowerInfo (FollowerInfo.java:lambda$new$0(50)) - 5fa73f57-633f-4a9e-be98-152ac70662dd->d1bc6e12-59df-498f-9de7-253310cec742: nextIndex: updateUnconditionally 0 -> 0
2019-07-14 06:48:34,393 WARN  server.GrpcLogAppender (LogUtils.java:warn(134)) - 3241ab05-47cd-4c48-9fea-5ddbdbaeef39->a1305044-e17b-4b59-833a-89d8bcd36db1: Failed appendEntries: org.apache.ratis.thirdparty.io.grpc.StatusRuntimeException: UNAVAILABLE: io exception
2019-07-14 06:48:34,393 WARN  server.GrpcLogAppender (LogUtils.java:warn(134)) - 3241ab05-47cd-4c48-9fea-5ddbdbaeef39->2fef8973-174d-48d8-963e-54cf9187de8a: Failed appendEntries: org.apache.ratis.thirdparty.io.grpc.StatusRuntimeException: UNAVAILABLE: io exception
2019-07-14 06:48:34,394 INFO  impl.FollowerInfo (FollowerInfo.java:lambda$new$0(50)) - 3241ab05-47cd-4c48-9fea-5ddbdbaeef39->a1305044-e17b-4b59-833a-89d8bcd36db1: nextIndex: updateUnconditionally 0 -> 0
2019-07-14 06:48:34,394 INFO  impl.FollowerInfo (FollowerInfo.java:lambda$new$0(50)) - 3241ab05-47cd-4c48-9fea-5ddbdbaeef39->2fef8973-174d-48d8-963e-54cf9187de8a: nextIndex: updateUnconditionally 0 -> 0
2019-07-14 06:48:35,328 INFO  ozone.MiniOzoneClusterImpl (MiniOzoneClusterImpl.java:lambda$waitForClusterToBeReady$0(142)) - Cluster is ready. Got 7 of 7 DN Heartbeats.
2019-07-14 06:48:35,397 INFO  rpc.RpcClient (RpcClient.java:createVolume(287)) - Creating Volume: watchforcommithandlingtest, with jenkins1000 as owner.
2019-07-14 06:48:35,429 INFO  rpc.RpcClient (RpcClient.java:createBucket(424)) - Creating Bucket: watchforcommithandlingtest/watchforcommithandlingtest, with Versioning false and Storage Type set to DISK and Encryption set to false 
2019-07-14 06:48:35,436 INFO  ozone.MiniOzoneClusterImpl (MiniOzoneClusterImpl.java:getStorageContainerLocationClient(241)) - Creating StorageContainerLocationProtocol RPC client with address /0.0.0.0:42953
2019-07-14 06:48:35,461 INFO  client.GrpcClientProtocolClient (GrpcClientProtocolClient.java:onNext(255)) - client-493D30CD920F->54c5adbd-b69f-4eff-96a5-7b751c858806: receive RaftClientReply:client-493D30CD920F->54c5adbd-b69f-4eff-96a5-7b751c858806@group-2934EFD0A74F, cid=106, FAILED org.apache.ratis.protocol.NotLeaderException: Server 54c5adbd-b69f-4eff-96a5-7b751c858806 is not the leader (null). Request must be sent to leader., logIndex=0, commits[54c5adbd-b69f-4eff-96a5-7b751c858806:c-1]
2019-07-14 06:48:35,741 INFO  container.ReplicationManager (ReplicationManager.java:start(155)) - Starting Replication Monitor Thread.
2019-07-14 06:48:35,752 INFO  container.ReplicationManager (ReplicationManager.java:run(207)) - Replication Monitor Thread took 0 milliseconds for processing 1 containers.
2019-07-14 06:48:36,500 INFO  client.GrpcClientProtocolClient (GrpcClientProtocolClient.java:onNext(255)) - client-493D30CD920F->fb6742ca-e1a8-43be-aadc-3c88f64884b8: receive RaftClientReply:client-493D30CD920F->fb6742ca-e1a8-43be-aadc-3c88f64884b8@group-2934EFD0A74F, cid=106, FAILED org.apache.ratis.protocol.NotLeaderException: Server fb6742ca-e1a8-43be-aadc-3c88f64884b8 is not the leader (null). Request must be sent to leader., logIndex=0, commits[fb6742ca-e1a8-43be-aadc-3c88f64884b8:c-1]
2019-07-14 06:48:36,885 WARN  server.GrpcLogAppender (LogUtils.java:warn(134)) - 5fa73f57-633f-4a9e-be98-152ac70662dd->0600c2b4-e1a3-427a-9fdb-084c61ff69c5: Failed appendEntries: org.apache.ratis.thirdparty.io.grpc.StatusRuntimeException: UNAVAILABLE: io exception
2019-07-14 06:48:36,886 WARN  server.GrpcLogAppender (LogUtils.java:warn(134)) - 5fa73f57-633f-4a9e-be98-152ac70662dd->d1bc6e12-59df-498f-9de7-253310cec742: Failed appendEntries: org.apache.ratis.thirdparty.io.grpc.StatusRuntimeException: UNAVAILABLE: io exception
2019-07-14 06:48:36,886 INFO  impl.FollowerInfo (FollowerInfo.java:lambda$new$0(50)) - 5fa73f57-633f-4a9e-be98-152ac70662dd->0600c2b4-e1a3-427a-9fdb-084c61ff69c5: nextIndex: updateUnconditionally 0 -> 0
2019-07-14 06:48:36,886 INFO  impl.FollowerInfo (FollowerInfo.java:lambda$new$0(50)) - 5fa73f57-633f-4a9e-be98-152ac70662dd->d1bc6e12-59df-498f-9de7-253310cec742: nextIndex: updateUnconditionally 0 -> 0
2019-07-14 06:48:36,894 WARN  server.GrpcLogAppender (LogUtils.java:warn(134)) - 3241ab05-47cd-4c48-9fea-5ddbdbaeef39->a1305044-e17b-4b59-833a-89d8bcd36db1: Failed appendEntries: org.apache.ratis.thirdparty.io.grpc.StatusRuntimeException: UNAVAILABLE: io exception
2019-07-14 06:48:36,894 WARN  server.GrpcLogAppender (LogUtils.java:warn(134)) - 3241ab05-47cd-4c48-9fea-5ddbdbaeef39->2fef8973-174d-48d8-963e-54cf9187de8a: Failed appendEntries: org.apache.ratis.thirdparty.io.grpc.StatusRuntimeException: UNAVAILABLE: io exception
2019-07-14 06:48:36,895 INFO  impl.FollowerInfo (FollowerInfo.java:lambda$new$0(50)) - 3241ab05-47cd-4c48-9fea-5ddbdbaeef39->a1305044-e17b-4b59-833a-89d8bcd36db1: nextIndex: updateUnconditionally 0 -> 0
2019-07-14 06:48:36,895 INFO  impl.FollowerInfo (FollowerInfo.java:lambda$new$0(50)) - 3241ab05-47cd-4c48-9fea-5ddbdbaeef39->2fef8973-174d-48d8-963e-54cf9187de8a: nextIndex: updateUnconditionally 0 -> 0
2019-07-14 06:48:37,531 INFO  client.GrpcClientProtocolClient (GrpcClientProtocolClient.java:onNext(255)) - client-493D30CD920F->9c852160-5e24-424f-84b3-d45afdc6000d: receive RaftClientReply:client-493D30CD920F->9c852160-5e24-424f-84b3-d45afdc6000d@group-2934EFD0A74F, cid=106, FAILED org.apache.ratis.protocol.NotLeaderException: Server 9c852160-5e24-424f-84b3-d45afdc6000d is not the leader (null). Request must be sent to leader., logIndex=0, commits[9c852160-5e24-424f-84b3-d45afdc6000d:c-1]
2019-07-14 06:48:37,805 INFO  impl.FollowerState (FollowerState.java:run(106)) - 54c5adbd-b69f-4eff-96a5-7b751c858806:group-31F51494F22E changes to CANDIDATE, lastRpcTime:5029, electionTimeout:5029ms
2019-07-14 06:48:37,806 INFO  impl.RoleInfo (RoleInfo.java:shutdownFollowerState(121)) - 54c5adbd-b69f-4eff-96a5-7b751c858806: shutdown FollowerState
2019-07-14 06:48:37,806 INFO  impl.RaftServerImpl (RaftServerImpl.java:setRole(171)) - 54c5adbd-b69f-4eff-96a5-7b751c858806:group-31F51494F22E changes role from FOLLOWER to CANDIDATE at term 0 for changeToCandidate
2019-07-14 06:48:37,806 INFO  impl.RoleInfo (RoleInfo.java:updateAndGet(143)) - 54c5adbd-b69f-4eff-96a5-7b751c858806: start LeaderElection
2019-07-14 06:48:37,842 INFO  impl.LeaderElection (LeaderElection.java:askForVotes(181)) - 54c5adbd-b69f-4eff-96a5-7b751c858806:group-31F51494F22E:LeaderElection53: begin an election at term 1 for -1: [54c5adbd-b69f-4eff-96a5-7b751c858806:192.168.5.144:39741], old=null
2019-07-14 06:48:37,842 INFO  impl.RoleInfo (RoleInfo.java:shutdownLeaderElection(134)) - 54c5adbd-b69f-4eff-96a5-7b751c858806: shutdown LeaderElection
2019-07-14 06:48:37,842 INFO  impl.RaftServerImpl (RaftServerImpl.java:setRole(171)) - 54c5adbd-b69f-4eff-96a5-7b751c858806:group-31F51494F22E changes role from CANDIDATE to LEADER at term 1 for changeToLeader
2019-07-14 06:48:37,843 INFO  impl.RaftServerImpl (ServerState.java:setLeader(263)) - 54c5adbd-b69f-4eff-96a5-7b751c858806:group-31F51494F22E change Leader from null to 54c5adbd-b69f-4eff-96a5-7b751c858806 at term 1 for becomeLeader, leader elected after 5070ms
2019-07-14 06:48:37,843 INFO  server.RaftServerConfigKeys (ConfUtils.java:logGet(43)) - raft.server.staging.catchup.gap = 1000 (default)
2019-07-14 06:48:37,843 INFO  server.RaftServerConfigKeys (ConfUtils.java:logGet(43)) - raft.server.rpc.sleep.time = 25ms (default)
2019-07-14 06:48:37,843 INFO  server.RaftServerConfigKeys (ConfUtils.java:logGet(43)) - raft.server.write.element-limit = 4096 (default)
2019-07-14 06:48:37,844 INFO  server.RaftServerConfigKeys (ConfUtils.java:logGet(43)) - raft.server.watch.timeout = 10s (default)
2019-07-14 06:48:37,844 INFO  server.RaftServerConfigKeys (ConfUtils.java:logGet(43)) - raft.server.watch.timeout.denomination = 1s (default)
2019-07-14 06:48:37,844 INFO  server.RaftServerConfigKeys (ConfUtils.java:logGet(43)) - raft.server.watch.element-limit = 65536 (default)
2019-07-14 06:48:37,845 INFO  impl.RoleInfo (RoleInfo.java:updateAndGet(143)) - 54c5adbd-b69f-4eff-96a5-7b751c858806: start LeaderState
2019-07-14 06:48:37,845 INFO  segmented.SegmentedRaftLogWorker (SegmentedRaftLogWorker.java:startLogSegment(380)) - 54c5adbd-b69f-4eff-96a5-7b751c858806-SegmentedRaftLogWorker:Storage Directory /tmp/workdir/hadoop-ozone/integration-test/target/test-dir/MiniOzoneClusterImpl-28cace78-0a78-4e79-977f-7388f85db52e/datanode-0/data/ratis/1897f0b8-4e60-4952-a17e-31f51494f22e: Starting segment from index:0
2019-07-14 06:48:37,846 INFO  impl.RaftServerImpl (ServerState.java:setRaftConf(361)) - 54c5adbd-b69f-4eff-96a5-7b751c858806:group-31F51494F22E set configuration 0: [54c5adbd-b69f-4eff-96a5-7b751c858806:192.168.5.144:39741], old=null at 0
2019-07-14 06:48:37,874 INFO  segmented.SegmentedRaftLogWorker (SegmentedRaftLogWorker.java:execute(569)) - 54c5adbd-b69f-4eff-96a5-7b751c858806-SegmentedRaftLogWorker:Storage Directory /tmp/workdir/hadoop-ozone/integration-test/target/test-dir/MiniOzoneClusterImpl-28cace78-0a78-4e79-977f-7388f85db52e/datanode-0/data/ratis/1897f0b8-4e60-4952-a17e-31f51494f22e: created new log segment /tmp/workdir/hadoop-ozone/integration-test/target/test-dir/MiniOzoneClusterImpl-28cace78-0a78-4e79-977f-7388f85db52e/datanode-0/data/ratis/1897f0b8-4e60-4952-a17e-31f51494f22e/current/log_inprogress_0
2019-07-14 06:48:38,002 INFO  impl.FollowerState (FollowerState.java:run(106)) - 9c852160-5e24-424f-84b3-d45afdc6000d:group-8ADC8D9EB5B6 changes to CANDIDATE, lastRpcTime:5026, electionTimeout:5018ms
2019-07-14 06:48:38,002 INFO  impl.RoleInfo (RoleInfo.java:shutdownFollowerState(121)) - 9c852160-5e24-424f-84b3-d45afdc6000d: shutdown FollowerState
2019-07-14 06:48:38,002 INFO  impl.RaftServerImpl (RaftServerImpl.java:setRole(171)) - 9c852160-5e24-424f-84b3-d45afdc6000d:group-8ADC8D9EB5B6 changes role from FOLLOWER to CANDIDATE at term 0 for changeToCandidate
2019-07-14 06:48:38,003 INFO  impl.RoleInfo (RoleInfo.java:updateAndGet(143)) - 9c852160-5e24-424f-84b3-d45afdc6000d: start LeaderElection
2019-07-14 06:48:38,015 INFO  impl.LeaderElection (LeaderElection.java:askForVotes(181)) - 9c852160-5e24-424f-84b3-d45afdc6000d:group-8ADC8D9EB5B6:LeaderElection54: begin an election at term 1 for -1: [9c852160-5e24-424f-84b3-d45afdc6000d:192.168.5.144:42656], old=null
2019-07-14 06:48:38,015 INFO  impl.RoleInfo (RoleInfo.java:shutdownLeaderElection(134)) - 9c852160-5e24-424f-84b3-d45afdc6000d: shutdown LeaderElection
2019-07-14 06:48:38,016 INFO  impl.RaftServerImpl (RaftServerImpl.java:setRole(171)) - 9c852160-5e24-424f-84b3-d45afdc6000d:group-8ADC8D9EB5B6 changes role from CANDIDATE to LEADER at term 1 for changeToLeader
2019-07-14 06:48:38,016 INFO  impl.RaftServerImpl (ServerState.java:setLeader(263)) - 9c852160-5e24-424f-84b3-d45afdc6000d:group-8ADC8D9EB5B6 change Leader from null to 9c852160-5e24-424f-84b3-d45afdc6000d at term 1 for becomeLeader, leader elected after 5043ms
2019-07-14 06:48:38,016 INFO  server.RaftServerConfigKeys (ConfUtils.java:logGet(43)) - raft.server.staging.catchup.gap = 1000 (default)
2019-07-14 06:48:38,016 INFO  server.RaftServerConfigKeys (ConfUtils.java:logGet(43)) - raft.server.rpc.sleep.time = 25ms (default)
2019-07-14 06:48:38,016 INFO  server.RaftServerConfigKeys (ConfUtils.java:logGet(43)) - raft.server.write.element-limit = 4096 (default)
2019-07-14 06:48:38,016 INFO  server.RaftServerConfigKeys (ConfUtils.java:logGet(43)) - raft.server.watch.timeout = 10s (default)
2019-07-14 06:48:38,016 INFO  server.RaftServerConfigKeys (ConfUtils.java:logGet(43)) - raft.server.watch.timeout.denomination = 1s (default)
2019-07-14 06:48:38,017 INFO  server.RaftServerConfigKeys (ConfUtils.java:logGet(43)) - raft.server.watch.element-limit = 65536 (default)
2019-07-14 06:48:38,017 INFO  impl.RoleInfo (RoleInfo.java:updateAndGet(143)) - 9c852160-5e24-424f-84b3-d45afdc6000d: start LeaderState
2019-07-14 06:48:38,017 INFO  segmented.SegmentedRaftLogWorker (SegmentedRaftLogWorker.java:startLogSegment(380)) - 9c852160-5e24-424f-84b3-d45afdc6000d-SegmentedRaftLogWorker:Storage Directory /tmp/workdir/hadoop-ozone/integration-test/target/test-dir/MiniOzoneClusterImpl-28cace78-0a78-4e79-977f-7388f85db52e/datanode-1/data/ratis/0153f5ac-6bec-4862-a539-8adc8d9eb5b6: Starting segment from index:0
2019-07-14 06:48:38,018 INFO  impl.RaftServerImpl (ServerState.java:setRaftConf(361)) - 9c852160-5e24-424f-84b3-d45afdc6000d:group-8ADC8D9EB5B6 set configuration 0: [9c852160-5e24-424f-84b3-d45afdc6000d:192.168.5.144:42656], old=null at 0
2019-07-14 06:48:38,055 INFO  segmented.SegmentedRaftLogWorker (SegmentedRaftLogWorker.java:execute(569)) - 9c852160-5e24-424f-84b3-d45afdc6000d-SegmentedRaftLogWorker:Storage Directory /tmp/workdir/hadoop-ozone/integration-test/target/test-dir/MiniOzoneClusterImpl-28cace78-0a78-4e79-977f-7388f85db52e/datanode-1/data/ratis/0153f5ac-6bec-4862-a539-8adc8d9eb5b6: created new log segment /tmp/workdir/hadoop-ozone/integration-test/target/test-dir/MiniOzoneClusterImpl-28cace78-0a78-4e79-977f-7388f85db52e/datanode-1/data/ratis/0153f5ac-6bec-4862-a539-8adc8d9eb5b6/current/log_inprogress_0
2019-07-14 06:48:38,400 INFO  impl.FollowerState (FollowerState.java:run(106)) - 54c5adbd-b69f-4eff-96a5-7b751c858806:group-2934EFD0A74F changes to CANDIDATE, lastRpcTime:5052, electionTimeout:5052ms
2019-07-14 06:48:38,400 INFO  impl.RoleInfo (RoleInfo.java:shutdownFollowerState(121)) - 54c5adbd-b69f-4eff-96a5-7b751c858806: shutdown FollowerState
2019-07-14 06:48:38,400 INFO  impl.RaftServerImpl (RaftServerImpl.java:setRole(171)) - 54c5adbd-b69f-4eff-96a5-7b751c858806:group-2934EFD0A74F changes role from FOLLOWER to CANDIDATE at term 0 for changeToCandidate
2019-07-14 06:48:38,400 INFO  impl.RoleInfo (RoleInfo.java:updateAndGet(143)) - 54c5adbd-b69f-4eff-96a5-7b751c858806: start LeaderElection
2019-07-14 06:48:38,455 INFO  impl.FollowerState (FollowerState.java:run(106)) - fb6742ca-e1a8-43be-aadc-3c88f64884b8:group-50AED38328B3 changes to CANDIDATE, lastRpcTime:5187, electionTimeout:5183ms
2019-07-14 06:48:38,455 INFO  impl.RoleInfo (RoleInfo.java:shutdownFollowerState(121)) - fb6742ca-e1a8-43be-aadc-3c88f64884b8: shutdown FollowerState
2019-07-14 06:48:38,455 INFO  impl.RaftServerImpl (RaftServerImpl.java:setRole(171)) - fb6742ca-e1a8-43be-aadc-3c88f64884b8:group-50AED38328B3 changes role from FOLLOWER to CANDIDATE at term 0 for changeToCandidate
2019-07-14 06:48:38,456 INFO  impl.RoleInfo (RoleInfo.java:updateAndGet(143)) - fb6742ca-e1a8-43be-aadc-3c88f64884b8: start LeaderElection
2019-07-14 06:48:38,465 INFO  impl.FollowerState (FollowerState.java:run(106)) - 9c852160-5e24-424f-84b3-d45afdc6000d:group-2934EFD0A74F changes to CANDIDATE, lastRpcTime:5120, electionTimeout:5078ms
2019-07-14 06:48:38,466 INFO  impl.RoleInfo (RoleInfo.java:shutdownFollowerState(121)) - 9c852160-5e24-424f-84b3-d45afdc6000d: shutdown FollowerState
2019-07-14 06:48:38,466 INFO  impl.RaftServerImpl (RaftServerImpl.java:setRole(171)) - 9c852160-5e24-424f-84b3-d45afdc6000d:group-2934EFD0A74F changes role from FOLLOWER to CANDIDATE at term 0 for changeToCandidate
2019-07-14 06:48:38,466 INFO  impl.RoleInfo (RoleInfo.java:updateAndGet(143)) - 9c852160-5e24-424f-84b3-d45afdc6000d: start LeaderElection
2019-07-14 06:48:38,487 INFO  impl.LeaderElection (LeaderElection.java:askForVotes(181)) - 54c5adbd-b69f-4eff-96a5-7b751c858806:group-2934EFD0A74F:LeaderElection55: begin an election at term 1 for -1: [9c852160-5e24-424f-84b3-d45afdc6000d:192.168.5.144:42656, 54c5adbd-b69f-4eff-96a5-7b751c858806:192.168.5.144:39741, fb6742ca-e1a8-43be-aadc-3c88f64884b8:192.168.5.144:40057], old=null
2019-07-14 06:48:38,487 INFO  impl.LeaderElection (LeaderElection.java:askForVotes(181)) - fb6742ca-e1a8-43be-aadc-3c88f64884b8:group-50AED38328B3:LeaderElection56: begin an election at term 1 for -1: [fb6742ca-e1a8-43be-aadc-3c88f64884b8:192.168.5.144:40057], old=null
2019-07-14 06:48:38,488 INFO  impl.LeaderElection (LeaderElection.java:askForVotes(181)) - 9c852160-5e24-424f-84b3-d45afdc6000d:group-2934EFD0A74F:LeaderElection57: begin an election at term 1 for -1: [9c852160-5e24-424f-84b3-d45afdc6000d:192.168.5.144:42656, 54c5adbd-b69f-4eff-96a5-7b751c858806:192.168.5.144:39741, fb6742ca-e1a8-43be-aadc-3c88f64884b8:192.168.5.144:40057], old=null
2019-07-14 06:48:38,488 INFO  impl.RoleInfo (RoleInfo.java:shutdownLeaderElection(134)) - fb6742ca-e1a8-43be-aadc-3c88f64884b8: shutdown LeaderElection
2019-07-14 06:48:38,488 INFO  impl.RaftServerImpl (RaftServerImpl.java:setRole(171)) - fb6742ca-e1a8-43be-aadc-3c88f64884b8:group-50AED38328B3 changes role from CANDIDATE to LEADER at term 1 for changeToLeader
2019-07-14 06:48:38,488 INFO  impl.RaftServerImpl (ServerState.java:setLeader(263)) - fb6742ca-e1a8-43be-aadc-3c88f64884b8:group-50AED38328B3 change Leader from null to fb6742ca-e1a8-43be-aadc-3c88f64884b8 at term 1 for becomeLeader, leader elected after 5224ms
2019-07-14 06:48:38,488 INFO  server.RaftServerConfigKeys (ConfUtils.java:logGet(43)) - raft.server.staging.catchup.gap = 1000 (default)
2019-07-14 06:48:38,488 INFO  server.RaftServerConfigKeys (ConfUtils.java:logGet(43)) - raft.server.rpc.sleep.time = 25ms (default)
2019-07-14 06:48:38,489 INFO  server.RaftServerConfigKeys (ConfUtils.java:logGet(43)) - raft.server.write.element-limit = 4096 (default)
2019-07-14 06:48:38,489 INFO  server.RaftServerConfigKeys (ConfUtils.java:logGet(43)) - raft.server.watch.timeout = 10s (default)
2019-07-14 06:48:38,489 INFO  server.RaftServerConfigKeys (ConfUtils.java:logGet(43)) - raft.server.watch.timeout.denomination = 1s (default)
2019-07-14 06:48:38,489 INFO  server.RaftServerConfigKeys (ConfUtils.java:logGet(43)) - raft.server.watch.element-limit = 65536 (default)
2019-07-14 06:48:38,489 INFO  impl.RoleInfo (RoleInfo.java:updateAndGet(143)) - fb6742ca-e1a8-43be-aadc-3c88f64884b8: start LeaderState
2019-07-14 06:48:38,489 INFO  segmented.SegmentedRaftLogWorker (SegmentedRaftLogWorker.java:startLogSegment(380)) - fb6742ca-e1a8-43be-aadc-3c88f64884b8-SegmentedRaftLogWorker:Storage Directory /tmp/workdir/hadoop-ozone/integration-test/target/test-dir/MiniOzoneClusterImpl-28cace78-0a78-4e79-977f-7388f85db52e/datanode-2/data/ratis/bb710d21-dfc7-4ce6-8b97-50aed38328b3: Starting segment from index:0
2019-07-14 06:48:38,490 INFO  impl.RaftServerImpl (ServerState.java:setRaftConf(361)) - fb6742ca-e1a8-43be-aadc-3c88f64884b8:group-50AED38328B3 set configuration 0: [fb6742ca-e1a8-43be-aadc-3c88f64884b8:192.168.5.144:40057], old=null at 0
2019-07-14 06:48:38,493 INFO  impl.RaftServerImpl (RaftServerImpl.java:setRole(171)) - fb6742ca-e1a8-43be-aadc-3c88f64884b8:group-2934EFD0A74F changes role from FOLLOWER to FOLLOWER at term 1 for recognizeCandidate:54c5adbd-b69f-4eff-96a5-7b751c858806
2019-07-14 06:48:38,493 INFO  impl.RoleInfo (RoleInfo.java:shutdownFollowerState(121)) - fb6742ca-e1a8-43be-aadc-3c88f64884b8: shutdown FollowerState
2019-07-14 06:48:38,493 INFO  impl.RoleInfo (RoleInfo.java:updateAndGet(143)) - fb6742ca-e1a8-43be-aadc-3c88f64884b8: start FollowerState
2019-07-14 06:48:38,493 INFO  impl.FollowerState (FollowerState.java:run(114)) - fb6742ca-e1a8-43be-aadc-3c88f64884b8: FollowerState was interrupted: java.lang.InterruptedException: sleep interrupted
2019-07-14 06:48:38,499 INFO  impl.LeaderElection (LeaderElection.java:logAndReturn(56)) - 54c5adbd-b69f-4eff-96a5-7b751c858806:group-2934EFD0A74F:LeaderElection55: Election PASSED; received 2 response(s) [54c5adbd-b69f-4eff-96a5-7b751c858806<-9c852160-5e24-424f-84b3-d45afdc6000d#0:FAIL-t1, 54c5adbd-b69f-4eff-96a5-7b751c858806<-fb6742ca-e1a8-43be-aadc-3c88f64884b8#0:OK-t1] and 0 exception(s); 54c5adbd-b69f-4eff-96a5-7b751c858806:t1, leader=null, voted=54c5adbd-b69f-4eff-96a5-7b751c858806, raftlog=54c5adbd-b69f-4eff-96a5-7b751c858806-SegmentedRaftLog:OPENED:c-1,f-1,i0, conf=-1: [9c852160-5e24-424f-84b3-d45afdc6000d:192.168.5.144:42656, 54c5adbd-b69f-4eff-96a5-7b751c858806:192.168.5.144:39741, fb6742ca-e1a8-43be-aadc-3c88f64884b8:192.168.5.144:40057], old=null
2019-07-14 06:48:38,499 INFO  impl.LeaderElection (LeaderElection.java:logAndReturn(56)) - 9c852160-5e24-424f-84b3-d45afdc6000d:group-2934EFD0A74F:LeaderElection57: Election REJECTED; received 2 response(s) [9c852160-5e24-424f-84b3-d45afdc6000d<-54c5adbd-b69f-4eff-96a5-7b751c858806#0:FAIL-t1, 9c852160-5e24-424f-84b3-d45afdc6000d<-fb6742ca-e1a8-43be-aadc-3c88f64884b8#0:FAIL-t1] and 0 exception(s); 9c852160-5e24-424f-84b3-d45afdc6000d:t1, leader=null, voted=9c852160-5e24-424f-84b3-d45afdc6000d, raftlog=9c852160-5e24-424f-84b3-d45afdc6000d-SegmentedRaftLog:OPENED:c-1,f-1,i0, conf=-1: [9c852160-5e24-424f-84b3-d45afdc6000d:192.168.5.144:42656, 54c5adbd-b69f-4eff-96a5-7b751c858806:192.168.5.144:39741, fb6742ca-e1a8-43be-aadc-3c88f64884b8:192.168.5.144:40057], old=null
2019-07-14 06:48:38,499 INFO  impl.RoleInfo (RoleInfo.java:shutdownLeaderElection(134)) - 54c5adbd-b69f-4eff-96a5-7b751c858806: shutdown LeaderElection
2019-07-14 06:48:38,499 INFO  impl.RaftServerImpl (RaftServerImpl.java:setRole(171)) - 9c852160-5e24-424f-84b3-d45afdc6000d:group-2934EFD0A74F changes role from CANDIDATE to FOLLOWER at term 1 for DISCOVERED_A_NEW_TERM
2019-07-14 06:48:38,499 INFO  impl.RaftServerImpl (RaftServerImpl.java:setRole(171)) - 54c5adbd-b69f-4eff-96a5-7b751c858806:group-2934EFD0A74F changes role from CANDIDATE to LEADER at term 1 for changeToLeader
2019-07-14 06:48:38,499 INFO  impl.RoleInfo (RoleInfo.java:shutdownLeaderElection(134)) - 9c852160-5e24-424f-84b3-d45afdc6000d: shutdown LeaderElection
2019-07-14 06:48:38,499 INFO  impl.RaftServerImpl (ServerState.java:setLeader(263)) - 54c5adbd-b69f-4eff-96a5-7b751c858806:group-2934EFD0A74F change Leader from null to 54c5adbd-b69f-4eff-96a5-7b751c858806 at term 1 for becomeLeader, leader elected after 5162ms
2019-07-14 06:48:38,500 INFO  impl.RoleInfo (RoleInfo.java:updateAndGet(143)) - 9c852160-5e24-424f-84b3-d45afdc6000d: start FollowerState
2019-07-14 06:48:38,500 INFO  server.RaftServerConfigKeys (ConfUtils.java:logGet(43)) - raft.server.staging.catchup.gap = 1000 (default)
2019-07-14 06:48:38,500 INFO  server.RaftServerConfigKeys (ConfUtils.java:logGet(43)) - raft.server.rpc.sleep.time = 25ms (default)
2019-07-14 06:48:38,500 INFO  impl.FollowerState (FollowerState.java:run(106)) - e6f5805a-28d3-4efa-b96d-17169aa81f08:group-A161BB5DAE98 changes to CANDIDATE, lastRpcTime:5036, electionTimeout:5036ms
2019-07-14 06:48:38,500 INFO  server.RaftServerConfigKeys (ConfUtils.java:logGet(43)) - raft.server.write.element-limit = 4096 (default)
2019-07-14 06:48:38,500 INFO  impl.RoleInfo (RoleInfo.java:shutdownFollowerState(121)) - e6f5805a-28d3-4efa-b96d-17169aa81f08: shutdown FollowerState
2019-07-14 06:48:38,500 INFO  server.RaftServerConfigKeys (ConfUtils.java:logGet(43)) - raft.server.watch.timeout = 10s (default)
2019-07-14 06:48:38,500 INFO  impl.RaftServerImpl (RaftServerImpl.java:setRole(171)) - e6f5805a-28d3-4efa-b96d-17169aa81f08:group-A161BB5DAE98 changes role from FOLLOWER to CANDIDATE at term 0 for changeToCandidate
2019-07-14 06:48:38,501 INFO  server.RaftServerConfigKeys (ConfUtils.java:logGet(43)) - raft.server.watch.timeout.denomination = 1s (default)
2019-07-14 06:48:38,501 INFO  impl.RoleInfo (RoleInfo.java:updateAndGet(143)) - e6f5805a-28d3-4efa-b96d-17169aa81f08: start LeaderElection
2019-07-14 06:48:38,501 INFO  server.RaftServerConfigKeys (ConfUtils.java:logGet(43)) - raft.server.watch.element-limit = 65536 (default)
2019-07-14 06:48:38,501 INFO  server.RaftServerConfigKeys (ConfUtils.java:logGet(43)) - raft.server.log.appender.snapshot.chunk.size.max = 16MB (=16777216) (default)
2019-07-14 06:48:38,501 INFO  server.RaftServerConfigKeys (ConfUtils.java:logGet(43)) - raft.server.log.appender.buffer.byte-limit = 33554432 (custom)
2019-07-14 06:48:38,502 INFO  server.RaftServerConfigKeys (ConfUtils.java:logGet(43)) - raft.server.log.appender.buffer.element-limit = 1 (custom)
2019-07-14 06:48:38,502 INFO  grpc.GrpcConfigKeys$Server (ConfUtils.java:logGet(43)) - raft.grpc.server.leader.outstanding.appends.max = 128 (default)
2019-07-14 06:48:38,502 INFO  server.RaftServerConfigKeys (ConfUtils.java:logGet(43)) - raft.server.rpc.request.timeout = 3000ms (default)
2019-07-14 06:48:38,502 INFO  server.RaftServerConfigKeys (ConfUtils.java:logGet(43)) - raft.server.log.appender.install.snapshot.enabled = false (custom)
2019-07-14 06:48:38,502 INFO  server.RaftServerConfigKeys (ConfUtils.java:logGet(43)) - raft.server.log.appender.snapshot.chunk.size.max = 16MB (=16777216) (default)
2019-07-14 06:48:38,502 INFO  server.RaftServerConfigKeys (ConfUtils.java:logGet(43)) - raft.server.log.appender.buffer.byte-limit = 33554432 (custom)
2019-07-14 06:48:38,503 INFO  server.RaftServerConfigKeys (ConfUtils.java:logGet(43)) - raft.server.log.appender.buffer.element-limit = 1 (custom)
2019-07-14 06:48:38,503 INFO  grpc.GrpcConfigKeys$Server (ConfUtils.java:logGet(43)) - raft.grpc.server.leader.outstanding.appends.max = 128 (default)
2019-07-14 06:48:38,503 INFO  server.RaftServerConfigKeys (ConfUtils.java:logGet(43)) - raft.server.rpc.request.timeout = 3000ms (default)
2019-07-14 06:48:38,503 INFO  server.RaftServerConfigKeys (ConfUtils.java:logGet(43)) - raft.server.log.appender.install.snapshot.enabled = false (custom)
2019-07-14 06:48:38,503 INFO  impl.RoleInfo (RoleInfo.java:updateAndGet(143)) - 54c5adbd-b69f-4eff-96a5-7b751c858806: start LeaderState
2019-07-14 06:48:38,504 INFO  segmented.SegmentedRaftLogWorker (SegmentedRaftLogWorker.java:startLogSegment(380)) - 54c5adbd-b69f-4eff-96a5-7b751c858806-SegmentedRaftLogWorker:Storage Directory /tmp/workdir/hadoop-ozone/integration-test/target/test-dir/MiniOzoneClusterImpl-28cace78-0a78-4e79-977f-7388f85db52e/datanode-0/data/ratis/870343c5-ac06-42f6-a1b2-2934efd0a74f: Starting segment from index:0
2019-07-14 06:48:38,504 INFO  impl.RaftServerImpl (ServerState.java:setRaftConf(361)) - 54c5adbd-b69f-4eff-96a5-7b751c858806:group-2934EFD0A74F set configuration 0: [9c852160-5e24-424f-84b3-d45afdc6000d:192.168.5.144:42656, 54c5adbd-b69f-4eff-96a5-7b751c858806:192.168.5.144:39741, fb6742ca-e1a8-43be-aadc-3c88f64884b8:192.168.5.144:40057], old=null at 0
2019-07-14 06:48:38,505 INFO  impl.LeaderElection (LeaderElection.java:askForVotes(181)) - e6f5805a-28d3-4efa-b96d-17169aa81f08:group-A161BB5DAE98:LeaderElection58: begin an election at term 1 for -1: [e6f5805a-28d3-4efa-b96d-17169aa81f08:192.168.5.144:39112], old=null
2019-07-14 06:48:38,506 INFO  impl.RoleInfo (RoleInfo.java:shutdownLeaderElection(134)) - e6f5805a-28d3-4efa-b96d-17169aa81f08: shutdown LeaderElection
2019-07-14 06:48:38,506 INFO  impl.RaftServerImpl (ServerState.java:setLeader(263)) - 9c852160-5e24-424f-84b3-d45afdc6000d:group-2934EFD0A74F change Leader from null to 54c5adbd-b69f-4eff-96a5-7b751c858806 at term 1 for appendEntries, leader elected after 5167ms
2019-07-14 06:48:38,506 INFO  impl.RaftServerImpl (ServerState.java:setLeader(263)) - fb6742ca-e1a8-43be-aadc-3c88f64884b8:group-2934EFD0A74F change Leader from null to 54c5adbd-b69f-4eff-96a5-7b751c858806 at term 1 for appendEntries, leader elected after 5168ms
2019-07-14 06:48:38,506 INFO  impl.RaftServerImpl (RaftServerImpl.java:setRole(171)) - e6f5805a-28d3-4efa-b96d-17169aa81f08:group-A161BB5DAE98 changes role from CANDIDATE to LEADER at term 1 for changeToLeader
2019-07-14 06:48:38,506 INFO  impl.RaftServerImpl (ServerState.java:setLeader(263)) - e6f5805a-28d3-4efa-b96d-17169aa81f08:group-A161BB5DAE98 change Leader from null to e6f5805a-28d3-4efa-b96d-17169aa81f08 at term 1 for becomeLeader, leader elected after 5045ms
2019-07-14 06:48:38,506 INFO  server.RaftServerConfigKeys (ConfUtils.java:logGet(43)) - raft.server.staging.catchup.gap = 1000 (default)
2019-07-14 06:48:38,507 INFO  server.RaftServerConfigKeys (ConfUtils.java:logGet(43)) - raft.server.rpc.sleep.time = 25ms (default)
2019-07-14 06:48:38,507 INFO  server.RaftServerConfigKeys (ConfUtils.java:logGet(43)) - raft.server.write.element-limit = 4096 (default)
2019-07-14 06:48:38,507 INFO  server.RaftServerConfigKeys (ConfUtils.java:logGet(43)) - raft.server.watch.timeout = 10s (default)
2019-07-14 06:48:38,508 INFO  server.RaftServerConfigKeys (ConfUtils.java:logGet(43)) - raft.server.watch.timeout.denomination = 1s (default)
2019-07-14 06:48:38,508 INFO  server.RaftServerConfigKeys (ConfUtils.java:logGet(43)) - raft.server.watch.element-limit = 65536 (default)
2019-07-14 06:48:38,508 INFO  impl.RoleInfo (RoleInfo.java:updateAndGet(143)) - e6f5805a-28d3-4efa-b96d-17169aa81f08: start LeaderState
2019-07-14 06:48:38,508 INFO  segmented.SegmentedRaftLogWorker (SegmentedRaftLogWorker.java:startLogSegment(380)) - e6f5805a-28d3-4efa-b96d-17169aa81f08-SegmentedRaftLogWorker:Storage Directory /tmp/workdir/hadoop-ozone/integration-test/target/test-dir/MiniOzoneClusterImpl-28cace78-0a78-4e79-977f-7388f85db52e/datanode-3/data/ratis/8dde9bac-79e9-463b-b4a1-a161bb5dae98: Starting segment from index:0
2019-07-14 06:48:38,509 INFO  impl.RaftServerImpl (ServerState.java:setRaftConf(361)) - e6f5805a-28d3-4efa-b96d-17169aa81f08:group-A161BB5DAE98 set configuration 0: [e6f5805a-28d3-4efa-b96d-17169aa81f08:192.168.5.144:39112], old=null at 0
2019-07-14 06:48:38,510 INFO  impl.RaftServerImpl (ServerState.java:setRaftConf(361)) - 9c852160-5e24-424f-84b3-d45afdc6000d:group-2934EFD0A74F set configuration 0: [9c852160-5e24-424f-84b3-d45afdc6000d:192.168.5.144:42656, 54c5adbd-b69f-4eff-96a5-7b751c858806:192.168.5.144:39741, fb6742ca-e1a8-43be-aadc-3c88f64884b8:192.168.5.144:40057], old=null at 0
2019-07-14 06:48:38,510 INFO  segmented.SegmentedRaftLogWorker (SegmentedRaftLogWorker.java:startLogSegment(380)) - 9c852160-5e24-424f-84b3-d45afdc6000d-SegmentedRaftLogWorker:Storage Directory /tmp/workdir/hadoop-ozone/integration-test/target/test-dir/MiniOzoneClusterImpl-28cace78-0a78-4e79-977f-7388f85db52e/datanode-1/data/ratis/870343c5-ac06-42f6-a1b2-2934efd0a74f: Starting segment from index:0
2019-07-14 06:48:38,510 INFO  impl.RaftServerImpl (ServerState.java:setRaftConf(361)) - fb6742ca-e1a8-43be-aadc-3c88f64884b8:group-2934EFD0A74F set configuration 0: [9c852160-5e24-424f-84b3-d45afdc6000d:192.168.5.144:42656, 54c5adbd-b69f-4eff-96a5-7b751c858806:192.168.5.144:39741, fb6742ca-e1a8-43be-aadc-3c88f64884b8:192.168.5.144:40057], old=null at 0
2019-07-14 06:48:38,511 INFO  segmented.SegmentedRaftLogWorker (SegmentedRaftLogWorker.java:startLogSegment(380)) - fb6742ca-e1a8-43be-aadc-3c88f64884b8-SegmentedRaftLogWorker:Storage Directory /tmp/workdir/hadoop-ozone/integration-test/target/test-dir/MiniOzoneClusterImpl-28cace78-0a78-4e79-977f-7388f85db52e/datanode-2/data/ratis/870343c5-ac06-42f6-a1b2-2934efd0a74f: Starting segment from index:0
2019-07-14 06:48:38,516 INFO  segmented.SegmentedRaftLogWorker (SegmentedRaftLogWorker.java:execute(569)) - fb6742ca-e1a8-43be-aadc-3c88f64884b8-SegmentedRaftLogWorker:Storage Directory /tmp/workdir/hadoop-ozone/integration-test/target/test-dir/MiniOzoneClusterImpl-28cace78-0a78-4e79-977f-7388f85db52e/datanode-2/data/ratis/bb710d21-dfc7-4ce6-8b97-50aed38328b3: created new log segment /tmp/workdir/hadoop-ozone/integration-test/target/test-dir/MiniOzoneClusterImpl-28cace78-0a78-4e79-977f-7388f85db52e/datanode-2/data/ratis/bb710d21-dfc7-4ce6-8b97-50aed38328b3/current/log_inprogress_0
2019-07-14 06:48:38,530 INFO  segmented.SegmentedRaftLogWorker (SegmentedRaftLogWorker.java:execute(569)) - e6f5805a-28d3-4efa-b96d-17169aa81f08-SegmentedRaftLogWorker:Storage Directory /tmp/workdir/hadoop-ozone/integration-test/target/test-dir/MiniOzoneClusterImpl-28cace78-0a78-4e79-977f-7388f85db52e/datanode-3/data/ratis/8dde9bac-79e9-463b-b4a1-a161bb5dae98: created new log segment /tmp/workdir/hadoop-ozone/integration-test/target/test-dir/MiniOzoneClusterImpl-28cace78-0a78-4e79-977f-7388f85db52e/datanode-3/data/ratis/8dde9bac-79e9-463b-b4a1-a161bb5dae98/current/log_inprogress_0
2019-07-14 06:48:38,530 INFO  segmented.SegmentedRaftLogWorker (SegmentedRaftLogWorker.java:execute(569)) - 54c5adbd-b69f-4eff-96a5-7b751c858806-SegmentedRaftLogWorker:Storage Directory /tmp/workdir/hadoop-ozone/integration-test/target/test-dir/MiniOzoneClusterImpl-28cace78-0a78-4e79-977f-7388f85db52e/datanode-0/data/ratis/870343c5-ac06-42f6-a1b2-2934efd0a74f: created new log segment /tmp/workdir/hadoop-ozone/integration-test/target/test-dir/MiniOzoneClusterImpl-28cace78-0a78-4e79-977f-7388f85db52e/datanode-0/data/ratis/870343c5-ac06-42f6-a1b2-2934efd0a74f/current/log_inprogress_0
2019-07-14 06:48:38,530 INFO  segmented.SegmentedRaftLogWorker (SegmentedRaftLogWorker.java:execute(569)) - fb6742ca-e1a8-43be-aadc-3c88f64884b8-SegmentedRaftLogWorker:Storage Directory /tmp/workdir/hadoop-ozone/integration-test/target/test-dir/MiniOzoneClusterImpl-28cace78-0a78-4e79-977f-7388f85db52e/datanode-2/data/ratis/870343c5-ac06-42f6-a1b2-2934efd0a74f: created new log segment /tmp/workdir/hadoop-ozone/integration-test/target/test-dir/MiniOzoneClusterImpl-28cace78-0a78-4e79-977f-7388f85db52e/datanode-2/data/ratis/870343c5-ac06-42f6-a1b2-2934efd0a74f/current/log_inprogress_0
2019-07-14 06:48:38,534 INFO  segmented.SegmentedRaftLogWorker (SegmentedRaftLogWorker.java:execute(569)) - 9c852160-5e24-424f-84b3-d45afdc6000d-SegmentedRaftLogWorker:Storage Directory /tmp/workdir/hadoop-ozone/integration-test/target/test-dir/MiniOzoneClusterImpl-28cace78-0a78-4e79-977f-7388f85db52e/datanode-1/data/ratis/870343c5-ac06-42f6-a1b2-2934efd0a74f: created new log segment /tmp/workdir/hadoop-ozone/integration-test/target/test-dir/MiniOzoneClusterImpl-28cace78-0a78-4e79-977f-7388f85db52e/datanode-1/data/ratis/870343c5-ac06-42f6-a1b2-2934efd0a74f/current/log_inprogress_0
2019-07-14 06:48:38,561 INFO  client.GrpcClientProtocolClient (GrpcClientProtocolClient.java:onNext(255)) - client-493D30CD920F->fb6742ca-e1a8-43be-aadc-3c88f64884b8: receive RaftClientReply:client-493D30CD920F->fb6742ca-e1a8-43be-aadc-3c88f64884b8@group-2934EFD0A74F, cid=106, FAILED org.apache.ratis.protocol.NotLeaderException: Server fb6742ca-e1a8-43be-aadc-3c88f64884b8 is not the leader (54c5adbd-b69f-4eff-96a5-7b751c858806:192.168.5.144:39741). Request must be sent to leader., logIndex=0, commits[fb6742ca-e1a8-43be-aadc-3c88f64884b8:c-1, 9c852160-5e24-424f-84b3-d45afdc6000d:c-1, 54c5adbd-b69f-4eff-96a5-7b751c858806:c-1]
2019-07-14 06:48:38,685 INFO  client.GrpcClientProtocolClient (GrpcClientProtocolClient.java:onNext(255)) - client-493D30CD920F->54c5adbd-b69f-4eff-96a5-7b751c858806: receive RaftClientReply:client-493D30CD920F->54c5adbd-b69f-4eff-96a5-7b751c858806@group-2934EFD0A74F, cid=106, SUCCESS, logIndex=1, commits[54c5adbd-b69f-4eff-96a5-7b751c858806:c2, 9c852160-5e24-424f-84b3-d45afdc6000d:c1, fb6742ca-e1a8-43be-aadc-3c88f64884b8:c1]
2019-07-14 06:48:38,685 INFO  datanode.ObjectStoreHandler (ObjectStoreHandler.java:close(155)) - Closing ObjectStoreHandler.
2019-07-14 06:48:38,706 INFO  ozone.HddsDatanodeService (HddsDatanodeService.java:stop(452)) - Stopped plug-in org.apache.hadoop.ozone.web.OzoneHddsDatanodeService@4ca83ec3
2019-07-14 06:48:39,170 INFO  impl.FollowerState (FollowerState.java:run(106)) - 55574485-6bdc-4d86-bde2-6ba126a5eb77:group-3BC56496D3DF changes to CANDIDATE, lastRpcTime:5199, electionTimeout:5199ms
2019-07-14 06:48:39,170 INFO  impl.RoleInfo (RoleInfo.java:shutdownFollowerState(121)) - 55574485-6bdc-4d86-bde2-6ba126a5eb77: shutdown FollowerState
2019-07-14 06:48:39,170 INFO  impl.RaftServerImpl (RaftServerImpl.java:setRole(171)) - 55574485-6bdc-4d86-bde2-6ba126a5eb77:group-3BC56496D3DF changes role from FOLLOWER to CANDIDATE at term 0 for changeToCandidate
2019-07-14 06:48:39,170 INFO  impl.RoleInfo (RoleInfo.java:updateAndGet(143)) - 55574485-6bdc-4d86-bde2-6ba126a5eb77: start LeaderElection
2019-07-14 06:48:39,185 INFO  impl.LeaderElection (LeaderElection.java:askForVotes(181)) - 55574485-6bdc-4d86-bde2-6ba126a5eb77:group-3BC56496D3DF:LeaderElection59: begin an election at term 1 for -1: [55574485-6bdc-4d86-bde2-6ba126a5eb77:192.168.5.144:42985], old=null
2019-07-14 06:48:39,185 INFO  impl.RoleInfo (RoleInfo.java:shutdownLeaderElection(134)) - 55574485-6bdc-4d86-bde2-6ba126a5eb77: shutdown LeaderElection
2019-07-14 06:48:39,186 INFO  impl.RaftServerImpl (RaftServerImpl.java:setRole(171)) - 55574485-6bdc-4d86-bde2-6ba126a5eb77:group-3BC56496D3DF changes role from CANDIDATE to LEADER at term 1 for changeToLeader
2019-07-14 06:48:39,186 INFO  impl.RaftServerImpl (ServerState.java:setLeader(263)) - 55574485-6bdc-4d86-bde2-6ba126a5eb77:group-3BC56496D3DF change Leader from null to 55574485-6bdc-4d86-bde2-6ba126a5eb77 at term 1 for becomeLeader, leader elected after 5219ms
2019-07-14 06:48:39,186 INFO  server.RaftServerConfigKeys (ConfUtils.java:logGet(43)) - raft.server.staging.catchup.gap = 1000 (default)
2019-07-14 06:48:39,186 INFO  server.RaftServerConfigKeys (ConfUtils.java:logGet(43)) - raft.server.rpc.sleep.time = 25ms (default)
2019-07-14 06:48:39,186 INFO  server.RaftServerConfigKeys (ConfUtils.java:logGet(43)) - raft.server.write.element-limit = 4096 (default)
2019-07-14 06:48:39,187 INFO  server.RaftServerConfigKeys (ConfUtils.java:logGet(43)) - raft.server.watch.timeout = 10s (default)
2019-07-14 06:48:39,187 INFO  server.RaftServerConfigKeys (ConfUtils.java:logGet(43)) - raft.server.watch.timeout.denomination = 1s (default)
2019-07-14 06:48:39,187 INFO  server.RaftServerConfigKeys (ConfUtils.java:logGet(43)) - raft.server.watch.element-limit = 65536 (default)
2019-07-14 06:48:39,187 INFO  impl.RoleInfo (RoleInfo.java:updateAndGet(143)) - 55574485-6bdc-4d86-bde2-6ba126a5eb77: start LeaderState
2019-07-14 06:48:39,188 INFO  segmented.SegmentedRaftLogWorker (SegmentedRaftLogWorker.java:startLogSegment(380)) - 55574485-6bdc-4d86-bde2-6ba126a5eb77-SegmentedRaftLogWorker:Storage Directory /tmp/workdir/hadoop-ozone/integration-test/target/test-dir/MiniOzoneClusterImpl-28cace78-0a78-4e79-977f-7388f85db52e/datanode-4/data/ratis/c1f52e85-566a-448b-84aa-3bc56496d3df: Starting segment from index:0
2019-07-14 06:48:39,188 INFO  impl.RaftServerImpl (ServerState.java:setRaftConf(361)) - 55574485-6bdc-4d86-bde2-6ba126a5eb77:group-3BC56496D3DF set configuration 0: [55574485-6bdc-4d86-bde2-6ba126a5eb77:192.168.5.144:42985], old=null at 0
2019-07-14 06:48:39,214 INFO  segmented.SegmentedRaftLogWorker (SegmentedRaftLogWorker.java:execute(569)) - 55574485-6bdc-4d86-bde2-6ba126a5eb77-SegmentedRaftLogWorker:Storage Directory /tmp/workdir/hadoop-ozone/integration-test/target/test-dir/MiniOzoneClusterImpl-28cace78-0a78-4e79-977f-7388f85db52e/datanode-4/data/ratis/c1f52e85-566a-448b-84aa-3bc56496d3df: created new log segment /tmp/workdir/hadoop-ozone/integration-test/target/test-dir/MiniOzoneClusterImpl-28cace78-0a78-4e79-977f-7388f85db52e/datanode-4/data/ratis/c1f52e85-566a-448b-84aa-3bc56496d3df/current/log_inprogress_0
2019-07-14 06:48:39,236 INFO  impl.FollowerState (FollowerState.java:run(106)) - f678f215-168e-48a8-8868-6d888d60d4cc:group-B5FEC824B7E6 changes to CANDIDATE, lastRpcTime:5042, electionTimeout:5042ms
2019-07-14 06:48:39,236 INFO  impl.RoleInfo (RoleInfo.java:shutdownFollowerState(121)) - f678f215-168e-48a8-8868-6d888d60d4cc: shutdown FollowerState
2019-07-14 06:48:39,236 INFO  impl.RaftServerImpl (RaftServerImpl.java:setRole(171)) - f678f215-168e-48a8-8868-6d888d60d4cc:group-B5FEC824B7E6 changes role from FOLLOWER to CANDIDATE at term 0 for changeToCandidate
2019-07-14 06:48:39,236 INFO  impl.RoleInfo (RoleInfo.java:updateAndGet(143)) - f678f215-168e-48a8-8868-6d888d60d4cc: start LeaderElection
2019-07-14 06:48:39,240 INFO  impl.LeaderElection (LeaderElection.java:askForVotes(181)) - f678f215-168e-48a8-8868-6d888d60d4cc:group-B5FEC824B7E6:LeaderElection60: begin an election at term 1 for -1: [f678f215-168e-48a8-8868-6d888d60d4cc:192.168.5.144:32836], old=null
2019-07-14 06:48:39,240 INFO  impl.RoleInfo (RoleInfo.java:shutdownLeaderElection(134)) - f678f215-168e-48a8-8868-6d888d60d4cc: shutdown LeaderElection
2019-07-14 06:48:39,240 INFO  impl.RaftServerImpl (RaftServerImpl.java:setRole(171)) - f678f215-168e-48a8-8868-6d888d60d4cc:group-B5FEC824B7E6 changes role from CANDIDATE to LEADER at term 1 for changeToLeader
2019-07-14 06:48:39,240 INFO  impl.RaftServerImpl (ServerState.java:setLeader(263)) - f678f215-168e-48a8-8868-6d888d60d4cc:group-B5FEC824B7E6 change Leader from null to f678f215-168e-48a8-8868-6d888d60d4cc at term 1 for becomeLeader, leader elected after 5051ms
2019-07-14 06:48:39,240 INFO  server.RaftServerConfigKeys (ConfUtils.java:logGet(43)) - raft.server.staging.catchup.gap = 1000 (default)
2019-07-14 06:48:39,240 INFO  server.RaftServerConfigKeys (ConfUtils.java:logGet(43)) - raft.server.rpc.sleep.time = 25ms (default)
2019-07-14 06:48:39,241 INFO  server.RaftServerConfigKeys (ConfUtils.java:logGet(43)) - raft.server.write.element-limit = 4096 (default)
2019-07-14 06:48:39,241 INFO  server.RaftServerConfigKeys (ConfUtils.java:logGet(43)) - raft.server.watch.timeout = 10s (default)
2019-07-14 06:48:39,241 INFO  server.RaftServerConfigKeys (ConfUtils.java:logGet(43)) - raft.server.watch.timeout.denomination = 1s (default)
2019-07-14 06:48:39,241 INFO  server.RaftServerConfigKeys (ConfUtils.java:logGet(43)) - raft.server.watch.element-limit = 65536 (default)
2019-07-14 06:48:39,241 INFO  impl.RoleInfo (RoleInfo.java:updateAndGet(143)) - f678f215-168e-48a8-8868-6d888d60d4cc: start LeaderState
2019-07-14 06:48:39,242 INFO  segmented.SegmentedRaftLogWorker (SegmentedRaftLogWorker.java:startLogSegment(380)) - f678f215-168e-48a8-8868-6d888d60d4cc-SegmentedRaftLogWorker:Storage Directory /tmp/workdir/hadoop-ozone/integration-test/target/test-dir/MiniOzoneClusterImpl-28cace78-0a78-4e79-977f-7388f85db52e/datanode-5/data/ratis/34ca095b-2c7c-4bd1-9ab5-b5fec824b7e6: Starting segment from index:0
2019-07-14 06:48:39,242 INFO  impl.RaftServerImpl (ServerState.java:setRaftConf(361)) - f678f215-168e-48a8-8868-6d888d60d4cc:group-B5FEC824B7E6 set configuration 0: [f678f215-168e-48a8-8868-6d888d60d4cc:192.168.5.144:32836], old=null at 0
2019-07-14 06:48:39,272 INFO  segmented.SegmentedRaftLogWorker (SegmentedRaftLogWorker.java:execute(569)) - f678f215-168e-48a8-8868-6d888d60d4cc-SegmentedRaftLogWorker:Storage Directory /tmp/workdir/hadoop-ozone/integration-test/target/test-dir/MiniOzoneClusterImpl-28cace78-0a78-4e79-977f-7388f85db52e/datanode-5/data/ratis/34ca095b-2c7c-4bd1-9ab5-b5fec824b7e6: created new log segment /tmp/workdir/hadoop-ozone/integration-test/target/test-dir/MiniOzoneClusterImpl-28cace78-0a78-4e79-977f-7388f85db52e/datanode-5/data/ratis/34ca095b-2c7c-4bd1-9ab5-b5fec824b7e6/current/log_inprogress_0
2019-07-14 06:48:39,363 INFO  impl.FollowerState (FollowerState.java:run(106)) - f678f215-168e-48a8-8868-6d888d60d4cc:group-A1A17F8D2F4D changes to CANDIDATE, lastRpcTime:5105, electionTimeout:5105ms
2019-07-14 06:48:39,363 INFO  impl.RoleInfo (RoleInfo.java:shutdownFollowerState(121)) - f678f215-168e-48a8-8868-6d888d60d4cc: shutdown FollowerState
2019-07-14 06:48:39,363 INFO  impl.RaftServerImpl (RaftServerImpl.java:setRole(171)) - f678f215-168e-48a8-8868-6d888d60d4cc:group-A1A17F8D2F4D changes role from FOLLOWER to CANDIDATE at term 0 for changeToCandidate
2019-07-14 06:48:39,364 INFO  impl.RoleInfo (RoleInfo.java:updateAndGet(143)) - f678f215-168e-48a8-8868-6d888d60d4cc: start LeaderElection
2019-07-14 06:48:39,373 INFO  impl.LeaderElection (LeaderElection.java:askForVotes(181)) - f678f215-168e-48a8-8868-6d888d60d4cc:group-A1A17F8D2F4D:LeaderElection61: begin an election at term 1 for -1: [55574485-6bdc-4d86-bde2-6ba126a5eb77:192.168.5.144:42985, f678f215-168e-48a8-8868-6d888d60d4cc:192.168.5.144:32836, e6f5805a-28d3-4efa-b96d-17169aa81f08:192.168.5.144:39112], old=null
2019-07-14 06:48:39,391 WARN  server.GrpcLogAppender (LogUtils.java:warn(134)) - 5fa73f57-633f-4a9e-be98-152ac70662dd->0600c2b4-e1a3-427a-9fdb-084c61ff69c5: Failed appendEntries: org.apache.ratis.thirdparty.io.grpc.StatusRuntimeException: UNAVAILABLE: io exception
2019-07-14 06:48:39,391 WARN  server.GrpcLogAppender (LogUtils.java:warn(134)) - 5fa73f57-633f-4a9e-be98-152ac70662dd->d1bc6e12-59df-498f-9de7-253310cec742: Failed appendEntries: org.apache.ratis.thirdparty.io.grpc.StatusRuntimeException: UNAVAILABLE: io exception
2019-07-14 06:48:39,392 INFO  impl.FollowerInfo (FollowerInfo.java:lambda$new$0(50)) - 5fa73f57-633f-4a9e-be98-152ac70662dd->0600c2b4-e1a3-427a-9fdb-084c61ff69c5: nextIndex: updateUnconditionally 0 -> 0
2019-07-14 06:48:39,392 INFO  impl.FollowerInfo (FollowerInfo.java:lambda$new$0(50)) - 5fa73f57-633f-4a9e-be98-152ac70662dd->d1bc6e12-59df-498f-9de7-253310cec742: nextIndex: updateUnconditionally 0 -> 0
2019-07-14 06:48:39,392 INFO  impl.RaftServerImpl (RaftServerImpl.java:setRole(171)) - 55574485-6bdc-4d86-bde2-6ba126a5eb77:group-A1A17F8D2F4D changes role from FOLLOWER to FOLLOWER at term 1 for recognizeCandidate:f678f215-168e-48a8-8868-6d888d60d4cc
2019-07-14 06:48:39,392 INFO  impl.RaftServerImpl (RaftServerImpl.java:setRole(171)) - e6f5805a-28d3-4efa-b96d-17169aa81f08:group-A1A17F8D2F4D changes role from FOLLOWER to FOLLOWER at term 1 for recognizeCandidate:f678f215-168e-48a8-8868-6d888d60d4cc
2019-07-14 06:48:39,393 INFO  impl.RoleInfo (RoleInfo.java:shutdownFollowerState(121)) - 55574485-6bdc-4d86-bde2-6ba126a5eb77: shutdown FollowerState
2019-07-14 06:48:39,393 INFO  impl.RoleInfo (RoleInfo.java:shutdownFollowerState(121)) - e6f5805a-28d3-4efa-b96d-17169aa81f08: shutdown FollowerState
2019-07-14 06:48:39,393 INFO  impl.RoleInfo (RoleInfo.java:updateAndGet(143)) - 55574485-6bdc-4d86-bde2-6ba126a5eb77: start FollowerState
2019-07-14 06:48:39,393 INFO  impl.FollowerState (FollowerState.java:run(114)) - e6f5805a-28d3-4efa-b96d-17169aa81f08: FollowerState was interrupted: java.lang.InterruptedException: sleep interrupted
2019-07-14 06:48:39,393 INFO  impl.RoleInfo (RoleInfo.java:updateAndGet(143)) - e6f5805a-28d3-4efa-b96d-17169aa81f08: start FollowerState
2019-07-14 06:48:39,393 INFO  impl.FollowerState (FollowerState.java:run(114)) - 55574485-6bdc-4d86-bde2-6ba126a5eb77: FollowerState was interrupted: java.lang.InterruptedException: sleep interrupted
2019-07-14 06:48:39,394 WARN  server.GrpcLogAppender (LogUtils.java:warn(134)) - 3241ab05-47cd-4c48-9fea-5ddbdbaeef39->a1305044-e17b-4b59-833a-89d8bcd36db1: Failed appendEntries: org.apache.ratis.thirdparty.io.grpc.StatusRuntimeException: UNAVAILABLE: io exception
2019-07-14 06:48:39,394 WARN  server.GrpcLogAppender (LogUtils.java:warn(134)) - 3241ab05-47cd-4c48-9fea-5ddbdbaeef39->2fef8973-174d-48d8-963e-54cf9187de8a: Failed appendEntries: org.apache.ratis.thirdparty.io.grpc.StatusRuntimeException: UNAVAILABLE: io exception
2019-07-14 06:48:39,394 INFO  impl.FollowerInfo (FollowerInfo.java:lambda$new$0(50)) - 3241ab05-47cd-4c48-9fea-5ddbdbaeef39->a1305044-e17b-4b59-833a-89d8bcd36db1: nextIndex: updateUnconditionally 0 -> 0
2019-07-14 06:48:39,395 INFO  impl.FollowerInfo (FollowerInfo.java:lambda$new$0(50)) - 3241ab05-47cd-4c48-9fea-5ddbdbaeef39->2fef8973-174d-48d8-963e-54cf9187de8a: nextIndex: updateUnconditionally 0 -> 0
2019-07-14 06:48:39,406 INFO  impl.LeaderElection (LeaderElection.java:logAndReturn(56)) - f678f215-168e-48a8-8868-6d888d60d4cc:group-A1A17F8D2F4D:LeaderElection61: Election PASSED; received 1 response(s) [f678f215-168e-48a8-8868-6d888d60d4cc<-55574485-6bdc-4d86-bde2-6ba126a5eb77#0:OK-t1] and 0 exception(s); f678f215-168e-48a8-8868-6d888d60d4cc:t1, leader=null, voted=f678f215-168e-48a8-8868-6d888d60d4cc, raftlog=f678f215-168e-48a8-8868-6d888d60d4cc-SegmentedRaftLog:OPENED:c-1,f-1,i0, conf=-1: [55574485-6bdc-4d86-bde2-6ba126a5eb77:192.168.5.144:42985, f678f215-168e-48a8-8868-6d888d60d4cc:192.168.5.144:32836, e6f5805a-28d3-4efa-b96d-17169aa81f08:192.168.5.144:39112], old=null
2019-07-14 06:48:39,406 INFO  impl.RoleInfo (RoleInfo.java:shutdownLeaderElection(134)) - f678f215-168e-48a8-8868-6d888d60d4cc: shutdown LeaderElection
2019-07-14 06:48:39,407 INFO  impl.RaftServerImpl (RaftServerImpl.java:setRole(171)) - f678f215-168e-48a8-8868-6d888d60d4cc:group-A1A17F8D2F4D changes role from CANDIDATE to LEADER at term 1 for changeToLeader
2019-07-14 06:48:39,407 INFO  impl.RaftServerImpl (ServerState.java:setLeader(263)) - f678f215-168e-48a8-8868-6d888d60d4cc:group-A1A17F8D2F4D change Leader from null to f678f215-168e-48a8-8868-6d888d60d4cc at term 1 for becomeLeader, leader elected after 5160ms
2019-07-14 06:48:39,407 INFO  server.RaftServerConfigKeys (ConfUtils.java:logGet(43)) - raft.server.staging.catchup.gap = 1000 (default)
2019-07-14 06:48:39,407 INFO  server.RaftServerConfigKeys (ConfUtils.java:logGet(43)) - raft.server.rpc.sleep.time = 25ms (default)
2019-07-14 06:48:39,407 INFO  server.RaftServerConfigKeys (ConfUtils.java:logGet(43)) - raft.server.write.element-limit = 4096 (default)
2019-07-14 06:48:39,407 INFO  server.RaftServerConfigKeys (ConfUtils.java:logGet(43)) - raft.server.watch.timeout = 10s (default)
2019-07-14 06:48:39,407 INFO  server.RaftServerConfigKeys (ConfUtils.java:logGet(43)) - raft.server.watch.timeout.denomination = 1s (default)
2019-07-14 06:48:39,408 INFO  server.RaftServerConfigKeys (ConfUtils.java:logGet(43)) - raft.server.watch.element-limit = 65536 (default)
2019-07-14 06:48:39,408 INFO  server.RaftServerConfigKeys (ConfUtils.java:logGet(43)) - raft.server.log.appender.snapshot.chunk.size.max = 16MB (=16777216) (default)
2019-07-14 06:48:39,408 INFO  server.RaftServerConfigKeys (ConfUtils.java:logGet(43)) - raft.server.log.appender.buffer.byte-limit = 33554432 (custom)
2019-07-14 06:48:39,408 INFO  server.RaftServerConfigKeys (ConfUtils.java:logGet(43)) - raft.server.log.appender.buffer.element-limit = 1 (custom)
2019-07-14 06:48:39,408 INFO  grpc.GrpcConfigKeys$Server (ConfUtils.java:logGet(43)) - raft.grpc.server.leader.outstanding.appends.max = 128 (default)
2019-07-14 06:48:39,409 INFO  server.RaftServerConfigKeys (ConfUtils.java:logGet(43)) - raft.server.rpc.request.timeout = 3000ms (default)
2019-07-14 06:48:39,409 INFO  server.RaftServerConfigKeys (ConfUtils.java:logGet(43)) - raft.server.log.appender.install.snapshot.enabled = false (custom)
2019-07-14 06:48:39,409 INFO  server.RaftServerConfigKeys (ConfUtils.java:logGet(43)) - raft.server.log.appender.snapshot.chunk.size.max = 16MB (=16777216) (default)
2019-07-14 06:48:39,409 INFO  server.RaftServerConfigKeys (ConfUtils.java:logGet(43)) - raft.server.log.appender.buffer.byte-limit = 33554432 (custom)
2019-07-14 06:48:39,409 INFO  server.RaftServerConfigKeys (ConfUtils.java:logGet(43)) - raft.server.log.appender.buffer.element-limit = 1 (custom)
2019-07-14 06:48:39,409 INFO  grpc.GrpcConfigKeys$Server (ConfUtils.java:logGet(43)) - raft.grpc.server.leader.outstanding.appends.max = 128 (default)
2019-07-14 06:48:39,409 INFO  server.RaftServerConfigKeys (ConfUtils.java:logGet(43)) - raft.server.rpc.request.timeout = 3000ms (default)
2019-07-14 06:48:39,410 INFO  server.RaftServerConfigKeys (ConfUtils.java:logGet(43)) - raft.server.log.appender.install.snapshot.enabled = false (custom)
2019-07-14 06:48:39,410 INFO  impl.RoleInfo (RoleInfo.java:updateAndGet(143)) - f678f215-168e-48a8-8868-6d888d60d4cc: start LeaderState
2019-07-14 06:48:39,410 INFO  segmented.SegmentedRaftLogWorker (SegmentedRaftLogWorker.java:startLogSegment(380)) - f678f215-168e-48a8-8868-6d888d60d4cc-SegmentedRaftLogWorker:Storage Directory /tmp/workdir/hadoop-ozone/integration-test/target/test-dir/MiniOzoneClusterImpl-28cace78-0a78-4e79-977f-7388f85db52e/datanode-5/data/ratis/74118e49-b6bd-43d7-bdaf-a1a17f8d2f4d: Starting segment from index:0
2019-07-14 06:48:39,411 INFO  impl.RaftServerImpl (ServerState.java:setRaftConf(361)) - f678f215-168e-48a8-8868-6d888d60d4cc:group-A1A17F8D2F4D set configuration 0: [55574485-6bdc-4d86-bde2-6ba126a5eb77:192.168.5.144:42985, f678f215-168e-48a8-8868-6d888d60d4cc:192.168.5.144:32836, e6f5805a-28d3-4efa-b96d-17169aa81f08:192.168.5.144:39112], old=null at 0
2019-07-14 06:48:39,452 INFO  impl.FollowerState (FollowerState.java:run(106)) - 58c8c41f-92cb-4f94-b8d8-35b62c11031c:group-28E922673E18 changes to CANDIDATE, lastRpcTime:5079, electionTimeout:5040ms
2019-07-14 06:48:39,452 INFO  impl.RoleInfo (RoleInfo.java:shutdownFollowerState(121)) - 58c8c41f-92cb-4f94-b8d8-35b62c11031c: shutdown FollowerState
2019-07-14 06:48:39,452 INFO  impl.RaftServerImpl (RaftServerImpl.java:setRole(171)) - 58c8c41f-92cb-4f94-b8d8-35b62c11031c:group-28E922673E18 changes role from FOLLOWER to CANDIDATE at term 0 for changeToCandidate
2019-07-14 06:48:39,452 INFO  impl.RoleInfo (RoleInfo.java:updateAndGet(143)) - 58c8c41f-92cb-4f94-b8d8-35b62c11031c: start LeaderElection
2019-07-14 06:48:39,453 INFO  impl.RaftServerImpl (ServerState.java:setLeader(263)) - e6f5805a-28d3-4efa-b96d-17169aa81f08:group-A1A17F8D2F4D change Leader from null to f678f215-168e-48a8-8868-6d888d60d4cc at term 1 for appendEntries, leader elected after 5207ms
2019-07-14 06:48:39,453 INFO  impl.RaftServerImpl (ServerState.java:setLeader(263)) - 55574485-6bdc-4d86-bde2-6ba126a5eb77:group-A1A17F8D2F4D change Leader from null to f678f215-168e-48a8-8868-6d888d60d4cc at term 1 for appendEntries, leader elected after 5207ms
2019-07-14 06:48:39,455 INFO  impl.RaftServerImpl (ServerState.java:setRaftConf(361)) - 55574485-6bdc-4d86-bde2-6ba126a5eb77:group-A1A17F8D2F4D set configuration 0: [55574485-6bdc-4d86-bde2-6ba126a5eb77:192.168.5.144:42985, f678f215-168e-48a8-8868-6d888d60d4cc:192.168.5.144:32836, e6f5805a-28d3-4efa-b96d-17169aa81f08:192.168.5.144:39112], old=null at 0
2019-07-14 06:48:39,455 INFO  impl.RaftServerImpl (ServerState.java:setRaftConf(361)) - e6f5805a-28d3-4efa-b96d-17169aa81f08:group-A1A17F8D2F4D set configuration 0: [55574485-6bdc-4d86-bde2-6ba126a5eb77:192.168.5.144:42985, f678f215-168e-48a8-8868-6d888d60d4cc:192.168.5.144:32836, e6f5805a-28d3-4efa-b96d-17169aa81f08:192.168.5.144:39112], old=null at 0
2019-07-14 06:48:39,456 INFO  segmented.SegmentedRaftLogWorker (SegmentedRaftLogWorker.java:startLogSegment(380)) - 55574485-6bdc-4d86-bde2-6ba126a5eb77-SegmentedRaftLogWorker:Storage Directory /tmp/workdir/hadoop-ozone/integration-test/target/test-dir/MiniOzoneClusterImpl-28cace78-0a78-4e79-977f-7388f85db52e/datanode-4/data/ratis/74118e49-b6bd-43d7-bdaf-a1a17f8d2f4d: Starting segment from index:0
2019-07-14 06:48:39,456 INFO  segmented.SegmentedRaftLogWorker (SegmentedRaftLogWorker.java:startLogSegment(380)) - e6f5805a-28d3-4efa-b96d-17169aa81f08-SegmentedRaftLogWorker:Storage Directory /tmp/workdir/hadoop-ozone/integration-test/target/test-dir/MiniOzoneClusterImpl-28cace78-0a78-4e79-977f-7388f85db52e/datanode-3/data/ratis/74118e49-b6bd-43d7-bdaf-a1a17f8d2f4d: Starting segment from index:0
2019-07-14 06:48:39,466 INFO  segmented.SegmentedRaftLogWorker (SegmentedRaftLogWorker.java:execute(569)) - f678f215-168e-48a8-8868-6d888d60d4cc-SegmentedRaftLogWorker:Storage Directory /tmp/workdir/hadoop-ozone/integration-test/target/test-dir/MiniOzoneClusterImpl-28cace78-0a78-4e79-977f-7388f85db52e/datanode-5/data/ratis/74118e49-b6bd-43d7-bdaf-a1a17f8d2f4d: created new log segment /tmp/workdir/hadoop-ozone/integration-test/target/test-dir/MiniOzoneClusterImpl-28cace78-0a78-4e79-977f-7388f85db52e/datanode-5/data/ratis/74118e49-b6bd-43d7-bdaf-a1a17f8d2f4d/current/log_inprogress_0
2019-07-14 06:48:39,466 INFO  impl.LeaderElection (LeaderElection.java:askForVotes(181)) - 58c8c41f-92cb-4f94-b8d8-35b62c11031c:group-28E922673E18:LeaderElection62: begin an election at term 1 for -1: [58c8c41f-92cb-4f94-b8d8-35b62c11031c:192.168.5.144:39605], old=null
2019-07-14 06:48:39,467 INFO  impl.RoleInfo (RoleInfo.java:shutdownLeaderElection(134)) - 58c8c41f-92cb-4f94-b8d8-35b62c11031c: shutdown LeaderElection
2019-07-14 06:48:39,467 INFO  impl.RaftServerImpl (RaftServerImpl.java:setRole(171)) - 58c8c41f-92cb-4f94-b8d8-35b62c11031c:group-28E922673E18 changes role from CANDIDATE to LEADER at term 1 for changeToLeader
2019-07-14 06:48:39,467 INFO  impl.RaftServerImpl (ServerState.java:setLeader(263)) - 58c8c41f-92cb-4f94-b8d8-35b62c11031c:group-28E922673E18 change Leader from null to 58c8c41f-92cb-4f94-b8d8-35b62c11031c at term 1 for becomeLeader, leader elected after 5098ms
2019-07-14 06:48:39,467 INFO  server.RaftServerConfigKeys (ConfUtils.java:logGet(43)) - raft.server.staging.catchup.gap = 1000 (default)
2019-07-14 06:48:39,467 INFO  server.RaftServerConfigKeys (ConfUtils.java:logGet(43)) - raft.server.rpc.sleep.time = 25ms (default)
2019-07-14 06:48:39,467 INFO  server.RaftServerConfigKeys (ConfUtils.java:logGet(43)) - raft.server.write.element-limit = 4096 (default)
2019-07-14 06:48:39,467 INFO  server.RaftServerConfigKeys (ConfUtils.java:logGet(43)) - raft.server.watch.timeout = 10s (default)
2019-07-14 06:48:39,467 INFO  server.RaftServerConfigKeys (ConfUtils.java:logGet(43)) - raft.server.watch.timeout.denomination = 1s (default)
2019-07-14 06:48:39,467 INFO  server.RaftServerConfigKeys (ConfUtils.java:logGet(43)) - raft.server.watch.element-limit = 65536 (default)
2019-07-14 06:48:39,468 INFO  impl.RoleInfo (RoleInfo.java:updateAndGet(143)) - 58c8c41f-92cb-4f94-b8d8-35b62c11031c: start LeaderState
2019-07-14 06:48:39,468 INFO  segmented.SegmentedRaftLogWorker (SegmentedRaftLogWorker.java:startLogSegment(380)) - 58c8c41f-92cb-4f94-b8d8-35b62c11031c-SegmentedRaftLogWorker:Storage Directory /tmp/workdir/hadoop-ozone/integration-test/target/test-dir/MiniOzoneClusterImpl-28cace78-0a78-4e79-977f-7388f85db52e/datanode-6/data/ratis/64620c36-c751-45bd-834c-28e922673e18: Starting segment from index:0
2019-07-14 06:48:39,468 INFO  impl.RaftServerImpl (ServerState.java:setRaftConf(361)) - 58c8c41f-92cb-4f94-b8d8-35b62c11031c:group-28E922673E18 set configuration 0: [58c8c41f-92cb-4f94-b8d8-35b62c11031c:192.168.5.144:39605], old=null at 0
2019-07-14 06:48:39,501 INFO  segmented.SegmentedRaftLogWorker (SegmentedRaftLogWorker.java:execute(569)) - 55574485-6bdc-4d86-bde2-6ba126a5eb77-SegmentedRaftLogWorker:Storage Directory /tmp/workdir/hadoop-ozone/integration-test/target/test-dir/MiniOzoneClusterImpl-28cace78-0a78-4e79-977f-7388f85db52e/datanode-4/data/ratis/74118e49-b6bd-43d7-bdaf-a1a17f8d2f4d: created new log segment /tmp/workdir/hadoop-ozone/integration-test/target/test-dir/MiniOzoneClusterImpl-28cace78-0a78-4e79-977f-7388f85db52e/datanode-4/data/ratis/74118e49-b6bd-43d7-bdaf-a1a17f8d2f4d/current/log_inprogress_0
2019-07-14 06:48:39,501 INFO  segmented.SegmentedRaftLogWorker (SegmentedRaftLogWorker.java:execute(569)) - 58c8c41f-92cb-4f94-b8d8-35b62c11031c-SegmentedRaftLogWorker:Storage Directory /tmp/workdir/hadoop-ozone/integration-test/target/test-dir/MiniOzoneClusterImpl-28cace78-0a78-4e79-977f-7388f85db52e/datanode-6/data/ratis/64620c36-c751-45bd-834c-28e922673e18: created new log segment /tmp/workdir/hadoop-ozone/integration-test/target/test-dir/MiniOzoneClusterImpl-28cace78-0a78-4e79-977f-7388f85db52e/datanode-6/data/ratis/64620c36-c751-45bd-834c-28e922673e18/current/log_inprogress_0
2019-07-14 06:48:39,501 INFO  segmented.SegmentedRaftLogWorker (SegmentedRaftLogWorker.java:execute(569)) - e6f5805a-28d3-4efa-b96d-17169aa81f08-SegmentedRaftLogWorker:Storage Directory /tmp/workdir/hadoop-ozone/integration-test/target/test-dir/MiniOzoneClusterImpl-28cace78-0a78-4e79-977f-7388f85db52e/datanode-3/data/ratis/74118e49-b6bd-43d7-bdaf-a1a17f8d2f4d: created new log segment /tmp/workdir/hadoop-ozone/integration-test/target/test-dir/MiniOzoneClusterImpl-28cace78-0a78-4e79-977f-7388f85db52e/datanode-3/data/ratis/74118e49-b6bd-43d7-bdaf-a1a17f8d2f4d/current/log_inprogress_0
2019-07-14 06:48:39,666 INFO  statemachine.DatanodeStateMachine (DatanodeStateMachine.java:lambda$startDaemon$0(350)) - Ozone container server started.
2019-07-14 06:48:41,892 WARN  server.GrpcLogAppender (LogUtils.java:warn(134)) - 5fa73f57-633f-4a9e-be98-152ac70662dd->d1bc6e12-59df-498f-9de7-253310cec742: Failed appendEntries: org.apache.ratis.thirdparty.io.grpc.StatusRuntimeException: UNAVAILABLE: io exception
2019-07-14 06:48:41,892 WARN  server.GrpcLogAppender (LogUtils.java:warn(134)) - 5fa73f57-633f-4a9e-be98-152ac70662dd->0600c2b4-e1a3-427a-9fdb-084c61ff69c5: Failed appendEntries: org.apache.ratis.thirdparty.io.grpc.StatusRuntimeException: UNAVAILABLE: io exception
2019-07-14 06:48:41,893 INFO  impl.FollowerInfo (FollowerInfo.java:lambda$new$0(50)) - 5fa73f57-633f-4a9e-be98-152ac70662dd->d1bc6e12-59df-498f-9de7-253310cec742: nextIndex: updateUnconditionally 0 -> 0
2019-07-14 06:48:41,893 INFO  impl.FollowerInfo (FollowerInfo.java:lambda$new$0(50)) - 5fa73f57-633f-4a9e-be98-152ac70662dd->0600c2b4-e1a3-427a-9fdb-084c61ff69c5: nextIndex: updateUnconditionally 0 -> 0
2019-07-14 06:48:41,896 WARN  server.GrpcLogAppender (LogUtils.java:warn(134)) - 3241ab05-47cd-4c48-9fea-5ddbdbaeef39->2fef8973-174d-48d8-963e-54cf9187de8a: Failed appendEntries: org.apache.ratis.thirdparty.io.grpc.StatusRuntimeException: UNAVAILABLE: io exception
2019-07-14 06:48:41,896 INFO  impl.FollowerInfo (FollowerInfo.java:lambda$new$0(50)) - 3241ab05-47cd-4c48-9fea-5ddbdbaeef39->2fef8973-174d-48d8-963e-54cf9187de8a: nextIndex: updateUnconditionally 0 -> 0
2019-07-14 06:48:41,897 WARN  server.GrpcLogAppender (LogUtils.java:warn(134)) - 3241ab05-47cd-4c48-9fea-5ddbdbaeef39->a1305044-e17b-4b59-833a-89d8bcd36db1: Failed appendEntries: org.apache.ratis.thirdparty.io.grpc.StatusRuntimeException: UNAVAILABLE: io exception
2019-07-14 06:48:41,897 INFO  impl.FollowerInfo (FollowerInfo.java:lambda$new$0(50)) - 3241ab05-47cd-4c48-9fea-5ddbdbaeef39->a1305044-e17b-4b59-833a-89d8bcd36db1: nextIndex: updateUnconditionally 0 -> 0
2019-07-14 06:48:43,707 INFO  ozoneimpl.OzoneContainer (OzoneContainer.java:stop(199)) - Attempting to stop container services.
2019-07-14 06:48:43,707 INFO  impl.RaftServerProxy (RaftServerProxy.java:lambda$close$4(314)) - 54c5adbd-b69f-4eff-96a5-7b751c858806: close
2019-07-14 06:48:43,708 INFO  impl.RaftServerImpl (RaftServerImpl.java:lambda$shutdown$3(245)) - 54c5adbd-b69f-4eff-96a5-7b751c858806: shutdown group-31F51494F22E
2019-07-14 06:48:43,709 INFO  util.JmxRegister (JmxRegister.java:unregister(73)) - Successfully un-registered JMX Bean with object name Ratis:service=RaftServer,group=group-31F51494F22E,id=54c5adbd-b69f-4eff-96a5-7b751c858806
2019-07-14 06:48:43,709 INFO  impl.RoleInfo (RoleInfo.java:shutdownLeaderState(104)) - 54c5adbd-b69f-4eff-96a5-7b751c858806: shutdown LeaderState
2019-07-14 06:48:43,709 INFO  impl.PendingRequests (PendingRequests.java:sendNotLeaderResponses(202)) - 54c5adbd-b69f-4eff-96a5-7b751c858806-PendingRequests: sendNotLeaderResponses
2019-07-14 06:48:43,710 INFO  impl.StateMachineUpdater (StateMachineUpdater.java:stopAndJoin(115)) - StateMachineUpdater:54c5adbd-b69f-4eff-96a5-7b751c858806:group-31F51494F22E: set stopIndex = 0
2019-07-14 06:48:43,710 INFO  impl.RaftServerImpl (ServerState.java:close(394)) - 54c5adbd-b69f-4eff-96a5-7b751c858806:group-31F51494F22E closes. The last applied log index is 0
2019-07-14 06:48:43,711 INFO  segmented.SegmentedRaftLogWorker (SegmentedRaftLogWorker.java:run(313)) - 54c5adbd-b69f-4eff-96a5-7b751c858806-SegmentedRaftLogWorker:Storage Directory /tmp/workdir/hadoop-ozone/integration-test/target/test-dir/MiniOzoneClusterImpl-28cace78-0a78-4e79-977f-7388f85db52e/datanode-0/data/ratis/1897f0b8-4e60-4952-a17e-31f51494f22e was interrupted, exiting. There are 0 tasks remaining in the queue.
2019-07-14 06:48:43,724 INFO  segmented.SegmentedRaftLogWorker (SegmentedRaftLogWorker.java:close(228)) - 54c5adbd-b69f-4eff-96a5-7b751c858806-SegmentedRaftLogWorker:Storage Directory /tmp/workdir/hadoop-ozone/integration-test/target/test-dir/MiniOzoneClusterImpl-28cace78-0a78-4e79-977f-7388f85db52e/datanode-0/data/ratis/1897f0b8-4e60-4952-a17e-31f51494f22e close()
2019-07-14 06:48:43,745 INFO  impl.RaftServerImpl (RaftServerImpl.java:lambda$shutdown$3(245)) - 54c5adbd-b69f-4eff-96a5-7b751c858806: shutdown group-2934EFD0A74F
2019-07-14 06:48:43,746 INFO  util.JmxRegister (JmxRegister.java:unregister(73)) - Successfully un-registered JMX Bean with object name Ratis:service=RaftServer,group=group-2934EFD0A74F,id=54c5adbd-b69f-4eff-96a5-7b751c858806
2019-07-14 06:48:43,746 INFO  impl.RoleInfo (RoleInfo.java:shutdownLeaderState(104)) - 54c5adbd-b69f-4eff-96a5-7b751c858806: shutdown LeaderState
2019-07-14 06:48:43,761 INFO  impl.PendingRequests (PendingRequests.java:sendNotLeaderResponses(202)) - 54c5adbd-b69f-4eff-96a5-7b751c858806-PendingRequests: sendNotLeaderResponses
2019-07-14 06:48:43,761 WARN  server.GrpcLogAppender (GrpcLogAppender.java:mayWait(143)) - GrpcLogAppender(54c5adbd-b69f-4eff-96a5-7b751c858806->fb6742ca-e1a8-43be-aadc-3c88f64884b8): Wait interrupted by java.lang.InterruptedException
2019-07-14 06:48:43,761 WARN  server.GrpcLogAppender (GrpcLogAppender.java:mayWait(143)) - GrpcLogAppender(54c5adbd-b69f-4eff-96a5-7b751c858806->9c852160-5e24-424f-84b3-d45afdc6000d): Wait interrupted by java.lang.InterruptedException
2019-07-14 06:48:43,785 INFO  ratis.ContainerStateMachine (ContainerStateMachine.java:takeSnapshot(249)) - group-2934EFD0A74F: Taking a snapshot at:(t:1, i:2) file /tmp/workdir/hadoop-ozone/integration-test/target/test-dir/MiniOzoneClusterImpl-28cace78-0a78-4e79-977f-7388f85db52e/datanode-0/data/ratis/870343c5-ac06-42f6-a1b2-2934efd0a74f/sm/snapshot.1_2
2019-07-14 06:48:43,785 INFO  impl.StateMachineUpdater (StateMachineUpdater.java:stopAndJoin(115)) - StateMachineUpdater:54c5adbd-b69f-4eff-96a5-7b751c858806:group-2934EFD0A74F: set stopIndex = 2
2019-07-14 06:48:43,798 INFO  server.GrpcServerProtocolService (GrpcServerProtocolService.java:onCompleted(104)) - 9c852160-5e24-424f-84b3-d45afdc6000d: appendEntries completed
2019-07-14 06:48:43,798 INFO  ratis.ContainerStateMachine (ContainerStateMachine.java:takeSnapshot(257)) - group-2934EFD0A74F: Finished taking a snapshot at:(t:1, i:2) file:/tmp/workdir/hadoop-ozone/integration-test/target/test-dir/MiniOzoneClusterImpl-28cace78-0a78-4e79-977f-7388f85db52e/datanode-0/data/ratis/870343c5-ac06-42f6-a1b2-2934efd0a74f/sm/snapshot.1_2 time:13
2019-07-14 06:48:43,798 INFO  server.GrpcServerProtocolService (GrpcServerProtocolService.java:onCompleted(104)) - fb6742ca-e1a8-43be-aadc-3c88f64884b8: appendEntries completed
2019-07-14 06:48:43,799 INFO  impl.StateMachineUpdater (StateMachineUpdater.java:takeSnapshot(242)) - StateMachineUpdater:54c5adbd-b69f-4eff-96a5-7b751c858806:group-2934EFD0A74F: Took a snapshot at index 2
2019-07-14 06:48:43,799 INFO  impl.StateMachineUpdater (StateMachineUpdater.java:lambda$new$0(80)) - StateMachineUpdater:54c5adbd-b69f-4eff-96a5-7b751c858806:group-2934EFD0A74F: snapshotIndex: updateIncreasingly -1 -> 2
2019-07-14 06:48:43,799 INFO  server.GrpcLogAppender (GrpcLogAppender.java:onCompleted(292)) - 54c5adbd-b69f-4eff-96a5-7b751c858806->9c852160-5e24-424f-84b3-d45afdc6000d: follower responses appendEntries COMPLETED
2019-07-14 06:48:43,799 INFO  impl.RaftServerImpl (ServerState.java:close(394)) - 54c5adbd-b69f-4eff-96a5-7b751c858806:group-2934EFD0A74F closes. The last applied log index is 2
2019-07-14 06:48:43,799 INFO  server.GrpcLogAppender (GrpcLogAppender.java:onCompleted(292)) - 54c5adbd-b69f-4eff-96a5-7b751c858806->fb6742ca-e1a8-43be-aadc-3c88f64884b8: follower responses appendEntries COMPLETED
2019-07-14 06:48:43,800 INFO  segmented.SegmentedRaftLogWorker (SegmentedRaftLogWorker.java:run(313)) - 54c5adbd-b69f-4eff-96a5-7b751c858806-SegmentedRaftLogWorker:Storage Directory /tmp/workdir/hadoop-ozone/integration-test/target/test-dir/MiniOzoneClusterImpl-28cace78-0a78-4e79-977f-7388f85db52e/datanode-0/data/ratis/870343c5-ac06-42f6-a1b2-2934efd0a74f was interrupted, exiting. There are 0 tasks remaining in the queue.
2019-07-14 06:48:43,800 INFO  impl.FollowerInfo (FollowerInfo.java:lambda$new$0(50)) - 54c5adbd-b69f-4eff-96a5-7b751c858806->fb6742ca-e1a8-43be-aadc-3c88f64884b8: nextIndex: updateUnconditionally 3 -> 2
2019-07-14 06:48:43,799 INFO  impl.FollowerInfo (FollowerInfo.java:lambda$new$0(50)) - 54c5adbd-b69f-4eff-96a5-7b751c858806->9c852160-5e24-424f-84b3-d45afdc6000d: nextIndex: updateUnconditionally 3 -> 2
2019-07-14 06:48:43,809 INFO  segmented.SegmentedRaftLogWorker (SegmentedRaftLogWorker.java:close(228)) - 54c5adbd-b69f-4eff-96a5-7b751c858806-SegmentedRaftLogWorker:Storage Directory /tmp/workdir/hadoop-ozone/integration-test/target/test-dir/MiniOzoneClusterImpl-28cace78-0a78-4e79-977f-7388f85db52e/datanode-0/data/ratis/870343c5-ac06-42f6-a1b2-2934efd0a74f close()
2019-07-14 06:48:43,831 INFO  server.GrpcService (GrpcService.java:closeImpl(155)) - 54c5adbd-b69f-4eff-96a5-7b751c858806: shutdown server with port 39741 now
2019-07-14 06:48:43,831 INFO  server.GrpcService (GrpcService.java:closeImpl(163)) - 54c5adbd-b69f-4eff-96a5-7b751c858806: shutdown server with port 39741 successfully
2019-07-14 06:48:43,832 INFO  utils.BackgroundService (BackgroundService.java:shutdown(148)) - Shutting down service BlockDeletingService
2019-07-14 06:48:43,834 WARN  fs.CachingGetSpaceUsed (CachingGetSpaceUsed.java:run(183)) - Thread Interrupted waiting to refresh disk information: sleep interrupted
2019-07-14 06:48:43,875 INFO  statemachine.DatanodeStateMachine (DatanodeStateMachine.java:stopDaemon(395)) - Ozone container server stopped.
2019-07-14 06:48:43,876 INFO  handler.ContextHandler (ContextHandler.java:doStop(910)) - Stopped o.e.j.w.WebAppContext@49976824{/,null,UNAVAILABLE}{/hddsDatanode}
2019-07-14 06:48:43,877 INFO  server.AbstractConnector (AbstractConnector.java:doStop(318)) - Stopped ServerConnector@2fc51562{HTTP/1.1,[http/1.1]}{0.0.0.0:0}
2019-07-14 06:48:43,877 INFO  handler.ContextHandler (ContextHandler.java:doStop(910)) - Stopped o.e.j.s.ServletContextHandler@4f1072ee{/static,jar:file:/home/user/.m2/repository/org/apache/hadoop/hadoop-hdds-container-service/0.5.0-SNAPSHOT/hadoop-hdds-container-service-0.5.0-SNAPSHOT.jar!/webapps/static,UNAVAILABLE}
2019-07-14 06:48:43,878 INFO  handler.ContextHandler (ContextHandler.java:doStop(910)) - Stopped o.e.j.s.ServletContextHandler@3e2a8fc{/logs,file:///tmp/workdir/hadoop-ozone/integration-test/target/log,UNAVAILABLE}
2019-07-14 06:48:44,393 WARN  server.GrpcLogAppender (LogUtils.java:warn(134)) - 5fa73f57-633f-4a9e-be98-152ac70662dd->0600c2b4-e1a3-427a-9fdb-084c61ff69c5: Failed appendEntries: org.apache.ratis.thirdparty.io.grpc.StatusRuntimeException: UNAVAILABLE: io exception
2019-07-14 06:48:44,393 WARN  server.GrpcLogAppender (LogUtils.java:warn(134)) - 5fa73f57-633f-4a9e-be98-152ac70662dd->d1bc6e12-59df-498f-9de7-253310cec742: Failed appendEntries: org.apache.ratis.thirdparty.io.grpc.StatusRuntimeException: UNAVAILABLE: io exception
2019-07-14 06:48:44,394 INFO  impl.FollowerInfo (FollowerInfo.java:lambda$new$0(50)) - 5fa73f57-633f-4a9e-be98-152ac70662dd->0600c2b4-e1a3-427a-9fdb-084c61ff69c5: nextIndex: updateUnconditionally 0 -> 0
2019-07-14 06:48:44,394 INFO  impl.FollowerInfo (FollowerInfo.java:lambda$new$0(50)) - 5fa73f57-633f-4a9e-be98-152ac70662dd->d1bc6e12-59df-498f-9de7-253310cec742: nextIndex: updateUnconditionally 0 -> 0
2019-07-14 06:48:44,396 WARN  server.GrpcLogAppender (LogUtils.java:warn(134)) - 3241ab05-47cd-4c48-9fea-5ddbdbaeef39->a1305044-e17b-4b59-833a-89d8bcd36db1: Failed appendEntries: org.apache.ratis.thirdparty.io.grpc.StatusRuntimeException: UNAVAILABLE: io exception
2019-07-14 06:48:44,396 WARN  server.GrpcLogAppender (LogUtils.java:warn(134)) - 3241ab05-47cd-4c48-9fea-5ddbdbaeef39->2fef8973-174d-48d8-963e-54cf9187de8a: Failed appendEntries: org.apache.ratis.thirdparty.io.grpc.StatusRuntimeException: UNAVAILABLE: io exception
2019-07-14 06:48:44,396 INFO  impl.FollowerInfo (FollowerInfo.java:lambda$new$0(50)) - 3241ab05-47cd-4c48-9fea-5ddbdbaeef39->a1305044-e17b-4b59-833a-89d8bcd36db1: nextIndex: updateUnconditionally 0 -> 0
2019-07-14 06:48:44,396 INFO  impl.FollowerInfo (FollowerInfo.java:lambda$new$0(50)) - 3241ab05-47cd-4c48-9fea-5ddbdbaeef39->2fef8973-174d-48d8-963e-54cf9187de8a: nextIndex: updateUnconditionally 0 -> 0
2019-07-14 06:48:45,940 INFO  client.GrpcClientProtocolClient (GrpcClientProtocolClient.java:onNext(255)) - client-493D30CD920F->9c852160-5e24-424f-84b3-d45afdc6000d: receive RaftClientReply:client-493D30CD920F->9c852160-5e24-424f-84b3-d45afdc6000d@group-2934EFD0A74F, cid=107, FAILED org.apache.ratis.protocol.NotLeaderException: Server 9c852160-5e24-424f-84b3-d45afdc6000d is not the leader (54c5adbd-b69f-4eff-96a5-7b751c858806:192.168.5.144:39741). Request must be sent to leader., logIndex=0, commits[9c852160-5e24-424f-84b3-d45afdc6000d:c2, 54c5adbd-b69f-4eff-96a5-7b751c858806:c2, fb6742ca-e1a8-43be-aadc-3c88f64884b8:c2]
2019-07-14 06:48:46,894 WARN  server.GrpcLogAppender (LogUtils.java:warn(134)) - 5fa73f57-633f-4a9e-be98-152ac70662dd->0600c2b4-e1a3-427a-9fdb-084c61ff69c5: Failed appendEntries: org.apache.ratis.thirdparty.io.grpc.StatusRuntimeException: UNAVAILABLE: io exception
2019-07-14 06:48:46,894 WARN  server.GrpcLogAppender (LogUtils.java:warn(134)) - 5fa73f57-633f-4a9e-be98-152ac70662dd->d1bc6e12-59df-498f-9de7-253310cec742: Failed appendEntries: org.apache.ratis.thirdparty.io.grpc.StatusRuntimeException: UNAVAILABLE: io exception
2019-07-14 06:48:46,895 INFO  impl.FollowerInfo (FollowerInfo.java:lambda$new$0(50)) - 5fa73f57-633f-4a9e-be98-152ac70662dd->0600c2b4-e1a3-427a-9fdb-084c61ff69c5: nextIndex: updateUnconditionally 0 -> 0
2019-07-14 06:48:46,895 INFO  impl.FollowerInfo (FollowerInfo.java:lambda$new$0(50)) - 5fa73f57-633f-4a9e-be98-152ac70662dd->d1bc6e12-59df-498f-9de7-253310cec742: nextIndex: updateUnconditionally 0 -> 0
2019-07-14 06:48:46,896 WARN  server.GrpcLogAppender (LogUtils.java:warn(134)) - 3241ab05-47cd-4c48-9fea-5ddbdbaeef39->2fef8973-174d-48d8-963e-54cf9187de8a: Failed appendEntries: org.apache.ratis.thirdparty.io.grpc.StatusRuntimeException: UNAVAILABLE: io exception
2019-07-14 06:48:46,896 WARN  server.GrpcLogAppender (LogUtils.java:warn(134)) - 3241ab05-47cd-4c48-9fea-5ddbdbaeef39->a1305044-e17b-4b59-833a-89d8bcd36db1: Failed appendEntries: org.apache.ratis.thirdparty.io.grpc.StatusRuntimeException: UNAVAILABLE: io exception
2019-07-14 06:48:46,896 INFO  impl.FollowerInfo (FollowerInfo.java:lambda$new$0(50)) - 3241ab05-47cd-4c48-9fea-5ddbdbaeef39->2fef8973-174d-48d8-963e-54cf9187de8a: nextIndex: updateUnconditionally 0 -> 0
2019-07-14 06:48:46,897 INFO  impl.FollowerInfo (FollowerInfo.java:lambda$new$0(50)) - 3241ab05-47cd-4c48-9fea-5ddbdbaeef39->a1305044-e17b-4b59-833a-89d8bcd36db1: nextIndex: updateUnconditionally 0 -> 0
2019-07-14 06:48:46,998 INFO  client.GrpcClientProtocolClient (GrpcClientProtocolClient.java:onNext(255)) - client-493D30CD920F->fb6742ca-e1a8-43be-aadc-3c88f64884b8: receive RaftClientReply:client-493D30CD920F->fb6742ca-e1a8-43be-aadc-3c88f64884b8@group-2934EFD0A74F, cid=107, FAILED org.apache.ratis.protocol.NotLeaderException: Server fb6742ca-e1a8-43be-aadc-3c88f64884b8 is not the leader (54c5adbd-b69f-4eff-96a5-7b751c858806:192.168.5.144:39741). Request must be sent to leader., logIndex=0, commits[fb6742ca-e1a8-43be-aadc-3c88f64884b8:c2, 9c852160-5e24-424f-84b3-d45afdc6000d:c2, 54c5adbd-b69f-4eff-96a5-7b751c858806:c2]
2019-07-14 06:48:48,052 INFO  client.GrpcClientProtocolClient (GrpcClientProtocolClient.java:onNext(255)) - client-493D30CD920F->9c852160-5e24-424f-84b3-d45afdc6000d: receive RaftClientReply:client-493D30CD920F->9c852160-5e24-424f-84b3-d45afdc6000d@group-2934EFD0A74F, cid=107, FAILED org.apache.ratis.protocol.NotLeaderException: Server 9c852160-5e24-424f-84b3-d45afdc6000d is not the leader (54c5adbd-b69f-4eff-96a5-7b751c858806:192.168.5.144:39741). Request must be sent to leader., logIndex=0, commits[9c852160-5e24-424f-84b3-d45afdc6000d:c2, 54c5adbd-b69f-4eff-96a5-7b751c858806:c2, fb6742ca-e1a8-43be-aadc-3c88f64884b8:c2]
]]></system-out>
    <system-err><![CDATA[Jul 14, 2019 6:48:28 AM com.sun.jersey.server.impl.application.WebApplicationImpl _initiate
INFO: Initiating Jersey application, version 'Jersey: 1.19 02/11/2015 03:25 AM'
Jul 14, 2019 6:48:28 AM com.sun.jersey.server.impl.application.WebApplicationImpl _initiate
INFO: Initiating Jersey application, version 'Jersey: 1.19 02/11/2015 03:25 AM'
Jul 14, 2019 6:48:29 AM com.sun.jersey.server.impl.application.WebApplicationImpl _initiate
INFO: Initiating Jersey application, version 'Jersey: 1.19 02/11/2015 03:25 AM'
Jul 14, 2019 6:48:29 AM com.sun.jersey.server.impl.application.WebApplicationImpl _initiate
INFO: Initiating Jersey application, version 'Jersey: 1.19 02/11/2015 03:25 AM'
Jul 14, 2019 6:48:29 AM com.sun.jersey.server.impl.application.WebApplicationImpl _initiate
INFO: Initiating Jersey application, version 'Jersey: 1.19 02/11/2015 03:25 AM'
Jul 14, 2019 6:48:30 AM com.sun.jersey.server.impl.application.WebApplicationImpl _initiate
INFO: Initiating Jersey application, version 'Jersey: 1.19 02/11/2015 03:25 AM'
Jul 14, 2019 6:48:30 AM com.sun.jersey.server.impl.application.WebApplicationImpl _initiate
INFO: Initiating Jersey application, version 'Jersey: 1.19 02/11/2015 03:25 AM'
Jul 14, 2019 6:48:31 AM org.apache.ratis.thirdparty.io.grpc.internal.ManagedChannelOrphanWrapper$ManagedChannelReference cleanQueue
SEVERE: *~*~*~ Channel ManagedChannelImpl{logId=1292, target=192.168.5.144:46247} was not shutdown properly!!! ~*~*~*
    Make sure to call shutdown()/shutdownNow() and wait until awaitTermination() returns true.
java.lang.RuntimeException: ManagedChannel allocation site
	at org.apache.ratis.thirdparty.io.grpc.internal.ManagedChannelOrphanWrapper$ManagedChannelReference.<init>(ManagedChannelOrphanWrapper.java:103)
	at org.apache.ratis.thirdparty.io.grpc.internal.ManagedChannelOrphanWrapper.<init>(ManagedChannelOrphanWrapper.java:53)
	at org.apache.ratis.thirdparty.io.grpc.internal.ManagedChannelOrphanWrapper.<init>(ManagedChannelOrphanWrapper.java:44)
	at org.apache.ratis.thirdparty.io.grpc.internal.AbstractManagedChannelImplBuilder.build(AbstractManagedChannelImplBuilder.java:411)
	at org.apache.ratis.grpc.client.GrpcClientProtocolClient.<init>(GrpcClientProtocolClient.java:119)
	at org.apache.ratis.grpc.client.GrpcClientRpc.lambda$new$0(GrpcClientRpc.java:55)
	at org.apache.ratis.util.PeerProxyMap$PeerAndProxy.lambda$getProxy$0(PeerProxyMap.java:61)
	at org.apache.ratis.util.LifeCycle.startAndTransition(LifeCycle.java:202)
	at org.apache.ratis.util.PeerProxyMap$PeerAndProxy.getProxy(PeerProxyMap.java:60)
	at org.apache.ratis.util.PeerProxyMap.getProxy(PeerProxyMap.java:107)
	at org.apache.ratis.grpc.client.GrpcClientRpc.sendRequestAsync(GrpcClientRpc.java:66)
	at org.apache.ratis.client.impl.OrderedAsync.sendRequest(OrderedAsync.java:208)
	at org.apache.ratis.client.impl.OrderedAsync.sendRequestWithRetry(OrderedAsync.java:169)
	at org.apache.ratis.util.SlidingWindow$Client.sendOrDelayRequest(SlidingWindow.java:278)
	at org.apache.ratis.util.SlidingWindow$Client.retry(SlidingWindow.java:294)
	at org.apache.ratis.client.impl.OrderedAsync.lambda$scheduleWithTimeout$7(OrderedAsync.java:195)
	at org.apache.ratis.util.TimeoutScheduler.lambda$onTimeout$0(TimeoutScheduler.java:85)
	at org.apache.ratis.util.TimeoutScheduler.lambda$onTimeout$1(TimeoutScheduler.java:104)
	at org.apache.ratis.util.LogUtils.runAndLog(LogUtils.java:50)
	at org.apache.ratis.util.LogUtils$1.run(LogUtils.java:91)
	at java.util.concurrent.Executors$RunnableAdapter.call(Executors.java:511)
	at java.util.concurrent.FutureTask.run(FutureTask.java:266)
	at java.util.concurrent.ScheduledThreadPoolExecutor$ScheduledFutureTask.access$201(ScheduledThreadPoolExecutor.java:180)
	at java.util.concurrent.ScheduledThreadPoolExecutor$ScheduledFutureTask.run(ScheduledThreadPoolExecutor.java:293)
	at java.util.concurrent.ThreadPoolExecutor.runWorker(ThreadPoolExecutor.java:1149)
	at java.util.concurrent.ThreadPoolExecutor$Worker.run(ThreadPoolExecutor.java:624)
	at java.lang.Thread.run(Thread.java:748)

]]></system-err>
  </testcase>
</testsuite>