<?xml version="1.0" encoding="UTF-8"?>
<testsuite xmlns:xsi="http://www.w3.org/2001/XMLSchema-instance" xsi:noNamespaceSchemaLocation="https://maven.apache.org/surefire/maven-surefire-plugin/xsd/surefire-test-report.xsd" name="org.apache.hadoop.ozone.freon.TestRandomKeyGenerator" time="111.461" tests="5" errors="1" skipped="0" failures="0">
  <properties>
    <property name="awt.toolkit" value="sun.awt.X11.XToolkit"/>
    <property name="file.encoding.pkg" value="sun.io"/>
    <property name="java.specification.version" value="1.8"/>
    <property name="sun.cpu.isalist" value=""/>
    <property name="sun.jnu.encoding" value="UTF-8"/>
    <property name="java.class.path" value="/tmp/workdir/hadoop-ozone/tools/target/test-classes:/tmp/workdir/hadoop-ozone/tools/target/classes:/tmp/workdir/hadoop-ozone/ozone-manager/target/classes:/tmp/workdir/hadoop-hdds/docs/target/classes:/home/user/.m2/repository/org/bouncycastle/bcprov-jdk15on/1.60/bcprov-jdk15on-1.60.jar:/tmp/workdir/hadoop-ozone/common/target/classes:/home/user/.m2/repository/org/apache/commons/commons-compress/1.4.1/commons-compress-1.4.1.jar:/home/user/.m2/repository/org/tukaani/xz/1.0/xz-1.0.jar:/home/user/.m2/repository/org/apache/hadoop/hadoop-hdfs-client/3.2.0/hadoop-hdfs-client-3.2.0.jar:/home/user/.m2/repository/com/fasterxml/jackson/core/jackson-annotations/2.9.5/jackson-annotations-2.9.5.jar:/tmp/workdir/hadoop-hdds/common/target/classes:/tmp/workdir/hadoop-hdds/config/target/classes:/home/user/.m2/repository/javax/annotation/javax.annotation-api/1.2/javax.annotation-api-1.2.jar:/home/user/.m2/repository/org/apache/ratis/ratis-server/0.4.0-2337318-SNAPSHOT/ratis-server-0.4.0-2337318-SNAPSHOT.jar:/home/user/.m2/repository/org/apache/ratis/ratis-thirdparty-misc/0.2.0/ratis-thirdparty-misc-0.2.0.jar:/home/user/.m2/repository/org/apache/ratis/ratis-proto/0.4.0-2337318-SNAPSHOT/ratis-proto-0.4.0-2337318-SNAPSHOT.jar:/home/user/.m2/repository/org/apache/ratis/ratis-common/0.4.0-2337318-SNAPSHOT/ratis-common-0.4.0-2337318-SNAPSHOT.jar:/home/user/.m2/repository/org/apache/ratis/ratis-client/0.4.0-2337318-SNAPSHOT/ratis-client-0.4.0-2337318-SNAPSHOT.jar:/home/user/.m2/repository/org/apache/ratis/ratis-metrics/0.4.0-2337318-SNAPSHOT/ratis-metrics-0.4.0-2337318-SNAPSHOT.jar:/home/user/.m2/repository/org/apache/ratis/ratis-netty/0.4.0-2337318-SNAPSHOT/ratis-netty-0.4.0-2337318-SNAPSHOT.jar:/home/user/.m2/repository/org/apache/ratis/ratis-grpc/0.4.0-2337318-SNAPSHOT/ratis-grpc-0.4.0-2337318-SNAPSHOT.jar:/home/user/.m2/repository/org/rocksdb/rocksdbjni/6.0.1/rocksdbjni-6.0.1.jar:/home/user/.m2/repository/org/apache/logging/log4j/log4j-api/2.11.0/log4j-api-2.11.0.jar:/home/user/.m2/repository/org/apache/logging/log4j/log4j-core/2.11.0/log4j-core-2.11.0.jar:/home/user/.m2/repository/com/lmax/disruptor/3.4.2/disruptor-3.4.2.jar:/home/user/.m2/repository/org/apache/commons/commons-pool2/2.6.0/commons-pool2-2.6.0.jar:/home/user/.m2/repository/org/bouncycastle/bcpkix-jdk15on/1.60/bcpkix-jdk15on-1.60.jar:/home/user/.m2/repository/commons-validator/commons-validator/1.6/commons-validator-1.6.jar:/home/user/.m2/repository/commons-digester/commons-digester/1.8.1/commons-digester-1.8.1.jar:/home/user/.m2/repository/io/jaegertracing/jaeger-client/0.33.1/jaeger-client-0.33.1.jar:/home/user/.m2/repository/io/jaegertracing/jaeger-thrift/0.33.1/jaeger-thrift-0.33.1.jar:/home/user/.m2/repository/org/apache/thrift/libthrift/0.11.0/libthrift-0.11.0.jar:/home/user/.m2/repository/com/squareup/okhttp3/okhttp/3.9.0/okhttp-3.9.0.jar:/home/user/.m2/repository/com/squareup/okio/okio/1.13.0/okio-1.13.0.jar:/home/user/.m2/repository/io/jaegertracing/jaeger-core/0.33.1/jaeger-core-0.33.1.jar:/home/user/.m2/repository/io/jaegertracing/jaeger-tracerresolver/0.33.1/jaeger-tracerresolver-0.33.1.jar:/home/user/.m2/repository/io/opentracing/contrib/opentracing-tracerresolver/0.1.5/opentracing-tracerresolver-0.1.5.jar:/home/user/.m2/repository/io/opentracing/opentracing-util/0.31.0/opentracing-util-0.31.0.jar:/home/user/.m2/repository/io/opentracing/opentracing-api/0.31.0/opentracing-api-0.31.0.jar:/home/user/.m2/repository/io/opentracing/opentracing-noop/0.31.0/opentracing-noop-0.31.0.jar:/home/user/.m2/repository/org/yaml/snakeyaml/1.16/snakeyaml-1.16.jar:/tmp/workdir/hadoop-hdds/container-service/target/classes:/tmp/workdir/hadoop-hdds/client/target/classes:/tmp/workdir/hadoop-hdds/tools/target/classes:/home/user/.m2/repository/org/xerial/sqlite-jdbc/3.25.2/sqlite-jdbc-3.25.2.jar:/tmp/workdir/hadoop-hdds/server-scm/target/classes:/home/user/.m2/repository/org/hamcrest/hamcrest-all/1.3/hamcrest-all-1.3.jar:/home/user/.m2/repository/info/picocli/picocli/3.9.6/picocli-3.9.6.jar:/home/user/.m2/repository/com/google/protobuf/protobuf-java/2.5.0/protobuf-java-2.5.0.jar:/home/user/.m2/repository/com/google/guava/guava/11.0.2/guava-11.0.2.jar:/tmp/workdir/hadoop-ozone/client/target/classes:/home/user/.m2/repository/org/apache/hadoop/hadoop-ozone-filesystem/0.5.0-SNAPSHOT/hadoop-ozone-filesystem-0.5.0-SNAPSHOT.jar:/tmp/workdir/hadoop-hdds/framework/target/classes:/home/user/.m2/repository/org/apache/hadoop/hadoop-common/3.2.0/hadoop-common-3.2.0.jar:/home/user/.m2/repository/org/apache/hadoop/hadoop-annotations/3.2.0/hadoop-annotations-3.2.0.jar:/usr/lib/jvm/java-1.8-openjdk/jre/../lib/tools.jar:/home/user/.m2/repository/commons-cli/commons-cli/1.2/commons-cli-1.2.jar:/home/user/.m2/repository/org/apache/commons/commons-math3/3.1.1/commons-math3-3.1.1.jar:/home/user/.m2/repository/org/apache/httpcomponents/httpclient/4.5.2/httpclient-4.5.2.jar:/home/user/.m2/repository/org/apache/httpcomponents/httpcore/4.4.4/httpcore-4.4.4.jar:/home/user/.m2/repository/commons-codec/commons-codec/1.11/commons-codec-1.11.jar:/home/user/.m2/repository/commons-io/commons-io/2.5/commons-io-2.5.jar:/home/user/.m2/repository/commons-net/commons-net/3.6/commons-net-3.6.jar:/home/user/.m2/repository/commons-collections/commons-collections/3.2.2/commons-collections-3.2.2.jar:/home/user/.m2/repository/javax/servlet/javax.servlet-api/3.1.0/javax.servlet-api-3.1.0.jar:/home/user/.m2/repository/org/eclipse/jetty/jetty-server/9.3.24.v20180605/jetty-server-9.3.24.v20180605.jar:/home/user/.m2/repository/org/eclipse/jetty/jetty-http/9.3.24.v20180605/jetty-http-9.3.24.v20180605.jar:/home/user/.m2/repository/org/eclipse/jetty/jetty-io/9.3.24.v20180605/jetty-io-9.3.24.v20180605.jar:/home/user/.m2/repository/org/eclipse/jetty/jetty-util/9.3.24.v20180605/jetty-util-9.3.24.v20180605.jar:/home/user/.m2/repository/org/eclipse/jetty/jetty-servlet/9.3.24.v20180605/jetty-servlet-9.3.24.v20180605.jar:/home/user/.m2/repository/org/eclipse/jetty/jetty-security/9.3.24.v20180605/jetty-security-9.3.24.v20180605.jar:/home/user/.m2/repository/org/eclipse/jetty/jetty-webapp/9.3.24.v20180605/jetty-webapp-9.3.24.v20180605.jar:/home/user/.m2/repository/org/eclipse/jetty/jetty-xml/9.3.24.v20180605/jetty-xml-9.3.24.v20180605.jar:/home/user/.m2/repository/javax/servlet/jsp/jsp-api/2.1/jsp-api-2.1.jar:/home/user/.m2/repository/com/sun/jersey/jersey-core/1.19/jersey-core-1.19.jar:/home/user/.m2/repository/javax/ws/rs/jsr311-api/1.1.1/jsr311-api-1.1.1.jar:/home/user/.m2/repository/com/sun/jersey/jersey-servlet/1.19/jersey-servlet-1.19.jar:/home/user/.m2/repository/com/sun/jersey/jersey-json/1.19/jersey-json-1.19.jar:/home/user/.m2/repository/org/codehaus/jettison/jettison/1.1/jettison-1.1.jar:/home/user/.m2/repository/com/sun/xml/bind/jaxb-impl/2.3.0.1/jaxb-impl-2.3.0.1.jar:/home/user/.m2/repository/org/codehaus/jackson/jackson-core-asl/1.9.13/jackson-core-asl-1.9.13.jar:/home/user/.m2/repository/org/codehaus/jackson/jackson-mapper-asl/1.9.13/jackson-mapper-asl-1.9.13.jar:/home/user/.m2/repository/org/codehaus/jackson/jackson-jaxrs/1.9.13/jackson-jaxrs-1.9.13.jar:/home/user/.m2/repository/org/codehaus/jackson/jackson-xc/1.9.13/jackson-xc-1.9.13.jar:/home/user/.m2/repository/com/sun/jersey/jersey-server/1.19/jersey-server-1.19.jar:/home/user/.m2/repository/commons-logging/commons-logging/1.1.3/commons-logging-1.1.3.jar:/home/user/.m2/repository/log4j/log4j/1.2.17/log4j-1.2.17.jar:/home/user/.m2/repository/commons-beanutils/commons-beanutils/1.9.3/commons-beanutils-1.9.3.jar:/home/user/.m2/repository/org/apache/commons/commons-configuration2/2.1.1/commons-configuration2-2.1.1.jar:/home/user/.m2/repository/org/apache/commons/commons-lang3/3.7/commons-lang3-3.7.jar:/home/user/.m2/repository/org/apache/commons/commons-text/1.4/commons-text-1.4.jar:/home/user/.m2/repository/org/slf4j/slf4j-api/1.7.25/slf4j-api-1.7.25.jar:/home/user/.m2/repository/org/slf4j/slf4j-log4j12/1.7.25/slf4j-log4j12-1.7.25.jar:/home/user/.m2/repository/org/apache/avro/avro/1.7.7/avro-1.7.7.jar:/home/user/.m2/repository/com/thoughtworks/paranamer/paranamer/2.3/paranamer-2.3.jar:/home/user/.m2/repository/org/xerial/snappy/snappy-java/1.0.5/snappy-java-1.0.5.jar:/home/user/.m2/repository/com/google/re2j/re2j/1.1/re2j-1.1.jar:/home/user/.m2/repository/com/google/code/gson/gson/2.2.4/gson-2.2.4.jar:/home/user/.m2/repository/org/apache/hadoop/hadoop-auth/3.2.0/hadoop-auth-3.2.0.jar:/home/user/.m2/repository/com/nimbusds/nimbus-jose-jwt/4.41.1/nimbus-jose-jwt-4.41.1.jar:/home/user/.m2/repository/com/github/stephenc/jcip/jcip-annotations/1.0-1/jcip-annotations-1.0-1.jar:/home/user/.m2/repository/net/minidev/json-smart/2.3/json-smart-2.3.jar:/home/user/.m2/repository/net/minidev/accessors-smart/1.2/accessors-smart-1.2.jar:/home/user/.m2/repository/org/apache/curator/curator-framework/2.12.0/curator-framework-2.12.0.jar:/home/user/.m2/repository/com/jcraft/jsch/0.1.54/jsch-0.1.54.jar:/home/user/.m2/repository/org/apache/curator/curator-client/2.12.0/curator-client-2.12.0.jar:/home/user/.m2/repository/org/apache/curator/curator-recipes/2.12.0/curator-recipes-2.12.0.jar:/home/user/.m2/repository/com/google/code/findbugs/jsr305/3.0.0/jsr305-3.0.0.jar:/home/user/.m2/repository/org/apache/htrace/htrace-core4/4.1.0-incubating/htrace-core4-4.1.0-incubating.jar:/home/user/.m2/repository/org/apache/zookeeper/zookeeper/3.4.13/zookeeper-3.4.13.jar:/home/user/.m2/repository/org/apache/yetus/audience-annotations/0.5.0/audience-annotations-0.5.0.jar:/home/user/.m2/repository/org/apache/kerby/kerb-simplekdc/1.0.1/kerb-simplekdc-1.0.1.jar:/home/user/.m2/repository/org/apache/kerby/kerb-client/1.0.1/kerb-client-1.0.1.jar:/home/user/.m2/repository/org/apache/kerby/kerby-config/1.0.1/kerby-config-1.0.1.jar:/home/user/.m2/repository/org/apache/kerby/kerb-core/1.0.1/kerb-core-1.0.1.jar:/home/user/.m2/repository/org/apache/kerby/kerby-pkix/1.0.1/kerby-pkix-1.0.1.jar:/home/user/.m2/repository/org/apache/kerby/kerby-asn1/1.0.1/kerby-asn1-1.0.1.jar:/home/user/.m2/repository/org/apache/kerby/kerby-util/1.0.1/kerby-util-1.0.1.jar:/home/user/.m2/repository/org/apache/kerby/kerb-common/1.0.1/kerb-common-1.0.1.jar:/home/user/.m2/repository/org/apache/kerby/kerb-crypto/1.0.1/kerb-crypto-1.0.1.jar:/home/user/.m2/repository/org/apache/kerby/kerb-util/1.0.1/kerb-util-1.0.1.jar:/home/user/.m2/repository/org/apache/kerby/token-provider/1.0.1/token-provider-1.0.1.jar:/home/user/.m2/repository/org/apache/kerby/kerb-admin/1.0.1/kerb-admin-1.0.1.jar:/home/user/.m2/repository/org/apache/kerby/kerb-server/1.0.1/kerb-server-1.0.1.jar:/home/user/.m2/repository/org/apache/kerby/kerb-identity/1.0.1/kerb-identity-1.0.1.jar:/home/user/.m2/repository/org/apache/kerby/kerby-xdr/1.0.1/kerby-xdr-1.0.1.jar:/home/user/.m2/repository/com/fasterxml/jackson/core/jackson-databind/2.9.5/jackson-databind-2.9.5.jar:/home/user/.m2/repository/com/fasterxml/jackson/core/jackson-core/2.9.5/jackson-core-2.9.5.jar:/home/user/.m2/repository/org/codehaus/woodstox/stax2-api/3.1.4/stax2-api-3.1.4.jar:/home/user/.m2/repository/com/fasterxml/woodstox/woodstox-core/5.0.3/woodstox-core-5.0.3.jar:/home/user/.m2/repository/dnsjava/dnsjava/2.1.7/dnsjava-2.1.7.jar:/home/user/.m2/repository/org/apache/hadoop/hadoop-hdfs/3.2.0/hadoop-hdfs-3.2.0.jar:/home/user/.m2/repository/org/eclipse/jetty/jetty-util-ajax/9.3.24.v20180605/jetty-util-ajax-9.3.24.v20180605.jar:/home/user/.m2/repository/commons-daemon/commons-daemon/1.0.13/commons-daemon-1.0.13.jar:/home/user/.m2/repository/io/netty/netty/3.10.5.Final/netty-3.10.5.Final.jar:/home/user/.m2/repository/io/netty/netty-all/4.0.52.Final/netty-all-4.0.52.Final.jar:/home/user/.m2/repository/org/fusesource/leveldbjni/leveldbjni-all/1.8/leveldbjni-all-1.8.jar:/home/user/.m2/repository/com/sun/xml/bind/jaxb-core/2.3.0.1/jaxb-core-2.3.0.1.jar:/home/user/.m2/repository/javax/xml/bind/jaxb-api/2.3.0/jaxb-api-2.3.0.jar:/home/user/.m2/repository/javax/activation/activation/1.1.1/activation-1.1.1.jar:/home/user/.m2/repository/io/dropwizard/metrics/metrics-core/3.2.4/metrics-core-3.2.4.jar:/home/user/.m2/repository/org/openjdk/jmh/jmh-core/1.19/jmh-core-1.19.jar:/home/user/.m2/repository/net/sf/jopt-simple/jopt-simple/4.6/jopt-simple-4.6.jar:/home/user/.m2/repository/org/openjdk/jmh/jmh-generator-annprocess/1.19/jmh-generator-annprocess-1.19.jar:/home/user/.m2/repository/com/google/code/findbugs/findbugs/3.0.1/findbugs-3.0.1.jar:/home/user/.m2/repository/net/jcip/jcip-annotations/1.0/jcip-annotations-1.0.jar:/home/user/.m2/repository/com/google/code/findbugs/bcel-findbugs/6.0/bcel-findbugs-6.0.jar:/home/user/.m2/repository/com/google/code/findbugs/jFormatString/2.0.1/jFormatString-2.0.1.jar:/home/user/.m2/repository/dom4j/dom4j/1.6.1/dom4j-1.6.1.jar:/home/user/.m2/repository/xml-apis/xml-apis/1.0.b2/xml-apis-1.0.b2.jar:/home/user/.m2/repository/org/ow2/asm/asm-debug-all/5.0.2/asm-debug-all-5.0.2.jar:/home/user/.m2/repository/org/ow2/asm/asm-commons/5.0.2/asm-commons-5.0.2.jar:/home/user/.m2/repository/org/ow2/asm/asm-tree/5.0.2/asm-tree-5.0.2.jar:/home/user/.m2/repository/org/ow2/asm/asm/5.0.4/asm-5.0.4.jar:/home/user/.m2/repository/commons-lang/commons-lang/2.6/commons-lang-2.6.jar:/home/user/.m2/repository/com/apple/AppleJavaExtensions/1.4/AppleJavaExtensions-1.4.jar:/home/user/.m2/repository/jaxen/jaxen/1.1.6/jaxen-1.1.6.jar:/home/user/.m2/repository/junit/junit/4.11/junit-4.11.jar:/home/user/.m2/repository/org/hamcrest/hamcrest-core/1.3/hamcrest-core-1.3.jar:/home/user/.m2/repository/org/apache/hadoop/hadoop-common/3.2.0/hadoop-common-3.2.0-tests.jar:/home/user/.m2/repository/org/apache/hadoop/hadoop-ozone-integration-test/0.5.0-SNAPSHOT/hadoop-ozone-integration-test-0.5.0-SNAPSHOT-tests.jar:/tmp/workdir/hadoop-ozone/objectstore-service/target/classes:/tmp/workdir/hadoop-ozone/s3gateway/target/classes:/home/user/.m2/repository/org/jboss/weld/servlet/weld-servlet/2.4.7.Final/weld-servlet-2.4.7.Final.jar:/home/user/.m2/repository/org/glassfish/jersey/containers/jersey-container-servlet-core/2.27/jersey-container-servlet-core-2.27.jar:/home/user/.m2/repository/org/glassfish/hk2/external/javax.inject/2.5.0-b42/javax.inject-2.5.0-b42.jar:/home/user/.m2/repository/org/glassfish/jersey/core/jersey-common/2.27/jersey-common-2.27.jar:/home/user/.m2/repository/org/glassfish/hk2/osgi-resource-locator/1.0.1/osgi-resource-locator-1.0.1.jar:/home/user/.m2/repository/javax/ws/rs/javax.ws.rs-api/2.1/javax.ws.rs-api-2.1.jar:/home/user/.m2/repository/org/glassfish/jersey/ext/cdi/jersey-cdi1x/2.27/jersey-cdi1x-2.27.jar:/home/user/.m2/repository/org/glassfish/jersey/inject/jersey-hk2/2.27/jersey-hk2-2.27.jar:/home/user/.m2/repository/org/glassfish/hk2/hk2-locator/2.5.0-b42/hk2-locator-2.5.0-b42.jar:/home/user/.m2/repository/org/javassist/javassist/3.22.0-CR2/javassist-3.22.0-CR2.jar:/home/user/.m2/repository/org/glassfish/hk2/hk2-api/2.5.0/hk2-api-2.5.0.jar:/home/user/.m2/repository/org/glassfish/hk2/external/jakarta.inject/2.5.0/jakarta.inject-2.5.0.jar:/home/user/.m2/repository/org/glassfish/hk2/hk2-utils/2.5.0/hk2-utils-2.5.0.jar:/home/user/.m2/repository/jakarta/annotation/jakarta.annotation-api/1.3.4/jakarta.annotation-api-1.3.4.jar:/home/user/.m2/repository/org/glassfish/hk2/external/aopalliance-repackaged/2.5.0/aopalliance-repackaged-2.5.0.jar:/home/user/.m2/repository/com/fasterxml/jackson/dataformat/jackson-dataformat-xml/2.9.0/jackson-dataformat-xml-2.9.0.jar:/home/user/.m2/repository/com/fasterxml/jackson/module/jackson-module-jaxb-annotations/2.9.5/jackson-module-jaxb-annotations-2.9.5.jar:/home/user/.m2/repository/javax/enterprise/cdi-api/1.2/cdi-api-1.2.jar:/home/user/.m2/repository/javax/el/javax.el-api/3.0.0/javax.el-api-3.0.0.jar:/home/user/.m2/repository/javax/interceptor/javax.interceptor-api/1.2/javax.interceptor-api-1.2.jar:/home/user/.m2/repository/javax/inject/javax.inject/1/javax.inject-1.jar:/tmp/workdir/hadoop-ozone/csi/target/classes:/home/user/.m2/repository/com/google/protobuf/protobuf-java-util/3.5.1/protobuf-java-util-3.5.1.jar:/home/user/.m2/repository/io/grpc/grpc-netty/1.17.1/grpc-netty-1.17.1.jar:/home/user/.m2/repository/io/grpc/grpc-core/1.17.1/grpc-core-1.17.1.jar:/home/user/.m2/repository/io/grpc/grpc-context/1.17.1/grpc-context-1.17.1.jar:/home/user/.m2/repository/com/google/errorprone/error_prone_annotations/2.2.0/error_prone_annotations-2.2.0.jar:/home/user/.m2/repository/org/codehaus/mojo/animal-sniffer-annotations/1.17/animal-sniffer-annotations-1.17.jar:/home/user/.m2/repository/io/opencensus/opencensus-api/0.17.0/opencensus-api-0.17.0.jar:/home/user/.m2/repository/io/opencensus/opencensus-contrib-grpc-metrics/0.17.0/opencensus-contrib-grpc-metrics-0.17.0.jar:/home/user/.m2/repository/io/netty/netty-codec-http2/4.1.30.Final/netty-codec-http2-4.1.30.Final.jar:/home/user/.m2/repository/io/netty/netty-codec-http/4.1.30.Final/netty-codec-http-4.1.30.Final.jar:/home/user/.m2/repository/io/netty/netty-codec/4.1.30.Final/netty-codec-4.1.30.Final.jar:/home/user/.m2/repository/io/netty/netty-handler/4.1.30.Final/netty-handler-4.1.30.Final.jar:/home/user/.m2/repository/io/netty/netty-handler-proxy/4.1.30.Final/netty-handler-proxy-4.1.30.Final.jar:/home/user/.m2/repository/io/netty/netty-codec-socks/4.1.30.Final/netty-codec-socks-4.1.30.Final.jar:/home/user/.m2/repository/io/netty/netty-transport-native-epoll/4.1.30.Final/netty-transport-native-epoll-4.1.30.Final.jar:/home/user/.m2/repository/io/netty/netty-common/4.1.30.Final/netty-common-4.1.30.Final.jar:/home/user/.m2/repository/io/netty/netty-buffer/4.1.30.Final/netty-buffer-4.1.30.Final.jar:/home/user/.m2/repository/io/netty/netty-transport/4.1.30.Final/netty-transport-4.1.30.Final.jar:/home/user/.m2/repository/io/netty/netty-resolver/4.1.30.Final/netty-resolver-4.1.30.Final.jar:/home/user/.m2/repository/io/netty/netty-transport-native-unix-common/4.1.30.Final/netty-transport-native-unix-common-4.1.30.Final.jar:/home/user/.m2/repository/io/grpc/grpc-protobuf/1.17.1/grpc-protobuf-1.17.1.jar:/home/user/.m2/repository/com/google/api/grpc/proto-google-common-protos/1.0.0/proto-google-common-protos-1.0.0.jar:/home/user/.m2/repository/io/grpc/grpc-protobuf-lite/1.17.1/grpc-protobuf-lite-1.17.1.jar:/home/user/.m2/repository/io/grpc/grpc-stub/1.17.1/grpc-stub-1.17.1.jar:/tmp/workdir/hadoop-ozone/ozone-recon/target/classes:/tmp/workdir/hadoop-ozone/ozone-recon-codegen/target/classes:/home/user/.m2/repository/com/google/inject/extensions/guice-multibindings/4.0/guice-multibindings-4.0.jar:/home/user/.m2/repository/com/google/inject/guice/4.0/guice-4.0.jar:/home/user/.m2/repository/aopalliance/aopalliance/1.0/aopalliance-1.0.jar:/home/user/.m2/repository/com/google/inject/extensions/guice-servlet/4.0/guice-servlet-4.0.jar:/home/user/.m2/repository/org/glassfish/jersey/containers/jersey-container-servlet/2.27/jersey-container-servlet-2.27.jar:/home/user/.m2/repository/org/glassfish/hk2/guice-bridge/2.5.0/guice-bridge-2.5.0.jar:/home/user/.m2/repository/org/glassfish/jersey/core/jersey-server/2.27/jersey-server-2.27.jar:/home/user/.m2/repository/org/glassfish/jersey/core/jersey-client/2.27/jersey-client-2.27.jar:/home/user/.m2/repository/org/glassfish/jersey/media/jersey-media-jaxb/2.27/jersey-media-jaxb-2.27.jar:/home/user/.m2/repository/javax/validation/validation-api/1.1.0.Final/validation-api-1.1.0.Final.jar:/home/user/.m2/repository/org/glassfish/jersey/media/jersey-media-json-jackson/2.27/jersey-media-json-jackson-2.27.jar:/home/user/.m2/repository/org/glassfish/jersey/ext/jersey-entity-filtering/2.27/jersey-entity-filtering-2.27.jar:/home/user/.m2/repository/com/google/inject/extensions/guice-assistedinject/4.0/guice-assistedinject-4.0.jar:/home/user/.m2/repository/org/jooq/jooq/3.11.10/jooq-3.11.10.jar:/home/user/.m2/repository/org/jooq/jooq-meta/3.11.10/jooq-meta-3.11.10.jar:/home/user/.m2/repository/org/jooq/jooq-codegen/3.11.10/jooq-codegen-3.11.10.jar:/home/user/.m2/repository/com/jolbox/bonecp/0.8.0.RELEASE/bonecp-0.8.0.RELEASE.jar:/home/user/.m2/repository/org/springframework/spring-jdbc/5.1.3.RELEASE/spring-jdbc-5.1.3.RELEASE.jar:/home/user/.m2/repository/org/springframework/spring-beans/5.1.3.RELEASE/spring-beans-5.1.3.RELEASE.jar:/home/user/.m2/repository/org/springframework/spring-core/5.1.3.RELEASE/spring-core-5.1.3.RELEASE.jar:/home/user/.m2/repository/org/springframework/spring-jcl/5.1.3.RELEASE/spring-jcl-5.1.3.RELEASE.jar:/home/user/.m2/repository/org/springframework/spring-tx/5.1.3.RELEASE/spring-tx-5.1.3.RELEASE.jar:/home/user/.m2/repository/org/mockito/mockito-core/2.15.0/mockito-core-2.15.0.jar:/home/user/.m2/repository/net/bytebuddy/byte-buddy/1.7.9/byte-buddy-1.7.9.jar:/home/user/.m2/repository/net/bytebuddy/byte-buddy-agent/1.7.9/byte-buddy-agent-1.7.9.jar:/home/user/.m2/repository/org/objenesis/objenesis/1.0/objenesis-1.0.jar:"/>
    <property name="java.vm.vendor" value="IcedTea"/>
    <property name="sun.arch.data.model" value="64"/>
    <property name="test.build.dir" value="/tmp/workdir/hadoop-ozone/tools/target/test-dir"/>
    <property name="test.cache.data" value=""/>
    <property name="java.vendor.url" value="https://icedtea.classpath.org"/>
    <property name="user.timezone" value=""/>
    <property name="java.vm.specification.version" value="1.8"/>
    <property name="os.name" value="Linux"/>
    <property name="test.build.data" value="/tmp/workdir/hadoop-ozone/tools/target/test-dir"/>
    <property name="user.country" value="US"/>
    <property name="sun.java.launcher" value="SUN_STANDARD"/>
    <property name="sun.boot.library.path" value="/usr/lib/jvm/java-1.8-openjdk/jre/lib/amd64"/>
    <property name="sun.java.command" value="/tmp/workdir/hadoop-ozone/tools/target/surefire/surefirebooter5117588253815763347.jar /tmp/workdir/hadoop-ozone/tools/target/surefire 2019-07-10T09-51-11_148-jvmRun1 surefire8747688530422725517tmp surefire_1073690369627280446874tmp"/>
    <property name="surefire.test.class.path" value="/tmp/workdir/hadoop-ozone/tools/target/test-classes:/tmp/workdir/hadoop-ozone/tools/target/classes:/tmp/workdir/hadoop-ozone/ozone-manager/target/classes:/tmp/workdir/hadoop-hdds/docs/target/classes:/home/user/.m2/repository/org/bouncycastle/bcprov-jdk15on/1.60/bcprov-jdk15on-1.60.jar:/tmp/workdir/hadoop-ozone/common/target/classes:/home/user/.m2/repository/org/apache/commons/commons-compress/1.4.1/commons-compress-1.4.1.jar:/home/user/.m2/repository/org/tukaani/xz/1.0/xz-1.0.jar:/home/user/.m2/repository/org/apache/hadoop/hadoop-hdfs-client/3.2.0/hadoop-hdfs-client-3.2.0.jar:/home/user/.m2/repository/com/fasterxml/jackson/core/jackson-annotations/2.9.5/jackson-annotations-2.9.5.jar:/tmp/workdir/hadoop-hdds/common/target/classes:/tmp/workdir/hadoop-hdds/config/target/classes:/home/user/.m2/repository/javax/annotation/javax.annotation-api/1.2/javax.annotation-api-1.2.jar:/home/user/.m2/repository/org/apache/ratis/ratis-server/0.4.0-2337318-SNAPSHOT/ratis-server-0.4.0-2337318-SNAPSHOT.jar:/home/user/.m2/repository/org/apache/ratis/ratis-thirdparty-misc/0.2.0/ratis-thirdparty-misc-0.2.0.jar:/home/user/.m2/repository/org/apache/ratis/ratis-proto/0.4.0-2337318-SNAPSHOT/ratis-proto-0.4.0-2337318-SNAPSHOT.jar:/home/user/.m2/repository/org/apache/ratis/ratis-common/0.4.0-2337318-SNAPSHOT/ratis-common-0.4.0-2337318-SNAPSHOT.jar:/home/user/.m2/repository/org/apache/ratis/ratis-client/0.4.0-2337318-SNAPSHOT/ratis-client-0.4.0-2337318-SNAPSHOT.jar:/home/user/.m2/repository/org/apache/ratis/ratis-metrics/0.4.0-2337318-SNAPSHOT/ratis-metrics-0.4.0-2337318-SNAPSHOT.jar:/home/user/.m2/repository/org/apache/ratis/ratis-netty/0.4.0-2337318-SNAPSHOT/ratis-netty-0.4.0-2337318-SNAPSHOT.jar:/home/user/.m2/repository/org/apache/ratis/ratis-grpc/0.4.0-2337318-SNAPSHOT/ratis-grpc-0.4.0-2337318-SNAPSHOT.jar:/home/user/.m2/repository/org/rocksdb/rocksdbjni/6.0.1/rocksdbjni-6.0.1.jar:/home/user/.m2/repository/org/apache/logging/log4j/log4j-api/2.11.0/log4j-api-2.11.0.jar:/home/user/.m2/repository/org/apache/logging/log4j/log4j-core/2.11.0/log4j-core-2.11.0.jar:/home/user/.m2/repository/com/lmax/disruptor/3.4.2/disruptor-3.4.2.jar:/home/user/.m2/repository/org/apache/commons/commons-pool2/2.6.0/commons-pool2-2.6.0.jar:/home/user/.m2/repository/org/bouncycastle/bcpkix-jdk15on/1.60/bcpkix-jdk15on-1.60.jar:/home/user/.m2/repository/commons-validator/commons-validator/1.6/commons-validator-1.6.jar:/home/user/.m2/repository/commons-digester/commons-digester/1.8.1/commons-digester-1.8.1.jar:/home/user/.m2/repository/io/jaegertracing/jaeger-client/0.33.1/jaeger-client-0.33.1.jar:/home/user/.m2/repository/io/jaegertracing/jaeger-thrift/0.33.1/jaeger-thrift-0.33.1.jar:/home/user/.m2/repository/org/apache/thrift/libthrift/0.11.0/libthrift-0.11.0.jar:/home/user/.m2/repository/com/squareup/okhttp3/okhttp/3.9.0/okhttp-3.9.0.jar:/home/user/.m2/repository/com/squareup/okio/okio/1.13.0/okio-1.13.0.jar:/home/user/.m2/repository/io/jaegertracing/jaeger-core/0.33.1/jaeger-core-0.33.1.jar:/home/user/.m2/repository/io/jaegertracing/jaeger-tracerresolver/0.33.1/jaeger-tracerresolver-0.33.1.jar:/home/user/.m2/repository/io/opentracing/contrib/opentracing-tracerresolver/0.1.5/opentracing-tracerresolver-0.1.5.jar:/home/user/.m2/repository/io/opentracing/opentracing-util/0.31.0/opentracing-util-0.31.0.jar:/home/user/.m2/repository/io/opentracing/opentracing-api/0.31.0/opentracing-api-0.31.0.jar:/home/user/.m2/repository/io/opentracing/opentracing-noop/0.31.0/opentracing-noop-0.31.0.jar:/home/user/.m2/repository/org/yaml/snakeyaml/1.16/snakeyaml-1.16.jar:/tmp/workdir/hadoop-hdds/container-service/target/classes:/tmp/workdir/hadoop-hdds/client/target/classes:/tmp/workdir/hadoop-hdds/tools/target/classes:/home/user/.m2/repository/org/xerial/sqlite-jdbc/3.25.2/sqlite-jdbc-3.25.2.jar:/tmp/workdir/hadoop-hdds/server-scm/target/classes:/home/user/.m2/repository/org/hamcrest/hamcrest-all/1.3/hamcrest-all-1.3.jar:/home/user/.m2/repository/info/picocli/picocli/3.9.6/picocli-3.9.6.jar:/home/user/.m2/repository/com/google/protobuf/protobuf-java/2.5.0/protobuf-java-2.5.0.jar:/home/user/.m2/repository/com/google/guava/guava/11.0.2/guava-11.0.2.jar:/tmp/workdir/hadoop-ozone/client/target/classes:/home/user/.m2/repository/org/apache/hadoop/hadoop-ozone-filesystem/0.5.0-SNAPSHOT/hadoop-ozone-filesystem-0.5.0-SNAPSHOT.jar:/tmp/workdir/hadoop-hdds/framework/target/classes:/home/user/.m2/repository/org/apache/hadoop/hadoop-common/3.2.0/hadoop-common-3.2.0.jar:/home/user/.m2/repository/org/apache/hadoop/hadoop-annotations/3.2.0/hadoop-annotations-3.2.0.jar:/usr/lib/jvm/java-1.8-openjdk/jre/../lib/tools.jar:/home/user/.m2/repository/commons-cli/commons-cli/1.2/commons-cli-1.2.jar:/home/user/.m2/repository/org/apache/commons/commons-math3/3.1.1/commons-math3-3.1.1.jar:/home/user/.m2/repository/org/apache/httpcomponents/httpclient/4.5.2/httpclient-4.5.2.jar:/home/user/.m2/repository/org/apache/httpcomponents/httpcore/4.4.4/httpcore-4.4.4.jar:/home/user/.m2/repository/commons-codec/commons-codec/1.11/commons-codec-1.11.jar:/home/user/.m2/repository/commons-io/commons-io/2.5/commons-io-2.5.jar:/home/user/.m2/repository/commons-net/commons-net/3.6/commons-net-3.6.jar:/home/user/.m2/repository/commons-collections/commons-collections/3.2.2/commons-collections-3.2.2.jar:/home/user/.m2/repository/javax/servlet/javax.servlet-api/3.1.0/javax.servlet-api-3.1.0.jar:/home/user/.m2/repository/org/eclipse/jetty/jetty-server/9.3.24.v20180605/jetty-server-9.3.24.v20180605.jar:/home/user/.m2/repository/org/eclipse/jetty/jetty-http/9.3.24.v20180605/jetty-http-9.3.24.v20180605.jar:/home/user/.m2/repository/org/eclipse/jetty/jetty-io/9.3.24.v20180605/jetty-io-9.3.24.v20180605.jar:/home/user/.m2/repository/org/eclipse/jetty/jetty-util/9.3.24.v20180605/jetty-util-9.3.24.v20180605.jar:/home/user/.m2/repository/org/eclipse/jetty/jetty-servlet/9.3.24.v20180605/jetty-servlet-9.3.24.v20180605.jar:/home/user/.m2/repository/org/eclipse/jetty/jetty-security/9.3.24.v20180605/jetty-security-9.3.24.v20180605.jar:/home/user/.m2/repository/org/eclipse/jetty/jetty-webapp/9.3.24.v20180605/jetty-webapp-9.3.24.v20180605.jar:/home/user/.m2/repository/org/eclipse/jetty/jetty-xml/9.3.24.v20180605/jetty-xml-9.3.24.v20180605.jar:/home/user/.m2/repository/javax/servlet/jsp/jsp-api/2.1/jsp-api-2.1.jar:/home/user/.m2/repository/com/sun/jersey/jersey-core/1.19/jersey-core-1.19.jar:/home/user/.m2/repository/javax/ws/rs/jsr311-api/1.1.1/jsr311-api-1.1.1.jar:/home/user/.m2/repository/com/sun/jersey/jersey-servlet/1.19/jersey-servlet-1.19.jar:/home/user/.m2/repository/com/sun/jersey/jersey-json/1.19/jersey-json-1.19.jar:/home/user/.m2/repository/org/codehaus/jettison/jettison/1.1/jettison-1.1.jar:/home/user/.m2/repository/com/sun/xml/bind/jaxb-impl/2.3.0.1/jaxb-impl-2.3.0.1.jar:/home/user/.m2/repository/org/codehaus/jackson/jackson-core-asl/1.9.13/jackson-core-asl-1.9.13.jar:/home/user/.m2/repository/org/codehaus/jackson/jackson-mapper-asl/1.9.13/jackson-mapper-asl-1.9.13.jar:/home/user/.m2/repository/org/codehaus/jackson/jackson-jaxrs/1.9.13/jackson-jaxrs-1.9.13.jar:/home/user/.m2/repository/org/codehaus/jackson/jackson-xc/1.9.13/jackson-xc-1.9.13.jar:/home/user/.m2/repository/com/sun/jersey/jersey-server/1.19/jersey-server-1.19.jar:/home/user/.m2/repository/commons-logging/commons-logging/1.1.3/commons-logging-1.1.3.jar:/home/user/.m2/repository/log4j/log4j/1.2.17/log4j-1.2.17.jar:/home/user/.m2/repository/commons-beanutils/commons-beanutils/1.9.3/commons-beanutils-1.9.3.jar:/home/user/.m2/repository/org/apache/commons/commons-configuration2/2.1.1/commons-configuration2-2.1.1.jar:/home/user/.m2/repository/org/apache/commons/commons-lang3/3.7/commons-lang3-3.7.jar:/home/user/.m2/repository/org/apache/commons/commons-text/1.4/commons-text-1.4.jar:/home/user/.m2/repository/org/slf4j/slf4j-api/1.7.25/slf4j-api-1.7.25.jar:/home/user/.m2/repository/org/slf4j/slf4j-log4j12/1.7.25/slf4j-log4j12-1.7.25.jar:/home/user/.m2/repository/org/apache/avro/avro/1.7.7/avro-1.7.7.jar:/home/user/.m2/repository/com/thoughtworks/paranamer/paranamer/2.3/paranamer-2.3.jar:/home/user/.m2/repository/org/xerial/snappy/snappy-java/1.0.5/snappy-java-1.0.5.jar:/home/user/.m2/repository/com/google/re2j/re2j/1.1/re2j-1.1.jar:/home/user/.m2/repository/com/google/code/gson/gson/2.2.4/gson-2.2.4.jar:/home/user/.m2/repository/org/apache/hadoop/hadoop-auth/3.2.0/hadoop-auth-3.2.0.jar:/home/user/.m2/repository/com/nimbusds/nimbus-jose-jwt/4.41.1/nimbus-jose-jwt-4.41.1.jar:/home/user/.m2/repository/com/github/stephenc/jcip/jcip-annotations/1.0-1/jcip-annotations-1.0-1.jar:/home/user/.m2/repository/net/minidev/json-smart/2.3/json-smart-2.3.jar:/home/user/.m2/repository/net/minidev/accessors-smart/1.2/accessors-smart-1.2.jar:/home/user/.m2/repository/org/apache/curator/curator-framework/2.12.0/curator-framework-2.12.0.jar:/home/user/.m2/repository/com/jcraft/jsch/0.1.54/jsch-0.1.54.jar:/home/user/.m2/repository/org/apache/curator/curator-client/2.12.0/curator-client-2.12.0.jar:/home/user/.m2/repository/org/apache/curator/curator-recipes/2.12.0/curator-recipes-2.12.0.jar:/home/user/.m2/repository/com/google/code/findbugs/jsr305/3.0.0/jsr305-3.0.0.jar:/home/user/.m2/repository/org/apache/htrace/htrace-core4/4.1.0-incubating/htrace-core4-4.1.0-incubating.jar:/home/user/.m2/repository/org/apache/zookeeper/zookeeper/3.4.13/zookeeper-3.4.13.jar:/home/user/.m2/repository/org/apache/yetus/audience-annotations/0.5.0/audience-annotations-0.5.0.jar:/home/user/.m2/repository/org/apache/kerby/kerb-simplekdc/1.0.1/kerb-simplekdc-1.0.1.jar:/home/user/.m2/repository/org/apache/kerby/kerb-client/1.0.1/kerb-client-1.0.1.jar:/home/user/.m2/repository/org/apache/kerby/kerby-config/1.0.1/kerby-config-1.0.1.jar:/home/user/.m2/repository/org/apache/kerby/kerb-core/1.0.1/kerb-core-1.0.1.jar:/home/user/.m2/repository/org/apache/kerby/kerby-pkix/1.0.1/kerby-pkix-1.0.1.jar:/home/user/.m2/repository/org/apache/kerby/kerby-asn1/1.0.1/kerby-asn1-1.0.1.jar:/home/user/.m2/repository/org/apache/kerby/kerby-util/1.0.1/kerby-util-1.0.1.jar:/home/user/.m2/repository/org/apache/kerby/kerb-common/1.0.1/kerb-common-1.0.1.jar:/home/user/.m2/repository/org/apache/kerby/kerb-crypto/1.0.1/kerb-crypto-1.0.1.jar:/home/user/.m2/repository/org/apache/kerby/kerb-util/1.0.1/kerb-util-1.0.1.jar:/home/user/.m2/repository/org/apache/kerby/token-provider/1.0.1/token-provider-1.0.1.jar:/home/user/.m2/repository/org/apache/kerby/kerb-admin/1.0.1/kerb-admin-1.0.1.jar:/home/user/.m2/repository/org/apache/kerby/kerb-server/1.0.1/kerb-server-1.0.1.jar:/home/user/.m2/repository/org/apache/kerby/kerb-identity/1.0.1/kerb-identity-1.0.1.jar:/home/user/.m2/repository/org/apache/kerby/kerby-xdr/1.0.1/kerby-xdr-1.0.1.jar:/home/user/.m2/repository/com/fasterxml/jackson/core/jackson-databind/2.9.5/jackson-databind-2.9.5.jar:/home/user/.m2/repository/com/fasterxml/jackson/core/jackson-core/2.9.5/jackson-core-2.9.5.jar:/home/user/.m2/repository/org/codehaus/woodstox/stax2-api/3.1.4/stax2-api-3.1.4.jar:/home/user/.m2/repository/com/fasterxml/woodstox/woodstox-core/5.0.3/woodstox-core-5.0.3.jar:/home/user/.m2/repository/dnsjava/dnsjava/2.1.7/dnsjava-2.1.7.jar:/home/user/.m2/repository/org/apache/hadoop/hadoop-hdfs/3.2.0/hadoop-hdfs-3.2.0.jar:/home/user/.m2/repository/org/eclipse/jetty/jetty-util-ajax/9.3.24.v20180605/jetty-util-ajax-9.3.24.v20180605.jar:/home/user/.m2/repository/commons-daemon/commons-daemon/1.0.13/commons-daemon-1.0.13.jar:/home/user/.m2/repository/io/netty/netty/3.10.5.Final/netty-3.10.5.Final.jar:/home/user/.m2/repository/io/netty/netty-all/4.0.52.Final/netty-all-4.0.52.Final.jar:/home/user/.m2/repository/org/fusesource/leveldbjni/leveldbjni-all/1.8/leveldbjni-all-1.8.jar:/home/user/.m2/repository/com/sun/xml/bind/jaxb-core/2.3.0.1/jaxb-core-2.3.0.1.jar:/home/user/.m2/repository/javax/xml/bind/jaxb-api/2.3.0/jaxb-api-2.3.0.jar:/home/user/.m2/repository/javax/activation/activation/1.1.1/activation-1.1.1.jar:/home/user/.m2/repository/io/dropwizard/metrics/metrics-core/3.2.4/metrics-core-3.2.4.jar:/home/user/.m2/repository/org/openjdk/jmh/jmh-core/1.19/jmh-core-1.19.jar:/home/user/.m2/repository/net/sf/jopt-simple/jopt-simple/4.6/jopt-simple-4.6.jar:/home/user/.m2/repository/org/openjdk/jmh/jmh-generator-annprocess/1.19/jmh-generator-annprocess-1.19.jar:/home/user/.m2/repository/com/google/code/findbugs/findbugs/3.0.1/findbugs-3.0.1.jar:/home/user/.m2/repository/net/jcip/jcip-annotations/1.0/jcip-annotations-1.0.jar:/home/user/.m2/repository/com/google/code/findbugs/bcel-findbugs/6.0/bcel-findbugs-6.0.jar:/home/user/.m2/repository/com/google/code/findbugs/jFormatString/2.0.1/jFormatString-2.0.1.jar:/home/user/.m2/repository/dom4j/dom4j/1.6.1/dom4j-1.6.1.jar:/home/user/.m2/repository/xml-apis/xml-apis/1.0.b2/xml-apis-1.0.b2.jar:/home/user/.m2/repository/org/ow2/asm/asm-debug-all/5.0.2/asm-debug-all-5.0.2.jar:/home/user/.m2/repository/org/ow2/asm/asm-commons/5.0.2/asm-commons-5.0.2.jar:/home/user/.m2/repository/org/ow2/asm/asm-tree/5.0.2/asm-tree-5.0.2.jar:/home/user/.m2/repository/org/ow2/asm/asm/5.0.4/asm-5.0.4.jar:/home/user/.m2/repository/commons-lang/commons-lang/2.6/commons-lang-2.6.jar:/home/user/.m2/repository/com/apple/AppleJavaExtensions/1.4/AppleJavaExtensions-1.4.jar:/home/user/.m2/repository/jaxen/jaxen/1.1.6/jaxen-1.1.6.jar:/home/user/.m2/repository/junit/junit/4.11/junit-4.11.jar:/home/user/.m2/repository/org/hamcrest/hamcrest-core/1.3/hamcrest-core-1.3.jar:/home/user/.m2/repository/org/apache/hadoop/hadoop-common/3.2.0/hadoop-common-3.2.0-tests.jar:/home/user/.m2/repository/org/apache/hadoop/hadoop-ozone-integration-test/0.5.0-SNAPSHOT/hadoop-ozone-integration-test-0.5.0-SNAPSHOT-tests.jar:/tmp/workdir/hadoop-ozone/objectstore-service/target/classes:/tmp/workdir/hadoop-ozone/s3gateway/target/classes:/home/user/.m2/repository/org/jboss/weld/servlet/weld-servlet/2.4.7.Final/weld-servlet-2.4.7.Final.jar:/home/user/.m2/repository/org/glassfish/jersey/containers/jersey-container-servlet-core/2.27/jersey-container-servlet-core-2.27.jar:/home/user/.m2/repository/org/glassfish/hk2/external/javax.inject/2.5.0-b42/javax.inject-2.5.0-b42.jar:/home/user/.m2/repository/org/glassfish/jersey/core/jersey-common/2.27/jersey-common-2.27.jar:/home/user/.m2/repository/org/glassfish/hk2/osgi-resource-locator/1.0.1/osgi-resource-locator-1.0.1.jar:/home/user/.m2/repository/javax/ws/rs/javax.ws.rs-api/2.1/javax.ws.rs-api-2.1.jar:/home/user/.m2/repository/org/glassfish/jersey/ext/cdi/jersey-cdi1x/2.27/jersey-cdi1x-2.27.jar:/home/user/.m2/repository/org/glassfish/jersey/inject/jersey-hk2/2.27/jersey-hk2-2.27.jar:/home/user/.m2/repository/org/glassfish/hk2/hk2-locator/2.5.0-b42/hk2-locator-2.5.0-b42.jar:/home/user/.m2/repository/org/javassist/javassist/3.22.0-CR2/javassist-3.22.0-CR2.jar:/home/user/.m2/repository/org/glassfish/hk2/hk2-api/2.5.0/hk2-api-2.5.0.jar:/home/user/.m2/repository/org/glassfish/hk2/external/jakarta.inject/2.5.0/jakarta.inject-2.5.0.jar:/home/user/.m2/repository/org/glassfish/hk2/hk2-utils/2.5.0/hk2-utils-2.5.0.jar:/home/user/.m2/repository/jakarta/annotation/jakarta.annotation-api/1.3.4/jakarta.annotation-api-1.3.4.jar:/home/user/.m2/repository/org/glassfish/hk2/external/aopalliance-repackaged/2.5.0/aopalliance-repackaged-2.5.0.jar:/home/user/.m2/repository/com/fasterxml/jackson/dataformat/jackson-dataformat-xml/2.9.0/jackson-dataformat-xml-2.9.0.jar:/home/user/.m2/repository/com/fasterxml/jackson/module/jackson-module-jaxb-annotations/2.9.5/jackson-module-jaxb-annotations-2.9.5.jar:/home/user/.m2/repository/javax/enterprise/cdi-api/1.2/cdi-api-1.2.jar:/home/user/.m2/repository/javax/el/javax.el-api/3.0.0/javax.el-api-3.0.0.jar:/home/user/.m2/repository/javax/interceptor/javax.interceptor-api/1.2/javax.interceptor-api-1.2.jar:/home/user/.m2/repository/javax/inject/javax.inject/1/javax.inject-1.jar:/tmp/workdir/hadoop-ozone/csi/target/classes:/home/user/.m2/repository/com/google/protobuf/protobuf-java-util/3.5.1/protobuf-java-util-3.5.1.jar:/home/user/.m2/repository/io/grpc/grpc-netty/1.17.1/grpc-netty-1.17.1.jar:/home/user/.m2/repository/io/grpc/grpc-core/1.17.1/grpc-core-1.17.1.jar:/home/user/.m2/repository/io/grpc/grpc-context/1.17.1/grpc-context-1.17.1.jar:/home/user/.m2/repository/com/google/errorprone/error_prone_annotations/2.2.0/error_prone_annotations-2.2.0.jar:/home/user/.m2/repository/org/codehaus/mojo/animal-sniffer-annotations/1.17/animal-sniffer-annotations-1.17.jar:/home/user/.m2/repository/io/opencensus/opencensus-api/0.17.0/opencensus-api-0.17.0.jar:/home/user/.m2/repository/io/opencensus/opencensus-contrib-grpc-metrics/0.17.0/opencensus-contrib-grpc-metrics-0.17.0.jar:/home/user/.m2/repository/io/netty/netty-codec-http2/4.1.30.Final/netty-codec-http2-4.1.30.Final.jar:/home/user/.m2/repository/io/netty/netty-codec-http/4.1.30.Final/netty-codec-http-4.1.30.Final.jar:/home/user/.m2/repository/io/netty/netty-codec/4.1.30.Final/netty-codec-4.1.30.Final.jar:/home/user/.m2/repository/io/netty/netty-handler/4.1.30.Final/netty-handler-4.1.30.Final.jar:/home/user/.m2/repository/io/netty/netty-handler-proxy/4.1.30.Final/netty-handler-proxy-4.1.30.Final.jar:/home/user/.m2/repository/io/netty/netty-codec-socks/4.1.30.Final/netty-codec-socks-4.1.30.Final.jar:/home/user/.m2/repository/io/netty/netty-transport-native-epoll/4.1.30.Final/netty-transport-native-epoll-4.1.30.Final.jar:/home/user/.m2/repository/io/netty/netty-common/4.1.30.Final/netty-common-4.1.30.Final.jar:/home/user/.m2/repository/io/netty/netty-buffer/4.1.30.Final/netty-buffer-4.1.30.Final.jar:/home/user/.m2/repository/io/netty/netty-transport/4.1.30.Final/netty-transport-4.1.30.Final.jar:/home/user/.m2/repository/io/netty/netty-resolver/4.1.30.Final/netty-resolver-4.1.30.Final.jar:/home/user/.m2/repository/io/netty/netty-transport-native-unix-common/4.1.30.Final/netty-transport-native-unix-common-4.1.30.Final.jar:/home/user/.m2/repository/io/grpc/grpc-protobuf/1.17.1/grpc-protobuf-1.17.1.jar:/home/user/.m2/repository/com/google/api/grpc/proto-google-common-protos/1.0.0/proto-google-common-protos-1.0.0.jar:/home/user/.m2/repository/io/grpc/grpc-protobuf-lite/1.17.1/grpc-protobuf-lite-1.17.1.jar:/home/user/.m2/repository/io/grpc/grpc-stub/1.17.1/grpc-stub-1.17.1.jar:/tmp/workdir/hadoop-ozone/ozone-recon/target/classes:/tmp/workdir/hadoop-ozone/ozone-recon-codegen/target/classes:/home/user/.m2/repository/com/google/inject/extensions/guice-multibindings/4.0/guice-multibindings-4.0.jar:/home/user/.m2/repository/com/google/inject/guice/4.0/guice-4.0.jar:/home/user/.m2/repository/aopalliance/aopalliance/1.0/aopalliance-1.0.jar:/home/user/.m2/repository/com/google/inject/extensions/guice-servlet/4.0/guice-servlet-4.0.jar:/home/user/.m2/repository/org/glassfish/jersey/containers/jersey-container-servlet/2.27/jersey-container-servlet-2.27.jar:/home/user/.m2/repository/org/glassfish/hk2/guice-bridge/2.5.0/guice-bridge-2.5.0.jar:/home/user/.m2/repository/org/glassfish/jersey/core/jersey-server/2.27/jersey-server-2.27.jar:/home/user/.m2/repository/org/glassfish/jersey/core/jersey-client/2.27/jersey-client-2.27.jar:/home/user/.m2/repository/org/glassfish/jersey/media/jersey-media-jaxb/2.27/jersey-media-jaxb-2.27.jar:/home/user/.m2/repository/javax/validation/validation-api/1.1.0.Final/validation-api-1.1.0.Final.jar:/home/user/.m2/repository/org/glassfish/jersey/media/jersey-media-json-jackson/2.27/jersey-media-json-jackson-2.27.jar:/home/user/.m2/repository/org/glassfish/jersey/ext/jersey-entity-filtering/2.27/jersey-entity-filtering-2.27.jar:/home/user/.m2/repository/com/google/inject/extensions/guice-assistedinject/4.0/guice-assistedinject-4.0.jar:/home/user/.m2/repository/org/jooq/jooq/3.11.10/jooq-3.11.10.jar:/home/user/.m2/repository/org/jooq/jooq-meta/3.11.10/jooq-meta-3.11.10.jar:/home/user/.m2/repository/org/jooq/jooq-codegen/3.11.10/jooq-codegen-3.11.10.jar:/home/user/.m2/repository/com/jolbox/bonecp/0.8.0.RELEASE/bonecp-0.8.0.RELEASE.jar:/home/user/.m2/repository/org/springframework/spring-jdbc/5.1.3.RELEASE/spring-jdbc-5.1.3.RELEASE.jar:/home/user/.m2/repository/org/springframework/spring-beans/5.1.3.RELEASE/spring-beans-5.1.3.RELEASE.jar:/home/user/.m2/repository/org/springframework/spring-core/5.1.3.RELEASE/spring-core-5.1.3.RELEASE.jar:/home/user/.m2/repository/org/springframework/spring-jcl/5.1.3.RELEASE/spring-jcl-5.1.3.RELEASE.jar:/home/user/.m2/repository/org/springframework/spring-tx/5.1.3.RELEASE/spring-tx-5.1.3.RELEASE.jar:/home/user/.m2/repository/org/mockito/mockito-core/2.15.0/mockito-core-2.15.0.jar:/home/user/.m2/repository/net/bytebuddy/byte-buddy/1.7.9/byte-buddy-1.7.9.jar:/home/user/.m2/repository/net/bytebuddy/byte-buddy-agent/1.7.9/byte-buddy-agent-1.7.9.jar:/home/user/.m2/repository/org/objenesis/objenesis/1.0/objenesis-1.0.jar:"/>
    <property name="sun.cpu.endian" value="little"/>
    <property name="user.home" value="/home/user"/>
    <property name="user.language" value="en"/>
    <property name="java.specification.vendor" value="Oracle Corporation"/>
    <property name="java.home" value="/usr/lib/jvm/java-1.8-openjdk/jre"/>
    <property name="java.security.krb5.conf" value="/tmp/workdir/hadoop-ozone/tools/target/test-classes/krb5.conf"/>
    <property name="basedir" value="/tmp/workdir/hadoop-ozone/tools"/>
    <property name="file.separator" value="/"/>
    <property name="line.separator" value="&#10;"/>
    <property name="java.vm.specification.vendor" value="Oracle Corporation"/>
    <property name="java.specification.name" value="Java Platform API Specification"/>
    <property name="java.awt.graphicsenv" value="sun.awt.X11GraphicsEnvironment"/>
    <property name="surefire.real.class.path" value="/tmp/workdir/hadoop-ozone/tools/target/surefire/surefirebooter5117588253815763347.jar"/>
    <property name="hadoop.log.dir" value="/tmp/workdir/hadoop-ozone/tools/target/log"/>
    <property name="sun.boot.class.path" value="/usr/lib/jvm/java-1.8-openjdk/jre/lib/resources.jar:/usr/lib/jvm/java-1.8-openjdk/jre/lib/rt.jar:/usr/lib/jvm/java-1.8-openjdk/jre/lib/sunrsasign.jar:/usr/lib/jvm/java-1.8-openjdk/jre/lib/jsse.jar:/usr/lib/jvm/java-1.8-openjdk/jre/lib/jce.jar:/usr/lib/jvm/java-1.8-openjdk/jre/lib/charsets.jar:/usr/lib/jvm/java-1.8-openjdk/jre/lib/jfr.jar:/usr/lib/jvm/java-1.8-openjdk/jre/classes"/>
    <property name="sun.management.compiler" value="HotSpot 64-Bit Tiered Compilers"/>
    <property name="java.runtime.version" value="1.8.0_212-b04"/>
    <property name="java.net.preferIPv4Stack" value="true"/>
    <property name="user.name" value="jenkins1000"/>
    <property name="path.separator" value=":"/>
    <property name="java.security.egd" value="file:///dev/urandom"/>
    <property name="os.version" value="3.10.0-957.12.2.el7.x86_64"/>
    <property name="java.endorsed.dirs" value="/usr/lib/jvm/java-1.8-openjdk/jre/lib/endorsed"/>
    <property name="java.runtime.name" value="OpenJDK Runtime Environment"/>
    <property name="file.encoding" value="UTF-8"/>
    <property name="java.vm.name" value="OpenJDK 64-Bit Server VM"/>
    <property name="test.build.webapps" value=""/>
    <property name="localRepository" value="/home/user/.m2/repository"/>
    <property name="java.vendor.url.bug" value="https://icedtea.classpath.org/bugzilla"/>
    <property name="java.io.tmpdir" value="/tmp"/>
    <property name="require.test.libhadoop" value=""/>
    <property name="java.version" value="1.8.0_212"/>
    <property name="user.dir" value="/tmp/workdir/hadoop-ozone/tools"/>
    <property name="os.arch" value="amd64"/>
    <property name="java.vm.specification.name" value="Java Virtual Machine Specification"/>
    <property name="test.build.classes" value="/tmp/workdir/hadoop-ozone/tools/target/test-classes"/>
    <property name="java.awt.printerjob" value="sun.print.PSPrinterJob"/>
    <property name="sun.os.patch.level" value="unknown"/>
    <property name="hadoop.tmp.dir" value="/tmp/workdir/hadoop-ozone/tools/target/tmp"/>
    <property name="java.library.path" value="/usr/lib/jvm/java-1.8-openjdk/jre/lib/amd64/server:/usr/lib/jvm/java-1.8-openjdk/jre/lib/amd64:/usr/lib/jvm/java-1.8-openjdk/jre/../lib/amd64:/tmp/workdir/hadoop-ozone/tools/target/native/target/usr/local/lib:/tmp/workdir/hadoop-ozone/tools/../../hadoop-common-project/hadoop-common/target/native/target/usr/local/lib:/usr/java/packages/lib/amd64:/usr/lib64:/lib64:/lib:/usr/lib"/>
    <property name="java.vm.info" value="mixed mode"/>
    <property name="java.vendor" value="IcedTea"/>
    <property name="java.vm.version" value="25.212-b04"/>
    <property name="java.ext.dirs" value="/usr/lib/jvm/java-1.8-openjdk/jre/lib/ext:/usr/java/packages/lib/ext"/>
    <property name="sun.io.unicode.encoding" value="UnicodeLittle"/>
    <property name="java.class.version" value="52.0"/>
  </properties>
  <testcase name="ratisTest3" classname="org.apache.hadoop.ozone.freon.TestRandomKeyGenerator" time="5.404"/>
  <testcase name="testThreadPoolSize" classname="org.apache.hadoop.ozone.freon.TestRandomKeyGenerator" time="5.035"/>
  <testcase name="defaultTest" classname="org.apache.hadoop.ozone.freon.TestRandomKeyGenerator" time="5.034"/>
  <testcase name="bigFileThan2GB" classname="org.apache.hadoop.ozone.freon.TestRandomKeyGenerator" time="77.749">
    <error message="Allocated 0 blocks. Requested 1 blocks" type="INTERNAL_ERROR org.apache.hadoop.ozone.om.exceptions.OMException">INTERNAL_ERROR org.apache.hadoop.ozone.om.exceptions.OMException: Allocated 0 blocks. Requested 1 blocks
	at org.apache.hadoop.ozone.om.protocolPB.OzoneManagerProtocolClientSideTranslatorPB.handleError(OzoneManagerProtocolClientSideTranslatorPB.java:720)
	at org.apache.hadoop.ozone.om.protocolPB.OzoneManagerProtocolClientSideTranslatorPB.allocateBlock(OzoneManagerProtocolClientSideTranslatorPB.java:752)
	at org.apache.hadoop.ozone.client.io.BlockOutputStreamEntryPool.allocateNewBlock(BlockOutputStreamEntryPool.java:248)
	at org.apache.hadoop.ozone.client.io.BlockOutputStreamEntryPool.allocateBlockIfNeeded(BlockOutputStreamEntryPool.java:296)
	at org.apache.hadoop.ozone.client.io.KeyOutputStream.handleWrite(KeyOutputStream.java:201)
	at org.apache.hadoop.ozone.client.io.KeyOutputStream.write(KeyOutputStream.java:193)
	at org.apache.hadoop.ozone.client.io.OzoneOutputStream.write(OzoneOutputStream.java:49)
	at org.apache.hadoop.ozone.freon.RandomKeyGenerator$KeyProcessor.run(RandomKeyGenerator.java:693)
	at java.util.concurrent.Executors$RunnableAdapter.call(Executors.java:511)
	at java.util.concurrent.FutureTask.run(FutureTask.java:266)
	at java.util.concurrent.ThreadPoolExecutor.runWorker(ThreadPoolExecutor.java:1149)
	at java.util.concurrent.ThreadPoolExecutor$Worker.run(ThreadPoolExecutor.java:624)
	at java.lang.Thread.run(Thread.java:748)
</error>
    <system-out><![CDATA[2019-07-10 10:03:29,279 WARN  client.GrpcClientProtocolService (LogUtils.java:warn(134)) - 9-UnorderedRequestStreamObserver9: onError: org.apache.ratis.thirdparty.io.grpc.StatusRuntimeException: CANCELLED: cancelled before receiving half close
2019-07-10 10:03:36,503 INFO  freon.RandomKeyGenerator (RandomKeyGenerator.java:call(262)) - Number of Threads: 1
2019-07-10 10:03:36,504 INFO  freon.RandomKeyGenerator (RandomKeyGenerator.java:call(267)) - Number of Volumes: 1.
2019-07-10 10:03:36,504 INFO  freon.RandomKeyGenerator (RandomKeyGenerator.java:call(268)) - Number of Buckets per Volume: 1.
2019-07-10 10:03:36,504 INFO  freon.RandomKeyGenerator (RandomKeyGenerator.java:call(269)) - Number of Keys per Bucket: 1.
2019-07-10 10:03:36,504 INFO  freon.RandomKeyGenerator (RandomKeyGenerator.java:call(270)) - Key size: 2147483657 bytes
2019-07-10 10:03:36,505 INFO  freon.RandomKeyGenerator (RandomKeyGenerator.java:call(271)) - Buffer size: 4096 bytes
2019-07-10 10:03:36,506 INFO  freon.RandomKeyGenerator (RandomKeyGenerator.java:call(286)) - Data validation is enabled.
2019-07-10 10:03:36,506 INFO  freon.RandomKeyGenerator (RandomKeyGenerator.java:call(299)) - Starting progress bar Thread.

 0.00% |█                                                                                                    |  0/1 Time: 0:00:002019-07-10 10:03:36,507 INFO  rpc.RpcClient (RpcClient.java:createVolume(289)) - Creating Volume: vol-0-24703, with jenkins1000 as owner.
2019-07-10 10:03:36,527 INFO  rpc.RpcClient (RpcClient.java:createBucket(426)) - Creating Bucket: vol-0-24703/bucket-0-19321, with Versioning false and Storage Type set to DISK and Encryption set to false 
2019-07-10 10:03:36,618 INFO  client.GrpcClientProtocolClient (GrpcClientProtocolClient.java:onNext(255)) - client-3502B0E99E4B->9ec8ead9-888e-415b-b04c-32cd2c26f792: receive RaftClientReply:client-3502B0E99E4B->9ec8ead9-888e-415b-b04c-32cd2c26f792@group-48C576E544C9, cid=600, FAILED org.apache.ratis.protocol.NotLeaderException: Server 9ec8ead9-888e-415b-b04c-32cd2c26f792 is not the leader (68798575-c94b-44a6-b996-25df487e3c54:192.168.157.219:35564). Request must be sent to leader., logIndex=0, commits[9ec8ead9-888e-415b-b04c-32cd2c26f792:c707, 68798575-c94b-44a6-b996-25df487e3c54:c707, 84ef4577-07e0-4c8d-900e-d449eb7bf65d:c707]
2019-07-10 10:03:36,677 INFO  client.GrpcClientProtocolClient (GrpcClientProtocolClient.java:onNext(255)) - client-3502B0E99E4B->68798575-c94b-44a6-b996-25df487e3c54: receive RaftClientReply:client-3502B0E99E4B->68798575-c94b-44a6-b996-25df487e3c54@group-48C576E544C9, cid=600, SUCCESS, logIndex=708, commits[68798575-c94b-44a6-b996-25df487e3c54:c708, 9ec8ead9-888e-415b-b04c-32cd2c26f792:c707, 84ef4577-07e0-4c8d-900e-d449eb7bf65d:c707]
2019-07-10 10:03:36,703 INFO  client.GrpcClientProtocolClient (GrpcClientProtocolClient.java:onNext(255)) - client-3502B0E99E4B->68798575-c94b-44a6-b996-25df487e3c54: receive RaftClientReply:client-3502B0E99E4B->68798575-c94b-44a6-b996-25df487e3c54@group-48C576E544C9, cid=601, SUCCESS, logIndex=710, commits[68798575-c94b-44a6-b996-25df487e3c54:c710, 9ec8ead9-888e-415b-b04c-32cd2c26f792:c709, 84ef4577-07e0-4c8d-900e-d449eb7bf65d:c709]
2019-07-10 10:03:36,712 INFO  client.GrpcClientProtocolClient (GrpcClientProtocolClient.java:onNext(255)) - client-3502B0E99E4B->68798575-c94b-44a6-b996-25df487e3c54: receive RaftClientReply:client-3502B0E99E4B->68798575-c94b-44a6-b996-25df487e3c54@group-48C576E544C9, cid=602, SUCCESS, logIndex=711, commits[68798575-c94b-44a6-b996-25df487e3c54:c712, 9ec8ead9-888e-415b-b04c-32cd2c26f792:c709, 84ef4577-07e0-4c8d-900e-d449eb7bf65d:c709]
2019-07-10 10:03:36,714 INFO  client.GrpcClientProtocolClient (GrpcClientProtocolClient.java:onNext(255)) - client-3502B0E99E4B->68798575-c94b-44a6-b996-25df487e3c54: receive RaftClientReply:client-3502B0E99E4B->68798575-c94b-44a6-b996-25df487e3c54@group-48C576E544C9, cid=603, SUCCESS, logIndex=712, commits[68798575-c94b-44a6-b996-25df487e3c54:c713, 9ec8ead9-888e-415b-b04c-32cd2c26f792:c710, 84ef4577-07e0-4c8d-900e-d449eb7bf65d:c710]
2019-07-10 10:03:36,743 INFO  client.GrpcClientProtocolClient (GrpcClientProtocolClient.java:onNext(255)) - client-3502B0E99E4B->68798575-c94b-44a6-b996-25df487e3c54: receive RaftClientReply:client-3502B0E99E4B->68798575-c94b-44a6-b996-25df487e3c54@group-48C576E544C9, cid=604, SUCCESS, logIndex=716, commits[68798575-c94b-44a6-b996-25df487e3c54:c717, 9ec8ead9-888e-415b-b04c-32cd2c26f792:c715, 84ef4577-07e0-4c8d-900e-d449eb7bf65d:c715]
2019-07-10 10:03:36,743 INFO  client.GrpcClientProtocolClient (GrpcClientProtocolClient.java:onNext(255)) - client-3502B0E99E4B->68798575-c94b-44a6-b996-25df487e3c54: receive RaftClientReply:client-3502B0E99E4B->68798575-c94b-44a6-b996-25df487e3c54@group-48C576E544C9, cid=605, SUCCESS, logIndex=717, commits[68798575-c94b-44a6-b996-25df487e3c54:c717, 9ec8ead9-888e-415b-b04c-32cd2c26f792:c715, 84ef4577-07e0-4c8d-900e-d449eb7bf65d:c715]
2019-07-10 10:03:36,770 INFO  client.GrpcClientProtocolClient (GrpcClientProtocolClient.java:onNext(255)) - client-3502B0E99E4B->68798575-c94b-44a6-b996-25df487e3c54: receive RaftClientReply:client-3502B0E99E4B->68798575-c94b-44a6-b996-25df487e3c54@group-48C576E544C9, cid=606, SUCCESS, logIndex=720, commits[68798575-c94b-44a6-b996-25df487e3c54:c721, 9ec8ead9-888e-415b-b04c-32cd2c26f792:c717, 84ef4577-07e0-4c8d-900e-d449eb7bf65d:c717]
2019-07-10 10:03:36,771 INFO  client.GrpcClientProtocolClient (GrpcClientProtocolClient.java:onNext(255)) - client-3502B0E99E4B->68798575-c94b-44a6-b996-25df487e3c54: receive RaftClientReply:client-3502B0E99E4B->68798575-c94b-44a6-b996-25df487e3c54@group-48C576E544C9, cid=607, SUCCESS, logIndex=721, commits[68798575-c94b-44a6-b996-25df487e3c54:c721, 9ec8ead9-888e-415b-b04c-32cd2c26f792:c717, 84ef4577-07e0-4c8d-900e-d449eb7bf65d:c717]
2019-07-10 10:03:36,784 INFO  client.GrpcClientProtocolClient (GrpcClientProtocolClient.java:onNext(255)) - client-3502B0E99E4B->68798575-c94b-44a6-b996-25df487e3c54: receive RaftClientReply:client-3502B0E99E4B->68798575-c94b-44a6-b996-25df487e3c54@group-48C576E544C9, cid=608, SUCCESS, logIndex=0, commits[68798575-c94b-44a6-b996-25df487e3c54:c722, 9ec8ead9-888e-415b-b04c-32cd2c26f792:c721, 84ef4577-07e0-4c8d-900e-d449eb7bf65d:c721]
2019-07-10 10:03:36,808 INFO  client.GrpcClientProtocolClient (GrpcClientProtocolClient.java:onNext(255)) - client-3502B0E99E4B->68798575-c94b-44a6-b996-25df487e3c54: receive RaftClientReply:client-3502B0E99E4B->68798575-c94b-44a6-b996-25df487e3c54@group-48C576E544C9, cid=609, SUCCESS, logIndex=724, commits[68798575-c94b-44a6-b996-25df487e3c54:c725, 9ec8ead9-888e-415b-b04c-32cd2c26f792:c723, 84ef4577-07e0-4c8d-900e-d449eb7bf65d:c723]
2019-07-10 10:03:36,809 INFO  client.GrpcClientProtocolClient (GrpcClientProtocolClient.java:onNext(255)) - client-3502B0E99E4B->68798575-c94b-44a6-b996-25df487e3c54: receive RaftClientReply:client-3502B0E99E4B->68798575-c94b-44a6-b996-25df487e3c54@group-48C576E544C9, cid=610, SUCCESS, logIndex=725, commits[68798575-c94b-44a6-b996-25df487e3c54:c727, 9ec8ead9-888e-415b-b04c-32cd2c26f792:c723, 84ef4577-07e0-4c8d-900e-d449eb7bf65d:c723]
2019-07-10 10:03:36,809 INFO  client.GrpcClientProtocolClient (GrpcClientProtocolClient.java:onNext(255)) - client-3502B0E99E4B->68798575-c94b-44a6-b996-25df487e3c54: receive RaftClientReply:client-3502B0E99E4B->68798575-c94b-44a6-b996-25df487e3c54@group-48C576E544C9, cid=611, SUCCESS, logIndex=726, commits[68798575-c94b-44a6-b996-25df487e3c54:c727, 9ec8ead9-888e-415b-b04c-32cd2c26f792:c723, 84ef4577-07e0-4c8d-900e-d449eb7bf65d:c723]
2019-07-10 10:03:36,809 INFO  client.GrpcClientProtocolClient (GrpcClientProtocolClient.java:onNext(255)) - client-3502B0E99E4B->68798575-c94b-44a6-b996-25df487e3c54: receive RaftClientReply:client-3502B0E99E4B->68798575-c94b-44a6-b996-25df487e3c54@group-48C576E544C9, cid=612, SUCCESS, logIndex=727, commits[68798575-c94b-44a6-b996-25df487e3c54:c727, 9ec8ead9-888e-415b-b04c-32cd2c26f792:c723, 84ef4577-07e0-4c8d-900e-d449eb7bf65d:c723]
2019-07-10 10:03:36,811 INFO  client.GrpcClientProtocolClient (GrpcClientProtocolClient.java:onNext(255)) - client-3502B0E99E4B->68798575-c94b-44a6-b996-25df487e3c54: receive RaftClientReply:client-3502B0E99E4B->68798575-c94b-44a6-b996-25df487e3c54@group-48C576E544C9, cid=613, SUCCESS, logIndex=0, commits[68798575-c94b-44a6-b996-25df487e3c54:c729, 9ec8ead9-888e-415b-b04c-32cd2c26f792:c725, 84ef4577-07e0-4c8d-900e-d449eb7bf65d:c725]
2019-07-10 10:03:37,073 INFO  client.GrpcClientProtocolClient (GrpcClientProtocolClient.java:onNext(255)) - client-3502B0E99E4B->68798575-c94b-44a6-b996-25df487e3c54: receive RaftClientReply:client-3502B0E99E4B->68798575-c94b-44a6-b996-25df487e3c54@group-48C576E544C9, cid=614, SUCCESS, logIndex=732, commits[68798575-c94b-44a6-b996-25df487e3c54:c733, 9ec8ead9-888e-415b-b04c-32cd2c26f792:c731, 84ef4577-07e0-4c8d-900e-d449eb7bf65d:c731]
2019-07-10 10:03:37,074 INFO  client.GrpcClientProtocolClient (GrpcClientProtocolClient.java:onNext(255)) - client-3502B0E99E4B->68798575-c94b-44a6-b996-25df487e3c54: receive RaftClientReply:client-3502B0E99E4B->68798575-c94b-44a6-b996-25df487e3c54@group-48C576E544C9, cid=615, SUCCESS, logIndex=733, commits[68798575-c94b-44a6-b996-25df487e3c54:c733, 9ec8ead9-888e-415b-b04c-32cd2c26f792:c731, 84ef4577-07e0-4c8d-900e-d449eb7bf65d:c731]
2019-07-10 10:03:37,103 INFO  client.GrpcClientProtocolClient (GrpcClientProtocolClient.java:onNext(255)) - client-3502B0E99E4B->68798575-c94b-44a6-b996-25df487e3c54: receive RaftClientReply:client-3502B0E99E4B->68798575-c94b-44a6-b996-25df487e3c54@group-48C576E544C9, cid=616, SUCCESS, logIndex=736, commits[68798575-c94b-44a6-b996-25df487e3c54:c737, 9ec8ead9-888e-415b-b04c-32cd2c26f792:c735, 84ef4577-07e0-4c8d-900e-d449eb7bf65d:c735]
2019-07-10 10:03:37,103 INFO  client.GrpcClientProtocolClient (GrpcClientProtocolClient.java:onNext(255)) - client-3502B0E99E4B->68798575-c94b-44a6-b996-25df487e3c54: receive RaftClientReply:client-3502B0E99E4B->68798575-c94b-44a6-b996-25df487e3c54@group-48C576E544C9, cid=617, SUCCESS, logIndex=737, commits[68798575-c94b-44a6-b996-25df487e3c54:c737, 9ec8ead9-888e-415b-b04c-32cd2c26f792:c735, 84ef4577-07e0-4c8d-900e-d449eb7bf65d:c735]
2019-07-10 10:03:37,117 INFO  client.GrpcClientProtocolClient (GrpcClientProtocolClient.java:onNext(255)) - client-3502B0E99E4B->68798575-c94b-44a6-b996-25df487e3c54: receive RaftClientReply:client-3502B0E99E4B->68798575-c94b-44a6-b996-25df487e3c54@group-48C576E544C9, cid=618, SUCCESS, logIndex=0, commits[68798575-c94b-44a6-b996-25df487e3c54:c739, 9ec8ead9-888e-415b-b04c-32cd2c26f792:c737, 84ef4577-07e0-4c8d-900e-d449eb7bf65d:c737]
2019-07-10 10:03:37,144 INFO  client.GrpcClientProtocolClient (GrpcClientProtocolClient.java:onNext(255)) - client-3502B0E99E4B->68798575-c94b-44a6-b996-25df487e3c54: receive RaftClientReply:client-3502B0E99E4B->68798575-c94b-44a6-b996-25df487e3c54@group-48C576E544C9, cid=619, SUCCESS, logIndex=740, commits[68798575-c94b-44a6-b996-25df487e3c54:c741, 9ec8ead9-888e-415b-b04c-32cd2c26f792:c739, 84ef4577-07e0-4c8d-900e-d449eb7bf65d:c739]
2019-07-10 10:03:37,145 INFO  client.GrpcClientProtocolClient (GrpcClientProtocolClient.java:onNext(255)) - client-3502B0E99E4B->68798575-c94b-44a6-b996-25df487e3c54: receive RaftClientReply:client-3502B0E99E4B->68798575-c94b-44a6-b996-25df487e3c54@group-48C576E544C9, cid=620, SUCCESS, logIndex=741, commits[68798575-c94b-44a6-b996-25df487e3c54:c743, 9ec8ead9-888e-415b-b04c-32cd2c26f792:c739, 84ef4577-07e0-4c8d-900e-d449eb7bf65d:c739]
2019-07-10 10:03:37,146 INFO  client.GrpcClientProtocolClient (GrpcClientProtocolClient.java:onNext(255)) - client-3502B0E99E4B->68798575-c94b-44a6-b996-25df487e3c54: receive RaftClientReply:client-3502B0E99E4B->68798575-c94b-44a6-b996-25df487e3c54@group-48C576E544C9, cid=621, SUCCESS, logIndex=742, commits[68798575-c94b-44a6-b996-25df487e3c54:c743, 9ec8ead9-888e-415b-b04c-32cd2c26f792:c739, 84ef4577-07e0-4c8d-900e-d449eb7bf65d:c739]
2019-07-10 10:03:37,146 INFO  client.GrpcClientProtocolClient (GrpcClientProtocolClient.java:onNext(255)) - client-3502B0E99E4B->68798575-c94b-44a6-b996-25df487e3c54: receive RaftClientReply:client-3502B0E99E4B->68798575-c94b-44a6-b996-25df487e3c54@group-48C576E544C9, cid=622, SUCCESS, logIndex=743, commits[68798575-c94b-44a6-b996-25df487e3c54:c743, 9ec8ead9-888e-415b-b04c-32cd2c26f792:c739, 84ef4577-07e0-4c8d-900e-d449eb7bf65d:c739]
2019-07-10 10:03:37,148 INFO  client.GrpcClientProtocolClient (GrpcClientProtocolClient.java:onNext(255)) - client-3502B0E99E4B->68798575-c94b-44a6-b996-25df487e3c54: receive RaftClientReply:client-3502B0E99E4B->68798575-c94b-44a6-b996-25df487e3c54@group-48C576E544C9, cid=623, SUCCESS, logIndex=0, commits[68798575-c94b-44a6-b996-25df487e3c54:c747, 9ec8ead9-888e-415b-b04c-32cd2c26f792:c741, 84ef4577-07e0-4c8d-900e-d449eb7bf65d:c743]
2019-07-10 10:03:37,173 INFO  client.GrpcClientProtocolClient (GrpcClientProtocolClient.java:onNext(255)) - client-3502B0E99E4B->68798575-c94b-44a6-b996-25df487e3c54: receive RaftClientReply:client-3502B0E99E4B->68798575-c94b-44a6-b996-25df487e3c54@group-48C576E544C9, cid=624, SUCCESS, logIndex=748, commits[68798575-c94b-44a6-b996-25df487e3c54:c749, 9ec8ead9-888e-415b-b04c-32cd2c26f792:c747, 84ef4577-07e0-4c8d-900e-d449eb7bf65d:c747]
2019-07-10 10:03:37,174 INFO  client.GrpcClientProtocolClient (GrpcClientProtocolClient.java:onNext(255)) - client-3502B0E99E4B->68798575-c94b-44a6-b996-25df487e3c54: receive RaftClientReply:client-3502B0E99E4B->68798575-c94b-44a6-b996-25df487e3c54@group-48C576E544C9, cid=625, SUCCESS, logIndex=749, commits[68798575-c94b-44a6-b996-25df487e3c54:c749, 9ec8ead9-888e-415b-b04c-32cd2c26f792:c747, 84ef4577-07e0-4c8d-900e-d449eb7bf65d:c747]
2019-07-10 10:03:37,201 INFO  client.GrpcClientProtocolClient (GrpcClientProtocolClient.java:onNext(255)) - client-3502B0E99E4B->68798575-c94b-44a6-b996-25df487e3c54: receive RaftClientReply:client-3502B0E99E4B->68798575-c94b-44a6-b996-25df487e3c54@group-48C576E544C9, cid=626, SUCCESS, logIndex=752, commits[68798575-c94b-44a6-b996-25df487e3c54:c753, 9ec8ead9-888e-415b-b04c-32cd2c26f792:c749, 84ef4577-07e0-4c8d-900e-d449eb7bf65d:c749]
2019-07-10 10:03:37,202 INFO  client.GrpcClientProtocolClient (GrpcClientProtocolClient.java:onNext(255)) - client-3502B0E99E4B->68798575-c94b-44a6-b996-25df487e3c54: receive RaftClientReply:client-3502B0E99E4B->68798575-c94b-44a6-b996-25df487e3c54@group-48C576E544C9, cid=627, SUCCESS, logIndex=753, commits[68798575-c94b-44a6-b996-25df487e3c54:c753, 9ec8ead9-888e-415b-b04c-32cd2c26f792:c749, 84ef4577-07e0-4c8d-900e-d449eb7bf65d:c749]
2019-07-10 10:03:37,226 INFO  client.GrpcClientProtocolClient (GrpcClientProtocolClient.java:onNext(255)) - client-3502B0E99E4B->68798575-c94b-44a6-b996-25df487e3c54: receive RaftClientReply:client-3502B0E99E4B->68798575-c94b-44a6-b996-25df487e3c54@group-48C576E544C9, cid=628, SUCCESS, logIndex=0, commits[68798575-c94b-44a6-b996-25df487e3c54:c755, 9ec8ead9-888e-415b-b04c-32cd2c26f792:c753, 84ef4577-07e0-4c8d-900e-d449eb7bf65d:c753]
2019-07-10 10:03:37,250 INFO  client.GrpcClientProtocolClient (GrpcClientProtocolClient.java:onNext(255)) - client-3502B0E99E4B->68798575-c94b-44a6-b996-25df487e3c54: receive RaftClientReply:client-3502B0E99E4B->68798575-c94b-44a6-b996-25df487e3c54@group-48C576E544C9, cid=629, SUCCESS, logIndex=756, commits[68798575-c94b-44a6-b996-25df487e3c54:c757, 9ec8ead9-888e-415b-b04c-32cd2c26f792:c755, 84ef4577-07e0-4c8d-900e-d449eb7bf65d:c755]
2019-07-10 10:03:37,251 INFO  client.GrpcClientProtocolClient (GrpcClientProtocolClient.java:onNext(255)) - client-3502B0E99E4B->68798575-c94b-44a6-b996-25df487e3c54: receive RaftClientReply:client-3502B0E99E4B->68798575-c94b-44a6-b996-25df487e3c54@group-48C576E544C9, cid=630, SUCCESS, logIndex=757, commits[68798575-c94b-44a6-b996-25df487e3c54:c759, 9ec8ead9-888e-415b-b04c-32cd2c26f792:c755, 84ef4577-07e0-4c8d-900e-d449eb7bf65d:c755]
2019-07-10 10:03:37,251 INFO  client.GrpcClientProtocolClient (GrpcClientProtocolClient.java:onNext(255)) - client-3502B0E99E4B->68798575-c94b-44a6-b996-25df487e3c54: receive RaftClientReply:client-3502B0E99E4B->68798575-c94b-44a6-b996-25df487e3c54@group-48C576E544C9, cid=631, SUCCESS, logIndex=758, commits[68798575-c94b-44a6-b996-25df487e3c54:c759, 9ec8ead9-888e-415b-b04c-32cd2c26f792:c755, 84ef4577-07e0-4c8d-900e-d449eb7bf65d:c755]
2019-07-10 10:03:37,252 INFO  client.GrpcClientProtocolClient (GrpcClientProtocolClient.java:onNext(255)) - client-3502B0E99E4B->68798575-c94b-44a6-b996-25df487e3c54: receive RaftClientReply:client-3502B0E99E4B->68798575-c94b-44a6-b996-25df487e3c54@group-48C576E544C9, cid=632, SUCCESS, logIndex=759, commits[68798575-c94b-44a6-b996-25df487e3c54:c760, 9ec8ead9-888e-415b-b04c-32cd2c26f792:c756, 84ef4577-07e0-4c8d-900e-d449eb7bf65d:c755]
2019-07-10 10:03:37,253 INFO  client.GrpcClientProtocolClient (GrpcClientProtocolClient.java:onNext(255)) - client-3502B0E99E4B->68798575-c94b-44a6-b996-25df487e3c54: receive RaftClientReply:client-3502B0E99E4B->68798575-c94b-44a6-b996-25df487e3c54@group-48C576E544C9, cid=633, SUCCESS, logIndex=0, commits[68798575-c94b-44a6-b996-25df487e3c54:c763, 9ec8ead9-888e-415b-b04c-32cd2c26f792:c759, 84ef4577-07e0-4c8d-900e-d449eb7bf65d:c757]
2019-07-10 10:03:37,276 INFO  client.GrpcClientProtocolClient (GrpcClientProtocolClient.java:onNext(255)) - client-3502B0E99E4B->68798575-c94b-44a6-b996-25df487e3c54: receive RaftClientReply:client-3502B0E99E4B->68798575-c94b-44a6-b996-25df487e3c54@group-48C576E544C9, cid=634, SUCCESS, logIndex=764, commits[68798575-c94b-44a6-b996-25df487e3c54:c765, 9ec8ead9-888e-415b-b04c-32cd2c26f792:c763, 84ef4577-07e0-4c8d-900e-d449eb7bf65d:c763]
2019-07-10 10:03:37,277 INFO  client.GrpcClientProtocolClient (GrpcClientProtocolClient.java:onNext(255)) - client-3502B0E99E4B->68798575-c94b-44a6-b996-25df487e3c54: receive RaftClientReply:client-3502B0E99E4B->68798575-c94b-44a6-b996-25df487e3c54@group-48C576E544C9, cid=635, SUCCESS, logIndex=765, commits[68798575-c94b-44a6-b996-25df487e3c54:c765, 9ec8ead9-888e-415b-b04c-32cd2c26f792:c763, 84ef4577-07e0-4c8d-900e-d449eb7bf65d:c763]
2019-07-10 10:03:37,301 INFO  client.GrpcClientProtocolClient (GrpcClientProtocolClient.java:onNext(255)) - client-3502B0E99E4B->68798575-c94b-44a6-b996-25df487e3c54: receive RaftClientReply:client-3502B0E99E4B->68798575-c94b-44a6-b996-25df487e3c54@group-48C576E544C9, cid=636, SUCCESS, logIndex=768, commits[68798575-c94b-44a6-b996-25df487e3c54:c768, 9ec8ead9-888e-415b-b04c-32cd2c26f792:c765, 84ef4577-07e0-4c8d-900e-d449eb7bf65d:c765]
2019-07-10 10:03:37,302 INFO  client.GrpcClientProtocolClient (GrpcClientProtocolClient.java:onNext(255)) - client-3502B0E99E4B->68798575-c94b-44a6-b996-25df487e3c54: receive RaftClientReply:client-3502B0E99E4B->68798575-c94b-44a6-b996-25df487e3c54@group-48C576E544C9, cid=637, SUCCESS, logIndex=769, commits[68798575-c94b-44a6-b996-25df487e3c54:c769, 9ec8ead9-888e-415b-b04c-32cd2c26f792:c765, 84ef4577-07e0-4c8d-900e-d449eb7bf65d:c765]
2019-07-10 10:03:37,314 INFO  client.GrpcClientProtocolClient (GrpcClientProtocolClient.java:onNext(255)) - client-3502B0E99E4B->68798575-c94b-44a6-b996-25df487e3c54: receive RaftClientReply:client-3502B0E99E4B->68798575-c94b-44a6-b996-25df487e3c54@group-48C576E544C9, cid=638, SUCCESS, logIndex=0, commits[68798575-c94b-44a6-b996-25df487e3c54:c771, 9ec8ead9-888e-415b-b04c-32cd2c26f792:c769, 84ef4577-07e0-4c8d-900e-d449eb7bf65d:c769]
2019-07-10 10:03:37,337 INFO  client.GrpcClientProtocolClient (GrpcClientProtocolClient.java:onNext(255)) - client-3502B0E99E4B->68798575-c94b-44a6-b996-25df487e3c54: receive RaftClientReply:client-3502B0E99E4B->68798575-c94b-44a6-b996-25df487e3c54@group-48C576E544C9, cid=639, SUCCESS, logIndex=772, commits[68798575-c94b-44a6-b996-25df487e3c54:c773, 9ec8ead9-888e-415b-b04c-32cd2c26f792:c771, 84ef4577-07e0-4c8d-900e-d449eb7bf65d:c771]
2019-07-10 10:03:37,338 INFO  client.GrpcClientProtocolClient (GrpcClientProtocolClient.java:onNext(255)) - client-3502B0E99E4B->68798575-c94b-44a6-b996-25df487e3c54: receive RaftClientReply:client-3502B0E99E4B->68798575-c94b-44a6-b996-25df487e3c54@group-48C576E544C9, cid=640, SUCCESS, logIndex=773, commits[68798575-c94b-44a6-b996-25df487e3c54:c775, 9ec8ead9-888e-415b-b04c-32cd2c26f792:c771, 84ef4577-07e0-4c8d-900e-d449eb7bf65d:c771]
2019-07-10 10:03:37,339 INFO  client.GrpcClientProtocolClient (GrpcClientProtocolClient.java:onNext(255)) - client-3502B0E99E4B->68798575-c94b-44a6-b996-25df487e3c54: receive RaftClientReply:client-3502B0E99E4B->68798575-c94b-44a6-b996-25df487e3c54@group-48C576E544C9, cid=641, SUCCESS, logIndex=774, commits[68798575-c94b-44a6-b996-25df487e3c54:c775, 9ec8ead9-888e-415b-b04c-32cd2c26f792:c771, 84ef4577-07e0-4c8d-900e-d449eb7bf65d:c771]
2019-07-10 10:03:37,339 INFO  client.GrpcClientProtocolClient (GrpcClientProtocolClient.java:onNext(255)) - client-3502B0E99E4B->68798575-c94b-44a6-b996-25df487e3c54: receive RaftClientReply:client-3502B0E99E4B->68798575-c94b-44a6-b996-25df487e3c54@group-48C576E544C9, cid=642, SUCCESS, logIndex=775, commits[68798575-c94b-44a6-b996-25df487e3c54:c775, 9ec8ead9-888e-415b-b04c-32cd2c26f792:c771, 84ef4577-07e0-4c8d-900e-d449eb7bf65d:c771]
2019-07-10 10:03:37,341 INFO  client.GrpcClientProtocolClient (GrpcClientProtocolClient.java:onNext(255)) - client-3502B0E99E4B->68798575-c94b-44a6-b996-25df487e3c54: receive RaftClientReply:client-3502B0E99E4B->68798575-c94b-44a6-b996-25df487e3c54@group-48C576E544C9, cid=643, SUCCESS, logIndex=0, commits[68798575-c94b-44a6-b996-25df487e3c54:c778, 9ec8ead9-888e-415b-b04c-32cd2c26f792:c775, 84ef4577-07e0-4c8d-900e-d449eb7bf65d:c775]
2019-07-10 10:03:37,364 INFO  client.GrpcClientProtocolClient (GrpcClientProtocolClient.java:onNext(255)) - client-3502B0E99E4B->68798575-c94b-44a6-b996-25df487e3c54: receive RaftClientReply:client-3502B0E99E4B->68798575-c94b-44a6-b996-25df487e3c54@group-48C576E544C9, cid=644, SUCCESS, logIndex=779, commits[68798575-c94b-44a6-b996-25df487e3c54:c780, 9ec8ead9-888e-415b-b04c-32cd2c26f792:c778, 84ef4577-07e0-4c8d-900e-d449eb7bf65d:c778]
2019-07-10 10:03:37,364 INFO  client.GrpcClientProtocolClient (GrpcClientProtocolClient.java:onNext(255)) - client-3502B0E99E4B->68798575-c94b-44a6-b996-25df487e3c54: receive RaftClientReply:client-3502B0E99E4B->68798575-c94b-44a6-b996-25df487e3c54@group-48C576E544C9, cid=645, SUCCESS, logIndex=780, commits[68798575-c94b-44a6-b996-25df487e3c54:c780, 9ec8ead9-888e-415b-b04c-32cd2c26f792:c778, 84ef4577-07e0-4c8d-900e-d449eb7bf65d:c778]
2019-07-10 10:03:37,392 INFO  client.GrpcClientProtocolClient (GrpcClientProtocolClient.java:onNext(255)) - client-3502B0E99E4B->68798575-c94b-44a6-b996-25df487e3c54: receive RaftClientReply:client-3502B0E99E4B->68798575-c94b-44a6-b996-25df487e3c54@group-48C576E544C9, cid=646, SUCCESS, logIndex=783, commits[68798575-c94b-44a6-b996-25df487e3c54:c784, 9ec8ead9-888e-415b-b04c-32cd2c26f792:c780, 84ef4577-07e0-4c8d-900e-d449eb7bf65d:c780]
2019-07-10 10:03:37,393 INFO  client.GrpcClientProtocolClient (GrpcClientProtocolClient.java:onNext(255)) - client-3502B0E99E4B->68798575-c94b-44a6-b996-25df487e3c54: receive RaftClientReply:client-3502B0E99E4B->68798575-c94b-44a6-b996-25df487e3c54@group-48C576E544C9, cid=647, SUCCESS, logIndex=784, commits[68798575-c94b-44a6-b996-25df487e3c54:c784, 9ec8ead9-888e-415b-b04c-32cd2c26f792:c780, 84ef4577-07e0-4c8d-900e-d449eb7bf65d:c780]
2019-07-10 10:03:37,395 INFO  client.GrpcClientProtocolClient (GrpcClientProtocolClient.java:onNext(255)) - client-3502B0E99E4B->68798575-c94b-44a6-b996-25df487e3c54: receive RaftClientReply:client-3502B0E99E4B->68798575-c94b-44a6-b996-25df487e3c54@group-48C576E544C9, cid=648, SUCCESS, logIndex=0, commits[68798575-c94b-44a6-b996-25df487e3c54:c785, 9ec8ead9-888e-415b-b04c-32cd2c26f792:c784, 84ef4577-07e0-4c8d-900e-d449eb7bf65d:c784]
2019-07-10 10:03:37,418 INFO  client.GrpcClientProtocolClient (GrpcClientProtocolClient.java:onNext(255)) - client-3502B0E99E4B->68798575-c94b-44a6-b996-25df487e3c54: receive RaftClientReply:client-3502B0E99E4B->68798575-c94b-44a6-b996-25df487e3c54@group-48C576E544C9, cid=649, SUCCESS, logIndex=787, commits[68798575-c94b-44a6-b996-25df487e3c54:c788, 9ec8ead9-888e-415b-b04c-32cd2c26f792:c786, 84ef4577-07e0-4c8d-900e-d449eb7bf65d:c786]
2019-07-10 10:03:37,419 INFO  client.GrpcClientProtocolClient (GrpcClientProtocolClient.java:onNext(255)) - client-3502B0E99E4B->68798575-c94b-44a6-b996-25df487e3c54: receive RaftClientReply:client-3502B0E99E4B->68798575-c94b-44a6-b996-25df487e3c54@group-48C576E544C9, cid=650, SUCCESS, logIndex=788, commits[68798575-c94b-44a6-b996-25df487e3c54:c790, 9ec8ead9-888e-415b-b04c-32cd2c26f792:c786, 84ef4577-07e0-4c8d-900e-d449eb7bf65d:c786]
2019-07-10 10:03:37,420 INFO  client.GrpcClientProtocolClient (GrpcClientProtocolClient.java:onNext(255)) - client-3502B0E99E4B->68798575-c94b-44a6-b996-25df487e3c54: receive RaftClientReply:client-3502B0E99E4B->68798575-c94b-44a6-b996-25df487e3c54@group-48C576E544C9, cid=651, SUCCESS, logIndex=789, commits[68798575-c94b-44a6-b996-25df487e3c54:c790, 9ec8ead9-888e-415b-b04c-32cd2c26f792:c786, 84ef4577-07e0-4c8d-900e-d449eb7bf65d:c786]
2019-07-10 10:03:37,420 INFO  client.GrpcClientProtocolClient (GrpcClientProtocolClient.java:onNext(255)) - client-3502B0E99E4B->68798575-c94b-44a6-b996-25df487e3c54: receive RaftClientReply:client-3502B0E99E4B->68798575-c94b-44a6-b996-25df487e3c54@group-48C576E544C9, cid=652, SUCCESS, logIndex=790, commits[68798575-c94b-44a6-b996-25df487e3c54:c790, 9ec8ead9-888e-415b-b04c-32cd2c26f792:c786, 84ef4577-07e0-4c8d-900e-d449eb7bf65d:c786]
2019-07-10 10:03:37,421 INFO  client.GrpcClientProtocolClient (GrpcClientProtocolClient.java:onNext(255)) - client-3502B0E99E4B->68798575-c94b-44a6-b996-25df487e3c54: receive RaftClientReply:client-3502B0E99E4B->68798575-c94b-44a6-b996-25df487e3c54@group-48C576E544C9, cid=653, SUCCESS, logIndex=0, commits[68798575-c94b-44a6-b996-25df487e3c54:c793, 9ec8ead9-888e-415b-b04c-32cd2c26f792:c789, 84ef4577-07e0-4c8d-900e-d449eb7bf65d:c788]
2019-07-10 10:03:37,444 INFO  client.GrpcClientProtocolClient (GrpcClientProtocolClient.java:onNext(255)) - client-3502B0E99E4B->68798575-c94b-44a6-b996-25df487e3c54: receive RaftClientReply:client-3502B0E99E4B->68798575-c94b-44a6-b996-25df487e3c54@group-48C576E544C9, cid=654, SUCCESS, logIndex=795, commits[68798575-c94b-44a6-b996-25df487e3c54:c796, 9ec8ead9-888e-415b-b04c-32cd2c26f792:c794, 84ef4577-07e0-4c8d-900e-d449eb7bf65d:c794]
2019-07-10 10:03:37,445 INFO  client.GrpcClientProtocolClient (GrpcClientProtocolClient.java:onNext(255)) - client-3502B0E99E4B->68798575-c94b-44a6-b996-25df487e3c54: receive RaftClientReply:client-3502B0E99E4B->68798575-c94b-44a6-b996-25df487e3c54@group-48C576E544C9, cid=655, SUCCESS, logIndex=796, commits[68798575-c94b-44a6-b996-25df487e3c54:c796, 9ec8ead9-888e-415b-b04c-32cd2c26f792:c794, 84ef4577-07e0-4c8d-900e-d449eb7bf65d:c794]
2019-07-10 10:03:37,479 INFO  client.GrpcClientProtocolClient (GrpcClientProtocolClient.java:onNext(255)) - client-3502B0E99E4B->68798575-c94b-44a6-b996-25df487e3c54: receive RaftClientReply:client-3502B0E99E4B->68798575-c94b-44a6-b996-25df487e3c54@group-48C576E544C9, cid=656, SUCCESS, logIndex=799, commits[68798575-c94b-44a6-b996-25df487e3c54:c800, 9ec8ead9-888e-415b-b04c-32cd2c26f792:c796, 84ef4577-07e0-4c8d-900e-d449eb7bf65d:c796]
2019-07-10 10:03:37,480 INFO  client.GrpcClientProtocolClient (GrpcClientProtocolClient.java:onNext(255)) - client-3502B0E99E4B->68798575-c94b-44a6-b996-25df487e3c54: receive RaftClientReply:client-3502B0E99E4B->68798575-c94b-44a6-b996-25df487e3c54@group-48C576E544C9, cid=657, SUCCESS, logIndex=800, commits[68798575-c94b-44a6-b996-25df487e3c54:c800, 9ec8ead9-888e-415b-b04c-32cd2c26f792:c796, 84ef4577-07e0-4c8d-900e-d449eb7bf65d:c796]
2019-07-10 10:03:37,492 INFO  client.GrpcClientProtocolClient (GrpcClientProtocolClient.java:onNext(255)) - client-3502B0E99E4B->68798575-c94b-44a6-b996-25df487e3c54: receive RaftClientReply:client-3502B0E99E4B->68798575-c94b-44a6-b996-25df487e3c54@group-48C576E544C9, cid=658, SUCCESS, logIndex=0, commits[68798575-c94b-44a6-b996-25df487e3c54:c801, 9ec8ead9-888e-415b-b04c-32cd2c26f792:c800, 84ef4577-07e0-4c8d-900e-d449eb7bf65d:c800]
 0.00% |█                                                                                                    |  0/1 Time: 0:00:012019-07-10 10:03:37,522 INFO  client.GrpcClientProtocolClient (GrpcClientProtocolClient.java:onNext(255)) - client-3502B0E99E4B->68798575-c94b-44a6-b996-25df487e3c54: receive RaftClientReply:client-3502B0E99E4B->68798575-c94b-44a6-b996-25df487e3c54@group-48C576E544C9, cid=659, SUCCESS, logIndex=802, commits[68798575-c94b-44a6-b996-25df487e3c54:c803, 9ec8ead9-888e-415b-b04c-32cd2c26f792:c801, 84ef4577-07e0-4c8d-900e-d449eb7bf65d:c801]
2019-07-10 10:03:37,523 INFO  client.GrpcClientProtocolClient (GrpcClientProtocolClient.java:onNext(255)) - client-3502B0E99E4B->68798575-c94b-44a6-b996-25df487e3c54: receive RaftClientReply:client-3502B0E99E4B->68798575-c94b-44a6-b996-25df487e3c54@group-48C576E544C9, cid=660, SUCCESS, logIndex=803, commits[68798575-c94b-44a6-b996-25df487e3c54:c804, 9ec8ead9-888e-415b-b04c-32cd2c26f792:c801, 84ef4577-07e0-4c8d-900e-d449eb7bf65d:c801]
2019-07-10 10:03:37,523 INFO  client.GrpcClientProtocolClient (GrpcClientProtocolClient.java:onNext(255)) - client-3502B0E99E4B->68798575-c94b-44a6-b996-25df487e3c54: receive RaftClientReply:client-3502B0E99E4B->68798575-c94b-44a6-b996-25df487e3c54@group-48C576E544C9, cid=661, SUCCESS, logIndex=804, commits[68798575-c94b-44a6-b996-25df487e3c54:c805, 9ec8ead9-888e-415b-b04c-32cd2c26f792:c801, 84ef4577-07e0-4c8d-900e-d449eb7bf65d:c801]
2019-07-10 10:03:37,524 INFO  client.GrpcClientProtocolClient (GrpcClientProtocolClient.java:onNext(255)) - client-3502B0E99E4B->68798575-c94b-44a6-b996-25df487e3c54: receive RaftClientReply:client-3502B0E99E4B->68798575-c94b-44a6-b996-25df487e3c54@group-48C576E544C9, cid=662, SUCCESS, logIndex=805, commits[68798575-c94b-44a6-b996-25df487e3c54:c805, 9ec8ead9-888e-415b-b04c-32cd2c26f792:c801, 84ef4577-07e0-4c8d-900e-d449eb7bf65d:c801]
2019-07-10 10:03:37,526 INFO  client.GrpcClientProtocolClient (GrpcClientProtocolClient.java:onNext(255)) - client-3502B0E99E4B->68798575-c94b-44a6-b996-25df487e3c54: receive RaftClientReply:client-3502B0E99E4B->68798575-c94b-44a6-b996-25df487e3c54@group-48C576E544C9, cid=663, SUCCESS, logIndex=0, commits[68798575-c94b-44a6-b996-25df487e3c54:c808, 9ec8ead9-888e-415b-b04c-32cd2c26f792:c803, 84ef4577-07e0-4c8d-900e-d449eb7bf65d:c804]
2019-07-10 10:03:37,548 INFO  client.GrpcClientProtocolClient (GrpcClientProtocolClient.java:onNext(255)) - client-3502B0E99E4B->68798575-c94b-44a6-b996-25df487e3c54: receive RaftClientReply:client-3502B0E99E4B->68798575-c94b-44a6-b996-25df487e3c54@group-48C576E544C9, cid=664, SUCCESS, logIndex=810, commits[68798575-c94b-44a6-b996-25df487e3c54:c811, 9ec8ead9-888e-415b-b04c-32cd2c26f792:c809, 84ef4577-07e0-4c8d-900e-d449eb7bf65d:c809]
2019-07-10 10:03:37,554 INFO  client.GrpcClientProtocolClient (GrpcClientProtocolClient.java:onNext(255)) - client-3502B0E99E4B->68798575-c94b-44a6-b996-25df487e3c54: receive RaftClientReply:client-3502B0E99E4B->68798575-c94b-44a6-b996-25df487e3c54@group-48C576E544C9, cid=665, SUCCESS, logIndex=811, commits[68798575-c94b-44a6-b996-25df487e3c54:c811, 9ec8ead9-888e-415b-b04c-32cd2c26f792:c809, 84ef4577-07e0-4c8d-900e-d449eb7bf65d:c809]
2019-07-10 10:03:37,576 INFO  client.GrpcClientProtocolClient (GrpcClientProtocolClient.java:onNext(255)) - client-3502B0E99E4B->68798575-c94b-44a6-b996-25df487e3c54: receive RaftClientReply:client-3502B0E99E4B->68798575-c94b-44a6-b996-25df487e3c54@group-48C576E544C9, cid=666, SUCCESS, logIndex=814, commits[68798575-c94b-44a6-b996-25df487e3c54:c815, 9ec8ead9-888e-415b-b04c-32cd2c26f792:c813, 84ef4577-07e0-4c8d-900e-d449eb7bf65d:c813]
2019-07-10 10:03:37,577 INFO  client.GrpcClientProtocolClient (GrpcClientProtocolClient.java:onNext(255)) - client-3502B0E99E4B->68798575-c94b-44a6-b996-25df487e3c54: receive RaftClientReply:client-3502B0E99E4B->68798575-c94b-44a6-b996-25df487e3c54@group-48C576E544C9, cid=667, SUCCESS, logIndex=815, commits[68798575-c94b-44a6-b996-25df487e3c54:c815, 9ec8ead9-888e-415b-b04c-32cd2c26f792:c813, 84ef4577-07e0-4c8d-900e-d449eb7bf65d:c813]
2019-07-10 10:03:37,589 INFO  client.GrpcClientProtocolClient (GrpcClientProtocolClient.java:onNext(255)) - client-3502B0E99E4B->68798575-c94b-44a6-b996-25df487e3c54: receive RaftClientReply:client-3502B0E99E4B->68798575-c94b-44a6-b996-25df487e3c54@group-48C576E544C9, cid=668, SUCCESS, logIndex=0, commits[68798575-c94b-44a6-b996-25df487e3c54:c817, 9ec8ead9-888e-415b-b04c-32cd2c26f792:c815, 84ef4577-07e0-4c8d-900e-d449eb7bf65d:c815]
2019-07-10 10:03:37,613 INFO  client.GrpcClientProtocolClient (GrpcClientProtocolClient.java:onNext(255)) - client-3502B0E99E4B->68798575-c94b-44a6-b996-25df487e3c54: receive RaftClientReply:client-3502B0E99E4B->68798575-c94b-44a6-b996-25df487e3c54@group-48C576E544C9, cid=669, SUCCESS, logIndex=818, commits[68798575-c94b-44a6-b996-25df487e3c54:c819, 9ec8ead9-888e-415b-b04c-32cd2c26f792:c817, 84ef4577-07e0-4c8d-900e-d449eb7bf65d:c817]
2019-07-10 10:03:37,614 INFO  client.GrpcClientProtocolClient (GrpcClientProtocolClient.java:onNext(255)) - client-3502B0E99E4B->68798575-c94b-44a6-b996-25df487e3c54: receive RaftClientReply:client-3502B0E99E4B->68798575-c94b-44a6-b996-25df487e3c54@group-48C576E544C9, cid=670, SUCCESS, logIndex=819, commits[68798575-c94b-44a6-b996-25df487e3c54:c821, 9ec8ead9-888e-415b-b04c-32cd2c26f792:c817, 84ef4577-07e0-4c8d-900e-d449eb7bf65d:c817]
2019-07-10 10:03:37,614 INFO  client.GrpcClientProtocolClient (GrpcClientProtocolClient.java:onNext(255)) - client-3502B0E99E4B->68798575-c94b-44a6-b996-25df487e3c54: receive RaftClientReply:client-3502B0E99E4B->68798575-c94b-44a6-b996-25df487e3c54@group-48C576E544C9, cid=671, SUCCESS, logIndex=820, commits[68798575-c94b-44a6-b996-25df487e3c54:c821, 9ec8ead9-888e-415b-b04c-32cd2c26f792:c817, 84ef4577-07e0-4c8d-900e-d449eb7bf65d:c817]
2019-07-10 10:03:37,615 INFO  client.GrpcClientProtocolClient (GrpcClientProtocolClient.java:onNext(255)) - client-3502B0E99E4B->68798575-c94b-44a6-b996-25df487e3c54: receive RaftClientReply:client-3502B0E99E4B->68798575-c94b-44a6-b996-25df487e3c54@group-48C576E544C9, cid=672, SUCCESS, logIndex=821, commits[68798575-c94b-44a6-b996-25df487e3c54:c821, 9ec8ead9-888e-415b-b04c-32cd2c26f792:c817, 84ef4577-07e0-4c8d-900e-d449eb7bf65d:c817]
2019-07-10 10:03:37,616 INFO  client.GrpcClientProtocolClient (GrpcClientProtocolClient.java:onNext(255)) - client-3502B0E99E4B->68798575-c94b-44a6-b996-25df487e3c54: receive RaftClientReply:client-3502B0E99E4B->68798575-c94b-44a6-b996-25df487e3c54@group-48C576E544C9, cid=673, SUCCESS, logIndex=0, commits[68798575-c94b-44a6-b996-25df487e3c54:c825, 9ec8ead9-888e-415b-b04c-32cd2c26f792:c820, 84ef4577-07e0-4c8d-900e-d449eb7bf65d:c821]
2019-07-10 10:03:37,640 INFO  client.GrpcClientProtocolClient (GrpcClientProtocolClient.java:onNext(255)) - client-3502B0E99E4B->68798575-c94b-44a6-b996-25df487e3c54: receive RaftClientReply:client-3502B0E99E4B->68798575-c94b-44a6-b996-25df487e3c54@group-48C576E544C9, cid=674, SUCCESS, logIndex=826, commits[68798575-c94b-44a6-b996-25df487e3c54:c827, 9ec8ead9-888e-415b-b04c-32cd2c26f792:c825, 84ef4577-07e0-4c8d-900e-d449eb7bf65d:c825]
2019-07-10 10:03:37,640 INFO  client.GrpcClientProtocolClient (GrpcClientProtocolClient.java:onNext(255)) - client-3502B0E99E4B->68798575-c94b-44a6-b996-25df487e3c54: receive RaftClientReply:client-3502B0E99E4B->68798575-c94b-44a6-b996-25df487e3c54@group-48C576E544C9, cid=675, SUCCESS, logIndex=827, commits[68798575-c94b-44a6-b996-25df487e3c54:c827, 9ec8ead9-888e-415b-b04c-32cd2c26f792:c825, 84ef4577-07e0-4c8d-900e-d449eb7bf65d:c825]
2019-07-10 10:03:37,669 INFO  client.GrpcClientProtocolClient (GrpcClientProtocolClient.java:onNext(255)) - client-3502B0E99E4B->68798575-c94b-44a6-b996-25df487e3c54: receive RaftClientReply:client-3502B0E99E4B->68798575-c94b-44a6-b996-25df487e3c54@group-48C576E544C9, cid=676, SUCCESS, logIndex=830, commits[68798575-c94b-44a6-b996-25df487e3c54:c831, 9ec8ead9-888e-415b-b04c-32cd2c26f792:c827, 84ef4577-07e0-4c8d-900e-d449eb7bf65d:c827]
2019-07-10 10:03:37,669 INFO  client.GrpcClientProtocolClient (GrpcClientProtocolClient.java:onNext(255)) - client-3502B0E99E4B->68798575-c94b-44a6-b996-25df487e3c54: receive RaftClientReply:client-3502B0E99E4B->68798575-c94b-44a6-b996-25df487e3c54@group-48C576E544C9, cid=677, SUCCESS, logIndex=831, commits[68798575-c94b-44a6-b996-25df487e3c54:c831, 9ec8ead9-888e-415b-b04c-32cd2c26f792:c827, 84ef4577-07e0-4c8d-900e-d449eb7bf65d:c827]
2019-07-10 10:03:37,680 INFO  client.GrpcClientProtocolClient (GrpcClientProtocolClient.java:onNext(255)) - client-3502B0E99E4B->68798575-c94b-44a6-b996-25df487e3c54: receive RaftClientReply:client-3502B0E99E4B->68798575-c94b-44a6-b996-25df487e3c54@group-48C576E544C9, cid=678, SUCCESS, logIndex=0, commits[68798575-c94b-44a6-b996-25df487e3c54:c833, 9ec8ead9-888e-415b-b04c-32cd2c26f792:c831, 84ef4577-07e0-4c8d-900e-d449eb7bf65d:c831]
2019-07-10 10:03:38,341 INFO  client.GrpcClientProtocolClient (GrpcClientProtocolClient.java:onNext(255)) - client-3502B0E99E4B->68798575-c94b-44a6-b996-25df487e3c54: receive RaftClientReply:client-3502B0E99E4B->68798575-c94b-44a6-b996-25df487e3c54@group-48C576E544C9, cid=679, SUCCESS, logIndex=834, commits[68798575-c94b-44a6-b996-25df487e3c54:c837, 9ec8ead9-888e-415b-b04c-32cd2c26f792:c833, 84ef4577-07e0-4c8d-900e-d449eb7bf65d:c833]
2019-07-10 10:03:38,342 INFO  client.GrpcClientProtocolClient (GrpcClientProtocolClient.java:onNext(255)) - client-3502B0E99E4B->68798575-c94b-44a6-b996-25df487e3c54: receive RaftClientReply:client-3502B0E99E4B->68798575-c94b-44a6-b996-25df487e3c54@group-48C576E544C9, cid=680, SUCCESS, logIndex=835, commits[68798575-c94b-44a6-b996-25df487e3c54:c837, 9ec8ead9-888e-415b-b04c-32cd2c26f792:c833, 84ef4577-07e0-4c8d-900e-d449eb7bf65d:c833]
2019-07-10 10:03:38,343 INFO  client.GrpcClientProtocolClient (GrpcClientProtocolClient.java:onNext(255)) - client-3502B0E99E4B->68798575-c94b-44a6-b996-25df487e3c54: receive RaftClientReply:client-3502B0E99E4B->68798575-c94b-44a6-b996-25df487e3c54@group-48C576E544C9, cid=681, SUCCESS, logIndex=836, commits[68798575-c94b-44a6-b996-25df487e3c54:c837, 9ec8ead9-888e-415b-b04c-32cd2c26f792:c833, 84ef4577-07e0-4c8d-900e-d449eb7bf65d:c833]
2019-07-10 10:03:38,344 INFO  client.GrpcClientProtocolClient (GrpcClientProtocolClient.java:onNext(255)) - client-3502B0E99E4B->68798575-c94b-44a6-b996-25df487e3c54: receive RaftClientReply:client-3502B0E99E4B->68798575-c94b-44a6-b996-25df487e3c54@group-48C576E544C9, cid=682, SUCCESS, logIndex=837, commits[68798575-c94b-44a6-b996-25df487e3c54:c838, 9ec8ead9-888e-415b-b04c-32cd2c26f792:c833, 84ef4577-07e0-4c8d-900e-d449eb7bf65d:c833]
 0.00% |█                                                                                                    |  0/1 Time: 0:00:022019-07-10 10:03:38,847 INFO  client.GrpcClientProtocolClient (GrpcClientProtocolClient.java:onNext(255)) - client-3502B0E99E4B->68798575-c94b-44a6-b996-25df487e3c54: receive RaftClientReply:client-3502B0E99E4B->68798575-c94b-44a6-b996-25df487e3c54@group-48C576E544C9, cid=683, SUCCESS, logIndex=0, commits[68798575-c94b-44a6-b996-25df487e3c54:c841, 9ec8ead9-888e-415b-b04c-32cd2c26f792:c841, 84ef4577-07e0-4c8d-900e-d449eb7bf65d:c841]
2019-07-10 10:03:38,878 INFO  client.GrpcClientProtocolClient (GrpcClientProtocolClient.java:onNext(255)) - client-3502B0E99E4B->68798575-c94b-44a6-b996-25df487e3c54: receive RaftClientReply:client-3502B0E99E4B->68798575-c94b-44a6-b996-25df487e3c54@group-48C576E544C9, cid=684, SUCCESS, logIndex=842, commits[68798575-c94b-44a6-b996-25df487e3c54:c843, 9ec8ead9-888e-415b-b04c-32cd2c26f792:c841, 84ef4577-07e0-4c8d-900e-d449eb7bf65d:c841]
2019-07-10 10:03:38,879 INFO  client.GrpcClientProtocolClient (GrpcClientProtocolClient.java:onNext(255)) - client-3502B0E99E4B->68798575-c94b-44a6-b996-25df487e3c54: receive RaftClientReply:client-3502B0E99E4B->68798575-c94b-44a6-b996-25df487e3c54@group-48C576E544C9, cid=685, SUCCESS, logIndex=843, commits[68798575-c94b-44a6-b996-25df487e3c54:c843, 9ec8ead9-888e-415b-b04c-32cd2c26f792:c841, 84ef4577-07e0-4c8d-900e-d449eb7bf65d:c841]
2019-07-10 10:03:38,910 INFO  client.GrpcClientProtocolClient (GrpcClientProtocolClient.java:onNext(255)) - client-3502B0E99E4B->68798575-c94b-44a6-b996-25df487e3c54: receive RaftClientReply:client-3502B0E99E4B->68798575-c94b-44a6-b996-25df487e3c54@group-48C576E544C9, cid=686, SUCCESS, logIndex=846, commits[68798575-c94b-44a6-b996-25df487e3c54:c847, 9ec8ead9-888e-415b-b04c-32cd2c26f792:c843, 84ef4577-07e0-4c8d-900e-d449eb7bf65d:c843]
2019-07-10 10:03:38,910 INFO  client.GrpcClientProtocolClient (GrpcClientProtocolClient.java:onNext(255)) - client-3502B0E99E4B->68798575-c94b-44a6-b996-25df487e3c54: receive RaftClientReply:client-3502B0E99E4B->68798575-c94b-44a6-b996-25df487e3c54@group-48C576E544C9, cid=687, SUCCESS, logIndex=847, commits[68798575-c94b-44a6-b996-25df487e3c54:c847, 9ec8ead9-888e-415b-b04c-32cd2c26f792:c843, 84ef4577-07e0-4c8d-900e-d449eb7bf65d:c843]
2019-07-10 10:03:38,925 INFO  client.GrpcClientProtocolClient (GrpcClientProtocolClient.java:onNext(255)) - client-3502B0E99E4B->68798575-c94b-44a6-b996-25df487e3c54: receive RaftClientReply:client-3502B0E99E4B->68798575-c94b-44a6-b996-25df487e3c54@group-48C576E544C9, cid=688, SUCCESS, logIndex=0, commits[68798575-c94b-44a6-b996-25df487e3c54:c848, 9ec8ead9-888e-415b-b04c-32cd2c26f792:c847, 84ef4577-07e0-4c8d-900e-d449eb7bf65d:c847]
2019-07-10 10:03:38,952 INFO  client.GrpcClientProtocolClient (GrpcClientProtocolClient.java:onNext(255)) - client-3502B0E99E4B->68798575-c94b-44a6-b996-25df487e3c54: receive RaftClientReply:client-3502B0E99E4B->68798575-c94b-44a6-b996-25df487e3c54@group-48C576E544C9, cid=689, SUCCESS, logIndex=850, commits[68798575-c94b-44a6-b996-25df487e3c54:c851, 9ec8ead9-888e-415b-b04c-32cd2c26f792:c849, 84ef4577-07e0-4c8d-900e-d449eb7bf65d:c849]
2019-07-10 10:03:38,952 INFO  client.GrpcClientProtocolClient (GrpcClientProtocolClient.java:onNext(255)) - client-3502B0E99E4B->68798575-c94b-44a6-b996-25df487e3c54: receive RaftClientReply:client-3502B0E99E4B->68798575-c94b-44a6-b996-25df487e3c54@group-48C576E544C9, cid=690, SUCCESS, logIndex=851, commits[68798575-c94b-44a6-b996-25df487e3c54:c852, 9ec8ead9-888e-415b-b04c-32cd2c26f792:c849, 84ef4577-07e0-4c8d-900e-d449eb7bf65d:c849]
2019-07-10 10:03:38,953 INFO  client.GrpcClientProtocolClient (GrpcClientProtocolClient.java:onNext(255)) - client-3502B0E99E4B->68798575-c94b-44a6-b996-25df487e3c54: receive RaftClientReply:client-3502B0E99E4B->68798575-c94b-44a6-b996-25df487e3c54@group-48C576E544C9, cid=691, SUCCESS, logIndex=852, commits[68798575-c94b-44a6-b996-25df487e3c54:c853, 9ec8ead9-888e-415b-b04c-32cd2c26f792:c849, 84ef4577-07e0-4c8d-900e-d449eb7bf65d:c849]
2019-07-10 10:03:38,953 INFO  client.GrpcClientProtocolClient (GrpcClientProtocolClient.java:onNext(255)) - client-3502B0E99E4B->68798575-c94b-44a6-b996-25df487e3c54: receive RaftClientReply:client-3502B0E99E4B->68798575-c94b-44a6-b996-25df487e3c54@group-48C576E544C9, cid=692, SUCCESS, logIndex=853, commits[68798575-c94b-44a6-b996-25df487e3c54:c853, 9ec8ead9-888e-415b-b04c-32cd2c26f792:c849, 84ef4577-07e0-4c8d-900e-d449eb7bf65d:c849]
2019-07-10 10:03:38,957 INFO  client.GrpcClientProtocolClient (GrpcClientProtocolClient.java:onNext(255)) - client-3502B0E99E4B->68798575-c94b-44a6-b996-25df487e3c54: receive RaftClientReply:client-3502B0E99E4B->68798575-c94b-44a6-b996-25df487e3c54@group-48C576E544C9, cid=693, SUCCESS, logIndex=0, commits[68798575-c94b-44a6-b996-25df487e3c54:c855, 9ec8ead9-888e-415b-b04c-32cd2c26f792:c853, 84ef4577-07e0-4c8d-900e-d449eb7bf65d:c851]
2019-07-10 10:03:38,982 INFO  client.GrpcClientProtocolClient (GrpcClientProtocolClient.java:onNext(255)) - client-3502B0E99E4B->68798575-c94b-44a6-b996-25df487e3c54: receive RaftClientReply:client-3502B0E99E4B->68798575-c94b-44a6-b996-25df487e3c54@group-48C576E544C9, cid=694, SUCCESS, logIndex=858, commits[68798575-c94b-44a6-b996-25df487e3c54:c859, 9ec8ead9-888e-415b-b04c-32cd2c26f792:c857, 84ef4577-07e0-4c8d-900e-d449eb7bf65d:c857]
2019-07-10 10:03:38,983 INFO  client.GrpcClientProtocolClient (GrpcClientProtocolClient.java:onNext(255)) - client-3502B0E99E4B->68798575-c94b-44a6-b996-25df487e3c54: receive RaftClientReply:client-3502B0E99E4B->68798575-c94b-44a6-b996-25df487e3c54@group-48C576E544C9, cid=695, SUCCESS, logIndex=859, commits[68798575-c94b-44a6-b996-25df487e3c54:c859, 9ec8ead9-888e-415b-b04c-32cd2c26f792:c857, 84ef4577-07e0-4c8d-900e-d449eb7bf65d:c857]
2019-07-10 10:03:39,166 INFO  client.GrpcClientProtocolClient (GrpcClientProtocolClient.java:onNext(255)) - client-3502B0E99E4B->68798575-c94b-44a6-b996-25df487e3c54: receive RaftClientReply:client-3502B0E99E4B->68798575-c94b-44a6-b996-25df487e3c54@group-48C576E544C9, cid=696, SUCCESS, logIndex=862, commits[68798575-c94b-44a6-b996-25df487e3c54:c863, 9ec8ead9-888e-415b-b04c-32cd2c26f792:c860, 84ef4577-07e0-4c8d-900e-d449eb7bf65d:c860]
2019-07-10 10:03:39,167 INFO  client.GrpcClientProtocolClient (GrpcClientProtocolClient.java:onNext(255)) - client-3502B0E99E4B->68798575-c94b-44a6-b996-25df487e3c54: receive RaftClientReply:client-3502B0E99E4B->68798575-c94b-44a6-b996-25df487e3c54@group-48C576E544C9, cid=697, SUCCESS, logIndex=863, commits[68798575-c94b-44a6-b996-25df487e3c54:c863, 9ec8ead9-888e-415b-b04c-32cd2c26f792:c860, 84ef4577-07e0-4c8d-900e-d449eb7bf65d:c860]
2019-07-10 10:03:39,173 INFO  client.GrpcClientProtocolClient (GrpcClientProtocolClient.java:onNext(255)) - client-3502B0E99E4B->68798575-c94b-44a6-b996-25df487e3c54: receive RaftClientReply:client-3502B0E99E4B->68798575-c94b-44a6-b996-25df487e3c54@group-48C576E544C9, cid=698, SUCCESS, logIndex=0, commits[68798575-c94b-44a6-b996-25df487e3c54:c864, 9ec8ead9-888e-415b-b04c-32cd2c26f792:c863, 84ef4577-07e0-4c8d-900e-d449eb7bf65d:c863]
2019-07-10 10:03:39,199 INFO  client.GrpcClientProtocolClient (GrpcClientProtocolClient.java:onNext(255)) - client-3502B0E99E4B->68798575-c94b-44a6-b996-25df487e3c54: receive RaftClientReply:client-3502B0E99E4B->68798575-c94b-44a6-b996-25df487e3c54@group-48C576E544C9, cid=699, SUCCESS, logIndex=866, commits[68798575-c94b-44a6-b996-25df487e3c54:c867, 9ec8ead9-888e-415b-b04c-32cd2c26f792:c865, 84ef4577-07e0-4c8d-900e-d449eb7bf65d:c865]
2019-07-10 10:03:39,200 INFO  client.GrpcClientProtocolClient (GrpcClientProtocolClient.java:onNext(255)) - client-3502B0E99E4B->68798575-c94b-44a6-b996-25df487e3c54: receive RaftClientReply:client-3502B0E99E4B->68798575-c94b-44a6-b996-25df487e3c54@group-48C576E544C9, cid=700, SUCCESS, logIndex=867, commits[68798575-c94b-44a6-b996-25df487e3c54:c867, 9ec8ead9-888e-415b-b04c-32cd2c26f792:c865, 84ef4577-07e0-4c8d-900e-d449eb7bf65d:c865]
2019-07-10 10:03:39,201 INFO  client.GrpcClientProtocolClient (GrpcClientProtocolClient.java:onNext(255)) - client-3502B0E99E4B->68798575-c94b-44a6-b996-25df487e3c54: receive RaftClientReply:client-3502B0E99E4B->68798575-c94b-44a6-b996-25df487e3c54@group-48C576E544C9, cid=701, SUCCESS, logIndex=868, commits[68798575-c94b-44a6-b996-25df487e3c54:c869, 9ec8ead9-888e-415b-b04c-32cd2c26f792:c865, 84ef4577-07e0-4c8d-900e-d449eb7bf65d:c865]
2019-07-10 10:03:39,201 INFO  client.GrpcClientProtocolClient (GrpcClientProtocolClient.java:onNext(255)) - client-3502B0E99E4B->68798575-c94b-44a6-b996-25df487e3c54: receive RaftClientReply:client-3502B0E99E4B->68798575-c94b-44a6-b996-25df487e3c54@group-48C576E544C9, cid=702, SUCCESS, logIndex=869, commits[68798575-c94b-44a6-b996-25df487e3c54:c871, 9ec8ead9-888e-415b-b04c-32cd2c26f792:c865, 84ef4577-07e0-4c8d-900e-d449eb7bf65d:c867]
2019-07-10 10:03:39,203 INFO  client.GrpcClientProtocolClient (GrpcClientProtocolClient.java:onNext(255)) - client-3502B0E99E4B->68798575-c94b-44a6-b996-25df487e3c54: receive RaftClientReply:client-3502B0E99E4B->68798575-c94b-44a6-b996-25df487e3c54@group-48C576E544C9, cid=703, SUCCESS, logIndex=0, commits[68798575-c94b-44a6-b996-25df487e3c54:c872, 9ec8ead9-888e-415b-b04c-32cd2c26f792:c867, 84ef4577-07e0-4c8d-900e-d449eb7bf65d:c869]
2019-07-10 10:03:39,226 INFO  client.GrpcClientProtocolClient (GrpcClientProtocolClient.java:onNext(255)) - client-3502B0E99E4B->68798575-c94b-44a6-b996-25df487e3c54: receive RaftClientReply:client-3502B0E99E4B->68798575-c94b-44a6-b996-25df487e3c54@group-48C576E544C9, cid=704, SUCCESS, logIndex=874, commits[68798575-c94b-44a6-b996-25df487e3c54:c875, 9ec8ead9-888e-415b-b04c-32cd2c26f792:c873, 84ef4577-07e0-4c8d-900e-d449eb7bf65d:c873]
2019-07-10 10:03:39,226 INFO  client.GrpcClientProtocolClient (GrpcClientProtocolClient.java:onNext(255)) - client-3502B0E99E4B->68798575-c94b-44a6-b996-25df487e3c54: receive RaftClientReply:client-3502B0E99E4B->68798575-c94b-44a6-b996-25df487e3c54@group-48C576E544C9, cid=705, SUCCESS, logIndex=875, commits[68798575-c94b-44a6-b996-25df487e3c54:c875, 9ec8ead9-888e-415b-b04c-32cd2c26f792:c873, 84ef4577-07e0-4c8d-900e-d449eb7bf65d:c873]
2019-07-10 10:03:39,251 INFO  client.GrpcClientProtocolClient (GrpcClientProtocolClient.java:onNext(255)) - client-3502B0E99E4B->68798575-c94b-44a6-b996-25df487e3c54: receive RaftClientReply:client-3502B0E99E4B->68798575-c94b-44a6-b996-25df487e3c54@group-48C576E544C9, cid=706, SUCCESS, logIndex=878, commits[68798575-c94b-44a6-b996-25df487e3c54:c878, 9ec8ead9-888e-415b-b04c-32cd2c26f792:c875, 84ef4577-07e0-4c8d-900e-d449eb7bf65d:c875]
2019-07-10 10:03:39,252 INFO  client.GrpcClientProtocolClient (GrpcClientProtocolClient.java:onNext(255)) - client-3502B0E99E4B->68798575-c94b-44a6-b996-25df487e3c54: receive RaftClientReply:client-3502B0E99E4B->68798575-c94b-44a6-b996-25df487e3c54@group-48C576E544C9, cid=707, SUCCESS, logIndex=879, commits[68798575-c94b-44a6-b996-25df487e3c54:c879, 9ec8ead9-888e-415b-b04c-32cd2c26f792:c875, 84ef4577-07e0-4c8d-900e-d449eb7bf65d:c875]
2019-07-10 10:03:39,266 INFO  client.GrpcClientProtocolClient (GrpcClientProtocolClient.java:onNext(255)) - client-3502B0E99E4B->68798575-c94b-44a6-b996-25df487e3c54: receive RaftClientReply:client-3502B0E99E4B->68798575-c94b-44a6-b996-25df487e3c54@group-48C576E544C9, cid=708, SUCCESS, logIndex=0, commits[68798575-c94b-44a6-b996-25df487e3c54:c881, 9ec8ead9-888e-415b-b04c-32cd2c26f792:c879, 84ef4577-07e0-4c8d-900e-d449eb7bf65d:c879]
2019-07-10 10:03:39,287 INFO  client.GrpcClientProtocolClient (GrpcClientProtocolClient.java:onNext(255)) - client-3502B0E99E4B->68798575-c94b-44a6-b996-25df487e3c54: receive RaftClientReply:client-3502B0E99E4B->68798575-c94b-44a6-b996-25df487e3c54@group-48C576E544C9, cid=709, SUCCESS, logIndex=882, commits[68798575-c94b-44a6-b996-25df487e3c54:c885, 9ec8ead9-888e-415b-b04c-32cd2c26f792:c881, 84ef4577-07e0-4c8d-900e-d449eb7bf65d:c881]
2019-07-10 10:03:39,288 INFO  client.GrpcClientProtocolClient (GrpcClientProtocolClient.java:onNext(255)) - client-3502B0E99E4B->68798575-c94b-44a6-b996-25df487e3c54: receive RaftClientReply:client-3502B0E99E4B->68798575-c94b-44a6-b996-25df487e3c54@group-48C576E544C9, cid=710, SUCCESS, logIndex=883, commits[68798575-c94b-44a6-b996-25df487e3c54:c885, 9ec8ead9-888e-415b-b04c-32cd2c26f792:c881, 84ef4577-07e0-4c8d-900e-d449eb7bf65d:c881]
2019-07-10 10:03:39,288 INFO  client.GrpcClientProtocolClient (GrpcClientProtocolClient.java:onNext(255)) - client-3502B0E99E4B->68798575-c94b-44a6-b996-25df487e3c54: receive RaftClientReply:client-3502B0E99E4B->68798575-c94b-44a6-b996-25df487e3c54@group-48C576E544C9, cid=711, SUCCESS, logIndex=884, commits[68798575-c94b-44a6-b996-25df487e3c54:c885, 9ec8ead9-888e-415b-b04c-32cd2c26f792:c881, 84ef4577-07e0-4c8d-900e-d449eb7bf65d:c881]
2019-07-10 10:03:39,289 INFO  client.GrpcClientProtocolClient (GrpcClientProtocolClient.java:onNext(255)) - client-3502B0E99E4B->68798575-c94b-44a6-b996-25df487e3c54: receive RaftClientReply:client-3502B0E99E4B->68798575-c94b-44a6-b996-25df487e3c54@group-48C576E544C9, cid=712, SUCCESS, logIndex=885, commits[68798575-c94b-44a6-b996-25df487e3c54:c885, 9ec8ead9-888e-415b-b04c-32cd2c26f792:c881, 84ef4577-07e0-4c8d-900e-d449eb7bf65d:c881]
2019-07-10 10:03:39,302 INFO  client.GrpcClientProtocolClient (GrpcClientProtocolClient.java:onNext(255)) - client-3502B0E99E4B->68798575-c94b-44a6-b996-25df487e3c54: receive RaftClientReply:client-3502B0E99E4B->68798575-c94b-44a6-b996-25df487e3c54@group-48C576E544C9, cid=713, SUCCESS, logIndex=0, commits[68798575-c94b-44a6-b996-25df487e3c54:c889, 9ec8ead9-888e-415b-b04c-32cd2c26f792:c883, 84ef4577-07e0-4c8d-900e-d449eb7bf65d:c885]
2019-07-10 10:03:39,327 INFO  client.GrpcClientProtocolClient (GrpcClientProtocolClient.java:onNext(255)) - client-3502B0E99E4B->68798575-c94b-44a6-b996-25df487e3c54: receive RaftClientReply:client-3502B0E99E4B->68798575-c94b-44a6-b996-25df487e3c54@group-48C576E544C9, cid=714, SUCCESS, logIndex=890, commits[68798575-c94b-44a6-b996-25df487e3c54:c891, 9ec8ead9-888e-415b-b04c-32cd2c26f792:c889, 84ef4577-07e0-4c8d-900e-d449eb7bf65d:c889]
2019-07-10 10:03:39,327 INFO  client.GrpcClientProtocolClient (GrpcClientProtocolClient.java:onNext(255)) - client-3502B0E99E4B->68798575-c94b-44a6-b996-25df487e3c54: receive RaftClientReply:client-3502B0E99E4B->68798575-c94b-44a6-b996-25df487e3c54@group-48C576E544C9, cid=715, SUCCESS, logIndex=891, commits[68798575-c94b-44a6-b996-25df487e3c54:c891, 9ec8ead9-888e-415b-b04c-32cd2c26f792:c889, 84ef4577-07e0-4c8d-900e-d449eb7bf65d:c889]
2019-07-10 10:03:39,352 INFO  client.GrpcClientProtocolClient (GrpcClientProtocolClient.java:onNext(255)) - client-3502B0E99E4B->68798575-c94b-44a6-b996-25df487e3c54: receive RaftClientReply:client-3502B0E99E4B->68798575-c94b-44a6-b996-25df487e3c54@group-48C576E544C9, cid=716, SUCCESS, logIndex=894, commits[68798575-c94b-44a6-b996-25df487e3c54:c894, 9ec8ead9-888e-415b-b04c-32cd2c26f792:c890, 84ef4577-07e0-4c8d-900e-d449eb7bf65d:c891]
2019-07-10 10:03:39,352 INFO  client.GrpcClientProtocolClient (GrpcClientProtocolClient.java:onNext(255)) - client-3502B0E99E4B->68798575-c94b-44a6-b996-25df487e3c54: receive RaftClientReply:client-3502B0E99E4B->68798575-c94b-44a6-b996-25df487e3c54@group-48C576E544C9, cid=717, SUCCESS, logIndex=895, commits[68798575-c94b-44a6-b996-25df487e3c54:c895, 9ec8ead9-888e-415b-b04c-32cd2c26f792:c891, 84ef4577-07e0-4c8d-900e-d449eb7bf65d:c891]
2019-07-10 10:03:39,365 INFO  client.GrpcClientProtocolClient (GrpcClientProtocolClient.java:onNext(255)) - client-3502B0E99E4B->68798575-c94b-44a6-b996-25df487e3c54: receive RaftClientReply:client-3502B0E99E4B->68798575-c94b-44a6-b996-25df487e3c54@group-48C576E544C9, cid=718, SUCCESS, logIndex=0, commits[68798575-c94b-44a6-b996-25df487e3c54:c897, 9ec8ead9-888e-415b-b04c-32cd2c26f792:c895, 84ef4577-07e0-4c8d-900e-d449eb7bf65d:c895]
2019-07-10 10:03:39,389 INFO  client.GrpcClientProtocolClient (GrpcClientProtocolClient.java:onNext(255)) - client-3502B0E99E4B->68798575-c94b-44a6-b996-25df487e3c54: receive RaftClientReply:client-3502B0E99E4B->68798575-c94b-44a6-b996-25df487e3c54@group-48C576E544C9, cid=719, SUCCESS, logIndex=898, commits[68798575-c94b-44a6-b996-25df487e3c54:c899, 9ec8ead9-888e-415b-b04c-32cd2c26f792:c897, 84ef4577-07e0-4c8d-900e-d449eb7bf65d:c897]
2019-07-10 10:03:39,389 INFO  client.GrpcClientProtocolClient (GrpcClientProtocolClient.java:onNext(255)) - client-3502B0E99E4B->68798575-c94b-44a6-b996-25df487e3c54: receive RaftClientReply:client-3502B0E99E4B->68798575-c94b-44a6-b996-25df487e3c54@group-48C576E544C9, cid=720, SUCCESS, logIndex=899, commits[68798575-c94b-44a6-b996-25df487e3c54:c901, 9ec8ead9-888e-415b-b04c-32cd2c26f792:c897, 84ef4577-07e0-4c8d-900e-d449eb7bf65d:c897]
2019-07-10 10:03:39,389 INFO  client.GrpcClientProtocolClient (GrpcClientProtocolClient.java:onNext(255)) - client-3502B0E99E4B->68798575-c94b-44a6-b996-25df487e3c54: receive RaftClientReply:client-3502B0E99E4B->68798575-c94b-44a6-b996-25df487e3c54@group-48C576E544C9, cid=721, SUCCESS, logIndex=900, commits[68798575-c94b-44a6-b996-25df487e3c54:c901, 9ec8ead9-888e-415b-b04c-32cd2c26f792:c897, 84ef4577-07e0-4c8d-900e-d449eb7bf65d:c897]
2019-07-10 10:03:39,390 INFO  client.GrpcClientProtocolClient (GrpcClientProtocolClient.java:onNext(255)) - client-3502B0E99E4B->68798575-c94b-44a6-b996-25df487e3c54: receive RaftClientReply:client-3502B0E99E4B->68798575-c94b-44a6-b996-25df487e3c54@group-48C576E544C9, cid=722, SUCCESS, logIndex=901, commits[68798575-c94b-44a6-b996-25df487e3c54:c901, 9ec8ead9-888e-415b-b04c-32cd2c26f792:c897, 84ef4577-07e0-4c8d-900e-d449eb7bf65d:c897]
2019-07-10 10:03:39,400 INFO  client.GrpcClientProtocolClient (GrpcClientProtocolClient.java:onNext(255)) - client-3502B0E99E4B->68798575-c94b-44a6-b996-25df487e3c54: receive RaftClientReply:client-3502B0E99E4B->68798575-c94b-44a6-b996-25df487e3c54@group-48C576E544C9, cid=723, SUCCESS, logIndex=0, commits[68798575-c94b-44a6-b996-25df487e3c54:c902, 9ec8ead9-888e-415b-b04c-32cd2c26f792:c899, 84ef4577-07e0-4c8d-900e-d449eb7bf65d:c899]
2019-07-10 10:03:39,436 INFO  client.GrpcClientProtocolClient (GrpcClientProtocolClient.java:onNext(255)) - client-3502B0E99E4B->68798575-c94b-44a6-b996-25df487e3c54: receive RaftClientReply:client-3502B0E99E4B->68798575-c94b-44a6-b996-25df487e3c54@group-48C576E544C9, cid=724, SUCCESS, logIndex=906, commits[68798575-c94b-44a6-b996-25df487e3c54:c907, 9ec8ead9-888e-415b-b04c-32cd2c26f792:c905, 84ef4577-07e0-4c8d-900e-d449eb7bf65d:c905]
2019-07-10 10:03:39,437 INFO  client.GrpcClientProtocolClient (GrpcClientProtocolClient.java:onNext(255)) - client-3502B0E99E4B->68798575-c94b-44a6-b996-25df487e3c54: receive RaftClientReply:client-3502B0E99E4B->68798575-c94b-44a6-b996-25df487e3c54@group-48C576E544C9, cid=725, SUCCESS, logIndex=907, commits[68798575-c94b-44a6-b996-25df487e3c54:c907, 9ec8ead9-888e-415b-b04c-32cd2c26f792:c905, 84ef4577-07e0-4c8d-900e-d449eb7bf65d:c905]
2019-07-10 10:03:39,470 INFO  client.GrpcClientProtocolClient (GrpcClientProtocolClient.java:onNext(255)) - client-3502B0E99E4B->68798575-c94b-44a6-b996-25df487e3c54: receive RaftClientReply:client-3502B0E99E4B->68798575-c94b-44a6-b996-25df487e3c54@group-48C576E544C9, cid=726, SUCCESS, logIndex=910, commits[68798575-c94b-44a6-b996-25df487e3c54:c911, 9ec8ead9-888e-415b-b04c-32cd2c26f792:c907, 84ef4577-07e0-4c8d-900e-d449eb7bf65d:c907]
2019-07-10 10:03:39,471 INFO  client.GrpcClientProtocolClient (GrpcClientProtocolClient.java:onNext(255)) - client-3502B0E99E4B->68798575-c94b-44a6-b996-25df487e3c54: receive RaftClientReply:client-3502B0E99E4B->68798575-c94b-44a6-b996-25df487e3c54@group-48C576E544C9, cid=727, SUCCESS, logIndex=911, commits[68798575-c94b-44a6-b996-25df487e3c54:c911, 9ec8ead9-888e-415b-b04c-32cd2c26f792:c907, 84ef4577-07e0-4c8d-900e-d449eb7bf65d:c907]
2019-07-10 10:03:39,484 INFO  client.GrpcClientProtocolClient (GrpcClientProtocolClient.java:onNext(255)) - client-3502B0E99E4B->68798575-c94b-44a6-b996-25df487e3c54: receive RaftClientReply:client-3502B0E99E4B->68798575-c94b-44a6-b996-25df487e3c54@group-48C576E544C9, cid=728, SUCCESS, logIndex=0, commits[68798575-c94b-44a6-b996-25df487e3c54:c912, 9ec8ead9-888e-415b-b04c-32cd2c26f792:c911, 84ef4577-07e0-4c8d-900e-d449eb7bf65d:c911]
 0.00% |█                                                                                                    |  0/1 Time: 0:00:032019-07-10 10:03:39,534 INFO  client.GrpcClientProtocolClient (GrpcClientProtocolClient.java:onNext(255)) - client-3502B0E99E4B->68798575-c94b-44a6-b996-25df487e3c54: receive RaftClientReply:client-3502B0E99E4B->68798575-c94b-44a6-b996-25df487e3c54@group-48C576E544C9, cid=729, SUCCESS, logIndex=914, commits[68798575-c94b-44a6-b996-25df487e3c54:c915, 9ec8ead9-888e-415b-b04c-32cd2c26f792:c913, 84ef4577-07e0-4c8d-900e-d449eb7bf65d:c913]
2019-07-10 10:03:39,535 INFO  client.GrpcClientProtocolClient (GrpcClientProtocolClient.java:onNext(255)) - client-3502B0E99E4B->68798575-c94b-44a6-b996-25df487e3c54: receive RaftClientReply:client-3502B0E99E4B->68798575-c94b-44a6-b996-25df487e3c54@group-48C576E544C9, cid=730, SUCCESS, logIndex=915, commits[68798575-c94b-44a6-b996-25df487e3c54:c917, 9ec8ead9-888e-415b-b04c-32cd2c26f792:c913, 84ef4577-07e0-4c8d-900e-d449eb7bf65d:c913]
2019-07-10 10:03:39,535 INFO  client.GrpcClientProtocolClient (GrpcClientProtocolClient.java:onNext(255)) - client-3502B0E99E4B->68798575-c94b-44a6-b996-25df487e3c54: receive RaftClientReply:client-3502B0E99E4B->68798575-c94b-44a6-b996-25df487e3c54@group-48C576E544C9, cid=731, SUCCESS, logIndex=916, commits[68798575-c94b-44a6-b996-25df487e3c54:c917, 9ec8ead9-888e-415b-b04c-32cd2c26f792:c913, 84ef4577-07e0-4c8d-900e-d449eb7bf65d:c913]
2019-07-10 10:03:39,536 INFO  client.GrpcClientProtocolClient (GrpcClientProtocolClient.java:onNext(255)) - client-3502B0E99E4B->68798575-c94b-44a6-b996-25df487e3c54: receive RaftClientReply:client-3502B0E99E4B->68798575-c94b-44a6-b996-25df487e3c54@group-48C576E544C9, cid=732, SUCCESS, logIndex=917, commits[68798575-c94b-44a6-b996-25df487e3c54:c917, 9ec8ead9-888e-415b-b04c-32cd2c26f792:c913, 84ef4577-07e0-4c8d-900e-d449eb7bf65d:c913]
2019-07-10 10:03:39,549 INFO  client.GrpcClientProtocolClient (GrpcClientProtocolClient.java:onNext(255)) - client-3502B0E99E4B->68798575-c94b-44a6-b996-25df487e3c54: receive RaftClientReply:client-3502B0E99E4B->68798575-c94b-44a6-b996-25df487e3c54@group-48C576E544C9, cid=733, SUCCESS, logIndex=0, commits[68798575-c94b-44a6-b996-25df487e3c54:c918, 9ec8ead9-888e-415b-b04c-32cd2c26f792:c915, 84ef4577-07e0-4c8d-900e-d449eb7bf65d:c915]
2019-07-10 10:03:39,571 INFO  client.GrpcClientProtocolClient (GrpcClientProtocolClient.java:onNext(255)) - client-3502B0E99E4B->68798575-c94b-44a6-b996-25df487e3c54: receive RaftClientReply:client-3502B0E99E4B->68798575-c94b-44a6-b996-25df487e3c54@group-48C576E544C9, cid=734, SUCCESS, logIndex=922, commits[68798575-c94b-44a6-b996-25df487e3c54:c923, 9ec8ead9-888e-415b-b04c-32cd2c26f792:c921, 84ef4577-07e0-4c8d-900e-d449eb7bf65d:c921]
2019-07-10 10:03:39,571 INFO  client.GrpcClientProtocolClient (GrpcClientProtocolClient.java:onNext(255)) - client-3502B0E99E4B->68798575-c94b-44a6-b996-25df487e3c54: receive RaftClientReply:client-3502B0E99E4B->68798575-c94b-44a6-b996-25df487e3c54@group-48C576E544C9, cid=735, SUCCESS, logIndex=923, commits[68798575-c94b-44a6-b996-25df487e3c54:c923, 9ec8ead9-888e-415b-b04c-32cd2c26f792:c921, 84ef4577-07e0-4c8d-900e-d449eb7bf65d:c921]
2019-07-10 10:03:39,596 INFO  client.GrpcClientProtocolClient (GrpcClientProtocolClient.java:onNext(255)) - client-3502B0E99E4B->68798575-c94b-44a6-b996-25df487e3c54: receive RaftClientReply:client-3502B0E99E4B->68798575-c94b-44a6-b996-25df487e3c54@group-48C576E544C9, cid=736, SUCCESS, logIndex=926, commits[68798575-c94b-44a6-b996-25df487e3c54:c927, 9ec8ead9-888e-415b-b04c-32cd2c26f792:c923, 84ef4577-07e0-4c8d-900e-d449eb7bf65d:c923]
2019-07-10 10:03:39,597 INFO  client.GrpcClientProtocolClient (GrpcClientProtocolClient.java:onNext(255)) - client-3502B0E99E4B->68798575-c94b-44a6-b996-25df487e3c54: receive RaftClientReply:client-3502B0E99E4B->68798575-c94b-44a6-b996-25df487e3c54@group-48C576E544C9, cid=737, SUCCESS, logIndex=927, commits[68798575-c94b-44a6-b996-25df487e3c54:c927, 9ec8ead9-888e-415b-b04c-32cd2c26f792:c923, 84ef4577-07e0-4c8d-900e-d449eb7bf65d:c923]
2019-07-10 10:03:39,610 INFO  client.GrpcClientProtocolClient (GrpcClientProtocolClient.java:onNext(255)) - client-3502B0E99E4B->68798575-c94b-44a6-b996-25df487e3c54: receive RaftClientReply:client-3502B0E99E4B->68798575-c94b-44a6-b996-25df487e3c54@group-48C576E544C9, cid=738, SUCCESS, logIndex=0, commits[68798575-c94b-44a6-b996-25df487e3c54:c929, 9ec8ead9-888e-415b-b04c-32cd2c26f792:c927, 84ef4577-07e0-4c8d-900e-d449eb7bf65d:c927]
2019-07-10 10:03:39,638 INFO  client.GrpcClientProtocolClient (GrpcClientProtocolClient.java:onNext(255)) - client-3502B0E99E4B->68798575-c94b-44a6-b996-25df487e3c54: receive RaftClientReply:client-3502B0E99E4B->68798575-c94b-44a6-b996-25df487e3c54@group-48C576E544C9, cid=739, SUCCESS, logIndex=930, commits[68798575-c94b-44a6-b996-25df487e3c54:c931, 9ec8ead9-888e-415b-b04c-32cd2c26f792:c929, 84ef4577-07e0-4c8d-900e-d449eb7bf65d:c929]
2019-07-10 10:03:39,639 INFO  client.GrpcClientProtocolClient (GrpcClientProtocolClient.java:onNext(255)) - client-3502B0E99E4B->68798575-c94b-44a6-b996-25df487e3c54: receive RaftClientReply:client-3502B0E99E4B->68798575-c94b-44a6-b996-25df487e3c54@group-48C576E544C9, cid=740, SUCCESS, logIndex=931, commits[68798575-c94b-44a6-b996-25df487e3c54:c933, 9ec8ead9-888e-415b-b04c-32cd2c26f792:c929, 84ef4577-07e0-4c8d-900e-d449eb7bf65d:c929]
2019-07-10 10:03:39,639 INFO  client.GrpcClientProtocolClient (GrpcClientProtocolClient.java:onNext(255)) - client-3502B0E99E4B->68798575-c94b-44a6-b996-25df487e3c54: receive RaftClientReply:client-3502B0E99E4B->68798575-c94b-44a6-b996-25df487e3c54@group-48C576E544C9, cid=741, SUCCESS, logIndex=932, commits[68798575-c94b-44a6-b996-25df487e3c54:c933, 9ec8ead9-888e-415b-b04c-32cd2c26f792:c929, 84ef4577-07e0-4c8d-900e-d449eb7bf65d:c929]
2019-07-10 10:03:39,640 INFO  client.GrpcClientProtocolClient (GrpcClientProtocolClient.java:onNext(255)) - client-3502B0E99E4B->68798575-c94b-44a6-b996-25df487e3c54: receive RaftClientReply:client-3502B0E99E4B->68798575-c94b-44a6-b996-25df487e3c54@group-48C576E544C9, cid=742, SUCCESS, logIndex=933, commits[68798575-c94b-44a6-b996-25df487e3c54:c933, 9ec8ead9-888e-415b-b04c-32cd2c26f792:c929, 84ef4577-07e0-4c8d-900e-d449eb7bf65d:c929]
2019-07-10 10:03:39,662 INFO  client.GrpcClientProtocolClient (GrpcClientProtocolClient.java:onNext(255)) - client-3502B0E99E4B->68798575-c94b-44a6-b996-25df487e3c54: receive RaftClientReply:client-3502B0E99E4B->68798575-c94b-44a6-b996-25df487e3c54@group-48C576E544C9, cid=743, SUCCESS, logIndex=0, commits[68798575-c94b-44a6-b996-25df487e3c54:c935, 9ec8ead9-888e-415b-b04c-32cd2c26f792:c931, 84ef4577-07e0-4c8d-900e-d449eb7bf65d:c931]
2019-07-10 10:03:39,689 INFO  client.GrpcClientProtocolClient (GrpcClientProtocolClient.java:onNext(255)) - client-3502B0E99E4B->68798575-c94b-44a6-b996-25df487e3c54: receive RaftClientReply:client-3502B0E99E4B->68798575-c94b-44a6-b996-25df487e3c54@group-48C576E544C9, cid=744, SUCCESS, logIndex=938, commits[68798575-c94b-44a6-b996-25df487e3c54:c939, 9ec8ead9-888e-415b-b04c-32cd2c26f792:c937, 84ef4577-07e0-4c8d-900e-d449eb7bf65d:c937]
2019-07-10 10:03:39,689 INFO  client.GrpcClientProtocolClient (GrpcClientProtocolClient.java:onNext(255)) - client-3502B0E99E4B->68798575-c94b-44a6-b996-25df487e3c54: receive RaftClientReply:client-3502B0E99E4B->68798575-c94b-44a6-b996-25df487e3c54@group-48C576E544C9, cid=745, SUCCESS, logIndex=939, commits[68798575-c94b-44a6-b996-25df487e3c54:c939, 9ec8ead9-888e-415b-b04c-32cd2c26f792:c937, 84ef4577-07e0-4c8d-900e-d449eb7bf65d:c937]
2019-07-10 10:03:39,714 INFO  client.GrpcClientProtocolClient (GrpcClientProtocolClient.java:onNext(255)) - client-3502B0E99E4B->68798575-c94b-44a6-b996-25df487e3c54: receive RaftClientReply:client-3502B0E99E4B->68798575-c94b-44a6-b996-25df487e3c54@group-48C576E544C9, cid=746, SUCCESS, logIndex=942, commits[68798575-c94b-44a6-b996-25df487e3c54:c943, 9ec8ead9-888e-415b-b04c-32cd2c26f792:c939, 84ef4577-07e0-4c8d-900e-d449eb7bf65d:c939]
2019-07-10 10:03:39,714 INFO  client.GrpcClientProtocolClient (GrpcClientProtocolClient.java:onNext(255)) - client-3502B0E99E4B->68798575-c94b-44a6-b996-25df487e3c54: receive RaftClientReply:client-3502B0E99E4B->68798575-c94b-44a6-b996-25df487e3c54@group-48C576E544C9, cid=747, SUCCESS, logIndex=943, commits[68798575-c94b-44a6-b996-25df487e3c54:c943, 9ec8ead9-888e-415b-b04c-32cd2c26f792:c939, 84ef4577-07e0-4c8d-900e-d449eb7bf65d:c939]
2019-07-10 10:03:39,725 INFO  client.GrpcClientProtocolClient (GrpcClientProtocolClient.java:onNext(255)) - client-3502B0E99E4B->68798575-c94b-44a6-b996-25df487e3c54: receive RaftClientReply:client-3502B0E99E4B->68798575-c94b-44a6-b996-25df487e3c54@group-48C576E544C9, cid=748, SUCCESS, logIndex=0, commits[68798575-c94b-44a6-b996-25df487e3c54:c944, 9ec8ead9-888e-415b-b04c-32cd2c26f792:c943, 84ef4577-07e0-4c8d-900e-d449eb7bf65d:c943]
2019-07-10 10:03:39,745 INFO  client.GrpcClientProtocolClient (GrpcClientProtocolClient.java:onNext(255)) - client-3502B0E99E4B->68798575-c94b-44a6-b996-25df487e3c54: receive RaftClientReply:client-3502B0E99E4B->68798575-c94b-44a6-b996-25df487e3c54@group-48C576E544C9, cid=749, SUCCESS, logIndex=946, commits[68798575-c94b-44a6-b996-25df487e3c54:c947, 9ec8ead9-888e-415b-b04c-32cd2c26f792:c945, 84ef4577-07e0-4c8d-900e-d449eb7bf65d:c945]
2019-07-10 10:03:39,746 INFO  client.GrpcClientProtocolClient (GrpcClientProtocolClient.java:onNext(255)) - client-3502B0E99E4B->68798575-c94b-44a6-b996-25df487e3c54: receive RaftClientReply:client-3502B0E99E4B->68798575-c94b-44a6-b996-25df487e3c54@group-48C576E544C9, cid=750, SUCCESS, logIndex=947, commits[68798575-c94b-44a6-b996-25df487e3c54:c947, 9ec8ead9-888e-415b-b04c-32cd2c26f792:c945, 84ef4577-07e0-4c8d-900e-d449eb7bf65d:c945]
2019-07-10 10:03:39,746 INFO  client.GrpcClientProtocolClient (GrpcClientProtocolClient.java:onNext(255)) - client-3502B0E99E4B->68798575-c94b-44a6-b996-25df487e3c54: receive RaftClientReply:client-3502B0E99E4B->68798575-c94b-44a6-b996-25df487e3c54@group-48C576E544C9, cid=751, SUCCESS, logIndex=948, commits[68798575-c94b-44a6-b996-25df487e3c54:c949, 9ec8ead9-888e-415b-b04c-32cd2c26f792:c945, 84ef4577-07e0-4c8d-900e-d449eb7bf65d:c945]
2019-07-10 10:03:39,746 INFO  client.GrpcClientProtocolClient (GrpcClientProtocolClient.java:onNext(255)) - client-3502B0E99E4B->68798575-c94b-44a6-b996-25df487e3c54: receive RaftClientReply:client-3502B0E99E4B->68798575-c94b-44a6-b996-25df487e3c54@group-48C576E544C9, cid=752, SUCCESS, logIndex=949, commits[68798575-c94b-44a6-b996-25df487e3c54:c949, 9ec8ead9-888e-415b-b04c-32cd2c26f792:c945, 84ef4577-07e0-4c8d-900e-d449eb7bf65d:c945]
2019-07-10 10:03:39,766 INFO  client.GrpcClientProtocolClient (GrpcClientProtocolClient.java:onNext(255)) - client-3502B0E99E4B->68798575-c94b-44a6-b996-25df487e3c54: receive RaftClientReply:client-3502B0E99E4B->68798575-c94b-44a6-b996-25df487e3c54@group-48C576E544C9, cid=753, SUCCESS, logIndex=0, commits[68798575-c94b-44a6-b996-25df487e3c54:c951, 9ec8ead9-888e-415b-b04c-32cd2c26f792:c947, 84ef4577-07e0-4c8d-900e-d449eb7bf65d:c947]
2019-07-10 10:03:39,788 INFO  client.GrpcClientProtocolClient (GrpcClientProtocolClient.java:onNext(255)) - client-3502B0E99E4B->68798575-c94b-44a6-b996-25df487e3c54: receive RaftClientReply:client-3502B0E99E4B->68798575-c94b-44a6-b996-25df487e3c54@group-48C576E544C9, cid=754, SUCCESS, logIndex=954, commits[68798575-c94b-44a6-b996-25df487e3c54:c955, 9ec8ead9-888e-415b-b04c-32cd2c26f792:c953, 84ef4577-07e0-4c8d-900e-d449eb7bf65d:c953]
2019-07-10 10:03:39,789 INFO  client.GrpcClientProtocolClient (GrpcClientProtocolClient.java:onNext(255)) - client-3502B0E99E4B->68798575-c94b-44a6-b996-25df487e3c54: receive RaftClientReply:client-3502B0E99E4B->68798575-c94b-44a6-b996-25df487e3c54@group-48C576E544C9, cid=755, SUCCESS, logIndex=955, commits[68798575-c94b-44a6-b996-25df487e3c54:c955, 9ec8ead9-888e-415b-b04c-32cd2c26f792:c953, 84ef4577-07e0-4c8d-900e-d449eb7bf65d:c953]
2019-07-10 10:03:39,802 INFO  client.GrpcClientProtocolClient (GrpcClientProtocolClient.java:onNext(255)) - client-3502B0E99E4B->68798575-c94b-44a6-b996-25df487e3c54: receive RaftClientReply:client-3502B0E99E4B->68798575-c94b-44a6-b996-25df487e3c54@group-48C576E544C9, cid=756, SUCCESS, logIndex=958, commits[68798575-c94b-44a6-b996-25df487e3c54:c959, 9ec8ead9-888e-415b-b04c-32cd2c26f792:c955, 84ef4577-07e0-4c8d-900e-d449eb7bf65d:c955]
2019-07-10 10:03:39,802 INFO  client.GrpcClientProtocolClient (GrpcClientProtocolClient.java:onNext(255)) - client-3502B0E99E4B->68798575-c94b-44a6-b996-25df487e3c54: receive RaftClientReply:client-3502B0E99E4B->68798575-c94b-44a6-b996-25df487e3c54@group-48C576E544C9, cid=757, SUCCESS, logIndex=959, commits[68798575-c94b-44a6-b996-25df487e3c54:c959, 9ec8ead9-888e-415b-b04c-32cd2c26f792:c955, 84ef4577-07e0-4c8d-900e-d449eb7bf65d:c955]
2019-07-10 10:03:39,816 INFO  client.GrpcClientProtocolClient (GrpcClientProtocolClient.java:onNext(255)) - client-3502B0E99E4B->68798575-c94b-44a6-b996-25df487e3c54: receive RaftClientReply:client-3502B0E99E4B->68798575-c94b-44a6-b996-25df487e3c54@group-48C576E544C9, cid=758, SUCCESS, logIndex=0, commits[68798575-c94b-44a6-b996-25df487e3c54:c961, 9ec8ead9-888e-415b-b04c-32cd2c26f792:c959, 84ef4577-07e0-4c8d-900e-d449eb7bf65d:c959]
2019-07-10 10:03:39,836 INFO  client.GrpcClientProtocolClient (GrpcClientProtocolClient.java:onNext(255)) - client-3502B0E99E4B->68798575-c94b-44a6-b996-25df487e3c54: receive RaftClientReply:client-3502B0E99E4B->68798575-c94b-44a6-b996-25df487e3c54@group-48C576E544C9, cid=759, SUCCESS, logIndex=962, commits[68798575-c94b-44a6-b996-25df487e3c54:c963, 9ec8ead9-888e-415b-b04c-32cd2c26f792:c961, 84ef4577-07e0-4c8d-900e-d449eb7bf65d:c961]
2019-07-10 10:03:39,837 INFO  client.GrpcClientProtocolClient (GrpcClientProtocolClient.java:onNext(255)) - client-3502B0E99E4B->68798575-c94b-44a6-b996-25df487e3c54: receive RaftClientReply:client-3502B0E99E4B->68798575-c94b-44a6-b996-25df487e3c54@group-48C576E544C9, cid=760, SUCCESS, logIndex=963, commits[68798575-c94b-44a6-b996-25df487e3c54:c963, 9ec8ead9-888e-415b-b04c-32cd2c26f792:c961, 84ef4577-07e0-4c8d-900e-d449eb7bf65d:c961]
2019-07-10 10:03:39,838 INFO  client.GrpcClientProtocolClient (GrpcClientProtocolClient.java:onNext(255)) - client-3502B0E99E4B->68798575-c94b-44a6-b996-25df487e3c54: receive RaftClientReply:client-3502B0E99E4B->68798575-c94b-44a6-b996-25df487e3c54@group-48C576E544C9, cid=761, SUCCESS, logIndex=964, commits[68798575-c94b-44a6-b996-25df487e3c54:c964, 9ec8ead9-888e-415b-b04c-32cd2c26f792:c961, 84ef4577-07e0-4c8d-900e-d449eb7bf65d:c961]
2019-07-10 10:03:39,838 INFO  client.GrpcClientProtocolClient (GrpcClientProtocolClient.java:onNext(255)) - client-3502B0E99E4B->68798575-c94b-44a6-b996-25df487e3c54: receive RaftClientReply:client-3502B0E99E4B->68798575-c94b-44a6-b996-25df487e3c54@group-48C576E544C9, cid=762, SUCCESS, logIndex=965, commits[68798575-c94b-44a6-b996-25df487e3c54:c965, 9ec8ead9-888e-415b-b04c-32cd2c26f792:c961, 84ef4577-07e0-4c8d-900e-d449eb7bf65d:c961]
2019-07-10 10:03:39,849 INFO  client.GrpcClientProtocolClient (GrpcClientProtocolClient.java:onNext(255)) - client-3502B0E99E4B->68798575-c94b-44a6-b996-25df487e3c54: receive RaftClientReply:client-3502B0E99E4B->68798575-c94b-44a6-b996-25df487e3c54@group-48C576E544C9, cid=763, SUCCESS, logIndex=0, commits[68798575-c94b-44a6-b996-25df487e3c54:c967, 9ec8ead9-888e-415b-b04c-32cd2c26f792:c963, 84ef4577-07e0-4c8d-900e-d449eb7bf65d:c963]
2019-07-10 10:03:39,870 INFO  client.GrpcClientProtocolClient (GrpcClientProtocolClient.java:onNext(255)) - client-3502B0E99E4B->68798575-c94b-44a6-b996-25df487e3c54: receive RaftClientReply:client-3502B0E99E4B->68798575-c94b-44a6-b996-25df487e3c54@group-48C576E544C9, cid=764, SUCCESS, logIndex=970, commits[68798575-c94b-44a6-b996-25df487e3c54:c970, 9ec8ead9-888e-415b-b04c-32cd2c26f792:c969, 84ef4577-07e0-4c8d-900e-d449eb7bf65d:c969]
2019-07-10 10:03:39,871 INFO  client.GrpcClientProtocolClient (GrpcClientProtocolClient.java:onNext(255)) - client-3502B0E99E4B->68798575-c94b-44a6-b996-25df487e3c54: receive RaftClientReply:client-3502B0E99E4B->68798575-c94b-44a6-b996-25df487e3c54@group-48C576E544C9, cid=765, SUCCESS, logIndex=971, commits[68798575-c94b-44a6-b996-25df487e3c54:c971, 9ec8ead9-888e-415b-b04c-32cd2c26f792:c969, 84ef4577-07e0-4c8d-900e-d449eb7bf65d:c969]
2019-07-10 10:03:39,882 INFO  client.GrpcClientProtocolClient (GrpcClientProtocolClient.java:onNext(255)) - client-3502B0E99E4B->68798575-c94b-44a6-b996-25df487e3c54: receive RaftClientReply:client-3502B0E99E4B->68798575-c94b-44a6-b996-25df487e3c54@group-48C576E544C9, cid=766, SUCCESS, logIndex=974, commits[68798575-c94b-44a6-b996-25df487e3c54:c975, 9ec8ead9-888e-415b-b04c-32cd2c26f792:c971, 84ef4577-07e0-4c8d-900e-d449eb7bf65d:c971]
2019-07-10 10:03:39,883 INFO  client.GrpcClientProtocolClient (GrpcClientProtocolClient.java:onNext(255)) - client-3502B0E99E4B->68798575-c94b-44a6-b996-25df487e3c54: receive RaftClientReply:client-3502B0E99E4B->68798575-c94b-44a6-b996-25df487e3c54@group-48C576E544C9, cid=767, SUCCESS, logIndex=975, commits[68798575-c94b-44a6-b996-25df487e3c54:c975, 9ec8ead9-888e-415b-b04c-32cd2c26f792:c971, 84ef4577-07e0-4c8d-900e-d449eb7bf65d:c971]
2019-07-10 10:03:39,885 INFO  client.GrpcClientProtocolClient (GrpcClientProtocolClient.java:onNext(255)) - client-3502B0E99E4B->68798575-c94b-44a6-b996-25df487e3c54: receive RaftClientReply:client-3502B0E99E4B->68798575-c94b-44a6-b996-25df487e3c54@group-48C576E544C9, cid=768, SUCCESS, logIndex=0, commits[68798575-c94b-44a6-b996-25df487e3c54:c977, 9ec8ead9-888e-415b-b04c-32cd2c26f792:c975, 84ef4577-07e0-4c8d-900e-d449eb7bf65d:c975]
2019-07-10 10:03:39,904 INFO  client.GrpcClientProtocolClient (GrpcClientProtocolClient.java:onNext(255)) - client-3502B0E99E4B->68798575-c94b-44a6-b996-25df487e3c54: receive RaftClientReply:client-3502B0E99E4B->68798575-c94b-44a6-b996-25df487e3c54@group-48C576E544C9, cid=769, SUCCESS, logIndex=978, commits[68798575-c94b-44a6-b996-25df487e3c54:c979, 9ec8ead9-888e-415b-b04c-32cd2c26f792:c977, 84ef4577-07e0-4c8d-900e-d449eb7bf65d:c977]
2019-07-10 10:03:39,905 INFO  client.GrpcClientProtocolClient (GrpcClientProtocolClient.java:onNext(255)) - client-3502B0E99E4B->68798575-c94b-44a6-b996-25df487e3c54: receive RaftClientReply:client-3502B0E99E4B->68798575-c94b-44a6-b996-25df487e3c54@group-48C576E544C9, cid=770, SUCCESS, logIndex=979, commits[68798575-c94b-44a6-b996-25df487e3c54:c979, 9ec8ead9-888e-415b-b04c-32cd2c26f792:c977, 84ef4577-07e0-4c8d-900e-d449eb7bf65d:c977]
2019-07-10 10:03:39,906 INFO  client.GrpcClientProtocolClient (GrpcClientProtocolClient.java:onNext(255)) - client-3502B0E99E4B->68798575-c94b-44a6-b996-25df487e3c54: receive RaftClientReply:client-3502B0E99E4B->68798575-c94b-44a6-b996-25df487e3c54@group-48C576E544C9, cid=771, SUCCESS, logIndex=980, commits[68798575-c94b-44a6-b996-25df487e3c54:c981, 9ec8ead9-888e-415b-b04c-32cd2c26f792:c977, 84ef4577-07e0-4c8d-900e-d449eb7bf65d:c977]
2019-07-10 10:03:39,906 INFO  client.GrpcClientProtocolClient (GrpcClientProtocolClient.java:onNext(255)) - client-3502B0E99E4B->68798575-c94b-44a6-b996-25df487e3c54: receive RaftClientReply:client-3502B0E99E4B->68798575-c94b-44a6-b996-25df487e3c54@group-48C576E544C9, cid=772, SUCCESS, logIndex=981, commits[68798575-c94b-44a6-b996-25df487e3c54:c981, 9ec8ead9-888e-415b-b04c-32cd2c26f792:c977, 84ef4577-07e0-4c8d-900e-d449eb7bf65d:c977]
2019-07-10 10:03:39,908 INFO  client.GrpcClientProtocolClient (GrpcClientProtocolClient.java:onNext(255)) - client-3502B0E99E4B->68798575-c94b-44a6-b996-25df487e3c54: receive RaftClientReply:client-3502B0E99E4B->68798575-c94b-44a6-b996-25df487e3c54@group-48C576E544C9, cid=773, SUCCESS, logIndex=0, commits[68798575-c94b-44a6-b996-25df487e3c54:c985, 9ec8ead9-888e-415b-b04c-32cd2c26f792:c981, 84ef4577-07e0-4c8d-900e-d449eb7bf65d:c979]
2019-07-10 10:03:39,946 INFO  client.GrpcClientProtocolClient (GrpcClientProtocolClient.java:onNext(255)) - client-3502B0E99E4B->68798575-c94b-44a6-b996-25df487e3c54: receive RaftClientReply:client-3502B0E99E4B->68798575-c94b-44a6-b996-25df487e3c54@group-48C576E544C9, cid=774, SUCCESS, logIndex=986, commits[68798575-c94b-44a6-b996-25df487e3c54:c987, 9ec8ead9-888e-415b-b04c-32cd2c26f792:c985, 84ef4577-07e0-4c8d-900e-d449eb7bf65d:c985]
2019-07-10 10:03:39,947 INFO  client.GrpcClientProtocolClient (GrpcClientProtocolClient.java:onNext(255)) - client-3502B0E99E4B->68798575-c94b-44a6-b996-25df487e3c54: receive RaftClientReply:client-3502B0E99E4B->68798575-c94b-44a6-b996-25df487e3c54@group-48C576E544C9, cid=775, SUCCESS, logIndex=987, commits[68798575-c94b-44a6-b996-25df487e3c54:c987, 9ec8ead9-888e-415b-b04c-32cd2c26f792:c985, 84ef4577-07e0-4c8d-900e-d449eb7bf65d:c985]
2019-07-10 10:03:39,959 INFO  client.GrpcClientProtocolClient (GrpcClientProtocolClient.java:onNext(255)) - client-3502B0E99E4B->68798575-c94b-44a6-b996-25df487e3c54: receive RaftClientReply:client-3502B0E99E4B->68798575-c94b-44a6-b996-25df487e3c54@group-48C576E544C9, cid=776, SUCCESS, logIndex=990, commits[68798575-c94b-44a6-b996-25df487e3c54:c991, 9ec8ead9-888e-415b-b04c-32cd2c26f792:c987, 84ef4577-07e0-4c8d-900e-d449eb7bf65d:c987]
2019-07-10 10:03:39,960 INFO  client.GrpcClientProtocolClient (GrpcClientProtocolClient.java:onNext(255)) - client-3502B0E99E4B->68798575-c94b-44a6-b996-25df487e3c54: receive RaftClientReply:client-3502B0E99E4B->68798575-c94b-44a6-b996-25df487e3c54@group-48C576E544C9, cid=777, SUCCESS, logIndex=991, commits[68798575-c94b-44a6-b996-25df487e3c54:c991, 9ec8ead9-888e-415b-b04c-32cd2c26f792:c987, 84ef4577-07e0-4c8d-900e-d449eb7bf65d:c987]
2019-07-10 10:03:39,972 INFO  client.GrpcClientProtocolClient (GrpcClientProtocolClient.java:onNext(255)) - client-3502B0E99E4B->68798575-c94b-44a6-b996-25df487e3c54: receive RaftClientReply:client-3502B0E99E4B->68798575-c94b-44a6-b996-25df487e3c54@group-48C576E544C9, cid=778, SUCCESS, logIndex=0, commits[68798575-c94b-44a6-b996-25df487e3c54:c992, 9ec8ead9-888e-415b-b04c-32cd2c26f792:c991, 84ef4577-07e0-4c8d-900e-d449eb7bf65d:c991]
2019-07-10 10:03:40,116 INFO  client.GrpcClientProtocolClient (GrpcClientProtocolClient.java:onNext(255)) - client-3502B0E99E4B->68798575-c94b-44a6-b996-25df487e3c54: receive RaftClientReply:client-3502B0E99E4B->68798575-c94b-44a6-b996-25df487e3c54@group-48C576E544C9, cid=779, SUCCESS, logIndex=994, commits[68798575-c94b-44a6-b996-25df487e3c54:c995, 9ec8ead9-888e-415b-b04c-32cd2c26f792:c993, 84ef4577-07e0-4c8d-900e-d449eb7bf65d:c993]
2019-07-10 10:03:40,117 INFO  client.GrpcClientProtocolClient (GrpcClientProtocolClient.java:onNext(255)) - client-3502B0E99E4B->68798575-c94b-44a6-b996-25df487e3c54: receive RaftClientReply:client-3502B0E99E4B->68798575-c94b-44a6-b996-25df487e3c54@group-48C576E544C9, cid=780, SUCCESS, logIndex=995, commits[68798575-c94b-44a6-b996-25df487e3c54:c995, 9ec8ead9-888e-415b-b04c-32cd2c26f792:c993, 84ef4577-07e0-4c8d-900e-d449eb7bf65d:c993]
2019-07-10 10:03:40,126 INFO  client.GrpcClientProtocolClient (GrpcClientProtocolClient.java:onNext(255)) - client-3502B0E99E4B->68798575-c94b-44a6-b996-25df487e3c54: receive RaftClientReply:client-3502B0E99E4B->68798575-c94b-44a6-b996-25df487e3c54@group-48C576E544C9, cid=781, SUCCESS, logIndex=996, commits[68798575-c94b-44a6-b996-25df487e3c54:c997, 9ec8ead9-888e-415b-b04c-32cd2c26f792:c993, 84ef4577-07e0-4c8d-900e-d449eb7bf65d:c993]
2019-07-10 10:03:40,127 INFO  client.GrpcClientProtocolClient (GrpcClientProtocolClient.java:onNext(255)) - client-3502B0E99E4B->68798575-c94b-44a6-b996-25df487e3c54: receive RaftClientReply:client-3502B0E99E4B->68798575-c94b-44a6-b996-25df487e3c54@group-48C576E544C9, cid=782, SUCCESS, logIndex=997, commits[68798575-c94b-44a6-b996-25df487e3c54:c997, 9ec8ead9-888e-415b-b04c-32cd2c26f792:c993, 84ef4577-07e0-4c8d-900e-d449eb7bf65d:c993]
2019-07-10 10:03:40,139 INFO  client.GrpcClientProtocolClient (GrpcClientProtocolClient.java:onNext(255)) - client-3502B0E99E4B->68798575-c94b-44a6-b996-25df487e3c54: receive RaftClientReply:client-3502B0E99E4B->68798575-c94b-44a6-b996-25df487e3c54@group-48C576E544C9, cid=783, SUCCESS, logIndex=0, commits[68798575-c94b-44a6-b996-25df487e3c54:c999, 9ec8ead9-888e-415b-b04c-32cd2c26f792:c995, 84ef4577-07e0-4c8d-900e-d449eb7bf65d:c995]
2019-07-10 10:03:40,162 INFO  client.GrpcClientProtocolClient (GrpcClientProtocolClient.java:onNext(255)) - client-3502B0E99E4B->68798575-c94b-44a6-b996-25df487e3c54: receive RaftClientReply:client-3502B0E99E4B->68798575-c94b-44a6-b996-25df487e3c54@group-48C576E544C9, cid=784, SUCCESS, logIndex=1002, commits[68798575-c94b-44a6-b996-25df487e3c54:c1003, 9ec8ead9-888e-415b-b04c-32cd2c26f792:c1001, 84ef4577-07e0-4c8d-900e-d449eb7bf65d:c1001]
2019-07-10 10:03:40,162 INFO  client.GrpcClientProtocolClient (GrpcClientProtocolClient.java:onNext(255)) - client-3502B0E99E4B->68798575-c94b-44a6-b996-25df487e3c54: receive RaftClientReply:client-3502B0E99E4B->68798575-c94b-44a6-b996-25df487e3c54@group-48C576E544C9, cid=785, SUCCESS, logIndex=1003, commits[68798575-c94b-44a6-b996-25df487e3c54:c1003, 9ec8ead9-888e-415b-b04c-32cd2c26f792:c1001, 84ef4577-07e0-4c8d-900e-d449eb7bf65d:c1001]
2019-07-10 10:03:40,192 INFO  client.GrpcClientProtocolClient (GrpcClientProtocolClient.java:onNext(255)) - client-3502B0E99E4B->68798575-c94b-44a6-b996-25df487e3c54: receive RaftClientReply:client-3502B0E99E4B->68798575-c94b-44a6-b996-25df487e3c54@group-48C576E544C9, cid=786, SUCCESS, logIndex=1006, commits[68798575-c94b-44a6-b996-25df487e3c54:c1007, 9ec8ead9-888e-415b-b04c-32cd2c26f792:c1003, 84ef4577-07e0-4c8d-900e-d449eb7bf65d:c1003]
2019-07-10 10:03:40,193 INFO  client.GrpcClientProtocolClient (GrpcClientProtocolClient.java:onNext(255)) - client-3502B0E99E4B->68798575-c94b-44a6-b996-25df487e3c54: receive RaftClientReply:client-3502B0E99E4B->68798575-c94b-44a6-b996-25df487e3c54@group-48C576E544C9, cid=787, SUCCESS, logIndex=1007, commits[68798575-c94b-44a6-b996-25df487e3c54:c1007, 9ec8ead9-888e-415b-b04c-32cd2c26f792:c1003, 84ef4577-07e0-4c8d-900e-d449eb7bf65d:c1003]
2019-07-10 10:03:40,204 INFO  client.GrpcClientProtocolClient (GrpcClientProtocolClient.java:onNext(255)) - client-3502B0E99E4B->68798575-c94b-44a6-b996-25df487e3c54: receive RaftClientReply:client-3502B0E99E4B->68798575-c94b-44a6-b996-25df487e3c54@group-48C576E544C9, cid=788, SUCCESS, logIndex=0, commits[68798575-c94b-44a6-b996-25df487e3c54:c1008, 9ec8ead9-888e-415b-b04c-32cd2c26f792:c1007, 84ef4577-07e0-4c8d-900e-d449eb7bf65d:c1007]
2019-07-10 10:03:40,227 INFO  client.GrpcClientProtocolClient (GrpcClientProtocolClient.java:onNext(255)) - client-3502B0E99E4B->68798575-c94b-44a6-b996-25df487e3c54: receive RaftClientReply:client-3502B0E99E4B->68798575-c94b-44a6-b996-25df487e3c54@group-48C576E544C9, cid=789, SUCCESS, logIndex=1010, commits[68798575-c94b-44a6-b996-25df487e3c54:c1011, 9ec8ead9-888e-415b-b04c-32cd2c26f792:c1009, 84ef4577-07e0-4c8d-900e-d449eb7bf65d:c1009]
2019-07-10 10:03:40,228 INFO  client.GrpcClientProtocolClient (GrpcClientProtocolClient.java:onNext(255)) - client-3502B0E99E4B->68798575-c94b-44a6-b996-25df487e3c54: receive RaftClientReply:client-3502B0E99E4B->68798575-c94b-44a6-b996-25df487e3c54@group-48C576E544C9, cid=790, SUCCESS, logIndex=1011, commits[68798575-c94b-44a6-b996-25df487e3c54:c1011, 9ec8ead9-888e-415b-b04c-32cd2c26f792:c1009, 84ef4577-07e0-4c8d-900e-d449eb7bf65d:c1009]
2019-07-10 10:03:40,228 INFO  client.GrpcClientProtocolClient (GrpcClientProtocolClient.java:onNext(255)) - client-3502B0E99E4B->68798575-c94b-44a6-b996-25df487e3c54: receive RaftClientReply:client-3502B0E99E4B->68798575-c94b-44a6-b996-25df487e3c54@group-48C576E544C9, cid=791, SUCCESS, logIndex=1012, commits[68798575-c94b-44a6-b996-25df487e3c54:c1012, 9ec8ead9-888e-415b-b04c-32cd2c26f792:c1009, 84ef4577-07e0-4c8d-900e-d449eb7bf65d:c1009]
2019-07-10 10:03:40,229 INFO  client.GrpcClientProtocolClient (GrpcClientProtocolClient.java:onNext(255)) - client-3502B0E99E4B->68798575-c94b-44a6-b996-25df487e3c54: receive RaftClientReply:client-3502B0E99E4B->68798575-c94b-44a6-b996-25df487e3c54@group-48C576E544C9, cid=792, SUCCESS, logIndex=1013, commits[68798575-c94b-44a6-b996-25df487e3c54:c1013, 9ec8ead9-888e-415b-b04c-32cd2c26f792:c1009, 84ef4577-07e0-4c8d-900e-d449eb7bf65d:c1009]
2019-07-10 10:03:40,230 INFO  client.GrpcClientProtocolClient (GrpcClientProtocolClient.java:onNext(255)) - client-3502B0E99E4B->68798575-c94b-44a6-b996-25df487e3c54: receive RaftClientReply:client-3502B0E99E4B->68798575-c94b-44a6-b996-25df487e3c54@group-48C576E544C9, cid=793, SUCCESS, logIndex=0, commits[68798575-c94b-44a6-b996-25df487e3c54:c1014, 9ec8ead9-888e-415b-b04c-32cd2c26f792:c1011, 84ef4577-07e0-4c8d-900e-d449eb7bf65d:c1011]
2019-07-10 10:03:40,250 INFO  client.GrpcClientProtocolClient (GrpcClientProtocolClient.java:onNext(255)) - client-3502B0E99E4B->68798575-c94b-44a6-b996-25df487e3c54: receive RaftClientReply:client-3502B0E99E4B->68798575-c94b-44a6-b996-25df487e3c54@group-48C576E544C9, cid=794, SUCCESS, logIndex=1018, commits[68798575-c94b-44a6-b996-25df487e3c54:c1019, 9ec8ead9-888e-415b-b04c-32cd2c26f792:c1017, 84ef4577-07e0-4c8d-900e-d449eb7bf65d:c1017]
2019-07-10 10:03:40,251 INFO  client.GrpcClientProtocolClient (GrpcClientProtocolClient.java:onNext(255)) - client-3502B0E99E4B->68798575-c94b-44a6-b996-25df487e3c54: receive RaftClientReply:client-3502B0E99E4B->68798575-c94b-44a6-b996-25df487e3c54@group-48C576E544C9, cid=795, SUCCESS, logIndex=1019, commits[68798575-c94b-44a6-b996-25df487e3c54:c1019, 9ec8ead9-888e-415b-b04c-32cd2c26f792:c1017, 84ef4577-07e0-4c8d-900e-d449eb7bf65d:c1017]
2019-07-10 10:03:40,265 INFO  client.GrpcClientProtocolClient (GrpcClientProtocolClient.java:onNext(255)) - client-3502B0E99E4B->68798575-c94b-44a6-b996-25df487e3c54: receive RaftClientReply:client-3502B0E99E4B->68798575-c94b-44a6-b996-25df487e3c54@group-48C576E544C9, cid=796, SUCCESS, logIndex=1022, commits[68798575-c94b-44a6-b996-25df487e3c54:c1023, 9ec8ead9-888e-415b-b04c-32cd2c26f792:c1019, 84ef4577-07e0-4c8d-900e-d449eb7bf65d:c1019]
2019-07-10 10:03:40,265 INFO  client.GrpcClientProtocolClient (GrpcClientProtocolClient.java:onNext(255)) - client-3502B0E99E4B->68798575-c94b-44a6-b996-25df487e3c54: receive RaftClientReply:client-3502B0E99E4B->68798575-c94b-44a6-b996-25df487e3c54@group-48C576E544C9, cid=797, SUCCESS, logIndex=1023, commits[68798575-c94b-44a6-b996-25df487e3c54:c1023, 9ec8ead9-888e-415b-b04c-32cd2c26f792:c1019, 84ef4577-07e0-4c8d-900e-d449eb7bf65d:c1019]
2019-07-10 10:03:40,278 INFO  client.GrpcClientProtocolClient (GrpcClientProtocolClient.java:onNext(255)) - client-3502B0E99E4B->68798575-c94b-44a6-b996-25df487e3c54: receive RaftClientReply:client-3502B0E99E4B->68798575-c94b-44a6-b996-25df487e3c54@group-48C576E544C9, cid=798, SUCCESS, logIndex=0, commits[68798575-c94b-44a6-b996-25df487e3c54:c1024, 9ec8ead9-888e-415b-b04c-32cd2c26f792:c1023, 84ef4577-07e0-4c8d-900e-d449eb7bf65d:c1023]
2019-07-10 10:03:40,301 INFO  client.GrpcClientProtocolClient (GrpcClientProtocolClient.java:onNext(255)) - client-3502B0E99E4B->68798575-c94b-44a6-b996-25df487e3c54: receive RaftClientReply:client-3502B0E99E4B->68798575-c94b-44a6-b996-25df487e3c54@group-48C576E544C9, cid=799, SUCCESS, logIndex=1026, commits[68798575-c94b-44a6-b996-25df487e3c54:c1027, 9ec8ead9-888e-415b-b04c-32cd2c26f792:c1025, 84ef4577-07e0-4c8d-900e-d449eb7bf65d:c1025]
2019-07-10 10:03:40,302 INFO  client.GrpcClientProtocolClient (GrpcClientProtocolClient.java:onNext(255)) - client-3502B0E99E4B->68798575-c94b-44a6-b996-25df487e3c54: receive RaftClientReply:client-3502B0E99E4B->68798575-c94b-44a6-b996-25df487e3c54@group-48C576E544C9, cid=800, SUCCESS, logIndex=1027, commits[68798575-c94b-44a6-b996-25df487e3c54:c1027, 9ec8ead9-888e-415b-b04c-32cd2c26f792:c1025, 84ef4577-07e0-4c8d-900e-d449eb7bf65d:c1025]
2019-07-10 10:03:40,303 INFO  client.GrpcClientProtocolClient (GrpcClientProtocolClient.java:onNext(255)) - client-3502B0E99E4B->68798575-c94b-44a6-b996-25df487e3c54: receive RaftClientReply:client-3502B0E99E4B->68798575-c94b-44a6-b996-25df487e3c54@group-48C576E544C9, cid=801, SUCCESS, logIndex=1028, commits[68798575-c94b-44a6-b996-25df487e3c54:c1028, 9ec8ead9-888e-415b-b04c-32cd2c26f792:c1025, 84ef4577-07e0-4c8d-900e-d449eb7bf65d:c1025]
2019-07-10 10:03:40,303 INFO  client.GrpcClientProtocolClient (GrpcClientProtocolClient.java:onNext(255)) - client-3502B0E99E4B->68798575-c94b-44a6-b996-25df487e3c54: receive RaftClientReply:client-3502B0E99E4B->68798575-c94b-44a6-b996-25df487e3c54@group-48C576E544C9, cid=802, SUCCESS, logIndex=1029, commits[68798575-c94b-44a6-b996-25df487e3c54:c1031, 9ec8ead9-888e-415b-b04c-32cd2c26f792:c1026, 84ef4577-07e0-4c8d-900e-d449eb7bf65d:c1027]
2019-07-10 10:03:40,305 INFO  client.GrpcClientProtocolClient (GrpcClientProtocolClient.java:onNext(255)) - client-3502B0E99E4B->68798575-c94b-44a6-b996-25df487e3c54: receive RaftClientReply:client-3502B0E99E4B->68798575-c94b-44a6-b996-25df487e3c54@group-48C576E544C9, cid=803, SUCCESS, logIndex=0, commits[68798575-c94b-44a6-b996-25df487e3c54:c1032, 9ec8ead9-888e-415b-b04c-32cd2c26f792:c1027, 84ef4577-07e0-4c8d-900e-d449eb7bf65d:c1028]
2019-07-10 10:03:40,325 INFO  client.GrpcClientProtocolClient (GrpcClientProtocolClient.java:onNext(255)) - client-3502B0E99E4B->68798575-c94b-44a6-b996-25df487e3c54: receive RaftClientReply:client-3502B0E99E4B->68798575-c94b-44a6-b996-25df487e3c54@group-48C576E544C9, cid=804, SUCCESS, logIndex=1033, commits[68798575-c94b-44a6-b996-25df487e3c54:c1034, 9ec8ead9-888e-415b-b04c-32cd2c26f792:c1032, 84ef4577-07e0-4c8d-900e-d449eb7bf65d:c1032]
2019-07-10 10:03:40,325 INFO  client.GrpcClientProtocolClient (GrpcClientProtocolClient.java:onNext(255)) - client-3502B0E99E4B->68798575-c94b-44a6-b996-25df487e3c54: receive RaftClientReply:client-3502B0E99E4B->68798575-c94b-44a6-b996-25df487e3c54@group-48C576E544C9, cid=805, SUCCESS, logIndex=1034, commits[68798575-c94b-44a6-b996-25df487e3c54:c1034, 9ec8ead9-888e-415b-b04c-32cd2c26f792:c1032, 84ef4577-07e0-4c8d-900e-d449eb7bf65d:c1032]
2019-07-10 10:03:40,338 INFO  client.GrpcClientProtocolClient (GrpcClientProtocolClient.java:onNext(255)) - client-3502B0E99E4B->68798575-c94b-44a6-b996-25df487e3c54: receive RaftClientReply:client-3502B0E99E4B->68798575-c94b-44a6-b996-25df487e3c54@group-48C576E544C9, cid=806, SUCCESS, logIndex=1037, commits[68798575-c94b-44a6-b996-25df487e3c54:c1038, 9ec8ead9-888e-415b-b04c-32cd2c26f792:c1034, 84ef4577-07e0-4c8d-900e-d449eb7bf65d:c1034]
2019-07-10 10:03:40,338 INFO  client.GrpcClientProtocolClient (GrpcClientProtocolClient.java:onNext(255)) - client-3502B0E99E4B->68798575-c94b-44a6-b996-25df487e3c54: receive RaftClientReply:client-3502B0E99E4B->68798575-c94b-44a6-b996-25df487e3c54@group-48C576E544C9, cid=807, SUCCESS, logIndex=1038, commits[68798575-c94b-44a6-b996-25df487e3c54:c1038, 9ec8ead9-888e-415b-b04c-32cd2c26f792:c1034, 84ef4577-07e0-4c8d-900e-d449eb7bf65d:c1034]
2019-07-10 10:03:40,351 INFO  client.GrpcClientProtocolClient (GrpcClientProtocolClient.java:onNext(255)) - client-3502B0E99E4B->68798575-c94b-44a6-b996-25df487e3c54: receive RaftClientReply:client-3502B0E99E4B->68798575-c94b-44a6-b996-25df487e3c54@group-48C576E544C9, cid=808, SUCCESS, logIndex=0, commits[68798575-c94b-44a6-b996-25df487e3c54:c1039, 9ec8ead9-888e-415b-b04c-32cd2c26f792:c1038, 84ef4577-07e0-4c8d-900e-d449eb7bf65d:c1038]
2019-07-10 10:03:40,371 INFO  client.GrpcClientProtocolClient (GrpcClientProtocolClient.java:onNext(255)) - client-3502B0E99E4B->68798575-c94b-44a6-b996-25df487e3c54: receive RaftClientReply:client-3502B0E99E4B->68798575-c94b-44a6-b996-25df487e3c54@group-48C576E544C9, cid=809, SUCCESS, logIndex=1041, commits[68798575-c94b-44a6-b996-25df487e3c54:c1042, 9ec8ead9-888e-415b-b04c-32cd2c26f792:c1040, 84ef4577-07e0-4c8d-900e-d449eb7bf65d:c1040]
2019-07-10 10:03:40,372 INFO  client.GrpcClientProtocolClient (GrpcClientProtocolClient.java:onNext(255)) - client-3502B0E99E4B->68798575-c94b-44a6-b996-25df487e3c54: receive RaftClientReply:client-3502B0E99E4B->68798575-c94b-44a6-b996-25df487e3c54@group-48C576E544C9, cid=810, SUCCESS, logIndex=1042, commits[68798575-c94b-44a6-b996-25df487e3c54:c1042, 9ec8ead9-888e-415b-b04c-32cd2c26f792:c1040, 84ef4577-07e0-4c8d-900e-d449eb7bf65d:c1040]
2019-07-10 10:03:40,372 INFO  client.GrpcClientProtocolClient (GrpcClientProtocolClient.java:onNext(255)) - client-3502B0E99E4B->68798575-c94b-44a6-b996-25df487e3c54: receive RaftClientReply:client-3502B0E99E4B->68798575-c94b-44a6-b996-25df487e3c54@group-48C576E544C9, cid=811, SUCCESS, logIndex=1043, commits[68798575-c94b-44a6-b996-25df487e3c54:c1044, 9ec8ead9-888e-415b-b04c-32cd2c26f792:c1040, 84ef4577-07e0-4c8d-900e-d449eb7bf65d:c1040]
2019-07-10 10:03:40,372 INFO  client.GrpcClientProtocolClient (GrpcClientProtocolClient.java:onNext(255)) - client-3502B0E99E4B->68798575-c94b-44a6-b996-25df487e3c54: receive RaftClientReply:client-3502B0E99E4B->68798575-c94b-44a6-b996-25df487e3c54@group-48C576E544C9, cid=812, SUCCESS, logIndex=1044, commits[68798575-c94b-44a6-b996-25df487e3c54:c1044, 9ec8ead9-888e-415b-b04c-32cd2c26f792:c1040, 84ef4577-07e0-4c8d-900e-d449eb7bf65d:c1040]
2019-07-10 10:03:40,374 INFO  client.GrpcClientProtocolClient (GrpcClientProtocolClient.java:onNext(255)) - client-3502B0E99E4B->68798575-c94b-44a6-b996-25df487e3c54: receive RaftClientReply:client-3502B0E99E4B->68798575-c94b-44a6-b996-25df487e3c54@group-48C576E544C9, cid=813, SUCCESS, logIndex=0, commits[68798575-c94b-44a6-b996-25df487e3c54:c1046, 9ec8ead9-888e-415b-b04c-32cd2c26f792:c1042, 84ef4577-07e0-4c8d-900e-d449eb7bf65d:c1042]
2019-07-10 10:03:40,394 INFO  client.GrpcClientProtocolClient (GrpcClientProtocolClient.java:onNext(255)) - client-3502B0E99E4B->68798575-c94b-44a6-b996-25df487e3c54: receive RaftClientReply:client-3502B0E99E4B->68798575-c94b-44a6-b996-25df487e3c54@group-48C576E544C9, cid=814, SUCCESS, logIndex=1049, commits[68798575-c94b-44a6-b996-25df487e3c54:c1050, 9ec8ead9-888e-415b-b04c-32cd2c26f792:c1048, 84ef4577-07e0-4c8d-900e-d449eb7bf65d:c1048]
2019-07-10 10:03:40,395 INFO  client.GrpcClientProtocolClient (GrpcClientProtocolClient.java:onNext(255)) - client-3502B0E99E4B->68798575-c94b-44a6-b996-25df487e3c54: receive RaftClientReply:client-3502B0E99E4B->68798575-c94b-44a6-b996-25df487e3c54@group-48C576E544C9, cid=815, SUCCESS, logIndex=1050, commits[68798575-c94b-44a6-b996-25df487e3c54:c1050, 9ec8ead9-888e-415b-b04c-32cd2c26f792:c1048, 84ef4577-07e0-4c8d-900e-d449eb7bf65d:c1048]
2019-07-10 10:03:40,416 INFO  client.GrpcClientProtocolClient (GrpcClientProtocolClient.java:onNext(255)) - client-3502B0E99E4B->68798575-c94b-44a6-b996-25df487e3c54: receive RaftClientReply:client-3502B0E99E4B->68798575-c94b-44a6-b996-25df487e3c54@group-48C576E544C9, cid=816, SUCCESS, logIndex=1053, commits[68798575-c94b-44a6-b996-25df487e3c54:c1054, 9ec8ead9-888e-415b-b04c-32cd2c26f792:c1050, 84ef4577-07e0-4c8d-900e-d449eb7bf65d:c1050]
2019-07-10 10:03:40,417 INFO  client.GrpcClientProtocolClient (GrpcClientProtocolClient.java:onNext(255)) - client-3502B0E99E4B->68798575-c94b-44a6-b996-25df487e3c54: receive RaftClientReply:client-3502B0E99E4B->68798575-c94b-44a6-b996-25df487e3c54@group-48C576E544C9, cid=817, SUCCESS, logIndex=1054, commits[68798575-c94b-44a6-b996-25df487e3c54:c1054, 9ec8ead9-888e-415b-b04c-32cd2c26f792:c1050, 84ef4577-07e0-4c8d-900e-d449eb7bf65d:c1050]
2019-07-10 10:03:40,419 INFO  client.GrpcClientProtocolClient (GrpcClientProtocolClient.java:onNext(255)) - client-3502B0E99E4B->68798575-c94b-44a6-b996-25df487e3c54: receive RaftClientReply:client-3502B0E99E4B->68798575-c94b-44a6-b996-25df487e3c54@group-48C576E544C9, cid=818, SUCCESS, logIndex=0, commits[68798575-c94b-44a6-b996-25df487e3c54:c1055, 9ec8ead9-888e-415b-b04c-32cd2c26f792:c1054, 84ef4577-07e0-4c8d-900e-d449eb7bf65d:c1054]
2019-07-10 10:03:40,438 INFO  client.GrpcClientProtocolClient (GrpcClientProtocolClient.java:onNext(255)) - client-3502B0E99E4B->68798575-c94b-44a6-b996-25df487e3c54: receive RaftClientReply:client-3502B0E99E4B->68798575-c94b-44a6-b996-25df487e3c54@group-48C576E544C9, cid=819, SUCCESS, logIndex=1057, commits[68798575-c94b-44a6-b996-25df487e3c54:c1058, 9ec8ead9-888e-415b-b04c-32cd2c26f792:c1056, 84ef4577-07e0-4c8d-900e-d449eb7bf65d:c1056]
2019-07-10 10:03:40,439 INFO  client.GrpcClientProtocolClient (GrpcClientProtocolClient.java:onNext(255)) - client-3502B0E99E4B->68798575-c94b-44a6-b996-25df487e3c54: receive RaftClientReply:client-3502B0E99E4B->68798575-c94b-44a6-b996-25df487e3c54@group-48C576E544C9, cid=820, SUCCESS, logIndex=1058, commits[68798575-c94b-44a6-b996-25df487e3c54:c1058, 9ec8ead9-888e-415b-b04c-32cd2c26f792:c1056, 84ef4577-07e0-4c8d-900e-d449eb7bf65d:c1056]
2019-07-10 10:03:40,439 INFO  client.GrpcClientProtocolClient (GrpcClientProtocolClient.java:onNext(255)) - client-3502B0E99E4B->68798575-c94b-44a6-b996-25df487e3c54: receive RaftClientReply:client-3502B0E99E4B->68798575-c94b-44a6-b996-25df487e3c54@group-48C576E544C9, cid=821, SUCCESS, logIndex=1059, commits[68798575-c94b-44a6-b996-25df487e3c54:c1060, 9ec8ead9-888e-415b-b04c-32cd2c26f792:c1056, 84ef4577-07e0-4c8d-900e-d449eb7bf65d:c1056]
2019-07-10 10:03:40,439 INFO  client.GrpcClientProtocolClient (GrpcClientProtocolClient.java:onNext(255)) - client-3502B0E99E4B->68798575-c94b-44a6-b996-25df487e3c54: receive RaftClientReply:client-3502B0E99E4B->68798575-c94b-44a6-b996-25df487e3c54@group-48C576E544C9, cid=822, SUCCESS, logIndex=1060, commits[68798575-c94b-44a6-b996-25df487e3c54:c1060, 9ec8ead9-888e-415b-b04c-32cd2c26f792:c1056, 84ef4577-07e0-4c8d-900e-d449eb7bf65d:c1056]
2019-07-10 10:03:40,441 INFO  client.GrpcClientProtocolClient (GrpcClientProtocolClient.java:onNext(255)) - client-3502B0E99E4B->68798575-c94b-44a6-b996-25df487e3c54: receive RaftClientReply:client-3502B0E99E4B->68798575-c94b-44a6-b996-25df487e3c54@group-48C576E544C9, cid=823, SUCCESS, logIndex=0, commits[68798575-c94b-44a6-b996-25df487e3c54:c1062, 9ec8ead9-888e-415b-b04c-32cd2c26f792:c1058, 84ef4577-07e0-4c8d-900e-d449eb7bf65d:c1058]
2019-07-10 10:03:40,463 INFO  client.GrpcClientProtocolClient (GrpcClientProtocolClient.java:onNext(255)) - client-3502B0E99E4B->68798575-c94b-44a6-b996-25df487e3c54: receive RaftClientReply:client-3502B0E99E4B->68798575-c94b-44a6-b996-25df487e3c54@group-48C576E544C9, cid=824, SUCCESS, logIndex=1065, commits[68798575-c94b-44a6-b996-25df487e3c54:c1066, 9ec8ead9-888e-415b-b04c-32cd2c26f792:c1064, 84ef4577-07e0-4c8d-900e-d449eb7bf65d:c1064]
2019-07-10 10:03:40,464 INFO  client.GrpcClientProtocolClient (GrpcClientProtocolClient.java:onNext(255)) - client-3502B0E99E4B->68798575-c94b-44a6-b996-25df487e3c54: receive RaftClientReply:client-3502B0E99E4B->68798575-c94b-44a6-b996-25df487e3c54@group-48C576E544C9, cid=825, SUCCESS, logIndex=1066, commits[68798575-c94b-44a6-b996-25df487e3c54:c1066, 9ec8ead9-888e-415b-b04c-32cd2c26f792:c1064, 84ef4577-07e0-4c8d-900e-d449eb7bf65d:c1064]
2019-07-10 10:03:40,477 INFO  client.GrpcClientProtocolClient (GrpcClientProtocolClient.java:onNext(255)) - client-3502B0E99E4B->68798575-c94b-44a6-b996-25df487e3c54: receive RaftClientReply:client-3502B0E99E4B->68798575-c94b-44a6-b996-25df487e3c54@group-48C576E544C9, cid=826, SUCCESS, logIndex=1069, commits[68798575-c94b-44a6-b996-25df487e3c54:c1069, 9ec8ead9-888e-415b-b04c-32cd2c26f792:c1066, 84ef4577-07e0-4c8d-900e-d449eb7bf65d:c1066]
2019-07-10 10:03:40,478 INFO  client.GrpcClientProtocolClient (GrpcClientProtocolClient.java:onNext(255)) - client-3502B0E99E4B->68798575-c94b-44a6-b996-25df487e3c54: receive RaftClientReply:client-3502B0E99E4B->68798575-c94b-44a6-b996-25df487e3c54@group-48C576E544C9, cid=827, SUCCESS, logIndex=1070, commits[68798575-c94b-44a6-b996-25df487e3c54:c1070, 9ec8ead9-888e-415b-b04c-32cd2c26f792:c1066, 84ef4577-07e0-4c8d-900e-d449eb7bf65d:c1066]
2019-07-10 10:03:40,504 INFO  client.GrpcClientProtocolClient (GrpcClientProtocolClient.java:onNext(255)) - client-3502B0E99E4B->68798575-c94b-44a6-b996-25df487e3c54: receive RaftClientReply:client-3502B0E99E4B->68798575-c94b-44a6-b996-25df487e3c54@group-48C576E544C9, cid=828, SUCCESS, logIndex=0, commits[68798575-c94b-44a6-b996-25df487e3c54:c1072, 9ec8ead9-888e-415b-b04c-32cd2c26f792:c1070, 84ef4577-07e0-4c8d-900e-d449eb7bf65d:c1070]
 0.00% |█                                                                                                    |  0/1 Time: 0:00:042019-07-10 10:03:40,526 INFO  client.GrpcClientProtocolClient (GrpcClientProtocolClient.java:onNext(255)) - client-3502B0E99E4B->68798575-c94b-44a6-b996-25df487e3c54: receive RaftClientReply:client-3502B0E99E4B->68798575-c94b-44a6-b996-25df487e3c54@group-48C576E544C9, cid=829, SUCCESS, logIndex=1073, commits[68798575-c94b-44a6-b996-25df487e3c54:c1074, 9ec8ead9-888e-415b-b04c-32cd2c26f792:c1072, 84ef4577-07e0-4c8d-900e-d449eb7bf65d:c1072]
2019-07-10 10:03:40,527 INFO  client.GrpcClientProtocolClient (GrpcClientProtocolClient.java:onNext(255)) - client-3502B0E99E4B->68798575-c94b-44a6-b996-25df487e3c54: receive RaftClientReply:client-3502B0E99E4B->68798575-c94b-44a6-b996-25df487e3c54@group-48C576E544C9, cid=830, SUCCESS, logIndex=1074, commits[68798575-c94b-44a6-b996-25df487e3c54:c1074, 9ec8ead9-888e-415b-b04c-32cd2c26f792:c1072, 84ef4577-07e0-4c8d-900e-d449eb7bf65d:c1072]
2019-07-10 10:03:40,540 INFO  client.GrpcClientProtocolClient (GrpcClientProtocolClient.java:onNext(255)) - client-3502B0E99E4B->68798575-c94b-44a6-b996-25df487e3c54: receive RaftClientReply:client-3502B0E99E4B->68798575-c94b-44a6-b996-25df487e3c54@group-48C576E544C9, cid=831, SUCCESS, logIndex=1075, commits[68798575-c94b-44a6-b996-25df487e3c54:c1076, 9ec8ead9-888e-415b-b04c-32cd2c26f792:c1072, 84ef4577-07e0-4c8d-900e-d449eb7bf65d:c1072]
2019-07-10 10:03:40,541 INFO  client.GrpcClientProtocolClient (GrpcClientProtocolClient.java:onNext(255)) - client-3502B0E99E4B->68798575-c94b-44a6-b996-25df487e3c54: receive RaftClientReply:client-3502B0E99E4B->68798575-c94b-44a6-b996-25df487e3c54@group-48C576E544C9, cid=832, SUCCESS, logIndex=1076, commits[68798575-c94b-44a6-b996-25df487e3c54:c1076, 9ec8ead9-888e-415b-b04c-32cd2c26f792:c1072, 84ef4577-07e0-4c8d-900e-d449eb7bf65d:c1072]
2019-07-10 10:03:40,543 INFO  client.GrpcClientProtocolClient (GrpcClientProtocolClient.java:onNext(255)) - client-3502B0E99E4B->68798575-c94b-44a6-b996-25df487e3c54: receive RaftClientReply:client-3502B0E99E4B->68798575-c94b-44a6-b996-25df487e3c54@group-48C576E544C9, cid=833, SUCCESS, logIndex=0, commits[68798575-c94b-44a6-b996-25df487e3c54:c1078, 9ec8ead9-888e-415b-b04c-32cd2c26f792:c1074, 84ef4577-07e0-4c8d-900e-d449eb7bf65d:c1074]
2019-07-10 10:03:40,572 INFO  client.GrpcClientProtocolClient (GrpcClientProtocolClient.java:onNext(255)) - client-3502B0E99E4B->68798575-c94b-44a6-b996-25df487e3c54: receive RaftClientReply:client-3502B0E99E4B->68798575-c94b-44a6-b996-25df487e3c54@group-48C576E544C9, cid=834, SUCCESS, logIndex=1081, commits[68798575-c94b-44a6-b996-25df487e3c54:c1082, 9ec8ead9-888e-415b-b04c-32cd2c26f792:c1078, 84ef4577-07e0-4c8d-900e-d449eb7bf65d:c1078]
2019-07-10 10:03:40,572 INFO  client.GrpcClientProtocolClient (GrpcClientProtocolClient.java:onNext(255)) - client-3502B0E99E4B->68798575-c94b-44a6-b996-25df487e3c54: receive RaftClientReply:client-3502B0E99E4B->68798575-c94b-44a6-b996-25df487e3c54@group-48C576E544C9, cid=835, SUCCESS, logIndex=1082, commits[68798575-c94b-44a6-b996-25df487e3c54:c1082, 9ec8ead9-888e-415b-b04c-32cd2c26f792:c1078, 84ef4577-07e0-4c8d-900e-d449eb7bf65d:c1078]
2019-07-10 10:03:40,585 INFO  client.GrpcClientProtocolClient (GrpcClientProtocolClient.java:onNext(255)) - client-3502B0E99E4B->68798575-c94b-44a6-b996-25df487e3c54: receive RaftClientReply:client-3502B0E99E4B->68798575-c94b-44a6-b996-25df487e3c54@group-48C576E544C9, cid=836, SUCCESS, logIndex=1085, commits[68798575-c94b-44a6-b996-25df487e3c54:c1085, 9ec8ead9-888e-415b-b04c-32cd2c26f792:c1082, 84ef4577-07e0-4c8d-900e-d449eb7bf65d:c1082]
2019-07-10 10:03:40,586 INFO  client.GrpcClientProtocolClient (GrpcClientProtocolClient.java:onNext(255)) - client-3502B0E99E4B->68798575-c94b-44a6-b996-25df487e3c54: receive RaftClientReply:client-3502B0E99E4B->68798575-c94b-44a6-b996-25df487e3c54@group-48C576E544C9, cid=837, SUCCESS, logIndex=1086, commits[68798575-c94b-44a6-b996-25df487e3c54:c1086, 9ec8ead9-888e-415b-b04c-32cd2c26f792:c1082, 84ef4577-07e0-4c8d-900e-d449eb7bf65d:c1082]
2019-07-10 10:03:40,587 INFO  client.GrpcClientProtocolClient (GrpcClientProtocolClient.java:onNext(255)) - client-3502B0E99E4B->68798575-c94b-44a6-b996-25df487e3c54: receive RaftClientReply:client-3502B0E99E4B->68798575-c94b-44a6-b996-25df487e3c54@group-48C576E544C9, cid=838, SUCCESS, logIndex=0, commits[68798575-c94b-44a6-b996-25df487e3c54:c1087, 9ec8ead9-888e-415b-b04c-32cd2c26f792:c1086, 84ef4577-07e0-4c8d-900e-d449eb7bf65d:c1086]
2019-07-10 10:03:40,608 INFO  client.GrpcClientProtocolClient (GrpcClientProtocolClient.java:onNext(255)) - client-3502B0E99E4B->68798575-c94b-44a6-b996-25df487e3c54: receive RaftClientReply:client-3502B0E99E4B->68798575-c94b-44a6-b996-25df487e3c54@group-48C576E544C9, cid=839, SUCCESS, logIndex=1089, commits[68798575-c94b-44a6-b996-25df487e3c54:c1090, 9ec8ead9-888e-415b-b04c-32cd2c26f792:c1088, 84ef4577-07e0-4c8d-900e-d449eb7bf65d:c1088]
2019-07-10 10:03:40,609 INFO  client.GrpcClientProtocolClient (GrpcClientProtocolClient.java:onNext(255)) - client-3502B0E99E4B->68798575-c94b-44a6-b996-25df487e3c54: receive RaftClientReply:client-3502B0E99E4B->68798575-c94b-44a6-b996-25df487e3c54@group-48C576E544C9, cid=840, SUCCESS, logIndex=1090, commits[68798575-c94b-44a6-b996-25df487e3c54:c1092, 9ec8ead9-888e-415b-b04c-32cd2c26f792:c1088, 84ef4577-07e0-4c8d-900e-d449eb7bf65d:c1088]
2019-07-10 10:03:40,609 INFO  client.GrpcClientProtocolClient (GrpcClientProtocolClient.java:onNext(255)) - client-3502B0E99E4B->68798575-c94b-44a6-b996-25df487e3c54: receive RaftClientReply:client-3502B0E99E4B->68798575-c94b-44a6-b996-25df487e3c54@group-48C576E544C9, cid=841, SUCCESS, logIndex=1091, commits[68798575-c94b-44a6-b996-25df487e3c54:c1092, 9ec8ead9-888e-415b-b04c-32cd2c26f792:c1088, 84ef4577-07e0-4c8d-900e-d449eb7bf65d:c1088]
2019-07-10 10:03:40,610 INFO  client.GrpcClientProtocolClient (GrpcClientProtocolClient.java:onNext(255)) - client-3502B0E99E4B->68798575-c94b-44a6-b996-25df487e3c54: receive RaftClientReply:client-3502B0E99E4B->68798575-c94b-44a6-b996-25df487e3c54@group-48C576E544C9, cid=842, SUCCESS, logIndex=1092, commits[68798575-c94b-44a6-b996-25df487e3c54:c1092, 9ec8ead9-888e-415b-b04c-32cd2c26f792:c1088, 84ef4577-07e0-4c8d-900e-d449eb7bf65d:c1088]
2019-07-10 10:03:40,612 INFO  client.GrpcClientProtocolClient (GrpcClientProtocolClient.java:onNext(255)) - client-3502B0E99E4B->68798575-c94b-44a6-b996-25df487e3c54: receive RaftClientReply:client-3502B0E99E4B->68798575-c94b-44a6-b996-25df487e3c54@group-48C576E544C9, cid=843, SUCCESS, logIndex=0, commits[68798575-c94b-44a6-b996-25df487e3c54:c1096, 9ec8ead9-888e-415b-b04c-32cd2c26f792:c1092, 84ef4577-07e0-4c8d-900e-d449eb7bf65d:c1092]
2019-07-10 10:03:40,632 INFO  client.GrpcClientProtocolClient (GrpcClientProtocolClient.java:onNext(255)) - client-3502B0E99E4B->68798575-c94b-44a6-b996-25df487e3c54: receive RaftClientReply:client-3502B0E99E4B->68798575-c94b-44a6-b996-25df487e3c54@group-48C576E544C9, cid=844, SUCCESS, logIndex=1097, commits[68798575-c94b-44a6-b996-25df487e3c54:c1098, 9ec8ead9-888e-415b-b04c-32cd2c26f792:c1096, 84ef4577-07e0-4c8d-900e-d449eb7bf65d:c1096]
2019-07-10 10:03:40,632 INFO  client.GrpcClientProtocolClient (GrpcClientProtocolClient.java:onNext(255)) - client-3502B0E99E4B->68798575-c94b-44a6-b996-25df487e3c54: receive RaftClientReply:client-3502B0E99E4B->68798575-c94b-44a6-b996-25df487e3c54@group-48C576E544C9, cid=845, SUCCESS, logIndex=1098, commits[68798575-c94b-44a6-b996-25df487e3c54:c1098, 9ec8ead9-888e-415b-b04c-32cd2c26f792:c1096, 84ef4577-07e0-4c8d-900e-d449eb7bf65d:c1096]
2019-07-10 10:03:40,656 INFO  client.GrpcClientProtocolClient (GrpcClientProtocolClient.java:onNext(255)) - client-3502B0E99E4B->68798575-c94b-44a6-b996-25df487e3c54: receive RaftClientReply:client-3502B0E99E4B->68798575-c94b-44a6-b996-25df487e3c54@group-48C576E544C9, cid=846, SUCCESS, logIndex=1101, commits[68798575-c94b-44a6-b996-25df487e3c54:c1102, 9ec8ead9-888e-415b-b04c-32cd2c26f792:c1098, 84ef4577-07e0-4c8d-900e-d449eb7bf65d:c1098]
2019-07-10 10:03:40,657 INFO  client.GrpcClientProtocolClient (GrpcClientProtocolClient.java:onNext(255)) - client-3502B0E99E4B->68798575-c94b-44a6-b996-25df487e3c54: receive RaftClientReply:client-3502B0E99E4B->68798575-c94b-44a6-b996-25df487e3c54@group-48C576E544C9, cid=847, SUCCESS, logIndex=1102, commits[68798575-c94b-44a6-b996-25df487e3c54:c1102, 9ec8ead9-888e-415b-b04c-32cd2c26f792:c1098, 84ef4577-07e0-4c8d-900e-d449eb7bf65d:c1098]
2019-07-10 10:03:40,658 INFO  client.GrpcClientProtocolClient (GrpcClientProtocolClient.java:onNext(255)) - client-3502B0E99E4B->68798575-c94b-44a6-b996-25df487e3c54: receive RaftClientReply:client-3502B0E99E4B->68798575-c94b-44a6-b996-25df487e3c54@group-48C576E544C9, cid=848, SUCCESS, logIndex=0, commits[68798575-c94b-44a6-b996-25df487e3c54:c1103, 9ec8ead9-888e-415b-b04c-32cd2c26f792:c1102, 84ef4577-07e0-4c8d-900e-d449eb7bf65d:c1102]
2019-07-10 10:03:40,806 INFO  client.GrpcClientProtocolClient (GrpcClientProtocolClient.java:onNext(255)) - client-3502B0E99E4B->68798575-c94b-44a6-b996-25df487e3c54: receive RaftClientReply:client-3502B0E99E4B->68798575-c94b-44a6-b996-25df487e3c54@group-48C576E544C9, cid=849, SUCCESS, logIndex=1105, commits[68798575-c94b-44a6-b996-25df487e3c54:c1106, 9ec8ead9-888e-415b-b04c-32cd2c26f792:c1104, 84ef4577-07e0-4c8d-900e-d449eb7bf65d:c1104]
2019-07-10 10:03:40,807 INFO  client.GrpcClientProtocolClient (GrpcClientProtocolClient.java:onNext(255)) - client-3502B0E99E4B->68798575-c94b-44a6-b996-25df487e3c54: receive RaftClientReply:client-3502B0E99E4B->68798575-c94b-44a6-b996-25df487e3c54@group-48C576E544C9, cid=850, SUCCESS, logIndex=1106, commits[68798575-c94b-44a6-b996-25df487e3c54:c1108, 9ec8ead9-888e-415b-b04c-32cd2c26f792:c1104, 84ef4577-07e0-4c8d-900e-d449eb7bf65d:c1104]
2019-07-10 10:03:40,808 INFO  client.GrpcClientProtocolClient (GrpcClientProtocolClient.java:onNext(255)) - client-3502B0E99E4B->68798575-c94b-44a6-b996-25df487e3c54: receive RaftClientReply:client-3502B0E99E4B->68798575-c94b-44a6-b996-25df487e3c54@group-48C576E544C9, cid=851, SUCCESS, logIndex=1107, commits[68798575-c94b-44a6-b996-25df487e3c54:c1109, 9ec8ead9-888e-415b-b04c-32cd2c26f792:c1105, 84ef4577-07e0-4c8d-900e-d449eb7bf65d:c1105]
2019-07-10 10:03:40,808 INFO  client.GrpcClientProtocolClient (GrpcClientProtocolClient.java:onNext(255)) - client-3502B0E99E4B->68798575-c94b-44a6-b996-25df487e3c54: receive RaftClientReply:client-3502B0E99E4B->68798575-c94b-44a6-b996-25df487e3c54@group-48C576E544C9, cid=852, SUCCESS, logIndex=1108, commits[68798575-c94b-44a6-b996-25df487e3c54:c1109, 9ec8ead9-888e-415b-b04c-32cd2c26f792:c1105, 84ef4577-07e0-4c8d-900e-d449eb7bf65d:c1106]
2019-07-10 10:03:40,810 INFO  client.GrpcClientProtocolClient (GrpcClientProtocolClient.java:onNext(255)) - client-3502B0E99E4B->68798575-c94b-44a6-b996-25df487e3c54: receive RaftClientReply:client-3502B0E99E4B->68798575-c94b-44a6-b996-25df487e3c54@group-48C576E544C9, cid=853, SUCCESS, logIndex=0, commits[68798575-c94b-44a6-b996-25df487e3c54:c1111, 9ec8ead9-888e-415b-b04c-32cd2c26f792:c1108, 84ef4577-07e0-4c8d-900e-d449eb7bf65d:c1108]
2019-07-10 10:03:40,830 INFO  client.GrpcClientProtocolClient (GrpcClientProtocolClient.java:onNext(255)) - client-3502B0E99E4B->68798575-c94b-44a6-b996-25df487e3c54: receive RaftClientReply:client-3502B0E99E4B->68798575-c94b-44a6-b996-25df487e3c54@group-48C576E544C9, cid=854, SUCCESS, logIndex=1112, commits[68798575-c94b-44a6-b996-25df487e3c54:c1113, 9ec8ead9-888e-415b-b04c-32cd2c26f792:c1111, 84ef4577-07e0-4c8d-900e-d449eb7bf65d:c1111]
2019-07-10 10:03:40,830 INFO  client.GrpcClientProtocolClient (GrpcClientProtocolClient.java:onNext(255)) - client-3502B0E99E4B->68798575-c94b-44a6-b996-25df487e3c54: receive RaftClientReply:client-3502B0E99E4B->68798575-c94b-44a6-b996-25df487e3c54@group-48C576E544C9, cid=855, SUCCESS, logIndex=1113, commits[68798575-c94b-44a6-b996-25df487e3c54:c1113, 9ec8ead9-888e-415b-b04c-32cd2c26f792:c1111, 84ef4577-07e0-4c8d-900e-d449eb7bf65d:c1111]
2019-07-10 10:03:40,846 INFO  client.GrpcClientProtocolClient (GrpcClientProtocolClient.java:onNext(255)) - client-3502B0E99E4B->68798575-c94b-44a6-b996-25df487e3c54: receive RaftClientReply:client-3502B0E99E4B->68798575-c94b-44a6-b996-25df487e3c54@group-48C576E544C9, cid=856, SUCCESS, logIndex=1116, commits[68798575-c94b-44a6-b996-25df487e3c54:c1117, 9ec8ead9-888e-415b-b04c-32cd2c26f792:c1113, 84ef4577-07e0-4c8d-900e-d449eb7bf65d:c1113]
2019-07-10 10:03:40,847 INFO  client.GrpcClientProtocolClient (GrpcClientProtocolClient.java:onNext(255)) - client-3502B0E99E4B->68798575-c94b-44a6-b996-25df487e3c54: receive RaftClientReply:client-3502B0E99E4B->68798575-c94b-44a6-b996-25df487e3c54@group-48C576E544C9, cid=857, SUCCESS, logIndex=1117, commits[68798575-c94b-44a6-b996-25df487e3c54:c1117, 9ec8ead9-888e-415b-b04c-32cd2c26f792:c1113, 84ef4577-07e0-4c8d-900e-d449eb7bf65d:c1113]
2019-07-10 10:03:40,848 INFO  client.GrpcClientProtocolClient (GrpcClientProtocolClient.java:onNext(255)) - client-3502B0E99E4B->68798575-c94b-44a6-b996-25df487e3c54: receive RaftClientReply:client-3502B0E99E4B->68798575-c94b-44a6-b996-25df487e3c54@group-48C576E544C9, cid=858, SUCCESS, logIndex=0, commits[68798575-c94b-44a6-b996-25df487e3c54:c1118, 9ec8ead9-888e-415b-b04c-32cd2c26f792:c1117, 84ef4577-07e0-4c8d-900e-d449eb7bf65d:c1117]
2019-07-10 10:03:40,869 INFO  client.GrpcClientProtocolClient (GrpcClientProtocolClient.java:onNext(255)) - client-3502B0E99E4B->68798575-c94b-44a6-b996-25df487e3c54: receive RaftClientReply:client-3502B0E99E4B->68798575-c94b-44a6-b996-25df487e3c54@group-48C576E544C9, cid=859, SUCCESS, logIndex=1120, commits[68798575-c94b-44a6-b996-25df487e3c54:c1122, 9ec8ead9-888e-415b-b04c-32cd2c26f792:c1119, 84ef4577-07e0-4c8d-900e-d449eb7bf65d:c1119]
2019-07-10 10:03:40,870 INFO  client.GrpcClientProtocolClient (GrpcClientProtocolClient.java:onNext(255)) - client-3502B0E99E4B->68798575-c94b-44a6-b996-25df487e3c54: receive RaftClientReply:client-3502B0E99E4B->68798575-c94b-44a6-b996-25df487e3c54@group-48C576E544C9, cid=860, SUCCESS, logIndex=1121, commits[68798575-c94b-44a6-b996-25df487e3c54:c1123, 9ec8ead9-888e-415b-b04c-32cd2c26f792:c1119, 84ef4577-07e0-4c8d-900e-d449eb7bf65d:c1119]
2019-07-10 10:03:40,870 INFO  client.GrpcClientProtocolClient (GrpcClientProtocolClient.java:onNext(255)) - client-3502B0E99E4B->68798575-c94b-44a6-b996-25df487e3c54: receive RaftClientReply:client-3502B0E99E4B->68798575-c94b-44a6-b996-25df487e3c54@group-48C576E544C9, cid=861, SUCCESS, logIndex=1122, commits[68798575-c94b-44a6-b996-25df487e3c54:c1123, 9ec8ead9-888e-415b-b04c-32cd2c26f792:c1119, 84ef4577-07e0-4c8d-900e-d449eb7bf65d:c1119]
2019-07-10 10:03:40,870 INFO  client.GrpcClientProtocolClient (GrpcClientProtocolClient.java:onNext(255)) - client-3502B0E99E4B->68798575-c94b-44a6-b996-25df487e3c54: receive RaftClientReply:client-3502B0E99E4B->68798575-c94b-44a6-b996-25df487e3c54@group-48C576E544C9, cid=862, SUCCESS, logIndex=1123, commits[68798575-c94b-44a6-b996-25df487e3c54:c1123, 9ec8ead9-888e-415b-b04c-32cd2c26f792:c1119, 84ef4577-07e0-4c8d-900e-d449eb7bf65d:c1119]
2019-07-10 10:03:40,873 INFO  client.GrpcClientProtocolClient (GrpcClientProtocolClient.java:onNext(255)) - client-3502B0E99E4B->68798575-c94b-44a6-b996-25df487e3c54: receive RaftClientReply:client-3502B0E99E4B->68798575-c94b-44a6-b996-25df487e3c54@group-48C576E544C9, cid=863, SUCCESS, logIndex=0, commits[68798575-c94b-44a6-b996-25df487e3c54:c1125, 9ec8ead9-888e-415b-b04c-32cd2c26f792:c1121, 84ef4577-07e0-4c8d-900e-d449eb7bf65d:c1121]
2019-07-10 10:03:40,893 INFO  client.GrpcClientProtocolClient (GrpcClientProtocolClient.java:onNext(255)) - client-3502B0E99E4B->68798575-c94b-44a6-b996-25df487e3c54: receive RaftClientReply:client-3502B0E99E4B->68798575-c94b-44a6-b996-25df487e3c54@group-48C576E544C9, cid=864, SUCCESS, logIndex=1128, commits[68798575-c94b-44a6-b996-25df487e3c54:c1129, 9ec8ead9-888e-415b-b04c-32cd2c26f792:c1127, 84ef4577-07e0-4c8d-900e-d449eb7bf65d:c1127]
2019-07-10 10:03:40,894 INFO  client.GrpcClientProtocolClient (GrpcClientProtocolClient.java:onNext(255)) - client-3502B0E99E4B->68798575-c94b-44a6-b996-25df487e3c54: receive RaftClientReply:client-3502B0E99E4B->68798575-c94b-44a6-b996-25df487e3c54@group-48C576E544C9, cid=865, SUCCESS, logIndex=1129, commits[68798575-c94b-44a6-b996-25df487e3c54:c1129, 9ec8ead9-888e-415b-b04c-32cd2c26f792:c1127, 84ef4577-07e0-4c8d-900e-d449eb7bf65d:c1127]
2019-07-10 10:03:40,917 INFO  client.GrpcClientProtocolClient (GrpcClientProtocolClient.java:onNext(255)) - client-3502B0E99E4B->68798575-c94b-44a6-b996-25df487e3c54: receive RaftClientReply:client-3502B0E99E4B->68798575-c94b-44a6-b996-25df487e3c54@group-48C576E544C9, cid=866, SUCCESS, logIndex=1132, commits[68798575-c94b-44a6-b996-25df487e3c54:c1133, 9ec8ead9-888e-415b-b04c-32cd2c26f792:c1129, 84ef4577-07e0-4c8d-900e-d449eb7bf65d:c1129]
2019-07-10 10:03:40,917 INFO  client.GrpcClientProtocolClient (GrpcClientProtocolClient.java:onNext(255)) - client-3502B0E99E4B->68798575-c94b-44a6-b996-25df487e3c54: receive RaftClientReply:client-3502B0E99E4B->68798575-c94b-44a6-b996-25df487e3c54@group-48C576E544C9, cid=867, SUCCESS, logIndex=1133, commits[68798575-c94b-44a6-b996-25df487e3c54:c1133, 9ec8ead9-888e-415b-b04c-32cd2c26f792:c1129, 84ef4577-07e0-4c8d-900e-d449eb7bf65d:c1129]
2019-07-10 10:03:40,919 INFO  client.GrpcClientProtocolClient (GrpcClientProtocolClient.java:onNext(255)) - client-3502B0E99E4B->68798575-c94b-44a6-b996-25df487e3c54: receive RaftClientReply:client-3502B0E99E4B->68798575-c94b-44a6-b996-25df487e3c54@group-48C576E544C9, cid=868, SUCCESS, logIndex=0, commits[68798575-c94b-44a6-b996-25df487e3c54:c1134, 9ec8ead9-888e-415b-b04c-32cd2c26f792:c1133, 84ef4577-07e0-4c8d-900e-d449eb7bf65d:c1133]
2019-07-10 10:03:40,941 INFO  client.GrpcClientProtocolClient (GrpcClientProtocolClient.java:onNext(255)) - client-3502B0E99E4B->68798575-c94b-44a6-b996-25df487e3c54: receive RaftClientReply:client-3502B0E99E4B->68798575-c94b-44a6-b996-25df487e3c54@group-48C576E544C9, cid=869, SUCCESS, logIndex=1136, commits[68798575-c94b-44a6-b996-25df487e3c54:c1139, 9ec8ead9-888e-415b-b04c-32cd2c26f792:c1135, 84ef4577-07e0-4c8d-900e-d449eb7bf65d:c1135]
2019-07-10 10:03:40,942 INFO  client.GrpcClientProtocolClient (GrpcClientProtocolClient.java:onNext(255)) - client-3502B0E99E4B->68798575-c94b-44a6-b996-25df487e3c54: receive RaftClientReply:client-3502B0E99E4B->68798575-c94b-44a6-b996-25df487e3c54@group-48C576E544C9, cid=870, SUCCESS, logIndex=1137, commits[68798575-c94b-44a6-b996-25df487e3c54:c1139, 9ec8ead9-888e-415b-b04c-32cd2c26f792:c1135, 84ef4577-07e0-4c8d-900e-d449eb7bf65d:c1135]
2019-07-10 10:03:40,943 INFO  client.GrpcClientProtocolClient (GrpcClientProtocolClient.java:onNext(255)) - client-3502B0E99E4B->68798575-c94b-44a6-b996-25df487e3c54: receive RaftClientReply:client-3502B0E99E4B->68798575-c94b-44a6-b996-25df487e3c54@group-48C576E544C9, cid=871, SUCCESS, logIndex=1138, commits[68798575-c94b-44a6-b996-25df487e3c54:c1139, 9ec8ead9-888e-415b-b04c-32cd2c26f792:c1135, 84ef4577-07e0-4c8d-900e-d449eb7bf65d:c1135]
2019-07-10 10:03:40,943 INFO  client.GrpcClientProtocolClient (GrpcClientProtocolClient.java:onNext(255)) - client-3502B0E99E4B->68798575-c94b-44a6-b996-25df487e3c54: receive RaftClientReply:client-3502B0E99E4B->68798575-c94b-44a6-b996-25df487e3c54@group-48C576E544C9, cid=872, SUCCESS, logIndex=1139, commits[68798575-c94b-44a6-b996-25df487e3c54:c1140, 9ec8ead9-888e-415b-b04c-32cd2c26f792:c1137, 84ef4577-07e0-4c8d-900e-d449eb7bf65d:c1135]
2019-07-10 10:03:40,945 INFO  client.GrpcClientProtocolClient (GrpcClientProtocolClient.java:onNext(255)) - client-3502B0E99E4B->68798575-c94b-44a6-b996-25df487e3c54: receive RaftClientReply:client-3502B0E99E4B->68798575-c94b-44a6-b996-25df487e3c54@group-48C576E544C9, cid=873, SUCCESS, logIndex=0, commits[68798575-c94b-44a6-b996-25df487e3c54:c1143, 9ec8ead9-888e-415b-b04c-32cd2c26f792:c1139, 84ef4577-07e0-4c8d-900e-d449eb7bf65d:c1138]
2019-07-10 10:03:40,974 INFO  client.GrpcClientProtocolClient (GrpcClientProtocolClient.java:onNext(255)) - client-3502B0E99E4B->68798575-c94b-44a6-b996-25df487e3c54: receive RaftClientReply:client-3502B0E99E4B->68798575-c94b-44a6-b996-25df487e3c54@group-48C576E544C9, cid=874, SUCCESS, logIndex=1144, commits[68798575-c94b-44a6-b996-25df487e3c54:c1145, 9ec8ead9-888e-415b-b04c-32cd2c26f792:c1143, 84ef4577-07e0-4c8d-900e-d449eb7bf65d:c1139]
2019-07-10 10:03:40,974 INFO  client.GrpcClientProtocolClient (GrpcClientProtocolClient.java:onNext(255)) - client-3502B0E99E4B->68798575-c94b-44a6-b996-25df487e3c54: receive RaftClientReply:client-3502B0E99E4B->68798575-c94b-44a6-b996-25df487e3c54@group-48C576E544C9, cid=875, SUCCESS, logIndex=1145, commits[68798575-c94b-44a6-b996-25df487e3c54:c1145, 9ec8ead9-888e-415b-b04c-32cd2c26f792:c1143, 84ef4577-07e0-4c8d-900e-d449eb7bf65d:c1143]
2019-07-10 10:03:41,002 INFO  client.GrpcClientProtocolClient (GrpcClientProtocolClient.java:onNext(255)) - client-3502B0E99E4B->68798575-c94b-44a6-b996-25df487e3c54: receive RaftClientReply:client-3502B0E99E4B->68798575-c94b-44a6-b996-25df487e3c54@group-48C576E544C9, cid=876, SUCCESS, logIndex=1148, commits[68798575-c94b-44a6-b996-25df487e3c54:c1149, 9ec8ead9-888e-415b-b04c-32cd2c26f792:c1145, 84ef4577-07e0-4c8d-900e-d449eb7bf65d:c1145]
2019-07-10 10:03:41,003 INFO  client.GrpcClientProtocolClient (GrpcClientProtocolClient.java:onNext(255)) - client-3502B0E99E4B->68798575-c94b-44a6-b996-25df487e3c54: receive RaftClientReply:client-3502B0E99E4B->68798575-c94b-44a6-b996-25df487e3c54@group-48C576E544C9, cid=877, SUCCESS, logIndex=1149, commits[68798575-c94b-44a6-b996-25df487e3c54:c1149, 9ec8ead9-888e-415b-b04c-32cd2c26f792:c1145, 84ef4577-07e0-4c8d-900e-d449eb7bf65d:c1145]
2019-07-10 10:03:41,005 INFO  client.GrpcClientProtocolClient (GrpcClientProtocolClient.java:onNext(255)) - client-3502B0E99E4B->68798575-c94b-44a6-b996-25df487e3c54: receive RaftClientReply:client-3502B0E99E4B->68798575-c94b-44a6-b996-25df487e3c54@group-48C576E544C9, cid=878, SUCCESS, logIndex=0, commits[68798575-c94b-44a6-b996-25df487e3c54:c1151, 9ec8ead9-888e-415b-b04c-32cd2c26f792:c1149, 84ef4577-07e0-4c8d-900e-d449eb7bf65d:c1149]
2019-07-10 10:03:41,028 INFO  client.GrpcClientProtocolClient (GrpcClientProtocolClient.java:onNext(255)) - client-3502B0E99E4B->68798575-c94b-44a6-b996-25df487e3c54: receive RaftClientReply:client-3502B0E99E4B->68798575-c94b-44a6-b996-25df487e3c54@group-48C576E544C9, cid=879, SUCCESS, logIndex=1152, commits[68798575-c94b-44a6-b996-25df487e3c54:c1153, 9ec8ead9-888e-415b-b04c-32cd2c26f792:c1151, 84ef4577-07e0-4c8d-900e-d449eb7bf65d:c1151]
2019-07-10 10:03:41,029 INFO  client.GrpcClientProtocolClient (GrpcClientProtocolClient.java:onNext(255)) - client-3502B0E99E4B->68798575-c94b-44a6-b996-25df487e3c54: receive RaftClientReply:client-3502B0E99E4B->68798575-c94b-44a6-b996-25df487e3c54@group-48C576E544C9, cid=880, SUCCESS, logIndex=1153, commits[68798575-c94b-44a6-b996-25df487e3c54:c1153, 9ec8ead9-888e-415b-b04c-32cd2c26f792:c1151, 84ef4577-07e0-4c8d-900e-d449eb7bf65d:c1151]
2019-07-10 10:03:41,029 INFO  client.GrpcClientProtocolClient (GrpcClientProtocolClient.java:onNext(255)) - client-3502B0E99E4B->68798575-c94b-44a6-b996-25df487e3c54: receive RaftClientReply:client-3502B0E99E4B->68798575-c94b-44a6-b996-25df487e3c54@group-48C576E544C9, cid=881, SUCCESS, logIndex=1154, commits[68798575-c94b-44a6-b996-25df487e3c54:c1154, 9ec8ead9-888e-415b-b04c-32cd2c26f792:c1151, 84ef4577-07e0-4c8d-900e-d449eb7bf65d:c1151]
2019-07-10 10:03:41,030 INFO  client.GrpcClientProtocolClient (GrpcClientProtocolClient.java:onNext(255)) - client-3502B0E99E4B->68798575-c94b-44a6-b996-25df487e3c54: receive RaftClientReply:client-3502B0E99E4B->68798575-c94b-44a6-b996-25df487e3c54@group-48C576E544C9, cid=882, SUCCESS, logIndex=1155, commits[68798575-c94b-44a6-b996-25df487e3c54:c1155, 9ec8ead9-888e-415b-b04c-32cd2c26f792:c1151, 84ef4577-07e0-4c8d-900e-d449eb7bf65d:c1151]
2019-07-10 10:03:41,031 INFO  client.GrpcClientProtocolClient (GrpcClientProtocolClient.java:onNext(255)) - client-3502B0E99E4B->68798575-c94b-44a6-b996-25df487e3c54: receive RaftClientReply:client-3502B0E99E4B->68798575-c94b-44a6-b996-25df487e3c54@group-48C576E544C9, cid=883, SUCCESS, logIndex=0, commits[68798575-c94b-44a6-b996-25df487e3c54:c1158, 9ec8ead9-888e-415b-b04c-32cd2c26f792:c1154, 84ef4577-07e0-4c8d-900e-d449eb7bf65d:c1153]
2019-07-10 10:03:41,053 INFO  client.GrpcClientProtocolClient (GrpcClientProtocolClient.java:onNext(255)) - client-3502B0E99E4B->68798575-c94b-44a6-b996-25df487e3c54: receive RaftClientReply:client-3502B0E99E4B->68798575-c94b-44a6-b996-25df487e3c54@group-48C576E544C9, cid=884, SUCCESS, logIndex=1160, commits[68798575-c94b-44a6-b996-25df487e3c54:c1161, 9ec8ead9-888e-415b-b04c-32cd2c26f792:c1159, 84ef4577-07e0-4c8d-900e-d449eb7bf65d:c1159]
2019-07-10 10:03:41,053 INFO  client.GrpcClientProtocolClient (GrpcClientProtocolClient.java:onNext(255)) - client-3502B0E99E4B->68798575-c94b-44a6-b996-25df487e3c54: receive RaftClientReply:client-3502B0E99E4B->68798575-c94b-44a6-b996-25df487e3c54@group-48C576E544C9, cid=885, SUCCESS, logIndex=1161, commits[68798575-c94b-44a6-b996-25df487e3c54:c1161, 9ec8ead9-888e-415b-b04c-32cd2c26f792:c1159, 84ef4577-07e0-4c8d-900e-d449eb7bf65d:c1159]
2019-07-10 10:03:41,080 INFO  client.GrpcClientProtocolClient (GrpcClientProtocolClient.java:onNext(255)) - client-3502B0E99E4B->68798575-c94b-44a6-b996-25df487e3c54: receive RaftClientReply:client-3502B0E99E4B->68798575-c94b-44a6-b996-25df487e3c54@group-48C576E544C9, cid=886, SUCCESS, logIndex=1164, commits[68798575-c94b-44a6-b996-25df487e3c54:c1165, 9ec8ead9-888e-415b-b04c-32cd2c26f792:c1161, 84ef4577-07e0-4c8d-900e-d449eb7bf65d:c1161]
2019-07-10 10:03:41,081 INFO  client.GrpcClientProtocolClient (GrpcClientProtocolClient.java:onNext(255)) - client-3502B0E99E4B->68798575-c94b-44a6-b996-25df487e3c54: receive RaftClientReply:client-3502B0E99E4B->68798575-c94b-44a6-b996-25df487e3c54@group-48C576E544C9, cid=887, SUCCESS, logIndex=1165, commits[68798575-c94b-44a6-b996-25df487e3c54:c1165, 9ec8ead9-888e-415b-b04c-32cd2c26f792:c1161, 84ef4577-07e0-4c8d-900e-d449eb7bf65d:c1161]
2019-07-10 10:03:41,092 INFO  client.GrpcClientProtocolClient (GrpcClientProtocolClient.java:onNext(255)) - client-3502B0E99E4B->68798575-c94b-44a6-b996-25df487e3c54: receive RaftClientReply:client-3502B0E99E4B->68798575-c94b-44a6-b996-25df487e3c54@group-48C576E544C9, cid=888, SUCCESS, logIndex=0, commits[68798575-c94b-44a6-b996-25df487e3c54:c1166, 9ec8ead9-888e-415b-b04c-32cd2c26f792:c1165, 84ef4577-07e0-4c8d-900e-d449eb7bf65d:c1165]
2019-07-10 10:03:41,114 INFO  client.GrpcClientProtocolClient (GrpcClientProtocolClient.java:onNext(255)) - client-3502B0E99E4B->68798575-c94b-44a6-b996-25df487e3c54: receive RaftClientReply:client-3502B0E99E4B->68798575-c94b-44a6-b996-25df487e3c54@group-48C576E544C9, cid=889, SUCCESS, logIndex=1168, commits[68798575-c94b-44a6-b996-25df487e3c54:c1169, 9ec8ead9-888e-415b-b04c-32cd2c26f792:c1167, 84ef4577-07e0-4c8d-900e-d449eb7bf65d:c1167]
2019-07-10 10:03:41,115 INFO  client.GrpcClientProtocolClient (GrpcClientProtocolClient.java:onNext(255)) - client-3502B0E99E4B->68798575-c94b-44a6-b996-25df487e3c54: receive RaftClientReply:client-3502B0E99E4B->68798575-c94b-44a6-b996-25df487e3c54@group-48C576E544C9, cid=890, SUCCESS, logIndex=1169, commits[68798575-c94b-44a6-b996-25df487e3c54:c1169, 9ec8ead9-888e-415b-b04c-32cd2c26f792:c1167, 84ef4577-07e0-4c8d-900e-d449eb7bf65d:c1167]
2019-07-10 10:03:41,115 INFO  client.GrpcClientProtocolClient (GrpcClientProtocolClient.java:onNext(255)) - client-3502B0E99E4B->68798575-c94b-44a6-b996-25df487e3c54: receive RaftClientReply:client-3502B0E99E4B->68798575-c94b-44a6-b996-25df487e3c54@group-48C576E544C9, cid=891, SUCCESS, logIndex=1170, commits[68798575-c94b-44a6-b996-25df487e3c54:c1171, 9ec8ead9-888e-415b-b04c-32cd2c26f792:c1167, 84ef4577-07e0-4c8d-900e-d449eb7bf65d:c1167]
2019-07-10 10:03:41,116 INFO  client.GrpcClientProtocolClient (GrpcClientProtocolClient.java:onNext(255)) - client-3502B0E99E4B->68798575-c94b-44a6-b996-25df487e3c54: receive RaftClientReply:client-3502B0E99E4B->68798575-c94b-44a6-b996-25df487e3c54@group-48C576E544C9, cid=892, SUCCESS, logIndex=1171, commits[68798575-c94b-44a6-b996-25df487e3c54:c1171, 9ec8ead9-888e-415b-b04c-32cd2c26f792:c1167, 84ef4577-07e0-4c8d-900e-d449eb7bf65d:c1167]
2019-07-10 10:03:41,117 INFO  client.GrpcClientProtocolClient (GrpcClientProtocolClient.java:onNext(255)) - client-3502B0E99E4B->68798575-c94b-44a6-b996-25df487e3c54: receive RaftClientReply:client-3502B0E99E4B->68798575-c94b-44a6-b996-25df487e3c54@group-48C576E544C9, cid=893, SUCCESS, logIndex=0, commits[68798575-c94b-44a6-b996-25df487e3c54:c1173, 9ec8ead9-888e-415b-b04c-32cd2c26f792:c1169, 84ef4577-07e0-4c8d-900e-d449eb7bf65d:c1169]
2019-07-10 10:03:41,137 INFO  client.GrpcClientProtocolClient (GrpcClientProtocolClient.java:onNext(255)) - client-3502B0E99E4B->68798575-c94b-44a6-b996-25df487e3c54: receive RaftClientReply:client-3502B0E99E4B->68798575-c94b-44a6-b996-25df487e3c54@group-48C576E544C9, cid=894, SUCCESS, logIndex=1176, commits[68798575-c94b-44a6-b996-25df487e3c54:c1177, 9ec8ead9-888e-415b-b04c-32cd2c26f792:c1175, 84ef4577-07e0-4c8d-900e-d449eb7bf65d:c1175]
2019-07-10 10:03:41,138 INFO  client.GrpcClientProtocolClient (GrpcClientProtocolClient.java:onNext(255)) - client-3502B0E99E4B->68798575-c94b-44a6-b996-25df487e3c54: receive RaftClientReply:client-3502B0E99E4B->68798575-c94b-44a6-b996-25df487e3c54@group-48C576E544C9, cid=895, SUCCESS, logIndex=1177, commits[68798575-c94b-44a6-b996-25df487e3c54:c1177, 9ec8ead9-888e-415b-b04c-32cd2c26f792:c1175, 84ef4577-07e0-4c8d-900e-d449eb7bf65d:c1175]
2019-07-10 10:03:41,153 INFO  client.GrpcClientProtocolClient (GrpcClientProtocolClient.java:onNext(255)) - client-3502B0E99E4B->68798575-c94b-44a6-b996-25df487e3c54: receive RaftClientReply:client-3502B0E99E4B->68798575-c94b-44a6-b996-25df487e3c54@group-48C576E544C9, cid=896, SUCCESS, logIndex=1180, commits[68798575-c94b-44a6-b996-25df487e3c54:c1181, 9ec8ead9-888e-415b-b04c-32cd2c26f792:c1177, 84ef4577-07e0-4c8d-900e-d449eb7bf65d:c1176]
2019-07-10 10:03:41,154 INFO  client.GrpcClientProtocolClient (GrpcClientProtocolClient.java:onNext(255)) - client-3502B0E99E4B->68798575-c94b-44a6-b996-25df487e3c54: receive RaftClientReply:client-3502B0E99E4B->68798575-c94b-44a6-b996-25df487e3c54@group-48C576E544C9, cid=897, SUCCESS, logIndex=1181, commits[68798575-c94b-44a6-b996-25df487e3c54:c1181, 9ec8ead9-888e-415b-b04c-32cd2c26f792:c1177, 84ef4577-07e0-4c8d-900e-d449eb7bf65d:c1176]
2019-07-10 10:03:41,155 INFO  client.GrpcClientProtocolClient (GrpcClientProtocolClient.java:onNext(255)) - client-3502B0E99E4B->68798575-c94b-44a6-b996-25df487e3c54: receive RaftClientReply:client-3502B0E99E4B->68798575-c94b-44a6-b996-25df487e3c54@group-48C576E544C9, cid=898, SUCCESS, logIndex=0, commits[68798575-c94b-44a6-b996-25df487e3c54:c1183, 9ec8ead9-888e-415b-b04c-32cd2c26f792:c1181, 84ef4577-07e0-4c8d-900e-d449eb7bf65d:c1181]
2019-07-10 10:03:41,156 INFO  client.GrpcClientProtocolClient (GrpcClientProtocolClient.java:onNext(255)) - client-3502B0E99E4B->68798575-c94b-44a6-b996-25df487e3c54: receive RaftClientReply:client-3502B0E99E4B->68798575-c94b-44a6-b996-25df487e3c54@group-48C576E544C9, cid=899, SUCCESS, logIndex=0, commits[68798575-c94b-44a6-b996-25df487e3c54:c1183, 9ec8ead9-888e-415b-b04c-32cd2c26f792:c1181, 84ef4577-07e0-4c8d-900e-d449eb7bf65d:c1181]
2019-07-10 10:03:41,176 INFO  client.GrpcClientProtocolClient (GrpcClientProtocolClient.java:onNext(255)) - client-3502B0E99E4B->68798575-c94b-44a6-b996-25df487e3c54: receive RaftClientReply:client-3502B0E99E4B->68798575-c94b-44a6-b996-25df487e3c54@group-48C576E544C9, cid=900, SUCCESS, logIndex=1184, commits[68798575-c94b-44a6-b996-25df487e3c54:c1185, 9ec8ead9-888e-415b-b04c-32cd2c26f792:c1183, 84ef4577-07e0-4c8d-900e-d449eb7bf65d:c1183]
2019-07-10 10:03:41,177 INFO  client.GrpcClientProtocolClient (GrpcClientProtocolClient.java:onNext(255)) - client-3502B0E99E4B->68798575-c94b-44a6-b996-25df487e3c54: receive RaftClientReply:client-3502B0E99E4B->68798575-c94b-44a6-b996-25df487e3c54@group-48C576E544C9, cid=901, SUCCESS, logIndex=1185, commits[68798575-c94b-44a6-b996-25df487e3c54:c1186, 9ec8ead9-888e-415b-b04c-32cd2c26f792:c1183, 84ef4577-07e0-4c8d-900e-d449eb7bf65d:c1183]
2019-07-10 10:03:41,178 INFO  client.GrpcClientProtocolClient (GrpcClientProtocolClient.java:onNext(255)) - client-3502B0E99E4B->68798575-c94b-44a6-b996-25df487e3c54: receive RaftClientReply:client-3502B0E99E4B->68798575-c94b-44a6-b996-25df487e3c54@group-48C576E544C9, cid=902, SUCCESS, logIndex=1186, commits[68798575-c94b-44a6-b996-25df487e3c54:c1187, 9ec8ead9-888e-415b-b04c-32cd2c26f792:c1183, 84ef4577-07e0-4c8d-900e-d449eb7bf65d:c1183]
2019-07-10 10:03:41,178 INFO  client.GrpcClientProtocolClient (GrpcClientProtocolClient.java:onNext(255)) - client-3502B0E99E4B->68798575-c94b-44a6-b996-25df487e3c54: receive RaftClientReply:client-3502B0E99E4B->68798575-c94b-44a6-b996-25df487e3c54@group-48C576E544C9, cid=903, SUCCESS, logIndex=1187, commits[68798575-c94b-44a6-b996-25df487e3c54:c1187, 9ec8ead9-888e-415b-b04c-32cd2c26f792:c1183, 84ef4577-07e0-4c8d-900e-d449eb7bf65d:c1183]
2019-07-10 10:03:41,180 INFO  client.GrpcClientProtocolClient (GrpcClientProtocolClient.java:onNext(255)) - client-3502B0E99E4B->68798575-c94b-44a6-b996-25df487e3c54: receive RaftClientReply:client-3502B0E99E4B->68798575-c94b-44a6-b996-25df487e3c54@group-48C576E544C9, cid=904, SUCCESS, logIndex=0, commits[68798575-c94b-44a6-b996-25df487e3c54:c1189, 9ec8ead9-888e-415b-b04c-32cd2c26f792:c1185, 84ef4577-07e0-4c8d-900e-d449eb7bf65d:c1185]
2019-07-10 10:03:41,192 INFO  client.GrpcClientProtocolClient (GrpcClientProtocolClient.java:onNext(255)) - client-3502B0E99E4B->68798575-c94b-44a6-b996-25df487e3c54: receive RaftClientReply:client-3502B0E99E4B->68798575-c94b-44a6-b996-25df487e3c54@group-48C576E544C9, cid=905, SUCCESS, logIndex=1192, commits[68798575-c94b-44a6-b996-25df487e3c54:c1193, 9ec8ead9-888e-415b-b04c-32cd2c26f792:c1187, 84ef4577-07e0-4c8d-900e-d449eb7bf65d:c1189]
2019-07-10 10:03:41,192 INFO  client.GrpcClientProtocolClient (GrpcClientProtocolClient.java:onNext(255)) - client-3502B0E99E4B->68798575-c94b-44a6-b996-25df487e3c54: receive RaftClientReply:client-3502B0E99E4B->68798575-c94b-44a6-b996-25df487e3c54@group-48C576E544C9, cid=906, SUCCESS, logIndex=1193, commits[68798575-c94b-44a6-b996-25df487e3c54:c1193, 9ec8ead9-888e-415b-b04c-32cd2c26f792:c1189, 84ef4577-07e0-4c8d-900e-d449eb7bf65d:c1189]
2019-07-10 10:03:41,220 INFO  client.GrpcClientProtocolClient (GrpcClientProtocolClient.java:onNext(255)) - client-3502B0E99E4B->68798575-c94b-44a6-b996-25df487e3c54: receive RaftClientReply:client-3502B0E99E4B->68798575-c94b-44a6-b996-25df487e3c54@group-48C576E544C9, cid=907, SUCCESS, logIndex=1196, commits[68798575-c94b-44a6-b996-25df487e3c54:c1197, 9ec8ead9-888e-415b-b04c-32cd2c26f792:c1195, 84ef4577-07e0-4c8d-900e-d449eb7bf65d:c1195]
2019-07-10 10:03:41,221 INFO  client.GrpcClientProtocolClient (GrpcClientProtocolClient.java:onNext(255)) - client-3502B0E99E4B->68798575-c94b-44a6-b996-25df487e3c54: receive RaftClientReply:client-3502B0E99E4B->68798575-c94b-44a6-b996-25df487e3c54@group-48C576E544C9, cid=908, SUCCESS, logIndex=1197, commits[68798575-c94b-44a6-b996-25df487e3c54:c1197, 9ec8ead9-888e-415b-b04c-32cd2c26f792:c1195, 84ef4577-07e0-4c8d-900e-d449eb7bf65d:c1195]
2019-07-10 10:03:41,240 INFO  client.GrpcClientProtocolClient (GrpcClientProtocolClient.java:onNext(255)) - client-3502B0E99E4B->68798575-c94b-44a6-b996-25df487e3c54: receive RaftClientReply:client-3502B0E99E4B->68798575-c94b-44a6-b996-25df487e3c54@group-48C576E544C9, cid=909, SUCCESS, logIndex=0, commits[68798575-c94b-44a6-b996-25df487e3c54:c1198, 9ec8ead9-888e-415b-b04c-32cd2c26f792:c1197, 84ef4577-07e0-4c8d-900e-d449eb7bf65d:c1197]
2019-07-10 10:03:41,261 INFO  client.GrpcClientProtocolClient (GrpcClientProtocolClient.java:onNext(255)) - client-3502B0E99E4B->68798575-c94b-44a6-b996-25df487e3c54: receive RaftClientReply:client-3502B0E99E4B->68798575-c94b-44a6-b996-25df487e3c54@group-48C576E544C9, cid=910, SUCCESS, logIndex=1200, commits[68798575-c94b-44a6-b996-25df487e3c54:c1202, 9ec8ead9-888e-415b-b04c-32cd2c26f792:c1199, 84ef4577-07e0-4c8d-900e-d449eb7bf65d:c1199]
2019-07-10 10:03:41,262 INFO  client.GrpcClientProtocolClient (GrpcClientProtocolClient.java:onNext(255)) - client-3502B0E99E4B->68798575-c94b-44a6-b996-25df487e3c54: receive RaftClientReply:client-3502B0E99E4B->68798575-c94b-44a6-b996-25df487e3c54@group-48C576E544C9, cid=911, SUCCESS, logIndex=1201, commits[68798575-c94b-44a6-b996-25df487e3c54:c1203, 9ec8ead9-888e-415b-b04c-32cd2c26f792:c1199, 84ef4577-07e0-4c8d-900e-d449eb7bf65d:c1199]
2019-07-10 10:03:41,262 INFO  client.GrpcClientProtocolClient (GrpcClientProtocolClient.java:onNext(255)) - client-3502B0E99E4B->68798575-c94b-44a6-b996-25df487e3c54: receive RaftClientReply:client-3502B0E99E4B->68798575-c94b-44a6-b996-25df487e3c54@group-48C576E544C9, cid=912, SUCCESS, logIndex=1202, commits[68798575-c94b-44a6-b996-25df487e3c54:c1203, 9ec8ead9-888e-415b-b04c-32cd2c26f792:c1199, 84ef4577-07e0-4c8d-900e-d449eb7bf65d:c1199]
2019-07-10 10:03:41,263 INFO  client.GrpcClientProtocolClient (GrpcClientProtocolClient.java:onNext(255)) - client-3502B0E99E4B->68798575-c94b-44a6-b996-25df487e3c54: receive RaftClientReply:client-3502B0E99E4B->68798575-c94b-44a6-b996-25df487e3c54@group-48C576E544C9, cid=913, SUCCESS, logIndex=1203, commits[68798575-c94b-44a6-b996-25df487e3c54:c1204, 9ec8ead9-888e-415b-b04c-32cd2c26f792:c1200, 84ef4577-07e0-4c8d-900e-d449eb7bf65d:c1199]
2019-07-10 10:03:41,264 INFO  client.GrpcClientProtocolClient (GrpcClientProtocolClient.java:onNext(255)) - client-3502B0E99E4B->68798575-c94b-44a6-b996-25df487e3c54: receive RaftClientReply:client-3502B0E99E4B->68798575-c94b-44a6-b996-25df487e3c54@group-48C576E544C9, cid=914, SUCCESS, logIndex=0, commits[68798575-c94b-44a6-b996-25df487e3c54:c1207, 9ec8ead9-888e-415b-b04c-32cd2c26f792:c1203, 84ef4577-07e0-4c8d-900e-d449eb7bf65d:c1201]
2019-07-10 10:03:41,284 INFO  client.GrpcClientProtocolClient (GrpcClientProtocolClient.java:onNext(255)) - client-3502B0E99E4B->68798575-c94b-44a6-b996-25df487e3c54: receive RaftClientReply:client-3502B0E99E4B->68798575-c94b-44a6-b996-25df487e3c54@group-48C576E544C9, cid=915, SUCCESS, logIndex=1208, commits[68798575-c94b-44a6-b996-25df487e3c54:c1209, 9ec8ead9-888e-415b-b04c-32cd2c26f792:c1207, 84ef4577-07e0-4c8d-900e-d449eb7bf65d:c1207]
2019-07-10 10:03:41,284 INFO  client.GrpcClientProtocolClient (GrpcClientProtocolClient.java:onNext(255)) - client-3502B0E99E4B->68798575-c94b-44a6-b996-25df487e3c54: receive RaftClientReply:client-3502B0E99E4B->68798575-c94b-44a6-b996-25df487e3c54@group-48C576E544C9, cid=916, SUCCESS, logIndex=1209, commits[68798575-c94b-44a6-b996-25df487e3c54:c1209, 9ec8ead9-888e-415b-b04c-32cd2c26f792:c1207, 84ef4577-07e0-4c8d-900e-d449eb7bf65d:c1207]
2019-07-10 10:03:41,297 INFO  client.GrpcClientProtocolClient (GrpcClientProtocolClient.java:onNext(255)) - client-3502B0E99E4B->68798575-c94b-44a6-b996-25df487e3c54: receive RaftClientReply:client-3502B0E99E4B->68798575-c94b-44a6-b996-25df487e3c54@group-48C576E544C9, cid=917, SUCCESS, logIndex=1212, commits[68798575-c94b-44a6-b996-25df487e3c54:c1213, 9ec8ead9-888e-415b-b04c-32cd2c26f792:c1209, 84ef4577-07e0-4c8d-900e-d449eb7bf65d:c1209]
2019-07-10 10:03:41,298 INFO  client.GrpcClientProtocolClient (GrpcClientProtocolClient.java:onNext(255)) - client-3502B0E99E4B->68798575-c94b-44a6-b996-25df487e3c54: receive RaftClientReply:client-3502B0E99E4B->68798575-c94b-44a6-b996-25df487e3c54@group-48C576E544C9, cid=918, SUCCESS, logIndex=1213, commits[68798575-c94b-44a6-b996-25df487e3c54:c1213, 9ec8ead9-888e-415b-b04c-32cd2c26f792:c1209, 84ef4577-07e0-4c8d-900e-d449eb7bf65d:c1209]
2019-07-10 10:03:41,310 INFO  client.GrpcClientProtocolClient (GrpcClientProtocolClient.java:onNext(255)) - client-3502B0E99E4B->68798575-c94b-44a6-b996-25df487e3c54: receive RaftClientReply:client-3502B0E99E4B->68798575-c94b-44a6-b996-25df487e3c54@group-48C576E544C9, cid=919, SUCCESS, logIndex=0, commits[68798575-c94b-44a6-b996-25df487e3c54:c1215, 9ec8ead9-888e-415b-b04c-32cd2c26f792:c1213, 84ef4577-07e0-4c8d-900e-d449eb7bf65d:c1213]
2019-07-10 10:03:41,433 INFO  client.GrpcClientProtocolClient (GrpcClientProtocolClient.java:onNext(255)) - client-3502B0E99E4B->68798575-c94b-44a6-b996-25df487e3c54: receive RaftClientReply:client-3502B0E99E4B->68798575-c94b-44a6-b996-25df487e3c54@group-48C576E544C9, cid=920, SUCCESS, logIndex=1216, commits[68798575-c94b-44a6-b996-25df487e3c54:c1217, 9ec8ead9-888e-415b-b04c-32cd2c26f792:c1215, 84ef4577-07e0-4c8d-900e-d449eb7bf65d:c1215]
2019-07-10 10:03:41,434 INFO  client.GrpcClientProtocolClient (GrpcClientProtocolClient.java:onNext(255)) - client-3502B0E99E4B->68798575-c94b-44a6-b996-25df487e3c54: receive RaftClientReply:client-3502B0E99E4B->68798575-c94b-44a6-b996-25df487e3c54@group-48C576E544C9, cid=921, SUCCESS, logIndex=1217, commits[68798575-c94b-44a6-b996-25df487e3c54:c1219, 9ec8ead9-888e-415b-b04c-32cd2c26f792:c1215, 84ef4577-07e0-4c8d-900e-d449eb7bf65d:c1215]
2019-07-10 10:03:41,435 INFO  client.GrpcClientProtocolClient (GrpcClientProtocolClient.java:onNext(255)) - client-3502B0E99E4B->68798575-c94b-44a6-b996-25df487e3c54: receive RaftClientReply:client-3502B0E99E4B->68798575-c94b-44a6-b996-25df487e3c54@group-48C576E544C9, cid=922, SUCCESS, logIndex=1218, commits[68798575-c94b-44a6-b996-25df487e3c54:c1219, 9ec8ead9-888e-415b-b04c-32cd2c26f792:c1215, 84ef4577-07e0-4c8d-900e-d449eb7bf65d:c1215]
2019-07-10 10:03:41,435 INFO  client.GrpcClientProtocolClient (GrpcClientProtocolClient.java:onNext(255)) - client-3502B0E99E4B->68798575-c94b-44a6-b996-25df487e3c54: receive RaftClientReply:client-3502B0E99E4B->68798575-c94b-44a6-b996-25df487e3c54@group-48C576E544C9, cid=923, SUCCESS, logIndex=1219, commits[68798575-c94b-44a6-b996-25df487e3c54:c1219, 9ec8ead9-888e-415b-b04c-32cd2c26f792:c1215, 84ef4577-07e0-4c8d-900e-d449eb7bf65d:c1215]
2019-07-10 10:03:41,437 INFO  client.GrpcClientProtocolClient (GrpcClientProtocolClient.java:onNext(255)) - client-3502B0E99E4B->68798575-c94b-44a6-b996-25df487e3c54: receive RaftClientReply:client-3502B0E99E4B->68798575-c94b-44a6-b996-25df487e3c54@group-48C576E544C9, cid=924, SUCCESS, logIndex=0, commits[68798575-c94b-44a6-b996-25df487e3c54:c1223, 9ec8ead9-888e-415b-b04c-32cd2c26f792:c1219, 84ef4577-07e0-4c8d-900e-d449eb7bf65d:c1217]
2019-07-10 10:03:41,460 INFO  client.GrpcClientProtocolClient (GrpcClientProtocolClient.java:onNext(255)) - client-3502B0E99E4B->68798575-c94b-44a6-b996-25df487e3c54: receive RaftClientReply:client-3502B0E99E4B->68798575-c94b-44a6-b996-25df487e3c54@group-48C576E544C9, cid=925, SUCCESS, logIndex=1224, commits[68798575-c94b-44a6-b996-25df487e3c54:c1225, 9ec8ead9-888e-415b-b04c-32cd2c26f792:c1223, 84ef4577-07e0-4c8d-900e-d449eb7bf65d:c1223]
2019-07-10 10:03:41,460 INFO  client.GrpcClientProtocolClient (GrpcClientProtocolClient.java:onNext(255)) - client-3502B0E99E4B->68798575-c94b-44a6-b996-25df487e3c54: receive RaftClientReply:client-3502B0E99E4B->68798575-c94b-44a6-b996-25df487e3c54@group-48C576E544C9, cid=926, SUCCESS, logIndex=1225, commits[68798575-c94b-44a6-b996-25df487e3c54:c1225, 9ec8ead9-888e-415b-b04c-32cd2c26f792:c1223, 84ef4577-07e0-4c8d-900e-d449eb7bf65d:c1223]
2019-07-10 10:03:41,486 INFO  client.GrpcClientProtocolClient (GrpcClientProtocolClient.java:onNext(255)) - client-3502B0E99E4B->68798575-c94b-44a6-b996-25df487e3c54: receive RaftClientReply:client-3502B0E99E4B->68798575-c94b-44a6-b996-25df487e3c54@group-48C576E544C9, cid=927, SUCCESS, logIndex=1228, commits[68798575-c94b-44a6-b996-25df487e3c54:c1229, 9ec8ead9-888e-415b-b04c-32cd2c26f792:c1225, 84ef4577-07e0-4c8d-900e-d449eb7bf65d:c1225]
2019-07-10 10:03:41,486 INFO  client.GrpcClientProtocolClient (GrpcClientProtocolClient.java:onNext(255)) - client-3502B0E99E4B->68798575-c94b-44a6-b996-25df487e3c54: receive RaftClientReply:client-3502B0E99E4B->68798575-c94b-44a6-b996-25df487e3c54@group-48C576E544C9, cid=928, SUCCESS, logIndex=1229, commits[68798575-c94b-44a6-b996-25df487e3c54:c1229, 9ec8ead9-888e-415b-b04c-32cd2c26f792:c1225, 84ef4577-07e0-4c8d-900e-d449eb7bf65d:c1225]
2019-07-10 10:03:41,502 INFO  client.GrpcClientProtocolClient (GrpcClientProtocolClient.java:onNext(255)) - client-3502B0E99E4B->68798575-c94b-44a6-b996-25df487e3c54: receive RaftClientReply:client-3502B0E99E4B->68798575-c94b-44a6-b996-25df487e3c54@group-48C576E544C9, cid=929, SUCCESS, logIndex=0, commits[68798575-c94b-44a6-b996-25df487e3c54:c1231, 9ec8ead9-888e-415b-b04c-32cd2c26f792:c1229, 84ef4577-07e0-4c8d-900e-d449eb7bf65d:c1229]
 0.00% |█                                                                                                    |  0/1 Time: 0:00:052019-07-10 10:03:41,524 INFO  client.GrpcClientProtocolClient (GrpcClientProtocolClient.java:onNext(255)) - client-3502B0E99E4B->68798575-c94b-44a6-b996-25df487e3c54: receive RaftClientReply:client-3502B0E99E4B->68798575-c94b-44a6-b996-25df487e3c54@group-48C576E544C9, cid=930, SUCCESS, logIndex=1232, commits[68798575-c94b-44a6-b996-25df487e3c54:c1233, 9ec8ead9-888e-415b-b04c-32cd2c26f792:c1231, 84ef4577-07e0-4c8d-900e-d449eb7bf65d:c1231]
2019-07-10 10:03:41,525 INFO  client.GrpcClientProtocolClient (GrpcClientProtocolClient.java:onNext(255)) - client-3502B0E99E4B->68798575-c94b-44a6-b996-25df487e3c54: receive RaftClientReply:client-3502B0E99E4B->68798575-c94b-44a6-b996-25df487e3c54@group-48C576E544C9, cid=931, SUCCESS, logIndex=1233, commits[68798575-c94b-44a6-b996-25df487e3c54:c1233, 9ec8ead9-888e-415b-b04c-32cd2c26f792:c1231, 84ef4577-07e0-4c8d-900e-d449eb7bf65d:c1231]
2019-07-10 10:03:41,525 INFO  client.GrpcClientProtocolClient (GrpcClientProtocolClient.java:onNext(255)) - client-3502B0E99E4B->68798575-c94b-44a6-b996-25df487e3c54: receive RaftClientReply:client-3502B0E99E4B->68798575-c94b-44a6-b996-25df487e3c54@group-48C576E544C9, cid=932, SUCCESS, logIndex=1234, commits[68798575-c94b-44a6-b996-25df487e3c54:c1235, 9ec8ead9-888e-415b-b04c-32cd2c26f792:c1231, 84ef4577-07e0-4c8d-900e-d449eb7bf65d:c1231]
2019-07-10 10:03:41,526 INFO  client.GrpcClientProtocolClient (GrpcClientProtocolClient.java:onNext(255)) - client-3502B0E99E4B->68798575-c94b-44a6-b996-25df487e3c54: receive RaftClientReply:client-3502B0E99E4B->68798575-c94b-44a6-b996-25df487e3c54@group-48C576E544C9, cid=933, SUCCESS, logIndex=1235, commits[68798575-c94b-44a6-b996-25df487e3c54:c1235, 9ec8ead9-888e-415b-b04c-32cd2c26f792:c1231, 84ef4577-07e0-4c8d-900e-d449eb7bf65d:c1231]
2019-07-10 10:03:41,527 INFO  client.GrpcClientProtocolClient (GrpcClientProtocolClient.java:onNext(255)) - client-3502B0E99E4B->68798575-c94b-44a6-b996-25df487e3c54: receive RaftClientReply:client-3502B0E99E4B->68798575-c94b-44a6-b996-25df487e3c54@group-48C576E544C9, cid=934, SUCCESS, logIndex=0, commits[68798575-c94b-44a6-b996-25df487e3c54:c1237, 9ec8ead9-888e-415b-b04c-32cd2c26f792:c1233, 84ef4577-07e0-4c8d-900e-d449eb7bf65d:c1233]
2019-07-10 10:03:41,549 INFO  client.GrpcClientProtocolClient (GrpcClientProtocolClient.java:onNext(255)) - client-3502B0E99E4B->68798575-c94b-44a6-b996-25df487e3c54: receive RaftClientReply:client-3502B0E99E4B->68798575-c94b-44a6-b996-25df487e3c54@group-48C576E544C9, cid=935, SUCCESS, logIndex=1240, commits[68798575-c94b-44a6-b996-25df487e3c54:c1240, 9ec8ead9-888e-415b-b04c-32cd2c26f792:c1239, 84ef4577-07e0-4c8d-900e-d449eb7bf65d:c1235]
2019-07-10 10:03:41,549 INFO  client.GrpcClientProtocolClient (GrpcClientProtocolClient.java:onNext(255)) - client-3502B0E99E4B->68798575-c94b-44a6-b996-25df487e3c54: receive RaftClientReply:client-3502B0E99E4B->68798575-c94b-44a6-b996-25df487e3c54@group-48C576E544C9, cid=936, SUCCESS, logIndex=1241, commits[68798575-c94b-44a6-b996-25df487e3c54:c1241, 9ec8ead9-888e-415b-b04c-32cd2c26f792:c1239, 84ef4577-07e0-4c8d-900e-d449eb7bf65d:c1239]
2019-07-10 10:03:41,576 INFO  client.GrpcClientProtocolClient (GrpcClientProtocolClient.java:onNext(255)) - client-3502B0E99E4B->68798575-c94b-44a6-b996-25df487e3c54: receive RaftClientReply:client-3502B0E99E4B->68798575-c94b-44a6-b996-25df487e3c54@group-48C576E544C9, cid=937, SUCCESS, logIndex=1244, commits[68798575-c94b-44a6-b996-25df487e3c54:c1245, 9ec8ead9-888e-415b-b04c-32cd2c26f792:c1241, 84ef4577-07e0-4c8d-900e-d449eb7bf65d:c1241]
2019-07-10 10:03:41,577 INFO  client.GrpcClientProtocolClient (GrpcClientProtocolClient.java:onNext(255)) - client-3502B0E99E4B->68798575-c94b-44a6-b996-25df487e3c54: receive RaftClientReply:client-3502B0E99E4B->68798575-c94b-44a6-b996-25df487e3c54@group-48C576E544C9, cid=938, SUCCESS, logIndex=1245, commits[68798575-c94b-44a6-b996-25df487e3c54:c1245, 9ec8ead9-888e-415b-b04c-32cd2c26f792:c1241, 84ef4577-07e0-4c8d-900e-d449eb7bf65d:c1241]
2019-07-10 10:03:41,590 INFO  client.GrpcClientProtocolClient (GrpcClientProtocolClient.java:onNext(255)) - client-3502B0E99E4B->68798575-c94b-44a6-b996-25df487e3c54: receive RaftClientReply:client-3502B0E99E4B->68798575-c94b-44a6-b996-25df487e3c54@group-48C576E544C9, cid=939, SUCCESS, logIndex=0, commits[68798575-c94b-44a6-b996-25df487e3c54:c1247, 9ec8ead9-888e-415b-b04c-32cd2c26f792:c1245, 84ef4577-07e0-4c8d-900e-d449eb7bf65d:c1245]
2019-07-10 10:03:41,613 INFO  client.GrpcClientProtocolClient (GrpcClientProtocolClient.java:onNext(255)) - client-3502B0E99E4B->68798575-c94b-44a6-b996-25df487e3c54: receive RaftClientReply:client-3502B0E99E4B->68798575-c94b-44a6-b996-25df487e3c54@group-48C576E544C9, cid=940, SUCCESS, logIndex=1248, commits[68798575-c94b-44a6-b996-25df487e3c54:c1249, 9ec8ead9-888e-415b-b04c-32cd2c26f792:c1247, 84ef4577-07e0-4c8d-900e-d449eb7bf65d:c1247]
2019-07-10 10:03:41,613 INFO  client.GrpcClientProtocolClient (GrpcClientProtocolClient.java:onNext(255)) - client-3502B0E99E4B->68798575-c94b-44a6-b996-25df487e3c54: receive RaftClientReply:client-3502B0E99E4B->68798575-c94b-44a6-b996-25df487e3c54@group-48C576E544C9, cid=941, SUCCESS, logIndex=1249, commits[68798575-c94b-44a6-b996-25df487e3c54:c1251, 9ec8ead9-888e-415b-b04c-32cd2c26f792:c1247, 84ef4577-07e0-4c8d-900e-d449eb7bf65d:c1247]
2019-07-10 10:03:41,614 INFO  client.GrpcClientProtocolClient (GrpcClientProtocolClient.java:onNext(255)) - client-3502B0E99E4B->68798575-c94b-44a6-b996-25df487e3c54: receive RaftClientReply:client-3502B0E99E4B->68798575-c94b-44a6-b996-25df487e3c54@group-48C576E544C9, cid=942, SUCCESS, logIndex=1250, commits[68798575-c94b-44a6-b996-25df487e3c54:c1251, 9ec8ead9-888e-415b-b04c-32cd2c26f792:c1247, 84ef4577-07e0-4c8d-900e-d449eb7bf65d:c1247]
2019-07-10 10:03:41,614 INFO  client.GrpcClientProtocolClient (GrpcClientProtocolClient.java:onNext(255)) - client-3502B0E99E4B->68798575-c94b-44a6-b996-25df487e3c54: receive RaftClientReply:client-3502B0E99E4B->68798575-c94b-44a6-b996-25df487e3c54@group-48C576E544C9, cid=943, SUCCESS, logIndex=1251, commits[68798575-c94b-44a6-b996-25df487e3c54:c1251, 9ec8ead9-888e-415b-b04c-32cd2c26f792:c1247, 84ef4577-07e0-4c8d-900e-d449eb7bf65d:c1247]
2019-07-10 10:03:41,616 INFO  client.GrpcClientProtocolClient (GrpcClientProtocolClient.java:onNext(255)) - client-3502B0E99E4B->68798575-c94b-44a6-b996-25df487e3c54: receive RaftClientReply:client-3502B0E99E4B->68798575-c94b-44a6-b996-25df487e3c54@group-48C576E544C9, cid=944, SUCCESS, logIndex=0, commits[68798575-c94b-44a6-b996-25df487e3c54:c1254, 9ec8ead9-888e-415b-b04c-32cd2c26f792:c1249, 84ef4577-07e0-4c8d-900e-d449eb7bf65d:c1250]
2019-07-10 10:03:41,636 INFO  client.GrpcClientProtocolClient (GrpcClientProtocolClient.java:onNext(255)) - client-3502B0E99E4B->68798575-c94b-44a6-b996-25df487e3c54: receive RaftClientReply:client-3502B0E99E4B->68798575-c94b-44a6-b996-25df487e3c54@group-48C576E544C9, cid=945, SUCCESS, logIndex=1256, commits[68798575-c94b-44a6-b996-25df487e3c54:c1257, 9ec8ead9-888e-415b-b04c-32cd2c26f792:c1255, 84ef4577-07e0-4c8d-900e-d449eb7bf65d:c1255]
2019-07-10 10:03:41,637 INFO  client.GrpcClientProtocolClient (GrpcClientProtocolClient.java:onNext(255)) - client-3502B0E99E4B->68798575-c94b-44a6-b996-25df487e3c54: receive RaftClientReply:client-3502B0E99E4B->68798575-c94b-44a6-b996-25df487e3c54@group-48C576E544C9, cid=946, SUCCESS, logIndex=1257, commits[68798575-c94b-44a6-b996-25df487e3c54:c1257, 9ec8ead9-888e-415b-b04c-32cd2c26f792:c1255, 84ef4577-07e0-4c8d-900e-d449eb7bf65d:c1255]
2019-07-10 10:03:41,650 INFO  client.GrpcClientProtocolClient (GrpcClientProtocolClient.java:onNext(255)) - client-3502B0E99E4B->68798575-c94b-44a6-b996-25df487e3c54: receive RaftClientReply:client-3502B0E99E4B->68798575-c94b-44a6-b996-25df487e3c54@group-48C576E544C9, cid=947, SUCCESS, logIndex=1260, commits[68798575-c94b-44a6-b996-25df487e3c54:c1261, 9ec8ead9-888e-415b-b04c-32cd2c26f792:c1257, 84ef4577-07e0-4c8d-900e-d449eb7bf65d:c1257]
2019-07-10 10:03:41,650 INFO  client.GrpcClientProtocolClient (GrpcClientProtocolClient.java:onNext(255)) - client-3502B0E99E4B->68798575-c94b-44a6-b996-25df487e3c54: receive RaftClientReply:client-3502B0E99E4B->68798575-c94b-44a6-b996-25df487e3c54@group-48C576E544C9, cid=948, SUCCESS, logIndex=1261, commits[68798575-c94b-44a6-b996-25df487e3c54:c1261, 9ec8ead9-888e-415b-b04c-32cd2c26f792:c1257, 84ef4577-07e0-4c8d-900e-d449eb7bf65d:c1257]
2019-07-10 10:03:41,663 INFO  client.GrpcClientProtocolClient (GrpcClientProtocolClient.java:onNext(255)) - client-3502B0E99E4B->68798575-c94b-44a6-b996-25df487e3c54: receive RaftClientReply:client-3502B0E99E4B->68798575-c94b-44a6-b996-25df487e3c54@group-48C576E544C9, cid=949, SUCCESS, logIndex=0, commits[68798575-c94b-44a6-b996-25df487e3c54:c1263, 9ec8ead9-888e-415b-b04c-32cd2c26f792:c1261, 84ef4577-07e0-4c8d-900e-d449eb7bf65d:c1261]
2019-07-10 10:03:41,682 INFO  client.GrpcClientProtocolClient (GrpcClientProtocolClient.java:onNext(255)) - client-3502B0E99E4B->68798575-c94b-44a6-b996-25df487e3c54: receive RaftClientReply:client-3502B0E99E4B->68798575-c94b-44a6-b996-25df487e3c54@group-48C576E544C9, cid=950, SUCCESS, logIndex=1264, commits[68798575-c94b-44a6-b996-25df487e3c54:c1265, 9ec8ead9-888e-415b-b04c-32cd2c26f792:c1263, 84ef4577-07e0-4c8d-900e-d449eb7bf65d:c1263]
2019-07-10 10:03:41,683 INFO  client.GrpcClientProtocolClient (GrpcClientProtocolClient.java:onNext(255)) - client-3502B0E99E4B->68798575-c94b-44a6-b996-25df487e3c54: receive RaftClientReply:client-3502B0E99E4B->68798575-c94b-44a6-b996-25df487e3c54@group-48C576E544C9, cid=951, SUCCESS, logIndex=1265, commits[68798575-c94b-44a6-b996-25df487e3c54:c1265, 9ec8ead9-888e-415b-b04c-32cd2c26f792:c1263, 84ef4577-07e0-4c8d-900e-d449eb7bf65d:c1263]
2019-07-10 10:03:41,684 INFO  client.GrpcClientProtocolClient (GrpcClientProtocolClient.java:onNext(255)) - client-3502B0E99E4B->68798575-c94b-44a6-b996-25df487e3c54: receive RaftClientReply:client-3502B0E99E4B->68798575-c94b-44a6-b996-25df487e3c54@group-48C576E544C9, cid=952, SUCCESS, logIndex=1266, commits[68798575-c94b-44a6-b996-25df487e3c54:c1267, 9ec8ead9-888e-415b-b04c-32cd2c26f792:c1263, 84ef4577-07e0-4c8d-900e-d449eb7bf65d:c1263]
2019-07-10 10:03:41,685 INFO  client.GrpcClientProtocolClient (GrpcClientProtocolClient.java:onNext(255)) - client-3502B0E99E4B->68798575-c94b-44a6-b996-25df487e3c54: receive RaftClientReply:client-3502B0E99E4B->68798575-c94b-44a6-b996-25df487e3c54@group-48C576E544C9, cid=953, SUCCESS, logIndex=1267, commits[68798575-c94b-44a6-b996-25df487e3c54:c1267, 9ec8ead9-888e-415b-b04c-32cd2c26f792:c1263, 84ef4577-07e0-4c8d-900e-d449eb7bf65d:c1263]
2019-07-10 10:03:41,686 INFO  client.GrpcClientProtocolClient (GrpcClientProtocolClient.java:onNext(255)) - client-3502B0E99E4B->68798575-c94b-44a6-b996-25df487e3c54: receive RaftClientReply:client-3502B0E99E4B->68798575-c94b-44a6-b996-25df487e3c54@group-48C576E544C9, cid=954, SUCCESS, logIndex=0, commits[68798575-c94b-44a6-b996-25df487e3c54:c1269, 9ec8ead9-888e-415b-b04c-32cd2c26f792:c1265, 84ef4577-07e0-4c8d-900e-d449eb7bf65d:c1266]
2019-07-10 10:03:41,705 INFO  client.GrpcClientProtocolClient (GrpcClientProtocolClient.java:onNext(255)) - client-3502B0E99E4B->68798575-c94b-44a6-b996-25df487e3c54: receive RaftClientReply:client-3502B0E99E4B->68798575-c94b-44a6-b996-25df487e3c54@group-48C576E544C9, cid=955, SUCCESS, logIndex=1272, commits[68798575-c94b-44a6-b996-25df487e3c54:c1273, 9ec8ead9-888e-415b-b04c-32cd2c26f792:c1271, 84ef4577-07e0-4c8d-900e-d449eb7bf65d:c1271]
2019-07-10 10:03:41,706 INFO  client.GrpcClientProtocolClient (GrpcClientProtocolClient.java:onNext(255)) - client-3502B0E99E4B->68798575-c94b-44a6-b996-25df487e3c54: receive RaftClientReply:client-3502B0E99E4B->68798575-c94b-44a6-b996-25df487e3c54@group-48C576E544C9, cid=956, SUCCESS, logIndex=1273, commits[68798575-c94b-44a6-b996-25df487e3c54:c1273, 9ec8ead9-888e-415b-b04c-32cd2c26f792:c1271, 84ef4577-07e0-4c8d-900e-d449eb7bf65d:c1271]
2019-07-10 10:03:41,743 INFO  client.GrpcClientProtocolClient (GrpcClientProtocolClient.java:onNext(255)) - client-3502B0E99E4B->68798575-c94b-44a6-b996-25df487e3c54: receive RaftClientReply:client-3502B0E99E4B->68798575-c94b-44a6-b996-25df487e3c54@group-48C576E544C9, cid=957, SUCCESS, logIndex=1276, commits[68798575-c94b-44a6-b996-25df487e3c54:c1277, 9ec8ead9-888e-415b-b04c-32cd2c26f792:c1273, 84ef4577-07e0-4c8d-900e-d449eb7bf65d:c1273]
2019-07-10 10:03:41,744 INFO  client.GrpcClientProtocolClient (GrpcClientProtocolClient.java:onNext(255)) - client-3502B0E99E4B->68798575-c94b-44a6-b996-25df487e3c54: receive RaftClientReply:client-3502B0E99E4B->68798575-c94b-44a6-b996-25df487e3c54@group-48C576E544C9, cid=958, SUCCESS, logIndex=1277, commits[68798575-c94b-44a6-b996-25df487e3c54:c1277, 9ec8ead9-888e-415b-b04c-32cd2c26f792:c1273, 84ef4577-07e0-4c8d-900e-d449eb7bf65d:c1273]
2019-07-10 10:03:41,755 INFO  client.GrpcClientProtocolClient (GrpcClientProtocolClient.java:onNext(255)) - client-3502B0E99E4B->68798575-c94b-44a6-b996-25df487e3c54: receive RaftClientReply:client-3502B0E99E4B->68798575-c94b-44a6-b996-25df487e3c54@group-48C576E544C9, cid=959, SUCCESS, logIndex=0, commits[68798575-c94b-44a6-b996-25df487e3c54:c1278, 9ec8ead9-888e-415b-b04c-32cd2c26f792:c1277, 84ef4577-07e0-4c8d-900e-d449eb7bf65d:c1277]
2019-07-10 10:03:41,778 INFO  client.GrpcClientProtocolClient (GrpcClientProtocolClient.java:onNext(255)) - client-3502B0E99E4B->68798575-c94b-44a6-b996-25df487e3c54: receive RaftClientReply:client-3502B0E99E4B->68798575-c94b-44a6-b996-25df487e3c54@group-48C576E544C9, cid=960, SUCCESS, logIndex=1280, commits[68798575-c94b-44a6-b996-25df487e3c54:c1281, 9ec8ead9-888e-415b-b04c-32cd2c26f792:c1279, 84ef4577-07e0-4c8d-900e-d449eb7bf65d:c1279]
2019-07-10 10:03:41,779 INFO  client.GrpcClientProtocolClient (GrpcClientProtocolClient.java:onNext(255)) - client-3502B0E99E4B->68798575-c94b-44a6-b996-25df487e3c54: receive RaftClientReply:client-3502B0E99E4B->68798575-c94b-44a6-b996-25df487e3c54@group-48C576E544C9, cid=961, SUCCESS, logIndex=1281, commits[68798575-c94b-44a6-b996-25df487e3c54:c1283, 9ec8ead9-888e-415b-b04c-32cd2c26f792:c1279, 84ef4577-07e0-4c8d-900e-d449eb7bf65d:c1279]
2019-07-10 10:03:41,780 INFO  client.GrpcClientProtocolClient (GrpcClientProtocolClient.java:onNext(255)) - client-3502B0E99E4B->68798575-c94b-44a6-b996-25df487e3c54: receive RaftClientReply:client-3502B0E99E4B->68798575-c94b-44a6-b996-25df487e3c54@group-48C576E544C9, cid=962, SUCCESS, logIndex=1282, commits[68798575-c94b-44a6-b996-25df487e3c54:c1283, 9ec8ead9-888e-415b-b04c-32cd2c26f792:c1279, 84ef4577-07e0-4c8d-900e-d449eb7bf65d:c1279]
2019-07-10 10:03:41,780 INFO  client.GrpcClientProtocolClient (GrpcClientProtocolClient.java:onNext(255)) - client-3502B0E99E4B->68798575-c94b-44a6-b996-25df487e3c54: receive RaftClientReply:client-3502B0E99E4B->68798575-c94b-44a6-b996-25df487e3c54@group-48C576E544C9, cid=963, SUCCESS, logIndex=1283, commits[68798575-c94b-44a6-b996-25df487e3c54:c1283, 9ec8ead9-888e-415b-b04c-32cd2c26f792:c1279, 84ef4577-07e0-4c8d-900e-d449eb7bf65d:c1279]
2019-07-10 10:03:41,781 INFO  client.GrpcClientProtocolClient (GrpcClientProtocolClient.java:onNext(255)) - client-3502B0E99E4B->68798575-c94b-44a6-b996-25df487e3c54: receive RaftClientReply:client-3502B0E99E4B->68798575-c94b-44a6-b996-25df487e3c54@group-48C576E544C9, cid=964, SUCCESS, logIndex=0, commits[68798575-c94b-44a6-b996-25df487e3c54:c1286, 9ec8ead9-888e-415b-b04c-32cd2c26f792:c1283, 84ef4577-07e0-4c8d-900e-d449eb7bf65d:c1283]
2019-07-10 10:03:41,802 INFO  client.GrpcClientProtocolClient (GrpcClientProtocolClient.java:onNext(255)) - client-3502B0E99E4B->68798575-c94b-44a6-b996-25df487e3c54: receive RaftClientReply:client-3502B0E99E4B->68798575-c94b-44a6-b996-25df487e3c54@group-48C576E544C9, cid=965, SUCCESS, logIndex=1288, commits[68798575-c94b-44a6-b996-25df487e3c54:c1289, 9ec8ead9-888e-415b-b04c-32cd2c26f792:c1287, 84ef4577-07e0-4c8d-900e-d449eb7bf65d:c1287]
2019-07-10 10:03:41,802 INFO  client.GrpcClientProtocolClient (GrpcClientProtocolClient.java:onNext(255)) - client-3502B0E99E4B->68798575-c94b-44a6-b996-25df487e3c54: receive RaftClientReply:client-3502B0E99E4B->68798575-c94b-44a6-b996-25df487e3c54@group-48C576E544C9, cid=966, SUCCESS, logIndex=1289, commits[68798575-c94b-44a6-b996-25df487e3c54:c1289, 9ec8ead9-888e-415b-b04c-32cd2c26f792:c1287, 84ef4577-07e0-4c8d-900e-d449eb7bf65d:c1287]
2019-07-10 10:03:41,815 INFO  client.GrpcClientProtocolClient (GrpcClientProtocolClient.java:onNext(255)) - client-3502B0E99E4B->68798575-c94b-44a6-b996-25df487e3c54: receive RaftClientReply:client-3502B0E99E4B->68798575-c94b-44a6-b996-25df487e3c54@group-48C576E544C9, cid=967, SUCCESS, logIndex=1292, commits[68798575-c94b-44a6-b996-25df487e3c54:c1293, 9ec8ead9-888e-415b-b04c-32cd2c26f792:c1288, 84ef4577-07e0-4c8d-900e-d449eb7bf65d:c1289]
2019-07-10 10:03:41,816 INFO  client.GrpcClientProtocolClient (GrpcClientProtocolClient.java:onNext(255)) - client-3502B0E99E4B->68798575-c94b-44a6-b996-25df487e3c54: receive RaftClientReply:client-3502B0E99E4B->68798575-c94b-44a6-b996-25df487e3c54@group-48C576E544C9, cid=968, SUCCESS, logIndex=1293, commits[68798575-c94b-44a6-b996-25df487e3c54:c1293, 9ec8ead9-888e-415b-b04c-32cd2c26f792:c1288, 84ef4577-07e0-4c8d-900e-d449eb7bf65d:c1289]
2019-07-10 10:03:41,826 INFO  client.GrpcClientProtocolClient (GrpcClientProtocolClient.java:onNext(255)) - client-3502B0E99E4B->68798575-c94b-44a6-b996-25df487e3c54: receive RaftClientReply:client-3502B0E99E4B->68798575-c94b-44a6-b996-25df487e3c54@group-48C576E544C9, cid=969, SUCCESS, logIndex=0, commits[68798575-c94b-44a6-b996-25df487e3c54:c1293, 9ec8ead9-888e-415b-b04c-32cd2c26f792:c1289, 84ef4577-07e0-4c8d-900e-d449eb7bf65d:c1289]
2019-07-10 10:03:41,828 INFO  client.GrpcClientProtocolClient (GrpcClientProtocolClient.java:onNext(255)) - client-3502B0E99E4B->68798575-c94b-44a6-b996-25df487e3c54: receive RaftClientReply:client-3502B0E99E4B->68798575-c94b-44a6-b996-25df487e3c54@group-48C576E544C9, cid=970, SUCCESS, logIndex=0, commits[68798575-c94b-44a6-b996-25df487e3c54:c1295, 9ec8ead9-888e-415b-b04c-32cd2c26f792:c1293, 84ef4577-07e0-4c8d-900e-d449eb7bf65d:c1293]
2019-07-10 10:03:41,855 INFO  client.GrpcClientProtocolClient (GrpcClientProtocolClient.java:onNext(255)) - client-3502B0E99E4B->68798575-c94b-44a6-b996-25df487e3c54: receive RaftClientReply:client-3502B0E99E4B->68798575-c94b-44a6-b996-25df487e3c54@group-48C576E544C9, cid=971, SUCCESS, logIndex=1296, commits[68798575-c94b-44a6-b996-25df487e3c54:c1299, 9ec8ead9-888e-415b-b04c-32cd2c26f792:c1295, 84ef4577-07e0-4c8d-900e-d449eb7bf65d:c1295]
2019-07-10 10:03:41,857 INFO  client.GrpcClientProtocolClient (GrpcClientProtocolClient.java:onNext(255)) - client-3502B0E99E4B->68798575-c94b-44a6-b996-25df487e3c54: receive RaftClientReply:client-3502B0E99E4B->68798575-c94b-44a6-b996-25df487e3c54@group-48C576E544C9, cid=972, SUCCESS, logIndex=1297, commits[68798575-c94b-44a6-b996-25df487e3c54:c1299, 9ec8ead9-888e-415b-b04c-32cd2c26f792:c1295, 84ef4577-07e0-4c8d-900e-d449eb7bf65d:c1295]
2019-07-10 10:03:41,857 INFO  client.GrpcClientProtocolClient (GrpcClientProtocolClient.java:onNext(255)) - client-3502B0E99E4B->68798575-c94b-44a6-b996-25df487e3c54: receive RaftClientReply:client-3502B0E99E4B->68798575-c94b-44a6-b996-25df487e3c54@group-48C576E544C9, cid=973, SUCCESS, logIndex=1298, commits[68798575-c94b-44a6-b996-25df487e3c54:c1299, 9ec8ead9-888e-415b-b04c-32cd2c26f792:c1295, 84ef4577-07e0-4c8d-900e-d449eb7bf65d:c1295]
2019-07-10 10:03:41,858 INFO  client.GrpcClientProtocolClient (GrpcClientProtocolClient.java:onNext(255)) - client-3502B0E99E4B->68798575-c94b-44a6-b996-25df487e3c54: receive RaftClientReply:client-3502B0E99E4B->68798575-c94b-44a6-b996-25df487e3c54@group-48C576E544C9, cid=974, SUCCESS, logIndex=1299, commits[68798575-c94b-44a6-b996-25df487e3c54:c1300, 9ec8ead9-888e-415b-b04c-32cd2c26f792:c1295, 84ef4577-07e0-4c8d-900e-d449eb7bf65d:c1296]
2019-07-10 10:03:41,859 INFO  client.GrpcClientProtocolClient (GrpcClientProtocolClient.java:onNext(255)) - client-3502B0E99E4B->68798575-c94b-44a6-b996-25df487e3c54: receive RaftClientReply:client-3502B0E99E4B->68798575-c94b-44a6-b996-25df487e3c54@group-48C576E544C9, cid=975, SUCCESS, logIndex=0, commits[68798575-c94b-44a6-b996-25df487e3c54:c1301, 9ec8ead9-888e-415b-b04c-32cd2c26f792:c1299, 84ef4577-07e0-4c8d-900e-d449eb7bf65d:c1299]
2019-07-10 10:03:41,881 INFO  client.GrpcClientProtocolClient (GrpcClientProtocolClient.java:onNext(255)) - client-3502B0E99E4B->68798575-c94b-44a6-b996-25df487e3c54: receive RaftClientReply:client-3502B0E99E4B->68798575-c94b-44a6-b996-25df487e3c54@group-48C576E544C9, cid=976, SUCCESS, logIndex=1302, commits[68798575-c94b-44a6-b996-25df487e3c54:c1303, 9ec8ead9-888e-415b-b04c-32cd2c26f792:c1301, 84ef4577-07e0-4c8d-900e-d449eb7bf65d:c1301]
2019-07-10 10:03:41,882 INFO  client.GrpcClientProtocolClient (GrpcClientProtocolClient.java:onNext(255)) - client-3502B0E99E4B->68798575-c94b-44a6-b996-25df487e3c54: receive RaftClientReply:client-3502B0E99E4B->68798575-c94b-44a6-b996-25df487e3c54@group-48C576E544C9, cid=977, SUCCESS, logIndex=1303, commits[68798575-c94b-44a6-b996-25df487e3c54:c1303, 9ec8ead9-888e-415b-b04c-32cd2c26f792:c1301, 84ef4577-07e0-4c8d-900e-d449eb7bf65d:c1301]
2019-07-10 10:03:41,906 INFO  client.GrpcClientProtocolClient (GrpcClientProtocolClient.java:onNext(255)) - client-3502B0E99E4B->68798575-c94b-44a6-b996-25df487e3c54: receive RaftClientReply:client-3502B0E99E4B->68798575-c94b-44a6-b996-25df487e3c54@group-48C576E544C9, cid=978, SUCCESS, logIndex=1306, commits[68798575-c94b-44a6-b996-25df487e3c54:c1307, 9ec8ead9-888e-415b-b04c-32cd2c26f792:c1303, 84ef4577-07e0-4c8d-900e-d449eb7bf65d:c1303]
2019-07-10 10:03:41,906 INFO  client.GrpcClientProtocolClient (GrpcClientProtocolClient.java:onNext(255)) - client-3502B0E99E4B->68798575-c94b-44a6-b996-25df487e3c54: receive RaftClientReply:client-3502B0E99E4B->68798575-c94b-44a6-b996-25df487e3c54@group-48C576E544C9, cid=979, SUCCESS, logIndex=1307, commits[68798575-c94b-44a6-b996-25df487e3c54:c1307, 9ec8ead9-888e-415b-b04c-32cd2c26f792:c1303, 84ef4577-07e0-4c8d-900e-d449eb7bf65d:c1303]
2019-07-10 10:03:41,908 INFO  client.GrpcClientProtocolClient (GrpcClientProtocolClient.java:onNext(255)) - client-3502B0E99E4B->68798575-c94b-44a6-b996-25df487e3c54: receive RaftClientReply:client-3502B0E99E4B->68798575-c94b-44a6-b996-25df487e3c54@group-48C576E544C9, cid=980, SUCCESS, logIndex=0, commits[68798575-c94b-44a6-b996-25df487e3c54:c1309, 9ec8ead9-888e-415b-b04c-32cd2c26f792:c1307, 84ef4577-07e0-4c8d-900e-d449eb7bf65d:c1307]
2019-07-10 10:03:41,930 INFO  client.GrpcClientProtocolClient (GrpcClientProtocolClient.java:onNext(255)) - client-3502B0E99E4B->68798575-c94b-44a6-b996-25df487e3c54: receive RaftClientReply:client-3502B0E99E4B->68798575-c94b-44a6-b996-25df487e3c54@group-48C576E544C9, cid=981, SUCCESS, logIndex=1310, commits[68798575-c94b-44a6-b996-25df487e3c54:c1312, 9ec8ead9-888e-415b-b04c-32cd2c26f792:c1309, 84ef4577-07e0-4c8d-900e-d449eb7bf65d:c1309]
2019-07-10 10:03:41,931 INFO  client.GrpcClientProtocolClient (GrpcClientProtocolClient.java:onNext(255)) - client-3502B0E99E4B->68798575-c94b-44a6-b996-25df487e3c54: receive RaftClientReply:client-3502B0E99E4B->68798575-c94b-44a6-b996-25df487e3c54@group-48C576E544C9, cid=982, SUCCESS, logIndex=1311, commits[68798575-c94b-44a6-b996-25df487e3c54:c1313, 9ec8ead9-888e-415b-b04c-32cd2c26f792:c1309, 84ef4577-07e0-4c8d-900e-d449eb7bf65d:c1309]
2019-07-10 10:03:41,931 INFO  client.GrpcClientProtocolClient (GrpcClientProtocolClient.java:onNext(255)) - client-3502B0E99E4B->68798575-c94b-44a6-b996-25df487e3c54: receive RaftClientReply:client-3502B0E99E4B->68798575-c94b-44a6-b996-25df487e3c54@group-48C576E544C9, cid=983, SUCCESS, logIndex=1312, commits[68798575-c94b-44a6-b996-25df487e3c54:c1313, 9ec8ead9-888e-415b-b04c-32cd2c26f792:c1309, 84ef4577-07e0-4c8d-900e-d449eb7bf65d:c1309]
2019-07-10 10:03:41,931 INFO  client.GrpcClientProtocolClient (GrpcClientProtocolClient.java:onNext(255)) - client-3502B0E99E4B->68798575-c94b-44a6-b996-25df487e3c54: receive RaftClientReply:client-3502B0E99E4B->68798575-c94b-44a6-b996-25df487e3c54@group-48C576E544C9, cid=984, SUCCESS, logIndex=1313, commits[68798575-c94b-44a6-b996-25df487e3c54:c1313, 9ec8ead9-888e-415b-b04c-32cd2c26f792:c1309, 84ef4577-07e0-4c8d-900e-d449eb7bf65d:c1309]
2019-07-10 10:03:41,933 INFO  client.GrpcClientProtocolClient (GrpcClientProtocolClient.java:onNext(255)) - client-3502B0E99E4B->68798575-c94b-44a6-b996-25df487e3c54: receive RaftClientReply:client-3502B0E99E4B->68798575-c94b-44a6-b996-25df487e3c54@group-48C576E544C9, cid=985, SUCCESS, logIndex=0, commits[68798575-c94b-44a6-b996-25df487e3c54:c1317, 9ec8ead9-888e-415b-b04c-32cd2c26f792:c1313, 84ef4577-07e0-4c8d-900e-d449eb7bf65d:c1312]
2019-07-10 10:03:41,953 INFO  client.GrpcClientProtocolClient (GrpcClientProtocolClient.java:onNext(255)) - client-3502B0E99E4B->68798575-c94b-44a6-b996-25df487e3c54: receive RaftClientReply:client-3502B0E99E4B->68798575-c94b-44a6-b996-25df487e3c54@group-48C576E544C9, cid=986, SUCCESS, logIndex=1318, commits[68798575-c94b-44a6-b996-25df487e3c54:c1319, 9ec8ead9-888e-415b-b04c-32cd2c26f792:c1317, 84ef4577-07e0-4c8d-900e-d449eb7bf65d:c1317]
2019-07-10 10:03:41,953 INFO  client.GrpcClientProtocolClient (GrpcClientProtocolClient.java:onNext(255)) - client-3502B0E99E4B->68798575-c94b-44a6-b996-25df487e3c54: receive RaftClientReply:client-3502B0E99E4B->68798575-c94b-44a6-b996-25df487e3c54@group-48C576E544C9, cid=987, SUCCESS, logIndex=1319, commits[68798575-c94b-44a6-b996-25df487e3c54:c1319, 9ec8ead9-888e-415b-b04c-32cd2c26f792:c1317, 84ef4577-07e0-4c8d-900e-d449eb7bf65d:c1317]
2019-07-10 10:03:41,996 INFO  client.GrpcClientProtocolClient (GrpcClientProtocolClient.java:onNext(255)) - client-3502B0E99E4B->68798575-c94b-44a6-b996-25df487e3c54: receive RaftClientReply:client-3502B0E99E4B->68798575-c94b-44a6-b996-25df487e3c54@group-48C576E544C9, cid=988, SUCCESS, logIndex=1322, commits[68798575-c94b-44a6-b996-25df487e3c54:c1323, 9ec8ead9-888e-415b-b04c-32cd2c26f792:c1319, 84ef4577-07e0-4c8d-900e-d449eb7bf65d:c1319]
2019-07-10 10:03:41,996 INFO  client.GrpcClientProtocolClient (GrpcClientProtocolClient.java:onNext(255)) - client-3502B0E99E4B->68798575-c94b-44a6-b996-25df487e3c54: receive RaftClientReply:client-3502B0E99E4B->68798575-c94b-44a6-b996-25df487e3c54@group-48C576E544C9, cid=989, SUCCESS, logIndex=1323, commits[68798575-c94b-44a6-b996-25df487e3c54:c1323, 9ec8ead9-888e-415b-b04c-32cd2c26f792:c1319, 84ef4577-07e0-4c8d-900e-d449eb7bf65d:c1319]
2019-07-10 10:03:41,999 INFO  client.GrpcClientProtocolClient (GrpcClientProtocolClient.java:onNext(255)) - client-3502B0E99E4B->68798575-c94b-44a6-b996-25df487e3c54: receive RaftClientReply:client-3502B0E99E4B->68798575-c94b-44a6-b996-25df487e3c54@group-48C576E544C9, cid=990, SUCCESS, logIndex=0, commits[68798575-c94b-44a6-b996-25df487e3c54:c1325, 9ec8ead9-888e-415b-b04c-32cd2c26f792:c1323, 84ef4577-07e0-4c8d-900e-d449eb7bf65d:c1323]
2019-07-10 10:03:42,145 INFO  client.GrpcClientProtocolClient (GrpcClientProtocolClient.java:onNext(255)) - client-3502B0E99E4B->68798575-c94b-44a6-b996-25df487e3c54: receive RaftClientReply:client-3502B0E99E4B->68798575-c94b-44a6-b996-25df487e3c54@group-48C576E544C9, cid=991, SUCCESS, logIndex=1326, commits[68798575-c94b-44a6-b996-25df487e3c54:c1327, 9ec8ead9-888e-415b-b04c-32cd2c26f792:c1325, 84ef4577-07e0-4c8d-900e-d449eb7bf65d:c1325]
2019-07-10 10:03:42,146 INFO  client.GrpcClientProtocolClient (GrpcClientProtocolClient.java:onNext(255)) - client-3502B0E99E4B->68798575-c94b-44a6-b996-25df487e3c54: receive RaftClientReply:client-3502B0E99E4B->68798575-c94b-44a6-b996-25df487e3c54@group-48C576E544C9, cid=992, SUCCESS, logIndex=1327, commits[68798575-c94b-44a6-b996-25df487e3c54:c1327, 9ec8ead9-888e-415b-b04c-32cd2c26f792:c1325, 84ef4577-07e0-4c8d-900e-d449eb7bf65d:c1325]
2019-07-10 10:03:42,156 INFO  client.GrpcClientProtocolClient (GrpcClientProtocolClient.java:onNext(255)) - client-3502B0E99E4B->68798575-c94b-44a6-b996-25df487e3c54: receive RaftClientReply:client-3502B0E99E4B->68798575-c94b-44a6-b996-25df487e3c54@group-48C576E544C9, cid=993, SUCCESS, logIndex=1328, commits[68798575-c94b-44a6-b996-25df487e3c54:c1330, 9ec8ead9-888e-415b-b04c-32cd2c26f792:c1326, 84ef4577-07e0-4c8d-900e-d449eb7bf65d:c1325]
2019-07-10 10:03:42,156 INFO  client.GrpcClientProtocolClient (GrpcClientProtocolClient.java:onNext(255)) - client-3502B0E99E4B->68798575-c94b-44a6-b996-25df487e3c54: receive RaftClientReply:client-3502B0E99E4B->68798575-c94b-44a6-b996-25df487e3c54@group-48C576E544C9, cid=994, SUCCESS, logIndex=1329, commits[68798575-c94b-44a6-b996-25df487e3c54:c1331, 9ec8ead9-888e-415b-b04c-32cd2c26f792:c1327, 84ef4577-07e0-4c8d-900e-d449eb7bf65d:c1327]
2019-07-10 10:03:42,179 INFO  client.GrpcClientProtocolClient (GrpcClientProtocolClient.java:onNext(255)) - client-3502B0E99E4B->68798575-c94b-44a6-b996-25df487e3c54: receive RaftClientReply:client-3502B0E99E4B->68798575-c94b-44a6-b996-25df487e3c54@group-48C576E544C9, cid=995, SUCCESS, logIndex=1334, commits[68798575-c94b-44a6-b996-25df487e3c54:c1335, 9ec8ead9-888e-415b-b04c-32cd2c26f792:c1333, 84ef4577-07e0-4c8d-900e-d449eb7bf65d:c1333]
2019-07-10 10:03:42,179 INFO  client.GrpcClientProtocolClient (GrpcClientProtocolClient.java:onNext(255)) - client-3502B0E99E4B->68798575-c94b-44a6-b996-25df487e3c54: receive RaftClientReply:client-3502B0E99E4B->68798575-c94b-44a6-b996-25df487e3c54@group-48C576E544C9, cid=996, SUCCESS, logIndex=1335, commits[68798575-c94b-44a6-b996-25df487e3c54:c1335, 9ec8ead9-888e-415b-b04c-32cd2c26f792:c1333, 84ef4577-07e0-4c8d-900e-d449eb7bf65d:c1333]
2019-07-10 10:03:42,206 INFO  client.GrpcClientProtocolClient (GrpcClientProtocolClient.java:onNext(255)) - client-3502B0E99E4B->68798575-c94b-44a6-b996-25df487e3c54: receive RaftClientReply:client-3502B0E99E4B->68798575-c94b-44a6-b996-25df487e3c54@group-48C576E544C9, cid=997, SUCCESS, logIndex=1338, commits[68798575-c94b-44a6-b996-25df487e3c54:c1339, 9ec8ead9-888e-415b-b04c-32cd2c26f792:c1335, 84ef4577-07e0-4c8d-900e-d449eb7bf65d:c1335]
2019-07-10 10:03:42,206 INFO  client.GrpcClientProtocolClient (GrpcClientProtocolClient.java:onNext(255)) - client-3502B0E99E4B->68798575-c94b-44a6-b996-25df487e3c54: receive RaftClientReply:client-3502B0E99E4B->68798575-c94b-44a6-b996-25df487e3c54@group-48C576E544C9, cid=998, SUCCESS, logIndex=1339, commits[68798575-c94b-44a6-b996-25df487e3c54:c1339, 9ec8ead9-888e-415b-b04c-32cd2c26f792:c1335, 84ef4577-07e0-4c8d-900e-d449eb7bf65d:c1335]
2019-07-10 10:03:42,218 INFO  client.GrpcClientProtocolClient (GrpcClientProtocolClient.java:onNext(255)) - client-3502B0E99E4B->68798575-c94b-44a6-b996-25df487e3c54: receive RaftClientReply:client-3502B0E99E4B->68798575-c94b-44a6-b996-25df487e3c54@group-48C576E544C9, cid=999, SUCCESS, logIndex=0, commits[68798575-c94b-44a6-b996-25df487e3c54:c1340, 9ec8ead9-888e-415b-b04c-32cd2c26f792:c1339, 84ef4577-07e0-4c8d-900e-d449eb7bf65d:c1339]
2019-07-10 10:03:42,239 INFO  client.GrpcClientProtocolClient (GrpcClientProtocolClient.java:onNext(255)) - client-3502B0E99E4B->68798575-c94b-44a6-b996-25df487e3c54: receive RaftClientReply:client-3502B0E99E4B->68798575-c94b-44a6-b996-25df487e3c54@group-48C576E544C9, cid=1000, SUCCESS, logIndex=1342, commits[68798575-c94b-44a6-b996-25df487e3c54:c1343, 9ec8ead9-888e-415b-b04c-32cd2c26f792:c1341, 84ef4577-07e0-4c8d-900e-d449eb7bf65d:c1341]
2019-07-10 10:03:42,240 INFO  client.GrpcClientProtocolClient (GrpcClientProtocolClient.java:onNext(255)) - client-3502B0E99E4B->68798575-c94b-44a6-b996-25df487e3c54: receive RaftClientReply:client-3502B0E99E4B->68798575-c94b-44a6-b996-25df487e3c54@group-48C576E544C9, cid=1001, SUCCESS, logIndex=1343, commits[68798575-c94b-44a6-b996-25df487e3c54:c1343, 9ec8ead9-888e-415b-b04c-32cd2c26f792:c1341, 84ef4577-07e0-4c8d-900e-d449eb7bf65d:c1341]
2019-07-10 10:03:42,241 INFO  client.GrpcClientProtocolClient (GrpcClientProtocolClient.java:onNext(255)) - client-3502B0E99E4B->68798575-c94b-44a6-b996-25df487e3c54: receive RaftClientReply:client-3502B0E99E4B->68798575-c94b-44a6-b996-25df487e3c54@group-48C576E544C9, cid=1002, SUCCESS, logIndex=1344, commits[68798575-c94b-44a6-b996-25df487e3c54:c1345, 9ec8ead9-888e-415b-b04c-32cd2c26f792:c1341, 84ef4577-07e0-4c8d-900e-d449eb7bf65d:c1341]
2019-07-10 10:03:42,241 INFO  client.GrpcClientProtocolClient (GrpcClientProtocolClient.java:onNext(255)) - client-3502B0E99E4B->68798575-c94b-44a6-b996-25df487e3c54: receive RaftClientReply:client-3502B0E99E4B->68798575-c94b-44a6-b996-25df487e3c54@group-48C576E544C9, cid=1003, SUCCESS, logIndex=1345, commits[68798575-c94b-44a6-b996-25df487e3c54:c1345, 9ec8ead9-888e-415b-b04c-32cd2c26f792:c1341, 84ef4577-07e0-4c8d-900e-d449eb7bf65d:c1341]
2019-07-10 10:03:42,242 INFO  client.GrpcClientProtocolClient (GrpcClientProtocolClient.java:onNext(255)) - client-3502B0E99E4B->68798575-c94b-44a6-b996-25df487e3c54: receive RaftClientReply:client-3502B0E99E4B->68798575-c94b-44a6-b996-25df487e3c54@group-48C576E544C9, cid=1004, SUCCESS, logIndex=0, commits[68798575-c94b-44a6-b996-25df487e3c54:c1347, 9ec8ead9-888e-415b-b04c-32cd2c26f792:c1343, 84ef4577-07e0-4c8d-900e-d449eb7bf65d:c1343]
2019-07-10 10:03:42,258 INFO  client.GrpcClientProtocolClient (GrpcClientProtocolClient.java:onNext(255)) - client-3502B0E99E4B->68798575-c94b-44a6-b996-25df487e3c54: receive RaftClientReply:client-3502B0E99E4B->68798575-c94b-44a6-b996-25df487e3c54@group-48C576E544C9, cid=1005, SUCCESS, logIndex=1350, commits[68798575-c94b-44a6-b996-25df487e3c54:c1351, 9ec8ead9-888e-415b-b04c-32cd2c26f792:c1349, 84ef4577-07e0-4c8d-900e-d449eb7bf65d:c1349]
2019-07-10 10:03:42,258 INFO  client.GrpcClientProtocolClient (GrpcClientProtocolClient.java:onNext(255)) - client-3502B0E99E4B->68798575-c94b-44a6-b996-25df487e3c54: receive RaftClientReply:client-3502B0E99E4B->68798575-c94b-44a6-b996-25df487e3c54@group-48C576E544C9, cid=1006, SUCCESS, logIndex=1351, commits[68798575-c94b-44a6-b996-25df487e3c54:c1351, 9ec8ead9-888e-415b-b04c-32cd2c26f792:c1349, 84ef4577-07e0-4c8d-900e-d449eb7bf65d:c1349]
2019-07-10 10:03:42,283 INFO  client.GrpcClientProtocolClient (GrpcClientProtocolClient.java:onNext(255)) - client-3502B0E99E4B->68798575-c94b-44a6-b996-25df487e3c54: receive RaftClientReply:client-3502B0E99E4B->68798575-c94b-44a6-b996-25df487e3c54@group-48C576E544C9, cid=1007, SUCCESS, logIndex=1354, commits[68798575-c94b-44a6-b996-25df487e3c54:c1355, 9ec8ead9-888e-415b-b04c-32cd2c26f792:c1351, 84ef4577-07e0-4c8d-900e-d449eb7bf65d:c1351]
2019-07-10 10:03:42,283 INFO  client.GrpcClientProtocolClient (GrpcClientProtocolClient.java:onNext(255)) - client-3502B0E99E4B->68798575-c94b-44a6-b996-25df487e3c54: receive RaftClientReply:client-3502B0E99E4B->68798575-c94b-44a6-b996-25df487e3c54@group-48C576E544C9, cid=1008, SUCCESS, logIndex=1355, commits[68798575-c94b-44a6-b996-25df487e3c54:c1355, 9ec8ead9-888e-415b-b04c-32cd2c26f792:c1351, 84ef4577-07e0-4c8d-900e-d449eb7bf65d:c1351]
2019-07-10 10:03:42,296 INFO  client.GrpcClientProtocolClient (GrpcClientProtocolClient.java:onNext(255)) - client-3502B0E99E4B->68798575-c94b-44a6-b996-25df487e3c54: receive RaftClientReply:client-3502B0E99E4B->68798575-c94b-44a6-b996-25df487e3c54@group-48C576E544C9, cid=1009, SUCCESS, logIndex=0, commits[68798575-c94b-44a6-b996-25df487e3c54:c1357, 9ec8ead9-888e-415b-b04c-32cd2c26f792:c1355, 84ef4577-07e0-4c8d-900e-d449eb7bf65d:c1355]
2019-07-10 10:03:42,317 INFO  client.GrpcClientProtocolClient (GrpcClientProtocolClient.java:onNext(255)) - client-3502B0E99E4B->68798575-c94b-44a6-b996-25df487e3c54: receive RaftClientReply:client-3502B0E99E4B->68798575-c94b-44a6-b996-25df487e3c54@group-48C576E544C9, cid=1010, SUCCESS, logIndex=1358, commits[68798575-c94b-44a6-b996-25df487e3c54:c1359, 9ec8ead9-888e-415b-b04c-32cd2c26f792:c1357, 84ef4577-07e0-4c8d-900e-d449eb7bf65d:c1357]
2019-07-10 10:03:42,318 INFO  client.GrpcClientProtocolClient (GrpcClientProtocolClient.java:onNext(255)) - client-3502B0E99E4B->68798575-c94b-44a6-b996-25df487e3c54: receive RaftClientReply:client-3502B0E99E4B->68798575-c94b-44a6-b996-25df487e3c54@group-48C576E544C9, cid=1011, SUCCESS, logIndex=1359, commits[68798575-c94b-44a6-b996-25df487e3c54:c1361, 9ec8ead9-888e-415b-b04c-32cd2c26f792:c1357, 84ef4577-07e0-4c8d-900e-d449eb7bf65d:c1357]
2019-07-10 10:03:42,318 INFO  client.GrpcClientProtocolClient (GrpcClientProtocolClient.java:onNext(255)) - client-3502B0E99E4B->68798575-c94b-44a6-b996-25df487e3c54: receive RaftClientReply:client-3502B0E99E4B->68798575-c94b-44a6-b996-25df487e3c54@group-48C576E544C9, cid=1012, SUCCESS, logIndex=1360, commits[68798575-c94b-44a6-b996-25df487e3c54:c1361, 9ec8ead9-888e-415b-b04c-32cd2c26f792:c1357, 84ef4577-07e0-4c8d-900e-d449eb7bf65d:c1357]
2019-07-10 10:03:42,318 INFO  client.GrpcClientProtocolClient (GrpcClientProtocolClient.java:onNext(255)) - client-3502B0E99E4B->68798575-c94b-44a6-b996-25df487e3c54: receive RaftClientReply:client-3502B0E99E4B->68798575-c94b-44a6-b996-25df487e3c54@group-48C576E544C9, cid=1013, SUCCESS, logIndex=1361, commits[68798575-c94b-44a6-b996-25df487e3c54:c1361, 9ec8ead9-888e-415b-b04c-32cd2c26f792:c1357, 84ef4577-07e0-4c8d-900e-d449eb7bf65d:c1357]
2019-07-10 10:03:42,321 INFO  client.GrpcClientProtocolClient (GrpcClientProtocolClient.java:onNext(255)) - client-3502B0E99E4B->68798575-c94b-44a6-b996-25df487e3c54: receive RaftClientReply:client-3502B0E99E4B->68798575-c94b-44a6-b996-25df487e3c54@group-48C576E544C9, cid=1014, SUCCESS, logIndex=0, commits[68798575-c94b-44a6-b996-25df487e3c54:c1363, 9ec8ead9-888e-415b-b04c-32cd2c26f792:c1359, 84ef4577-07e0-4c8d-900e-d449eb7bf65d:c1359]
2019-07-10 10:03:42,343 INFO  client.GrpcClientProtocolClient (GrpcClientProtocolClient.java:onNext(255)) - client-3502B0E99E4B->68798575-c94b-44a6-b996-25df487e3c54: receive RaftClientReply:client-3502B0E99E4B->68798575-c94b-44a6-b996-25df487e3c54@group-48C576E544C9, cid=1015, SUCCESS, logIndex=1365, commits[68798575-c94b-44a6-b996-25df487e3c54:c1366, 9ec8ead9-888e-415b-b04c-32cd2c26f792:c1364, 84ef4577-07e0-4c8d-900e-d449eb7bf65d:c1364]
2019-07-10 10:03:42,344 INFO  client.GrpcClientProtocolClient (GrpcClientProtocolClient.java:onNext(255)) - client-3502B0E99E4B->68798575-c94b-44a6-b996-25df487e3c54: receive RaftClientReply:client-3502B0E99E4B->68798575-c94b-44a6-b996-25df487e3c54@group-48C576E544C9, cid=1016, SUCCESS, logIndex=1366, commits[68798575-c94b-44a6-b996-25df487e3c54:c1366, 9ec8ead9-888e-415b-b04c-32cd2c26f792:c1364, 84ef4577-07e0-4c8d-900e-d449eb7bf65d:c1364]
2019-07-10 10:03:42,357 INFO  client.GrpcClientProtocolClient (GrpcClientProtocolClient.java:onNext(255)) - client-3502B0E99E4B->68798575-c94b-44a6-b996-25df487e3c54: receive RaftClientReply:client-3502B0E99E4B->68798575-c94b-44a6-b996-25df487e3c54@group-48C576E544C9, cid=1017, SUCCESS, logIndex=1369, commits[68798575-c94b-44a6-b996-25df487e3c54:c1369, 9ec8ead9-888e-415b-b04c-32cd2c26f792:c1366, 84ef4577-07e0-4c8d-900e-d449eb7bf65d:c1366]
2019-07-10 10:03:42,357 INFO  client.GrpcClientProtocolClient (GrpcClientProtocolClient.java:onNext(255)) - client-3502B0E99E4B->68798575-c94b-44a6-b996-25df487e3c54: receive RaftClientReply:client-3502B0E99E4B->68798575-c94b-44a6-b996-25df487e3c54@group-48C576E544C9, cid=1018, SUCCESS, logIndex=1370, commits[68798575-c94b-44a6-b996-25df487e3c54:c1370, 9ec8ead9-888e-415b-b04c-32cd2c26f792:c1366, 84ef4577-07e0-4c8d-900e-d449eb7bf65d:c1366]
2019-07-10 10:03:42,370 INFO  client.GrpcClientProtocolClient (GrpcClientProtocolClient.java:onNext(255)) - client-3502B0E99E4B->68798575-c94b-44a6-b996-25df487e3c54: receive RaftClientReply:client-3502B0E99E4B->68798575-c94b-44a6-b996-25df487e3c54@group-48C576E544C9, cid=1019, SUCCESS, logIndex=0, commits[68798575-c94b-44a6-b996-25df487e3c54:c1372, 9ec8ead9-888e-415b-b04c-32cd2c26f792:c1370, 84ef4577-07e0-4c8d-900e-d449eb7bf65d:c1370]
2019-07-10 10:03:42,390 INFO  client.GrpcClientProtocolClient (GrpcClientProtocolClient.java:onNext(255)) - client-3502B0E99E4B->68798575-c94b-44a6-b996-25df487e3c54: receive RaftClientReply:client-3502B0E99E4B->68798575-c94b-44a6-b996-25df487e3c54@group-48C576E544C9, cid=1020, SUCCESS, logIndex=1373, commits[68798575-c94b-44a6-b996-25df487e3c54:c1375, 9ec8ead9-888e-415b-b04c-32cd2c26f792:c1372, 84ef4577-07e0-4c8d-900e-d449eb7bf65d:c1372]
2019-07-10 10:03:42,391 INFO  client.GrpcClientProtocolClient (GrpcClientProtocolClient.java:onNext(255)) - client-3502B0E99E4B->68798575-c94b-44a6-b996-25df487e3c54: receive RaftClientReply:client-3502B0E99E4B->68798575-c94b-44a6-b996-25df487e3c54@group-48C576E544C9, cid=1021, SUCCESS, logIndex=1374, commits[68798575-c94b-44a6-b996-25df487e3c54:c1376, 9ec8ead9-888e-415b-b04c-32cd2c26f792:c1372, 84ef4577-07e0-4c8d-900e-d449eb7bf65d:c1372]
2019-07-10 10:03:42,391 INFO  client.GrpcClientProtocolClient (GrpcClientProtocolClient.java:onNext(255)) - client-3502B0E99E4B->68798575-c94b-44a6-b996-25df487e3c54: receive RaftClientReply:client-3502B0E99E4B->68798575-c94b-44a6-b996-25df487e3c54@group-48C576E544C9, cid=1022, SUCCESS, logIndex=1375, commits[68798575-c94b-44a6-b996-25df487e3c54:c1376, 9ec8ead9-888e-415b-b04c-32cd2c26f792:c1372, 84ef4577-07e0-4c8d-900e-d449eb7bf65d:c1372]
2019-07-10 10:03:42,392 INFO  client.GrpcClientProtocolClient (GrpcClientProtocolClient.java:onNext(255)) - client-3502B0E99E4B->68798575-c94b-44a6-b996-25df487e3c54: receive RaftClientReply:client-3502B0E99E4B->68798575-c94b-44a6-b996-25df487e3c54@group-48C576E544C9, cid=1023, SUCCESS, logIndex=1376, commits[68798575-c94b-44a6-b996-25df487e3c54:c1377, 9ec8ead9-888e-415b-b04c-32cd2c26f792:c1373, 84ef4577-07e0-4c8d-900e-d449eb7bf65d:c1372]
2019-07-10 10:03:42,394 INFO  client.GrpcClientProtocolClient (GrpcClientProtocolClient.java:onNext(255)) - client-3502B0E99E4B->68798575-c94b-44a6-b996-25df487e3c54: receive RaftClientReply:client-3502B0E99E4B->68798575-c94b-44a6-b996-25df487e3c54@group-48C576E544C9, cid=1024, SUCCESS, logIndex=0, commits[68798575-c94b-44a6-b996-25df487e3c54:c1380, 9ec8ead9-888e-415b-b04c-32cd2c26f792:c1376, 84ef4577-07e0-4c8d-900e-d449eb7bf65d:c1374]
2019-07-10 10:03:42,414 INFO  client.GrpcClientProtocolClient (GrpcClientProtocolClient.java:onNext(255)) - client-3502B0E99E4B->68798575-c94b-44a6-b996-25df487e3c54: receive RaftClientReply:client-3502B0E99E4B->68798575-c94b-44a6-b996-25df487e3c54@group-48C576E544C9, cid=1025, SUCCESS, logIndex=1381, commits[68798575-c94b-44a6-b996-25df487e3c54:c1382, 9ec8ead9-888e-415b-b04c-32cd2c26f792:c1380, 84ef4577-07e0-4c8d-900e-d449eb7bf65d:c1380]
2019-07-10 10:03:42,414 INFO  client.GrpcClientProtocolClient (GrpcClientProtocolClient.java:onNext(255)) - client-3502B0E99E4B->68798575-c94b-44a6-b996-25df487e3c54: receive RaftClientReply:client-3502B0E99E4B->68798575-c94b-44a6-b996-25df487e3c54@group-48C576E544C9, cid=1026, SUCCESS, logIndex=1382, commits[68798575-c94b-44a6-b996-25df487e3c54:c1382, 9ec8ead9-888e-415b-b04c-32cd2c26f792:c1380, 84ef4577-07e0-4c8d-900e-d449eb7bf65d:c1380]
2019-07-10 10:03:42,429 INFO  client.GrpcClientProtocolClient (GrpcClientProtocolClient.java:onNext(255)) - client-3502B0E99E4B->68798575-c94b-44a6-b996-25df487e3c54: receive RaftClientReply:client-3502B0E99E4B->68798575-c94b-44a6-b996-25df487e3c54@group-48C576E544C9, cid=1027, SUCCESS, logIndex=1385, commits[68798575-c94b-44a6-b996-25df487e3c54:c1386, 9ec8ead9-888e-415b-b04c-32cd2c26f792:c1382, 84ef4577-07e0-4c8d-900e-d449eb7bf65d:c1382]
2019-07-10 10:03:42,429 INFO  client.GrpcClientProtocolClient (GrpcClientProtocolClient.java:onNext(255)) - client-3502B0E99E4B->68798575-c94b-44a6-b996-25df487e3c54: receive RaftClientReply:client-3502B0E99E4B->68798575-c94b-44a6-b996-25df487e3c54@group-48C576E544C9, cid=1028, SUCCESS, logIndex=1386, commits[68798575-c94b-44a6-b996-25df487e3c54:c1386, 9ec8ead9-888e-415b-b04c-32cd2c26f792:c1382, 84ef4577-07e0-4c8d-900e-d449eb7bf65d:c1382]
2019-07-10 10:03:42,439 INFO  client.GrpcClientProtocolClient (GrpcClientProtocolClient.java:onNext(255)) - client-3502B0E99E4B->68798575-c94b-44a6-b996-25df487e3c54: receive RaftClientReply:client-3502B0E99E4B->68798575-c94b-44a6-b996-25df487e3c54@group-48C576E544C9, cid=1029, SUCCESS, logIndex=0, commits[68798575-c94b-44a6-b996-25df487e3c54:c1387, 9ec8ead9-888e-415b-b04c-32cd2c26f792:c1386, 84ef4577-07e0-4c8d-900e-d449eb7bf65d:c1386]
2019-07-10 10:03:42,456 INFO  client.GrpcClientProtocolClient (GrpcClientProtocolClient.java:onNext(255)) - client-3502B0E99E4B->68798575-c94b-44a6-b996-25df487e3c54: receive RaftClientReply:client-3502B0E99E4B->68798575-c94b-44a6-b996-25df487e3c54@group-48C576E544C9, cid=1030, SUCCESS, logIndex=1389, commits[68798575-c94b-44a6-b996-25df487e3c54:c1390, 9ec8ead9-888e-415b-b04c-32cd2c26f792:c1388, 84ef4577-07e0-4c8d-900e-d449eb7bf65d:c1388]
2019-07-10 10:03:42,457 INFO  client.GrpcClientProtocolClient (GrpcClientProtocolClient.java:onNext(255)) - client-3502B0E99E4B->68798575-c94b-44a6-b996-25df487e3c54: receive RaftClientReply:client-3502B0E99E4B->68798575-c94b-44a6-b996-25df487e3c54@group-48C576E544C9, cid=1031, SUCCESS, logIndex=1390, commits[68798575-c94b-44a6-b996-25df487e3c54:c1392, 9ec8ead9-888e-415b-b04c-32cd2c26f792:c1388, 84ef4577-07e0-4c8d-900e-d449eb7bf65d:c1388]
2019-07-10 10:03:42,457 INFO  client.GrpcClientProtocolClient (GrpcClientProtocolClient.java:onNext(255)) - client-3502B0E99E4B->68798575-c94b-44a6-b996-25df487e3c54: receive RaftClientReply:client-3502B0E99E4B->68798575-c94b-44a6-b996-25df487e3c54@group-48C576E544C9, cid=1032, SUCCESS, logIndex=1391, commits[68798575-c94b-44a6-b996-25df487e3c54:c1392, 9ec8ead9-888e-415b-b04c-32cd2c26f792:c1388, 84ef4577-07e0-4c8d-900e-d449eb7bf65d:c1388]
2019-07-10 10:03:42,458 INFO  client.GrpcClientProtocolClient (GrpcClientProtocolClient.java:onNext(255)) - client-3502B0E99E4B->68798575-c94b-44a6-b996-25df487e3c54: receive RaftClientReply:client-3502B0E99E4B->68798575-c94b-44a6-b996-25df487e3c54@group-48C576E544C9, cid=1033, SUCCESS, logIndex=1392, commits[68798575-c94b-44a6-b996-25df487e3c54:c1392, 9ec8ead9-888e-415b-b04c-32cd2c26f792:c1388, 84ef4577-07e0-4c8d-900e-d449eb7bf65d:c1388]
2019-07-10 10:03:42,461 INFO  client.GrpcClientProtocolClient (GrpcClientProtocolClient.java:onNext(255)) - client-3502B0E99E4B->68798575-c94b-44a6-b996-25df487e3c54: receive RaftClientReply:client-3502B0E99E4B->68798575-c94b-44a6-b996-25df487e3c54@group-48C576E544C9, cid=1034, SUCCESS, logIndex=0, commits[68798575-c94b-44a6-b996-25df487e3c54:c1395, 9ec8ead9-888e-415b-b04c-32cd2c26f792:c1392, 84ef4577-07e0-4c8d-900e-d449eb7bf65d:c1390]
2019-07-10 10:03:42,478 INFO  client.GrpcClientProtocolClient (GrpcClientProtocolClient.java:onNext(255)) - client-3502B0E99E4B->68798575-c94b-44a6-b996-25df487e3c54: receive RaftClientReply:client-3502B0E99E4B->68798575-c94b-44a6-b996-25df487e3c54@group-48C576E544C9, cid=1035, SUCCESS, logIndex=1397, commits[68798575-c94b-44a6-b996-25df487e3c54:c1398, 9ec8ead9-888e-415b-b04c-32cd2c26f792:c1396, 84ef4577-07e0-4c8d-900e-d449eb7bf65d:c1396]
2019-07-10 10:03:42,479 INFO  client.GrpcClientProtocolClient (GrpcClientProtocolClient.java:onNext(255)) - client-3502B0E99E4B->68798575-c94b-44a6-b996-25df487e3c54: receive RaftClientReply:client-3502B0E99E4B->68798575-c94b-44a6-b996-25df487e3c54@group-48C576E544C9, cid=1036, SUCCESS, logIndex=1398, commits[68798575-c94b-44a6-b996-25df487e3c54:c1398, 9ec8ead9-888e-415b-b04c-32cd2c26f792:c1396, 84ef4577-07e0-4c8d-900e-d449eb7bf65d:c1396]
2019-07-10 10:03:42,504 INFO  client.GrpcClientProtocolClient (GrpcClientProtocolClient.java:onNext(255)) - client-3502B0E99E4B->68798575-c94b-44a6-b996-25df487e3c54: receive RaftClientReply:client-3502B0E99E4B->68798575-c94b-44a6-b996-25df487e3c54@group-48C576E544C9, cid=1037, SUCCESS, logIndex=1401, commits[68798575-c94b-44a6-b996-25df487e3c54:c1402, 9ec8ead9-888e-415b-b04c-32cd2c26f792:c1398, 84ef4577-07e0-4c8d-900e-d449eb7bf65d:c1398]
2019-07-10 10:03:42,504 INFO  client.GrpcClientProtocolClient (GrpcClientProtocolClient.java:onNext(255)) - client-3502B0E99E4B->68798575-c94b-44a6-b996-25df487e3c54: receive RaftClientReply:client-3502B0E99E4B->68798575-c94b-44a6-b996-25df487e3c54@group-48C576E544C9, cid=1038, SUCCESS, logIndex=1402, commits[68798575-c94b-44a6-b996-25df487e3c54:c1402, 9ec8ead9-888e-415b-b04c-32cd2c26f792:c1398, 84ef4577-07e0-4c8d-900e-d449eb7bf65d:c1398]
 0.00% |█                                                                                                    |  0/1 Time: 0:00:062019-07-10 10:03:42,517 INFO  client.GrpcClientProtocolClient (GrpcClientProtocolClient.java:onNext(255)) - client-3502B0E99E4B->68798575-c94b-44a6-b996-25df487e3c54: receive RaftClientReply:client-3502B0E99E4B->68798575-c94b-44a6-b996-25df487e3c54@group-48C576E544C9, cid=1039, SUCCESS, logIndex=0, commits[68798575-c94b-44a6-b996-25df487e3c54:c1404, 9ec8ead9-888e-415b-b04c-32cd2c26f792:c1402, 84ef4577-07e0-4c8d-900e-d449eb7bf65d:c1402]
2019-07-10 10:03:42,536 INFO  client.GrpcClientProtocolClient (GrpcClientProtocolClient.java:onNext(255)) - client-3502B0E99E4B->68798575-c94b-44a6-b996-25df487e3c54: receive RaftClientReply:client-3502B0E99E4B->68798575-c94b-44a6-b996-25df487e3c54@group-48C576E544C9, cid=1040, SUCCESS, logIndex=1405, commits[68798575-c94b-44a6-b996-25df487e3c54:c1406, 9ec8ead9-888e-415b-b04c-32cd2c26f792:c1404, 84ef4577-07e0-4c8d-900e-d449eb7bf65d:c1404]
2019-07-10 10:03:42,537 INFO  client.GrpcClientProtocolClient (GrpcClientProtocolClient.java:onNext(255)) - client-3502B0E99E4B->68798575-c94b-44a6-b996-25df487e3c54: receive RaftClientReply:client-3502B0E99E4B->68798575-c94b-44a6-b996-25df487e3c54@group-48C576E544C9, cid=1041, SUCCESS, logIndex=1406, commits[68798575-c94b-44a6-b996-25df487e3c54:c1406, 9ec8ead9-888e-415b-b04c-32cd2c26f792:c1404, 84ef4577-07e0-4c8d-900e-d449eb7bf65d:c1404]
2019-07-10 10:03:42,539 INFO  client.GrpcClientProtocolClient (GrpcClientProtocolClient.java:onNext(255)) - client-3502B0E99E4B->68798575-c94b-44a6-b996-25df487e3c54: receive RaftClientReply:client-3502B0E99E4B->68798575-c94b-44a6-b996-25df487e3c54@group-48C576E544C9, cid=1042, SUCCESS, logIndex=1407, commits[68798575-c94b-44a6-b996-25df487e3c54:c1408, 9ec8ead9-888e-415b-b04c-32cd2c26f792:c1404, 84ef4577-07e0-4c8d-900e-d449eb7bf65d:c1404]
2019-07-10 10:03:42,540 INFO  client.GrpcClientProtocolClient (GrpcClientProtocolClient.java:onNext(255)) - client-3502B0E99E4B->68798575-c94b-44a6-b996-25df487e3c54: receive RaftClientReply:client-3502B0E99E4B->68798575-c94b-44a6-b996-25df487e3c54@group-48C576E544C9, cid=1043, SUCCESS, logIndex=1408, commits[68798575-c94b-44a6-b996-25df487e3c54:c1409, 9ec8ead9-888e-415b-b04c-32cd2c26f792:c1404, 84ef4577-07e0-4c8d-900e-d449eb7bf65d:c1405]
2019-07-10 10:03:42,541 INFO  client.GrpcClientProtocolClient (GrpcClientProtocolClient.java:onNext(255)) - client-3502B0E99E4B->68798575-c94b-44a6-b996-25df487e3c54: receive RaftClientReply:client-3502B0E99E4B->68798575-c94b-44a6-b996-25df487e3c54@group-48C576E544C9, cid=1044, SUCCESS, logIndex=0, commits[68798575-c94b-44a6-b996-25df487e3c54:c1410, 9ec8ead9-888e-415b-b04c-32cd2c26f792:c1406, 84ef4577-07e0-4c8d-900e-d449eb7bf65d:c1406]
2019-07-10 10:03:42,561 INFO  client.GrpcClientProtocolClient (GrpcClientProtocolClient.java:onNext(255)) - client-3502B0E99E4B->68798575-c94b-44a6-b996-25df487e3c54: receive RaftClientReply:client-3502B0E99E4B->68798575-c94b-44a6-b996-25df487e3c54@group-48C576E544C9, cid=1045, SUCCESS, logIndex=1413, commits[68798575-c94b-44a6-b996-25df487e3c54:c1414, 9ec8ead9-888e-415b-b04c-32cd2c26f792:c1412, 84ef4577-07e0-4c8d-900e-d449eb7bf65d:c1412]
2019-07-10 10:03:42,562 INFO  client.GrpcClientProtocolClient (GrpcClientProtocolClient.java:onNext(255)) - client-3502B0E99E4B->68798575-c94b-44a6-b996-25df487e3c54: receive RaftClientReply:client-3502B0E99E4B->68798575-c94b-44a6-b996-25df487e3c54@group-48C576E544C9, cid=1046, SUCCESS, logIndex=1414, commits[68798575-c94b-44a6-b996-25df487e3c54:c1414, 9ec8ead9-888e-415b-b04c-32cd2c26f792:c1412, 84ef4577-07e0-4c8d-900e-d449eb7bf65d:c1412]
2019-07-10 10:03:42,575 INFO  client.GrpcClientProtocolClient (GrpcClientProtocolClient.java:onNext(255)) - client-3502B0E99E4B->68798575-c94b-44a6-b996-25df487e3c54: receive RaftClientReply:client-3502B0E99E4B->68798575-c94b-44a6-b996-25df487e3c54@group-48C576E544C9, cid=1047, SUCCESS, logIndex=1417, commits[68798575-c94b-44a6-b996-25df487e3c54:c1418, 9ec8ead9-888e-415b-b04c-32cd2c26f792:c1413, 84ef4577-07e0-4c8d-900e-d449eb7bf65d:c1414]
2019-07-10 10:03:42,575 INFO  client.GrpcClientProtocolClient (GrpcClientProtocolClient.java:onNext(255)) - client-3502B0E99E4B->68798575-c94b-44a6-b996-25df487e3c54: receive RaftClientReply:client-3502B0E99E4B->68798575-c94b-44a6-b996-25df487e3c54@group-48C576E544C9, cid=1048, SUCCESS, logIndex=1418, commits[68798575-c94b-44a6-b996-25df487e3c54:c1418, 9ec8ead9-888e-415b-b04c-32cd2c26f792:c1414, 84ef4577-07e0-4c8d-900e-d449eb7bf65d:c1414]
2019-07-10 10:03:42,579 INFO  client.GrpcClientProtocolClient (GrpcClientProtocolClient.java:onNext(255)) - client-3502B0E99E4B->68798575-c94b-44a6-b996-25df487e3c54: receive RaftClientReply:client-3502B0E99E4B->68798575-c94b-44a6-b996-25df487e3c54@group-48C576E544C9, cid=1049, SUCCESS, logIndex=0, commits[68798575-c94b-44a6-b996-25df487e3c54:c1420, 9ec8ead9-888e-415b-b04c-32cd2c26f792:c1418, 84ef4577-07e0-4c8d-900e-d449eb7bf65d:c1418]
2019-07-10 10:03:42,599 INFO  client.GrpcClientProtocolClient (GrpcClientProtocolClient.java:onNext(255)) - client-3502B0E99E4B->68798575-c94b-44a6-b996-25df487e3c54: receive RaftClientReply:client-3502B0E99E4B->68798575-c94b-44a6-b996-25df487e3c54@group-48C576E544C9, cid=1050, SUCCESS, logIndex=1421, commits[68798575-c94b-44a6-b996-25df487e3c54:c1422, 9ec8ead9-888e-415b-b04c-32cd2c26f792:c1420, 84ef4577-07e0-4c8d-900e-d449eb7bf65d:c1420]
2019-07-10 10:03:42,600 INFO  client.GrpcClientProtocolClient (GrpcClientProtocolClient.java:onNext(255)) - client-3502B0E99E4B->68798575-c94b-44a6-b996-25df487e3c54: receive RaftClientReply:client-3502B0E99E4B->68798575-c94b-44a6-b996-25df487e3c54@group-48C576E544C9, cid=1051, SUCCESS, logIndex=1422, commits[68798575-c94b-44a6-b996-25df487e3c54:c1422, 9ec8ead9-888e-415b-b04c-32cd2c26f792:c1420, 84ef4577-07e0-4c8d-900e-d449eb7bf65d:c1420]
2019-07-10 10:03:42,600 INFO  client.GrpcClientProtocolClient (GrpcClientProtocolClient.java:onNext(255)) - client-3502B0E99E4B->68798575-c94b-44a6-b996-25df487e3c54: receive RaftClientReply:client-3502B0E99E4B->68798575-c94b-44a6-b996-25df487e3c54@group-48C576E544C9, cid=1052, SUCCESS, logIndex=1423, commits[68798575-c94b-44a6-b996-25df487e3c54:c1423, 9ec8ead9-888e-415b-b04c-32cd2c26f792:c1420, 84ef4577-07e0-4c8d-900e-d449eb7bf65d:c1420]
2019-07-10 10:03:42,601 INFO  client.GrpcClientProtocolClient (GrpcClientProtocolClient.java:onNext(255)) - client-3502B0E99E4B->68798575-c94b-44a6-b996-25df487e3c54: receive RaftClientReply:client-3502B0E99E4B->68798575-c94b-44a6-b996-25df487e3c54@group-48C576E544C9, cid=1053, SUCCESS, logIndex=1424, commits[68798575-c94b-44a6-b996-25df487e3c54:c1424, 9ec8ead9-888e-415b-b04c-32cd2c26f792:c1420, 84ef4577-07e0-4c8d-900e-d449eb7bf65d:c1420]
2019-07-10 10:03:42,602 INFO  client.GrpcClientProtocolClient (GrpcClientProtocolClient.java:onNext(255)) - client-3502B0E99E4B->68798575-c94b-44a6-b996-25df487e3c54: receive RaftClientReply:client-3502B0E99E4B->68798575-c94b-44a6-b996-25df487e3c54@group-48C576E544C9, cid=1054, SUCCESS, logIndex=0, commits[68798575-c94b-44a6-b996-25df487e3c54:c1426, 9ec8ead9-888e-415b-b04c-32cd2c26f792:c1422, 84ef4577-07e0-4c8d-900e-d449eb7bf65d:c1422]
2019-07-10 10:03:42,621 INFO  client.GrpcClientProtocolClient (GrpcClientProtocolClient.java:onNext(255)) - client-3502B0E99E4B->68798575-c94b-44a6-b996-25df487e3c54: receive RaftClientReply:client-3502B0E99E4B->68798575-c94b-44a6-b996-25df487e3c54@group-48C576E544C9, cid=1055, SUCCESS, logIndex=1429, commits[68798575-c94b-44a6-b996-25df487e3c54:c1430, 9ec8ead9-888e-415b-b04c-32cd2c26f792:c1428, 84ef4577-07e0-4c8d-900e-d449eb7bf65d:c1428]
2019-07-10 10:03:42,621 INFO  client.GrpcClientProtocolClient (GrpcClientProtocolClient.java:onNext(255)) - client-3502B0E99E4B->68798575-c94b-44a6-b996-25df487e3c54: receive RaftClientReply:client-3502B0E99E4B->68798575-c94b-44a6-b996-25df487e3c54@group-48C576E544C9, cid=1056, SUCCESS, logIndex=1430, commits[68798575-c94b-44a6-b996-25df487e3c54:c1430, 9ec8ead9-888e-415b-b04c-32cd2c26f792:c1428, 84ef4577-07e0-4c8d-900e-d449eb7bf65d:c1428]
2019-07-10 10:03:42,634 INFO  client.GrpcClientProtocolClient (GrpcClientProtocolClient.java:onNext(255)) - client-3502B0E99E4B->68798575-c94b-44a6-b996-25df487e3c54: receive RaftClientReply:client-3502B0E99E4B->68798575-c94b-44a6-b996-25df487e3c54@group-48C576E544C9, cid=1057, SUCCESS, logIndex=1433, commits[68798575-c94b-44a6-b996-25df487e3c54:c1434, 9ec8ead9-888e-415b-b04c-32cd2c26f792:c1430, 84ef4577-07e0-4c8d-900e-d449eb7bf65d:c1430]
2019-07-10 10:03:42,635 INFO  client.GrpcClientProtocolClient (GrpcClientProtocolClient.java:onNext(255)) - client-3502B0E99E4B->68798575-c94b-44a6-b996-25df487e3c54: receive RaftClientReply:client-3502B0E99E4B->68798575-c94b-44a6-b996-25df487e3c54@group-48C576E544C9, cid=1058, SUCCESS, logIndex=1434, commits[68798575-c94b-44a6-b996-25df487e3c54:c1434, 9ec8ead9-888e-415b-b04c-32cd2c26f792:c1430, 84ef4577-07e0-4c8d-900e-d449eb7bf65d:c1430]
2019-07-10 10:03:42,647 INFO  client.GrpcClientProtocolClient (GrpcClientProtocolClient.java:onNext(255)) - client-3502B0E99E4B->68798575-c94b-44a6-b996-25df487e3c54: receive RaftClientReply:client-3502B0E99E4B->68798575-c94b-44a6-b996-25df487e3c54@group-48C576E544C9, cid=1059, SUCCESS, logIndex=0, commits[68798575-c94b-44a6-b996-25df487e3c54:c1436, 9ec8ead9-888e-415b-b04c-32cd2c26f792:c1434, 84ef4577-07e0-4c8d-900e-d449eb7bf65d:c1434]
2019-07-10 10:03:42,666 INFO  client.GrpcClientProtocolClient (GrpcClientProtocolClient.java:onNext(255)) - client-3502B0E99E4B->68798575-c94b-44a6-b996-25df487e3c54: receive RaftClientReply:client-3502B0E99E4B->68798575-c94b-44a6-b996-25df487e3c54@group-48C576E544C9, cid=1060, SUCCESS, logIndex=1437, commits[68798575-c94b-44a6-b996-25df487e3c54:c1438, 9ec8ead9-888e-415b-b04c-32cd2c26f792:c1436, 84ef4577-07e0-4c8d-900e-d449eb7bf65d:c1436]
2019-07-10 10:03:42,667 INFO  client.GrpcClientProtocolClient (GrpcClientProtocolClient.java:onNext(255)) - client-3502B0E99E4B->68798575-c94b-44a6-b996-25df487e3c54: receive RaftClientReply:client-3502B0E99E4B->68798575-c94b-44a6-b996-25df487e3c54@group-48C576E544C9, cid=1061, SUCCESS, logIndex=1438, commits[68798575-c94b-44a6-b996-25df487e3c54:c1440, 9ec8ead9-888e-415b-b04c-32cd2c26f792:c1436, 84ef4577-07e0-4c8d-900e-d449eb7bf65d:c1436]
2019-07-10 10:03:42,667 INFO  client.GrpcClientProtocolClient (GrpcClientProtocolClient.java:onNext(255)) - client-3502B0E99E4B->68798575-c94b-44a6-b996-25df487e3c54: receive RaftClientReply:client-3502B0E99E4B->68798575-c94b-44a6-b996-25df487e3c54@group-48C576E544C9, cid=1062, SUCCESS, logIndex=1439, commits[68798575-c94b-44a6-b996-25df487e3c54:c1440, 9ec8ead9-888e-415b-b04c-32cd2c26f792:c1436, 84ef4577-07e0-4c8d-900e-d449eb7bf65d:c1436]
2019-07-10 10:03:42,668 INFO  client.GrpcClientProtocolClient (GrpcClientProtocolClient.java:onNext(255)) - client-3502B0E99E4B->68798575-c94b-44a6-b996-25df487e3c54: receive RaftClientReply:client-3502B0E99E4B->68798575-c94b-44a6-b996-25df487e3c54@group-48C576E544C9, cid=1063, SUCCESS, logIndex=1440, commits[68798575-c94b-44a6-b996-25df487e3c54:c1440, 9ec8ead9-888e-415b-b04c-32cd2c26f792:c1436, 84ef4577-07e0-4c8d-900e-d449eb7bf65d:c1436]
2019-07-10 10:03:42,778 INFO  client.GrpcClientProtocolClient (GrpcClientProtocolClient.java:onNext(255)) - client-3502B0E99E4B->68798575-c94b-44a6-b996-25df487e3c54: receive RaftClientReply:client-3502B0E99E4B->68798575-c94b-44a6-b996-25df487e3c54@group-48C576E544C9, cid=1064, SUCCESS, logIndex=0, commits[68798575-c94b-44a6-b996-25df487e3c54:c1444, 9ec8ead9-888e-415b-b04c-32cd2c26f792:c1440, 84ef4577-07e0-4c8d-900e-d449eb7bf65d:c1438]
2019-07-10 10:03:42,800 INFO  client.GrpcClientProtocolClient (GrpcClientProtocolClient.java:onNext(255)) - client-3502B0E99E4B->68798575-c94b-44a6-b996-25df487e3c54: receive RaftClientReply:client-3502B0E99E4B->68798575-c94b-44a6-b996-25df487e3c54@group-48C576E544C9, cid=1065, SUCCESS, logIndex=1445, commits[68798575-c94b-44a6-b996-25df487e3c54:c1445, 9ec8ead9-888e-415b-b04c-32cd2c26f792:c1444, 84ef4577-07e0-4c8d-900e-d449eb7bf65d:c1444]
2019-07-10 10:03:42,800 INFO  client.GrpcClientProtocolClient (GrpcClientProtocolClient.java:onNext(255)) - client-3502B0E99E4B->68798575-c94b-44a6-b996-25df487e3c54: receive RaftClientReply:client-3502B0E99E4B->68798575-c94b-44a6-b996-25df487e3c54@group-48C576E544C9, cid=1066, SUCCESS, logIndex=1446, commits[68798575-c94b-44a6-b996-25df487e3c54:c1446, 9ec8ead9-888e-415b-b04c-32cd2c26f792:c1444, 84ef4577-07e0-4c8d-900e-d449eb7bf65d:c1444]
2019-07-10 10:03:42,824 INFO  client.GrpcClientProtocolClient (GrpcClientProtocolClient.java:onNext(255)) - client-3502B0E99E4B->68798575-c94b-44a6-b996-25df487e3c54: receive RaftClientReply:client-3502B0E99E4B->68798575-c94b-44a6-b996-25df487e3c54@group-48C576E544C9, cid=1067, SUCCESS, logIndex=1449, commits[68798575-c94b-44a6-b996-25df487e3c54:c1450, 9ec8ead9-888e-415b-b04c-32cd2c26f792:c1446, 84ef4577-07e0-4c8d-900e-d449eb7bf65d:c1446]
2019-07-10 10:03:42,825 INFO  client.GrpcClientProtocolClient (GrpcClientProtocolClient.java:onNext(255)) - client-3502B0E99E4B->68798575-c94b-44a6-b996-25df487e3c54: receive RaftClientReply:client-3502B0E99E4B->68798575-c94b-44a6-b996-25df487e3c54@group-48C576E544C9, cid=1068, SUCCESS, logIndex=1450, commits[68798575-c94b-44a6-b996-25df487e3c54:c1450, 9ec8ead9-888e-415b-b04c-32cd2c26f792:c1446, 84ef4577-07e0-4c8d-900e-d449eb7bf65d:c1446]
2019-07-10 10:03:42,838 INFO  client.GrpcClientProtocolClient (GrpcClientProtocolClient.java:onNext(255)) - client-3502B0E99E4B->68798575-c94b-44a6-b996-25df487e3c54: receive RaftClientReply:client-3502B0E99E4B->68798575-c94b-44a6-b996-25df487e3c54@group-48C576E544C9, cid=1069, SUCCESS, logIndex=0, commits[68798575-c94b-44a6-b996-25df487e3c54:c1452, 9ec8ead9-888e-415b-b04c-32cd2c26f792:c1450, 84ef4577-07e0-4c8d-900e-d449eb7bf65d:c1450]
2019-07-10 10:03:42,860 INFO  client.GrpcClientProtocolClient (GrpcClientProtocolClient.java:onNext(255)) - client-3502B0E99E4B->68798575-c94b-44a6-b996-25df487e3c54: receive RaftClientReply:client-3502B0E99E4B->68798575-c94b-44a6-b996-25df487e3c54@group-48C576E544C9, cid=1070, SUCCESS, logIndex=1453, commits[68798575-c94b-44a6-b996-25df487e3c54:c1454, 9ec8ead9-888e-415b-b04c-32cd2c26f792:c1452, 84ef4577-07e0-4c8d-900e-d449eb7bf65d:c1452]
2019-07-10 10:03:42,860 INFO  client.GrpcClientProtocolClient (GrpcClientProtocolClient.java:onNext(255)) - client-3502B0E99E4B->68798575-c94b-44a6-b996-25df487e3c54: receive RaftClientReply:client-3502B0E99E4B->68798575-c94b-44a6-b996-25df487e3c54@group-48C576E544C9, cid=1071, SUCCESS, logIndex=1454, commits[68798575-c94b-44a6-b996-25df487e3c54:c1454, 9ec8ead9-888e-415b-b04c-32cd2c26f792:c1452, 84ef4577-07e0-4c8d-900e-d449eb7bf65d:c1452]
2019-07-10 10:03:42,862 INFO  client.GrpcClientProtocolClient (GrpcClientProtocolClient.java:onNext(255)) - client-3502B0E99E4B->68798575-c94b-44a6-b996-25df487e3c54: receive RaftClientReply:client-3502B0E99E4B->68798575-c94b-44a6-b996-25df487e3c54@group-48C576E544C9, cid=1072, SUCCESS, logIndex=1455, commits[68798575-c94b-44a6-b996-25df487e3c54:c1456, 9ec8ead9-888e-415b-b04c-32cd2c26f792:c1452, 84ef4577-07e0-4c8d-900e-d449eb7bf65d:c1452]
2019-07-10 10:03:42,863 INFO  client.GrpcClientProtocolClient (GrpcClientProtocolClient.java:onNext(255)) - client-3502B0E99E4B->68798575-c94b-44a6-b996-25df487e3c54: receive RaftClientReply:client-3502B0E99E4B->68798575-c94b-44a6-b996-25df487e3c54@group-48C576E544C9, cid=1073, SUCCESS, logIndex=1456, commits[68798575-c94b-44a6-b996-25df487e3c54:c1456, 9ec8ead9-888e-415b-b04c-32cd2c26f792:c1452, 84ef4577-07e0-4c8d-900e-d449eb7bf65d:c1452]
 0.00% |█                                                                                                    |  0/1 Time: 0:00:072019-07-10 10:03:43,652 INFO  client.GrpcClientProtocolClient (GrpcClientProtocolClient.java:onNext(255)) - client-3502B0E99E4B->68798575-c94b-44a6-b996-25df487e3c54: receive RaftClientReply:client-3502B0E99E4B->68798575-c94b-44a6-b996-25df487e3c54@group-48C576E544C9, cid=1074, SUCCESS, logIndex=0, commits[68798575-c94b-44a6-b996-25df487e3c54:c1458, 9ec8ead9-888e-415b-b04c-32cd2c26f792:c1456, 84ef4577-07e0-4c8d-900e-d449eb7bf65d:c1456]
2019-07-10 10:03:43,677 INFO  client.GrpcClientProtocolClient (GrpcClientProtocolClient.java:onNext(255)) - client-3502B0E99E4B->68798575-c94b-44a6-b996-25df487e3c54: receive RaftClientReply:client-3502B0E99E4B->68798575-c94b-44a6-b996-25df487e3c54@group-48C576E544C9, cid=1075, SUCCESS, logIndex=1461, commits[68798575-c94b-44a6-b996-25df487e3c54:c1462, 9ec8ead9-888e-415b-b04c-32cd2c26f792:c1460, 84ef4577-07e0-4c8d-900e-d449eb7bf65d:c1460]
2019-07-10 10:03:43,677 INFO  client.GrpcClientProtocolClient (GrpcClientProtocolClient.java:onNext(255)) - client-3502B0E99E4B->68798575-c94b-44a6-b996-25df487e3c54: receive RaftClientReply:client-3502B0E99E4B->68798575-c94b-44a6-b996-25df487e3c54@group-48C576E544C9, cid=1076, SUCCESS, logIndex=1462, commits[68798575-c94b-44a6-b996-25df487e3c54:c1462, 9ec8ead9-888e-415b-b04c-32cd2c26f792:c1460, 84ef4577-07e0-4c8d-900e-d449eb7bf65d:c1460]
2019-07-10 10:03:43,696 INFO  client.GrpcClientProtocolClient (GrpcClientProtocolClient.java:onNext(255)) - client-3502B0E99E4B->68798575-c94b-44a6-b996-25df487e3c54: receive RaftClientReply:client-3502B0E99E4B->68798575-c94b-44a6-b996-25df487e3c54@group-48C576E544C9, cid=1077, SUCCESS, logIndex=1465, commits[68798575-c94b-44a6-b996-25df487e3c54:c1466, 9ec8ead9-888e-415b-b04c-32cd2c26f792:c1462, 84ef4577-07e0-4c8d-900e-d449eb7bf65d:c1462]
2019-07-10 10:03:43,697 INFO  client.GrpcClientProtocolClient (GrpcClientProtocolClient.java:onNext(255)) - client-3502B0E99E4B->68798575-c94b-44a6-b996-25df487e3c54: receive RaftClientReply:client-3502B0E99E4B->68798575-c94b-44a6-b996-25df487e3c54@group-48C576E544C9, cid=1078, SUCCESS, logIndex=1466, commits[68798575-c94b-44a6-b996-25df487e3c54:c1466, 9ec8ead9-888e-415b-b04c-32cd2c26f792:c1462, 84ef4577-07e0-4c8d-900e-d449eb7bf65d:c1462]
2019-07-10 10:03:43,703 INFO  client.GrpcClientProtocolClient (GrpcClientProtocolClient.java:onNext(255)) - client-3502B0E99E4B->68798575-c94b-44a6-b996-25df487e3c54: receive RaftClientReply:client-3502B0E99E4B->68798575-c94b-44a6-b996-25df487e3c54@group-48C576E544C9, cid=1079, SUCCESS, logIndex=0, commits[68798575-c94b-44a6-b996-25df487e3c54:c1468, 9ec8ead9-888e-415b-b04c-32cd2c26f792:c1466, 84ef4577-07e0-4c8d-900e-d449eb7bf65d:c1466]
2019-07-10 10:03:43,728 INFO  client.GrpcClientProtocolClient (GrpcClientProtocolClient.java:onNext(255)) - client-3502B0E99E4B->68798575-c94b-44a6-b996-25df487e3c54: receive RaftClientReply:client-3502B0E99E4B->68798575-c94b-44a6-b996-25df487e3c54@group-48C576E544C9, cid=1080, SUCCESS, logIndex=1469, commits[68798575-c94b-44a6-b996-25df487e3c54:c1470, 9ec8ead9-888e-415b-b04c-32cd2c26f792:c1468, 84ef4577-07e0-4c8d-900e-d449eb7bf65d:c1468]
2019-07-10 10:03:43,728 INFO  client.GrpcClientProtocolClient (GrpcClientProtocolClient.java:onNext(255)) - client-3502B0E99E4B->68798575-c94b-44a6-b996-25df487e3c54: receive RaftClientReply:client-3502B0E99E4B->68798575-c94b-44a6-b996-25df487e3c54@group-48C576E544C9, cid=1081, SUCCESS, logIndex=1470, commits[68798575-c94b-44a6-b996-25df487e3c54:c1472, 9ec8ead9-888e-415b-b04c-32cd2c26f792:c1468, 84ef4577-07e0-4c8d-900e-d449eb7bf65d:c1468]
2019-07-10 10:03:43,729 INFO  client.GrpcClientProtocolClient (GrpcClientProtocolClient.java:onNext(255)) - client-3502B0E99E4B->68798575-c94b-44a6-b996-25df487e3c54: receive RaftClientReply:client-3502B0E99E4B->68798575-c94b-44a6-b996-25df487e3c54@group-48C576E544C9, cid=1082, SUCCESS, logIndex=1471, commits[68798575-c94b-44a6-b996-25df487e3c54:c1472, 9ec8ead9-888e-415b-b04c-32cd2c26f792:c1468, 84ef4577-07e0-4c8d-900e-d449eb7bf65d:c1468]
2019-07-10 10:03:43,729 INFO  client.GrpcClientProtocolClient (GrpcClientProtocolClient.java:onNext(255)) - client-3502B0E99E4B->68798575-c94b-44a6-b996-25df487e3c54: receive RaftClientReply:client-3502B0E99E4B->68798575-c94b-44a6-b996-25df487e3c54@group-48C576E544C9, cid=1083, SUCCESS, logIndex=1472, commits[68798575-c94b-44a6-b996-25df487e3c54:c1472, 9ec8ead9-888e-415b-b04c-32cd2c26f792:c1468, 84ef4577-07e0-4c8d-900e-d449eb7bf65d:c1468]
2019-07-10 10:03:43,731 INFO  client.GrpcClientProtocolClient (GrpcClientProtocolClient.java:onNext(255)) - client-3502B0E99E4B->68798575-c94b-44a6-b996-25df487e3c54: receive RaftClientReply:client-3502B0E99E4B->68798575-c94b-44a6-b996-25df487e3c54@group-48C576E544C9, cid=1084, SUCCESS, logIndex=0, commits[68798575-c94b-44a6-b996-25df487e3c54:c1475, 9ec8ead9-888e-415b-b04c-32cd2c26f792:c1471, 84ef4577-07e0-4c8d-900e-d449eb7bf65d:c1470]
2019-07-10 10:03:43,754 INFO  client.GrpcClientProtocolClient (GrpcClientProtocolClient.java:onNext(255)) - client-3502B0E99E4B->68798575-c94b-44a6-b996-25df487e3c54: receive RaftClientReply:client-3502B0E99E4B->68798575-c94b-44a6-b996-25df487e3c54@group-48C576E544C9, cid=1085, SUCCESS, logIndex=1477, commits[68798575-c94b-44a6-b996-25df487e3c54:c1478, 9ec8ead9-888e-415b-b04c-32cd2c26f792:c1476, 84ef4577-07e0-4c8d-900e-d449eb7bf65d:c1476]
2019-07-10 10:03:43,754 INFO  client.GrpcClientProtocolClient (GrpcClientProtocolClient.java:onNext(255)) - client-3502B0E99E4B->68798575-c94b-44a6-b996-25df487e3c54: receive RaftClientReply:client-3502B0E99E4B->68798575-c94b-44a6-b996-25df487e3c54@group-48C576E544C9, cid=1086, SUCCESS, logIndex=1478, commits[68798575-c94b-44a6-b996-25df487e3c54:c1478, 9ec8ead9-888e-415b-b04c-32cd2c26f792:c1476, 84ef4577-07e0-4c8d-900e-d449eb7bf65d:c1476]
2019-07-10 10:03:43,776 INFO  client.GrpcClientProtocolClient (GrpcClientProtocolClient.java:onNext(255)) - client-3502B0E99E4B->68798575-c94b-44a6-b996-25df487e3c54: receive RaftClientReply:client-3502B0E99E4B->68798575-c94b-44a6-b996-25df487e3c54@group-48C576E544C9, cid=1087, SUCCESS, logIndex=1481, commits[68798575-c94b-44a6-b996-25df487e3c54:c1482, 9ec8ead9-888e-415b-b04c-32cd2c26f792:c1478, 84ef4577-07e0-4c8d-900e-d449eb7bf65d:c1478]
2019-07-10 10:03:43,776 INFO  client.GrpcClientProtocolClient (GrpcClientProtocolClient.java:onNext(255)) - client-3502B0E99E4B->68798575-c94b-44a6-b996-25df487e3c54: receive RaftClientReply:client-3502B0E99E4B->68798575-c94b-44a6-b996-25df487e3c54@group-48C576E544C9, cid=1088, SUCCESS, logIndex=1482, commits[68798575-c94b-44a6-b996-25df487e3c54:c1482, 9ec8ead9-888e-415b-b04c-32cd2c26f792:c1478, 84ef4577-07e0-4c8d-900e-d449eb7bf65d:c1478]
2019-07-10 10:03:43,789 INFO  client.GrpcClientProtocolClient (GrpcClientProtocolClient.java:onNext(255)) - client-3502B0E99E4B->68798575-c94b-44a6-b996-25df487e3c54: receive RaftClientReply:client-3502B0E99E4B->68798575-c94b-44a6-b996-25df487e3c54@group-48C576E544C9, cid=1089, SUCCESS, logIndex=0, commits[68798575-c94b-44a6-b996-25df487e3c54:c1484, 9ec8ead9-888e-415b-b04c-32cd2c26f792:c1482, 84ef4577-07e0-4c8d-900e-d449eb7bf65d:c1482]
2019-07-10 10:03:43,809 INFO  client.GrpcClientProtocolClient (GrpcClientProtocolClient.java:onNext(255)) - client-3502B0E99E4B->68798575-c94b-44a6-b996-25df487e3c54: receive RaftClientReply:client-3502B0E99E4B->68798575-c94b-44a6-b996-25df487e3c54@group-48C576E544C9, cid=1090, SUCCESS, logIndex=1485, commits[68798575-c94b-44a6-b996-25df487e3c54:c1486, 9ec8ead9-888e-415b-b04c-32cd2c26f792:c1484, 84ef4577-07e0-4c8d-900e-d449eb7bf65d:c1484]
2019-07-10 10:03:43,809 INFO  client.GrpcClientProtocolClient (GrpcClientProtocolClient.java:onNext(255)) - client-3502B0E99E4B->68798575-c94b-44a6-b996-25df487e3c54: receive RaftClientReply:client-3502B0E99E4B->68798575-c94b-44a6-b996-25df487e3c54@group-48C576E544C9, cid=1091, SUCCESS, logIndex=1486, commits[68798575-c94b-44a6-b996-25df487e3c54:c1487, 9ec8ead9-888e-415b-b04c-32cd2c26f792:c1484, 84ef4577-07e0-4c8d-900e-d449eb7bf65d:c1484]
2019-07-10 10:03:43,810 INFO  client.GrpcClientProtocolClient (GrpcClientProtocolClient.java:onNext(255)) - client-3502B0E99E4B->68798575-c94b-44a6-b996-25df487e3c54: receive RaftClientReply:client-3502B0E99E4B->68798575-c94b-44a6-b996-25df487e3c54@group-48C576E544C9, cid=1092, SUCCESS, logIndex=1487, commits[68798575-c94b-44a6-b996-25df487e3c54:c1488, 9ec8ead9-888e-415b-b04c-32cd2c26f792:c1484, 84ef4577-07e0-4c8d-900e-d449eb7bf65d:c1484]
2019-07-10 10:03:43,810 INFO  client.GrpcClientProtocolClient (GrpcClientProtocolClient.java:onNext(255)) - client-3502B0E99E4B->68798575-c94b-44a6-b996-25df487e3c54: receive RaftClientReply:client-3502B0E99E4B->68798575-c94b-44a6-b996-25df487e3c54@group-48C576E544C9, cid=1093, SUCCESS, logIndex=1488, commits[68798575-c94b-44a6-b996-25df487e3c54:c1488, 9ec8ead9-888e-415b-b04c-32cd2c26f792:c1484, 84ef4577-07e0-4c8d-900e-d449eb7bf65d:c1484]
2019-07-10 10:03:43,811 INFO  client.GrpcClientProtocolClient (GrpcClientProtocolClient.java:onNext(255)) - client-3502B0E99E4B->68798575-c94b-44a6-b996-25df487e3c54: receive RaftClientReply:client-3502B0E99E4B->68798575-c94b-44a6-b996-25df487e3c54@group-48C576E544C9, cid=1094, SUCCESS, logIndex=0, commits[68798575-c94b-44a6-b996-25df487e3c54:c1490, 9ec8ead9-888e-415b-b04c-32cd2c26f792:c1486, 84ef4577-07e0-4c8d-900e-d449eb7bf65d:c1486]
2019-07-10 10:03:43,837 INFO  client.GrpcClientProtocolClient (GrpcClientProtocolClient.java:onNext(255)) - client-3502B0E99E4B->68798575-c94b-44a6-b996-25df487e3c54: receive RaftClientReply:client-3502B0E99E4B->68798575-c94b-44a6-b996-25df487e3c54@group-48C576E544C9, cid=1095, SUCCESS, logIndex=1493, commits[68798575-c94b-44a6-b996-25df487e3c54:c1494, 9ec8ead9-888e-415b-b04c-32cd2c26f792:c1492, 84ef4577-07e0-4c8d-900e-d449eb7bf65d:c1492]
2019-07-10 10:03:43,838 INFO  client.GrpcClientProtocolClient (GrpcClientProtocolClient.java:onNext(255)) - client-3502B0E99E4B->68798575-c94b-44a6-b996-25df487e3c54: receive RaftClientReply:client-3502B0E99E4B->68798575-c94b-44a6-b996-25df487e3c54@group-48C576E544C9, cid=1096, SUCCESS, logIndex=1494, commits[68798575-c94b-44a6-b996-25df487e3c54:c1494, 9ec8ead9-888e-415b-b04c-32cd2c26f792:c1492, 84ef4577-07e0-4c8d-900e-d449eb7bf65d:c1492]
2019-07-10 10:03:43,861 INFO  client.GrpcClientProtocolClient (GrpcClientProtocolClient.java:onNext(255)) - client-3502B0E99E4B->68798575-c94b-44a6-b996-25df487e3c54: receive RaftClientReply:client-3502B0E99E4B->68798575-c94b-44a6-b996-25df487e3c54@group-48C576E544C9, cid=1097, SUCCESS, logIndex=1497, commits[68798575-c94b-44a6-b996-25df487e3c54:c1498, 9ec8ead9-888e-415b-b04c-32cd2c26f792:c1494, 84ef4577-07e0-4c8d-900e-d449eb7bf65d:c1494]
2019-07-10 10:03:43,861 INFO  client.GrpcClientProtocolClient (GrpcClientProtocolClient.java:onNext(255)) - client-3502B0E99E4B->68798575-c94b-44a6-b996-25df487e3c54: receive RaftClientReply:client-3502B0E99E4B->68798575-c94b-44a6-b996-25df487e3c54@group-48C576E544C9, cid=1098, SUCCESS, logIndex=1498, commits[68798575-c94b-44a6-b996-25df487e3c54:c1498, 9ec8ead9-888e-415b-b04c-32cd2c26f792:c1494, 84ef4577-07e0-4c8d-900e-d449eb7bf65d:c1494]
2019-07-10 10:03:43,874 INFO  client.GrpcClientProtocolClient (GrpcClientProtocolClient.java:onNext(255)) - client-3502B0E99E4B->68798575-c94b-44a6-b996-25df487e3c54: receive RaftClientReply:client-3502B0E99E4B->68798575-c94b-44a6-b996-25df487e3c54@group-48C576E544C9, cid=1099, SUCCESS, logIndex=0, commits[68798575-c94b-44a6-b996-25df487e3c54:c1500, 9ec8ead9-888e-415b-b04c-32cd2c26f792:c1498, 84ef4577-07e0-4c8d-900e-d449eb7bf65d:c1498]
2019-07-10 10:03:43,895 INFO  client.GrpcClientProtocolClient (GrpcClientProtocolClient.java:onNext(255)) - client-3502B0E99E4B->68798575-c94b-44a6-b996-25df487e3c54: receive RaftClientReply:client-3502B0E99E4B->68798575-c94b-44a6-b996-25df487e3c54@group-48C576E544C9, cid=1100, SUCCESS, logIndex=1501, commits[68798575-c94b-44a6-b996-25df487e3c54:c1502, 9ec8ead9-888e-415b-b04c-32cd2c26f792:c1500, 84ef4577-07e0-4c8d-900e-d449eb7bf65d:c1500]
2019-07-10 10:03:43,896 INFO  client.GrpcClientProtocolClient (GrpcClientProtocolClient.java:onNext(255)) - client-3502B0E99E4B->68798575-c94b-44a6-b996-25df487e3c54: receive RaftClientReply:client-3502B0E99E4B->68798575-c94b-44a6-b996-25df487e3c54@group-48C576E544C9, cid=1101, SUCCESS, logIndex=1502, commits[68798575-c94b-44a6-b996-25df487e3c54:c1504, 9ec8ead9-888e-415b-b04c-32cd2c26f792:c1500, 84ef4577-07e0-4c8d-900e-d449eb7bf65d:c1500]
2019-07-10 10:03:43,897 INFO  client.GrpcClientProtocolClient (GrpcClientProtocolClient.java:onNext(255)) - client-3502B0E99E4B->68798575-c94b-44a6-b996-25df487e3c54: receive RaftClientReply:client-3502B0E99E4B->68798575-c94b-44a6-b996-25df487e3c54@group-48C576E544C9, cid=1102, SUCCESS, logIndex=1503, commits[68798575-c94b-44a6-b996-25df487e3c54:c1504, 9ec8ead9-888e-415b-b04c-32cd2c26f792:c1500, 84ef4577-07e0-4c8d-900e-d449eb7bf65d:c1500]
2019-07-10 10:03:43,897 INFO  client.GrpcClientProtocolClient (GrpcClientProtocolClient.java:onNext(255)) - client-3502B0E99E4B->68798575-c94b-44a6-b996-25df487e3c54: receive RaftClientReply:client-3502B0E99E4B->68798575-c94b-44a6-b996-25df487e3c54@group-48C576E544C9, cid=1103, SUCCESS, logIndex=1504, commits[68798575-c94b-44a6-b996-25df487e3c54:c1504, 9ec8ead9-888e-415b-b04c-32cd2c26f792:c1500, 84ef4577-07e0-4c8d-900e-d449eb7bf65d:c1500]
2019-07-10 10:03:43,898 INFO  client.GrpcClientProtocolClient (GrpcClientProtocolClient.java:onNext(255)) - client-3502B0E99E4B->68798575-c94b-44a6-b996-25df487e3c54: receive RaftClientReply:client-3502B0E99E4B->68798575-c94b-44a6-b996-25df487e3c54@group-48C576E544C9, cid=1104, SUCCESS, logIndex=0, commits[68798575-c94b-44a6-b996-25df487e3c54:c1507, 9ec8ead9-888e-415b-b04c-32cd2c26f792:c1502, 84ef4577-07e0-4c8d-900e-d449eb7bf65d:c1503]
2019-07-10 10:03:43,919 INFO  client.GrpcClientProtocolClient (GrpcClientProtocolClient.java:onNext(255)) - client-3502B0E99E4B->68798575-c94b-44a6-b996-25df487e3c54: receive RaftClientReply:client-3502B0E99E4B->68798575-c94b-44a6-b996-25df487e3c54@group-48C576E544C9, cid=1105, SUCCESS, logIndex=1509, commits[68798575-c94b-44a6-b996-25df487e3c54:c1510, 9ec8ead9-888e-415b-b04c-32cd2c26f792:c1508, 84ef4577-07e0-4c8d-900e-d449eb7bf65d:c1508]
2019-07-10 10:03:43,919 INFO  client.GrpcClientProtocolClient (GrpcClientProtocolClient.java:onNext(255)) - client-3502B0E99E4B->68798575-c94b-44a6-b996-25df487e3c54: receive RaftClientReply:client-3502B0E99E4B->68798575-c94b-44a6-b996-25df487e3c54@group-48C576E544C9, cid=1106, SUCCESS, logIndex=1510, commits[68798575-c94b-44a6-b996-25df487e3c54:c1510, 9ec8ead9-888e-415b-b04c-32cd2c26f792:c1508, 84ef4577-07e0-4c8d-900e-d449eb7bf65d:c1508]
2019-07-10 10:03:43,933 INFO  client.GrpcClientProtocolClient (GrpcClientProtocolClient.java:onNext(255)) - client-3502B0E99E4B->68798575-c94b-44a6-b996-25df487e3c54: receive RaftClientReply:client-3502B0E99E4B->68798575-c94b-44a6-b996-25df487e3c54@group-48C576E544C9, cid=1107, SUCCESS, logIndex=1513, commits[68798575-c94b-44a6-b996-25df487e3c54:c1513, 9ec8ead9-888e-415b-b04c-32cd2c26f792:c1510, 84ef4577-07e0-4c8d-900e-d449eb7bf65d:c1510]
2019-07-10 10:03:43,933 INFO  client.GrpcClientProtocolClient (GrpcClientProtocolClient.java:onNext(255)) - client-3502B0E99E4B->68798575-c94b-44a6-b996-25df487e3c54: receive RaftClientReply:client-3502B0E99E4B->68798575-c94b-44a6-b996-25df487e3c54@group-48C576E544C9, cid=1108, SUCCESS, logIndex=1514, commits[68798575-c94b-44a6-b996-25df487e3c54:c1514, 9ec8ead9-888e-415b-b04c-32cd2c26f792:c1510, 84ef4577-07e0-4c8d-900e-d449eb7bf65d:c1510]
2019-07-10 10:03:43,947 INFO  client.GrpcClientProtocolClient (GrpcClientProtocolClient.java:onNext(255)) - client-3502B0E99E4B->68798575-c94b-44a6-b996-25df487e3c54: receive RaftClientReply:client-3502B0E99E4B->68798575-c94b-44a6-b996-25df487e3c54@group-48C576E544C9, cid=1109, SUCCESS, logIndex=0, commits[68798575-c94b-44a6-b996-25df487e3c54:c1516, 9ec8ead9-888e-415b-b04c-32cd2c26f792:c1514, 84ef4577-07e0-4c8d-900e-d449eb7bf65d:c1514]
2019-07-10 10:03:43,967 INFO  client.GrpcClientProtocolClient (GrpcClientProtocolClient.java:onNext(255)) - client-3502B0E99E4B->68798575-c94b-44a6-b996-25df487e3c54: receive RaftClientReply:client-3502B0E99E4B->68798575-c94b-44a6-b996-25df487e3c54@group-48C576E544C9, cid=1110, SUCCESS, logIndex=1517, commits[68798575-c94b-44a6-b996-25df487e3c54:c1520, 9ec8ead9-888e-415b-b04c-32cd2c26f792:c1516, 84ef4577-07e0-4c8d-900e-d449eb7bf65d:c1516]
2019-07-10 10:03:43,968 INFO  client.GrpcClientProtocolClient (GrpcClientProtocolClient.java:onNext(255)) - client-3502B0E99E4B->68798575-c94b-44a6-b996-25df487e3c54: receive RaftClientReply:client-3502B0E99E4B->68798575-c94b-44a6-b996-25df487e3c54@group-48C576E544C9, cid=1111, SUCCESS, logIndex=1518, commits[68798575-c94b-44a6-b996-25df487e3c54:c1520, 9ec8ead9-888e-415b-b04c-32cd2c26f792:c1516, 84ef4577-07e0-4c8d-900e-d449eb7bf65d:c1516]
2019-07-10 10:03:43,968 INFO  client.GrpcClientProtocolClient (GrpcClientProtocolClient.java:onNext(255)) - client-3502B0E99E4B->68798575-c94b-44a6-b996-25df487e3c54: receive RaftClientReply:client-3502B0E99E4B->68798575-c94b-44a6-b996-25df487e3c54@group-48C576E544C9, cid=1112, SUCCESS, logIndex=1519, commits[68798575-c94b-44a6-b996-25df487e3c54:c1520, 9ec8ead9-888e-415b-b04c-32cd2c26f792:c1516, 84ef4577-07e0-4c8d-900e-d449eb7bf65d:c1516]
2019-07-10 10:03:43,969 INFO  client.GrpcClientProtocolClient (GrpcClientProtocolClient.java:onNext(255)) - client-3502B0E99E4B->68798575-c94b-44a6-b996-25df487e3c54: receive RaftClientReply:client-3502B0E99E4B->68798575-c94b-44a6-b996-25df487e3c54@group-48C576E544C9, cid=1113, SUCCESS, logIndex=1520, commits[68798575-c94b-44a6-b996-25df487e3c54:c1521, 9ec8ead9-888e-415b-b04c-32cd2c26f792:c1517, 84ef4577-07e0-4c8d-900e-d449eb7bf65d:c1517]
2019-07-10 10:03:43,970 INFO  client.GrpcClientProtocolClient (GrpcClientProtocolClient.java:onNext(255)) - client-3502B0E99E4B->68798575-c94b-44a6-b996-25df487e3c54: receive RaftClientReply:client-3502B0E99E4B->68798575-c94b-44a6-b996-25df487e3c54@group-48C576E544C9, cid=1114, SUCCESS, logIndex=0, commits[68798575-c94b-44a6-b996-25df487e3c54:c1523, 9ec8ead9-888e-415b-b04c-32cd2c26f792:c1520, 84ef4577-07e0-4c8d-900e-d449eb7bf65d:c1520]
2019-07-10 10:03:43,991 INFO  client.GrpcClientProtocolClient (GrpcClientProtocolClient.java:onNext(255)) - client-3502B0E99E4B->68798575-c94b-44a6-b996-25df487e3c54: receive RaftClientReply:client-3502B0E99E4B->68798575-c94b-44a6-b996-25df487e3c54@group-48C576E544C9, cid=1115, SUCCESS, logIndex=1524, commits[68798575-c94b-44a6-b996-25df487e3c54:c1525, 9ec8ead9-888e-415b-b04c-32cd2c26f792:c1523, 84ef4577-07e0-4c8d-900e-d449eb7bf65d:c1523]
2019-07-10 10:03:43,992 INFO  client.GrpcClientProtocolClient (GrpcClientProtocolClient.java:onNext(255)) - client-3502B0E99E4B->68798575-c94b-44a6-b996-25df487e3c54: receive RaftClientReply:client-3502B0E99E4B->68798575-c94b-44a6-b996-25df487e3c54@group-48C576E544C9, cid=1116, SUCCESS, logIndex=1525, commits[68798575-c94b-44a6-b996-25df487e3c54:c1525, 9ec8ead9-888e-415b-b04c-32cd2c26f792:c1523, 84ef4577-07e0-4c8d-900e-d449eb7bf65d:c1523]
2019-07-10 10:03:44,010 INFO  client.GrpcClientProtocolClient (GrpcClientProtocolClient.java:onNext(255)) - client-3502B0E99E4B->68798575-c94b-44a6-b996-25df487e3c54: receive RaftClientReply:client-3502B0E99E4B->68798575-c94b-44a6-b996-25df487e3c54@group-48C576E544C9, cid=1117, SUCCESS, logIndex=1528, commits[68798575-c94b-44a6-b996-25df487e3c54:c1529, 9ec8ead9-888e-415b-b04c-32cd2c26f792:c1527, 84ef4577-07e0-4c8d-900e-d449eb7bf65d:c1527]
2019-07-10 10:03:44,011 INFO  client.GrpcClientProtocolClient (GrpcClientProtocolClient.java:onNext(255)) - client-3502B0E99E4B->68798575-c94b-44a6-b996-25df487e3c54: receive RaftClientReply:client-3502B0E99E4B->68798575-c94b-44a6-b996-25df487e3c54@group-48C576E544C9, cid=1118, SUCCESS, logIndex=1529, commits[68798575-c94b-44a6-b996-25df487e3c54:c1529, 9ec8ead9-888e-415b-b04c-32cd2c26f792:c1527, 84ef4577-07e0-4c8d-900e-d449eb7bf65d:c1527]
2019-07-10 10:03:44,039 INFO  client.GrpcClientProtocolClient (GrpcClientProtocolClient.java:onNext(255)) - client-3502B0E99E4B->68798575-c94b-44a6-b996-25df487e3c54: receive RaftClientReply:client-3502B0E99E4B->68798575-c94b-44a6-b996-25df487e3c54@group-48C576E544C9, cid=1119, SUCCESS, logIndex=0, commits[68798575-c94b-44a6-b996-25df487e3c54:c1529, 9ec8ead9-888e-415b-b04c-32cd2c26f792:c1529, 84ef4577-07e0-4c8d-900e-d449eb7bf65d:c1529]
2019-07-10 10:03:44,070 INFO  client.GrpcClientProtocolClient (GrpcClientProtocolClient.java:onNext(255)) - client-3502B0E99E4B->68798575-c94b-44a6-b996-25df487e3c54: receive RaftClientReply:client-3502B0E99E4B->68798575-c94b-44a6-b996-25df487e3c54@group-48C576E544C9, cid=1120, SUCCESS, logIndex=1532, commits[68798575-c94b-44a6-b996-25df487e3c54:c1533, 9ec8ead9-888e-415b-b04c-32cd2c26f792:c1530, 84ef4577-07e0-4c8d-900e-d449eb7bf65d:c1530]
2019-07-10 10:03:44,071 INFO  client.GrpcClientProtocolClient (GrpcClientProtocolClient.java:onNext(255)) - client-3502B0E99E4B->68798575-c94b-44a6-b996-25df487e3c54: receive RaftClientReply:client-3502B0E99E4B->68798575-c94b-44a6-b996-25df487e3c54@group-48C576E544C9, cid=1121, SUCCESS, logIndex=1533, commits[68798575-c94b-44a6-b996-25df487e3c54:c1535, 9ec8ead9-888e-415b-b04c-32cd2c26f792:c1531, 84ef4577-07e0-4c8d-900e-d449eb7bf65d:c1531]
2019-07-10 10:03:44,072 INFO  client.GrpcClientProtocolClient (GrpcClientProtocolClient.java:onNext(255)) - client-3502B0E99E4B->68798575-c94b-44a6-b996-25df487e3c54: receive RaftClientReply:client-3502B0E99E4B->68798575-c94b-44a6-b996-25df487e3c54@group-48C576E544C9, cid=1122, SUCCESS, logIndex=1534, commits[68798575-c94b-44a6-b996-25df487e3c54:c1535, 9ec8ead9-888e-415b-b04c-32cd2c26f792:c1531, 84ef4577-07e0-4c8d-900e-d449eb7bf65d:c1531]
2019-07-10 10:03:44,072 INFO  client.GrpcClientProtocolClient (GrpcClientProtocolClient.java:onNext(255)) - client-3502B0E99E4B->68798575-c94b-44a6-b996-25df487e3c54: receive RaftClientReply:client-3502B0E99E4B->68798575-c94b-44a6-b996-25df487e3c54@group-48C576E544C9, cid=1123, SUCCESS, logIndex=1535, commits[68798575-c94b-44a6-b996-25df487e3c54:c1536, 9ec8ead9-888e-415b-b04c-32cd2c26f792:c1532, 84ef4577-07e0-4c8d-900e-d449eb7bf65d:c1532]
2019-07-10 10:03:44,073 INFO  client.GrpcClientProtocolClient (GrpcClientProtocolClient.java:onNext(255)) - client-3502B0E99E4B->68798575-c94b-44a6-b996-25df487e3c54: receive RaftClientReply:client-3502B0E99E4B->68798575-c94b-44a6-b996-25df487e3c54@group-48C576E544C9, cid=1124, SUCCESS, logIndex=0, commits[68798575-c94b-44a6-b996-25df487e3c54:c1539, 9ec8ead9-888e-415b-b04c-32cd2c26f792:c1535, 84ef4577-07e0-4c8d-900e-d449eb7bf65d:c1535]
2019-07-10 10:03:44,095 INFO  client.GrpcClientProtocolClient (GrpcClientProtocolClient.java:onNext(255)) - client-3502B0E99E4B->68798575-c94b-44a6-b996-25df487e3c54: receive RaftClientReply:client-3502B0E99E4B->68798575-c94b-44a6-b996-25df487e3c54@group-48C576E544C9, cid=1125, SUCCESS, logIndex=1540, commits[68798575-c94b-44a6-b996-25df487e3c54:c1541, 9ec8ead9-888e-415b-b04c-32cd2c26f792:c1539, 84ef4577-07e0-4c8d-900e-d449eb7bf65d:c1539]
2019-07-10 10:03:44,095 INFO  client.GrpcClientProtocolClient (GrpcClientProtocolClient.java:onNext(255)) - client-3502B0E99E4B->68798575-c94b-44a6-b996-25df487e3c54: receive RaftClientReply:client-3502B0E99E4B->68798575-c94b-44a6-b996-25df487e3c54@group-48C576E544C9, cid=1126, SUCCESS, logIndex=1541, commits[68798575-c94b-44a6-b996-25df487e3c54:c1541, 9ec8ead9-888e-415b-b04c-32cd2c26f792:c1539, 84ef4577-07e0-4c8d-900e-d449eb7bf65d:c1539]
2019-07-10 10:03:44,108 INFO  client.GrpcClientProtocolClient (GrpcClientProtocolClient.java:onNext(255)) - client-3502B0E99E4B->68798575-c94b-44a6-b996-25df487e3c54: receive RaftClientReply:client-3502B0E99E4B->68798575-c94b-44a6-b996-25df487e3c54@group-48C576E544C9, cid=1127, SUCCESS, logIndex=1544, commits[68798575-c94b-44a6-b996-25df487e3c54:c1545, 9ec8ead9-888e-415b-b04c-32cd2c26f792:c1540, 84ef4577-07e0-4c8d-900e-d449eb7bf65d:c1541]
2019-07-10 10:03:44,109 INFO  client.GrpcClientProtocolClient (GrpcClientProtocolClient.java:onNext(255)) - client-3502B0E99E4B->68798575-c94b-44a6-b996-25df487e3c54: receive RaftClientReply:client-3502B0E99E4B->68798575-c94b-44a6-b996-25df487e3c54@group-48C576E544C9, cid=1128, SUCCESS, logIndex=1545, commits[68798575-c94b-44a6-b996-25df487e3c54:c1545, 9ec8ead9-888e-415b-b04c-32cd2c26f792:c1541, 84ef4577-07e0-4c8d-900e-d449eb7bf65d:c1541]
2019-07-10 10:03:44,110 INFO  client.GrpcClientProtocolClient (GrpcClientProtocolClient.java:onNext(255)) - client-3502B0E99E4B->68798575-c94b-44a6-b996-25df487e3c54: receive RaftClientReply:client-3502B0E99E4B->68798575-c94b-44a6-b996-25df487e3c54@group-48C576E544C9, cid=1129, SUCCESS, logIndex=0, commits[68798575-c94b-44a6-b996-25df487e3c54:c1546, 9ec8ead9-888e-415b-b04c-32cd2c26f792:c1545, 84ef4577-07e0-4c8d-900e-d449eb7bf65d:c1545]
2019-07-10 10:03:44,130 INFO  client.GrpcClientProtocolClient (GrpcClientProtocolClient.java:onNext(255)) - client-3502B0E99E4B->68798575-c94b-44a6-b996-25df487e3c54: receive RaftClientReply:client-3502B0E99E4B->68798575-c94b-44a6-b996-25df487e3c54@group-48C576E544C9, cid=1130, SUCCESS, logIndex=1548, commits[68798575-c94b-44a6-b996-25df487e3c54:c1550, 9ec8ead9-888e-415b-b04c-32cd2c26f792:c1547, 84ef4577-07e0-4c8d-900e-d449eb7bf65d:c1547]
2019-07-10 10:03:44,131 INFO  client.GrpcClientProtocolClient (GrpcClientProtocolClient.java:onNext(255)) - client-3502B0E99E4B->68798575-c94b-44a6-b996-25df487e3c54: receive RaftClientReply:client-3502B0E99E4B->68798575-c94b-44a6-b996-25df487e3c54@group-48C576E544C9, cid=1131, SUCCESS, logIndex=1549, commits[68798575-c94b-44a6-b996-25df487e3c54:c1551, 9ec8ead9-888e-415b-b04c-32cd2c26f792:c1547, 84ef4577-07e0-4c8d-900e-d449eb7bf65d:c1547]
2019-07-10 10:03:44,131 INFO  client.GrpcClientProtocolClient (GrpcClientProtocolClient.java:onNext(255)) - client-3502B0E99E4B->68798575-c94b-44a6-b996-25df487e3c54: receive RaftClientReply:client-3502B0E99E4B->68798575-c94b-44a6-b996-25df487e3c54@group-48C576E544C9, cid=1132, SUCCESS, logIndex=1550, commits[68798575-c94b-44a6-b996-25df487e3c54:c1551, 9ec8ead9-888e-415b-b04c-32cd2c26f792:c1547, 84ef4577-07e0-4c8d-900e-d449eb7bf65d:c1547]
2019-07-10 10:03:44,131 INFO  client.GrpcClientProtocolClient (GrpcClientProtocolClient.java:onNext(255)) - client-3502B0E99E4B->68798575-c94b-44a6-b996-25df487e3c54: receive RaftClientReply:client-3502B0E99E4B->68798575-c94b-44a6-b996-25df487e3c54@group-48C576E544C9, cid=1133, SUCCESS, logIndex=1551, commits[68798575-c94b-44a6-b996-25df487e3c54:c1551, 9ec8ead9-888e-415b-b04c-32cd2c26f792:c1547, 84ef4577-07e0-4c8d-900e-d449eb7bf65d:c1547]
2019-07-10 10:03:44,133 INFO  client.GrpcClientProtocolClient (GrpcClientProtocolClient.java:onNext(255)) - client-3502B0E99E4B->68798575-c94b-44a6-b996-25df487e3c54: receive RaftClientReply:client-3502B0E99E4B->68798575-c94b-44a6-b996-25df487e3c54@group-48C576E544C9, cid=1134, SUCCESS, logIndex=0, commits[68798575-c94b-44a6-b996-25df487e3c54:c1553, 9ec8ead9-888e-415b-b04c-32cd2c26f792:c1549, 84ef4577-07e0-4c8d-900e-d449eb7bf65d:c1549]
2019-07-10 10:03:44,277 INFO  client.GrpcClientProtocolClient (GrpcClientProtocolClient.java:onNext(255)) - client-3502B0E99E4B->68798575-c94b-44a6-b996-25df487e3c54: receive RaftClientReply:client-3502B0E99E4B->68798575-c94b-44a6-b996-25df487e3c54@group-48C576E544C9, cid=1135, SUCCESS, logIndex=1556, commits[68798575-c94b-44a6-b996-25df487e3c54:c1557, 9ec8ead9-888e-415b-b04c-32cd2c26f792:c1555, 84ef4577-07e0-4c8d-900e-d449eb7bf65d:c1555]
2019-07-10 10:03:44,277 INFO  client.GrpcClientProtocolClient (GrpcClientProtocolClient.java:onNext(255)) - client-3502B0E99E4B->68798575-c94b-44a6-b996-25df487e3c54: receive RaftClientReply:client-3502B0E99E4B->68798575-c94b-44a6-b996-25df487e3c54@group-48C576E544C9, cid=1136, SUCCESS, logIndex=1557, commits[68798575-c94b-44a6-b996-25df487e3c54:c1557, 9ec8ead9-888e-415b-b04c-32cd2c26f792:c1555, 84ef4577-07e0-4c8d-900e-d449eb7bf65d:c1555]
2019-07-10 10:03:44,301 INFO  client.GrpcClientProtocolClient (GrpcClientProtocolClient.java:onNext(255)) - client-3502B0E99E4B->68798575-c94b-44a6-b996-25df487e3c54: receive RaftClientReply:client-3502B0E99E4B->68798575-c94b-44a6-b996-25df487e3c54@group-48C576E544C9, cid=1137, SUCCESS, logIndex=1560, commits[68798575-c94b-44a6-b996-25df487e3c54:c1561, 9ec8ead9-888e-415b-b04c-32cd2c26f792:c1557, 84ef4577-07e0-4c8d-900e-d449eb7bf65d:c1557]
2019-07-10 10:03:44,301 INFO  client.GrpcClientProtocolClient (GrpcClientProtocolClient.java:onNext(255)) - client-3502B0E99E4B->68798575-c94b-44a6-b996-25df487e3c54: receive RaftClientReply:client-3502B0E99E4B->68798575-c94b-44a6-b996-25df487e3c54@group-48C576E544C9, cid=1138, SUCCESS, logIndex=1561, commits[68798575-c94b-44a6-b996-25df487e3c54:c1561, 9ec8ead9-888e-415b-b04c-32cd2c26f792:c1557, 84ef4577-07e0-4c8d-900e-d449eb7bf65d:c1557]
2019-07-10 10:03:44,336 INFO  client.GrpcClientProtocolClient (GrpcClientProtocolClient.java:onNext(255)) - client-3502B0E99E4B->68798575-c94b-44a6-b996-25df487e3c54: receive RaftClientReply:client-3502B0E99E4B->68798575-c94b-44a6-b996-25df487e3c54@group-48C576E544C9, cid=1139, SUCCESS, logIndex=0, commits[68798575-c94b-44a6-b996-25df487e3c54:c1563, 9ec8ead9-888e-415b-b04c-32cd2c26f792:c1561, 84ef4577-07e0-4c8d-900e-d449eb7bf65d:c1561]
2019-07-10 10:03:44,366 INFO  client.GrpcClientProtocolClient (GrpcClientProtocolClient.java:onNext(255)) - client-3502B0E99E4B->68798575-c94b-44a6-b996-25df487e3c54: receive RaftClientReply:client-3502B0E99E4B->68798575-c94b-44a6-b996-25df487e3c54@group-48C576E544C9, cid=1140, SUCCESS, logIndex=1564, commits[68798575-c94b-44a6-b996-25df487e3c54:c1567, 9ec8ead9-888e-415b-b04c-32cd2c26f792:c1563, 84ef4577-07e0-4c8d-900e-d449eb7bf65d:c1563]
2019-07-10 10:03:44,367 INFO  client.GrpcClientProtocolClient (GrpcClientProtocolClient.java:onNext(255)) - client-3502B0E99E4B->68798575-c94b-44a6-b996-25df487e3c54: receive RaftClientReply:client-3502B0E99E4B->68798575-c94b-44a6-b996-25df487e3c54@group-48C576E544C9, cid=1141, SUCCESS, logIndex=1565, commits[68798575-c94b-44a6-b996-25df487e3c54:c1567, 9ec8ead9-888e-415b-b04c-32cd2c26f792:c1563, 84ef4577-07e0-4c8d-900e-d449eb7bf65d:c1563]
2019-07-10 10:03:44,367 INFO  client.GrpcClientProtocolClient (GrpcClientProtocolClient.java:onNext(255)) - client-3502B0E99E4B->68798575-c94b-44a6-b996-25df487e3c54: receive RaftClientReply:client-3502B0E99E4B->68798575-c94b-44a6-b996-25df487e3c54@group-48C576E544C9, cid=1142, SUCCESS, logIndex=1566, commits[68798575-c94b-44a6-b996-25df487e3c54:c1567, 9ec8ead9-888e-415b-b04c-32cd2c26f792:c1563, 84ef4577-07e0-4c8d-900e-d449eb7bf65d:c1563]
2019-07-10 10:03:44,367 INFO  client.GrpcClientProtocolClient (GrpcClientProtocolClient.java:onNext(255)) - client-3502B0E99E4B->68798575-c94b-44a6-b996-25df487e3c54: receive RaftClientReply:client-3502B0E99E4B->68798575-c94b-44a6-b996-25df487e3c54@group-48C576E544C9, cid=1143, SUCCESS, logIndex=1567, commits[68798575-c94b-44a6-b996-25df487e3c54:c1567, 9ec8ead9-888e-415b-b04c-32cd2c26f792:c1563, 84ef4577-07e0-4c8d-900e-d449eb7bf65d:c1563]
2019-07-10 10:03:44,377 INFO  client.GrpcClientProtocolClient (GrpcClientProtocolClient.java:onNext(255)) - client-3502B0E99E4B->68798575-c94b-44a6-b996-25df487e3c54: receive RaftClientReply:client-3502B0E99E4B->68798575-c94b-44a6-b996-25df487e3c54@group-48C576E544C9, cid=1144, SUCCESS, logIndex=0, commits[68798575-c94b-44a6-b996-25df487e3c54:c1568, 9ec8ead9-888e-415b-b04c-32cd2c26f792:c1567, 84ef4577-07e0-4c8d-900e-d449eb7bf65d:c1567]
2019-07-10 10:03:44,401 INFO  client.GrpcClientProtocolClient (GrpcClientProtocolClient.java:onNext(255)) - client-3502B0E99E4B->68798575-c94b-44a6-b996-25df487e3c54: receive RaftClientReply:client-3502B0E99E4B->68798575-c94b-44a6-b996-25df487e3c54@group-48C576E544C9, cid=1145, SUCCESS, logIndex=1570, commits[68798575-c94b-44a6-b996-25df487e3c54:c1571, 9ec8ead9-888e-415b-b04c-32cd2c26f792:c1569, 84ef4577-07e0-4c8d-900e-d449eb7bf65d:c1569]
2019-07-10 10:03:44,401 INFO  client.GrpcClientProtocolClient (GrpcClientProtocolClient.java:onNext(255)) - client-3502B0E99E4B->68798575-c94b-44a6-b996-25df487e3c54: receive RaftClientReply:client-3502B0E99E4B->68798575-c94b-44a6-b996-25df487e3c54@group-48C576E544C9, cid=1146, SUCCESS, logIndex=1571, commits[68798575-c94b-44a6-b996-25df487e3c54:c1571, 9ec8ead9-888e-415b-b04c-32cd2c26f792:c1569, 84ef4577-07e0-4c8d-900e-d449eb7bf65d:c1569]
2019-07-10 10:03:44,415 INFO  client.GrpcClientProtocolClient (GrpcClientProtocolClient.java:onNext(255)) - client-3502B0E99E4B->68798575-c94b-44a6-b996-25df487e3c54: receive RaftClientReply:client-3502B0E99E4B->68798575-c94b-44a6-b996-25df487e3c54@group-48C576E544C9, cid=1147, SUCCESS, logIndex=1574, commits[68798575-c94b-44a6-b996-25df487e3c54:c1575, 9ec8ead9-888e-415b-b04c-32cd2c26f792:c1571, 84ef4577-07e0-4c8d-900e-d449eb7bf65d:c1570]
2019-07-10 10:03:44,415 INFO  client.GrpcClientProtocolClient (GrpcClientProtocolClient.java:onNext(255)) - client-3502B0E99E4B->68798575-c94b-44a6-b996-25df487e3c54: receive RaftClientReply:client-3502B0E99E4B->68798575-c94b-44a6-b996-25df487e3c54@group-48C576E544C9, cid=1148, SUCCESS, logIndex=1575, commits[68798575-c94b-44a6-b996-25df487e3c54:c1575, 9ec8ead9-888e-415b-b04c-32cd2c26f792:c1571, 84ef4577-07e0-4c8d-900e-d449eb7bf65d:c1571]
2019-07-10 10:03:44,416 INFO  client.GrpcClientProtocolClient (GrpcClientProtocolClient.java:onNext(255)) - client-3502B0E99E4B->68798575-c94b-44a6-b996-25df487e3c54: receive RaftClientReply:client-3502B0E99E4B->68798575-c94b-44a6-b996-25df487e3c54@group-48C576E544C9, cid=1149, SUCCESS, logIndex=0, commits[68798575-c94b-44a6-b996-25df487e3c54:c1576, 9ec8ead9-888e-415b-b04c-32cd2c26f792:c1575, 84ef4577-07e0-4c8d-900e-d449eb7bf65d:c1575]
2019-07-10 10:03:44,438 INFO  client.GrpcClientProtocolClient (GrpcClientProtocolClient.java:onNext(255)) - client-3502B0E99E4B->68798575-c94b-44a6-b996-25df487e3c54: receive RaftClientReply:client-3502B0E99E4B->68798575-c94b-44a6-b996-25df487e3c54@group-48C576E544C9, cid=1150, SUCCESS, logIndex=1578, commits[68798575-c94b-44a6-b996-25df487e3c54:c1578, 9ec8ead9-888e-415b-b04c-32cd2c26f792:c1577, 84ef4577-07e0-4c8d-900e-d449eb7bf65d:c1577]
2019-07-10 10:03:44,438 INFO  client.GrpcClientProtocolClient (GrpcClientProtocolClient.java:onNext(255)) - client-3502B0E99E4B->68798575-c94b-44a6-b996-25df487e3c54: receive RaftClientReply:client-3502B0E99E4B->68798575-c94b-44a6-b996-25df487e3c54@group-48C576E544C9, cid=1151, SUCCESS, logIndex=1579, commits[68798575-c94b-44a6-b996-25df487e3c54:c1581, 9ec8ead9-888e-415b-b04c-32cd2c26f792:c1577, 84ef4577-07e0-4c8d-900e-d449eb7bf65d:c1577]
2019-07-10 10:03:44,439 INFO  client.GrpcClientProtocolClient (GrpcClientProtocolClient.java:onNext(255)) - client-3502B0E99E4B->68798575-c94b-44a6-b996-25df487e3c54: receive RaftClientReply:client-3502B0E99E4B->68798575-c94b-44a6-b996-25df487e3c54@group-48C576E544C9, cid=1152, SUCCESS, logIndex=1580, commits[68798575-c94b-44a6-b996-25df487e3c54:c1581, 9ec8ead9-888e-415b-b04c-32cd2c26f792:c1577, 84ef4577-07e0-4c8d-900e-d449eb7bf65d:c1577]
2019-07-10 10:03:44,439 INFO  client.GrpcClientProtocolClient (GrpcClientProtocolClient.java:onNext(255)) - client-3502B0E99E4B->68798575-c94b-44a6-b996-25df487e3c54: receive RaftClientReply:client-3502B0E99E4B->68798575-c94b-44a6-b996-25df487e3c54@group-48C576E544C9, cid=1153, SUCCESS, logIndex=1581, commits[68798575-c94b-44a6-b996-25df487e3c54:c1581, 9ec8ead9-888e-415b-b04c-32cd2c26f792:c1577, 84ef4577-07e0-4c8d-900e-d449eb7bf65d:c1577]
2019-07-10 10:03:44,441 INFO  client.GrpcClientProtocolClient (GrpcClientProtocolClient.java:onNext(255)) - client-3502B0E99E4B->68798575-c94b-44a6-b996-25df487e3c54: receive RaftClientReply:client-3502B0E99E4B->68798575-c94b-44a6-b996-25df487e3c54@group-48C576E544C9, cid=1154, SUCCESS, logIndex=0, commits[68798575-c94b-44a6-b996-25df487e3c54:c1583, 9ec8ead9-888e-415b-b04c-32cd2c26f792:c1581, 84ef4577-07e0-4c8d-900e-d449eb7bf65d:c1581]
2019-07-10 10:03:44,463 INFO  client.GrpcClientProtocolClient (GrpcClientProtocolClient.java:onNext(255)) - client-3502B0E99E4B->68798575-c94b-44a6-b996-25df487e3c54: receive RaftClientReply:client-3502B0E99E4B->68798575-c94b-44a6-b996-25df487e3c54@group-48C576E544C9, cid=1155, SUCCESS, logIndex=1584, commits[68798575-c94b-44a6-b996-25df487e3c54:c1585, 9ec8ead9-888e-415b-b04c-32cd2c26f792:c1583, 84ef4577-07e0-4c8d-900e-d449eb7bf65d:c1583]
2019-07-10 10:03:44,463 INFO  client.GrpcClientProtocolClient (GrpcClientProtocolClient.java:onNext(255)) - client-3502B0E99E4B->68798575-c94b-44a6-b996-25df487e3c54: receive RaftClientReply:client-3502B0E99E4B->68798575-c94b-44a6-b996-25df487e3c54@group-48C576E544C9, cid=1156, SUCCESS, logIndex=1585, commits[68798575-c94b-44a6-b996-25df487e3c54:c1585, 9ec8ead9-888e-415b-b04c-32cd2c26f792:c1583, 84ef4577-07e0-4c8d-900e-d449eb7bf65d:c1583]
2019-07-10 10:03:44,476 INFO  client.GrpcClientProtocolClient (GrpcClientProtocolClient.java:onNext(255)) - client-3502B0E99E4B->68798575-c94b-44a6-b996-25df487e3c54: receive RaftClientReply:client-3502B0E99E4B->68798575-c94b-44a6-b996-25df487e3c54@group-48C576E544C9, cid=1157, SUCCESS, logIndex=1588, commits[68798575-c94b-44a6-b996-25df487e3c54:c1589, 9ec8ead9-888e-415b-b04c-32cd2c26f792:c1585, 84ef4577-07e0-4c8d-900e-d449eb7bf65d:c1585]
2019-07-10 10:03:44,476 INFO  client.GrpcClientProtocolClient (GrpcClientProtocolClient.java:onNext(255)) - client-3502B0E99E4B->68798575-c94b-44a6-b996-25df487e3c54: receive RaftClientReply:client-3502B0E99E4B->68798575-c94b-44a6-b996-25df487e3c54@group-48C576E544C9, cid=1158, SUCCESS, logIndex=1589, commits[68798575-c94b-44a6-b996-25df487e3c54:c1589, 9ec8ead9-888e-415b-b04c-32cd2c26f792:c1585, 84ef4577-07e0-4c8d-900e-d449eb7bf65d:c1585]
2019-07-10 10:03:44,488 INFO  client.GrpcClientProtocolClient (GrpcClientProtocolClient.java:onNext(255)) - client-3502B0E99E4B->68798575-c94b-44a6-b996-25df487e3c54: receive RaftClientReply:client-3502B0E99E4B->68798575-c94b-44a6-b996-25df487e3c54@group-48C576E544C9, cid=1159, SUCCESS, logIndex=0, commits[68798575-c94b-44a6-b996-25df487e3c54:c1590, 9ec8ead9-888e-415b-b04c-32cd2c26f792:c1589, 84ef4577-07e0-4c8d-900e-d449eb7bf65d:c1589]
2019-07-10 10:03:44,509 INFO  client.GrpcClientProtocolClient (GrpcClientProtocolClient.java:onNext(255)) - client-3502B0E99E4B->68798575-c94b-44a6-b996-25df487e3c54: receive RaftClientReply:client-3502B0E99E4B->68798575-c94b-44a6-b996-25df487e3c54@group-48C576E544C9, cid=1160, SUCCESS, logIndex=1592, commits[68798575-c94b-44a6-b996-25df487e3c54:c1594, 9ec8ead9-888e-415b-b04c-32cd2c26f792:c1591, 84ef4577-07e0-4c8d-900e-d449eb7bf65d:c1591]
2019-07-10 10:03:44,510 INFO  client.GrpcClientProtocolClient (GrpcClientProtocolClient.java:onNext(255)) - client-3502B0E99E4B->68798575-c94b-44a6-b996-25df487e3c54: receive RaftClientReply:client-3502B0E99E4B->68798575-c94b-44a6-b996-25df487e3c54@group-48C576E544C9, cid=1161, SUCCESS, logIndex=1593, commits[68798575-c94b-44a6-b996-25df487e3c54:c1595, 9ec8ead9-888e-415b-b04c-32cd2c26f792:c1591, 84ef4577-07e0-4c8d-900e-d449eb7bf65d:c1591]
2019-07-10 10:03:44,510 INFO  client.GrpcClientProtocolClient (GrpcClientProtocolClient.java:onNext(255)) - client-3502B0E99E4B->68798575-c94b-44a6-b996-25df487e3c54: receive RaftClientReply:client-3502B0E99E4B->68798575-c94b-44a6-b996-25df487e3c54@group-48C576E544C9, cid=1162, SUCCESS, logIndex=1594, commits[68798575-c94b-44a6-b996-25df487e3c54:c1595, 9ec8ead9-888e-415b-b04c-32cd2c26f792:c1591, 84ef4577-07e0-4c8d-900e-d449eb7bf65d:c1591]
2019-07-10 10:03:44,511 INFO  client.GrpcClientProtocolClient (GrpcClientProtocolClient.java:onNext(255)) - client-3502B0E99E4B->68798575-c94b-44a6-b996-25df487e3c54: receive RaftClientReply:client-3502B0E99E4B->68798575-c94b-44a6-b996-25df487e3c54@group-48C576E544C9, cid=1163, SUCCESS, logIndex=1595, commits[68798575-c94b-44a6-b996-25df487e3c54:c1595, 9ec8ead9-888e-415b-b04c-32cd2c26f792:c1591, 84ef4577-07e0-4c8d-900e-d449eb7bf65d:c1591]
2019-07-10 10:03:44,512 INFO  client.GrpcClientProtocolClient (GrpcClientProtocolClient.java:onNext(255)) - client-3502B0E99E4B->68798575-c94b-44a6-b996-25df487e3c54: receive RaftClientReply:client-3502B0E99E4B->68798575-c94b-44a6-b996-25df487e3c54@group-48C576E544C9, cid=1164, SUCCESS, logIndex=0, commits[68798575-c94b-44a6-b996-25df487e3c54:c1599, 9ec8ead9-888e-415b-b04c-32cd2c26f792:c1595, 84ef4577-07e0-4c8d-900e-d449eb7bf65d:c1594]
 0.00% |█                                                                                                    |  0/1 Time: 0:00:082019-07-10 10:03:44,530 INFO  client.GrpcClientProtocolClient (GrpcClientProtocolClient.java:onNext(255)) - client-3502B0E99E4B->68798575-c94b-44a6-b996-25df487e3c54: receive RaftClientReply:client-3502B0E99E4B->68798575-c94b-44a6-b996-25df487e3c54@group-48C576E544C9, cid=1165, SUCCESS, logIndex=1600, commits[68798575-c94b-44a6-b996-25df487e3c54:c1601, 9ec8ead9-888e-415b-b04c-32cd2c26f792:c1599, 84ef4577-07e0-4c8d-900e-d449eb7bf65d:c1599]
2019-07-10 10:03:44,530 INFO  client.GrpcClientProtocolClient (GrpcClientProtocolClient.java:onNext(255)) - client-3502B0E99E4B->68798575-c94b-44a6-b996-25df487e3c54: receive RaftClientReply:client-3502B0E99E4B->68798575-c94b-44a6-b996-25df487e3c54@group-48C576E544C9, cid=1166, SUCCESS, logIndex=1601, commits[68798575-c94b-44a6-b996-25df487e3c54:c1601, 9ec8ead9-888e-415b-b04c-32cd2c26f792:c1599, 84ef4577-07e0-4c8d-900e-d449eb7bf65d:c1599]
2019-07-10 10:03:44,572 INFO  client.GrpcClientProtocolClient (GrpcClientProtocolClient.java:onNext(255)) - client-3502B0E99E4B->68798575-c94b-44a6-b996-25df487e3c54: receive RaftClientReply:client-3502B0E99E4B->68798575-c94b-44a6-b996-25df487e3c54@group-48C576E544C9, cid=1167, SUCCESS, logIndex=1604, commits[68798575-c94b-44a6-b996-25df487e3c54:c1605, 9ec8ead9-888e-415b-b04c-32cd2c26f792:c1601, 84ef4577-07e0-4c8d-900e-d449eb7bf65d:c1601]
2019-07-10 10:03:44,572 INFO  client.GrpcClientProtocolClient (GrpcClientProtocolClient.java:onNext(255)) - client-3502B0E99E4B->68798575-c94b-44a6-b996-25df487e3c54: receive RaftClientReply:client-3502B0E99E4B->68798575-c94b-44a6-b996-25df487e3c54@group-48C576E544C9, cid=1168, SUCCESS, logIndex=1605, commits[68798575-c94b-44a6-b996-25df487e3c54:c1605, 9ec8ead9-888e-415b-b04c-32cd2c26f792:c1601, 84ef4577-07e0-4c8d-900e-d449eb7bf65d:c1601]
2019-07-10 10:03:44,591 INFO  client.GrpcClientProtocolClient (GrpcClientProtocolClient.java:onNext(255)) - client-3502B0E99E4B->68798575-c94b-44a6-b996-25df487e3c54: receive RaftClientReply:client-3502B0E99E4B->68798575-c94b-44a6-b996-25df487e3c54@group-48C576E544C9, cid=1169, SUCCESS, logIndex=0, commits[68798575-c94b-44a6-b996-25df487e3c54:c1606, 9ec8ead9-888e-415b-b04c-32cd2c26f792:c1605, 84ef4577-07e0-4c8d-900e-d449eb7bf65d:c1605]
2019-07-10 10:03:44,613 INFO  client.GrpcClientProtocolClient (GrpcClientProtocolClient.java:onNext(255)) - client-3502B0E99E4B->68798575-c94b-44a6-b996-25df487e3c54: receive RaftClientReply:client-3502B0E99E4B->68798575-c94b-44a6-b996-25df487e3c54@group-48C576E544C9, cid=1170, SUCCESS, logIndex=1608, commits[68798575-c94b-44a6-b996-25df487e3c54:c1609, 9ec8ead9-888e-415b-b04c-32cd2c26f792:c1607, 84ef4577-07e0-4c8d-900e-d449eb7bf65d:c1607]
2019-07-10 10:03:44,614 INFO  client.GrpcClientProtocolClient (GrpcClientProtocolClient.java:onNext(255)) - client-3502B0E99E4B->68798575-c94b-44a6-b996-25df487e3c54: receive RaftClientReply:client-3502B0E99E4B->68798575-c94b-44a6-b996-25df487e3c54@group-48C576E544C9, cid=1171, SUCCESS, logIndex=1609, commits[68798575-c94b-44a6-b996-25df487e3c54:c1611, 9ec8ead9-888e-415b-b04c-32cd2c26f792:c1607, 84ef4577-07e0-4c8d-900e-d449eb7bf65d:c1607]
2019-07-10 10:03:44,614 INFO  client.GrpcClientProtocolClient (GrpcClientProtocolClient.java:onNext(255)) - client-3502B0E99E4B->68798575-c94b-44a6-b996-25df487e3c54: receive RaftClientReply:client-3502B0E99E4B->68798575-c94b-44a6-b996-25df487e3c54@group-48C576E544C9, cid=1172, SUCCESS, logIndex=1610, commits[68798575-c94b-44a6-b996-25df487e3c54:c1611, 9ec8ead9-888e-415b-b04c-32cd2c26f792:c1607, 84ef4577-07e0-4c8d-900e-d449eb7bf65d:c1607]
2019-07-10 10:03:44,615 INFO  client.GrpcClientProtocolClient (GrpcClientProtocolClient.java:onNext(255)) - client-3502B0E99E4B->68798575-c94b-44a6-b996-25df487e3c54: receive RaftClientReply:client-3502B0E99E4B->68798575-c94b-44a6-b996-25df487e3c54@group-48C576E544C9, cid=1173, SUCCESS, logIndex=1611, commits[68798575-c94b-44a6-b996-25df487e3c54:c1611, 9ec8ead9-888e-415b-b04c-32cd2c26f792:c1607, 84ef4577-07e0-4c8d-900e-d449eb7bf65d:c1607]
2019-07-10 10:03:44,616 INFO  client.GrpcClientProtocolClient (GrpcClientProtocolClient.java:onNext(255)) - client-3502B0E99E4B->68798575-c94b-44a6-b996-25df487e3c54: receive RaftClientReply:client-3502B0E99E4B->68798575-c94b-44a6-b996-25df487e3c54@group-48C576E544C9, cid=1174, SUCCESS, logIndex=0, commits[68798575-c94b-44a6-b996-25df487e3c54:c1613, 9ec8ead9-888e-415b-b04c-32cd2c26f792:c1609, 84ef4577-07e0-4c8d-900e-d449eb7bf65d:c1610]
2019-07-10 10:03:44,637 INFO  client.GrpcClientProtocolClient (GrpcClientProtocolClient.java:onNext(255)) - client-3502B0E99E4B->68798575-c94b-44a6-b996-25df487e3c54: receive RaftClientReply:client-3502B0E99E4B->68798575-c94b-44a6-b996-25df487e3c54@group-48C576E544C9, cid=1175, SUCCESS, logIndex=1616, commits[68798575-c94b-44a6-b996-25df487e3c54:c1617, 9ec8ead9-888e-415b-b04c-32cd2c26f792:c1615, 84ef4577-07e0-4c8d-900e-d449eb7bf65d:c1615]
2019-07-10 10:03:44,637 INFO  client.GrpcClientProtocolClient (GrpcClientProtocolClient.java:onNext(255)) - client-3502B0E99E4B->68798575-c94b-44a6-b996-25df487e3c54: receive RaftClientReply:client-3502B0E99E4B->68798575-c94b-44a6-b996-25df487e3c54@group-48C576E544C9, cid=1176, SUCCESS, logIndex=1617, commits[68798575-c94b-44a6-b996-25df487e3c54:c1617, 9ec8ead9-888e-415b-b04c-32cd2c26f792:c1615, 84ef4577-07e0-4c8d-900e-d449eb7bf65d:c1615]
2019-07-10 10:03:44,651 INFO  client.GrpcClientProtocolClient (GrpcClientProtocolClient.java:onNext(255)) - client-3502B0E99E4B->68798575-c94b-44a6-b996-25df487e3c54: receive RaftClientReply:client-3502B0E99E4B->68798575-c94b-44a6-b996-25df487e3c54@group-48C576E544C9, cid=1177, SUCCESS, logIndex=1620, commits[68798575-c94b-44a6-b996-25df487e3c54:c1621, 9ec8ead9-888e-415b-b04c-32cd2c26f792:c1617, 84ef4577-07e0-4c8d-900e-d449eb7bf65d:c1616]
2019-07-10 10:03:44,651 INFO  client.GrpcClientProtocolClient (GrpcClientProtocolClient.java:onNext(255)) - client-3502B0E99E4B->68798575-c94b-44a6-b996-25df487e3c54: receive RaftClientReply:client-3502B0E99E4B->68798575-c94b-44a6-b996-25df487e3c54@group-48C576E544C9, cid=1178, SUCCESS, logIndex=1621, commits[68798575-c94b-44a6-b996-25df487e3c54:c1621, 9ec8ead9-888e-415b-b04c-32cd2c26f792:c1617, 84ef4577-07e0-4c8d-900e-d449eb7bf65d:c1617]
2019-07-10 10:03:44,653 INFO  client.GrpcClientProtocolClient (GrpcClientProtocolClient.java:onNext(255)) - client-3502B0E99E4B->68798575-c94b-44a6-b996-25df487e3c54: receive RaftClientReply:client-3502B0E99E4B->68798575-c94b-44a6-b996-25df487e3c54@group-48C576E544C9, cid=1179, SUCCESS, logIndex=0, commits[68798575-c94b-44a6-b996-25df487e3c54:c1622, 9ec8ead9-888e-415b-b04c-32cd2c26f792:c1621, 84ef4577-07e0-4c8d-900e-d449eb7bf65d:c1621]
2019-07-10 10:03:44,675 INFO  client.GrpcClientProtocolClient (GrpcClientProtocolClient.java:onNext(255)) - client-3502B0E99E4B->68798575-c94b-44a6-b996-25df487e3c54: receive RaftClientReply:client-3502B0E99E4B->68798575-c94b-44a6-b996-25df487e3c54@group-48C576E544C9, cid=1180, SUCCESS, logIndex=1624, commits[68798575-c94b-44a6-b996-25df487e3c54:c1625, 9ec8ead9-888e-415b-b04c-32cd2c26f792:c1623, 84ef4577-07e0-4c8d-900e-d449eb7bf65d:c1623]
2019-07-10 10:03:44,675 INFO  client.GrpcClientProtocolClient (GrpcClientProtocolClient.java:onNext(255)) - client-3502B0E99E4B->68798575-c94b-44a6-b996-25df487e3c54: receive RaftClientReply:client-3502B0E99E4B->68798575-c94b-44a6-b996-25df487e3c54@group-48C576E544C9, cid=1181, SUCCESS, logIndex=1625, commits[68798575-c94b-44a6-b996-25df487e3c54:c1627, 9ec8ead9-888e-415b-b04c-32cd2c26f792:c1623, 84ef4577-07e0-4c8d-900e-d449eb7bf65d:c1623]
2019-07-10 10:03:44,676 INFO  client.GrpcClientProtocolClient (GrpcClientProtocolClient.java:onNext(255)) - client-3502B0E99E4B->68798575-c94b-44a6-b996-25df487e3c54: receive RaftClientReply:client-3502B0E99E4B->68798575-c94b-44a6-b996-25df487e3c54@group-48C576E544C9, cid=1182, SUCCESS, logIndex=1626, commits[68798575-c94b-44a6-b996-25df487e3c54:c1627, 9ec8ead9-888e-415b-b04c-32cd2c26f792:c1623, 84ef4577-07e0-4c8d-900e-d449eb7bf65d:c1623]
2019-07-10 10:03:44,676 INFO  client.GrpcClientProtocolClient (GrpcClientProtocolClient.java:onNext(255)) - client-3502B0E99E4B->68798575-c94b-44a6-b996-25df487e3c54: receive RaftClientReply:client-3502B0E99E4B->68798575-c94b-44a6-b996-25df487e3c54@group-48C576E544C9, cid=1183, SUCCESS, logIndex=1627, commits[68798575-c94b-44a6-b996-25df487e3c54:c1627, 9ec8ead9-888e-415b-b04c-32cd2c26f792:c1623, 84ef4577-07e0-4c8d-900e-d449eb7bf65d:c1623]
2019-07-10 10:03:44,677 INFO  client.GrpcClientProtocolClient (GrpcClientProtocolClient.java:onNext(255)) - client-3502B0E99E4B->68798575-c94b-44a6-b996-25df487e3c54: receive RaftClientReply:client-3502B0E99E4B->68798575-c94b-44a6-b996-25df487e3c54@group-48C576E544C9, cid=1184, SUCCESS, logIndex=0, commits[68798575-c94b-44a6-b996-25df487e3c54:c1631, 9ec8ead9-888e-415b-b04c-32cd2c26f792:c1627, 84ef4577-07e0-4c8d-900e-d449eb7bf65d:c1625]
2019-07-10 10:03:44,699 INFO  client.GrpcClientProtocolClient (GrpcClientProtocolClient.java:onNext(255)) - client-3502B0E99E4B->68798575-c94b-44a6-b996-25df487e3c54: receive RaftClientReply:client-3502B0E99E4B->68798575-c94b-44a6-b996-25df487e3c54@group-48C576E544C9, cid=1185, SUCCESS, logIndex=1632, commits[68798575-c94b-44a6-b996-25df487e3c54:c1633, 9ec8ead9-888e-415b-b04c-32cd2c26f792:c1631, 84ef4577-07e0-4c8d-900e-d449eb7bf65d:c1631]
2019-07-10 10:03:44,699 INFO  client.GrpcClientProtocolClient (GrpcClientProtocolClient.java:onNext(255)) - client-3502B0E99E4B->68798575-c94b-44a6-b996-25df487e3c54: receive RaftClientReply:client-3502B0E99E4B->68798575-c94b-44a6-b996-25df487e3c54@group-48C576E544C9, cid=1186, SUCCESS, logIndex=1633, commits[68798575-c94b-44a6-b996-25df487e3c54:c1633, 9ec8ead9-888e-415b-b04c-32cd2c26f792:c1631, 84ef4577-07e0-4c8d-900e-d449eb7bf65d:c1631]
2019-07-10 10:03:44,722 INFO  client.GrpcClientProtocolClient (GrpcClientProtocolClient.java:onNext(255)) - client-3502B0E99E4B->68798575-c94b-44a6-b996-25df487e3c54: receive RaftClientReply:client-3502B0E99E4B->68798575-c94b-44a6-b996-25df487e3c54@group-48C576E544C9, cid=1187, SUCCESS, logIndex=1636, commits[68798575-c94b-44a6-b996-25df487e3c54:c1637, 9ec8ead9-888e-415b-b04c-32cd2c26f792:c1633, 84ef4577-07e0-4c8d-900e-d449eb7bf65d:c1633]
2019-07-10 10:03:44,722 INFO  client.GrpcClientProtocolClient (GrpcClientProtocolClient.java:onNext(255)) - client-3502B0E99E4B->68798575-c94b-44a6-b996-25df487e3c54: receive RaftClientReply:client-3502B0E99E4B->68798575-c94b-44a6-b996-25df487e3c54@group-48C576E544C9, cid=1188, SUCCESS, logIndex=1637, commits[68798575-c94b-44a6-b996-25df487e3c54:c1637, 9ec8ead9-888e-415b-b04c-32cd2c26f792:c1633, 84ef4577-07e0-4c8d-900e-d449eb7bf65d:c1633]
2019-07-10 10:03:44,725 INFO  client.GrpcClientProtocolClient (GrpcClientProtocolClient.java:onNext(255)) - client-3502B0E99E4B->68798575-c94b-44a6-b996-25df487e3c54: receive RaftClientReply:client-3502B0E99E4B->68798575-c94b-44a6-b996-25df487e3c54@group-48C576E544C9, cid=1189, SUCCESS, logIndex=0, commits[68798575-c94b-44a6-b996-25df487e3c54:c1639, 9ec8ead9-888e-415b-b04c-32cd2c26f792:c1637, 84ef4577-07e0-4c8d-900e-d449eb7bf65d:c1637]
2019-07-10 10:03:44,746 INFO  client.GrpcClientProtocolClient (GrpcClientProtocolClient.java:onNext(255)) - client-3502B0E99E4B->68798575-c94b-44a6-b996-25df487e3c54: receive RaftClientReply:client-3502B0E99E4B->68798575-c94b-44a6-b996-25df487e3c54@group-48C576E544C9, cid=1190, SUCCESS, logIndex=1640, commits[68798575-c94b-44a6-b996-25df487e3c54:c1641, 9ec8ead9-888e-415b-b04c-32cd2c26f792:c1639, 84ef4577-07e0-4c8d-900e-d449eb7bf65d:c1639]
2019-07-10 10:03:44,746 INFO  client.GrpcClientProtocolClient (GrpcClientProtocolClient.java:onNext(255)) - client-3502B0E99E4B->68798575-c94b-44a6-b996-25df487e3c54: receive RaftClientReply:client-3502B0E99E4B->68798575-c94b-44a6-b996-25df487e3c54@group-48C576E544C9, cid=1191, SUCCESS, logIndex=1641, commits[68798575-c94b-44a6-b996-25df487e3c54:c1641, 9ec8ead9-888e-415b-b04c-32cd2c26f792:c1639, 84ef4577-07e0-4c8d-900e-d449eb7bf65d:c1639]
2019-07-10 10:03:44,757 INFO  client.GrpcClientProtocolClient (GrpcClientProtocolClient.java:onNext(255)) - client-3502B0E99E4B->68798575-c94b-44a6-b996-25df487e3c54: receive RaftClientReply:client-3502B0E99E4B->68798575-c94b-44a6-b996-25df487e3c54@group-48C576E544C9, cid=1192, SUCCESS, logIndex=1642, commits[68798575-c94b-44a6-b996-25df487e3c54:c1643, 9ec8ead9-888e-415b-b04c-32cd2c26f792:c1639, 84ef4577-07e0-4c8d-900e-d449eb7bf65d:c1639]
2019-07-10 10:03:44,758 INFO  client.GrpcClientProtocolClient (GrpcClientProtocolClient.java:onNext(255)) - client-3502B0E99E4B->68798575-c94b-44a6-b996-25df487e3c54: receive RaftClientReply:client-3502B0E99E4B->68798575-c94b-44a6-b996-25df487e3c54@group-48C576E544C9, cid=1193, SUCCESS, logIndex=1643, commits[68798575-c94b-44a6-b996-25df487e3c54:c1643, 9ec8ead9-888e-415b-b04c-32cd2c26f792:c1639, 84ef4577-07e0-4c8d-900e-d449eb7bf65d:c1639]
2019-07-10 10:03:44,759 INFO  client.GrpcClientProtocolClient (GrpcClientProtocolClient.java:onNext(255)) - client-3502B0E99E4B->68798575-c94b-44a6-b996-25df487e3c54: receive RaftClientReply:client-3502B0E99E4B->68798575-c94b-44a6-b996-25df487e3c54@group-48C576E544C9, cid=1194, SUCCESS, logIndex=0, commits[68798575-c94b-44a6-b996-25df487e3c54:c1645, 9ec8ead9-888e-415b-b04c-32cd2c26f792:c1643, 84ef4577-07e0-4c8d-900e-d449eb7bf65d:c1641]
2019-07-10 10:03:44,780 INFO  client.GrpcClientProtocolClient (GrpcClientProtocolClient.java:onNext(255)) - client-3502B0E99E4B->68798575-c94b-44a6-b996-25df487e3c54: receive RaftClientReply:client-3502B0E99E4B->68798575-c94b-44a6-b996-25df487e3c54@group-48C576E544C9, cid=1195, SUCCESS, logIndex=1648, commits[68798575-c94b-44a6-b996-25df487e3c54:c1649, 9ec8ead9-888e-415b-b04c-32cd2c26f792:c1647, 84ef4577-07e0-4c8d-900e-d449eb7bf65d:c1647]
2019-07-10 10:03:44,781 INFO  client.GrpcClientProtocolClient (GrpcClientProtocolClient.java:onNext(255)) - client-3502B0E99E4B->68798575-c94b-44a6-b996-25df487e3c54: receive RaftClientReply:client-3502B0E99E4B->68798575-c94b-44a6-b996-25df487e3c54@group-48C576E544C9, cid=1196, SUCCESS, logIndex=1649, commits[68798575-c94b-44a6-b996-25df487e3c54:c1649, 9ec8ead9-888e-415b-b04c-32cd2c26f792:c1647, 84ef4577-07e0-4c8d-900e-d449eb7bf65d:c1647]
2019-07-10 10:03:44,832 INFO  client.GrpcClientProtocolClient (GrpcClientProtocolClient.java:onNext(255)) - client-3502B0E99E4B->68798575-c94b-44a6-b996-25df487e3c54: receive RaftClientReply:client-3502B0E99E4B->68798575-c94b-44a6-b996-25df487e3c54@group-48C576E544C9, cid=1197, SUCCESS, logIndex=1652, commits[68798575-c94b-44a6-b996-25df487e3c54:c1653, 9ec8ead9-888e-415b-b04c-32cd2c26f792:c1649, 84ef4577-07e0-4c8d-900e-d449eb7bf65d:c1648]
2019-07-10 10:03:44,833 INFO  client.GrpcClientProtocolClient (GrpcClientProtocolClient.java:onNext(255)) - client-3502B0E99E4B->68798575-c94b-44a6-b996-25df487e3c54: receive RaftClientReply:client-3502B0E99E4B->68798575-c94b-44a6-b996-25df487e3c54@group-48C576E544C9, cid=1198, SUCCESS, logIndex=1653, commits[68798575-c94b-44a6-b996-25df487e3c54:c1653, 9ec8ead9-888e-415b-b04c-32cd2c26f792:c1649, 84ef4577-07e0-4c8d-900e-d449eb7bf65d:c1649]
2019-07-10 10:03:44,841 INFO  client.GrpcClientProtocolClient (GrpcClientProtocolClient.java:onNext(255)) - client-3502B0E99E4B->68798575-c94b-44a6-b996-25df487e3c54: receive RaftClientReply:client-3502B0E99E4B->68798575-c94b-44a6-b996-25df487e3c54@group-48C576E544C9, cid=1199, SUCCESS, logIndex=0, commits[68798575-c94b-44a6-b996-25df487e3c54:c1655, 9ec8ead9-888e-415b-b04c-32cd2c26f792:c1653, 84ef4577-07e0-4c8d-900e-d449eb7bf65d:c1653]
2019-07-10 10:03:44,864 INFO  client.GrpcClientProtocolClient (GrpcClientProtocolClient.java:onNext(255)) - client-3502B0E99E4B->68798575-c94b-44a6-b996-25df487e3c54: receive RaftClientReply:client-3502B0E99E4B->68798575-c94b-44a6-b996-25df487e3c54@group-48C576E544C9, cid=1200, SUCCESS, logIndex=1656, commits[68798575-c94b-44a6-b996-25df487e3c54:c1657, 9ec8ead9-888e-415b-b04c-32cd2c26f792:c1655, 84ef4577-07e0-4c8d-900e-d449eb7bf65d:c1655]
2019-07-10 10:03:44,864 INFO  client.GrpcClientProtocolClient (GrpcClientProtocolClient.java:onNext(255)) - client-3502B0E99E4B->68798575-c94b-44a6-b996-25df487e3c54: receive RaftClientReply:client-3502B0E99E4B->68798575-c94b-44a6-b996-25df487e3c54@group-48C576E544C9, cid=1201, SUCCESS, logIndex=1657, commits[68798575-c94b-44a6-b996-25df487e3c54:c1657, 9ec8ead9-888e-415b-b04c-32cd2c26f792:c1655, 84ef4577-07e0-4c8d-900e-d449eb7bf65d:c1655]
2019-07-10 10:03:44,865 INFO  client.GrpcClientProtocolClient (GrpcClientProtocolClient.java:onNext(255)) - client-3502B0E99E4B->68798575-c94b-44a6-b996-25df487e3c54: receive RaftClientReply:client-3502B0E99E4B->68798575-c94b-44a6-b996-25df487e3c54@group-48C576E544C9, cid=1202, SUCCESS, logIndex=1658, commits[68798575-c94b-44a6-b996-25df487e3c54:c1659, 9ec8ead9-888e-415b-b04c-32cd2c26f792:c1655, 84ef4577-07e0-4c8d-900e-d449eb7bf65d:c1655]
2019-07-10 10:03:44,866 INFO  client.GrpcClientProtocolClient (GrpcClientProtocolClient.java:onNext(255)) - client-3502B0E99E4B->68798575-c94b-44a6-b996-25df487e3c54: receive RaftClientReply:client-3502B0E99E4B->68798575-c94b-44a6-b996-25df487e3c54@group-48C576E544C9, cid=1203, SUCCESS, logIndex=1659, commits[68798575-c94b-44a6-b996-25df487e3c54:c1659, 9ec8ead9-888e-415b-b04c-32cd2c26f792:c1655, 84ef4577-07e0-4c8d-900e-d449eb7bf65d:c1655]
2019-07-10 10:03:44,868 INFO  client.GrpcClientProtocolClient (GrpcClientProtocolClient.java:onNext(255)) - client-3502B0E99E4B->68798575-c94b-44a6-b996-25df487e3c54: receive RaftClientReply:client-3502B0E99E4B->68798575-c94b-44a6-b996-25df487e3c54@group-48C576E544C9, cid=1204, SUCCESS, logIndex=0, commits[68798575-c94b-44a6-b996-25df487e3c54:c1661, 9ec8ead9-888e-415b-b04c-32cd2c26f792:c1657, 84ef4577-07e0-4c8d-900e-d449eb7bf65d:c1657]
2019-07-10 10:03:44,891 INFO  client.GrpcClientProtocolClient (GrpcClientProtocolClient.java:onNext(255)) - client-3502B0E99E4B->68798575-c94b-44a6-b996-25df487e3c54: receive RaftClientReply:client-3502B0E99E4B->68798575-c94b-44a6-b996-25df487e3c54@group-48C576E544C9, cid=1205, SUCCESS, logIndex=1664, commits[68798575-c94b-44a6-b996-25df487e3c54:c1665, 9ec8ead9-888e-415b-b04c-32cd2c26f792:c1663, 84ef4577-07e0-4c8d-900e-d449eb7bf65d:c1663]
2019-07-10 10:03:44,892 INFO  client.GrpcClientProtocolClient (GrpcClientProtocolClient.java:onNext(255)) - client-3502B0E99E4B->68798575-c94b-44a6-b996-25df487e3c54: receive RaftClientReply:client-3502B0E99E4B->68798575-c94b-44a6-b996-25df487e3c54@group-48C576E544C9, cid=1206, SUCCESS, logIndex=1665, commits[68798575-c94b-44a6-b996-25df487e3c54:c1665, 9ec8ead9-888e-415b-b04c-32cd2c26f792:c1663, 84ef4577-07e0-4c8d-900e-d449eb7bf65d:c1663]
2019-07-10 10:03:45,030 INFO  client.GrpcClientProtocolClient (GrpcClientProtocolClient.java:onNext(255)) - client-3502B0E99E4B->68798575-c94b-44a6-b996-25df487e3c54: receive RaftClientReply:client-3502B0E99E4B->68798575-c94b-44a6-b996-25df487e3c54@group-48C576E544C9, cid=1207, SUCCESS, logIndex=1668, commits[68798575-c94b-44a6-b996-25df487e3c54:c1669, 9ec8ead9-888e-415b-b04c-32cd2c26f792:c1665, 84ef4577-07e0-4c8d-900e-d449eb7bf65d:c1666]
2019-07-10 10:03:45,032 INFO  client.GrpcClientProtocolClient (GrpcClientProtocolClient.java:onNext(255)) - client-3502B0E99E4B->68798575-c94b-44a6-b996-25df487e3c54: receive RaftClientReply:client-3502B0E99E4B->68798575-c94b-44a6-b996-25df487e3c54@group-48C576E544C9, cid=1208, SUCCESS, logIndex=1669, commits[68798575-c94b-44a6-b996-25df487e3c54:c1669, 9ec8ead9-888e-415b-b04c-32cd2c26f792:c1666, 84ef4577-07e0-4c8d-900e-d449eb7bf65d:c1666]
2019-07-10 10:03:45,034 INFO  client.GrpcClientProtocolClient (GrpcClientProtocolClient.java:onNext(255)) - client-3502B0E99E4B->68798575-c94b-44a6-b996-25df487e3c54: receive RaftClientReply:client-3502B0E99E4B->68798575-c94b-44a6-b996-25df487e3c54@group-48C576E544C9, cid=1209, SUCCESS, logIndex=0, commits[68798575-c94b-44a6-b996-25df487e3c54:c1671, 9ec8ead9-888e-415b-b04c-32cd2c26f792:c1669, 84ef4577-07e0-4c8d-900e-d449eb7bf65d:c1669]
2019-07-10 10:03:45,062 INFO  client.GrpcClientProtocolClient (GrpcClientProtocolClient.java:onNext(255)) - client-3502B0E99E4B->68798575-c94b-44a6-b996-25df487e3c54: receive RaftClientReply:client-3502B0E99E4B->68798575-c94b-44a6-b996-25df487e3c54@group-48C576E544C9, cid=1210, SUCCESS, logIndex=1672, commits[68798575-c94b-44a6-b996-25df487e3c54:c1674, 9ec8ead9-888e-415b-b04c-32cd2c26f792:c1671, 84ef4577-07e0-4c8d-900e-d449eb7bf65d:c1671]
2019-07-10 10:03:45,063 INFO  client.GrpcClientProtocolClient (GrpcClientProtocolClient.java:onNext(255)) - client-3502B0E99E4B->68798575-c94b-44a6-b996-25df487e3c54: receive RaftClientReply:client-3502B0E99E4B->68798575-c94b-44a6-b996-25df487e3c54@group-48C576E544C9, cid=1211, SUCCESS, logIndex=1673, commits[68798575-c94b-44a6-b996-25df487e3c54:c1675, 9ec8ead9-888e-415b-b04c-32cd2c26f792:c1671, 84ef4577-07e0-4c8d-900e-d449eb7bf65d:c1671]
2019-07-10 10:03:45,063 INFO  client.GrpcClientProtocolClient (GrpcClientProtocolClient.java:onNext(255)) - client-3502B0E99E4B->68798575-c94b-44a6-b996-25df487e3c54: receive RaftClientReply:client-3502B0E99E4B->68798575-c94b-44a6-b996-25df487e3c54@group-48C576E544C9, cid=1212, SUCCESS, logIndex=1674, commits[68798575-c94b-44a6-b996-25df487e3c54:c1675, 9ec8ead9-888e-415b-b04c-32cd2c26f792:c1671, 84ef4577-07e0-4c8d-900e-d449eb7bf65d:c1671]
2019-07-10 10:03:45,063 INFO  client.GrpcClientProtocolClient (GrpcClientProtocolClient.java:onNext(255)) - client-3502B0E99E4B->68798575-c94b-44a6-b996-25df487e3c54: receive RaftClientReply:client-3502B0E99E4B->68798575-c94b-44a6-b996-25df487e3c54@group-48C576E544C9, cid=1213, SUCCESS, logIndex=1675, commits[68798575-c94b-44a6-b996-25df487e3c54:c1675, 9ec8ead9-888e-415b-b04c-32cd2c26f792:c1671, 84ef4577-07e0-4c8d-900e-d449eb7bf65d:c1671]
2019-07-10 10:03:45,074 INFO  client.GrpcClientProtocolClient (GrpcClientProtocolClient.java:onNext(255)) - client-3502B0E99E4B->68798575-c94b-44a6-b996-25df487e3c54: receive RaftClientReply:client-3502B0E99E4B->68798575-c94b-44a6-b996-25df487e3c54@group-48C576E544C9, cid=1214, SUCCESS, logIndex=0, commits[68798575-c94b-44a6-b996-25df487e3c54:c1676, 9ec8ead9-888e-415b-b04c-32cd2c26f792:c1673, 84ef4577-07e0-4c8d-900e-d449eb7bf65d:c1673]
2019-07-10 10:03:45,097 INFO  client.GrpcClientProtocolClient (GrpcClientProtocolClient.java:onNext(255)) - client-3502B0E99E4B->68798575-c94b-44a6-b996-25df487e3c54: receive RaftClientReply:client-3502B0E99E4B->68798575-c94b-44a6-b996-25df487e3c54@group-48C576E544C9, cid=1215, SUCCESS, logIndex=1680, commits[68798575-c94b-44a6-b996-25df487e3c54:c1681, 9ec8ead9-888e-415b-b04c-32cd2c26f792:c1679, 84ef4577-07e0-4c8d-900e-d449eb7bf65d:c1679]
2019-07-10 10:03:45,098 INFO  client.GrpcClientProtocolClient (GrpcClientProtocolClient.java:onNext(255)) - client-3502B0E99E4B->68798575-c94b-44a6-b996-25df487e3c54: receive RaftClientReply:client-3502B0E99E4B->68798575-c94b-44a6-b996-25df487e3c54@group-48C576E544C9, cid=1216, SUCCESS, logIndex=1681, commits[68798575-c94b-44a6-b996-25df487e3c54:c1681, 9ec8ead9-888e-415b-b04c-32cd2c26f792:c1679, 84ef4577-07e0-4c8d-900e-d449eb7bf65d:c1679]
2019-07-10 10:03:45,123 INFO  client.GrpcClientProtocolClient (GrpcClientProtocolClient.java:onNext(255)) - client-3502B0E99E4B->68798575-c94b-44a6-b996-25df487e3c54: receive RaftClientReply:client-3502B0E99E4B->68798575-c94b-44a6-b996-25df487e3c54@group-48C576E544C9, cid=1217, SUCCESS, logIndex=1684, commits[68798575-c94b-44a6-b996-25df487e3c54:c1685, 9ec8ead9-888e-415b-b04c-32cd2c26f792:c1680, 84ef4577-07e0-4c8d-900e-d449eb7bf65d:c1681]
2019-07-10 10:03:45,124 INFO  client.GrpcClientProtocolClient (GrpcClientProtocolClient.java:onNext(255)) - client-3502B0E99E4B->68798575-c94b-44a6-b996-25df487e3c54: receive RaftClientReply:client-3502B0E99E4B->68798575-c94b-44a6-b996-25df487e3c54@group-48C576E544C9, cid=1218, SUCCESS, logIndex=1685, commits[68798575-c94b-44a6-b996-25df487e3c54:c1685, 9ec8ead9-888e-415b-b04c-32cd2c26f792:c1681, 84ef4577-07e0-4c8d-900e-d449eb7bf65d:c1681]
2019-07-10 10:03:45,125 INFO  client.GrpcClientProtocolClient (GrpcClientProtocolClient.java:onNext(255)) - client-3502B0E99E4B->68798575-c94b-44a6-b996-25df487e3c54: receive RaftClientReply:client-3502B0E99E4B->68798575-c94b-44a6-b996-25df487e3c54@group-48C576E544C9, cid=1219, SUCCESS, logIndex=0, commits[68798575-c94b-44a6-b996-25df487e3c54:c1686, 9ec8ead9-888e-415b-b04c-32cd2c26f792:c1685, 84ef4577-07e0-4c8d-900e-d449eb7bf65d:c1685]
2019-07-10 10:03:45,146 INFO  client.GrpcClientProtocolClient (GrpcClientProtocolClient.java:onNext(255)) - client-3502B0E99E4B->68798575-c94b-44a6-b996-25df487e3c54: receive RaftClientReply:client-3502B0E99E4B->68798575-c94b-44a6-b996-25df487e3c54@group-48C576E544C9, cid=1220, SUCCESS, logIndex=1688, commits[68798575-c94b-44a6-b996-25df487e3c54:c1691, 9ec8ead9-888e-415b-b04c-32cd2c26f792:c1687, 84ef4577-07e0-4c8d-900e-d449eb7bf65d:c1685]
2019-07-10 10:03:45,147 INFO  client.GrpcClientProtocolClient (GrpcClientProtocolClient.java:onNext(255)) - client-3502B0E99E4B->68798575-c94b-44a6-b996-25df487e3c54: receive RaftClientReply:client-3502B0E99E4B->68798575-c94b-44a6-b996-25df487e3c54@group-48C576E544C9, cid=1221, SUCCESS, logIndex=1689, commits[68798575-c94b-44a6-b996-25df487e3c54:c1691, 9ec8ead9-888e-415b-b04c-32cd2c26f792:c1687, 84ef4577-07e0-4c8d-900e-d449eb7bf65d:c1687]
2019-07-10 10:03:45,147 INFO  client.GrpcClientProtocolClient (GrpcClientProtocolClient.java:onNext(255)) - client-3502B0E99E4B->68798575-c94b-44a6-b996-25df487e3c54: receive RaftClientReply:client-3502B0E99E4B->68798575-c94b-44a6-b996-25df487e3c54@group-48C576E544C9, cid=1222, SUCCESS, logIndex=1690, commits[68798575-c94b-44a6-b996-25df487e3c54:c1691, 9ec8ead9-888e-415b-b04c-32cd2c26f792:c1687, 84ef4577-07e0-4c8d-900e-d449eb7bf65d:c1687]
2019-07-10 10:03:45,147 INFO  client.GrpcClientProtocolClient (GrpcClientProtocolClient.java:onNext(255)) - client-3502B0E99E4B->68798575-c94b-44a6-b996-25df487e3c54: receive RaftClientReply:client-3502B0E99E4B->68798575-c94b-44a6-b996-25df487e3c54@group-48C576E544C9, cid=1223, SUCCESS, logIndex=1691, commits[68798575-c94b-44a6-b996-25df487e3c54:c1691, 9ec8ead9-888e-415b-b04c-32cd2c26f792:c1687, 84ef4577-07e0-4c8d-900e-d449eb7bf65d:c1687]
2019-07-10 10:03:45,149 INFO  client.GrpcClientProtocolClient (GrpcClientProtocolClient.java:onNext(255)) - client-3502B0E99E4B->68798575-c94b-44a6-b996-25df487e3c54: receive RaftClientReply:client-3502B0E99E4B->68798575-c94b-44a6-b996-25df487e3c54@group-48C576E544C9, cid=1224, SUCCESS, logIndex=0, commits[68798575-c94b-44a6-b996-25df487e3c54:c1693, 9ec8ead9-888e-415b-b04c-32cd2c26f792:c1689, 84ef4577-07e0-4c8d-900e-d449eb7bf65d:c1689]
2019-07-10 10:03:45,169 INFO  client.GrpcClientProtocolClient (GrpcClientProtocolClient.java:onNext(255)) - client-3502B0E99E4B->68798575-c94b-44a6-b996-25df487e3c54: receive RaftClientReply:client-3502B0E99E4B->68798575-c94b-44a6-b996-25df487e3c54@group-48C576E544C9, cid=1225, SUCCESS, logIndex=1696, commits[68798575-c94b-44a6-b996-25df487e3c54:c1697, 9ec8ead9-888e-415b-b04c-32cd2c26f792:c1695, 84ef4577-07e0-4c8d-900e-d449eb7bf65d:c1695]
2019-07-10 10:03:45,169 INFO  client.GrpcClientProtocolClient (GrpcClientProtocolClient.java:onNext(255)) - client-3502B0E99E4B->68798575-c94b-44a6-b996-25df487e3c54: receive RaftClientReply:client-3502B0E99E4B->68798575-c94b-44a6-b996-25df487e3c54@group-48C576E544C9, cid=1226, SUCCESS, logIndex=1697, commits[68798575-c94b-44a6-b996-25df487e3c54:c1697, 9ec8ead9-888e-415b-b04c-32cd2c26f792:c1695, 84ef4577-07e0-4c8d-900e-d449eb7bf65d:c1695]
2019-07-10 10:03:45,194 INFO  client.GrpcClientProtocolClient (GrpcClientProtocolClient.java:onNext(255)) - client-3502B0E99E4B->68798575-c94b-44a6-b996-25df487e3c54: receive RaftClientReply:client-3502B0E99E4B->68798575-c94b-44a6-b996-25df487e3c54@group-48C576E544C9, cid=1227, SUCCESS, logIndex=1700, commits[68798575-c94b-44a6-b996-25df487e3c54:c1701, 9ec8ead9-888e-415b-b04c-32cd2c26f792:c1697, 84ef4577-07e0-4c8d-900e-d449eb7bf65d:c1697]
2019-07-10 10:03:45,194 INFO  client.GrpcClientProtocolClient (GrpcClientProtocolClient.java:onNext(255)) - client-3502B0E99E4B->68798575-c94b-44a6-b996-25df487e3c54: receive RaftClientReply:client-3502B0E99E4B->68798575-c94b-44a6-b996-25df487e3c54@group-48C576E544C9, cid=1228, SUCCESS, logIndex=1701, commits[68798575-c94b-44a6-b996-25df487e3c54:c1701, 9ec8ead9-888e-415b-b04c-32cd2c26f792:c1697, 84ef4577-07e0-4c8d-900e-d449eb7bf65d:c1697]
2019-07-10 10:03:45,205 INFO  client.GrpcClientProtocolClient (GrpcClientProtocolClient.java:onNext(255)) - client-3502B0E99E4B->68798575-c94b-44a6-b996-25df487e3c54: receive RaftClientReply:client-3502B0E99E4B->68798575-c94b-44a6-b996-25df487e3c54@group-48C576E544C9, cid=1229, SUCCESS, logIndex=0, commits[68798575-c94b-44a6-b996-25df487e3c54:c1703, 9ec8ead9-888e-415b-b04c-32cd2c26f792:c1701, 84ef4577-07e0-4c8d-900e-d449eb7bf65d:c1701]
2019-07-10 10:03:45,224 INFO  client.GrpcClientProtocolClient (GrpcClientProtocolClient.java:onNext(255)) - client-3502B0E99E4B->68798575-c94b-44a6-b996-25df487e3c54: receive RaftClientReply:client-3502B0E99E4B->68798575-c94b-44a6-b996-25df487e3c54@group-48C576E544C9, cid=1230, SUCCESS, logIndex=1704, commits[68798575-c94b-44a6-b996-25df487e3c54:c1705, 9ec8ead9-888e-415b-b04c-32cd2c26f792:c1703, 84ef4577-07e0-4c8d-900e-d449eb7bf65d:c1703]
2019-07-10 10:03:45,225 INFO  client.GrpcClientProtocolClient (GrpcClientProtocolClient.java:onNext(255)) - client-3502B0E99E4B->68798575-c94b-44a6-b996-25df487e3c54: receive RaftClientReply:client-3502B0E99E4B->68798575-c94b-44a6-b996-25df487e3c54@group-48C576E544C9, cid=1231, SUCCESS, logIndex=1705, commits[68798575-c94b-44a6-b996-25df487e3c54:c1705, 9ec8ead9-888e-415b-b04c-32cd2c26f792:c1703, 84ef4577-07e0-4c8d-900e-d449eb7bf65d:c1703]
2019-07-10 10:03:45,226 INFO  client.GrpcClientProtocolClient (GrpcClientProtocolClient.java:onNext(255)) - client-3502B0E99E4B->68798575-c94b-44a6-b996-25df487e3c54: receive RaftClientReply:client-3502B0E99E4B->68798575-c94b-44a6-b996-25df487e3c54@group-48C576E544C9, cid=1232, SUCCESS, logIndex=1706, commits[68798575-c94b-44a6-b996-25df487e3c54:c1706, 9ec8ead9-888e-415b-b04c-32cd2c26f792:c1703, 84ef4577-07e0-4c8d-900e-d449eb7bf65d:c1703]
2019-07-10 10:03:45,226 INFO  client.GrpcClientProtocolClient (GrpcClientProtocolClient.java:onNext(255)) - client-3502B0E99E4B->68798575-c94b-44a6-b996-25df487e3c54: receive RaftClientReply:client-3502B0E99E4B->68798575-c94b-44a6-b996-25df487e3c54@group-48C576E544C9, cid=1233, SUCCESS, logIndex=1707, commits[68798575-c94b-44a6-b996-25df487e3c54:c1707, 9ec8ead9-888e-415b-b04c-32cd2c26f792:c1703, 84ef4577-07e0-4c8d-900e-d449eb7bf65d:c1703]
2019-07-10 10:03:45,227 INFO  client.GrpcClientProtocolClient (GrpcClientProtocolClient.java:onNext(255)) - client-3502B0E99E4B->68798575-c94b-44a6-b996-25df487e3c54: receive RaftClientReply:client-3502B0E99E4B->68798575-c94b-44a6-b996-25df487e3c54@group-48C576E544C9, cid=1234, SUCCESS, logIndex=0, commits[68798575-c94b-44a6-b996-25df487e3c54:c1709, 9ec8ead9-888e-415b-b04c-32cd2c26f792:c1705, 84ef4577-07e0-4c8d-900e-d449eb7bf65d:c1705]
2019-07-10 10:03:45,250 INFO  client.GrpcClientProtocolClient (GrpcClientProtocolClient.java:onNext(255)) - client-3502B0E99E4B->68798575-c94b-44a6-b996-25df487e3c54: receive RaftClientReply:client-3502B0E99E4B->68798575-c94b-44a6-b996-25df487e3c54@group-48C576E544C9, cid=1235, SUCCESS, logIndex=1712, commits[68798575-c94b-44a6-b996-25df487e3c54:c1713, 9ec8ead9-888e-415b-b04c-32cd2c26f792:c1711, 84ef4577-07e0-4c8d-900e-d449eb7bf65d:c1711]
2019-07-10 10:03:45,251 INFO  client.GrpcClientProtocolClient (GrpcClientProtocolClient.java:onNext(255)) - client-3502B0E99E4B->68798575-c94b-44a6-b996-25df487e3c54: receive RaftClientReply:client-3502B0E99E4B->68798575-c94b-44a6-b996-25df487e3c54@group-48C576E544C9, cid=1236, SUCCESS, logIndex=1713, commits[68798575-c94b-44a6-b996-25df487e3c54:c1713, 9ec8ead9-888e-415b-b04c-32cd2c26f792:c1711, 84ef4577-07e0-4c8d-900e-d449eb7bf65d:c1711]
2019-07-10 10:03:45,272 INFO  client.GrpcClientProtocolClient (GrpcClientProtocolClient.java:onNext(255)) - client-3502B0E99E4B->68798575-c94b-44a6-b996-25df487e3c54: receive RaftClientReply:client-3502B0E99E4B->68798575-c94b-44a6-b996-25df487e3c54@group-48C576E544C9, cid=1237, SUCCESS, logIndex=1716, commits[68798575-c94b-44a6-b996-25df487e3c54:c1717, 9ec8ead9-888e-415b-b04c-32cd2c26f792:c1713, 84ef4577-07e0-4c8d-900e-d449eb7bf65d:c1713]
2019-07-10 10:03:45,272 INFO  client.GrpcClientProtocolClient (GrpcClientProtocolClient.java:onNext(255)) - client-3502B0E99E4B->68798575-c94b-44a6-b996-25df487e3c54: receive RaftClientReply:client-3502B0E99E4B->68798575-c94b-44a6-b996-25df487e3c54@group-48C576E544C9, cid=1238, SUCCESS, logIndex=1717, commits[68798575-c94b-44a6-b996-25df487e3c54:c1717, 9ec8ead9-888e-415b-b04c-32cd2c26f792:c1713, 84ef4577-07e0-4c8d-900e-d449eb7bf65d:c1713]
2019-07-10 10:03:45,274 INFO  client.GrpcClientProtocolClient (GrpcClientProtocolClient.java:onNext(255)) - client-3502B0E99E4B->68798575-c94b-44a6-b996-25df487e3c54: receive RaftClientReply:client-3502B0E99E4B->68798575-c94b-44a6-b996-25df487e3c54@group-48C576E544C9, cid=1239, SUCCESS, logIndex=0, commits[68798575-c94b-44a6-b996-25df487e3c54:c1718, 9ec8ead9-888e-415b-b04c-32cd2c26f792:c1717, 84ef4577-07e0-4c8d-900e-d449eb7bf65d:c1717]
2019-07-10 10:03:45,342 INFO  client.GrpcClientProtocolClient (GrpcClientProtocolClient.java:onNext(255)) - client-3502B0E99E4B->68798575-c94b-44a6-b996-25df487e3c54: receive RaftClientReply:client-3502B0E99E4B->68798575-c94b-44a6-b996-25df487e3c54@group-48C576E544C9, cid=1240, SUCCESS, logIndex=1720, commits[68798575-c94b-44a6-b996-25df487e3c54:c1721, 9ec8ead9-888e-415b-b04c-32cd2c26f792:c1719, 84ef4577-07e0-4c8d-900e-d449eb7bf65d:c1719]
2019-07-10 10:03:45,343 INFO  client.GrpcClientProtocolClient (GrpcClientProtocolClient.java:onNext(255)) - client-3502B0E99E4B->68798575-c94b-44a6-b996-25df487e3c54: receive RaftClientReply:client-3502B0E99E4B->68798575-c94b-44a6-b996-25df487e3c54@group-48C576E544C9, cid=1241, SUCCESS, logIndex=1721, commits[68798575-c94b-44a6-b996-25df487e3c54:c1723, 9ec8ead9-888e-415b-b04c-32cd2c26f792:c1719, 84ef4577-07e0-4c8d-900e-d449eb7bf65d:c1719]
2019-07-10 10:03:45,344 INFO  client.GrpcClientProtocolClient (GrpcClientProtocolClient.java:onNext(255)) - client-3502B0E99E4B->68798575-c94b-44a6-b996-25df487e3c54: receive RaftClientReply:client-3502B0E99E4B->68798575-c94b-44a6-b996-25df487e3c54@group-48C576E544C9, cid=1242, SUCCESS, logIndex=1722, commits[68798575-c94b-44a6-b996-25df487e3c54:c1723, 9ec8ead9-888e-415b-b04c-32cd2c26f792:c1719, 84ef4577-07e0-4c8d-900e-d449eb7bf65d:c1719]
2019-07-10 10:03:45,344 INFO  client.GrpcClientProtocolClient (GrpcClientProtocolClient.java:onNext(255)) - client-3502B0E99E4B->68798575-c94b-44a6-b996-25df487e3c54: receive RaftClientReply:client-3502B0E99E4B->68798575-c94b-44a6-b996-25df487e3c54@group-48C576E544C9, cid=1243, SUCCESS, logIndex=1723, commits[68798575-c94b-44a6-b996-25df487e3c54:c1723, 9ec8ead9-888e-415b-b04c-32cd2c26f792:c1719, 84ef4577-07e0-4c8d-900e-d449eb7bf65d:c1719]
2019-07-10 10:03:45,346 INFO  client.GrpcClientProtocolClient (GrpcClientProtocolClient.java:onNext(255)) - client-3502B0E99E4B->68798575-c94b-44a6-b996-25df487e3c54: receive RaftClientReply:client-3502B0E99E4B->68798575-c94b-44a6-b996-25df487e3c54@group-48C576E544C9, cid=1244, SUCCESS, logIndex=0, commits[68798575-c94b-44a6-b996-25df487e3c54:c1727, 9ec8ead9-888e-415b-b04c-32cd2c26f792:c1721, 84ef4577-07e0-4c8d-900e-d449eb7bf65d:c1723]
2019-07-10 10:03:45,368 INFO  client.GrpcClientProtocolClient (GrpcClientProtocolClient.java:onNext(255)) - client-3502B0E99E4B->68798575-c94b-44a6-b996-25df487e3c54: receive RaftClientReply:client-3502B0E99E4B->68798575-c94b-44a6-b996-25df487e3c54@group-48C576E544C9, cid=1245, SUCCESS, logIndex=1728, commits[68798575-c94b-44a6-b996-25df487e3c54:c1729, 9ec8ead9-888e-415b-b04c-32cd2c26f792:c1727, 84ef4577-07e0-4c8d-900e-d449eb7bf65d:c1727]
2019-07-10 10:03:45,368 INFO  client.GrpcClientProtocolClient (GrpcClientProtocolClient.java:onNext(255)) - client-3502B0E99E4B->68798575-c94b-44a6-b996-25df487e3c54: receive RaftClientReply:client-3502B0E99E4B->68798575-c94b-44a6-b996-25df487e3c54@group-48C576E544C9, cid=1246, SUCCESS, logIndex=1729, commits[68798575-c94b-44a6-b996-25df487e3c54:c1729, 9ec8ead9-888e-415b-b04c-32cd2c26f792:c1727, 84ef4577-07e0-4c8d-900e-d449eb7bf65d:c1727]
2019-07-10 10:03:45,393 INFO  client.GrpcClientProtocolClient (GrpcClientProtocolClient.java:onNext(255)) - client-3502B0E99E4B->68798575-c94b-44a6-b996-25df487e3c54: receive RaftClientReply:client-3502B0E99E4B->68798575-c94b-44a6-b996-25df487e3c54@group-48C576E544C9, cid=1247, SUCCESS, logIndex=1732, commits[68798575-c94b-44a6-b996-25df487e3c54:c1733, 9ec8ead9-888e-415b-b04c-32cd2c26f792:c1729, 84ef4577-07e0-4c8d-900e-d449eb7bf65d:c1729]
2019-07-10 10:03:45,394 INFO  client.GrpcClientProtocolClient (GrpcClientProtocolClient.java:onNext(255)) - client-3502B0E99E4B->68798575-c94b-44a6-b996-25df487e3c54: receive RaftClientReply:client-3502B0E99E4B->68798575-c94b-44a6-b996-25df487e3c54@group-48C576E544C9, cid=1248, SUCCESS, logIndex=1733, commits[68798575-c94b-44a6-b996-25df487e3c54:c1733, 9ec8ead9-888e-415b-b04c-32cd2c26f792:c1729, 84ef4577-07e0-4c8d-900e-d449eb7bf65d:c1729]
2019-07-10 10:03:45,406 INFO  client.GrpcClientProtocolClient (GrpcClientProtocolClient.java:onNext(255)) - client-3502B0E99E4B->68798575-c94b-44a6-b996-25df487e3c54: receive RaftClientReply:client-3502B0E99E4B->68798575-c94b-44a6-b996-25df487e3c54@group-48C576E544C9, cid=1249, SUCCESS, logIndex=0, commits[68798575-c94b-44a6-b996-25df487e3c54:c1734, 9ec8ead9-888e-415b-b04c-32cd2c26f792:c1733, 84ef4577-07e0-4c8d-900e-d449eb7bf65d:c1733]
2019-07-10 10:03:45,447 INFO  client.GrpcClientProtocolClient (GrpcClientProtocolClient.java:onNext(255)) - client-3502B0E99E4B->68798575-c94b-44a6-b996-25df487e3c54: receive RaftClientReply:client-3502B0E99E4B->68798575-c94b-44a6-b996-25df487e3c54@group-48C576E544C9, cid=1250, SUCCESS, logIndex=1736, commits[68798575-c94b-44a6-b996-25df487e3c54:c1737, 9ec8ead9-888e-415b-b04c-32cd2c26f792:c1735, 84ef4577-07e0-4c8d-900e-d449eb7bf65d:c1735]
2019-07-10 10:03:45,447 INFO  client.GrpcClientProtocolClient (GrpcClientProtocolClient.java:onNext(255)) - client-3502B0E99E4B->68798575-c94b-44a6-b996-25df487e3c54: receive RaftClientReply:client-3502B0E99E4B->68798575-c94b-44a6-b996-25df487e3c54@group-48C576E544C9, cid=1251, SUCCESS, logIndex=1737, commits[68798575-c94b-44a6-b996-25df487e3c54:c1737, 9ec8ead9-888e-415b-b04c-32cd2c26f792:c1735, 84ef4577-07e0-4c8d-900e-d449eb7bf65d:c1735]
2019-07-10 10:03:45,448 INFO  client.GrpcClientProtocolClient (GrpcClientProtocolClient.java:onNext(255)) - client-3502B0E99E4B->68798575-c94b-44a6-b996-25df487e3c54: receive RaftClientReply:client-3502B0E99E4B->68798575-c94b-44a6-b996-25df487e3c54@group-48C576E544C9, cid=1252, SUCCESS, logIndex=1738, commits[68798575-c94b-44a6-b996-25df487e3c54:c1738, 9ec8ead9-888e-415b-b04c-32cd2c26f792:c1735, 84ef4577-07e0-4c8d-900e-d449eb7bf65d:c1735]
2019-07-10 10:03:45,449 INFO  client.GrpcClientProtocolClient (GrpcClientProtocolClient.java:onNext(255)) - client-3502B0E99E4B->68798575-c94b-44a6-b996-25df487e3c54: receive RaftClientReply:client-3502B0E99E4B->68798575-c94b-44a6-b996-25df487e3c54@group-48C576E544C9, cid=1253, SUCCESS, logIndex=1739, commits[68798575-c94b-44a6-b996-25df487e3c54:c1739, 9ec8ead9-888e-415b-b04c-32cd2c26f792:c1735, 84ef4577-07e0-4c8d-900e-d449eb7bf65d:c1735]
2019-07-10 10:03:45,450 INFO  client.GrpcClientProtocolClient (GrpcClientProtocolClient.java:onNext(255)) - client-3502B0E99E4B->68798575-c94b-44a6-b996-25df487e3c54: receive RaftClientReply:client-3502B0E99E4B->68798575-c94b-44a6-b996-25df487e3c54@group-48C576E544C9, cid=1254, SUCCESS, logIndex=0, commits[68798575-c94b-44a6-b996-25df487e3c54:c1741, 9ec8ead9-888e-415b-b04c-32cd2c26f792:c1737, 84ef4577-07e0-4c8d-900e-d449eb7bf65d:c1737]
2019-07-10 10:03:45,470 INFO  client.GrpcClientProtocolClient (GrpcClientProtocolClient.java:onNext(255)) - client-3502B0E99E4B->68798575-c94b-44a6-b996-25df487e3c54: receive RaftClientReply:client-3502B0E99E4B->68798575-c94b-44a6-b996-25df487e3c54@group-48C576E544C9, cid=1255, SUCCESS, logIndex=1744, commits[68798575-c94b-44a6-b996-25df487e3c54:c1745, 9ec8ead9-888e-415b-b04c-32cd2c26f792:c1743, 84ef4577-07e0-4c8d-900e-d449eb7bf65d:c1743]
2019-07-10 10:03:45,471 INFO  client.GrpcClientProtocolClient (GrpcClientProtocolClient.java:onNext(255)) - client-3502B0E99E4B->68798575-c94b-44a6-b996-25df487e3c54: receive RaftClientReply:client-3502B0E99E4B->68798575-c94b-44a6-b996-25df487e3c54@group-48C576E544C9, cid=1256, SUCCESS, logIndex=1745, commits[68798575-c94b-44a6-b996-25df487e3c54:c1745, 9ec8ead9-888e-415b-b04c-32cd2c26f792:c1743, 84ef4577-07e0-4c8d-900e-d449eb7bf65d:c1743]
2019-07-10 10:03:45,494 INFO  client.GrpcClientProtocolClient (GrpcClientProtocolClient.java:onNext(255)) - client-3502B0E99E4B->68798575-c94b-44a6-b996-25df487e3c54: receive RaftClientReply:client-3502B0E99E4B->68798575-c94b-44a6-b996-25df487e3c54@group-48C576E544C9, cid=1257, SUCCESS, logIndex=1748, commits[68798575-c94b-44a6-b996-25df487e3c54:c1749, 9ec8ead9-888e-415b-b04c-32cd2c26f792:c1744, 84ef4577-07e0-4c8d-900e-d449eb7bf65d:c1745]
2019-07-10 10:03:45,494 INFO  client.GrpcClientProtocolClient (GrpcClientProtocolClient.java:onNext(255)) - client-3502B0E99E4B->68798575-c94b-44a6-b996-25df487e3c54: receive RaftClientReply:client-3502B0E99E4B->68798575-c94b-44a6-b996-25df487e3c54@group-48C576E544C9, cid=1258, SUCCESS, logIndex=1749, commits[68798575-c94b-44a6-b996-25df487e3c54:c1749, 9ec8ead9-888e-415b-b04c-32cd2c26f792:c1745, 84ef4577-07e0-4c8d-900e-d449eb7bf65d:c1745]
2019-07-10 10:03:45,497 INFO  client.GrpcClientProtocolClient (GrpcClientProtocolClient.java:onNext(255)) - client-3502B0E99E4B->68798575-c94b-44a6-b996-25df487e3c54: receive RaftClientReply:client-3502B0E99E4B->68798575-c94b-44a6-b996-25df487e3c54@group-48C576E544C9, cid=1259, SUCCESS, logIndex=0, commits[68798575-c94b-44a6-b996-25df487e3c54:c1750, 9ec8ead9-888e-415b-b04c-32cd2c26f792:c1749, 84ef4577-07e0-4c8d-900e-d449eb7bf65d:c1749]
 0.00% |█                                                                                                    |  0/1 Time: 0:00:092019-07-10 10:03:45,526 INFO  client.GrpcClientProtocolClient (GrpcClientProtocolClient.java:onNext(255)) - client-3502B0E99E4B->68798575-c94b-44a6-b996-25df487e3c54: receive RaftClientReply:client-3502B0E99E4B->68798575-c94b-44a6-b996-25df487e3c54@group-48C576E544C9, cid=1260, SUCCESS, logIndex=1752, commits[68798575-c94b-44a6-b996-25df487e3c54:c1753, 9ec8ead9-888e-415b-b04c-32cd2c26f792:c1751, 84ef4577-07e0-4c8d-900e-d449eb7bf65d:c1751]
2019-07-10 10:03:45,527 INFO  client.GrpcClientProtocolClient (GrpcClientProtocolClient.java:onNext(255)) - client-3502B0E99E4B->68798575-c94b-44a6-b996-25df487e3c54: receive RaftClientReply:client-3502B0E99E4B->68798575-c94b-44a6-b996-25df487e3c54@group-48C576E544C9, cid=1261, SUCCESS, logIndex=1753, commits[68798575-c94b-44a6-b996-25df487e3c54:c1754, 9ec8ead9-888e-415b-b04c-32cd2c26f792:c1751, 84ef4577-07e0-4c8d-900e-d449eb7bf65d:c1751]
2019-07-10 10:03:45,528 INFO  client.GrpcClientProtocolClient (GrpcClientProtocolClient.java:onNext(255)) - client-3502B0E99E4B->68798575-c94b-44a6-b996-25df487e3c54: receive RaftClientReply:client-3502B0E99E4B->68798575-c94b-44a6-b996-25df487e3c54@group-48C576E544C9, cid=1262, SUCCESS, logIndex=1754, commits[68798575-c94b-44a6-b996-25df487e3c54:c1755, 9ec8ead9-888e-415b-b04c-32cd2c26f792:c1751, 84ef4577-07e0-4c8d-900e-d449eb7bf65d:c1751]
2019-07-10 10:03:45,528 INFO  client.GrpcClientProtocolClient (GrpcClientProtocolClient.java:onNext(255)) - client-3502B0E99E4B->68798575-c94b-44a6-b996-25df487e3c54: receive RaftClientReply:client-3502B0E99E4B->68798575-c94b-44a6-b996-25df487e3c54@group-48C576E544C9, cid=1263, SUCCESS, logIndex=1755, commits[68798575-c94b-44a6-b996-25df487e3c54:c1756, 9ec8ead9-888e-415b-b04c-32cd2c26f792:c1751, 84ef4577-07e0-4c8d-900e-d449eb7bf65d:c1753]
2019-07-10 10:03:45,529 INFO  client.GrpcClientProtocolClient (GrpcClientProtocolClient.java:onNext(255)) - client-3502B0E99E4B->68798575-c94b-44a6-b996-25df487e3c54: receive RaftClientReply:client-3502B0E99E4B->68798575-c94b-44a6-b996-25df487e3c54@group-48C576E544C9, cid=1264, SUCCESS, logIndex=0, commits[68798575-c94b-44a6-b996-25df487e3c54:c1758, 9ec8ead9-888e-415b-b04c-32cd2c26f792:c1754, 84ef4577-07e0-4c8d-900e-d449eb7bf65d:c1754]
2019-07-10 10:03:45,549 INFO  client.GrpcClientProtocolClient (GrpcClientProtocolClient.java:onNext(255)) - client-3502B0E99E4B->68798575-c94b-44a6-b996-25df487e3c54: receive RaftClientReply:client-3502B0E99E4B->68798575-c94b-44a6-b996-25df487e3c54@group-48C576E544C9, cid=1265, SUCCESS, logIndex=1760, commits[68798575-c94b-44a6-b996-25df487e3c54:c1761, 9ec8ead9-888e-415b-b04c-32cd2c26f792:c1759, 84ef4577-07e0-4c8d-900e-d449eb7bf65d:c1759]
2019-07-10 10:03:45,550 INFO  client.GrpcClientProtocolClient (GrpcClientProtocolClient.java:onNext(255)) - client-3502B0E99E4B->68798575-c94b-44a6-b996-25df487e3c54: receive RaftClientReply:client-3502B0E99E4B->68798575-c94b-44a6-b996-25df487e3c54@group-48C576E544C9, cid=1266, SUCCESS, logIndex=1761, commits[68798575-c94b-44a6-b996-25df487e3c54:c1761, 9ec8ead9-888e-415b-b04c-32cd2c26f792:c1759, 84ef4577-07e0-4c8d-900e-d449eb7bf65d:c1759]
2019-07-10 10:03:45,588 INFO  client.GrpcClientProtocolClient (GrpcClientProtocolClient.java:onNext(255)) - client-3502B0E99E4B->68798575-c94b-44a6-b996-25df487e3c54: receive RaftClientReply:client-3502B0E99E4B->68798575-c94b-44a6-b996-25df487e3c54@group-48C576E544C9, cid=1267, SUCCESS, logIndex=1764, commits[68798575-c94b-44a6-b996-25df487e3c54:c1765, 9ec8ead9-888e-415b-b04c-32cd2c26f792:c1761, 84ef4577-07e0-4c8d-900e-d449eb7bf65d:c1761]
2019-07-10 10:03:45,588 INFO  client.GrpcClientProtocolClient (GrpcClientProtocolClient.java:onNext(255)) - client-3502B0E99E4B->68798575-c94b-44a6-b996-25df487e3c54: receive RaftClientReply:client-3502B0E99E4B->68798575-c94b-44a6-b996-25df487e3c54@group-48C576E544C9, cid=1268, SUCCESS, logIndex=1765, commits[68798575-c94b-44a6-b996-25df487e3c54:c1765, 9ec8ead9-888e-415b-b04c-32cd2c26f792:c1761, 84ef4577-07e0-4c8d-900e-d449eb7bf65d:c1761]
2019-07-10 10:03:45,606 INFO  client.GrpcClientProtocolClient (GrpcClientProtocolClient.java:onNext(255)) - client-3502B0E99E4B->68798575-c94b-44a6-b996-25df487e3c54: receive RaftClientReply:client-3502B0E99E4B->68798575-c94b-44a6-b996-25df487e3c54@group-48C576E544C9, cid=1269, SUCCESS, logIndex=0, commits[68798575-c94b-44a6-b996-25df487e3c54:c1766, 9ec8ead9-888e-415b-b04c-32cd2c26f792:c1765, 84ef4577-07e0-4c8d-900e-d449eb7bf65d:c1765]
2019-07-10 10:03:45,639 INFO  client.GrpcClientProtocolClient (GrpcClientProtocolClient.java:onNext(255)) - client-3502B0E99E4B->68798575-c94b-44a6-b996-25df487e3c54: receive RaftClientReply:client-3502B0E99E4B->68798575-c94b-44a6-b996-25df487e3c54@group-48C576E544C9, cid=1270, SUCCESS, logIndex=1768, commits[68798575-c94b-44a6-b996-25df487e3c54:c1769, 9ec8ead9-888e-415b-b04c-32cd2c26f792:c1767, 84ef4577-07e0-4c8d-900e-d449eb7bf65d:c1767]
2019-07-10 10:03:45,640 INFO  client.GrpcClientProtocolClient (GrpcClientProtocolClient.java:onNext(255)) - client-3502B0E99E4B->68798575-c94b-44a6-b996-25df487e3c54: receive RaftClientReply:client-3502B0E99E4B->68798575-c94b-44a6-b996-25df487e3c54@group-48C576E544C9, cid=1271, SUCCESS, logIndex=1769, commits[68798575-c94b-44a6-b996-25df487e3c54:c1770, 9ec8ead9-888e-415b-b04c-32cd2c26f792:c1767, 84ef4577-07e0-4c8d-900e-d449eb7bf65d:c1767]
2019-07-10 10:03:45,640 INFO  client.GrpcClientProtocolClient (GrpcClientProtocolClient.java:onNext(255)) - client-3502B0E99E4B->68798575-c94b-44a6-b996-25df487e3c54: receive RaftClientReply:client-3502B0E99E4B->68798575-c94b-44a6-b996-25df487e3c54@group-48C576E544C9, cid=1272, SUCCESS, logIndex=1770, commits[68798575-c94b-44a6-b996-25df487e3c54:c1770, 9ec8ead9-888e-415b-b04c-32cd2c26f792:c1767, 84ef4577-07e0-4c8d-900e-d449eb7bf65d:c1767]
2019-07-10 10:03:45,641 INFO  client.GrpcClientProtocolClient (GrpcClientProtocolClient.java:onNext(255)) - client-3502B0E99E4B->68798575-c94b-44a6-b996-25df487e3c54: receive RaftClientReply:client-3502B0E99E4B->68798575-c94b-44a6-b996-25df487e3c54@group-48C576E544C9, cid=1273, SUCCESS, logIndex=1771, commits[68798575-c94b-44a6-b996-25df487e3c54:c1771, 9ec8ead9-888e-415b-b04c-32cd2c26f792:c1767, 84ef4577-07e0-4c8d-900e-d449eb7bf65d:c1767]
2019-07-10 10:03:45,652 INFO  client.GrpcClientProtocolClient (GrpcClientProtocolClient.java:onNext(255)) - client-3502B0E99E4B->68798575-c94b-44a6-b996-25df487e3c54: receive RaftClientReply:client-3502B0E99E4B->68798575-c94b-44a6-b996-25df487e3c54@group-48C576E544C9, cid=1274, SUCCESS, logIndex=0, commits[68798575-c94b-44a6-b996-25df487e3c54:c1773, 9ec8ead9-888e-415b-b04c-32cd2c26f792:c1769, 84ef4577-07e0-4c8d-900e-d449eb7bf65d:c1769]
2019-07-10 10:03:45,673 INFO  client.GrpcClientProtocolClient (GrpcClientProtocolClient.java:onNext(255)) - client-3502B0E99E4B->68798575-c94b-44a6-b996-25df487e3c54: receive RaftClientReply:client-3502B0E99E4B->68798575-c94b-44a6-b996-25df487e3c54@group-48C576E544C9, cid=1275, SUCCESS, logIndex=1776, commits[68798575-c94b-44a6-b996-25df487e3c54:c1777, 9ec8ead9-888e-415b-b04c-32cd2c26f792:c1775, 84ef4577-07e0-4c8d-900e-d449eb7bf65d:c1775]
2019-07-10 10:03:45,772 INFO  client.GrpcClientProtocolClient (GrpcClientProtocolClient.java:onNext(255)) - client-3502B0E99E4B->68798575-c94b-44a6-b996-25df487e3c54: receive RaftClientReply:client-3502B0E99E4B->68798575-c94b-44a6-b996-25df487e3c54@group-48C576E544C9, cid=1276, SUCCESS, logIndex=1777, commits[68798575-c94b-44a6-b996-25df487e3c54:c1777, 9ec8ead9-888e-415b-b04c-32cd2c26f792:c1775, 84ef4577-07e0-4c8d-900e-d449eb7bf65d:c1775]
2019-07-10 10:03:45,797 INFO  client.GrpcClientProtocolClient (GrpcClientProtocolClient.java:onNext(255)) - client-3502B0E99E4B->68798575-c94b-44a6-b996-25df487e3c54: receive RaftClientReply:client-3502B0E99E4B->68798575-c94b-44a6-b996-25df487e3c54@group-48C576E544C9, cid=1277, SUCCESS, logIndex=1780, commits[68798575-c94b-44a6-b996-25df487e3c54:c1781, 9ec8ead9-888e-415b-b04c-32cd2c26f792:c1778, 84ef4577-07e0-4c8d-900e-d449eb7bf65d:c1778]
2019-07-10 10:03:45,797 INFO  client.GrpcClientProtocolClient (GrpcClientProtocolClient.java:onNext(255)) - client-3502B0E99E4B->68798575-c94b-44a6-b996-25df487e3c54: receive RaftClientReply:client-3502B0E99E4B->68798575-c94b-44a6-b996-25df487e3c54@group-48C576E544C9, cid=1278, SUCCESS, logIndex=1781, commits[68798575-c94b-44a6-b996-25df487e3c54:c1781, 9ec8ead9-888e-415b-b04c-32cd2c26f792:c1778, 84ef4577-07e0-4c8d-900e-d449eb7bf65d:c1778]
2019-07-10 10:03:45,810 INFO  client.GrpcClientProtocolClient (GrpcClientProtocolClient.java:onNext(255)) - client-3502B0E99E4B->68798575-c94b-44a6-b996-25df487e3c54: receive RaftClientReply:client-3502B0E99E4B->68798575-c94b-44a6-b996-25df487e3c54@group-48C576E544C9, cid=1279, SUCCESS, logIndex=0, commits[68798575-c94b-44a6-b996-25df487e3c54:c1782, 9ec8ead9-888e-415b-b04c-32cd2c26f792:c1781, 84ef4577-07e0-4c8d-900e-d449eb7bf65d:c1781]
2019-07-10 10:03:45,856 INFO  client.GrpcClientProtocolClient (GrpcClientProtocolClient.java:onNext(255)) - client-3502B0E99E4B->68798575-c94b-44a6-b996-25df487e3c54: receive RaftClientReply:client-3502B0E99E4B->68798575-c94b-44a6-b996-25df487e3c54@group-48C576E544C9, cid=1280, SUCCESS, logIndex=1784, commits[68798575-c94b-44a6-b996-25df487e3c54:c1785, 9ec8ead9-888e-415b-b04c-32cd2c26f792:c1783, 84ef4577-07e0-4c8d-900e-d449eb7bf65d:c1783]
2019-07-10 10:03:45,857 INFO  client.GrpcClientProtocolClient (GrpcClientProtocolClient.java:onNext(255)) - client-3502B0E99E4B->68798575-c94b-44a6-b996-25df487e3c54: receive RaftClientReply:client-3502B0E99E4B->68798575-c94b-44a6-b996-25df487e3c54@group-48C576E544C9, cid=1281, SUCCESS, logIndex=1785, commits[68798575-c94b-44a6-b996-25df487e3c54:c1786, 9ec8ead9-888e-415b-b04c-32cd2c26f792:c1783, 84ef4577-07e0-4c8d-900e-d449eb7bf65d:c1783]
2019-07-10 10:03:45,858 INFO  client.GrpcClientProtocolClient (GrpcClientProtocolClient.java:onNext(255)) - client-3502B0E99E4B->68798575-c94b-44a6-b996-25df487e3c54: receive RaftClientReply:client-3502B0E99E4B->68798575-c94b-44a6-b996-25df487e3c54@group-48C576E544C9, cid=1282, SUCCESS, logIndex=1786, commits[68798575-c94b-44a6-b996-25df487e3c54:c1787, 9ec8ead9-888e-415b-b04c-32cd2c26f792:c1783, 84ef4577-07e0-4c8d-900e-d449eb7bf65d:c1783]
2019-07-10 10:03:45,858 INFO  client.GrpcClientProtocolClient (GrpcClientProtocolClient.java:onNext(255)) - client-3502B0E99E4B->68798575-c94b-44a6-b996-25df487e3c54: receive RaftClientReply:client-3502B0E99E4B->68798575-c94b-44a6-b996-25df487e3c54@group-48C576E544C9, cid=1283, SUCCESS, logIndex=1787, commits[68798575-c94b-44a6-b996-25df487e3c54:c1787, 9ec8ead9-888e-415b-b04c-32cd2c26f792:c1783, 84ef4577-07e0-4c8d-900e-d449eb7bf65d:c1783]
2019-07-10 10:03:45,862 INFO  client.GrpcClientProtocolClient (GrpcClientProtocolClient.java:onNext(255)) - client-3502B0E99E4B->68798575-c94b-44a6-b996-25df487e3c54: receive RaftClientReply:client-3502B0E99E4B->68798575-c94b-44a6-b996-25df487e3c54@group-48C576E544C9, cid=1284, SUCCESS, logIndex=0, commits[68798575-c94b-44a6-b996-25df487e3c54:c1791, 9ec8ead9-888e-415b-b04c-32cd2c26f792:c1785, 84ef4577-07e0-4c8d-900e-d449eb7bf65d:c1787]
2019-07-10 10:03:45,884 INFO  client.GrpcClientProtocolClient (GrpcClientProtocolClient.java:onNext(255)) - client-3502B0E99E4B->68798575-c94b-44a6-b996-25df487e3c54: receive RaftClientReply:client-3502B0E99E4B->68798575-c94b-44a6-b996-25df487e3c54@group-48C576E544C9, cid=1285, SUCCESS, logIndex=1792, commits[68798575-c94b-44a6-b996-25df487e3c54:c1793, 9ec8ead9-888e-415b-b04c-32cd2c26f792:c1791, 84ef4577-07e0-4c8d-900e-d449eb7bf65d:c1791]
2019-07-10 10:03:45,885 INFO  client.GrpcClientProtocolClient (GrpcClientProtocolClient.java:onNext(255)) - client-3502B0E99E4B->68798575-c94b-44a6-b996-25df487e3c54: receive RaftClientReply:client-3502B0E99E4B->68798575-c94b-44a6-b996-25df487e3c54@group-48C576E544C9, cid=1286, SUCCESS, logIndex=1793, commits[68798575-c94b-44a6-b996-25df487e3c54:c1793, 9ec8ead9-888e-415b-b04c-32cd2c26f792:c1791, 84ef4577-07e0-4c8d-900e-d449eb7bf65d:c1791]
2019-07-10 10:03:45,911 INFO  client.GrpcClientProtocolClient (GrpcClientProtocolClient.java:onNext(255)) - client-3502B0E99E4B->68798575-c94b-44a6-b996-25df487e3c54: receive RaftClientReply:client-3502B0E99E4B->68798575-c94b-44a6-b996-25df487e3c54@group-48C576E544C9, cid=1287, SUCCESS, logIndex=1796, commits[68798575-c94b-44a6-b996-25df487e3c54:c1797, 9ec8ead9-888e-415b-b04c-32cd2c26f792:c1793, 84ef4577-07e0-4c8d-900e-d449eb7bf65d:c1793]
2019-07-10 10:03:45,912 INFO  client.GrpcClientProtocolClient (GrpcClientProtocolClient.java:onNext(255)) - client-3502B0E99E4B->68798575-c94b-44a6-b996-25df487e3c54: receive RaftClientReply:client-3502B0E99E4B->68798575-c94b-44a6-b996-25df487e3c54@group-48C576E544C9, cid=1288, SUCCESS, logIndex=1797, commits[68798575-c94b-44a6-b996-25df487e3c54:c1797, 9ec8ead9-888e-415b-b04c-32cd2c26f792:c1793, 84ef4577-07e0-4c8d-900e-d449eb7bf65d:c1793]
2019-07-10 10:03:45,914 INFO  client.GrpcClientProtocolClient (GrpcClientProtocolClient.java:onNext(255)) - client-3502B0E99E4B->68798575-c94b-44a6-b996-25df487e3c54: receive RaftClientReply:client-3502B0E99E4B->68798575-c94b-44a6-b996-25df487e3c54@group-48C576E544C9, cid=1289, SUCCESS, logIndex=0, commits[68798575-c94b-44a6-b996-25df487e3c54:c1798, 9ec8ead9-888e-415b-b04c-32cd2c26f792:c1797, 84ef4577-07e0-4c8d-900e-d449eb7bf65d:c1797]
2019-07-10 10:03:45,947 INFO  client.GrpcClientProtocolClient (GrpcClientProtocolClient.java:onNext(255)) - client-3502B0E99E4B->68798575-c94b-44a6-b996-25df487e3c54: receive RaftClientReply:client-3502B0E99E4B->68798575-c94b-44a6-b996-25df487e3c54@group-48C576E544C9, cid=1290, SUCCESS, logIndex=1800, commits[68798575-c94b-44a6-b996-25df487e3c54:c1801, 9ec8ead9-888e-415b-b04c-32cd2c26f792:c1799, 84ef4577-07e0-4c8d-900e-d449eb7bf65d:c1799]
2019-07-10 10:03:45,948 INFO  client.GrpcClientProtocolClient (GrpcClientProtocolClient.java:onNext(255)) - client-3502B0E99E4B->68798575-c94b-44a6-b996-25df487e3c54: receive RaftClientReply:client-3502B0E99E4B->68798575-c94b-44a6-b996-25df487e3c54@group-48C576E544C9, cid=1291, SUCCESS, logIndex=1801, commits[68798575-c94b-44a6-b996-25df487e3c54:c1802, 9ec8ead9-888e-415b-b04c-32cd2c26f792:c1799, 84ef4577-07e0-4c8d-900e-d449eb7bf65d:c1799]
2019-07-10 10:03:45,948 INFO  client.GrpcClientProtocolClient (GrpcClientProtocolClient.java:onNext(255)) - client-3502B0E99E4B->68798575-c94b-44a6-b996-25df487e3c54: receive RaftClientReply:client-3502B0E99E4B->68798575-c94b-44a6-b996-25df487e3c54@group-48C576E544C9, cid=1292, SUCCESS, logIndex=1802, commits[68798575-c94b-44a6-b996-25df487e3c54:c1803, 9ec8ead9-888e-415b-b04c-32cd2c26f792:c1799, 84ef4577-07e0-4c8d-900e-d449eb7bf65d:c1799]
2019-07-10 10:03:45,948 INFO  client.GrpcClientProtocolClient (GrpcClientProtocolClient.java:onNext(255)) - client-3502B0E99E4B->68798575-c94b-44a6-b996-25df487e3c54: receive RaftClientReply:client-3502B0E99E4B->68798575-c94b-44a6-b996-25df487e3c54@group-48C576E544C9, cid=1293, SUCCESS, logIndex=1803, commits[68798575-c94b-44a6-b996-25df487e3c54:c1803, 9ec8ead9-888e-415b-b04c-32cd2c26f792:c1799, 84ef4577-07e0-4c8d-900e-d449eb7bf65d:c1799]
2019-07-10 10:03:45,950 INFO  client.GrpcClientProtocolClient (GrpcClientProtocolClient.java:onNext(255)) - client-3502B0E99E4B->68798575-c94b-44a6-b996-25df487e3c54: receive RaftClientReply:client-3502B0E99E4B->68798575-c94b-44a6-b996-25df487e3c54@group-48C576E544C9, cid=1294, SUCCESS, logIndex=0, commits[68798575-c94b-44a6-b996-25df487e3c54:c1805, 9ec8ead9-888e-415b-b04c-32cd2c26f792:c1801, 84ef4577-07e0-4c8d-900e-d449eb7bf65d:c1802]
2019-07-10 10:03:45,972 INFO  client.GrpcClientProtocolClient (GrpcClientProtocolClient.java:onNext(255)) - client-3502B0E99E4B->68798575-c94b-44a6-b996-25df487e3c54: receive RaftClientReply:client-3502B0E99E4B->68798575-c94b-44a6-b996-25df487e3c54@group-48C576E544C9, cid=1295, SUCCESS, logIndex=1808, commits[68798575-c94b-44a6-b996-25df487e3c54:c1809, 9ec8ead9-888e-415b-b04c-32cd2c26f792:c1807, 84ef4577-07e0-4c8d-900e-d449eb7bf65d:c1803]
2019-07-10 10:03:45,972 INFO  client.GrpcClientProtocolClient (GrpcClientProtocolClient.java:onNext(255)) - client-3502B0E99E4B->68798575-c94b-44a6-b996-25df487e3c54: receive RaftClientReply:client-3502B0E99E4B->68798575-c94b-44a6-b996-25df487e3c54@group-48C576E544C9, cid=1296, SUCCESS, logIndex=1809, commits[68798575-c94b-44a6-b996-25df487e3c54:c1809, 9ec8ead9-888e-415b-b04c-32cd2c26f792:c1807, 84ef4577-07e0-4c8d-900e-d449eb7bf65d:c1807]
2019-07-10 10:03:45,985 INFO  client.GrpcClientProtocolClient (GrpcClientProtocolClient.java:onNext(255)) - client-3502B0E99E4B->68798575-c94b-44a6-b996-25df487e3c54: receive RaftClientReply:client-3502B0E99E4B->68798575-c94b-44a6-b996-25df487e3c54@group-48C576E544C9, cid=1297, SUCCESS, logIndex=1812, commits[68798575-c94b-44a6-b996-25df487e3c54:c1813, 9ec8ead9-888e-415b-b04c-32cd2c26f792:c1809, 84ef4577-07e0-4c8d-900e-d449eb7bf65d:c1809]
2019-07-10 10:03:45,986 INFO  client.GrpcClientProtocolClient (GrpcClientProtocolClient.java:onNext(255)) - client-3502B0E99E4B->68798575-c94b-44a6-b996-25df487e3c54: receive RaftClientReply:client-3502B0E99E4B->68798575-c94b-44a6-b996-25df487e3c54@group-48C576E544C9, cid=1298, SUCCESS, logIndex=1813, commits[68798575-c94b-44a6-b996-25df487e3c54:c1813, 9ec8ead9-888e-415b-b04c-32cd2c26f792:c1809, 84ef4577-07e0-4c8d-900e-d449eb7bf65d:c1809]
2019-07-10 10:03:45,987 INFO  client.GrpcClientProtocolClient (GrpcClientProtocolClient.java:onNext(255)) - client-3502B0E99E4B->68798575-c94b-44a6-b996-25df487e3c54: receive RaftClientReply:client-3502B0E99E4B->68798575-c94b-44a6-b996-25df487e3c54@group-48C576E544C9, cid=1299, SUCCESS, logIndex=0, commits[68798575-c94b-44a6-b996-25df487e3c54:c1814, 9ec8ead9-888e-415b-b04c-32cd2c26f792:c1813, 84ef4577-07e0-4c8d-900e-d449eb7bf65d:c1813]
2019-07-10 10:03:46,017 INFO  client.GrpcClientProtocolClient (GrpcClientProtocolClient.java:onNext(255)) - client-3502B0E99E4B->68798575-c94b-44a6-b996-25df487e3c54: receive RaftClientReply:client-3502B0E99E4B->68798575-c94b-44a6-b996-25df487e3c54@group-48C576E544C9, cid=1300, SUCCESS, logIndex=1816, commits[68798575-c94b-44a6-b996-25df487e3c54:c1817, 9ec8ead9-888e-415b-b04c-32cd2c26f792:c1815, 84ef4577-07e0-4c8d-900e-d449eb7bf65d:c1813]
2019-07-10 10:03:46,018 INFO  client.GrpcClientProtocolClient (GrpcClientProtocolClient.java:onNext(255)) - client-3502B0E99E4B->68798575-c94b-44a6-b996-25df487e3c54: receive RaftClientReply:client-3502B0E99E4B->68798575-c94b-44a6-b996-25df487e3c54@group-48C576E544C9, cid=1301, SUCCESS, logIndex=1817, commits[68798575-c94b-44a6-b996-25df487e3c54:c1817, 9ec8ead9-888e-415b-b04c-32cd2c26f792:c1815, 84ef4577-07e0-4c8d-900e-d449eb7bf65d:c1813]
2019-07-10 10:03:46,019 INFO  client.GrpcClientProtocolClient (GrpcClientProtocolClient.java:onNext(255)) - client-3502B0E99E4B->68798575-c94b-44a6-b996-25df487e3c54: receive RaftClientReply:client-3502B0E99E4B->68798575-c94b-44a6-b996-25df487e3c54@group-48C576E544C9, cid=1302, SUCCESS, logIndex=1818, commits[68798575-c94b-44a6-b996-25df487e3c54:c1819, 9ec8ead9-888e-415b-b04c-32cd2c26f792:c1815, 84ef4577-07e0-4c8d-900e-d449eb7bf65d:c1815]
2019-07-10 10:03:46,020 INFO  client.GrpcClientProtocolClient (GrpcClientProtocolClient.java:onNext(255)) - client-3502B0E99E4B->68798575-c94b-44a6-b996-25df487e3c54: receive RaftClientReply:client-3502B0E99E4B->68798575-c94b-44a6-b996-25df487e3c54@group-48C576E544C9, cid=1303, SUCCESS, logIndex=1819, commits[68798575-c94b-44a6-b996-25df487e3c54:c1819, 9ec8ead9-888e-415b-b04c-32cd2c26f792:c1815, 84ef4577-07e0-4c8d-900e-d449eb7bf65d:c1815]
2019-07-10 10:03:46,021 INFO  client.GrpcClientProtocolClient (GrpcClientProtocolClient.java:onNext(255)) - client-3502B0E99E4B->68798575-c94b-44a6-b996-25df487e3c54: receive RaftClientReply:client-3502B0E99E4B->68798575-c94b-44a6-b996-25df487e3c54@group-48C576E544C9, cid=1304, SUCCESS, logIndex=0, commits[68798575-c94b-44a6-b996-25df487e3c54:c1822, 9ec8ead9-888e-415b-b04c-32cd2c26f792:c1817, 84ef4577-07e0-4c8d-900e-d449eb7bf65d:c1819]
2019-07-10 10:03:46,042 INFO  client.GrpcClientProtocolClient (GrpcClientProtocolClient.java:onNext(255)) - client-3502B0E99E4B->68798575-c94b-44a6-b996-25df487e3c54: receive RaftClientReply:client-3502B0E99E4B->68798575-c94b-44a6-b996-25df487e3c54@group-48C576E544C9, cid=1305, SUCCESS, logIndex=1824, commits[68798575-c94b-44a6-b996-25df487e3c54:c1825, 9ec8ead9-888e-415b-b04c-32cd2c26f792:c1823, 84ef4577-07e0-4c8d-900e-d449eb7bf65d:c1823]
2019-07-10 10:03:46,043 INFO  client.GrpcClientProtocolClient (GrpcClientProtocolClient.java:onNext(255)) - client-3502B0E99E4B->68798575-c94b-44a6-b996-25df487e3c54: receive RaftClientReply:client-3502B0E99E4B->68798575-c94b-44a6-b996-25df487e3c54@group-48C576E544C9, cid=1306, SUCCESS, logIndex=1825, commits[68798575-c94b-44a6-b996-25df487e3c54:c1825, 9ec8ead9-888e-415b-b04c-32cd2c26f792:c1823, 84ef4577-07e0-4c8d-900e-d449eb7bf65d:c1823]
2019-07-10 10:03:46,065 INFO  client.GrpcClientProtocolClient (GrpcClientProtocolClient.java:onNext(255)) - client-3502B0E99E4B->68798575-c94b-44a6-b996-25df487e3c54: receive RaftClientReply:client-3502B0E99E4B->68798575-c94b-44a6-b996-25df487e3c54@group-48C576E544C9, cid=1307, SUCCESS, logIndex=1828, commits[68798575-c94b-44a6-b996-25df487e3c54:c1829, 9ec8ead9-888e-415b-b04c-32cd2c26f792:c1824, 84ef4577-07e0-4c8d-900e-d449eb7bf65d:c1825]
2019-07-10 10:03:46,065 INFO  client.GrpcClientProtocolClient (GrpcClientProtocolClient.java:onNext(255)) - client-3502B0E99E4B->68798575-c94b-44a6-b996-25df487e3c54: receive RaftClientReply:client-3502B0E99E4B->68798575-c94b-44a6-b996-25df487e3c54@group-48C576E544C9, cid=1308, SUCCESS, logIndex=1829, commits[68798575-c94b-44a6-b996-25df487e3c54:c1829, 9ec8ead9-888e-415b-b04c-32cd2c26f792:c1825, 84ef4577-07e0-4c8d-900e-d449eb7bf65d:c1825]
2019-07-10 10:03:46,068 INFO  client.GrpcClientProtocolClient (GrpcClientProtocolClient.java:onNext(255)) - client-3502B0E99E4B->68798575-c94b-44a6-b996-25df487e3c54: receive RaftClientReply:client-3502B0E99E4B->68798575-c94b-44a6-b996-25df487e3c54@group-48C576E544C9, cid=1309, SUCCESS, logIndex=0, commits[68798575-c94b-44a6-b996-25df487e3c54:c1831, 9ec8ead9-888e-415b-b04c-32cd2c26f792:c1829, 84ef4577-07e0-4c8d-900e-d449eb7bf65d:c1829]
2019-07-10 10:03:46,092 INFO  client.GrpcClientProtocolClient (GrpcClientProtocolClient.java:onNext(255)) - client-3502B0E99E4B->68798575-c94b-44a6-b996-25df487e3c54: receive RaftClientReply:client-3502B0E99E4B->68798575-c94b-44a6-b996-25df487e3c54@group-48C576E544C9, cid=1310, SUCCESS, logIndex=1832, commits[68798575-c94b-44a6-b996-25df487e3c54:c1833, 9ec8ead9-888e-415b-b04c-32cd2c26f792:c1831, 84ef4577-07e0-4c8d-900e-d449eb7bf65d:c1831]
2019-07-10 10:03:46,094 INFO  client.GrpcClientProtocolClient (GrpcClientProtocolClient.java:onNext(255)) - client-3502B0E99E4B->68798575-c94b-44a6-b996-25df487e3c54: receive RaftClientReply:client-3502B0E99E4B->68798575-c94b-44a6-b996-25df487e3c54@group-48C576E544C9, cid=1311, SUCCESS, logIndex=1833, commits[68798575-c94b-44a6-b996-25df487e3c54:c1833, 9ec8ead9-888e-415b-b04c-32cd2c26f792:c1831, 84ef4577-07e0-4c8d-900e-d449eb7bf65d:c1831]
2019-07-10 10:03:46,094 INFO  client.GrpcClientProtocolClient (GrpcClientProtocolClient.java:onNext(255)) - client-3502B0E99E4B->68798575-c94b-44a6-b996-25df487e3c54: receive RaftClientReply:client-3502B0E99E4B->68798575-c94b-44a6-b996-25df487e3c54@group-48C576E544C9, cid=1312, SUCCESS, logIndex=1834, commits[68798575-c94b-44a6-b996-25df487e3c54:c1835, 9ec8ead9-888e-415b-b04c-32cd2c26f792:c1831, 84ef4577-07e0-4c8d-900e-d449eb7bf65d:c1831]
2019-07-10 10:03:46,094 INFO  client.GrpcClientProtocolClient (GrpcClientProtocolClient.java:onNext(255)) - client-3502B0E99E4B->68798575-c94b-44a6-b996-25df487e3c54: receive RaftClientReply:client-3502B0E99E4B->68798575-c94b-44a6-b996-25df487e3c54@group-48C576E544C9, cid=1313, SUCCESS, logIndex=1835, commits[68798575-c94b-44a6-b996-25df487e3c54:c1835, 9ec8ead9-888e-415b-b04c-32cd2c26f792:c1831, 84ef4577-07e0-4c8d-900e-d449eb7bf65d:c1831]
2019-07-10 10:03:46,096 INFO  client.GrpcClientProtocolClient (GrpcClientProtocolClient.java:onNext(255)) - client-3502B0E99E4B->68798575-c94b-44a6-b996-25df487e3c54: receive RaftClientReply:client-3502B0E99E4B->68798575-c94b-44a6-b996-25df487e3c54@group-48C576E544C9, cid=1314, SUCCESS, logIndex=0, commits[68798575-c94b-44a6-b996-25df487e3c54:c1837, 9ec8ead9-888e-415b-b04c-32cd2c26f792:c1833, 84ef4577-07e0-4c8d-900e-d449eb7bf65d:c1833]
2019-07-10 10:03:46,119 INFO  client.GrpcClientProtocolClient (GrpcClientProtocolClient.java:onNext(255)) - client-3502B0E99E4B->68798575-c94b-44a6-b996-25df487e3c54: receive RaftClientReply:client-3502B0E99E4B->68798575-c94b-44a6-b996-25df487e3c54@group-48C576E544C9, cid=1315, SUCCESS, logIndex=1840, commits[68798575-c94b-44a6-b996-25df487e3c54:c1841, 9ec8ead9-888e-415b-b04c-32cd2c26f792:c1837, 84ef4577-07e0-4c8d-900e-d449eb7bf65d:c1835]
2019-07-10 10:03:46,120 INFO  client.GrpcClientProtocolClient (GrpcClientProtocolClient.java:onNext(255)) - client-3502B0E99E4B->68798575-c94b-44a6-b996-25df487e3c54: receive RaftClientReply:client-3502B0E99E4B->68798575-c94b-44a6-b996-25df487e3c54@group-48C576E544C9, cid=1316, SUCCESS, logIndex=1841, commits[68798575-c94b-44a6-b996-25df487e3c54:c1841, 9ec8ead9-888e-415b-b04c-32cd2c26f792:c1837, 84ef4577-07e0-4c8d-900e-d449eb7bf65d:c1837]
2019-07-10 10:03:46,151 INFO  client.GrpcClientProtocolClient (GrpcClientProtocolClient.java:onNext(255)) - client-3502B0E99E4B->68798575-c94b-44a6-b996-25df487e3c54: receive RaftClientReply:client-3502B0E99E4B->68798575-c94b-44a6-b996-25df487e3c54@group-48C576E544C9, cid=1317, SUCCESS, logIndex=1844, commits[68798575-c94b-44a6-b996-25df487e3c54:c1845, 9ec8ead9-888e-415b-b04c-32cd2c26f792:c1843, 84ef4577-07e0-4c8d-900e-d449eb7bf65d:c1843]
2019-07-10 10:03:46,151 INFO  client.GrpcClientProtocolClient (GrpcClientProtocolClient.java:onNext(255)) - client-3502B0E99E4B->68798575-c94b-44a6-b996-25df487e3c54: receive RaftClientReply:client-3502B0E99E4B->68798575-c94b-44a6-b996-25df487e3c54@group-48C576E544C9, cid=1318, SUCCESS, logIndex=1845, commits[68798575-c94b-44a6-b996-25df487e3c54:c1845, 9ec8ead9-888e-415b-b04c-32cd2c26f792:c1843, 84ef4577-07e0-4c8d-900e-d449eb7bf65d:c1843]
2019-07-10 10:03:46,164 INFO  client.GrpcClientProtocolClient (GrpcClientProtocolClient.java:onNext(255)) - client-3502B0E99E4B->68798575-c94b-44a6-b996-25df487e3c54: receive RaftClientReply:client-3502B0E99E4B->68798575-c94b-44a6-b996-25df487e3c54@group-48C576E544C9, cid=1319, SUCCESS, logIndex=0, commits[68798575-c94b-44a6-b996-25df487e3c54:c1847, 9ec8ead9-888e-415b-b04c-32cd2c26f792:c1845, 84ef4577-07e0-4c8d-900e-d449eb7bf65d:c1845]
2019-07-10 10:03:46,193 INFO  client.GrpcClientProtocolClient (GrpcClientProtocolClient.java:onNext(255)) - client-3502B0E99E4B->68798575-c94b-44a6-b996-25df487e3c54: receive RaftClientReply:client-3502B0E99E4B->68798575-c94b-44a6-b996-25df487e3c54@group-48C576E544C9, cid=1320, SUCCESS, logIndex=1848, commits[68798575-c94b-44a6-b996-25df487e3c54:c1849, 9ec8ead9-888e-415b-b04c-32cd2c26f792:c1847, 84ef4577-07e0-4c8d-900e-d449eb7bf65d:c1847]
2019-07-10 10:03:46,194 INFO  client.GrpcClientProtocolClient (GrpcClientProtocolClient.java:onNext(255)) - client-3502B0E99E4B->68798575-c94b-44a6-b996-25df487e3c54: receive RaftClientReply:client-3502B0E99E4B->68798575-c94b-44a6-b996-25df487e3c54@group-48C576E544C9, cid=1321, SUCCESS, logIndex=1849, commits[68798575-c94b-44a6-b996-25df487e3c54:c1849, 9ec8ead9-888e-415b-b04c-32cd2c26f792:c1847, 84ef4577-07e0-4c8d-900e-d449eb7bf65d:c1847]
2019-07-10 10:03:46,195 INFO  client.GrpcClientProtocolClient (GrpcClientProtocolClient.java:onNext(255)) - client-3502B0E99E4B->68798575-c94b-44a6-b996-25df487e3c54: receive RaftClientReply:client-3502B0E99E4B->68798575-c94b-44a6-b996-25df487e3c54@group-48C576E544C9, cid=1322, SUCCESS, logIndex=1850, commits[68798575-c94b-44a6-b996-25df487e3c54:c1851, 9ec8ead9-888e-415b-b04c-32cd2c26f792:c1847, 84ef4577-07e0-4c8d-900e-d449eb7bf65d:c1847]
2019-07-10 10:03:46,195 INFO  client.GrpcClientProtocolClient (GrpcClientProtocolClient.java:onNext(255)) - client-3502B0E99E4B->68798575-c94b-44a6-b996-25df487e3c54: receive RaftClientReply:client-3502B0E99E4B->68798575-c94b-44a6-b996-25df487e3c54@group-48C576E544C9, cid=1323, SUCCESS, logIndex=1851, commits[68798575-c94b-44a6-b996-25df487e3c54:c1851, 9ec8ead9-888e-415b-b04c-32cd2c26f792:c1847, 84ef4577-07e0-4c8d-900e-d449eb7bf65d:c1847]
2019-07-10 10:03:46,196 INFO  client.GrpcClientProtocolClient (GrpcClientProtocolClient.java:onNext(255)) - client-3502B0E99E4B->68798575-c94b-44a6-b996-25df487e3c54: receive RaftClientReply:client-3502B0E99E4B->68798575-c94b-44a6-b996-25df487e3c54@group-48C576E544C9, cid=1324, SUCCESS, logIndex=0, commits[68798575-c94b-44a6-b996-25df487e3c54:c1853, 9ec8ead9-888e-415b-b04c-32cd2c26f792:c1849, 84ef4577-07e0-4c8d-900e-d449eb7bf65d:c1849]
2019-07-10 10:03:46,217 INFO  client.GrpcClientProtocolClient (GrpcClientProtocolClient.java:onNext(255)) - client-3502B0E99E4B->68798575-c94b-44a6-b996-25df487e3c54: receive RaftClientReply:client-3502B0E99E4B->68798575-c94b-44a6-b996-25df487e3c54@group-48C576E544C9, cid=1325, SUCCESS, logIndex=1856, commits[68798575-c94b-44a6-b996-25df487e3c54:c1857, 9ec8ead9-888e-415b-b04c-32cd2c26f792:c1855, 84ef4577-07e0-4c8d-900e-d449eb7bf65d:c1855]
2019-07-10 10:03:46,217 INFO  client.GrpcClientProtocolClient (GrpcClientProtocolClient.java:onNext(255)) - client-3502B0E99E4B->68798575-c94b-44a6-b996-25df487e3c54: receive RaftClientReply:client-3502B0E99E4B->68798575-c94b-44a6-b996-25df487e3c54@group-48C576E544C9, cid=1326, SUCCESS, logIndex=1857, commits[68798575-c94b-44a6-b996-25df487e3c54:c1857, 9ec8ead9-888e-415b-b04c-32cd2c26f792:c1855, 84ef4577-07e0-4c8d-900e-d449eb7bf65d:c1855]
2019-07-10 10:03:46,231 INFO  client.GrpcClientProtocolClient (GrpcClientProtocolClient.java:onNext(255)) - client-3502B0E99E4B->68798575-c94b-44a6-b996-25df487e3c54: receive RaftClientReply:client-3502B0E99E4B->68798575-c94b-44a6-b996-25df487e3c54@group-48C576E544C9, cid=1327, SUCCESS, logIndex=1860, commits[68798575-c94b-44a6-b996-25df487e3c54:c1861, 9ec8ead9-888e-415b-b04c-32cd2c26f792:c1857, 84ef4577-07e0-4c8d-900e-d449eb7bf65d:c1857]
2019-07-10 10:03:46,231 INFO  client.GrpcClientProtocolClient (GrpcClientProtocolClient.java:onNext(255)) - client-3502B0E99E4B->68798575-c94b-44a6-b996-25df487e3c54: receive RaftClientReply:client-3502B0E99E4B->68798575-c94b-44a6-b996-25df487e3c54@group-48C576E544C9, cid=1328, SUCCESS, logIndex=1861, commits[68798575-c94b-44a6-b996-25df487e3c54:c1861, 9ec8ead9-888e-415b-b04c-32cd2c26f792:c1857, 84ef4577-07e0-4c8d-900e-d449eb7bf65d:c1857]
2019-07-10 10:03:46,244 INFO  client.GrpcClientProtocolClient (GrpcClientProtocolClient.java:onNext(255)) - client-3502B0E99E4B->68798575-c94b-44a6-b996-25df487e3c54: receive RaftClientReply:client-3502B0E99E4B->68798575-c94b-44a6-b996-25df487e3c54@group-48C576E544C9, cid=1329, SUCCESS, logIndex=0, commits[68798575-c94b-44a6-b996-25df487e3c54:c1863, 9ec8ead9-888e-415b-b04c-32cd2c26f792:c1861, 84ef4577-07e0-4c8d-900e-d449eb7bf65d:c1861]
2019-07-10 10:03:46,272 INFO  client.GrpcClientProtocolClient (GrpcClientProtocolClient.java:onNext(255)) - client-3502B0E99E4B->68798575-c94b-44a6-b996-25df487e3c54: receive RaftClientReply:client-3502B0E99E4B->68798575-c94b-44a6-b996-25df487e3c54@group-48C576E544C9, cid=1330, SUCCESS, logIndex=1864, commits[68798575-c94b-44a6-b996-25df487e3c54:c1865, 9ec8ead9-888e-415b-b04c-32cd2c26f792:c1863, 84ef4577-07e0-4c8d-900e-d449eb7bf65d:c1863]
2019-07-10 10:03:46,273 INFO  client.GrpcClientProtocolClient (GrpcClientProtocolClient.java:onNext(255)) - client-3502B0E99E4B->68798575-c94b-44a6-b996-25df487e3c54: receive RaftClientReply:client-3502B0E99E4B->68798575-c94b-44a6-b996-25df487e3c54@group-48C576E544C9, cid=1331, SUCCESS, logIndex=1865, commits[68798575-c94b-44a6-b996-25df487e3c54:c1866, 9ec8ead9-888e-415b-b04c-32cd2c26f792:c1863, 84ef4577-07e0-4c8d-900e-d449eb7bf65d:c1863]
2019-07-10 10:03:46,273 INFO  client.GrpcClientProtocolClient (GrpcClientProtocolClient.java:onNext(255)) - client-3502B0E99E4B->68798575-c94b-44a6-b996-25df487e3c54: receive RaftClientReply:client-3502B0E99E4B->68798575-c94b-44a6-b996-25df487e3c54@group-48C576E544C9, cid=1332, SUCCESS, logIndex=1866, commits[68798575-c94b-44a6-b996-25df487e3c54:c1867, 9ec8ead9-888e-415b-b04c-32cd2c26f792:c1863, 84ef4577-07e0-4c8d-900e-d449eb7bf65d:c1863]
2019-07-10 10:03:46,273 INFO  client.GrpcClientProtocolClient (GrpcClientProtocolClient.java:onNext(255)) - client-3502B0E99E4B->68798575-c94b-44a6-b996-25df487e3c54: receive RaftClientReply:client-3502B0E99E4B->68798575-c94b-44a6-b996-25df487e3c54@group-48C576E544C9, cid=1333, SUCCESS, logIndex=1867, commits[68798575-c94b-44a6-b996-25df487e3c54:c1867, 9ec8ead9-888e-415b-b04c-32cd2c26f792:c1863, 84ef4577-07e0-4c8d-900e-d449eb7bf65d:c1863]
2019-07-10 10:03:46,275 INFO  client.GrpcClientProtocolClient (GrpcClientProtocolClient.java:onNext(255)) - client-3502B0E99E4B->68798575-c94b-44a6-b996-25df487e3c54: receive RaftClientReply:client-3502B0E99E4B->68798575-c94b-44a6-b996-25df487e3c54@group-48C576E544C9, cid=1334, SUCCESS, logIndex=0, commits[68798575-c94b-44a6-b996-25df487e3c54:c1870, 9ec8ead9-888e-415b-b04c-32cd2c26f792:c1866, 84ef4577-07e0-4c8d-900e-d449eb7bf65d:c1865]
2019-07-10 10:03:46,294 INFO  client.GrpcClientProtocolClient (GrpcClientProtocolClient.java:onNext(255)) - client-3502B0E99E4B->68798575-c94b-44a6-b996-25df487e3c54: receive RaftClientReply:client-3502B0E99E4B->68798575-c94b-44a6-b996-25df487e3c54@group-48C576E544C9, cid=1335, SUCCESS, logIndex=1872, commits[68798575-c94b-44a6-b996-25df487e3c54:c1873, 9ec8ead9-888e-415b-b04c-32cd2c26f792:c1871, 84ef4577-07e0-4c8d-900e-d449eb7bf65d:c1871]
2019-07-10 10:03:46,294 INFO  client.GrpcClientProtocolClient (GrpcClientProtocolClient.java:onNext(255)) - client-3502B0E99E4B->68798575-c94b-44a6-b996-25df487e3c54: receive RaftClientReply:client-3502B0E99E4B->68798575-c94b-44a6-b996-25df487e3c54@group-48C576E544C9, cid=1336, SUCCESS, logIndex=1873, commits[68798575-c94b-44a6-b996-25df487e3c54:c1873, 9ec8ead9-888e-415b-b04c-32cd2c26f792:c1871, 84ef4577-07e0-4c8d-900e-d449eb7bf65d:c1871]
2019-07-10 10:03:46,309 INFO  client.GrpcClientProtocolClient (GrpcClientProtocolClient.java:onNext(255)) - client-3502B0E99E4B->68798575-c94b-44a6-b996-25df487e3c54: receive RaftClientReply:client-3502B0E99E4B->68798575-c94b-44a6-b996-25df487e3c54@group-48C576E544C9, cid=1337, SUCCESS, logIndex=1876, commits[68798575-c94b-44a6-b996-25df487e3c54:c1877, 9ec8ead9-888e-415b-b04c-32cd2c26f792:c1872, 84ef4577-07e0-4c8d-900e-d449eb7bf65d:c1873]
2019-07-10 10:03:46,310 INFO  client.GrpcClientProtocolClient (GrpcClientProtocolClient.java:onNext(255)) - client-3502B0E99E4B->68798575-c94b-44a6-b996-25df487e3c54: receive RaftClientReply:client-3502B0E99E4B->68798575-c94b-44a6-b996-25df487e3c54@group-48C576E544C9, cid=1338, SUCCESS, logIndex=1877, commits[68798575-c94b-44a6-b996-25df487e3c54:c1877, 9ec8ead9-888e-415b-b04c-32cd2c26f792:c1872, 84ef4577-07e0-4c8d-900e-d449eb7bf65d:c1873]
2019-07-10 10:03:46,319 INFO  client.GrpcClientProtocolClient (GrpcClientProtocolClient.java:onNext(255)) - client-3502B0E99E4B->68798575-c94b-44a6-b996-25df487e3c54: receive RaftClientReply:client-3502B0E99E4B->68798575-c94b-44a6-b996-25df487e3c54@group-48C576E544C9, cid=1339, SUCCESS, logIndex=0, commits[68798575-c94b-44a6-b996-25df487e3c54:c1877, 9ec8ead9-888e-415b-b04c-32cd2c26f792:c1873, 84ef4577-07e0-4c8d-900e-d449eb7bf65d:c1873]
2019-07-10 10:03:46,321 INFO  client.GrpcClientProtocolClient (GrpcClientProtocolClient.java:onNext(255)) - client-3502B0E99E4B->68798575-c94b-44a6-b996-25df487e3c54: receive RaftClientReply:client-3502B0E99E4B->68798575-c94b-44a6-b996-25df487e3c54@group-48C576E544C9, cid=1340, SUCCESS, logIndex=0, commits[68798575-c94b-44a6-b996-25df487e3c54:c1879, 9ec8ead9-888e-415b-b04c-32cd2c26f792:c1877, 84ef4577-07e0-4c8d-900e-d449eb7bf65d:c1877]
2019-07-10 10:03:46,351 INFO  client.GrpcClientProtocolClient (GrpcClientProtocolClient.java:onNext(255)) - client-3502B0E99E4B->68798575-c94b-44a6-b996-25df487e3c54: receive RaftClientReply:client-3502B0E99E4B->68798575-c94b-44a6-b996-25df487e3c54@group-48C576E544C9, cid=1341, SUCCESS, logIndex=1880, commits[68798575-c94b-44a6-b996-25df487e3c54:c1881, 9ec8ead9-888e-415b-b04c-32cd2c26f792:c1879, 84ef4577-07e0-4c8d-900e-d449eb7bf65d:c1879]
2019-07-10 10:03:46,351 INFO  client.GrpcClientProtocolClient (GrpcClientProtocolClient.java:onNext(255)) - client-3502B0E99E4B->68798575-c94b-44a6-b996-25df487e3c54: receive RaftClientReply:client-3502B0E99E4B->68798575-c94b-44a6-b996-25df487e3c54@group-48C576E544C9, cid=1342, SUCCESS, logIndex=1881, commits[68798575-c94b-44a6-b996-25df487e3c54:c1883, 9ec8ead9-888e-415b-b04c-32cd2c26f792:c1879, 84ef4577-07e0-4c8d-900e-d449eb7bf65d:c1879]
2019-07-10 10:03:46,351 INFO  client.GrpcClientProtocolClient (GrpcClientProtocolClient.java:onNext(255)) - client-3502B0E99E4B->68798575-c94b-44a6-b996-25df487e3c54: receive RaftClientReply:client-3502B0E99E4B->68798575-c94b-44a6-b996-25df487e3c54@group-48C576E544C9, cid=1343, SUCCESS, logIndex=1882, commits[68798575-c94b-44a6-b996-25df487e3c54:c1883, 9ec8ead9-888e-415b-b04c-32cd2c26f792:c1879, 84ef4577-07e0-4c8d-900e-d449eb7bf65d:c1879]
2019-07-10 10:03:46,352 INFO  client.GrpcClientProtocolClient (GrpcClientProtocolClient.java:onNext(255)) - client-3502B0E99E4B->68798575-c94b-44a6-b996-25df487e3c54: receive RaftClientReply:client-3502B0E99E4B->68798575-c94b-44a6-b996-25df487e3c54@group-48C576E544C9, cid=1344, SUCCESS, logIndex=1883, commits[68798575-c94b-44a6-b996-25df487e3c54:c1883, 9ec8ead9-888e-415b-b04c-32cd2c26f792:c1879, 84ef4577-07e0-4c8d-900e-d449eb7bf65d:c1879]
2019-07-10 10:03:46,353 INFO  client.GrpcClientProtocolClient (GrpcClientProtocolClient.java:onNext(255)) - client-3502B0E99E4B->68798575-c94b-44a6-b996-25df487e3c54: receive RaftClientReply:client-3502B0E99E4B->68798575-c94b-44a6-b996-25df487e3c54@group-48C576E544C9, cid=1345, SUCCESS, logIndex=0, commits[68798575-c94b-44a6-b996-25df487e3c54:c1885, 9ec8ead9-888e-415b-b04c-32cd2c26f792:c1881, 84ef4577-07e0-4c8d-900e-d449eb7bf65d:c1881]
2019-07-10 10:03:46,452 INFO  client.GrpcClientProtocolClient (GrpcClientProtocolClient.java:onNext(255)) - client-3502B0E99E4B->68798575-c94b-44a6-b996-25df487e3c54: receive RaftClientReply:client-3502B0E99E4B->68798575-c94b-44a6-b996-25df487e3c54@group-48C576E544C9, cid=1346, SUCCESS, logIndex=1888, commits[68798575-c94b-44a6-b996-25df487e3c54:c1889, 9ec8ead9-888e-415b-b04c-32cd2c26f792:c1887, 84ef4577-07e0-4c8d-900e-d449eb7bf65d:c1887]
2019-07-10 10:03:46,453 INFO  client.GrpcClientProtocolClient (GrpcClientProtocolClient.java:onNext(255)) - client-3502B0E99E4B->68798575-c94b-44a6-b996-25df487e3c54: receive RaftClientReply:client-3502B0E99E4B->68798575-c94b-44a6-b996-25df487e3c54@group-48C576E544C9, cid=1347, SUCCESS, logIndex=1889, commits[68798575-c94b-44a6-b996-25df487e3c54:c1889, 9ec8ead9-888e-415b-b04c-32cd2c26f792:c1887, 84ef4577-07e0-4c8d-900e-d449eb7bf65d:c1887]
2019-07-10 10:03:46,465 INFO  client.GrpcClientProtocolClient (GrpcClientProtocolClient.java:onNext(255)) - client-3502B0E99E4B->68798575-c94b-44a6-b996-25df487e3c54: receive RaftClientReply:client-3502B0E99E4B->68798575-c94b-44a6-b996-25df487e3c54@group-48C576E544C9, cid=1348, SUCCESS, logIndex=1892, commits[68798575-c94b-44a6-b996-25df487e3c54:c1893, 9ec8ead9-888e-415b-b04c-32cd2c26f792:c1889, 84ef4577-07e0-4c8d-900e-d449eb7bf65d:c1889]
2019-07-10 10:03:46,466 INFO  client.GrpcClientProtocolClient (GrpcClientProtocolClient.java:onNext(255)) - client-3502B0E99E4B->68798575-c94b-44a6-b996-25df487e3c54: receive RaftClientReply:client-3502B0E99E4B->68798575-c94b-44a6-b996-25df487e3c54@group-48C576E544C9, cid=1349, SUCCESS, logIndex=1893, commits[68798575-c94b-44a6-b996-25df487e3c54:c1893, 9ec8ead9-888e-415b-b04c-32cd2c26f792:c1889, 84ef4577-07e0-4c8d-900e-d449eb7bf65d:c1889]
2019-07-10 10:03:46,468 INFO  client.GrpcClientProtocolClient (GrpcClientProtocolClient.java:onNext(255)) - client-3502B0E99E4B->68798575-c94b-44a6-b996-25df487e3c54: receive RaftClientReply:client-3502B0E99E4B->68798575-c94b-44a6-b996-25df487e3c54@group-48C576E544C9, cid=1350, SUCCESS, logIndex=0, commits[68798575-c94b-44a6-b996-25df487e3c54:c1895, 9ec8ead9-888e-415b-b04c-32cd2c26f792:c1893, 84ef4577-07e0-4c8d-900e-d449eb7bf65d:c1893]
2019-07-10 10:03:46,495 INFO  client.GrpcClientProtocolClient (GrpcClientProtocolClient.java:onNext(255)) - client-3502B0E99E4B->68798575-c94b-44a6-b996-25df487e3c54: receive RaftClientReply:client-3502B0E99E4B->68798575-c94b-44a6-b996-25df487e3c54@group-48C576E544C9, cid=1351, SUCCESS, logIndex=1896, commits[68798575-c94b-44a6-b996-25df487e3c54:c1897, 9ec8ead9-888e-415b-b04c-32cd2c26f792:c1895, 84ef4577-07e0-4c8d-900e-d449eb7bf65d:c1895]
2019-07-10 10:03:46,496 INFO  client.GrpcClientProtocolClient (GrpcClientProtocolClient.java:onNext(255)) - client-3502B0E99E4B->68798575-c94b-44a6-b996-25df487e3c54: receive RaftClientReply:client-3502B0E99E4B->68798575-c94b-44a6-b996-25df487e3c54@group-48C576E544C9, cid=1352, SUCCESS, logIndex=1897, commits[68798575-c94b-44a6-b996-25df487e3c54:c1897, 9ec8ead9-888e-415b-b04c-32cd2c26f792:c1895, 84ef4577-07e0-4c8d-900e-d449eb7bf65d:c1895]
2019-07-10 10:03:46,496 INFO  client.GrpcClientProtocolClient (GrpcClientProtocolClient.java:onNext(255)) - client-3502B0E99E4B->68798575-c94b-44a6-b996-25df487e3c54: receive RaftClientReply:client-3502B0E99E4B->68798575-c94b-44a6-b996-25df487e3c54@group-48C576E544C9, cid=1353, SUCCESS, logIndex=1898, commits[68798575-c94b-44a6-b996-25df487e3c54:c1899, 9ec8ead9-888e-415b-b04c-32cd2c26f792:c1895, 84ef4577-07e0-4c8d-900e-d449eb7bf65d:c1895]
2019-07-10 10:03:46,497 INFO  client.GrpcClientProtocolClient (GrpcClientProtocolClient.java:onNext(255)) - client-3502B0E99E4B->68798575-c94b-44a6-b996-25df487e3c54: receive RaftClientReply:client-3502B0E99E4B->68798575-c94b-44a6-b996-25df487e3c54@group-48C576E544C9, cid=1354, SUCCESS, logIndex=1899, commits[68798575-c94b-44a6-b996-25df487e3c54:c1899, 9ec8ead9-888e-415b-b04c-32cd2c26f792:c1895, 84ef4577-07e0-4c8d-900e-d449eb7bf65d:c1895]
2019-07-10 10:03:46,498 INFO  client.GrpcClientProtocolClient (GrpcClientProtocolClient.java:onNext(255)) - client-3502B0E99E4B->68798575-c94b-44a6-b996-25df487e3c54: receive RaftClientReply:client-3502B0E99E4B->68798575-c94b-44a6-b996-25df487e3c54@group-48C576E544C9, cid=1355, SUCCESS, logIndex=0, commits[68798575-c94b-44a6-b996-25df487e3c54:c1901, 9ec8ead9-888e-415b-b04c-32cd2c26f792:c1897, 84ef4577-07e0-4c8d-900e-d449eb7bf65d:c1898]
 0.00% |█                                                                                                    |  0/1 Time: 0:00:102019-07-10 10:03:46,521 INFO  client.GrpcClientProtocolClient (GrpcClientProtocolClient.java:onNext(255)) - client-3502B0E99E4B->68798575-c94b-44a6-b996-25df487e3c54: receive RaftClientReply:client-3502B0E99E4B->68798575-c94b-44a6-b996-25df487e3c54@group-48C576E544C9, cid=1356, SUCCESS, logIndex=1904, commits[68798575-c94b-44a6-b996-25df487e3c54:c1905, 9ec8ead9-888e-415b-b04c-32cd2c26f792:c1903, 84ef4577-07e0-4c8d-900e-d449eb7bf65d:c1903]
2019-07-10 10:03:46,521 INFO  client.GrpcClientProtocolClient (GrpcClientProtocolClient.java:onNext(255)) - client-3502B0E99E4B->68798575-c94b-44a6-b996-25df487e3c54: receive RaftClientReply:client-3502B0E99E4B->68798575-c94b-44a6-b996-25df487e3c54@group-48C576E544C9, cid=1357, SUCCESS, logIndex=1905, commits[68798575-c94b-44a6-b996-25df487e3c54:c1905, 9ec8ead9-888e-415b-b04c-32cd2c26f792:c1903, 84ef4577-07e0-4c8d-900e-d449eb7bf65d:c1903]
2019-07-10 10:03:46,535 INFO  client.GrpcClientProtocolClient (GrpcClientProtocolClient.java:onNext(255)) - client-3502B0E99E4B->68798575-c94b-44a6-b996-25df487e3c54: receive RaftClientReply:client-3502B0E99E4B->68798575-c94b-44a6-b996-25df487e3c54@group-48C576E544C9, cid=1358, SUCCESS, logIndex=1908, commits[68798575-c94b-44a6-b996-25df487e3c54:c1909, 9ec8ead9-888e-415b-b04c-32cd2c26f792:c1905, 84ef4577-07e0-4c8d-900e-d449eb7bf65d:c1905]
2019-07-10 10:03:46,535 INFO  client.GrpcClientProtocolClient (GrpcClientProtocolClient.java:onNext(255)) - client-3502B0E99E4B->68798575-c94b-44a6-b996-25df487e3c54: receive RaftClientReply:client-3502B0E99E4B->68798575-c94b-44a6-b996-25df487e3c54@group-48C576E544C9, cid=1359, SUCCESS, logIndex=1909, commits[68798575-c94b-44a6-b996-25df487e3c54:c1909, 9ec8ead9-888e-415b-b04c-32cd2c26f792:c1905, 84ef4577-07e0-4c8d-900e-d449eb7bf65d:c1905]
2019-07-10 10:03:46,547 INFO  client.GrpcClientProtocolClient (GrpcClientProtocolClient.java:onNext(255)) - client-3502B0E99E4B->68798575-c94b-44a6-b996-25df487e3c54: receive RaftClientReply:client-3502B0E99E4B->68798575-c94b-44a6-b996-25df487e3c54@group-48C576E544C9, cid=1360, SUCCESS, logIndex=0, commits[68798575-c94b-44a6-b996-25df487e3c54:c1910, 9ec8ead9-888e-415b-b04c-32cd2c26f792:c1909, 84ef4577-07e0-4c8d-900e-d449eb7bf65d:c1909]
2019-07-10 10:03:46,572 INFO  client.GrpcClientProtocolClient (GrpcClientProtocolClient.java:onNext(255)) - client-3502B0E99E4B->68798575-c94b-44a6-b996-25df487e3c54: receive RaftClientReply:client-3502B0E99E4B->68798575-c94b-44a6-b996-25df487e3c54@group-48C576E544C9, cid=1361, SUCCESS, logIndex=1912, commits[68798575-c94b-44a6-b996-25df487e3c54:c1913, 9ec8ead9-888e-415b-b04c-32cd2c26f792:c1911, 84ef4577-07e0-4c8d-900e-d449eb7bf65d:c1911]
2019-07-10 10:03:46,573 INFO  client.GrpcClientProtocolClient (GrpcClientProtocolClient.java:onNext(255)) - client-3502B0E99E4B->68798575-c94b-44a6-b996-25df487e3c54: receive RaftClientReply:client-3502B0E99E4B->68798575-c94b-44a6-b996-25df487e3c54@group-48C576E544C9, cid=1362, SUCCESS, logIndex=1913, commits[68798575-c94b-44a6-b996-25df487e3c54:c1915, 9ec8ead9-888e-415b-b04c-32cd2c26f792:c1911, 84ef4577-07e0-4c8d-900e-d449eb7bf65d:c1911]
2019-07-10 10:03:46,573 INFO  client.GrpcClientProtocolClient (GrpcClientProtocolClient.java:onNext(255)) - client-3502B0E99E4B->68798575-c94b-44a6-b996-25df487e3c54: receive RaftClientReply:client-3502B0E99E4B->68798575-c94b-44a6-b996-25df487e3c54@group-48C576E544C9, cid=1363, SUCCESS, logIndex=1914, commits[68798575-c94b-44a6-b996-25df487e3c54:c1915, 9ec8ead9-888e-415b-b04c-32cd2c26f792:c1911, 84ef4577-07e0-4c8d-900e-d449eb7bf65d:c1911]
2019-07-10 10:03:46,573 INFO  client.GrpcClientProtocolClient (GrpcClientProtocolClient.java:onNext(255)) - client-3502B0E99E4B->68798575-c94b-44a6-b996-25df487e3c54: receive RaftClientReply:client-3502B0E99E4B->68798575-c94b-44a6-b996-25df487e3c54@group-48C576E544C9, cid=1364, SUCCESS, logIndex=1915, commits[68798575-c94b-44a6-b996-25df487e3c54:c1915, 9ec8ead9-888e-415b-b04c-32cd2c26f792:c1911, 84ef4577-07e0-4c8d-900e-d449eb7bf65d:c1911]
2019-07-10 10:03:46,575 INFO  client.GrpcClientProtocolClient (GrpcClientProtocolClient.java:onNext(255)) - client-3502B0E99E4B->68798575-c94b-44a6-b996-25df487e3c54: receive RaftClientReply:client-3502B0E99E4B->68798575-c94b-44a6-b996-25df487e3c54@group-48C576E544C9, cid=1365, SUCCESS, logIndex=0, commits[68798575-c94b-44a6-b996-25df487e3c54:c1917, 9ec8ead9-888e-415b-b04c-32cd2c26f792:c1915, 84ef4577-07e0-4c8d-900e-d449eb7bf65d:c1913]
2019-07-10 10:03:46,603 INFO  client.GrpcClientProtocolClient (GrpcClientProtocolClient.java:onNext(255)) - client-3502B0E99E4B->68798575-c94b-44a6-b996-25df487e3c54: receive RaftClientReply:client-3502B0E99E4B->68798575-c94b-44a6-b996-25df487e3c54@group-48C576E544C9, cid=1366, SUCCESS, logIndex=1919, commits[68798575-c94b-44a6-b996-25df487e3c54:c1920, 9ec8ead9-888e-415b-b04c-32cd2c26f792:c1918, 84ef4577-07e0-4c8d-900e-d449eb7bf65d:c1918]
2019-07-10 10:03:46,604 INFO  client.GrpcClientProtocolClient (GrpcClientProtocolClient.java:onNext(255)) - client-3502B0E99E4B->68798575-c94b-44a6-b996-25df487e3c54: receive RaftClientReply:client-3502B0E99E4B->68798575-c94b-44a6-b996-25df487e3c54@group-48C576E544C9, cid=1367, SUCCESS, logIndex=1920, commits[68798575-c94b-44a6-b996-25df487e3c54:c1920, 9ec8ead9-888e-415b-b04c-32cd2c26f792:c1918, 84ef4577-07e0-4c8d-900e-d449eb7bf65d:c1918]
2019-07-10 10:03:46,624 INFO  client.GrpcClientProtocolClient (GrpcClientProtocolClient.java:onNext(255)) - client-3502B0E99E4B->68798575-c94b-44a6-b996-25df487e3c54: receive RaftClientReply:client-3502B0E99E4B->68798575-c94b-44a6-b996-25df487e3c54@group-48C576E544C9, cid=1368, SUCCESS, logIndex=1923, commits[68798575-c94b-44a6-b996-25df487e3c54:c1924, 9ec8ead9-888e-415b-b04c-32cd2c26f792:c1922, 84ef4577-07e0-4c8d-900e-d449eb7bf65d:c1922]
2019-07-10 10:03:46,625 INFO  client.GrpcClientProtocolClient (GrpcClientProtocolClient.java:onNext(255)) - client-3502B0E99E4B->68798575-c94b-44a6-b996-25df487e3c54: receive RaftClientReply:client-3502B0E99E4B->68798575-c94b-44a6-b996-25df487e3c54@group-48C576E544C9, cid=1369, SUCCESS, logIndex=1924, commits[68798575-c94b-44a6-b996-25df487e3c54:c1924, 9ec8ead9-888e-415b-b04c-32cd2c26f792:c1922, 84ef4577-07e0-4c8d-900e-d449eb7bf65d:c1922]
2019-07-10 10:03:46,637 INFO  client.GrpcClientProtocolClient (GrpcClientProtocolClient.java:onNext(255)) - client-3502B0E99E4B->68798575-c94b-44a6-b996-25df487e3c54: receive RaftClientReply:client-3502B0E99E4B->68798575-c94b-44a6-b996-25df487e3c54@group-48C576E544C9, cid=1370, SUCCESS, logIndex=0, commits[68798575-c94b-44a6-b996-25df487e3c54:c1925, 9ec8ead9-888e-415b-b04c-32cd2c26f792:c1924, 84ef4577-07e0-4c8d-900e-d449eb7bf65d:c1924]
2019-07-10 10:03:46,665 INFO  client.GrpcClientProtocolClient (GrpcClientProtocolClient.java:onNext(255)) - client-3502B0E99E4B->68798575-c94b-44a6-b996-25df487e3c54: receive RaftClientReply:client-3502B0E99E4B->68798575-c94b-44a6-b996-25df487e3c54@group-48C576E544C9, cid=1371, SUCCESS, logIndex=1927, commits[68798575-c94b-44a6-b996-25df487e3c54:c1928, 9ec8ead9-888e-415b-b04c-32cd2c26f792:c1926, 84ef4577-07e0-4c8d-900e-d449eb7bf65d:c1926]
2019-07-10 10:03:46,665 INFO  client.GrpcClientProtocolClient (GrpcClientProtocolClient.java:onNext(255)) - client-3502B0E99E4B->68798575-c94b-44a6-b996-25df487e3c54: receive RaftClientReply:client-3502B0E99E4B->68798575-c94b-44a6-b996-25df487e3c54@group-48C576E544C9, cid=1372, SUCCESS, logIndex=1928, commits[68798575-c94b-44a6-b996-25df487e3c54:c1930, 9ec8ead9-888e-415b-b04c-32cd2c26f792:c1926, 84ef4577-07e0-4c8d-900e-d449eb7bf65d:c1926]
2019-07-10 10:03:46,666 INFO  client.GrpcClientProtocolClient (GrpcClientProtocolClient.java:onNext(255)) - client-3502B0E99E4B->68798575-c94b-44a6-b996-25df487e3c54: receive RaftClientReply:client-3502B0E99E4B->68798575-c94b-44a6-b996-25df487e3c54@group-48C576E544C9, cid=1373, SUCCESS, logIndex=1929, commits[68798575-c94b-44a6-b996-25df487e3c54:c1930, 9ec8ead9-888e-415b-b04c-32cd2c26f792:c1926, 84ef4577-07e0-4c8d-900e-d449eb7bf65d:c1926]
2019-07-10 10:03:46,666 INFO  client.GrpcClientProtocolClient (GrpcClientProtocolClient.java:onNext(255)) - client-3502B0E99E4B->68798575-c94b-44a6-b996-25df487e3c54: receive RaftClientReply:client-3502B0E99E4B->68798575-c94b-44a6-b996-25df487e3c54@group-48C576E544C9, cid=1374, SUCCESS, logIndex=1930, commits[68798575-c94b-44a6-b996-25df487e3c54:c1930, 9ec8ead9-888e-415b-b04c-32cd2c26f792:c1926, 84ef4577-07e0-4c8d-900e-d449eb7bf65d:c1926]
2019-07-10 10:03:46,667 INFO  client.GrpcClientProtocolClient (GrpcClientProtocolClient.java:onNext(255)) - client-3502B0E99E4B->68798575-c94b-44a6-b996-25df487e3c54: receive RaftClientReply:client-3502B0E99E4B->68798575-c94b-44a6-b996-25df487e3c54@group-48C576E544C9, cid=1375, SUCCESS, logIndex=0, commits[68798575-c94b-44a6-b996-25df487e3c54:c1934, 9ec8ead9-888e-415b-b04c-32cd2c26f792:c1928, 84ef4577-07e0-4c8d-900e-d449eb7bf65d:c1930]
2019-07-10 10:03:46,681 INFO  client.GrpcClientProtocolClient (GrpcClientProtocolClient.java:onNext(255)) - client-3502B0E99E4B->68798575-c94b-44a6-b996-25df487e3c54: receive RaftClientReply:client-3502B0E99E4B->68798575-c94b-44a6-b996-25df487e3c54@group-48C576E544C9, cid=1376, SUCCESS, logIndex=1935, commits[68798575-c94b-44a6-b996-25df487e3c54:c1936, 9ec8ead9-888e-415b-b04c-32cd2c26f792:c1934, 84ef4577-07e0-4c8d-900e-d449eb7bf65d:c1934]
2019-07-10 10:03:46,681 INFO  client.GrpcClientProtocolClient (GrpcClientProtocolClient.java:onNext(255)) - client-3502B0E99E4B->68798575-c94b-44a6-b996-25df487e3c54: receive RaftClientReply:client-3502B0E99E4B->68798575-c94b-44a6-b996-25df487e3c54@group-48C576E544C9, cid=1377, SUCCESS, logIndex=1936, commits[68798575-c94b-44a6-b996-25df487e3c54:c1936, 9ec8ead9-888e-415b-b04c-32cd2c26f792:c1934, 84ef4577-07e0-4c8d-900e-d449eb7bf65d:c1934]
2019-07-10 10:03:46,694 INFO  client.GrpcClientProtocolClient (GrpcClientProtocolClient.java:onNext(255)) - client-3502B0E99E4B->68798575-c94b-44a6-b996-25df487e3c54: receive RaftClientReply:client-3502B0E99E4B->68798575-c94b-44a6-b996-25df487e3c54@group-48C576E544C9, cid=1378, SUCCESS, logIndex=1939, commits[68798575-c94b-44a6-b996-25df487e3c54:c1940, 9ec8ead9-888e-415b-b04c-32cd2c26f792:c1936, 84ef4577-07e0-4c8d-900e-d449eb7bf65d:c1936]
2019-07-10 10:03:46,695 INFO  client.GrpcClientProtocolClient (GrpcClientProtocolClient.java:onNext(255)) - client-3502B0E99E4B->68798575-c94b-44a6-b996-25df487e3c54: receive RaftClientReply:client-3502B0E99E4B->68798575-c94b-44a6-b996-25df487e3c54@group-48C576E544C9, cid=1379, SUCCESS, logIndex=1940, commits[68798575-c94b-44a6-b996-25df487e3c54:c1940, 9ec8ead9-888e-415b-b04c-32cd2c26f792:c1936, 84ef4577-07e0-4c8d-900e-d449eb7bf65d:c1936]
2019-07-10 10:03:46,708 INFO  client.GrpcClientProtocolClient (GrpcClientProtocolClient.java:onNext(255)) - client-3502B0E99E4B->68798575-c94b-44a6-b996-25df487e3c54: receive RaftClientReply:client-3502B0E99E4B->68798575-c94b-44a6-b996-25df487e3c54@group-48C576E544C9, cid=1380, SUCCESS, logIndex=0, commits[68798575-c94b-44a6-b996-25df487e3c54:c1941, 9ec8ead9-888e-415b-b04c-32cd2c26f792:c1940, 84ef4577-07e0-4c8d-900e-d449eb7bf65d:c1940]
2019-07-10 10:03:46,738 INFO  client.GrpcClientProtocolClient (GrpcClientProtocolClient.java:onNext(255)) - client-3502B0E99E4B->68798575-c94b-44a6-b996-25df487e3c54: receive RaftClientReply:client-3502B0E99E4B->68798575-c94b-44a6-b996-25df487e3c54@group-48C576E544C9, cid=1381, SUCCESS, logIndex=1943, commits[68798575-c94b-44a6-b996-25df487e3c54:c1944, 9ec8ead9-888e-415b-b04c-32cd2c26f792:c1942, 84ef4577-07e0-4c8d-900e-d449eb7bf65d:c1942]
2019-07-10 10:03:46,738 INFO  client.GrpcClientProtocolClient (GrpcClientProtocolClient.java:onNext(255)) - client-3502B0E99E4B->68798575-c94b-44a6-b996-25df487e3c54: receive RaftClientReply:client-3502B0E99E4B->68798575-c94b-44a6-b996-25df487e3c54@group-48C576E544C9, cid=1382, SUCCESS, logIndex=1944, commits[68798575-c94b-44a6-b996-25df487e3c54:c1944, 9ec8ead9-888e-415b-b04c-32cd2c26f792:c1942, 84ef4577-07e0-4c8d-900e-d449eb7bf65d:c1942]
2019-07-10 10:03:46,739 INFO  client.GrpcClientProtocolClient (GrpcClientProtocolClient.java:onNext(255)) - client-3502B0E99E4B->68798575-c94b-44a6-b996-25df487e3c54: receive RaftClientReply:client-3502B0E99E4B->68798575-c94b-44a6-b996-25df487e3c54@group-48C576E544C9, cid=1383, SUCCESS, logIndex=1945, commits[68798575-c94b-44a6-b996-25df487e3c54:c1946, 9ec8ead9-888e-415b-b04c-32cd2c26f792:c1942, 84ef4577-07e0-4c8d-900e-d449eb7bf65d:c1942]
2019-07-10 10:03:46,739 INFO  client.GrpcClientProtocolClient (GrpcClientProtocolClient.java:onNext(255)) - client-3502B0E99E4B->68798575-c94b-44a6-b996-25df487e3c54: receive RaftClientReply:client-3502B0E99E4B->68798575-c94b-44a6-b996-25df487e3c54@group-48C576E544C9, cid=1384, SUCCESS, logIndex=1946, commits[68798575-c94b-44a6-b996-25df487e3c54:c1946, 9ec8ead9-888e-415b-b04c-32cd2c26f792:c1942, 84ef4577-07e0-4c8d-900e-d449eb7bf65d:c1942]
2019-07-10 10:03:46,740 INFO  client.GrpcClientProtocolClient (GrpcClientProtocolClient.java:onNext(255)) - client-3502B0E99E4B->68798575-c94b-44a6-b996-25df487e3c54: receive RaftClientReply:client-3502B0E99E4B->68798575-c94b-44a6-b996-25df487e3c54@group-48C576E544C9, cid=1385, SUCCESS, logIndex=0, commits[68798575-c94b-44a6-b996-25df487e3c54:c1948, 9ec8ead9-888e-415b-b04c-32cd2c26f792:c1944, 84ef4577-07e0-4c8d-900e-d449eb7bf65d:c1944]
2019-07-10 10:03:46,761 INFO  client.GrpcClientProtocolClient (GrpcClientProtocolClient.java:onNext(255)) - client-3502B0E99E4B->68798575-c94b-44a6-b996-25df487e3c54: receive RaftClientReply:client-3502B0E99E4B->68798575-c94b-44a6-b996-25df487e3c54@group-48C576E544C9, cid=1386, SUCCESS, logIndex=1951, commits[68798575-c94b-44a6-b996-25df487e3c54:c1952, 9ec8ead9-888e-415b-b04c-32cd2c26f792:c1950, 84ef4577-07e0-4c8d-900e-d449eb7bf65d:c1950]
2019-07-10 10:03:46,761 INFO  client.GrpcClientProtocolClient (GrpcClientProtocolClient.java:onNext(255)) - client-3502B0E99E4B->68798575-c94b-44a6-b996-25df487e3c54: receive RaftClientReply:client-3502B0E99E4B->68798575-c94b-44a6-b996-25df487e3c54@group-48C576E544C9, cid=1387, SUCCESS, logIndex=1952, commits[68798575-c94b-44a6-b996-25df487e3c54:c1952, 9ec8ead9-888e-415b-b04c-32cd2c26f792:c1950, 84ef4577-07e0-4c8d-900e-d449eb7bf65d:c1950]
2019-07-10 10:03:46,775 INFO  client.GrpcClientProtocolClient (GrpcClientProtocolClient.java:onNext(255)) - client-3502B0E99E4B->68798575-c94b-44a6-b996-25df487e3c54: receive RaftClientReply:client-3502B0E99E4B->68798575-c94b-44a6-b996-25df487e3c54@group-48C576E544C9, cid=1388, SUCCESS, logIndex=1955, commits[68798575-c94b-44a6-b996-25df487e3c54:c1956, 9ec8ead9-888e-415b-b04c-32cd2c26f792:c1952, 84ef4577-07e0-4c8d-900e-d449eb7bf65d:c1952]
2019-07-10 10:03:46,775 INFO  client.GrpcClientProtocolClient (GrpcClientProtocolClient.java:onNext(255)) - client-3502B0E99E4B->68798575-c94b-44a6-b996-25df487e3c54: receive RaftClientReply:client-3502B0E99E4B->68798575-c94b-44a6-b996-25df487e3c54@group-48C576E544C9, cid=1389, SUCCESS, logIndex=1956, commits[68798575-c94b-44a6-b996-25df487e3c54:c1956, 9ec8ead9-888e-415b-b04c-32cd2c26f792:c1952, 84ef4577-07e0-4c8d-900e-d449eb7bf65d:c1952]
2019-07-10 10:03:46,786 INFO  client.GrpcClientProtocolClient (GrpcClientProtocolClient.java:onNext(255)) - client-3502B0E99E4B->68798575-c94b-44a6-b996-25df487e3c54: receive RaftClientReply:client-3502B0E99E4B->68798575-c94b-44a6-b996-25df487e3c54@group-48C576E544C9, cid=1390, SUCCESS, logIndex=0, commits[68798575-c94b-44a6-b996-25df487e3c54:c1957, 9ec8ead9-888e-415b-b04c-32cd2c26f792:c1956, 84ef4577-07e0-4c8d-900e-d449eb7bf65d:c1956]
2019-07-10 10:03:46,810 INFO  client.GrpcClientProtocolClient (GrpcClientProtocolClient.java:onNext(255)) - client-3502B0E99E4B->68798575-c94b-44a6-b996-25df487e3c54: receive RaftClientReply:client-3502B0E99E4B->68798575-c94b-44a6-b996-25df487e3c54@group-48C576E544C9, cid=1391, SUCCESS, logIndex=1959, commits[68798575-c94b-44a6-b996-25df487e3c54:c1961, 9ec8ead9-888e-415b-b04c-32cd2c26f792:c1958, 84ef4577-07e0-4c8d-900e-d449eb7bf65d:c1958]
2019-07-10 10:03:46,811 INFO  client.GrpcClientProtocolClient (GrpcClientProtocolClient.java:onNext(255)) - client-3502B0E99E4B->68798575-c94b-44a6-b996-25df487e3c54: receive RaftClientReply:client-3502B0E99E4B->68798575-c94b-44a6-b996-25df487e3c54@group-48C576E544C9, cid=1392, SUCCESS, logIndex=1960, commits[68798575-c94b-44a6-b996-25df487e3c54:c1962, 9ec8ead9-888e-415b-b04c-32cd2c26f792:c1958, 84ef4577-07e0-4c8d-900e-d449eb7bf65d:c1958]
2019-07-10 10:03:46,811 INFO  client.GrpcClientProtocolClient (GrpcClientProtocolClient.java:onNext(255)) - client-3502B0E99E4B->68798575-c94b-44a6-b996-25df487e3c54: receive RaftClientReply:client-3502B0E99E4B->68798575-c94b-44a6-b996-25df487e3c54@group-48C576E544C9, cid=1393, SUCCESS, logIndex=1961, commits[68798575-c94b-44a6-b996-25df487e3c54:c1962, 9ec8ead9-888e-415b-b04c-32cd2c26f792:c1958, 84ef4577-07e0-4c8d-900e-d449eb7bf65d:c1959]
2019-07-10 10:03:46,812 INFO  client.GrpcClientProtocolClient (GrpcClientProtocolClient.java:onNext(255)) - client-3502B0E99E4B->68798575-c94b-44a6-b996-25df487e3c54: receive RaftClientReply:client-3502B0E99E4B->68798575-c94b-44a6-b996-25df487e3c54@group-48C576E544C9, cid=1394, SUCCESS, logIndex=1962, commits[68798575-c94b-44a6-b996-25df487e3c54:c1963, 9ec8ead9-888e-415b-b04c-32cd2c26f792:c1958, 84ef4577-07e0-4c8d-900e-d449eb7bf65d:c1959]
2019-07-10 10:03:46,813 INFO  client.GrpcClientProtocolClient (GrpcClientProtocolClient.java:onNext(255)) - client-3502B0E99E4B->68798575-c94b-44a6-b996-25df487e3c54: receive RaftClientReply:client-3502B0E99E4B->68798575-c94b-44a6-b996-25df487e3c54@group-48C576E544C9, cid=1395, SUCCESS, logIndex=0, commits[68798575-c94b-44a6-b996-25df487e3c54:c1965, 9ec8ead9-888e-415b-b04c-32cd2c26f792:c1961, 84ef4577-07e0-4c8d-900e-d449eb7bf65d:c1961]
2019-07-10 10:03:46,832 INFO  client.GrpcClientProtocolClient (GrpcClientProtocolClient.java:onNext(255)) - client-3502B0E99E4B->68798575-c94b-44a6-b996-25df487e3c54: receive RaftClientReply:client-3502B0E99E4B->68798575-c94b-44a6-b996-25df487e3c54@group-48C576E544C9, cid=1396, SUCCESS, logIndex=1967, commits[68798575-c94b-44a6-b996-25df487e3c54:c1968, 9ec8ead9-888e-415b-b04c-32cd2c26f792:c1966, 84ef4577-07e0-4c8d-900e-d449eb7bf65d:c1966]
2019-07-10 10:03:46,833 INFO  client.GrpcClientProtocolClient (GrpcClientProtocolClient.java:onNext(255)) - client-3502B0E99E4B->68798575-c94b-44a6-b996-25df487e3c54: receive RaftClientReply:client-3502B0E99E4B->68798575-c94b-44a6-b996-25df487e3c54@group-48C576E544C9, cid=1397, SUCCESS, logIndex=1968, commits[68798575-c94b-44a6-b996-25df487e3c54:c1968, 9ec8ead9-888e-415b-b04c-32cd2c26f792:c1966, 84ef4577-07e0-4c8d-900e-d449eb7bf65d:c1966]
2019-07-10 10:03:46,857 INFO  client.GrpcClientProtocolClient (GrpcClientProtocolClient.java:onNext(255)) - client-3502B0E99E4B->68798575-c94b-44a6-b996-25df487e3c54: receive RaftClientReply:client-3502B0E99E4B->68798575-c94b-44a6-b996-25df487e3c54@group-48C576E544C9, cid=1398, SUCCESS, logIndex=1971, commits[68798575-c94b-44a6-b996-25df487e3c54:c1972, 9ec8ead9-888e-415b-b04c-32cd2c26f792:c1970, 84ef4577-07e0-4c8d-900e-d449eb7bf65d:c1970]
2019-07-10 10:03:46,857 INFO  client.GrpcClientProtocolClient (GrpcClientProtocolClient.java:onNext(255)) - client-3502B0E99E4B->68798575-c94b-44a6-b996-25df487e3c54: receive RaftClientReply:client-3502B0E99E4B->68798575-c94b-44a6-b996-25df487e3c54@group-48C576E544C9, cid=1399, SUCCESS, logIndex=1972, commits[68798575-c94b-44a6-b996-25df487e3c54:c1972, 9ec8ead9-888e-415b-b04c-32cd2c26f792:c1970, 84ef4577-07e0-4c8d-900e-d449eb7bf65d:c1970]
2019-07-10 10:03:46,869 INFO  client.GrpcClientProtocolClient (GrpcClientProtocolClient.java:onNext(255)) - client-3502B0E99E4B->68798575-c94b-44a6-b996-25df487e3c54: receive RaftClientReply:client-3502B0E99E4B->68798575-c94b-44a6-b996-25df487e3c54@group-48C576E544C9, cid=1400, SUCCESS, logIndex=0, commits[68798575-c94b-44a6-b996-25df487e3c54:c1973, 9ec8ead9-888e-415b-b04c-32cd2c26f792:c1972, 84ef4577-07e0-4c8d-900e-d449eb7bf65d:c1972]
2019-07-10 10:03:46,894 INFO  client.GrpcClientProtocolClient (GrpcClientProtocolClient.java:onNext(255)) - client-3502B0E99E4B->68798575-c94b-44a6-b996-25df487e3c54: receive RaftClientReply:client-3502B0E99E4B->68798575-c94b-44a6-b996-25df487e3c54@group-48C576E544C9, cid=1401, SUCCESS, logIndex=1975, commits[68798575-c94b-44a6-b996-25df487e3c54:c1976, 9ec8ead9-888e-415b-b04c-32cd2c26f792:c1974, 84ef4577-07e0-4c8d-900e-d449eb7bf65d:c1974]
2019-07-10 10:03:46,895 INFO  client.GrpcClientProtocolClient (GrpcClientProtocolClient.java:onNext(255)) - client-3502B0E99E4B->68798575-c94b-44a6-b996-25df487e3c54: receive RaftClientReply:client-3502B0E99E4B->68798575-c94b-44a6-b996-25df487e3c54@group-48C576E544C9, cid=1402, SUCCESS, logIndex=1976, commits[68798575-c94b-44a6-b996-25df487e3c54:c1978, 9ec8ead9-888e-415b-b04c-32cd2c26f792:c1974, 84ef4577-07e0-4c8d-900e-d449eb7bf65d:c1974]
2019-07-10 10:03:46,895 INFO  client.GrpcClientProtocolClient (GrpcClientProtocolClient.java:onNext(255)) - client-3502B0E99E4B->68798575-c94b-44a6-b996-25df487e3c54: receive RaftClientReply:client-3502B0E99E4B->68798575-c94b-44a6-b996-25df487e3c54@group-48C576E544C9, cid=1403, SUCCESS, logIndex=1977, commits[68798575-c94b-44a6-b996-25df487e3c54:c1978, 9ec8ead9-888e-415b-b04c-32cd2c26f792:c1974, 84ef4577-07e0-4c8d-900e-d449eb7bf65d:c1974]
2019-07-10 10:03:46,895 INFO  client.GrpcClientProtocolClient (GrpcClientProtocolClient.java:onNext(255)) - client-3502B0E99E4B->68798575-c94b-44a6-b996-25df487e3c54: receive RaftClientReply:client-3502B0E99E4B->68798575-c94b-44a6-b996-25df487e3c54@group-48C576E544C9, cid=1404, SUCCESS, logIndex=1978, commits[68798575-c94b-44a6-b996-25df487e3c54:c1978, 9ec8ead9-888e-415b-b04c-32cd2c26f792:c1974, 84ef4577-07e0-4c8d-900e-d449eb7bf65d:c1974]
2019-07-10 10:03:46,897 INFO  client.GrpcClientProtocolClient (GrpcClientProtocolClient.java:onNext(255)) - client-3502B0E99E4B->68798575-c94b-44a6-b996-25df487e3c54: receive RaftClientReply:client-3502B0E99E4B->68798575-c94b-44a6-b996-25df487e3c54@group-48C576E544C9, cid=1405, SUCCESS, logIndex=0, commits[68798575-c94b-44a6-b996-25df487e3c54:c1980, 9ec8ead9-888e-415b-b04c-32cd2c26f792:c1976, 84ef4577-07e0-4c8d-900e-d449eb7bf65d:c1976]
2019-07-10 10:03:46,919 INFO  client.GrpcClientProtocolClient (GrpcClientProtocolClient.java:onNext(255)) - client-3502B0E99E4B->68798575-c94b-44a6-b996-25df487e3c54: receive RaftClientReply:client-3502B0E99E4B->68798575-c94b-44a6-b996-25df487e3c54@group-48C576E544C9, cid=1406, SUCCESS, logIndex=1982, commits[68798575-c94b-44a6-b996-25df487e3c54:c1983, 9ec8ead9-888e-415b-b04c-32cd2c26f792:c1981, 84ef4577-07e0-4c8d-900e-d449eb7bf65d:c1981]
2019-07-10 10:03:46,920 INFO  client.GrpcClientProtocolClient (GrpcClientProtocolClient.java:onNext(255)) - client-3502B0E99E4B->68798575-c94b-44a6-b996-25df487e3c54: receive RaftClientReply:client-3502B0E99E4B->68798575-c94b-44a6-b996-25df487e3c54@group-48C576E544C9, cid=1407, SUCCESS, logIndex=1983, commits[68798575-c94b-44a6-b996-25df487e3c54:c1983, 9ec8ead9-888e-415b-b04c-32cd2c26f792:c1981, 84ef4577-07e0-4c8d-900e-d449eb7bf65d:c1981]
2019-07-10 10:03:46,933 INFO  client.GrpcClientProtocolClient (GrpcClientProtocolClient.java:onNext(255)) - client-3502B0E99E4B->68798575-c94b-44a6-b996-25df487e3c54: receive RaftClientReply:client-3502B0E99E4B->68798575-c94b-44a6-b996-25df487e3c54@group-48C576E544C9, cid=1408, SUCCESS, logIndex=1986, commits[68798575-c94b-44a6-b996-25df487e3c54:c1987, 9ec8ead9-888e-415b-b04c-32cd2c26f792:c1983, 84ef4577-07e0-4c8d-900e-d449eb7bf65d:c1983]
2019-07-10 10:03:46,933 INFO  client.GrpcClientProtocolClient (GrpcClientProtocolClient.java:onNext(255)) - client-3502B0E99E4B->68798575-c94b-44a6-b996-25df487e3c54: receive RaftClientReply:client-3502B0E99E4B->68798575-c94b-44a6-b996-25df487e3c54@group-48C576E544C9, cid=1409, SUCCESS, logIndex=1987, commits[68798575-c94b-44a6-b996-25df487e3c54:c1987, 9ec8ead9-888e-415b-b04c-32cd2c26f792:c1983, 84ef4577-07e0-4c8d-900e-d449eb7bf65d:c1983]
2019-07-10 10:03:46,946 INFO  client.GrpcClientProtocolClient (GrpcClientProtocolClient.java:onNext(255)) - client-3502B0E99E4B->68798575-c94b-44a6-b996-25df487e3c54: receive RaftClientReply:client-3502B0E99E4B->68798575-c94b-44a6-b996-25df487e3c54@group-48C576E544C9, cid=1410, SUCCESS, logIndex=0, commits[68798575-c94b-44a6-b996-25df487e3c54:c1989, 9ec8ead9-888e-415b-b04c-32cd2c26f792:c1987, 84ef4577-07e0-4c8d-900e-d449eb7bf65d:c1987]
2019-07-10 10:03:47,060 INFO  client.GrpcClientProtocolClient (GrpcClientProtocolClient.java:onNext(255)) - client-3502B0E99E4B->68798575-c94b-44a6-b996-25df487e3c54: receive RaftClientReply:client-3502B0E99E4B->68798575-c94b-44a6-b996-25df487e3c54@group-48C576E544C9, cid=1411, SUCCESS, logIndex=1990, commits[68798575-c94b-44a6-b996-25df487e3c54:c1991, 9ec8ead9-888e-415b-b04c-32cd2c26f792:c1989, 84ef4577-07e0-4c8d-900e-d449eb7bf65d:c1989]
2019-07-10 10:03:47,060 INFO  client.GrpcClientProtocolClient (GrpcClientProtocolClient.java:onNext(255)) - client-3502B0E99E4B->68798575-c94b-44a6-b996-25df487e3c54: receive RaftClientReply:client-3502B0E99E4B->68798575-c94b-44a6-b996-25df487e3c54@group-48C576E544C9, cid=1412, SUCCESS, logIndex=1991, commits[68798575-c94b-44a6-b996-25df487e3c54:c1991, 9ec8ead9-888e-415b-b04c-32cd2c26f792:c1989, 84ef4577-07e0-4c8d-900e-d449eb7bf65d:c1989]
2019-07-10 10:03:47,072 INFO  client.GrpcClientProtocolClient (GrpcClientProtocolClient.java:onNext(255)) - client-3502B0E99E4B->68798575-c94b-44a6-b996-25df487e3c54: receive RaftClientReply:client-3502B0E99E4B->68798575-c94b-44a6-b996-25df487e3c54@group-48C576E544C9, cid=1413, SUCCESS, logIndex=1992, commits[68798575-c94b-44a6-b996-25df487e3c54:c1994, 9ec8ead9-888e-415b-b04c-32cd2c26f792:c1990, 84ef4577-07e0-4c8d-900e-d449eb7bf65d:c1989]
2019-07-10 10:03:47,072 INFO  client.GrpcClientProtocolClient (GrpcClientProtocolClient.java:onNext(255)) - client-3502B0E99E4B->68798575-c94b-44a6-b996-25df487e3c54: receive RaftClientReply:client-3502B0E99E4B->68798575-c94b-44a6-b996-25df487e3c54@group-48C576E544C9, cid=1414, SUCCESS, logIndex=1993, commits[68798575-c94b-44a6-b996-25df487e3c54:c1995, 9ec8ead9-888e-415b-b04c-32cd2c26f792:c1991, 84ef4577-07e0-4c8d-900e-d449eb7bf65d:c1991]
2019-07-10 10:03:47,094 INFO  client.GrpcClientProtocolClient (GrpcClientProtocolClient.java:onNext(255)) - client-3502B0E99E4B->68798575-c94b-44a6-b996-25df487e3c54: receive RaftClientReply:client-3502B0E99E4B->68798575-c94b-44a6-b996-25df487e3c54@group-48C576E544C9, cid=1415, SUCCESS, logIndex=1998, commits[68798575-c94b-44a6-b996-25df487e3c54:c1999, 9ec8ead9-888e-415b-b04c-32cd2c26f792:c1997, 84ef4577-07e0-4c8d-900e-d449eb7bf65d:c1997]
2019-07-10 10:03:47,095 INFO  client.GrpcClientProtocolClient (GrpcClientProtocolClient.java:onNext(255)) - client-3502B0E99E4B->68798575-c94b-44a6-b996-25df487e3c54: receive RaftClientReply:client-3502B0E99E4B->68798575-c94b-44a6-b996-25df487e3c54@group-48C576E544C9, cid=1416, SUCCESS, logIndex=1999, commits[68798575-c94b-44a6-b996-25df487e3c54:c1999, 9ec8ead9-888e-415b-b04c-32cd2c26f792:c1997, 84ef4577-07e0-4c8d-900e-d449eb7bf65d:c1997]
2019-07-10 10:03:47,120 INFO  client.GrpcClientProtocolClient (GrpcClientProtocolClient.java:onNext(255)) - client-3502B0E99E4B->68798575-c94b-44a6-b996-25df487e3c54: receive RaftClientReply:client-3502B0E99E4B->68798575-c94b-44a6-b996-25df487e3c54@group-48C576E544C9, cid=1417, SUCCESS, logIndex=2002, commits[68798575-c94b-44a6-b996-25df487e3c54:c2003, 9ec8ead9-888e-415b-b04c-32cd2c26f792:c1999, 84ef4577-07e0-4c8d-900e-d449eb7bf65d:c1999]
2019-07-10 10:03:47,120 INFO  client.GrpcClientProtocolClient (GrpcClientProtocolClient.java:onNext(255)) - client-3502B0E99E4B->68798575-c94b-44a6-b996-25df487e3c54: receive RaftClientReply:client-3502B0E99E4B->68798575-c94b-44a6-b996-25df487e3c54@group-48C576E544C9, cid=1418, SUCCESS, logIndex=2003, commits[68798575-c94b-44a6-b996-25df487e3c54:c2003, 9ec8ead9-888e-415b-b04c-32cd2c26f792:c1999, 84ef4577-07e0-4c8d-900e-d449eb7bf65d:c1999]
2019-07-10 10:03:47,132 INFO  client.GrpcClientProtocolClient (GrpcClientProtocolClient.java:onNext(255)) - client-3502B0E99E4B->68798575-c94b-44a6-b996-25df487e3c54: receive RaftClientReply:client-3502B0E99E4B->68798575-c94b-44a6-b996-25df487e3c54@group-48C576E544C9, cid=1419, SUCCESS, logIndex=0, commits[68798575-c94b-44a6-b996-25df487e3c54:c2004, 9ec8ead9-888e-415b-b04c-32cd2c26f792:c2003, 84ef4577-07e0-4c8d-900e-d449eb7bf65d:c2003]
2019-07-10 10:03:47,161 INFO  client.GrpcClientProtocolClient (GrpcClientProtocolClient.java:onNext(255)) - client-3502B0E99E4B->68798575-c94b-44a6-b996-25df487e3c54: receive RaftClientReply:client-3502B0E99E4B->68798575-c94b-44a6-b996-25df487e3c54@group-48C576E544C9, cid=1420, SUCCESS, logIndex=2006, commits[68798575-c94b-44a6-b996-25df487e3c54:c2007, 9ec8ead9-888e-415b-b04c-32cd2c26f792:c2005, 84ef4577-07e0-4c8d-900e-d449eb7bf65d:c2005]
2019-07-10 10:03:47,162 INFO  client.GrpcClientProtocolClient (GrpcClientProtocolClient.java:onNext(255)) - client-3502B0E99E4B->68798575-c94b-44a6-b996-25df487e3c54: receive RaftClientReply:client-3502B0E99E4B->68798575-c94b-44a6-b996-25df487e3c54@group-48C576E544C9, cid=1421, SUCCESS, logIndex=2007, commits[68798575-c94b-44a6-b996-25df487e3c54:c2008, 9ec8ead9-888e-415b-b04c-32cd2c26f792:c2005, 84ef4577-07e0-4c8d-900e-d449eb7bf65d:c2005]
2019-07-10 10:03:47,162 INFO  client.GrpcClientProtocolClient (GrpcClientProtocolClient.java:onNext(255)) - client-3502B0E99E4B->68798575-c94b-44a6-b996-25df487e3c54: receive RaftClientReply:client-3502B0E99E4B->68798575-c94b-44a6-b996-25df487e3c54@group-48C576E544C9, cid=1422, SUCCESS, logIndex=2008, commits[68798575-c94b-44a6-b996-25df487e3c54:c2009, 9ec8ead9-888e-415b-b04c-32cd2c26f792:c2005, 84ef4577-07e0-4c8d-900e-d449eb7bf65d:c2005]
2019-07-10 10:03:47,163 INFO  client.GrpcClientProtocolClient (GrpcClientProtocolClient.java:onNext(255)) - client-3502B0E99E4B->68798575-c94b-44a6-b996-25df487e3c54: receive RaftClientReply:client-3502B0E99E4B->68798575-c94b-44a6-b996-25df487e3c54@group-48C576E544C9, cid=1423, SUCCESS, logIndex=2009, commits[68798575-c94b-44a6-b996-25df487e3c54:c2009, 9ec8ead9-888e-415b-b04c-32cd2c26f792:c2005, 84ef4577-07e0-4c8d-900e-d449eb7bf65d:c2005]
2019-07-10 10:03:47,164 INFO  client.GrpcClientProtocolClient (GrpcClientProtocolClient.java:onNext(255)) - client-3502B0E99E4B->68798575-c94b-44a6-b996-25df487e3c54: receive RaftClientReply:client-3502B0E99E4B->68798575-c94b-44a6-b996-25df487e3c54@group-48C576E544C9, cid=1424, SUCCESS, logIndex=0, commits[68798575-c94b-44a6-b996-25df487e3c54:c2013, 9ec8ead9-888e-415b-b04c-32cd2c26f792:c2009, 84ef4577-07e0-4c8d-900e-d449eb7bf65d:c2008]
2019-07-10 10:03:47,184 INFO  client.GrpcClientProtocolClient (GrpcClientProtocolClient.java:onNext(255)) - client-3502B0E99E4B->68798575-c94b-44a6-b996-25df487e3c54: receive RaftClientReply:client-3502B0E99E4B->68798575-c94b-44a6-b996-25df487e3c54@group-48C576E544C9, cid=1425, SUCCESS, logIndex=2014, commits[68798575-c94b-44a6-b996-25df487e3c54:c2015, 9ec8ead9-888e-415b-b04c-32cd2c26f792:c2013, 84ef4577-07e0-4c8d-900e-d449eb7bf65d:c2013]
2019-07-10 10:03:47,184 INFO  client.GrpcClientProtocolClient (GrpcClientProtocolClient.java:onNext(255)) - client-3502B0E99E4B->68798575-c94b-44a6-b996-25df487e3c54: receive RaftClientReply:client-3502B0E99E4B->68798575-c94b-44a6-b996-25df487e3c54@group-48C576E544C9, cid=1426, SUCCESS, logIndex=2015, commits[68798575-c94b-44a6-b996-25df487e3c54:c2015, 9ec8ead9-888e-415b-b04c-32cd2c26f792:c2013, 84ef4577-07e0-4c8d-900e-d449eb7bf65d:c2013]
2019-07-10 10:03:47,197 INFO  client.GrpcClientProtocolClient (GrpcClientProtocolClient.java:onNext(255)) - client-3502B0E99E4B->68798575-c94b-44a6-b996-25df487e3c54: receive RaftClientReply:client-3502B0E99E4B->68798575-c94b-44a6-b996-25df487e3c54@group-48C576E544C9, cid=1427, SUCCESS, logIndex=2018, commits[68798575-c94b-44a6-b996-25df487e3c54:c2019, 9ec8ead9-888e-415b-b04c-32cd2c26f792:c2015, 84ef4577-07e0-4c8d-900e-d449eb7bf65d:c2015]
2019-07-10 10:03:47,198 INFO  client.GrpcClientProtocolClient (GrpcClientProtocolClient.java:onNext(255)) - client-3502B0E99E4B->68798575-c94b-44a6-b996-25df487e3c54: receive RaftClientReply:client-3502B0E99E4B->68798575-c94b-44a6-b996-25df487e3c54@group-48C576E544C9, cid=1428, SUCCESS, logIndex=2019, commits[68798575-c94b-44a6-b996-25df487e3c54:c2019, 9ec8ead9-888e-415b-b04c-32cd2c26f792:c2015, 84ef4577-07e0-4c8d-900e-d449eb7bf65d:c2015]
2019-07-10 10:03:47,210 INFO  client.GrpcClientProtocolClient (GrpcClientProtocolClient.java:onNext(255)) - client-3502B0E99E4B->68798575-c94b-44a6-b996-25df487e3c54: receive RaftClientReply:client-3502B0E99E4B->68798575-c94b-44a6-b996-25df487e3c54@group-48C576E544C9, cid=1429, SUCCESS, logIndex=0, commits[68798575-c94b-44a6-b996-25df487e3c54:c2021, 9ec8ead9-888e-415b-b04c-32cd2c26f792:c2019, 84ef4577-07e0-4c8d-900e-d449eb7bf65d:c2019]
2019-07-10 10:03:47,237 INFO  client.GrpcClientProtocolClient (GrpcClientProtocolClient.java:onNext(255)) - client-3502B0E99E4B->68798575-c94b-44a6-b996-25df487e3c54: receive RaftClientReply:client-3502B0E99E4B->68798575-c94b-44a6-b996-25df487e3c54@group-48C576E544C9, cid=1430, SUCCESS, logIndex=2022, commits[68798575-c94b-44a6-b996-25df487e3c54:c2023, 9ec8ead9-888e-415b-b04c-32cd2c26f792:c2021, 84ef4577-07e0-4c8d-900e-d449eb7bf65d:c2021]
2019-07-10 10:03:47,237 INFO  client.GrpcClientProtocolClient (GrpcClientProtocolClient.java:onNext(255)) - client-3502B0E99E4B->68798575-c94b-44a6-b996-25df487e3c54: receive RaftClientReply:client-3502B0E99E4B->68798575-c94b-44a6-b996-25df487e3c54@group-48C576E544C9, cid=1431, SUCCESS, logIndex=2023, commits[68798575-c94b-44a6-b996-25df487e3c54:c2023, 9ec8ead9-888e-415b-b04c-32cd2c26f792:c2021, 84ef4577-07e0-4c8d-900e-d449eb7bf65d:c2021]
2019-07-10 10:03:47,238 INFO  client.GrpcClientProtocolClient (GrpcClientProtocolClient.java:onNext(255)) - client-3502B0E99E4B->68798575-c94b-44a6-b996-25df487e3c54: receive RaftClientReply:client-3502B0E99E4B->68798575-c94b-44a6-b996-25df487e3c54@group-48C576E544C9, cid=1432, SUCCESS, logIndex=2024, commits[68798575-c94b-44a6-b996-25df487e3c54:c2025, 9ec8ead9-888e-415b-b04c-32cd2c26f792:c2021, 84ef4577-07e0-4c8d-900e-d449eb7bf65d:c2021]
2019-07-10 10:03:47,238 INFO  client.GrpcClientProtocolClient (GrpcClientProtocolClient.java:onNext(255)) - client-3502B0E99E4B->68798575-c94b-44a6-b996-25df487e3c54: receive RaftClientReply:client-3502B0E99E4B->68798575-c94b-44a6-b996-25df487e3c54@group-48C576E544C9, cid=1433, SUCCESS, logIndex=2025, commits[68798575-c94b-44a6-b996-25df487e3c54:c2025, 9ec8ead9-888e-415b-b04c-32cd2c26f792:c2021, 84ef4577-07e0-4c8d-900e-d449eb7bf65d:c2021]
2019-07-10 10:03:47,240 INFO  client.GrpcClientProtocolClient (GrpcClientProtocolClient.java:onNext(255)) - client-3502B0E99E4B->68798575-c94b-44a6-b996-25df487e3c54: receive RaftClientReply:client-3502B0E99E4B->68798575-c94b-44a6-b996-25df487e3c54@group-48C576E544C9, cid=1434, SUCCESS, logIndex=0, commits[68798575-c94b-44a6-b996-25df487e3c54:c2027, 9ec8ead9-888e-415b-b04c-32cd2c26f792:c2023, 84ef4577-07e0-4c8d-900e-d449eb7bf65d:c2023]
2019-07-10 10:03:47,260 INFO  client.GrpcClientProtocolClient (GrpcClientProtocolClient.java:onNext(255)) - client-3502B0E99E4B->68798575-c94b-44a6-b996-25df487e3c54: receive RaftClientReply:client-3502B0E99E4B->68798575-c94b-44a6-b996-25df487e3c54@group-48C576E544C9, cid=1435, SUCCESS, logIndex=2030, commits[68798575-c94b-44a6-b996-25df487e3c54:c2030, 9ec8ead9-888e-415b-b04c-32cd2c26f792:c2029, 84ef4577-07e0-4c8d-900e-d449eb7bf65d:c2029]
2019-07-10 10:03:47,260 INFO  client.GrpcClientProtocolClient (GrpcClientProtocolClient.java:onNext(255)) - client-3502B0E99E4B->68798575-c94b-44a6-b996-25df487e3c54: receive RaftClientReply:client-3502B0E99E4B->68798575-c94b-44a6-b996-25df487e3c54@group-48C576E544C9, cid=1436, SUCCESS, logIndex=2031, commits[68798575-c94b-44a6-b996-25df487e3c54:c2031, 9ec8ead9-888e-415b-b04c-32cd2c26f792:c2029, 84ef4577-07e0-4c8d-900e-d449eb7bf65d:c2029]
2019-07-10 10:03:47,274 INFO  client.GrpcClientProtocolClient (GrpcClientProtocolClient.java:onNext(255)) - client-3502B0E99E4B->68798575-c94b-44a6-b996-25df487e3c54: receive RaftClientReply:client-3502B0E99E4B->68798575-c94b-44a6-b996-25df487e3c54@group-48C576E544C9, cid=1437, SUCCESS, logIndex=2034, commits[68798575-c94b-44a6-b996-25df487e3c54:c2034, 9ec8ead9-888e-415b-b04c-32cd2c26f792:c2031, 84ef4577-07e0-4c8d-900e-d449eb7bf65d:c2031]
2019-07-10 10:03:47,274 INFO  client.GrpcClientProtocolClient (GrpcClientProtocolClient.java:onNext(255)) - client-3502B0E99E4B->68798575-c94b-44a6-b996-25df487e3c54: receive RaftClientReply:client-3502B0E99E4B->68798575-c94b-44a6-b996-25df487e3c54@group-48C576E544C9, cid=1438, SUCCESS, logIndex=2035, commits[68798575-c94b-44a6-b996-25df487e3c54:c2035, 9ec8ead9-888e-415b-b04c-32cd2c26f792:c2031, 84ef4577-07e0-4c8d-900e-d449eb7bf65d:c2031]
2019-07-10 10:03:47,287 INFO  client.GrpcClientProtocolClient (GrpcClientProtocolClient.java:onNext(255)) - client-3502B0E99E4B->68798575-c94b-44a6-b996-25df487e3c54: receive RaftClientReply:client-3502B0E99E4B->68798575-c94b-44a6-b996-25df487e3c54@group-48C576E544C9, cid=1439, SUCCESS, logIndex=0, commits[68798575-c94b-44a6-b996-25df487e3c54:c2036, 9ec8ead9-888e-415b-b04c-32cd2c26f792:c2035, 84ef4577-07e0-4c8d-900e-d449eb7bf65d:c2035]
2019-07-10 10:03:47,315 INFO  client.GrpcClientProtocolClient (GrpcClientProtocolClient.java:onNext(255)) - client-3502B0E99E4B->68798575-c94b-44a6-b996-25df487e3c54: receive RaftClientReply:client-3502B0E99E4B->68798575-c94b-44a6-b996-25df487e3c54@group-48C576E544C9, cid=1440, SUCCESS, logIndex=2038, commits[68798575-c94b-44a6-b996-25df487e3c54:c2039, 9ec8ead9-888e-415b-b04c-32cd2c26f792:c2037, 84ef4577-07e0-4c8d-900e-d449eb7bf65d:c2037]
2019-07-10 10:03:47,316 INFO  client.GrpcClientProtocolClient (GrpcClientProtocolClient.java:onNext(255)) - client-3502B0E99E4B->68798575-c94b-44a6-b996-25df487e3c54: receive RaftClientReply:client-3502B0E99E4B->68798575-c94b-44a6-b996-25df487e3c54@group-48C576E544C9, cid=1441, SUCCESS, logIndex=2039, commits[68798575-c94b-44a6-b996-25df487e3c54:c2039, 9ec8ead9-888e-415b-b04c-32cd2c26f792:c2037, 84ef4577-07e0-4c8d-900e-d449eb7bf65d:c2037]
2019-07-10 10:03:47,316 INFO  client.GrpcClientProtocolClient (GrpcClientProtocolClient.java:onNext(255)) - client-3502B0E99E4B->68798575-c94b-44a6-b996-25df487e3c54: receive RaftClientReply:client-3502B0E99E4B->68798575-c94b-44a6-b996-25df487e3c54@group-48C576E544C9, cid=1442, SUCCESS, logIndex=2040, commits[68798575-c94b-44a6-b996-25df487e3c54:c2041, 9ec8ead9-888e-415b-b04c-32cd2c26f792:c2037, 84ef4577-07e0-4c8d-900e-d449eb7bf65d:c2037]
2019-07-10 10:03:47,317 INFO  client.GrpcClientProtocolClient (GrpcClientProtocolClient.java:onNext(255)) - client-3502B0E99E4B->68798575-c94b-44a6-b996-25df487e3c54: receive RaftClientReply:client-3502B0E99E4B->68798575-c94b-44a6-b996-25df487e3c54@group-48C576E544C9, cid=1443, SUCCESS, logIndex=2041, commits[68798575-c94b-44a6-b996-25df487e3c54:c2041, 9ec8ead9-888e-415b-b04c-32cd2c26f792:c2037, 84ef4577-07e0-4c8d-900e-d449eb7bf65d:c2037]
2019-07-10 10:03:47,318 INFO  client.GrpcClientProtocolClient (GrpcClientProtocolClient.java:onNext(255)) - client-3502B0E99E4B->68798575-c94b-44a6-b996-25df487e3c54: receive RaftClientReply:client-3502B0E99E4B->68798575-c94b-44a6-b996-25df487e3c54@group-48C576E544C9, cid=1444, SUCCESS, logIndex=0, commits[68798575-c94b-44a6-b996-25df487e3c54:c2043, 9ec8ead9-888e-415b-b04c-32cd2c26f792:c2039, 84ef4577-07e0-4c8d-900e-d449eb7bf65d:c2039]
2019-07-10 10:03:47,336 INFO  client.GrpcClientProtocolClient (GrpcClientProtocolClient.java:onNext(255)) - client-3502B0E99E4B->68798575-c94b-44a6-b996-25df487e3c54: receive RaftClientReply:client-3502B0E99E4B->68798575-c94b-44a6-b996-25df487e3c54@group-48C576E544C9, cid=1445, SUCCESS, logIndex=2046, commits[68798575-c94b-44a6-b996-25df487e3c54:c2047, 9ec8ead9-888e-415b-b04c-32cd2c26f792:c2045, 84ef4577-07e0-4c8d-900e-d449eb7bf65d:c2045]
2019-07-10 10:03:47,336 INFO  client.GrpcClientProtocolClient (GrpcClientProtocolClient.java:onNext(255)) - client-3502B0E99E4B->68798575-c94b-44a6-b996-25df487e3c54: receive RaftClientReply:client-3502B0E99E4B->68798575-c94b-44a6-b996-25df487e3c54@group-48C576E544C9, cid=1446, SUCCESS, logIndex=2047, commits[68798575-c94b-44a6-b996-25df487e3c54:c2047, 9ec8ead9-888e-415b-b04c-32cd2c26f792:c2045, 84ef4577-07e0-4c8d-900e-d449eb7bf65d:c2045]
2019-07-10 10:03:47,348 INFO  client.GrpcClientProtocolClient (GrpcClientProtocolClient.java:onNext(255)) - client-3502B0E99E4B->68798575-c94b-44a6-b996-25df487e3c54: receive RaftClientReply:client-3502B0E99E4B->68798575-c94b-44a6-b996-25df487e3c54@group-48C576E544C9, cid=1447, SUCCESS, logIndex=2050, commits[68798575-c94b-44a6-b996-25df487e3c54:c2051, 9ec8ead9-888e-415b-b04c-32cd2c26f792:c2047, 84ef4577-07e0-4c8d-900e-d449eb7bf65d:c2047]
2019-07-10 10:03:47,348 INFO  client.GrpcClientProtocolClient (GrpcClientProtocolClient.java:onNext(255)) - client-3502B0E99E4B->68798575-c94b-44a6-b996-25df487e3c54: receive RaftClientReply:client-3502B0E99E4B->68798575-c94b-44a6-b996-25df487e3c54@group-48C576E544C9, cid=1448, SUCCESS, logIndex=2051, commits[68798575-c94b-44a6-b996-25df487e3c54:c2051, 9ec8ead9-888e-415b-b04c-32cd2c26f792:c2047, 84ef4577-07e0-4c8d-900e-d449eb7bf65d:c2047]
2019-07-10 10:03:47,351 INFO  client.GrpcClientProtocolClient (GrpcClientProtocolClient.java:onNext(255)) - client-3502B0E99E4B->68798575-c94b-44a6-b996-25df487e3c54: receive RaftClientReply:client-3502B0E99E4B->68798575-c94b-44a6-b996-25df487e3c54@group-48C576E544C9, cid=1449, SUCCESS, logIndex=0, commits[68798575-c94b-44a6-b996-25df487e3c54:c2053, 9ec8ead9-888e-415b-b04c-32cd2c26f792:c2051, 84ef4577-07e0-4c8d-900e-d449eb7bf65d:c2051]
2019-07-10 10:03:47,375 INFO  client.GrpcClientProtocolClient (GrpcClientProtocolClient.java:onNext(255)) - client-3502B0E99E4B->68798575-c94b-44a6-b996-25df487e3c54: receive RaftClientReply:client-3502B0E99E4B->68798575-c94b-44a6-b996-25df487e3c54@group-48C576E544C9, cid=1450, SUCCESS, logIndex=2054, commits[68798575-c94b-44a6-b996-25df487e3c54:c2055, 9ec8ead9-888e-415b-b04c-32cd2c26f792:c2053, 84ef4577-07e0-4c8d-900e-d449eb7bf65d:c2053]
2019-07-10 10:03:47,376 INFO  client.GrpcClientProtocolClient (GrpcClientProtocolClient.java:onNext(255)) - client-3502B0E99E4B->68798575-c94b-44a6-b996-25df487e3c54: receive RaftClientReply:client-3502B0E99E4B->68798575-c94b-44a6-b996-25df487e3c54@group-48C576E544C9, cid=1451, SUCCESS, logIndex=2055, commits[68798575-c94b-44a6-b996-25df487e3c54:c2055, 9ec8ead9-888e-415b-b04c-32cd2c26f792:c2053, 84ef4577-07e0-4c8d-900e-d449eb7bf65d:c2053]
2019-07-10 10:03:47,377 INFO  client.GrpcClientProtocolClient (GrpcClientProtocolClient.java:onNext(255)) - client-3502B0E99E4B->68798575-c94b-44a6-b996-25df487e3c54: receive RaftClientReply:client-3502B0E99E4B->68798575-c94b-44a6-b996-25df487e3c54@group-48C576E544C9, cid=1452, SUCCESS, logIndex=2056, commits[68798575-c94b-44a6-b996-25df487e3c54:c2057, 9ec8ead9-888e-415b-b04c-32cd2c26f792:c2053, 84ef4577-07e0-4c8d-900e-d449eb7bf65d:c2053]
2019-07-10 10:03:47,377 INFO  client.GrpcClientProtocolClient (GrpcClientProtocolClient.java:onNext(255)) - client-3502B0E99E4B->68798575-c94b-44a6-b996-25df487e3c54: receive RaftClientReply:client-3502B0E99E4B->68798575-c94b-44a6-b996-25df487e3c54@group-48C576E544C9, cid=1453, SUCCESS, logIndex=2057, commits[68798575-c94b-44a6-b996-25df487e3c54:c2057, 9ec8ead9-888e-415b-b04c-32cd2c26f792:c2053, 84ef4577-07e0-4c8d-900e-d449eb7bf65d:c2053]
2019-07-10 10:03:47,378 INFO  client.GrpcClientProtocolClient (GrpcClientProtocolClient.java:onNext(255)) - client-3502B0E99E4B->68798575-c94b-44a6-b996-25df487e3c54: receive RaftClientReply:client-3502B0E99E4B->68798575-c94b-44a6-b996-25df487e3c54@group-48C576E544C9, cid=1454, SUCCESS, logIndex=0, commits[68798575-c94b-44a6-b996-25df487e3c54:c2059, 9ec8ead9-888e-415b-b04c-32cd2c26f792:c2055, 84ef4577-07e0-4c8d-900e-d449eb7bf65d:c2055]
2019-07-10 10:03:47,399 INFO  client.GrpcClientProtocolClient (GrpcClientProtocolClient.java:onNext(255)) - client-3502B0E99E4B->68798575-c94b-44a6-b996-25df487e3c54: receive RaftClientReply:client-3502B0E99E4B->68798575-c94b-44a6-b996-25df487e3c54@group-48C576E544C9, cid=1455, SUCCESS, logIndex=2062, commits[68798575-c94b-44a6-b996-25df487e3c54:c2063, 9ec8ead9-888e-415b-b04c-32cd2c26f792:c2061, 84ef4577-07e0-4c8d-900e-d449eb7bf65d:c2061]
2019-07-10 10:03:47,399 INFO  client.GrpcClientProtocolClient (GrpcClientProtocolClient.java:onNext(255)) - client-3502B0E99E4B->68798575-c94b-44a6-b996-25df487e3c54: receive RaftClientReply:client-3502B0E99E4B->68798575-c94b-44a6-b996-25df487e3c54@group-48C576E544C9, cid=1456, SUCCESS, logIndex=2063, commits[68798575-c94b-44a6-b996-25df487e3c54:c2063, 9ec8ead9-888e-415b-b04c-32cd2c26f792:c2061, 84ef4577-07e0-4c8d-900e-d449eb7bf65d:c2061]
2019-07-10 10:03:47,415 INFO  client.GrpcClientProtocolClient (GrpcClientProtocolClient.java:onNext(255)) - client-3502B0E99E4B->68798575-c94b-44a6-b996-25df487e3c54: receive RaftClientReply:client-3502B0E99E4B->68798575-c94b-44a6-b996-25df487e3c54@group-48C576E544C9, cid=1457, SUCCESS, logIndex=2066, commits[68798575-c94b-44a6-b996-25df487e3c54:c2067, 9ec8ead9-888e-415b-b04c-32cd2c26f792:c2063, 84ef4577-07e0-4c8d-900e-d449eb7bf65d:c2063]
2019-07-10 10:03:47,415 INFO  client.GrpcClientProtocolClient (GrpcClientProtocolClient.java:onNext(255)) - client-3502B0E99E4B->68798575-c94b-44a6-b996-25df487e3c54: receive RaftClientReply:client-3502B0E99E4B->68798575-c94b-44a6-b996-25df487e3c54@group-48C576E544C9, cid=1458, SUCCESS, logIndex=2067, commits[68798575-c94b-44a6-b996-25df487e3c54:c2067, 9ec8ead9-888e-415b-b04c-32cd2c26f792:c2063, 84ef4577-07e0-4c8d-900e-d449eb7bf65d:c2063]
2019-07-10 10:03:47,428 INFO  client.GrpcClientProtocolClient (GrpcClientProtocolClient.java:onNext(255)) - client-3502B0E99E4B->68798575-c94b-44a6-b996-25df487e3c54: receive RaftClientReply:client-3502B0E99E4B->68798575-c94b-44a6-b996-25df487e3c54@group-48C576E544C9, cid=1459, SUCCESS, logIndex=0, commits[68798575-c94b-44a6-b996-25df487e3c54:c2069, 9ec8ead9-888e-415b-b04c-32cd2c26f792:c2067, 84ef4577-07e0-4c8d-900e-d449eb7bf65d:c2067]
2019-07-10 10:03:47,455 INFO  client.GrpcClientProtocolClient (GrpcClientProtocolClient.java:onNext(255)) - client-3502B0E99E4B->68798575-c94b-44a6-b996-25df487e3c54: receive RaftClientReply:client-3502B0E99E4B->68798575-c94b-44a6-b996-25df487e3c54@group-48C576E544C9, cid=1460, SUCCESS, logIndex=2070, commits[68798575-c94b-44a6-b996-25df487e3c54:c2071, 9ec8ead9-888e-415b-b04c-32cd2c26f792:c2069, 84ef4577-07e0-4c8d-900e-d449eb7bf65d:c2069]
2019-07-10 10:03:47,456 INFO  client.GrpcClientProtocolClient (GrpcClientProtocolClient.java:onNext(255)) - client-3502B0E99E4B->68798575-c94b-44a6-b996-25df487e3c54: receive RaftClientReply:client-3502B0E99E4B->68798575-c94b-44a6-b996-25df487e3c54@group-48C576E544C9, cid=1461, SUCCESS, logIndex=2071, commits[68798575-c94b-44a6-b996-25df487e3c54:c2071, 9ec8ead9-888e-415b-b04c-32cd2c26f792:c2069, 84ef4577-07e0-4c8d-900e-d449eb7bf65d:c2069]
2019-07-10 10:03:47,456 INFO  client.GrpcClientProtocolClient (GrpcClientProtocolClient.java:onNext(255)) - client-3502B0E99E4B->68798575-c94b-44a6-b996-25df487e3c54: receive RaftClientReply:client-3502B0E99E4B->68798575-c94b-44a6-b996-25df487e3c54@group-48C576E544C9, cid=1462, SUCCESS, logIndex=2072, commits[68798575-c94b-44a6-b996-25df487e3c54:c2073, 9ec8ead9-888e-415b-b04c-32cd2c26f792:c2069, 84ef4577-07e0-4c8d-900e-d449eb7bf65d:c2069]
2019-07-10 10:03:47,457 INFO  client.GrpcClientProtocolClient (GrpcClientProtocolClient.java:onNext(255)) - client-3502B0E99E4B->68798575-c94b-44a6-b996-25df487e3c54: receive RaftClientReply:client-3502B0E99E4B->68798575-c94b-44a6-b996-25df487e3c54@group-48C576E544C9, cid=1463, SUCCESS, logIndex=2073, commits[68798575-c94b-44a6-b996-25df487e3c54:c2073, 9ec8ead9-888e-415b-b04c-32cd2c26f792:c2069, 84ef4577-07e0-4c8d-900e-d449eb7bf65d:c2069]
2019-07-10 10:03:47,458 INFO  client.GrpcClientProtocolClient (GrpcClientProtocolClient.java:onNext(255)) - client-3502B0E99E4B->68798575-c94b-44a6-b996-25df487e3c54: receive RaftClientReply:client-3502B0E99E4B->68798575-c94b-44a6-b996-25df487e3c54@group-48C576E544C9, cid=1464, SUCCESS, logIndex=0, commits[68798575-c94b-44a6-b996-25df487e3c54:c2075, 9ec8ead9-888e-415b-b04c-32cd2c26f792:c2071, 84ef4577-07e0-4c8d-900e-d449eb7bf65d:c2071]
2019-07-10 10:03:47,478 INFO  client.GrpcClientProtocolClient (GrpcClientProtocolClient.java:onNext(255)) - client-3502B0E99E4B->68798575-c94b-44a6-b996-25df487e3c54: receive RaftClientReply:client-3502B0E99E4B->68798575-c94b-44a6-b996-25df487e3c54@group-48C576E544C9, cid=1465, SUCCESS, logIndex=2078, commits[68798575-c94b-44a6-b996-25df487e3c54:c2079, 9ec8ead9-888e-415b-b04c-32cd2c26f792:c2077, 84ef4577-07e0-4c8d-900e-d449eb7bf65d:c2077]
2019-07-10 10:03:47,478 INFO  client.GrpcClientProtocolClient (GrpcClientProtocolClient.java:onNext(255)) - client-3502B0E99E4B->68798575-c94b-44a6-b996-25df487e3c54: receive RaftClientReply:client-3502B0E99E4B->68798575-c94b-44a6-b996-25df487e3c54@group-48C576E544C9, cid=1466, SUCCESS, logIndex=2079, commits[68798575-c94b-44a6-b996-25df487e3c54:c2079, 9ec8ead9-888e-415b-b04c-32cd2c26f792:c2077, 84ef4577-07e0-4c8d-900e-d449eb7bf65d:c2077]
2019-07-10 10:03:47,491 INFO  client.GrpcClientProtocolClient (GrpcClientProtocolClient.java:onNext(255)) - client-3502B0E99E4B->68798575-c94b-44a6-b996-25df487e3c54: receive RaftClientReply:client-3502B0E99E4B->68798575-c94b-44a6-b996-25df487e3c54@group-48C576E544C9, cid=1467, SUCCESS, logIndex=2082, commits[68798575-c94b-44a6-b996-25df487e3c54:c2082, 9ec8ead9-888e-415b-b04c-32cd2c26f792:c2079, 84ef4577-07e0-4c8d-900e-d449eb7bf65d:c2079]
2019-07-10 10:03:47,492 INFO  client.GrpcClientProtocolClient (GrpcClientProtocolClient.java:onNext(255)) - client-3502B0E99E4B->68798575-c94b-44a6-b996-25df487e3c54: receive RaftClientReply:client-3502B0E99E4B->68798575-c94b-44a6-b996-25df487e3c54@group-48C576E544C9, cid=1468, SUCCESS, logIndex=2083, commits[68798575-c94b-44a6-b996-25df487e3c54:c2083, 9ec8ead9-888e-415b-b04c-32cd2c26f792:c2079, 84ef4577-07e0-4c8d-900e-d449eb7bf65d:c2079]
2019-07-10 10:03:47,505 INFO  client.GrpcClientProtocolClient (GrpcClientProtocolClient.java:onNext(255)) - client-3502B0E99E4B->68798575-c94b-44a6-b996-25df487e3c54: receive RaftClientReply:client-3502B0E99E4B->68798575-c94b-44a6-b996-25df487e3c54@group-48C576E544C9, cid=1469, SUCCESS, logIndex=0, commits[68798575-c94b-44a6-b996-25df487e3c54:c2085, 9ec8ead9-888e-415b-b04c-32cd2c26f792:c2083, 84ef4577-07e0-4c8d-900e-d449eb7bf65d:c2083]
 0.00% |█                                                                                                    |  0/1 Time: 0:00:112019-07-10 10:03:47,533 INFO  client.GrpcClientProtocolClient (GrpcClientProtocolClient.java:onNext(255)) - client-3502B0E99E4B->68798575-c94b-44a6-b996-25df487e3c54: receive RaftClientReply:client-3502B0E99E4B->68798575-c94b-44a6-b996-25df487e3c54@group-48C576E544C9, cid=1470, SUCCESS, logIndex=2086, commits[68798575-c94b-44a6-b996-25df487e3c54:c2087, 9ec8ead9-888e-415b-b04c-32cd2c26f792:c2085, 84ef4577-07e0-4c8d-900e-d449eb7bf65d:c2085]
2019-07-10 10:03:47,534 INFO  client.GrpcClientProtocolClient (GrpcClientProtocolClient.java:onNext(255)) - client-3502B0E99E4B->68798575-c94b-44a6-b996-25df487e3c54: receive RaftClientReply:client-3502B0E99E4B->68798575-c94b-44a6-b996-25df487e3c54@group-48C576E544C9, cid=1471, SUCCESS, logIndex=2087, commits[68798575-c94b-44a6-b996-25df487e3c54:c2089, 9ec8ead9-888e-415b-b04c-32cd2c26f792:c2085, 84ef4577-07e0-4c8d-900e-d449eb7bf65d:c2085]
2019-07-10 10:03:47,534 INFO  client.GrpcClientProtocolClient (GrpcClientProtocolClient.java:onNext(255)) - client-3502B0E99E4B->68798575-c94b-44a6-b996-25df487e3c54: receive RaftClientReply:client-3502B0E99E4B->68798575-c94b-44a6-b996-25df487e3c54@group-48C576E544C9, cid=1472, SUCCESS, logIndex=2088, commits[68798575-c94b-44a6-b996-25df487e3c54:c2089, 9ec8ead9-888e-415b-b04c-32cd2c26f792:c2085, 84ef4577-07e0-4c8d-900e-d449eb7bf65d:c2085]
2019-07-10 10:03:47,534 INFO  client.GrpcClientProtocolClient (GrpcClientProtocolClient.java:onNext(255)) - client-3502B0E99E4B->68798575-c94b-44a6-b996-25df487e3c54: receive RaftClientReply:client-3502B0E99E4B->68798575-c94b-44a6-b996-25df487e3c54@group-48C576E544C9, cid=1473, SUCCESS, logIndex=2089, commits[68798575-c94b-44a6-b996-25df487e3c54:c2089, 9ec8ead9-888e-415b-b04c-32cd2c26f792:c2085, 84ef4577-07e0-4c8d-900e-d449eb7bf65d:c2085]
2019-07-10 10:03:47,536 INFO  client.GrpcClientProtocolClient (GrpcClientProtocolClient.java:onNext(255)) - client-3502B0E99E4B->68798575-c94b-44a6-b996-25df487e3c54: receive RaftClientReply:client-3502B0E99E4B->68798575-c94b-44a6-b996-25df487e3c54@group-48C576E544C9, cid=1474, SUCCESS, logIndex=0, commits[68798575-c94b-44a6-b996-25df487e3c54:c2093, 9ec8ead9-888e-415b-b04c-32cd2c26f792:c2087, 84ef4577-07e0-4c8d-900e-d449eb7bf65d:c2089]
2019-07-10 10:03:47,555 INFO  client.GrpcClientProtocolClient (GrpcClientProtocolClient.java:onNext(255)) - client-3502B0E99E4B->68798575-c94b-44a6-b996-25df487e3c54: receive RaftClientReply:client-3502B0E99E4B->68798575-c94b-44a6-b996-25df487e3c54@group-48C576E544C9, cid=1475, SUCCESS, logIndex=2094, commits[68798575-c94b-44a6-b996-25df487e3c54:c2095, 9ec8ead9-888e-415b-b04c-32cd2c26f792:c2093, 84ef4577-07e0-4c8d-900e-d449eb7bf65d:c2093]
2019-07-10 10:03:47,555 INFO  client.GrpcClientProtocolClient (GrpcClientProtocolClient.java:onNext(255)) - client-3502B0E99E4B->68798575-c94b-44a6-b996-25df487e3c54: receive RaftClientReply:client-3502B0E99E4B->68798575-c94b-44a6-b996-25df487e3c54@group-48C576E544C9, cid=1476, SUCCESS, logIndex=2095, commits[68798575-c94b-44a6-b996-25df487e3c54:c2095, 9ec8ead9-888e-415b-b04c-32cd2c26f792:c2093, 84ef4577-07e0-4c8d-900e-d449eb7bf65d:c2093]
2019-07-10 10:03:47,570 INFO  client.GrpcClientProtocolClient (GrpcClientProtocolClient.java:onNext(255)) - client-3502B0E99E4B->68798575-c94b-44a6-b996-25df487e3c54: receive RaftClientReply:client-3502B0E99E4B->68798575-c94b-44a6-b996-25df487e3c54@group-48C576E544C9, cid=1477, SUCCESS, logIndex=2098, commits[68798575-c94b-44a6-b996-25df487e3c54:c2099, 9ec8ead9-888e-415b-b04c-32cd2c26f792:c2095, 84ef4577-07e0-4c8d-900e-d449eb7bf65d:c2095]
2019-07-10 10:03:47,571 INFO  client.GrpcClientProtocolClient (GrpcClientProtocolClient.java:onNext(255)) - client-3502B0E99E4B->68798575-c94b-44a6-b996-25df487e3c54: receive RaftClientReply:client-3502B0E99E4B->68798575-c94b-44a6-b996-25df487e3c54@group-48C576E544C9, cid=1478, SUCCESS, logIndex=2099, commits[68798575-c94b-44a6-b996-25df487e3c54:c2099, 9ec8ead9-888e-415b-b04c-32cd2c26f792:c2095, 84ef4577-07e0-4c8d-900e-d449eb7bf65d:c2095]
2019-07-10 10:03:47,580 INFO  client.GrpcClientProtocolClient (GrpcClientProtocolClient.java:onNext(255)) - client-3502B0E99E4B->68798575-c94b-44a6-b996-25df487e3c54: receive RaftClientReply:client-3502B0E99E4B->68798575-c94b-44a6-b996-25df487e3c54@group-48C576E544C9, cid=1479, SUCCESS, logIndex=0, commits[68798575-c94b-44a6-b996-25df487e3c54:c2100, 9ec8ead9-888e-415b-b04c-32cd2c26f792:c2099, 84ef4577-07e0-4c8d-900e-d449eb7bf65d:c2099]
2019-07-10 10:03:47,689 INFO  client.GrpcClientProtocolClient (GrpcClientProtocolClient.java:onNext(255)) - client-3502B0E99E4B->68798575-c94b-44a6-b996-25df487e3c54: receive RaftClientReply:client-3502B0E99E4B->68798575-c94b-44a6-b996-25df487e3c54@group-48C576E544C9, cid=1480, SUCCESS, logIndex=2102, commits[68798575-c94b-44a6-b996-25df487e3c54:c2103, 9ec8ead9-888e-415b-b04c-32cd2c26f792:c2101, 84ef4577-07e0-4c8d-900e-d449eb7bf65d:c2101]
2019-07-10 10:03:47,690 INFO  client.GrpcClientProtocolClient (GrpcClientProtocolClient.java:onNext(255)) - client-3502B0E99E4B->68798575-c94b-44a6-b996-25df487e3c54: receive RaftClientReply:client-3502B0E99E4B->68798575-c94b-44a6-b996-25df487e3c54@group-48C576E544C9, cid=1481, SUCCESS, logIndex=2103, commits[68798575-c94b-44a6-b996-25df487e3c54:c2105, 9ec8ead9-888e-415b-b04c-32cd2c26f792:c2101, 84ef4577-07e0-4c8d-900e-d449eb7bf65d:c2101]
2019-07-10 10:03:47,690 INFO  client.GrpcClientProtocolClient (GrpcClientProtocolClient.java:onNext(255)) - client-3502B0E99E4B->68798575-c94b-44a6-b996-25df487e3c54: receive RaftClientReply:client-3502B0E99E4B->68798575-c94b-44a6-b996-25df487e3c54@group-48C576E544C9, cid=1482, SUCCESS, logIndex=2104, commits[68798575-c94b-44a6-b996-25df487e3c54:c2105, 9ec8ead9-888e-415b-b04c-32cd2c26f792:c2101, 84ef4577-07e0-4c8d-900e-d449eb7bf65d:c2101]
2019-07-10 10:03:47,691 INFO  client.GrpcClientProtocolClient (GrpcClientProtocolClient.java:onNext(255)) - client-3502B0E99E4B->68798575-c94b-44a6-b996-25df487e3c54: receive RaftClientReply:client-3502B0E99E4B->68798575-c94b-44a6-b996-25df487e3c54@group-48C576E544C9, cid=1483, SUCCESS, logIndex=2105, commits[68798575-c94b-44a6-b996-25df487e3c54:c2107, 9ec8ead9-888e-415b-b04c-32cd2c26f792:c2103, 84ef4577-07e0-4c8d-900e-d449eb7bf65d:c2102]
2019-07-10 10:03:47,692 INFO  client.GrpcClientProtocolClient (GrpcClientProtocolClient.java:onNext(255)) - client-3502B0E99E4B->68798575-c94b-44a6-b996-25df487e3c54: receive RaftClientReply:client-3502B0E99E4B->68798575-c94b-44a6-b996-25df487e3c54@group-48C576E544C9, cid=1484, SUCCESS, logIndex=0, commits[68798575-c94b-44a6-b996-25df487e3c54:c2109, 9ec8ead9-888e-415b-b04c-32cd2c26f792:c2105, 84ef4577-07e0-4c8d-900e-d449eb7bf65d:c2103]
2019-07-10 10:03:47,712 INFO  client.GrpcClientProtocolClient (GrpcClientProtocolClient.java:onNext(255)) - client-3502B0E99E4B->68798575-c94b-44a6-b996-25df487e3c54: receive RaftClientReply:client-3502B0E99E4B->68798575-c94b-44a6-b996-25df487e3c54@group-48C576E544C9, cid=1485, SUCCESS, logIndex=2110, commits[68798575-c94b-44a6-b996-25df487e3c54:c2111, 9ec8ead9-888e-415b-b04c-32cd2c26f792:c2109, 84ef4577-07e0-4c8d-900e-d449eb7bf65d:c2109]
2019-07-10 10:03:47,713 INFO  client.GrpcClientProtocolClient (GrpcClientProtocolClient.java:onNext(255)) - client-3502B0E99E4B->68798575-c94b-44a6-b996-25df487e3c54: receive RaftClientReply:client-3502B0E99E4B->68798575-c94b-44a6-b996-25df487e3c54@group-48C576E544C9, cid=1486, SUCCESS, logIndex=2111, commits[68798575-c94b-44a6-b996-25df487e3c54:c2111, 9ec8ead9-888e-415b-b04c-32cd2c26f792:c2109, 84ef4577-07e0-4c8d-900e-d449eb7bf65d:c2109]
2019-07-10 10:03:47,726 INFO  client.GrpcClientProtocolClient (GrpcClientProtocolClient.java:onNext(255)) - client-3502B0E99E4B->68798575-c94b-44a6-b996-25df487e3c54: receive RaftClientReply:client-3502B0E99E4B->68798575-c94b-44a6-b996-25df487e3c54@group-48C576E544C9, cid=1487, SUCCESS, logIndex=2114, commits[68798575-c94b-44a6-b996-25df487e3c54:c2115, 9ec8ead9-888e-415b-b04c-32cd2c26f792:c2110, 84ef4577-07e0-4c8d-900e-d449eb7bf65d:c2111]
2019-07-10 10:03:47,726 INFO  client.GrpcClientProtocolClient (GrpcClientProtocolClient.java:onNext(255)) - client-3502B0E99E4B->68798575-c94b-44a6-b996-25df487e3c54: receive RaftClientReply:client-3502B0E99E4B->68798575-c94b-44a6-b996-25df487e3c54@group-48C576E544C9, cid=1488, SUCCESS, logIndex=2115, commits[68798575-c94b-44a6-b996-25df487e3c54:c2115, 9ec8ead9-888e-415b-b04c-32cd2c26f792:c2111, 84ef4577-07e0-4c8d-900e-d449eb7bf65d:c2111]
2019-07-10 10:03:47,727 INFO  client.GrpcClientProtocolClient (GrpcClientProtocolClient.java:onNext(255)) - client-3502B0E99E4B->68798575-c94b-44a6-b996-25df487e3c54: receive RaftClientReply:client-3502B0E99E4B->68798575-c94b-44a6-b996-25df487e3c54@group-48C576E544C9, cid=1489, SUCCESS, logIndex=0, commits[68798575-c94b-44a6-b996-25df487e3c54:c2116, 9ec8ead9-888e-415b-b04c-32cd2c26f792:c2115, 84ef4577-07e0-4c8d-900e-d449eb7bf65d:c2115]
2019-07-10 10:03:47,755 INFO  client.GrpcClientProtocolClient (GrpcClientProtocolClient.java:onNext(255)) - client-3502B0E99E4B->68798575-c94b-44a6-b996-25df487e3c54: receive RaftClientReply:client-3502B0E99E4B->68798575-c94b-44a6-b996-25df487e3c54@group-48C576E544C9, cid=1490, SUCCESS, logIndex=2118, commits[68798575-c94b-44a6-b996-25df487e3c54:c2119, 9ec8ead9-888e-415b-b04c-32cd2c26f792:c2117, 84ef4577-07e0-4c8d-900e-d449eb7bf65d:c2117]
2019-07-10 10:03:47,755 INFO  client.GrpcClientProtocolClient (GrpcClientProtocolClient.java:onNext(255)) - client-3502B0E99E4B->68798575-c94b-44a6-b996-25df487e3c54: receive RaftClientReply:client-3502B0E99E4B->68798575-c94b-44a6-b996-25df487e3c54@group-48C576E544C9, cid=1491, SUCCESS, logIndex=2119, commits[68798575-c94b-44a6-b996-25df487e3c54:c2119, 9ec8ead9-888e-415b-b04c-32cd2c26f792:c2117, 84ef4577-07e0-4c8d-900e-d449eb7bf65d:c2117]
2019-07-10 10:03:47,756 INFO  client.GrpcClientProtocolClient (GrpcClientProtocolClient.java:onNext(255)) - client-3502B0E99E4B->68798575-c94b-44a6-b996-25df487e3c54: receive RaftClientReply:client-3502B0E99E4B->68798575-c94b-44a6-b996-25df487e3c54@group-48C576E544C9, cid=1492, SUCCESS, logIndex=2120, commits[68798575-c94b-44a6-b996-25df487e3c54:c2121, 9ec8ead9-888e-415b-b04c-32cd2c26f792:c2117, 84ef4577-07e0-4c8d-900e-d449eb7bf65d:c2117]
2019-07-10 10:03:47,756 INFO  client.GrpcClientProtocolClient (GrpcClientProtocolClient.java:onNext(255)) - client-3502B0E99E4B->68798575-c94b-44a6-b996-25df487e3c54: receive RaftClientReply:client-3502B0E99E4B->68798575-c94b-44a6-b996-25df487e3c54@group-48C576E544C9, cid=1493, SUCCESS, logIndex=2121, commits[68798575-c94b-44a6-b996-25df487e3c54:c2121, 9ec8ead9-888e-415b-b04c-32cd2c26f792:c2117, 84ef4577-07e0-4c8d-900e-d449eb7bf65d:c2117]
2019-07-10 10:03:47,758 INFO  client.GrpcClientProtocolClient (GrpcClientProtocolClient.java:onNext(255)) - client-3502B0E99E4B->68798575-c94b-44a6-b996-25df487e3c54: receive RaftClientReply:client-3502B0E99E4B->68798575-c94b-44a6-b996-25df487e3c54@group-48C576E544C9, cid=1494, SUCCESS, logIndex=0, commits[68798575-c94b-44a6-b996-25df487e3c54:c2124, 9ec8ead9-888e-415b-b04c-32cd2c26f792:c2119, 84ef4577-07e0-4c8d-900e-d449eb7bf65d:c2121]
2019-07-10 10:03:47,778 INFO  client.GrpcClientProtocolClient (GrpcClientProtocolClient.java:onNext(255)) - client-3502B0E99E4B->68798575-c94b-44a6-b996-25df487e3c54: receive RaftClientReply:client-3502B0E99E4B->68798575-c94b-44a6-b996-25df487e3c54@group-48C576E544C9, cid=1495, SUCCESS, logIndex=2126, commits[68798575-c94b-44a6-b996-25df487e3c54:c2127, 9ec8ead9-888e-415b-b04c-32cd2c26f792:c2125, 84ef4577-07e0-4c8d-900e-d449eb7bf65d:c2125]
2019-07-10 10:03:47,778 INFO  client.GrpcClientProtocolClient (GrpcClientProtocolClient.java:onNext(255)) - client-3502B0E99E4B->68798575-c94b-44a6-b996-25df487e3c54: receive RaftClientReply:client-3502B0E99E4B->68798575-c94b-44a6-b996-25df487e3c54@group-48C576E544C9, cid=1496, SUCCESS, logIndex=2127, commits[68798575-c94b-44a6-b996-25df487e3c54:c2127, 9ec8ead9-888e-415b-b04c-32cd2c26f792:c2125, 84ef4577-07e0-4c8d-900e-d449eb7bf65d:c2125]
2019-07-10 10:03:47,791 INFO  client.GrpcClientProtocolClient (GrpcClientProtocolClient.java:onNext(255)) - client-3502B0E99E4B->68798575-c94b-44a6-b996-25df487e3c54: receive RaftClientReply:client-3502B0E99E4B->68798575-c94b-44a6-b996-25df487e3c54@group-48C576E544C9, cid=1497, SUCCESS, logIndex=2130, commits[68798575-c94b-44a6-b996-25df487e3c54:c2131, 9ec8ead9-888e-415b-b04c-32cd2c26f792:c2127, 84ef4577-07e0-4c8d-900e-d449eb7bf65d:c2127]
2019-07-10 10:03:47,792 INFO  client.GrpcClientProtocolClient (GrpcClientProtocolClient.java:onNext(255)) - client-3502B0E99E4B->68798575-c94b-44a6-b996-25df487e3c54: receive RaftClientReply:client-3502B0E99E4B->68798575-c94b-44a6-b996-25df487e3c54@group-48C576E544C9, cid=1498, SUCCESS, logIndex=2131, commits[68798575-c94b-44a6-b996-25df487e3c54:c2131, 9ec8ead9-888e-415b-b04c-32cd2c26f792:c2127, 84ef4577-07e0-4c8d-900e-d449eb7bf65d:c2127]
2019-07-10 10:03:47,805 INFO  client.GrpcClientProtocolClient (GrpcClientProtocolClient.java:onNext(255)) - client-3502B0E99E4B->68798575-c94b-44a6-b996-25df487e3c54: receive RaftClientReply:client-3502B0E99E4B->68798575-c94b-44a6-b996-25df487e3c54@group-48C576E544C9, cid=1499, SUCCESS, logIndex=0, commits[68798575-c94b-44a6-b996-25df487e3c54:c2133, 9ec8ead9-888e-415b-b04c-32cd2c26f792:c2131, 84ef4577-07e0-4c8d-900e-d449eb7bf65d:c2131]
2019-07-10 10:03:47,831 INFO  client.GrpcClientProtocolClient (GrpcClientProtocolClient.java:onNext(255)) - client-3502B0E99E4B->68798575-c94b-44a6-b996-25df487e3c54: receive RaftClientReply:client-3502B0E99E4B->68798575-c94b-44a6-b996-25df487e3c54@group-48C576E544C9, cid=1500, SUCCESS, logIndex=2134, commits[68798575-c94b-44a6-b996-25df487e3c54:c2135, 9ec8ead9-888e-415b-b04c-32cd2c26f792:c2133, 84ef4577-07e0-4c8d-900e-d449eb7bf65d:c2133]
2019-07-10 10:03:47,832 INFO  client.GrpcClientProtocolClient (GrpcClientProtocolClient.java:onNext(255)) - client-3502B0E99E4B->68798575-c94b-44a6-b996-25df487e3c54: receive RaftClientReply:client-3502B0E99E4B->68798575-c94b-44a6-b996-25df487e3c54@group-48C576E544C9, cid=1501, SUCCESS, logIndex=2135, commits[68798575-c94b-44a6-b996-25df487e3c54:c2135, 9ec8ead9-888e-415b-b04c-32cd2c26f792:c2133, 84ef4577-07e0-4c8d-900e-d449eb7bf65d:c2133]
2019-07-10 10:03:47,842 INFO  client.GrpcClientProtocolClient (GrpcClientProtocolClient.java:onNext(255)) - client-3502B0E99E4B->68798575-c94b-44a6-b996-25df487e3c54: receive RaftClientReply:client-3502B0E99E4B->68798575-c94b-44a6-b996-25df487e3c54@group-48C576E544C9, cid=1502, SUCCESS, logIndex=2136, commits[68798575-c94b-44a6-b996-25df487e3c54:c2137, 9ec8ead9-888e-415b-b04c-32cd2c26f792:c2133, 84ef4577-07e0-4c8d-900e-d449eb7bf65d:c2133]
2019-07-10 10:03:47,842 INFO  client.GrpcClientProtocolClient (GrpcClientProtocolClient.java:onNext(255)) - client-3502B0E99E4B->68798575-c94b-44a6-b996-25df487e3c54: receive RaftClientReply:client-3502B0E99E4B->68798575-c94b-44a6-b996-25df487e3c54@group-48C576E544C9, cid=1503, SUCCESS, logIndex=2137, commits[68798575-c94b-44a6-b996-25df487e3c54:c2138, 9ec8ead9-888e-415b-b04c-32cd2c26f792:c2133, 84ef4577-07e0-4c8d-900e-d449eb7bf65d:c2134]
2019-07-10 10:03:47,843 INFO  client.GrpcClientProtocolClient (GrpcClientProtocolClient.java:onNext(255)) - client-3502B0E99E4B->68798575-c94b-44a6-b996-25df487e3c54: receive RaftClientReply:client-3502B0E99E4B->68798575-c94b-44a6-b996-25df487e3c54@group-48C576E544C9, cid=1504, SUCCESS, logIndex=0, commits[68798575-c94b-44a6-b996-25df487e3c54:c2139, 9ec8ead9-888e-415b-b04c-32cd2c26f792:c2135, 84ef4577-07e0-4c8d-900e-d449eb7bf65d:c2135]
2019-07-10 10:03:47,862 INFO  client.GrpcClientProtocolClient (GrpcClientProtocolClient.java:onNext(255)) - client-3502B0E99E4B->68798575-c94b-44a6-b996-25df487e3c54: receive RaftClientReply:client-3502B0E99E4B->68798575-c94b-44a6-b996-25df487e3c54@group-48C576E544C9, cid=1505, SUCCESS, logIndex=2142, commits[68798575-c94b-44a6-b996-25df487e3c54:c2143, 9ec8ead9-888e-415b-b04c-32cd2c26f792:c2141, 84ef4577-07e0-4c8d-900e-d449eb7bf65d:c2141]
2019-07-10 10:03:47,863 INFO  client.GrpcClientProtocolClient (GrpcClientProtocolClient.java:onNext(255)) - client-3502B0E99E4B->68798575-c94b-44a6-b996-25df487e3c54: receive RaftClientReply:client-3502B0E99E4B->68798575-c94b-44a6-b996-25df487e3c54@group-48C576E544C9, cid=1506, SUCCESS, logIndex=2143, commits[68798575-c94b-44a6-b996-25df487e3c54:c2143, 9ec8ead9-888e-415b-b04c-32cd2c26f792:c2141, 84ef4577-07e0-4c8d-900e-d449eb7bf65d:c2141]
2019-07-10 10:03:47,874 INFO  client.GrpcClientProtocolClient (GrpcClientProtocolClient.java:onNext(255)) - client-3502B0E99E4B->68798575-c94b-44a6-b996-25df487e3c54: receive RaftClientReply:client-3502B0E99E4B->68798575-c94b-44a6-b996-25df487e3c54@group-48C576E544C9, cid=1507, SUCCESS, logIndex=2146, commits[68798575-c94b-44a6-b996-25df487e3c54:c2147, 9ec8ead9-888e-415b-b04c-32cd2c26f792:c2143, 84ef4577-07e0-4c8d-900e-d449eb7bf65d:c2143]
2019-07-10 10:03:47,874 INFO  client.GrpcClientProtocolClient (GrpcClientProtocolClient.java:onNext(255)) - client-3502B0E99E4B->68798575-c94b-44a6-b996-25df487e3c54: receive RaftClientReply:client-3502B0E99E4B->68798575-c94b-44a6-b996-25df487e3c54@group-48C576E544C9, cid=1508, SUCCESS, logIndex=2147, commits[68798575-c94b-44a6-b996-25df487e3c54:c2147, 9ec8ead9-888e-415b-b04c-32cd2c26f792:c2143, 84ef4577-07e0-4c8d-900e-d449eb7bf65d:c2143]
2019-07-10 10:03:47,886 INFO  client.GrpcClientProtocolClient (GrpcClientProtocolClient.java:onNext(255)) - client-3502B0E99E4B->68798575-c94b-44a6-b996-25df487e3c54: receive RaftClientReply:client-3502B0E99E4B->68798575-c94b-44a6-b996-25df487e3c54@group-48C576E544C9, cid=1509, SUCCESS, logIndex=0, commits[68798575-c94b-44a6-b996-25df487e3c54:c2148, 9ec8ead9-888e-415b-b04c-32cd2c26f792:c2147, 84ef4577-07e0-4c8d-900e-d449eb7bf65d:c2147]
2019-07-10 10:03:47,908 INFO  client.GrpcClientProtocolClient (GrpcClientProtocolClient.java:onNext(255)) - client-3502B0E99E4B->68798575-c94b-44a6-b996-25df487e3c54: receive RaftClientReply:client-3502B0E99E4B->68798575-c94b-44a6-b996-25df487e3c54@group-48C576E544C9, cid=1510, SUCCESS, logIndex=2150, commits[68798575-c94b-44a6-b996-25df487e3c54:c2151, 9ec8ead9-888e-415b-b04c-32cd2c26f792:c2149, 84ef4577-07e0-4c8d-900e-d449eb7bf65d:c2149]
2019-07-10 10:03:47,909 INFO  client.GrpcClientProtocolClient (GrpcClientProtocolClient.java:onNext(255)) - client-3502B0E99E4B->68798575-c94b-44a6-b996-25df487e3c54: receive RaftClientReply:client-3502B0E99E4B->68798575-c94b-44a6-b996-25df487e3c54@group-48C576E544C9, cid=1511, SUCCESS, logIndex=2151, commits[68798575-c94b-44a6-b996-25df487e3c54:c2151, 9ec8ead9-888e-415b-b04c-32cd2c26f792:c2149, 84ef4577-07e0-4c8d-900e-d449eb7bf65d:c2149]
2019-07-10 10:03:47,918 INFO  client.GrpcClientProtocolClient (GrpcClientProtocolClient.java:onNext(255)) - client-3502B0E99E4B->68798575-c94b-44a6-b996-25df487e3c54: receive RaftClientReply:client-3502B0E99E4B->68798575-c94b-44a6-b996-25df487e3c54@group-48C576E544C9, cid=1512, SUCCESS, logIndex=2152, commits[68798575-c94b-44a6-b996-25df487e3c54:c2153, 9ec8ead9-888e-415b-b04c-32cd2c26f792:c2149, 84ef4577-07e0-4c8d-900e-d449eb7bf65d:c2149]
2019-07-10 10:03:47,918 INFO  client.GrpcClientProtocolClient (GrpcClientProtocolClient.java:onNext(255)) - client-3502B0E99E4B->68798575-c94b-44a6-b996-25df487e3c54: receive RaftClientReply:client-3502B0E99E4B->68798575-c94b-44a6-b996-25df487e3c54@group-48C576E544C9, cid=1513, SUCCESS, logIndex=2153, commits[68798575-c94b-44a6-b996-25df487e3c54:c2153, 9ec8ead9-888e-415b-b04c-32cd2c26f792:c2149, 84ef4577-07e0-4c8d-900e-d449eb7bf65d:c2149]
2019-07-10 10:03:47,921 INFO  client.GrpcClientProtocolClient (GrpcClientProtocolClient.java:onNext(255)) - client-3502B0E99E4B->68798575-c94b-44a6-b996-25df487e3c54: receive RaftClientReply:client-3502B0E99E4B->68798575-c94b-44a6-b996-25df487e3c54@group-48C576E544C9, cid=1514, SUCCESS, logIndex=0, commits[68798575-c94b-44a6-b996-25df487e3c54:c2155, 9ec8ead9-888e-415b-b04c-32cd2c26f792:c2151, 84ef4577-07e0-4c8d-900e-d449eb7bf65d:c2151]
2019-07-10 10:03:47,942 INFO  client.GrpcClientProtocolClient (GrpcClientProtocolClient.java:onNext(255)) - client-3502B0E99E4B->68798575-c94b-44a6-b996-25df487e3c54: receive RaftClientReply:client-3502B0E99E4B->68798575-c94b-44a6-b996-25df487e3c54@group-48C576E544C9, cid=1515, SUCCESS, logIndex=2158, commits[68798575-c94b-44a6-b996-25df487e3c54:c2159, 9ec8ead9-888e-415b-b04c-32cd2c26f792:c2157, 84ef4577-07e0-4c8d-900e-d449eb7bf65d:c2157]
2019-07-10 10:03:47,943 INFO  client.GrpcClientProtocolClient (GrpcClientProtocolClient.java:onNext(255)) - client-3502B0E99E4B->68798575-c94b-44a6-b996-25df487e3c54: receive RaftClientReply:client-3502B0E99E4B->68798575-c94b-44a6-b996-25df487e3c54@group-48C576E544C9, cid=1516, SUCCESS, logIndex=2159, commits[68798575-c94b-44a6-b996-25df487e3c54:c2159, 9ec8ead9-888e-415b-b04c-32cd2c26f792:c2157, 84ef4577-07e0-4c8d-900e-d449eb7bf65d:c2157]
2019-07-10 10:03:47,954 INFO  client.GrpcClientProtocolClient (GrpcClientProtocolClient.java:onNext(255)) - client-3502B0E99E4B->68798575-c94b-44a6-b996-25df487e3c54: receive RaftClientReply:client-3502B0E99E4B->68798575-c94b-44a6-b996-25df487e3c54@group-48C576E544C9, cid=1517, SUCCESS, logIndex=2162, commits[68798575-c94b-44a6-b996-25df487e3c54:c2163, 9ec8ead9-888e-415b-b04c-32cd2c26f792:c2159, 84ef4577-07e0-4c8d-900e-d449eb7bf65d:c2159]
2019-07-10 10:03:47,955 INFO  client.GrpcClientProtocolClient (GrpcClientProtocolClient.java:onNext(255)) - client-3502B0E99E4B->68798575-c94b-44a6-b996-25df487e3c54: receive RaftClientReply:client-3502B0E99E4B->68798575-c94b-44a6-b996-25df487e3c54@group-48C576E544C9, cid=1518, SUCCESS, logIndex=2163, commits[68798575-c94b-44a6-b996-25df487e3c54:c2163, 9ec8ead9-888e-415b-b04c-32cd2c26f792:c2159, 84ef4577-07e0-4c8d-900e-d449eb7bf65d:c2159]
2019-07-10 10:03:47,968 INFO  client.GrpcClientProtocolClient (GrpcClientProtocolClient.java:onNext(255)) - client-3502B0E99E4B->68798575-c94b-44a6-b996-25df487e3c54: receive RaftClientReply:client-3502B0E99E4B->68798575-c94b-44a6-b996-25df487e3c54@group-48C576E544C9, cid=1519, SUCCESS, logIndex=0, commits[68798575-c94b-44a6-b996-25df487e3c54:c2165, 9ec8ead9-888e-415b-b04c-32cd2c26f792:c2163, 84ef4577-07e0-4c8d-900e-d449eb7bf65d:c2163]
2019-07-10 10:03:47,993 INFO  client.GrpcClientProtocolClient (GrpcClientProtocolClient.java:onNext(255)) - client-3502B0E99E4B->68798575-c94b-44a6-b996-25df487e3c54: receive RaftClientReply:client-3502B0E99E4B->68798575-c94b-44a6-b996-25df487e3c54@group-48C576E544C9, cid=1520, SUCCESS, logIndex=2166, commits[68798575-c94b-44a6-b996-25df487e3c54:c2167, 9ec8ead9-888e-415b-b04c-32cd2c26f792:c2165, 84ef4577-07e0-4c8d-900e-d449eb7bf65d:c2165]
2019-07-10 10:03:47,993 INFO  client.GrpcClientProtocolClient (GrpcClientProtocolClient.java:onNext(255)) - client-3502B0E99E4B->68798575-c94b-44a6-b996-25df487e3c54: receive RaftClientReply:client-3502B0E99E4B->68798575-c94b-44a6-b996-25df487e3c54@group-48C576E544C9, cid=1521, SUCCESS, logIndex=2167, commits[68798575-c94b-44a6-b996-25df487e3c54:c2168, 9ec8ead9-888e-415b-b04c-32cd2c26f792:c2165, 84ef4577-07e0-4c8d-900e-d449eb7bf65d:c2165]
2019-07-10 10:03:47,994 INFO  client.GrpcClientProtocolClient (GrpcClientProtocolClient.java:onNext(255)) - client-3502B0E99E4B->68798575-c94b-44a6-b996-25df487e3c54: receive RaftClientReply:client-3502B0E99E4B->68798575-c94b-44a6-b996-25df487e3c54@group-48C576E544C9, cid=1522, SUCCESS, logIndex=2168, commits[68798575-c94b-44a6-b996-25df487e3c54:c2169, 9ec8ead9-888e-415b-b04c-32cd2c26f792:c2165, 84ef4577-07e0-4c8d-900e-d449eb7bf65d:c2165]
2019-07-10 10:03:47,994 INFO  client.GrpcClientProtocolClient (GrpcClientProtocolClient.java:onNext(255)) - client-3502B0E99E4B->68798575-c94b-44a6-b996-25df487e3c54: receive RaftClientReply:client-3502B0E99E4B->68798575-c94b-44a6-b996-25df487e3c54@group-48C576E544C9, cid=1523, SUCCESS, logIndex=2169, commits[68798575-c94b-44a6-b996-25df487e3c54:c2169, 9ec8ead9-888e-415b-b04c-32cd2c26f792:c2165, 84ef4577-07e0-4c8d-900e-d449eb7bf65d:c2165]
2019-07-10 10:03:47,995 INFO  client.GrpcClientProtocolClient (GrpcClientProtocolClient.java:onNext(255)) - client-3502B0E99E4B->68798575-c94b-44a6-b996-25df487e3c54: receive RaftClientReply:client-3502B0E99E4B->68798575-c94b-44a6-b996-25df487e3c54@group-48C576E544C9, cid=1524, SUCCESS, logIndex=0, commits[68798575-c94b-44a6-b996-25df487e3c54:c2171, 9ec8ead9-888e-415b-b04c-32cd2c26f792:c2167, 84ef4577-07e0-4c8d-900e-d449eb7bf65d:c2167]
2019-07-10 10:03:48,015 INFO  client.GrpcClientProtocolClient (GrpcClientProtocolClient.java:onNext(255)) - client-3502B0E99E4B->68798575-c94b-44a6-b996-25df487e3c54: receive RaftClientReply:client-3502B0E99E4B->68798575-c94b-44a6-b996-25df487e3c54@group-48C576E544C9, cid=1525, SUCCESS, logIndex=2174, commits[68798575-c94b-44a6-b996-25df487e3c54:c2174, 9ec8ead9-888e-415b-b04c-32cd2c26f792:c2173, 84ef4577-07e0-4c8d-900e-d449eb7bf65d:c2173]
2019-07-10 10:03:48,016 INFO  client.GrpcClientProtocolClient (GrpcClientProtocolClient.java:onNext(255)) - client-3502B0E99E4B->68798575-c94b-44a6-b996-25df487e3c54: receive RaftClientReply:client-3502B0E99E4B->68798575-c94b-44a6-b996-25df487e3c54@group-48C576E544C9, cid=1526, SUCCESS, logIndex=2175, commits[68798575-c94b-44a6-b996-25df487e3c54:c2175, 9ec8ead9-888e-415b-b04c-32cd2c26f792:c2173, 84ef4577-07e0-4c8d-900e-d449eb7bf65d:c2173]
2019-07-10 10:03:48,029 INFO  client.GrpcClientProtocolClient (GrpcClientProtocolClient.java:onNext(255)) - client-3502B0E99E4B->68798575-c94b-44a6-b996-25df487e3c54: receive RaftClientReply:client-3502B0E99E4B->68798575-c94b-44a6-b996-25df487e3c54@group-48C576E544C9, cid=1527, SUCCESS, logIndex=2178, commits[68798575-c94b-44a6-b996-25df487e3c54:c2178, 9ec8ead9-888e-415b-b04c-32cd2c26f792:c2175, 84ef4577-07e0-4c8d-900e-d449eb7bf65d:c2175]
2019-07-10 10:03:48,030 INFO  client.GrpcClientProtocolClient (GrpcClientProtocolClient.java:onNext(255)) - client-3502B0E99E4B->68798575-c94b-44a6-b996-25df487e3c54: receive RaftClientReply:client-3502B0E99E4B->68798575-c94b-44a6-b996-25df487e3c54@group-48C576E544C9, cid=1528, SUCCESS, logIndex=2179, commits[68798575-c94b-44a6-b996-25df487e3c54:c2179, 9ec8ead9-888e-415b-b04c-32cd2c26f792:c2175, 84ef4577-07e0-4c8d-900e-d449eb7bf65d:c2175]
2019-07-10 10:03:48,043 INFO  client.GrpcClientProtocolClient (GrpcClientProtocolClient.java:onNext(255)) - client-3502B0E99E4B->68798575-c94b-44a6-b996-25df487e3c54: receive RaftClientReply:client-3502B0E99E4B->68798575-c94b-44a6-b996-25df487e3c54@group-48C576E544C9, cid=1529, SUCCESS, logIndex=0, commits[68798575-c94b-44a6-b996-25df487e3c54:c2181, 9ec8ead9-888e-415b-b04c-32cd2c26f792:c2179, 84ef4577-07e0-4c8d-900e-d449eb7bf65d:c2179]
2019-07-10 10:03:48,067 INFO  client.GrpcClientProtocolClient (GrpcClientProtocolClient.java:onNext(255)) - client-3502B0E99E4B->68798575-c94b-44a6-b996-25df487e3c54: receive RaftClientReply:client-3502B0E99E4B->68798575-c94b-44a6-b996-25df487e3c54@group-48C576E544C9, cid=1530, SUCCESS, logIndex=2182, commits[68798575-c94b-44a6-b996-25df487e3c54:c2183, 9ec8ead9-888e-415b-b04c-32cd2c26f792:c2181, 84ef4577-07e0-4c8d-900e-d449eb7bf65d:c2181]
2019-07-10 10:03:48,067 INFO  client.GrpcClientProtocolClient (GrpcClientProtocolClient.java:onNext(255)) - client-3502B0E99E4B->68798575-c94b-44a6-b996-25df487e3c54: receive RaftClientReply:client-3502B0E99E4B->68798575-c94b-44a6-b996-25df487e3c54@group-48C576E544C9, cid=1531, SUCCESS, logIndex=2183, commits[68798575-c94b-44a6-b996-25df487e3c54:c2185, 9ec8ead9-888e-415b-b04c-32cd2c26f792:c2181, 84ef4577-07e0-4c8d-900e-d449eb7bf65d:c2181]
2019-07-10 10:03:48,068 INFO  client.GrpcClientProtocolClient (GrpcClientProtocolClient.java:onNext(255)) - client-3502B0E99E4B->68798575-c94b-44a6-b996-25df487e3c54: receive RaftClientReply:client-3502B0E99E4B->68798575-c94b-44a6-b996-25df487e3c54@group-48C576E544C9, cid=1532, SUCCESS, logIndex=2184, commits[68798575-c94b-44a6-b996-25df487e3c54:c2185, 9ec8ead9-888e-415b-b04c-32cd2c26f792:c2181, 84ef4577-07e0-4c8d-900e-d449eb7bf65d:c2181]
2019-07-10 10:03:48,068 INFO  client.GrpcClientProtocolClient (GrpcClientProtocolClient.java:onNext(255)) - client-3502B0E99E4B->68798575-c94b-44a6-b996-25df487e3c54: receive RaftClientReply:client-3502B0E99E4B->68798575-c94b-44a6-b996-25df487e3c54@group-48C576E544C9, cid=1533, SUCCESS, logIndex=2185, commits[68798575-c94b-44a6-b996-25df487e3c54:c2185, 9ec8ead9-888e-415b-b04c-32cd2c26f792:c2181, 84ef4577-07e0-4c8d-900e-d449eb7bf65d:c2181]
2019-07-10 10:03:48,069 INFO  client.GrpcClientProtocolClient (GrpcClientProtocolClient.java:onNext(255)) - client-3502B0E99E4B->68798575-c94b-44a6-b996-25df487e3c54: receive RaftClientReply:client-3502B0E99E4B->68798575-c94b-44a6-b996-25df487e3c54@group-48C576E544C9, cid=1534, SUCCESS, logIndex=0, commits[68798575-c94b-44a6-b996-25df487e3c54:c2186, 9ec8ead9-888e-415b-b04c-32cd2c26f792:c2183, 84ef4577-07e0-4c8d-900e-d449eb7bf65d:c2183]
2019-07-10 10:03:48,090 INFO  client.GrpcClientProtocolClient (GrpcClientProtocolClient.java:onNext(255)) - client-3502B0E99E4B->68798575-c94b-44a6-b996-25df487e3c54: receive RaftClientReply:client-3502B0E99E4B->68798575-c94b-44a6-b996-25df487e3c54@group-48C576E544C9, cid=1535, SUCCESS, logIndex=2190, commits[68798575-c94b-44a6-b996-25df487e3c54:c2191, 9ec8ead9-888e-415b-b04c-32cd2c26f792:c2189, 84ef4577-07e0-4c8d-900e-d449eb7bf65d:c2189]
2019-07-10 10:03:48,090 INFO  client.GrpcClientProtocolClient (GrpcClientProtocolClient.java:onNext(255)) - client-3502B0E99E4B->68798575-c94b-44a6-b996-25df487e3c54: receive RaftClientReply:client-3502B0E99E4B->68798575-c94b-44a6-b996-25df487e3c54@group-48C576E544C9, cid=1536, SUCCESS, logIndex=2191, commits[68798575-c94b-44a6-b996-25df487e3c54:c2191, 9ec8ead9-888e-415b-b04c-32cd2c26f792:c2189, 84ef4577-07e0-4c8d-900e-d449eb7bf65d:c2189]
2019-07-10 10:03:48,103 INFO  client.GrpcClientProtocolClient (GrpcClientProtocolClient.java:onNext(255)) - client-3502B0E99E4B->68798575-c94b-44a6-b996-25df487e3c54: receive RaftClientReply:client-3502B0E99E4B->68798575-c94b-44a6-b996-25df487e3c54@group-48C576E544C9, cid=1537, SUCCESS, logIndex=2194, commits[68798575-c94b-44a6-b996-25df487e3c54:c2195, 9ec8ead9-888e-415b-b04c-32cd2c26f792:c2191, 84ef4577-07e0-4c8d-900e-d449eb7bf65d:c2191]
2019-07-10 10:03:48,104 INFO  client.GrpcClientProtocolClient (GrpcClientProtocolClient.java:onNext(255)) - client-3502B0E99E4B->68798575-c94b-44a6-b996-25df487e3c54: receive RaftClientReply:client-3502B0E99E4B->68798575-c94b-44a6-b996-25df487e3c54@group-48C576E544C9, cid=1538, SUCCESS, logIndex=2195, commits[68798575-c94b-44a6-b996-25df487e3c54:c2195, 9ec8ead9-888e-415b-b04c-32cd2c26f792:c2191, 84ef4577-07e0-4c8d-900e-d449eb7bf65d:c2191]
2019-07-10 10:03:48,117 INFO  client.GrpcClientProtocolClient (GrpcClientProtocolClient.java:onNext(255)) - client-3502B0E99E4B->68798575-c94b-44a6-b996-25df487e3c54: receive RaftClientReply:client-3502B0E99E4B->68798575-c94b-44a6-b996-25df487e3c54@group-48C576E544C9, cid=1539, SUCCESS, logIndex=0, commits[68798575-c94b-44a6-b996-25df487e3c54:c2197, 9ec8ead9-888e-415b-b04c-32cd2c26f792:c2195, 84ef4577-07e0-4c8d-900e-d449eb7bf65d:c2195]
2019-07-10 10:03:48,145 INFO  client.GrpcClientProtocolClient (GrpcClientProtocolClient.java:onNext(255)) - client-3502B0E99E4B->68798575-c94b-44a6-b996-25df487e3c54: receive RaftClientReply:client-3502B0E99E4B->68798575-c94b-44a6-b996-25df487e3c54@group-48C576E544C9, cid=1540, SUCCESS, logIndex=2198, commits[68798575-c94b-44a6-b996-25df487e3c54:c2199, 9ec8ead9-888e-415b-b04c-32cd2c26f792:c2197, 84ef4577-07e0-4c8d-900e-d449eb7bf65d:c2197]
2019-07-10 10:03:48,146 INFO  client.GrpcClientProtocolClient (GrpcClientProtocolClient.java:onNext(255)) - client-3502B0E99E4B->68798575-c94b-44a6-b996-25df487e3c54: receive RaftClientReply:client-3502B0E99E4B->68798575-c94b-44a6-b996-25df487e3c54@group-48C576E544C9, cid=1541, SUCCESS, logIndex=2199, commits[68798575-c94b-44a6-b996-25df487e3c54:c2201, 9ec8ead9-888e-415b-b04c-32cd2c26f792:c2197, 84ef4577-07e0-4c8d-900e-d449eb7bf65d:c2197]
2019-07-10 10:03:48,147 INFO  client.GrpcClientProtocolClient (GrpcClientProtocolClient.java:onNext(255)) - client-3502B0E99E4B->68798575-c94b-44a6-b996-25df487e3c54: receive RaftClientReply:client-3502B0E99E4B->68798575-c94b-44a6-b996-25df487e3c54@group-48C576E544C9, cid=1542, SUCCESS, logIndex=2200, commits[68798575-c94b-44a6-b996-25df487e3c54:c2202, 9ec8ead9-888e-415b-b04c-32cd2c26f792:c2198, 84ef4577-07e0-4c8d-900e-d449eb7bf65d:c2197]
2019-07-10 10:03:48,147 INFO  client.GrpcClientProtocolClient (GrpcClientProtocolClient.java:onNext(255)) - client-3502B0E99E4B->68798575-c94b-44a6-b996-25df487e3c54: receive RaftClientReply:client-3502B0E99E4B->68798575-c94b-44a6-b996-25df487e3c54@group-48C576E544C9, cid=1543, SUCCESS, logIndex=2201, commits[68798575-c94b-44a6-b996-25df487e3c54:c2202, 9ec8ead9-888e-415b-b04c-32cd2c26f792:c2198, 84ef4577-07e0-4c8d-900e-d449eb7bf65d:c2198]
2019-07-10 10:03:48,148 INFO  client.GrpcClientProtocolClient (GrpcClientProtocolClient.java:onNext(255)) - client-3502B0E99E4B->68798575-c94b-44a6-b996-25df487e3c54: receive RaftClientReply:client-3502B0E99E4B->68798575-c94b-44a6-b996-25df487e3c54@group-48C576E544C9, cid=1544, SUCCESS, logIndex=0, commits[68798575-c94b-44a6-b996-25df487e3c54:c2204, 9ec8ead9-888e-415b-b04c-32cd2c26f792:c2201, 84ef4577-07e0-4c8d-900e-d449eb7bf65d:c2201]
2019-07-10 10:03:48,167 INFO  client.GrpcClientProtocolClient (GrpcClientProtocolClient.java:onNext(255)) - client-3502B0E99E4B->68798575-c94b-44a6-b996-25df487e3c54: receive RaftClientReply:client-3502B0E99E4B->68798575-c94b-44a6-b996-25df487e3c54@group-48C576E544C9, cid=1545, SUCCESS, logIndex=2205, commits[68798575-c94b-44a6-b996-25df487e3c54:c2206, 9ec8ead9-888e-415b-b04c-32cd2c26f792:c2204, 84ef4577-07e0-4c8d-900e-d449eb7bf65d:c2204]
2019-07-10 10:03:48,167 INFO  client.GrpcClientProtocolClient (GrpcClientProtocolClient.java:onNext(255)) - client-3502B0E99E4B->68798575-c94b-44a6-b996-25df487e3c54: receive RaftClientReply:client-3502B0E99E4B->68798575-c94b-44a6-b996-25df487e3c54@group-48C576E544C9, cid=1546, SUCCESS, logIndex=2206, commits[68798575-c94b-44a6-b996-25df487e3c54:c2206, 9ec8ead9-888e-415b-b04c-32cd2c26f792:c2204, 84ef4577-07e0-4c8d-900e-d449eb7bf65d:c2204]
2019-07-10 10:03:48,298 INFO  client.GrpcClientProtocolClient (GrpcClientProtocolClient.java:onNext(255)) - client-3502B0E99E4B->68798575-c94b-44a6-b996-25df487e3c54: receive RaftClientReply:client-3502B0E99E4B->68798575-c94b-44a6-b996-25df487e3c54@group-48C576E544C9, cid=1547, SUCCESS, logIndex=2209, commits[68798575-c94b-44a6-b996-25df487e3c54:c2210, 9ec8ead9-888e-415b-b04c-32cd2c26f792:c2206, 84ef4577-07e0-4c8d-900e-d449eb7bf65d:c2206]
2019-07-10 10:03:48,299 INFO  client.GrpcClientProtocolClient (GrpcClientProtocolClient.java:onNext(255)) - client-3502B0E99E4B->68798575-c94b-44a6-b996-25df487e3c54: receive RaftClientReply:client-3502B0E99E4B->68798575-c94b-44a6-b996-25df487e3c54@group-48C576E544C9, cid=1548, SUCCESS, logIndex=2210, commits[68798575-c94b-44a6-b996-25df487e3c54:c2210, 9ec8ead9-888e-415b-b04c-32cd2c26f792:c2206, 84ef4577-07e0-4c8d-900e-d449eb7bf65d:c2206]
2019-07-10 10:03:48,306 INFO  client.GrpcClientProtocolClient (GrpcClientProtocolClient.java:onNext(255)) - client-3502B0E99E4B->68798575-c94b-44a6-b996-25df487e3c54: receive RaftClientReply:client-3502B0E99E4B->68798575-c94b-44a6-b996-25df487e3c54@group-48C576E544C9, cid=1549, SUCCESS, logIndex=0, commits[68798575-c94b-44a6-b996-25df487e3c54:c2212, 9ec8ead9-888e-415b-b04c-32cd2c26f792:c2210, 84ef4577-07e0-4c8d-900e-d449eb7bf65d:c2210]
2019-07-10 10:03:48,338 INFO  client.GrpcClientProtocolClient (GrpcClientProtocolClient.java:onNext(255)) - client-3502B0E99E4B->68798575-c94b-44a6-b996-25df487e3c54: receive RaftClientReply:client-3502B0E99E4B->68798575-c94b-44a6-b996-25df487e3c54@group-48C576E544C9, cid=1550, SUCCESS, logIndex=2213, commits[68798575-c94b-44a6-b996-25df487e3c54:c2214, 9ec8ead9-888e-415b-b04c-32cd2c26f792:c2212, 84ef4577-07e0-4c8d-900e-d449eb7bf65d:c2212]
2019-07-10 10:03:48,338 INFO  client.GrpcClientProtocolClient (GrpcClientProtocolClient.java:onNext(255)) - client-3502B0E99E4B->68798575-c94b-44a6-b996-25df487e3c54: receive RaftClientReply:client-3502B0E99E4B->68798575-c94b-44a6-b996-25df487e3c54@group-48C576E544C9, cid=1551, SUCCESS, logIndex=2214, commits[68798575-c94b-44a6-b996-25df487e3c54:c2216, 9ec8ead9-888e-415b-b04c-32cd2c26f792:c2212, 84ef4577-07e0-4c8d-900e-d449eb7bf65d:c2212]
2019-07-10 10:03:48,338 INFO  client.GrpcClientProtocolClient (GrpcClientProtocolClient.java:onNext(255)) - client-3502B0E99E4B->68798575-c94b-44a6-b996-25df487e3c54: receive RaftClientReply:client-3502B0E99E4B->68798575-c94b-44a6-b996-25df487e3c54@group-48C576E544C9, cid=1552, SUCCESS, logIndex=2215, commits[68798575-c94b-44a6-b996-25df487e3c54:c2216, 9ec8ead9-888e-415b-b04c-32cd2c26f792:c2212, 84ef4577-07e0-4c8d-900e-d449eb7bf65d:c2212]
2019-07-10 10:03:48,339 INFO  client.GrpcClientProtocolClient (GrpcClientProtocolClient.java:onNext(255)) - client-3502B0E99E4B->68798575-c94b-44a6-b996-25df487e3c54: receive RaftClientReply:client-3502B0E99E4B->68798575-c94b-44a6-b996-25df487e3c54@group-48C576E544C9, cid=1553, SUCCESS, logIndex=2216, commits[68798575-c94b-44a6-b996-25df487e3c54:c2216, 9ec8ead9-888e-415b-b04c-32cd2c26f792:c2212, 84ef4577-07e0-4c8d-900e-d449eb7bf65d:c2212]
2019-07-10 10:03:48,340 INFO  client.GrpcClientProtocolClient (GrpcClientProtocolClient.java:onNext(255)) - client-3502B0E99E4B->68798575-c94b-44a6-b996-25df487e3c54: receive RaftClientReply:client-3502B0E99E4B->68798575-c94b-44a6-b996-25df487e3c54@group-48C576E544C9, cid=1554, SUCCESS, logIndex=0, commits[68798575-c94b-44a6-b996-25df487e3c54:c2218, 9ec8ead9-888e-415b-b04c-32cd2c26f792:c2214, 84ef4577-07e0-4c8d-900e-d449eb7bf65d:c2214]
2019-07-10 10:03:48,362 INFO  client.GrpcClientProtocolClient (GrpcClientProtocolClient.java:onNext(255)) - client-3502B0E99E4B->68798575-c94b-44a6-b996-25df487e3c54: receive RaftClientReply:client-3502B0E99E4B->68798575-c94b-44a6-b996-25df487e3c54@group-48C576E544C9, cid=1555, SUCCESS, logIndex=2221, commits[68798575-c94b-44a6-b996-25df487e3c54:c2222, 9ec8ead9-888e-415b-b04c-32cd2c26f792:c2220, 84ef4577-07e0-4c8d-900e-d449eb7bf65d:c2220]
2019-07-10 10:03:48,364 INFO  client.GrpcClientProtocolClient (GrpcClientProtocolClient.java:onNext(255)) - client-3502B0E99E4B->68798575-c94b-44a6-b996-25df487e3c54: receive RaftClientReply:client-3502B0E99E4B->68798575-c94b-44a6-b996-25df487e3c54@group-48C576E544C9, cid=1556, SUCCESS, logIndex=2222, commits[68798575-c94b-44a6-b996-25df487e3c54:c2222, 9ec8ead9-888e-415b-b04c-32cd2c26f792:c2220, 84ef4577-07e0-4c8d-900e-d449eb7bf65d:c2220]
2019-07-10 10:03:48,387 INFO  client.GrpcClientProtocolClient (GrpcClientProtocolClient.java:onNext(255)) - client-3502B0E99E4B->68798575-c94b-44a6-b996-25df487e3c54: receive RaftClientReply:client-3502B0E99E4B->68798575-c94b-44a6-b996-25df487e3c54@group-48C576E544C9, cid=1557, SUCCESS, logIndex=2225, commits[68798575-c94b-44a6-b996-25df487e3c54:c2226, 9ec8ead9-888e-415b-b04c-32cd2c26f792:c2222, 84ef4577-07e0-4c8d-900e-d449eb7bf65d:c2222]
2019-07-10 10:03:48,388 INFO  client.GrpcClientProtocolClient (GrpcClientProtocolClient.java:onNext(255)) - client-3502B0E99E4B->68798575-c94b-44a6-b996-25df487e3c54: receive RaftClientReply:client-3502B0E99E4B->68798575-c94b-44a6-b996-25df487e3c54@group-48C576E544C9, cid=1558, SUCCESS, logIndex=2226, commits[68798575-c94b-44a6-b996-25df487e3c54:c2226, 9ec8ead9-888e-415b-b04c-32cd2c26f792:c2222, 84ef4577-07e0-4c8d-900e-d449eb7bf65d:c2222]
2019-07-10 10:03:48,389 INFO  client.GrpcClientProtocolClient (GrpcClientProtocolClient.java:onNext(255)) - client-3502B0E99E4B->68798575-c94b-44a6-b996-25df487e3c54: receive RaftClientReply:client-3502B0E99E4B->68798575-c94b-44a6-b996-25df487e3c54@group-48C576E544C9, cid=1559, SUCCESS, logIndex=0, commits[68798575-c94b-44a6-b996-25df487e3c54:c2227, 9ec8ead9-888e-415b-b04c-32cd2c26f792:c2226, 84ef4577-07e0-4c8d-900e-d449eb7bf65d:c2226]
2019-07-10 10:03:48,429 INFO  client.GrpcClientProtocolClient (GrpcClientProtocolClient.java:onNext(255)) - client-3502B0E99E4B->68798575-c94b-44a6-b996-25df487e3c54: receive RaftClientReply:client-3502B0E99E4B->68798575-c94b-44a6-b996-25df487e3c54@group-48C576E544C9, cid=1560, SUCCESS, logIndex=2229, commits[68798575-c94b-44a6-b996-25df487e3c54:c2230, 9ec8ead9-888e-415b-b04c-32cd2c26f792:c2228, 84ef4577-07e0-4c8d-900e-d449eb7bf65d:c2228]
2019-07-10 10:03:48,430 INFO  client.GrpcClientProtocolClient (GrpcClientProtocolClient.java:onNext(255)) - client-3502B0E99E4B->68798575-c94b-44a6-b996-25df487e3c54: receive RaftClientReply:client-3502B0E99E4B->68798575-c94b-44a6-b996-25df487e3c54@group-48C576E544C9, cid=1561, SUCCESS, logIndex=2230, commits[68798575-c94b-44a6-b996-25df487e3c54:c2230, 9ec8ead9-888e-415b-b04c-32cd2c26f792:c2228, 84ef4577-07e0-4c8d-900e-d449eb7bf65d:c2228]
2019-07-10 10:03:48,431 INFO  client.GrpcClientProtocolClient (GrpcClientProtocolClient.java:onNext(255)) - client-3502B0E99E4B->68798575-c94b-44a6-b996-25df487e3c54: receive RaftClientReply:client-3502B0E99E4B->68798575-c94b-44a6-b996-25df487e3c54@group-48C576E544C9, cid=1562, SUCCESS, logIndex=2231, commits[68798575-c94b-44a6-b996-25df487e3c54:c2232, 9ec8ead9-888e-415b-b04c-32cd2c26f792:c2228, 84ef4577-07e0-4c8d-900e-d449eb7bf65d:c2228]
2019-07-10 10:03:48,432 INFO  client.GrpcClientProtocolClient (GrpcClientProtocolClient.java:onNext(255)) - client-3502B0E99E4B->68798575-c94b-44a6-b996-25df487e3c54: receive RaftClientReply:client-3502B0E99E4B->68798575-c94b-44a6-b996-25df487e3c54@group-48C576E544C9, cid=1563, SUCCESS, logIndex=2232, commits[68798575-c94b-44a6-b996-25df487e3c54:c2232, 9ec8ead9-888e-415b-b04c-32cd2c26f792:c2228, 84ef4577-07e0-4c8d-900e-d449eb7bf65d:c2228]
2019-07-10 10:03:48,435 INFO  client.GrpcClientProtocolClient (GrpcClientProtocolClient.java:onNext(255)) - client-3502B0E99E4B->68798575-c94b-44a6-b996-25df487e3c54: receive RaftClientReply:client-3502B0E99E4B->68798575-c94b-44a6-b996-25df487e3c54@group-48C576E544C9, cid=1564, SUCCESS, logIndex=0, commits[68798575-c94b-44a6-b996-25df487e3c54:c2234, 9ec8ead9-888e-415b-b04c-32cd2c26f792:c2230, 84ef4577-07e0-4c8d-900e-d449eb7bf65d:c2230]
2019-07-10 10:03:48,459 INFO  client.GrpcClientProtocolClient (GrpcClientProtocolClient.java:onNext(255)) - client-3502B0E99E4B->68798575-c94b-44a6-b996-25df487e3c54: receive RaftClientReply:client-3502B0E99E4B->68798575-c94b-44a6-b996-25df487e3c54@group-48C576E544C9, cid=1565, SUCCESS, logIndex=2237, commits[68798575-c94b-44a6-b996-25df487e3c54:c2238, 9ec8ead9-888e-415b-b04c-32cd2c26f792:c2236, 84ef4577-07e0-4c8d-900e-d449eb7bf65d:c2236]
2019-07-10 10:03:48,460 INFO  client.GrpcClientProtocolClient (GrpcClientProtocolClient.java:onNext(255)) - client-3502B0E99E4B->68798575-c94b-44a6-b996-25df487e3c54: receive RaftClientReply:client-3502B0E99E4B->68798575-c94b-44a6-b996-25df487e3c54@group-48C576E544C9, cid=1566, SUCCESS, logIndex=2238, commits[68798575-c94b-44a6-b996-25df487e3c54:c2238, 9ec8ead9-888e-415b-b04c-32cd2c26f792:c2236, 84ef4577-07e0-4c8d-900e-d449eb7bf65d:c2236]
2019-07-10 10:03:48,473 INFO  client.GrpcClientProtocolClient (GrpcClientProtocolClient.java:onNext(255)) - client-3502B0E99E4B->68798575-c94b-44a6-b996-25df487e3c54: receive RaftClientReply:client-3502B0E99E4B->68798575-c94b-44a6-b996-25df487e3c54@group-48C576E544C9, cid=1567, SUCCESS, logIndex=2241, commits[68798575-c94b-44a6-b996-25df487e3c54:c2242, 9ec8ead9-888e-415b-b04c-32cd2c26f792:c2238, 84ef4577-07e0-4c8d-900e-d449eb7bf65d:c2238]
2019-07-10 10:03:48,474 INFO  client.GrpcClientProtocolClient (GrpcClientProtocolClient.java:onNext(255)) - client-3502B0E99E4B->68798575-c94b-44a6-b996-25df487e3c54: receive RaftClientReply:client-3502B0E99E4B->68798575-c94b-44a6-b996-25df487e3c54@group-48C576E544C9, cid=1568, SUCCESS, logIndex=2242, commits[68798575-c94b-44a6-b996-25df487e3c54:c2242, 9ec8ead9-888e-415b-b04c-32cd2c26f792:c2238, 84ef4577-07e0-4c8d-900e-d449eb7bf65d:c2238]
2019-07-10 10:03:48,486 INFO  client.GrpcClientProtocolClient (GrpcClientProtocolClient.java:onNext(255)) - client-3502B0E99E4B->68798575-c94b-44a6-b996-25df487e3c54: receive RaftClientReply:client-3502B0E99E4B->68798575-c94b-44a6-b996-25df487e3c54@group-48C576E544C9, cid=1569, SUCCESS, logIndex=0, commits[68798575-c94b-44a6-b996-25df487e3c54:c2243, 9ec8ead9-888e-415b-b04c-32cd2c26f792:c2242, 84ef4577-07e0-4c8d-900e-d449eb7bf65d:c2242]
2019-07-10 10:03:48,513 INFO  client.GrpcClientProtocolClient (GrpcClientProtocolClient.java:onNext(255)) - client-3502B0E99E4B->68798575-c94b-44a6-b996-25df487e3c54: receive RaftClientReply:client-3502B0E99E4B->68798575-c94b-44a6-b996-25df487e3c54@group-48C576E544C9, cid=1570, SUCCESS, logIndex=2245, commits[68798575-c94b-44a6-b996-25df487e3c54:c2246, 9ec8ead9-888e-415b-b04c-32cd2c26f792:c2244, 84ef4577-07e0-4c8d-900e-d449eb7bf65d:c2244]
2019-07-10 10:03:48,514 INFO  client.GrpcClientProtocolClient (GrpcClientProtocolClient.java:onNext(255)) - client-3502B0E99E4B->68798575-c94b-44a6-b996-25df487e3c54: receive RaftClientReply:client-3502B0E99E4B->68798575-c94b-44a6-b996-25df487e3c54@group-48C576E544C9, cid=1571, SUCCESS, logIndex=2246, commits[68798575-c94b-44a6-b996-25df487e3c54:c2246, 9ec8ead9-888e-415b-b04c-32cd2c26f792:c2244, 84ef4577-07e0-4c8d-900e-d449eb7bf65d:c2244]
2019-07-10 10:03:48,514 INFO  client.GrpcClientProtocolClient (GrpcClientProtocolClient.java:onNext(255)) - client-3502B0E99E4B->68798575-c94b-44a6-b996-25df487e3c54: receive RaftClientReply:client-3502B0E99E4B->68798575-c94b-44a6-b996-25df487e3c54@group-48C576E544C9, cid=1572, SUCCESS, logIndex=2247, commits[68798575-c94b-44a6-b996-25df487e3c54:c2248, 9ec8ead9-888e-415b-b04c-32cd2c26f792:c2244, 84ef4577-07e0-4c8d-900e-d449eb7bf65d:c2244]
2019-07-10 10:03:48,515 INFO  client.GrpcClientProtocolClient (GrpcClientProtocolClient.java:onNext(255)) - client-3502B0E99E4B->68798575-c94b-44a6-b996-25df487e3c54: receive RaftClientReply:client-3502B0E99E4B->68798575-c94b-44a6-b996-25df487e3c54@group-48C576E544C9, cid=1573, SUCCESS, logIndex=2248, commits[68798575-c94b-44a6-b996-25df487e3c54:c2248, 9ec8ead9-888e-415b-b04c-32cd2c26f792:c2244, 84ef4577-07e0-4c8d-900e-d449eb7bf65d:c2244]
2019-07-10 10:03:48,516 INFO  client.GrpcClientProtocolClient (GrpcClientProtocolClient.java:onNext(255)) - client-3502B0E99E4B->68798575-c94b-44a6-b996-25df487e3c54: receive RaftClientReply:client-3502B0E99E4B->68798575-c94b-44a6-b996-25df487e3c54@group-48C576E544C9, cid=1574, SUCCESS, logIndex=0, commits[68798575-c94b-44a6-b996-25df487e3c54:c2251, 9ec8ead9-888e-415b-b04c-32cd2c26f792:c2246, 84ef4577-07e0-4c8d-900e-d449eb7bf65d:c2248]
 0.00% |█                                                                                                    |  0/1 Time: 0:00:122019-07-10 10:03:48,536 INFO  client.GrpcClientProtocolClient (GrpcClientProtocolClient.java:onNext(255)) - client-3502B0E99E4B->68798575-c94b-44a6-b996-25df487e3c54: receive RaftClientReply:client-3502B0E99E4B->68798575-c94b-44a6-b996-25df487e3c54@group-48C576E544C9, cid=1575, SUCCESS, logIndex=2253, commits[68798575-c94b-44a6-b996-25df487e3c54:c2254, 9ec8ead9-888e-415b-b04c-32cd2c26f792:c2252, 84ef4577-07e0-4c8d-900e-d449eb7bf65d:c2252]
2019-07-10 10:03:48,536 INFO  client.GrpcClientProtocolClient (GrpcClientProtocolClient.java:onNext(255)) - client-3502B0E99E4B->68798575-c94b-44a6-b996-25df487e3c54: receive RaftClientReply:client-3502B0E99E4B->68798575-c94b-44a6-b996-25df487e3c54@group-48C576E544C9, cid=1576, SUCCESS, logIndex=2254, commits[68798575-c94b-44a6-b996-25df487e3c54:c2254, 9ec8ead9-888e-415b-b04c-32cd2c26f792:c2252, 84ef4577-07e0-4c8d-900e-d449eb7bf65d:c2252]
2019-07-10 10:03:48,549 INFO  client.GrpcClientProtocolClient (GrpcClientProtocolClient.java:onNext(255)) - client-3502B0E99E4B->68798575-c94b-44a6-b996-25df487e3c54: receive RaftClientReply:client-3502B0E99E4B->68798575-c94b-44a6-b996-25df487e3c54@group-48C576E544C9, cid=1577, SUCCESS, logIndex=2257, commits[68798575-c94b-44a6-b996-25df487e3c54:c2257, 9ec8ead9-888e-415b-b04c-32cd2c26f792:c2254, 84ef4577-07e0-4c8d-900e-d449eb7bf65d:c2254]
2019-07-10 10:03:48,549 INFO  client.GrpcClientProtocolClient (GrpcClientProtocolClient.java:onNext(255)) - client-3502B0E99E4B->68798575-c94b-44a6-b996-25df487e3c54: receive RaftClientReply:client-3502B0E99E4B->68798575-c94b-44a6-b996-25df487e3c54@group-48C576E544C9, cid=1578, SUCCESS, logIndex=2258, commits[68798575-c94b-44a6-b996-25df487e3c54:c2258, 9ec8ead9-888e-415b-b04c-32cd2c26f792:c2254, 84ef4577-07e0-4c8d-900e-d449eb7bf65d:c2254]
2019-07-10 10:03:48,562 INFO  client.GrpcClientProtocolClient (GrpcClientProtocolClient.java:onNext(255)) - client-3502B0E99E4B->68798575-c94b-44a6-b996-25df487e3c54: receive RaftClientReply:client-3502B0E99E4B->68798575-c94b-44a6-b996-25df487e3c54@group-48C576E544C9, cid=1579, SUCCESS, logIndex=0, commits[68798575-c94b-44a6-b996-25df487e3c54:c2260, 9ec8ead9-888e-415b-b04c-32cd2c26f792:c2258, 84ef4577-07e0-4c8d-900e-d449eb7bf65d:c2258]
2019-07-10 10:03:48,589 INFO  client.GrpcClientProtocolClient (GrpcClientProtocolClient.java:onNext(255)) - client-3502B0E99E4B->68798575-c94b-44a6-b996-25df487e3c54: receive RaftClientReply:client-3502B0E99E4B->68798575-c94b-44a6-b996-25df487e3c54@group-48C576E544C9, cid=1580, SUCCESS, logIndex=2261, commits[68798575-c94b-44a6-b996-25df487e3c54:c2262, 9ec8ead9-888e-415b-b04c-32cd2c26f792:c2260, 84ef4577-07e0-4c8d-900e-d449eb7bf65d:c2260]
2019-07-10 10:03:48,590 INFO  client.GrpcClientProtocolClient (GrpcClientProtocolClient.java:onNext(255)) - client-3502B0E99E4B->68798575-c94b-44a6-b996-25df487e3c54: receive RaftClientReply:client-3502B0E99E4B->68798575-c94b-44a6-b996-25df487e3c54@group-48C576E544C9, cid=1581, SUCCESS, logIndex=2262, commits[68798575-c94b-44a6-b996-25df487e3c54:c2262, 9ec8ead9-888e-415b-b04c-32cd2c26f792:c2260, 84ef4577-07e0-4c8d-900e-d449eb7bf65d:c2260]
2019-07-10 10:03:48,591 INFO  client.GrpcClientProtocolClient (GrpcClientProtocolClient.java:onNext(255)) - client-3502B0E99E4B->68798575-c94b-44a6-b996-25df487e3c54: receive RaftClientReply:client-3502B0E99E4B->68798575-c94b-44a6-b996-25df487e3c54@group-48C576E544C9, cid=1582, SUCCESS, logIndex=2263, commits[68798575-c94b-44a6-b996-25df487e3c54:c2264, 9ec8ead9-888e-415b-b04c-32cd2c26f792:c2260, 84ef4577-07e0-4c8d-900e-d449eb7bf65d:c2260]
2019-07-10 10:03:48,591 INFO  client.GrpcClientProtocolClient (GrpcClientProtocolClient.java:onNext(255)) - client-3502B0E99E4B->68798575-c94b-44a6-b996-25df487e3c54: receive RaftClientReply:client-3502B0E99E4B->68798575-c94b-44a6-b996-25df487e3c54@group-48C576E544C9, cid=1583, SUCCESS, logIndex=2264, commits[68798575-c94b-44a6-b996-25df487e3c54:c2264, 9ec8ead9-888e-415b-b04c-32cd2c26f792:c2260, 84ef4577-07e0-4c8d-900e-d449eb7bf65d:c2260]
2019-07-10 10:03:48,592 INFO  client.GrpcClientProtocolClient (GrpcClientProtocolClient.java:onNext(255)) - client-3502B0E99E4B->68798575-c94b-44a6-b996-25df487e3c54: receive RaftClientReply:client-3502B0E99E4B->68798575-c94b-44a6-b996-25df487e3c54@group-48C576E544C9, cid=1584, SUCCESS, logIndex=0, commits[68798575-c94b-44a6-b996-25df487e3c54:c2266, 9ec8ead9-888e-415b-b04c-32cd2c26f792:c2262, 84ef4577-07e0-4c8d-900e-d449eb7bf65d:c2262]
2019-07-10 10:03:48,612 INFO  client.GrpcClientProtocolClient (GrpcClientProtocolClient.java:onNext(255)) - client-3502B0E99E4B->68798575-c94b-44a6-b996-25df487e3c54: receive RaftClientReply:client-3502B0E99E4B->68798575-c94b-44a6-b996-25df487e3c54@group-48C576E544C9, cid=1585, SUCCESS, logIndex=2269, commits[68798575-c94b-44a6-b996-25df487e3c54:c2270, 9ec8ead9-888e-415b-b04c-32cd2c26f792:c2268, 84ef4577-07e0-4c8d-900e-d449eb7bf65d:c2268]
2019-07-10 10:03:48,612 INFO  client.GrpcClientProtocolClient (GrpcClientProtocolClient.java:onNext(255)) - client-3502B0E99E4B->68798575-c94b-44a6-b996-25df487e3c54: receive RaftClientReply:client-3502B0E99E4B->68798575-c94b-44a6-b996-25df487e3c54@group-48C576E544C9, cid=1586, SUCCESS, logIndex=2270, commits[68798575-c94b-44a6-b996-25df487e3c54:c2270, 9ec8ead9-888e-415b-b04c-32cd2c26f792:c2268, 84ef4577-07e0-4c8d-900e-d449eb7bf65d:c2268]
2019-07-10 10:03:48,625 INFO  client.GrpcClientProtocolClient (GrpcClientProtocolClient.java:onNext(255)) - client-3502B0E99E4B->68798575-c94b-44a6-b996-25df487e3c54: receive RaftClientReply:client-3502B0E99E4B->68798575-c94b-44a6-b996-25df487e3c54@group-48C576E544C9, cid=1587, SUCCESS, logIndex=2273, commits[68798575-c94b-44a6-b996-25df487e3c54:c2274, 9ec8ead9-888e-415b-b04c-32cd2c26f792:c2270, 84ef4577-07e0-4c8d-900e-d449eb7bf65d:c2270]
2019-07-10 10:03:48,626 INFO  client.GrpcClientProtocolClient (GrpcClientProtocolClient.java:onNext(255)) - client-3502B0E99E4B->68798575-c94b-44a6-b996-25df487e3c54: receive RaftClientReply:client-3502B0E99E4B->68798575-c94b-44a6-b996-25df487e3c54@group-48C576E544C9, cid=1588, SUCCESS, logIndex=2274, commits[68798575-c94b-44a6-b996-25df487e3c54:c2274, 9ec8ead9-888e-415b-b04c-32cd2c26f792:c2270, 84ef4577-07e0-4c8d-900e-d449eb7bf65d:c2270]
2019-07-10 10:03:48,638 INFO  client.GrpcClientProtocolClient (GrpcClientProtocolClient.java:onNext(255)) - client-3502B0E99E4B->68798575-c94b-44a6-b996-25df487e3c54: receive RaftClientReply:client-3502B0E99E4B->68798575-c94b-44a6-b996-25df487e3c54@group-48C576E544C9, cid=1589, SUCCESS, logIndex=0, commits[68798575-c94b-44a6-b996-25df487e3c54:c2275, 9ec8ead9-888e-415b-b04c-32cd2c26f792:c2274, 84ef4577-07e0-4c8d-900e-d449eb7bf65d:c2274]
2019-07-10 10:03:48,666 INFO  client.GrpcClientProtocolClient (GrpcClientProtocolClient.java:onNext(255)) - client-3502B0E99E4B->68798575-c94b-44a6-b996-25df487e3c54: receive RaftClientReply:client-3502B0E99E4B->68798575-c94b-44a6-b996-25df487e3c54@group-48C576E544C9, cid=1590, SUCCESS, logIndex=2277, commits[68798575-c94b-44a6-b996-25df487e3c54:c2278, 9ec8ead9-888e-415b-b04c-32cd2c26f792:c2276, 84ef4577-07e0-4c8d-900e-d449eb7bf65d:c2276]
2019-07-10 10:03:48,666 INFO  client.GrpcClientProtocolClient (GrpcClientProtocolClient.java:onNext(255)) - client-3502B0E99E4B->68798575-c94b-44a6-b996-25df487e3c54: receive RaftClientReply:client-3502B0E99E4B->68798575-c94b-44a6-b996-25df487e3c54@group-48C576E544C9, cid=1591, SUCCESS, logIndex=2278, commits[68798575-c94b-44a6-b996-25df487e3c54:c2280, 9ec8ead9-888e-415b-b04c-32cd2c26f792:c2276, 84ef4577-07e0-4c8d-900e-d449eb7bf65d:c2276]
2019-07-10 10:03:48,666 INFO  client.GrpcClientProtocolClient (GrpcClientProtocolClient.java:onNext(255)) - client-3502B0E99E4B->68798575-c94b-44a6-b996-25df487e3c54: receive RaftClientReply:client-3502B0E99E4B->68798575-c94b-44a6-b996-25df487e3c54@group-48C576E544C9, cid=1592, SUCCESS, logIndex=2279, commits[68798575-c94b-44a6-b996-25df487e3c54:c2280, 9ec8ead9-888e-415b-b04c-32cd2c26f792:c2276, 84ef4577-07e0-4c8d-900e-d449eb7bf65d:c2276]
2019-07-10 10:03:48,667 INFO  client.GrpcClientProtocolClient (GrpcClientProtocolClient.java:onNext(255)) - client-3502B0E99E4B->68798575-c94b-44a6-b996-25df487e3c54: receive RaftClientReply:client-3502B0E99E4B->68798575-c94b-44a6-b996-25df487e3c54@group-48C576E544C9, cid=1593, SUCCESS, logIndex=2280, commits[68798575-c94b-44a6-b996-25df487e3c54:c2280, 9ec8ead9-888e-415b-b04c-32cd2c26f792:c2276, 84ef4577-07e0-4c8d-900e-d449eb7bf65d:c2276]
2019-07-10 10:03:48,669 INFO  client.GrpcClientProtocolClient (GrpcClientProtocolClient.java:onNext(255)) - client-3502B0E99E4B->68798575-c94b-44a6-b996-25df487e3c54: receive RaftClientReply:client-3502B0E99E4B->68798575-c94b-44a6-b996-25df487e3c54@group-48C576E544C9, cid=1594, SUCCESS, logIndex=0, commits[68798575-c94b-44a6-b996-25df487e3c54:c2284, 9ec8ead9-888e-415b-b04c-32cd2c26f792:c2278, 84ef4577-07e0-4c8d-900e-d449eb7bf65d:c2280]
2019-07-10 10:03:48,699 INFO  client.GrpcClientProtocolClient (GrpcClientProtocolClient.java:onNext(255)) - client-3502B0E99E4B->68798575-c94b-44a6-b996-25df487e3c54: receive RaftClientReply:client-3502B0E99E4B->68798575-c94b-44a6-b996-25df487e3c54@group-48C576E544C9, cid=1595, SUCCESS, logIndex=2285, commits[68798575-c94b-44a6-b996-25df487e3c54:c2286, 9ec8ead9-888e-415b-b04c-32cd2c26f792:c2284, 84ef4577-07e0-4c8d-900e-d449eb7bf65d:c2284]
2019-07-10 10:03:48,700 INFO  client.GrpcClientProtocolClient (GrpcClientProtocolClient.java:onNext(255)) - client-3502B0E99E4B->68798575-c94b-44a6-b996-25df487e3c54: receive RaftClientReply:client-3502B0E99E4B->68798575-c94b-44a6-b996-25df487e3c54@group-48C576E544C9, cid=1596, SUCCESS, logIndex=2286, commits[68798575-c94b-44a6-b996-25df487e3c54:c2286, 9ec8ead9-888e-415b-b04c-32cd2c26f792:c2284, 84ef4577-07e0-4c8d-900e-d449eb7bf65d:c2284]
2019-07-10 10:03:48,713 INFO  client.GrpcClientProtocolClient (GrpcClientProtocolClient.java:onNext(255)) - client-3502B0E99E4B->68798575-c94b-44a6-b996-25df487e3c54: receive RaftClientReply:client-3502B0E99E4B->68798575-c94b-44a6-b996-25df487e3c54@group-48C576E544C9, cid=1597, SUCCESS, logIndex=2289, commits[68798575-c94b-44a6-b996-25df487e3c54:c2290, 9ec8ead9-888e-415b-b04c-32cd2c26f792:c2286, 84ef4577-07e0-4c8d-900e-d449eb7bf65d:c2286]
2019-07-10 10:03:48,713 INFO  client.GrpcClientProtocolClient (GrpcClientProtocolClient.java:onNext(255)) - client-3502B0E99E4B->68798575-c94b-44a6-b996-25df487e3c54: receive RaftClientReply:client-3502B0E99E4B->68798575-c94b-44a6-b996-25df487e3c54@group-48C576E544C9, cid=1598, SUCCESS, logIndex=2290, commits[68798575-c94b-44a6-b996-25df487e3c54:c2290, 9ec8ead9-888e-415b-b04c-32cd2c26f792:c2286, 84ef4577-07e0-4c8d-900e-d449eb7bf65d:c2286]
2019-07-10 10:03:48,715 INFO  client.GrpcClientProtocolClient (GrpcClientProtocolClient.java:onNext(255)) - client-3502B0E99E4B->68798575-c94b-44a6-b996-25df487e3c54: receive RaftClientReply:client-3502B0E99E4B->68798575-c94b-44a6-b996-25df487e3c54@group-48C576E544C9, cid=1599, SUCCESS, logIndex=0, commits[68798575-c94b-44a6-b996-25df487e3c54:c2292, 9ec8ead9-888e-415b-b04c-32cd2c26f792:c2290, 84ef4577-07e0-4c8d-900e-d449eb7bf65d:c2290]
2019-07-10 10:03:48,745 INFO  client.GrpcClientProtocolClient (GrpcClientProtocolClient.java:onNext(255)) - client-3502B0E99E4B->68798575-c94b-44a6-b996-25df487e3c54: receive RaftClientReply:client-3502B0E99E4B->68798575-c94b-44a6-b996-25df487e3c54@group-48C576E544C9, cid=1600, SUCCESS, logIndex=2293, commits[68798575-c94b-44a6-b996-25df487e3c54:c2294, 9ec8ead9-888e-415b-b04c-32cd2c26f792:c2292, 84ef4577-07e0-4c8d-900e-d449eb7bf65d:c2292]
2019-07-10 10:03:48,746 INFO  client.GrpcClientProtocolClient (GrpcClientProtocolClient.java:onNext(255)) - client-3502B0E99E4B->68798575-c94b-44a6-b996-25df487e3c54: receive RaftClientReply:client-3502B0E99E4B->68798575-c94b-44a6-b996-25df487e3c54@group-48C576E544C9, cid=1601, SUCCESS, logIndex=2294, commits[68798575-c94b-44a6-b996-25df487e3c54:c2294, 9ec8ead9-888e-415b-b04c-32cd2c26f792:c2292, 84ef4577-07e0-4c8d-900e-d449eb7bf65d:c2292]
2019-07-10 10:03:48,747 INFO  client.GrpcClientProtocolClient (GrpcClientProtocolClient.java:onNext(255)) - client-3502B0E99E4B->68798575-c94b-44a6-b996-25df487e3c54: receive RaftClientReply:client-3502B0E99E4B->68798575-c94b-44a6-b996-25df487e3c54@group-48C576E544C9, cid=1602, SUCCESS, logIndex=2295, commits[68798575-c94b-44a6-b996-25df487e3c54:c2296, 9ec8ead9-888e-415b-b04c-32cd2c26f792:c2292, 84ef4577-07e0-4c8d-900e-d449eb7bf65d:c2292]
2019-07-10 10:03:48,747 INFO  client.GrpcClientProtocolClient (GrpcClientProtocolClient.java:onNext(255)) - client-3502B0E99E4B->68798575-c94b-44a6-b996-25df487e3c54: receive RaftClientReply:client-3502B0E99E4B->68798575-c94b-44a6-b996-25df487e3c54@group-48C576E544C9, cid=1603, SUCCESS, logIndex=2296, commits[68798575-c94b-44a6-b996-25df487e3c54:c2296, 9ec8ead9-888e-415b-b04c-32cd2c26f792:c2292, 84ef4577-07e0-4c8d-900e-d449eb7bf65d:c2292]
2019-07-10 10:03:48,749 INFO  client.GrpcClientProtocolClient (GrpcClientProtocolClient.java:onNext(255)) - client-3502B0E99E4B->68798575-c94b-44a6-b996-25df487e3c54: receive RaftClientReply:client-3502B0E99E4B->68798575-c94b-44a6-b996-25df487e3c54@group-48C576E544C9, cid=1604, SUCCESS, logIndex=0, commits[68798575-c94b-44a6-b996-25df487e3c54:c2298, 9ec8ead9-888e-415b-b04c-32cd2c26f792:c2294, 84ef4577-07e0-4c8d-900e-d449eb7bf65d:c2294]
2019-07-10 10:03:48,769 INFO  client.GrpcClientProtocolClient (GrpcClientProtocolClient.java:onNext(255)) - client-3502B0E99E4B->68798575-c94b-44a6-b996-25df487e3c54: receive RaftClientReply:client-3502B0E99E4B->68798575-c94b-44a6-b996-25df487e3c54@group-48C576E544C9, cid=1605, SUCCESS, logIndex=2301, commits[68798575-c94b-44a6-b996-25df487e3c54:c2302, 9ec8ead9-888e-415b-b04c-32cd2c26f792:c2300, 84ef4577-07e0-4c8d-900e-d449eb7bf65d:c2300]
2019-07-10 10:03:48,769 INFO  client.GrpcClientProtocolClient (GrpcClientProtocolClient.java:onNext(255)) - client-3502B0E99E4B->68798575-c94b-44a6-b996-25df487e3c54: receive RaftClientReply:client-3502B0E99E4B->68798575-c94b-44a6-b996-25df487e3c54@group-48C576E544C9, cid=1606, SUCCESS, logIndex=2302, commits[68798575-c94b-44a6-b996-25df487e3c54:c2302, 9ec8ead9-888e-415b-b04c-32cd2c26f792:c2300, 84ef4577-07e0-4c8d-900e-d449eb7bf65d:c2300]
2019-07-10 10:03:48,782 INFO  client.GrpcClientProtocolClient (GrpcClientProtocolClient.java:onNext(255)) - client-3502B0E99E4B->68798575-c94b-44a6-b996-25df487e3c54: receive RaftClientReply:client-3502B0E99E4B->68798575-c94b-44a6-b996-25df487e3c54@group-48C576E544C9, cid=1607, SUCCESS, logIndex=2305, commits[68798575-c94b-44a6-b996-25df487e3c54:c2306, 9ec8ead9-888e-415b-b04c-32cd2c26f792:c2302, 84ef4577-07e0-4c8d-900e-d449eb7bf65d:c2302]
2019-07-10 10:03:48,783 INFO  client.GrpcClientProtocolClient (GrpcClientProtocolClient.java:onNext(255)) - client-3502B0E99E4B->68798575-c94b-44a6-b996-25df487e3c54: receive RaftClientReply:client-3502B0E99E4B->68798575-c94b-44a6-b996-25df487e3c54@group-48C576E544C9, cid=1608, SUCCESS, logIndex=2306, commits[68798575-c94b-44a6-b996-25df487e3c54:c2306, 9ec8ead9-888e-415b-b04c-32cd2c26f792:c2302, 84ef4577-07e0-4c8d-900e-d449eb7bf65d:c2302]
2019-07-10 10:03:48,796 INFO  client.GrpcClientProtocolClient (GrpcClientProtocolClient.java:onNext(255)) - client-3502B0E99E4B->68798575-c94b-44a6-b996-25df487e3c54: receive RaftClientReply:client-3502B0E99E4B->68798575-c94b-44a6-b996-25df487e3c54@group-48C576E544C9, cid=1609, SUCCESS, logIndex=0, commits[68798575-c94b-44a6-b996-25df487e3c54:c2307, 9ec8ead9-888e-415b-b04c-32cd2c26f792:c2306, 84ef4577-07e0-4c8d-900e-d449eb7bf65d:c2306]
2019-07-10 10:03:48,836 INFO  client.GrpcClientProtocolClient (GrpcClientProtocolClient.java:onNext(255)) - client-3502B0E99E4B->68798575-c94b-44a6-b996-25df487e3c54: receive RaftClientReply:client-3502B0E99E4B->68798575-c94b-44a6-b996-25df487e3c54@group-48C576E544C9, cid=1610, SUCCESS, logIndex=2309, commits[68798575-c94b-44a6-b996-25df487e3c54:c2310, 9ec8ead9-888e-415b-b04c-32cd2c26f792:c2308, 84ef4577-07e0-4c8d-900e-d449eb7bf65d:c2308]
2019-07-10 10:03:48,837 INFO  client.GrpcClientProtocolClient (GrpcClientProtocolClient.java:onNext(255)) - client-3502B0E99E4B->68798575-c94b-44a6-b996-25df487e3c54: receive RaftClientReply:client-3502B0E99E4B->68798575-c94b-44a6-b996-25df487e3c54@group-48C576E544C9, cid=1611, SUCCESS, logIndex=2310, commits[68798575-c94b-44a6-b996-25df487e3c54:c2310, 9ec8ead9-888e-415b-b04c-32cd2c26f792:c2308, 84ef4577-07e0-4c8d-900e-d449eb7bf65d:c2308]
2019-07-10 10:03:48,839 INFO  client.GrpcClientProtocolClient (GrpcClientProtocolClient.java:onNext(255)) - client-3502B0E99E4B->68798575-c94b-44a6-b996-25df487e3c54: receive RaftClientReply:client-3502B0E99E4B->68798575-c94b-44a6-b996-25df487e3c54@group-48C576E544C9, cid=1612, SUCCESS, logIndex=2311, commits[68798575-c94b-44a6-b996-25df487e3c54:c2312, 9ec8ead9-888e-415b-b04c-32cd2c26f792:c2308, 84ef4577-07e0-4c8d-900e-d449eb7bf65d:c2308]
2019-07-10 10:03:48,839 INFO  client.GrpcClientProtocolClient (GrpcClientProtocolClient.java:onNext(255)) - client-3502B0E99E4B->68798575-c94b-44a6-b996-25df487e3c54: receive RaftClientReply:client-3502B0E99E4B->68798575-c94b-44a6-b996-25df487e3c54@group-48C576E544C9, cid=1613, SUCCESS, logIndex=2312, commits[68798575-c94b-44a6-b996-25df487e3c54:c2312, 9ec8ead9-888e-415b-b04c-32cd2c26f792:c2308, 84ef4577-07e0-4c8d-900e-d449eb7bf65d:c2308]
2019-07-10 10:03:48,844 INFO  client.GrpcClientProtocolClient (GrpcClientProtocolClient.java:onNext(255)) - client-3502B0E99E4B->68798575-c94b-44a6-b996-25df487e3c54: receive RaftClientReply:client-3502B0E99E4B->68798575-c94b-44a6-b996-25df487e3c54@group-48C576E544C9, cid=1614, SUCCESS, logIndex=0, commits[68798575-c94b-44a6-b996-25df487e3c54:c2315, 9ec8ead9-888e-415b-b04c-32cd2c26f792:c2311, 84ef4577-07e0-4c8d-900e-d449eb7bf65d:c2310]
2019-07-10 10:03:48,976 INFO  client.GrpcClientProtocolClient (GrpcClientProtocolClient.java:onNext(255)) - client-3502B0E99E4B->68798575-c94b-44a6-b996-25df487e3c54: receive RaftClientReply:client-3502B0E99E4B->68798575-c94b-44a6-b996-25df487e3c54@group-48C576E544C9, cid=1615, SUCCESS, logIndex=2317, commits[68798575-c94b-44a6-b996-25df487e3c54:c2318, 9ec8ead9-888e-415b-b04c-32cd2c26f792:c2316, 84ef4577-07e0-4c8d-900e-d449eb7bf65d:c2316]
2019-07-10 10:03:48,976 INFO  client.GrpcClientProtocolClient (GrpcClientProtocolClient.java:onNext(255)) - client-3502B0E99E4B->68798575-c94b-44a6-b996-25df487e3c54: receive RaftClientReply:client-3502B0E99E4B->68798575-c94b-44a6-b996-25df487e3c54@group-48C576E544C9, cid=1616, SUCCESS, logIndex=2318, commits[68798575-c94b-44a6-b996-25df487e3c54:c2318, 9ec8ead9-888e-415b-b04c-32cd2c26f792:c2316, 84ef4577-07e0-4c8d-900e-d449eb7bf65d:c2316]
2019-07-10 10:03:49,001 INFO  client.GrpcClientProtocolClient (GrpcClientProtocolClient.java:onNext(255)) - client-3502B0E99E4B->68798575-c94b-44a6-b996-25df487e3c54: receive RaftClientReply:client-3502B0E99E4B->68798575-c94b-44a6-b996-25df487e3c54@group-48C576E544C9, cid=1617, SUCCESS, logIndex=2321, commits[68798575-c94b-44a6-b996-25df487e3c54:c2322, 9ec8ead9-888e-415b-b04c-32cd2c26f792:c2318, 84ef4577-07e0-4c8d-900e-d449eb7bf65d:c2317]
2019-07-10 10:03:49,001 INFO  client.GrpcClientProtocolClient (GrpcClientProtocolClient.java:onNext(255)) - client-3502B0E99E4B->68798575-c94b-44a6-b996-25df487e3c54: receive RaftClientReply:client-3502B0E99E4B->68798575-c94b-44a6-b996-25df487e3c54@group-48C576E544C9, cid=1618, SUCCESS, logIndex=2322, commits[68798575-c94b-44a6-b996-25df487e3c54:c2322, 9ec8ead9-888e-415b-b04c-32cd2c26f792:c2318, 84ef4577-07e0-4c8d-900e-d449eb7bf65d:c2318]
2019-07-10 10:03:49,003 INFO  client.GrpcClientProtocolClient (GrpcClientProtocolClient.java:onNext(255)) - client-3502B0E99E4B->68798575-c94b-44a6-b996-25df487e3c54: receive RaftClientReply:client-3502B0E99E4B->68798575-c94b-44a6-b996-25df487e3c54@group-48C576E544C9, cid=1619, SUCCESS, logIndex=0, commits[68798575-c94b-44a6-b996-25df487e3c54:c2323, 9ec8ead9-888e-415b-b04c-32cd2c26f792:c2322, 84ef4577-07e0-4c8d-900e-d449eb7bf65d:c2322]
2019-07-10 10:03:49,033 INFO  client.GrpcClientProtocolClient (GrpcClientProtocolClient.java:onNext(255)) - client-3502B0E99E4B->68798575-c94b-44a6-b996-25df487e3c54: receive RaftClientReply:client-3502B0E99E4B->68798575-c94b-44a6-b996-25df487e3c54@group-48C576E544C9, cid=1620, SUCCESS, logIndex=2325, commits[68798575-c94b-44a6-b996-25df487e3c54:c2326, 9ec8ead9-888e-415b-b04c-32cd2c26f792:c2324, 84ef4577-07e0-4c8d-900e-d449eb7bf65d:c2324]
2019-07-10 10:03:49,033 INFO  client.GrpcClientProtocolClient (GrpcClientProtocolClient.java:onNext(255)) - client-3502B0E99E4B->68798575-c94b-44a6-b996-25df487e3c54: receive RaftClientReply:client-3502B0E99E4B->68798575-c94b-44a6-b996-25df487e3c54@group-48C576E544C9, cid=1621, SUCCESS, logIndex=2326, commits[68798575-c94b-44a6-b996-25df487e3c54:c2326, 9ec8ead9-888e-415b-b04c-32cd2c26f792:c2324, 84ef4577-07e0-4c8d-900e-d449eb7bf65d:c2324]
2019-07-10 10:03:49,034 INFO  client.GrpcClientProtocolClient (GrpcClientProtocolClient.java:onNext(255)) - client-3502B0E99E4B->68798575-c94b-44a6-b996-25df487e3c54: receive RaftClientReply:client-3502B0E99E4B->68798575-c94b-44a6-b996-25df487e3c54@group-48C576E544C9, cid=1622, SUCCESS, logIndex=2327, commits[68798575-c94b-44a6-b996-25df487e3c54:c2328, 9ec8ead9-888e-415b-b04c-32cd2c26f792:c2324, 84ef4577-07e0-4c8d-900e-d449eb7bf65d:c2324]
2019-07-10 10:03:49,034 INFO  client.GrpcClientProtocolClient (GrpcClientProtocolClient.java:onNext(255)) - client-3502B0E99E4B->68798575-c94b-44a6-b996-25df487e3c54: receive RaftClientReply:client-3502B0E99E4B->68798575-c94b-44a6-b996-25df487e3c54@group-48C576E544C9, cid=1623, SUCCESS, logIndex=2328, commits[68798575-c94b-44a6-b996-25df487e3c54:c2328, 9ec8ead9-888e-415b-b04c-32cd2c26f792:c2324, 84ef4577-07e0-4c8d-900e-d449eb7bf65d:c2324]
2019-07-10 10:03:49,035 INFO  client.GrpcClientProtocolClient (GrpcClientProtocolClient.java:onNext(255)) - client-3502B0E99E4B->68798575-c94b-44a6-b996-25df487e3c54: receive RaftClientReply:client-3502B0E99E4B->68798575-c94b-44a6-b996-25df487e3c54@group-48C576E544C9, cid=1624, SUCCESS, logIndex=0, commits[68798575-c94b-44a6-b996-25df487e3c54:c2330, 9ec8ead9-888e-415b-b04c-32cd2c26f792:c2326, 84ef4577-07e0-4c8d-900e-d449eb7bf65d:c2326]
2019-07-10 10:03:49,056 INFO  client.GrpcClientProtocolClient (GrpcClientProtocolClient.java:onNext(255)) - client-3502B0E99E4B->68798575-c94b-44a6-b996-25df487e3c54: receive RaftClientReply:client-3502B0E99E4B->68798575-c94b-44a6-b996-25df487e3c54@group-48C576E544C9, cid=1625, SUCCESS, logIndex=2332, commits[68798575-c94b-44a6-b996-25df487e3c54:c2333, 9ec8ead9-888e-415b-b04c-32cd2c26f792:c2331, 84ef4577-07e0-4c8d-900e-d449eb7bf65d:c2331]
2019-07-10 10:03:49,056 INFO  client.GrpcClientProtocolClient (GrpcClientProtocolClient.java:onNext(255)) - client-3502B0E99E4B->68798575-c94b-44a6-b996-25df487e3c54: receive RaftClientReply:client-3502B0E99E4B->68798575-c94b-44a6-b996-25df487e3c54@group-48C576E544C9, cid=1626, SUCCESS, logIndex=2333, commits[68798575-c94b-44a6-b996-25df487e3c54:c2333, 9ec8ead9-888e-415b-b04c-32cd2c26f792:c2331, 84ef4577-07e0-4c8d-900e-d449eb7bf65d:c2331]
2019-07-10 10:03:49,072 INFO  client.GrpcClientProtocolClient (GrpcClientProtocolClient.java:onNext(255)) - client-3502B0E99E4B->68798575-c94b-44a6-b996-25df487e3c54: receive RaftClientReply:client-3502B0E99E4B->68798575-c94b-44a6-b996-25df487e3c54@group-48C576E544C9, cid=1627, SUCCESS, logIndex=2336, commits[68798575-c94b-44a6-b996-25df487e3c54:c2337, 9ec8ead9-888e-415b-b04c-32cd2c26f792:c2333, 84ef4577-07e0-4c8d-900e-d449eb7bf65d:c2333]
2019-07-10 10:03:49,072 INFO  client.GrpcClientProtocolClient (GrpcClientProtocolClient.java:onNext(255)) - client-3502B0E99E4B->68798575-c94b-44a6-b996-25df487e3c54: receive RaftClientReply:client-3502B0E99E4B->68798575-c94b-44a6-b996-25df487e3c54@group-48C576E544C9, cid=1628, SUCCESS, logIndex=2337, commits[68798575-c94b-44a6-b996-25df487e3c54:c2337, 9ec8ead9-888e-415b-b04c-32cd2c26f792:c2333, 84ef4577-07e0-4c8d-900e-d449eb7bf65d:c2333]
2019-07-10 10:03:49,084 INFO  client.GrpcClientProtocolClient (GrpcClientProtocolClient.java:onNext(255)) - client-3502B0E99E4B->68798575-c94b-44a6-b996-25df487e3c54: receive RaftClientReply:client-3502B0E99E4B->68798575-c94b-44a6-b996-25df487e3c54@group-48C576E544C9, cid=1629, SUCCESS, logIndex=0, commits[68798575-c94b-44a6-b996-25df487e3c54:c2339, 9ec8ead9-888e-415b-b04c-32cd2c26f792:c2337, 84ef4577-07e0-4c8d-900e-d449eb7bf65d:c2337]
2019-07-10 10:03:49,113 INFO  client.GrpcClientProtocolClient (GrpcClientProtocolClient.java:onNext(255)) - client-3502B0E99E4B->68798575-c94b-44a6-b996-25df487e3c54: receive RaftClientReply:client-3502B0E99E4B->68798575-c94b-44a6-b996-25df487e3c54@group-48C576E544C9, cid=1630, SUCCESS, logIndex=2340, commits[68798575-c94b-44a6-b996-25df487e3c54:c2341, 9ec8ead9-888e-415b-b04c-32cd2c26f792:c2339, 84ef4577-07e0-4c8d-900e-d449eb7bf65d:c2339]
2019-07-10 10:03:49,113 INFO  client.GrpcClientProtocolClient (GrpcClientProtocolClient.java:onNext(255)) - client-3502B0E99E4B->68798575-c94b-44a6-b996-25df487e3c54: receive RaftClientReply:client-3502B0E99E4B->68798575-c94b-44a6-b996-25df487e3c54@group-48C576E544C9, cid=1631, SUCCESS, logIndex=2341, commits[68798575-c94b-44a6-b996-25df487e3c54:c2341, 9ec8ead9-888e-415b-b04c-32cd2c26f792:c2339, 84ef4577-07e0-4c8d-900e-d449eb7bf65d:c2339]
2019-07-10 10:03:49,114 INFO  client.GrpcClientProtocolClient (GrpcClientProtocolClient.java:onNext(255)) - client-3502B0E99E4B->68798575-c94b-44a6-b996-25df487e3c54: receive RaftClientReply:client-3502B0E99E4B->68798575-c94b-44a6-b996-25df487e3c54@group-48C576E544C9, cid=1632, SUCCESS, logIndex=2342, commits[68798575-c94b-44a6-b996-25df487e3c54:c2342, 9ec8ead9-888e-415b-b04c-32cd2c26f792:c2339, 84ef4577-07e0-4c8d-900e-d449eb7bf65d:c2339]
2019-07-10 10:03:49,114 INFO  client.GrpcClientProtocolClient (GrpcClientProtocolClient.java:onNext(255)) - client-3502B0E99E4B->68798575-c94b-44a6-b996-25df487e3c54: receive RaftClientReply:client-3502B0E99E4B->68798575-c94b-44a6-b996-25df487e3c54@group-48C576E544C9, cid=1633, SUCCESS, logIndex=2343, commits[68798575-c94b-44a6-b996-25df487e3c54:c2343, 9ec8ead9-888e-415b-b04c-32cd2c26f792:c2339, 84ef4577-07e0-4c8d-900e-d449eb7bf65d:c2339]
2019-07-10 10:03:49,116 INFO  client.GrpcClientProtocolClient (GrpcClientProtocolClient.java:onNext(255)) - client-3502B0E99E4B->68798575-c94b-44a6-b996-25df487e3c54: receive RaftClientReply:client-3502B0E99E4B->68798575-c94b-44a6-b996-25df487e3c54@group-48C576E544C9, cid=1634, SUCCESS, logIndex=0, commits[68798575-c94b-44a6-b996-25df487e3c54:c2345, 9ec8ead9-888e-415b-b04c-32cd2c26f792:c2341, 84ef4577-07e0-4c8d-900e-d449eb7bf65d:c2341]
2019-07-10 10:03:49,135 INFO  client.GrpcClientProtocolClient (GrpcClientProtocolClient.java:onNext(255)) - client-3502B0E99E4B->68798575-c94b-44a6-b996-25df487e3c54: receive RaftClientReply:client-3502B0E99E4B->68798575-c94b-44a6-b996-25df487e3c54@group-48C576E544C9, cid=1635, SUCCESS, logIndex=2348, commits[68798575-c94b-44a6-b996-25df487e3c54:c2349, 9ec8ead9-888e-415b-b04c-32cd2c26f792:c2347, 84ef4577-07e0-4c8d-900e-d449eb7bf65d:c2347]
2019-07-10 10:03:49,136 INFO  client.GrpcClientProtocolClient (GrpcClientProtocolClient.java:onNext(255)) - client-3502B0E99E4B->68798575-c94b-44a6-b996-25df487e3c54: receive RaftClientReply:client-3502B0E99E4B->68798575-c94b-44a6-b996-25df487e3c54@group-48C576E544C9, cid=1636, SUCCESS, logIndex=2349, commits[68798575-c94b-44a6-b996-25df487e3c54:c2349, 9ec8ead9-888e-415b-b04c-32cd2c26f792:c2347, 84ef4577-07e0-4c8d-900e-d449eb7bf65d:c2347]
2019-07-10 10:03:49,149 INFO  client.GrpcClientProtocolClient (GrpcClientProtocolClient.java:onNext(255)) - client-3502B0E99E4B->68798575-c94b-44a6-b996-25df487e3c54: receive RaftClientReply:client-3502B0E99E4B->68798575-c94b-44a6-b996-25df487e3c54@group-48C576E544C9, cid=1637, SUCCESS, logIndex=2352, commits[68798575-c94b-44a6-b996-25df487e3c54:c2353, 9ec8ead9-888e-415b-b04c-32cd2c26f792:c2349, 84ef4577-07e0-4c8d-900e-d449eb7bf65d:c2349]
2019-07-10 10:03:49,149 INFO  client.GrpcClientProtocolClient (GrpcClientProtocolClient.java:onNext(255)) - client-3502B0E99E4B->68798575-c94b-44a6-b996-25df487e3c54: receive RaftClientReply:client-3502B0E99E4B->68798575-c94b-44a6-b996-25df487e3c54@group-48C576E544C9, cid=1638, SUCCESS, logIndex=2353, commits[68798575-c94b-44a6-b996-25df487e3c54:c2353, 9ec8ead9-888e-415b-b04c-32cd2c26f792:c2349, 84ef4577-07e0-4c8d-900e-d449eb7bf65d:c2349]
2019-07-10 10:03:49,162 INFO  client.GrpcClientProtocolClient (GrpcClientProtocolClient.java:onNext(255)) - client-3502B0E99E4B->68798575-c94b-44a6-b996-25df487e3c54: receive RaftClientReply:client-3502B0E99E4B->68798575-c94b-44a6-b996-25df487e3c54@group-48C576E544C9, cid=1639, SUCCESS, logIndex=0, commits[68798575-c94b-44a6-b996-25df487e3c54:c2355, 9ec8ead9-888e-415b-b04c-32cd2c26f792:c2353, 84ef4577-07e0-4c8d-900e-d449eb7bf65d:c2353]
2019-07-10 10:03:49,190 INFO  client.GrpcClientProtocolClient (GrpcClientProtocolClient.java:onNext(255)) - client-3502B0E99E4B->68798575-c94b-44a6-b996-25df487e3c54: receive RaftClientReply:client-3502B0E99E4B->68798575-c94b-44a6-b996-25df487e3c54@group-48C576E544C9, cid=1640, SUCCESS, logIndex=2356, commits[68798575-c94b-44a6-b996-25df487e3c54:c2357, 9ec8ead9-888e-415b-b04c-32cd2c26f792:c2355, 84ef4577-07e0-4c8d-900e-d449eb7bf65d:c2355]
2019-07-10 10:03:49,190 INFO  client.GrpcClientProtocolClient (GrpcClientProtocolClient.java:onNext(255)) - client-3502B0E99E4B->68798575-c94b-44a6-b996-25df487e3c54: receive RaftClientReply:client-3502B0E99E4B->68798575-c94b-44a6-b996-25df487e3c54@group-48C576E544C9, cid=1641, SUCCESS, logIndex=2357, commits[68798575-c94b-44a6-b996-25df487e3c54:c2359, 9ec8ead9-888e-415b-b04c-32cd2c26f792:c2355, 84ef4577-07e0-4c8d-900e-d449eb7bf65d:c2355]
2019-07-10 10:03:49,191 INFO  client.GrpcClientProtocolClient (GrpcClientProtocolClient.java:onNext(255)) - client-3502B0E99E4B->68798575-c94b-44a6-b996-25df487e3c54: receive RaftClientReply:client-3502B0E99E4B->68798575-c94b-44a6-b996-25df487e3c54@group-48C576E544C9, cid=1642, SUCCESS, logIndex=2358, commits[68798575-c94b-44a6-b996-25df487e3c54:c2359, 9ec8ead9-888e-415b-b04c-32cd2c26f792:c2355, 84ef4577-07e0-4c8d-900e-d449eb7bf65d:c2355]
2019-07-10 10:03:49,191 INFO  client.GrpcClientProtocolClient (GrpcClientProtocolClient.java:onNext(255)) - client-3502B0E99E4B->68798575-c94b-44a6-b996-25df487e3c54: receive RaftClientReply:client-3502B0E99E4B->68798575-c94b-44a6-b996-25df487e3c54@group-48C576E544C9, cid=1643, SUCCESS, logIndex=2359, commits[68798575-c94b-44a6-b996-25df487e3c54:c2359, 9ec8ead9-888e-415b-b04c-32cd2c26f792:c2355, 84ef4577-07e0-4c8d-900e-d449eb7bf65d:c2355]
2019-07-10 10:03:49,192 INFO  client.GrpcClientProtocolClient (GrpcClientProtocolClient.java:onNext(255)) - client-3502B0E99E4B->68798575-c94b-44a6-b996-25df487e3c54: receive RaftClientReply:client-3502B0E99E4B->68798575-c94b-44a6-b996-25df487e3c54@group-48C576E544C9, cid=1644, SUCCESS, logIndex=0, commits[68798575-c94b-44a6-b996-25df487e3c54:c2361, 9ec8ead9-888e-415b-b04c-32cd2c26f792:c2357, 84ef4577-07e0-4c8d-900e-d449eb7bf65d:c2357]
2019-07-10 10:03:49,218 INFO  client.GrpcClientProtocolClient (GrpcClientProtocolClient.java:onNext(255)) - client-3502B0E99E4B->68798575-c94b-44a6-b996-25df487e3c54: receive RaftClientReply:client-3502B0E99E4B->68798575-c94b-44a6-b996-25df487e3c54@group-48C576E544C9, cid=1645, SUCCESS, logIndex=2364, commits[68798575-c94b-44a6-b996-25df487e3c54:c2365, 9ec8ead9-888e-415b-b04c-32cd2c26f792:c2363, 84ef4577-07e0-4c8d-900e-d449eb7bf65d:c2363]
2019-07-10 10:03:49,218 INFO  client.GrpcClientProtocolClient (GrpcClientProtocolClient.java:onNext(255)) - client-3502B0E99E4B->68798575-c94b-44a6-b996-25df487e3c54: receive RaftClientReply:client-3502B0E99E4B->68798575-c94b-44a6-b996-25df487e3c54@group-48C576E544C9, cid=1646, SUCCESS, logIndex=2365, commits[68798575-c94b-44a6-b996-25df487e3c54:c2365, 9ec8ead9-888e-415b-b04c-32cd2c26f792:c2363, 84ef4577-07e0-4c8d-900e-d449eb7bf65d:c2363]
2019-07-10 10:03:49,231 INFO  client.GrpcClientProtocolClient (GrpcClientProtocolClient.java:onNext(255)) - client-3502B0E99E4B->68798575-c94b-44a6-b996-25df487e3c54: receive RaftClientReply:client-3502B0E99E4B->68798575-c94b-44a6-b996-25df487e3c54@group-48C576E544C9, cid=1647, SUCCESS, logIndex=2368, commits[68798575-c94b-44a6-b996-25df487e3c54:c2369, 9ec8ead9-888e-415b-b04c-32cd2c26f792:c2365, 84ef4577-07e0-4c8d-900e-d449eb7bf65d:c2365]
2019-07-10 10:03:49,232 INFO  client.GrpcClientProtocolClient (GrpcClientProtocolClient.java:onNext(255)) - client-3502B0E99E4B->68798575-c94b-44a6-b996-25df487e3c54: receive RaftClientReply:client-3502B0E99E4B->68798575-c94b-44a6-b996-25df487e3c54@group-48C576E544C9, cid=1648, SUCCESS, logIndex=2369, commits[68798575-c94b-44a6-b996-25df487e3c54:c2369, 9ec8ead9-888e-415b-b04c-32cd2c26f792:c2365, 84ef4577-07e0-4c8d-900e-d449eb7bf65d:c2365]
2019-07-10 10:03:49,245 INFO  client.GrpcClientProtocolClient (GrpcClientProtocolClient.java:onNext(255)) - client-3502B0E99E4B->68798575-c94b-44a6-b996-25df487e3c54: receive RaftClientReply:client-3502B0E99E4B->68798575-c94b-44a6-b996-25df487e3c54@group-48C576E544C9, cid=1649, SUCCESS, logIndex=0, commits[68798575-c94b-44a6-b996-25df487e3c54:c2370, 9ec8ead9-888e-415b-b04c-32cd2c26f792:c2369, 84ef4577-07e0-4c8d-900e-d449eb7bf65d:c2369]
2019-07-10 10:03:49,273 INFO  client.GrpcClientProtocolClient (GrpcClientProtocolClient.java:onNext(255)) - client-3502B0E99E4B->68798575-c94b-44a6-b996-25df487e3c54: receive RaftClientReply:client-3502B0E99E4B->68798575-c94b-44a6-b996-25df487e3c54@group-48C576E544C9, cid=1650, SUCCESS, logIndex=2372, commits[68798575-c94b-44a6-b996-25df487e3c54:c2373, 9ec8ead9-888e-415b-b04c-32cd2c26f792:c2371, 84ef4577-07e0-4c8d-900e-d449eb7bf65d:c2371]
2019-07-10 10:03:49,273 INFO  client.GrpcClientProtocolClient (GrpcClientProtocolClient.java:onNext(255)) - client-3502B0E99E4B->68798575-c94b-44a6-b996-25df487e3c54: receive RaftClientReply:client-3502B0E99E4B->68798575-c94b-44a6-b996-25df487e3c54@group-48C576E544C9, cid=1651, SUCCESS, logIndex=2373, commits[68798575-c94b-44a6-b996-25df487e3c54:c2373, 9ec8ead9-888e-415b-b04c-32cd2c26f792:c2371, 84ef4577-07e0-4c8d-900e-d449eb7bf65d:c2371]
2019-07-10 10:03:49,274 INFO  client.GrpcClientProtocolClient (GrpcClientProtocolClient.java:onNext(255)) - client-3502B0E99E4B->68798575-c94b-44a6-b996-25df487e3c54: receive RaftClientReply:client-3502B0E99E4B->68798575-c94b-44a6-b996-25df487e3c54@group-48C576E544C9, cid=1652, SUCCESS, logIndex=2374, commits[68798575-c94b-44a6-b996-25df487e3c54:c2375, 9ec8ead9-888e-415b-b04c-32cd2c26f792:c2371, 84ef4577-07e0-4c8d-900e-d449eb7bf65d:c2371]
2019-07-10 10:03:49,274 INFO  client.GrpcClientProtocolClient (GrpcClientProtocolClient.java:onNext(255)) - client-3502B0E99E4B->68798575-c94b-44a6-b996-25df487e3c54: receive RaftClientReply:client-3502B0E99E4B->68798575-c94b-44a6-b996-25df487e3c54@group-48C576E544C9, cid=1653, SUCCESS, logIndex=2375, commits[68798575-c94b-44a6-b996-25df487e3c54:c2375, 9ec8ead9-888e-415b-b04c-32cd2c26f792:c2371, 84ef4577-07e0-4c8d-900e-d449eb7bf65d:c2371]
2019-07-10 10:03:49,276 INFO  client.GrpcClientProtocolClient (GrpcClientProtocolClient.java:onNext(255)) - client-3502B0E99E4B->68798575-c94b-44a6-b996-25df487e3c54: receive RaftClientReply:client-3502B0E99E4B->68798575-c94b-44a6-b996-25df487e3c54@group-48C576E544C9, cid=1654, SUCCESS, logIndex=0, commits[68798575-c94b-44a6-b996-25df487e3c54:c2377, 9ec8ead9-888e-415b-b04c-32cd2c26f792:c2373, 84ef4577-07e0-4c8d-900e-d449eb7bf65d:c2373]
2019-07-10 10:03:49,295 INFO  client.GrpcClientProtocolClient (GrpcClientProtocolClient.java:onNext(255)) - client-3502B0E99E4B->68798575-c94b-44a6-b996-25df487e3c54: receive RaftClientReply:client-3502B0E99E4B->68798575-c94b-44a6-b996-25df487e3c54@group-48C576E544C9, cid=1655, SUCCESS, logIndex=2380, commits[68798575-c94b-44a6-b996-25df487e3c54:c2381, 9ec8ead9-888e-415b-b04c-32cd2c26f792:c2379, 84ef4577-07e0-4c8d-900e-d449eb7bf65d:c2379]
2019-07-10 10:03:49,296 INFO  client.GrpcClientProtocolClient (GrpcClientProtocolClient.java:onNext(255)) - client-3502B0E99E4B->68798575-c94b-44a6-b996-25df487e3c54: receive RaftClientReply:client-3502B0E99E4B->68798575-c94b-44a6-b996-25df487e3c54@group-48C576E544C9, cid=1656, SUCCESS, logIndex=2381, commits[68798575-c94b-44a6-b996-25df487e3c54:c2381, 9ec8ead9-888e-415b-b04c-32cd2c26f792:c2379, 84ef4577-07e0-4c8d-900e-d449eb7bf65d:c2379]
2019-07-10 10:03:49,308 INFO  client.GrpcClientProtocolClient (GrpcClientProtocolClient.java:onNext(255)) - client-3502B0E99E4B->68798575-c94b-44a6-b996-25df487e3c54: receive RaftClientReply:client-3502B0E99E4B->68798575-c94b-44a6-b996-25df487e3c54@group-48C576E544C9, cid=1657, SUCCESS, logIndex=2384, commits[68798575-c94b-44a6-b996-25df487e3c54:c2385, 9ec8ead9-888e-415b-b04c-32cd2c26f792:c2381, 84ef4577-07e0-4c8d-900e-d449eb7bf65d:c2381]
2019-07-10 10:03:49,309 INFO  client.GrpcClientProtocolClient (GrpcClientProtocolClient.java:onNext(255)) - client-3502B0E99E4B->68798575-c94b-44a6-b996-25df487e3c54: receive RaftClientReply:client-3502B0E99E4B->68798575-c94b-44a6-b996-25df487e3c54@group-48C576E544C9, cid=1658, SUCCESS, logIndex=2385, commits[68798575-c94b-44a6-b996-25df487e3c54:c2385, 9ec8ead9-888e-415b-b04c-32cd2c26f792:c2381, 84ef4577-07e0-4c8d-900e-d449eb7bf65d:c2381]
2019-07-10 10:03:49,321 INFO  client.GrpcClientProtocolClient (GrpcClientProtocolClient.java:onNext(255)) - client-3502B0E99E4B->68798575-c94b-44a6-b996-25df487e3c54: receive RaftClientReply:client-3502B0E99E4B->68798575-c94b-44a6-b996-25df487e3c54@group-48C576E544C9, cid=1659, SUCCESS, logIndex=0, commits[68798575-c94b-44a6-b996-25df487e3c54:c2387, 9ec8ead9-888e-415b-b04c-32cd2c26f792:c2385, 84ef4577-07e0-4c8d-900e-d449eb7bf65d:c2385]
2019-07-10 10:03:49,346 INFO  client.GrpcClientProtocolClient (GrpcClientProtocolClient.java:onNext(255)) - client-3502B0E99E4B->68798575-c94b-44a6-b996-25df487e3c54: receive RaftClientReply:client-3502B0E99E4B->68798575-c94b-44a6-b996-25df487e3c54@group-48C576E544C9, cid=1660, SUCCESS, logIndex=2388, commits[68798575-c94b-44a6-b996-25df487e3c54:c2389, 9ec8ead9-888e-415b-b04c-32cd2c26f792:c2387, 84ef4577-07e0-4c8d-900e-d449eb7bf65d:c2387]
2019-07-10 10:03:49,347 INFO  client.GrpcClientProtocolClient (GrpcClientProtocolClient.java:onNext(255)) - client-3502B0E99E4B->68798575-c94b-44a6-b996-25df487e3c54: receive RaftClientReply:client-3502B0E99E4B->68798575-c94b-44a6-b996-25df487e3c54@group-48C576E544C9, cid=1661, SUCCESS, logIndex=2389, commits[68798575-c94b-44a6-b996-25df487e3c54:c2389, 9ec8ead9-888e-415b-b04c-32cd2c26f792:c2387, 84ef4577-07e0-4c8d-900e-d449eb7bf65d:c2387]
2019-07-10 10:03:49,347 INFO  client.GrpcClientProtocolClient (GrpcClientProtocolClient.java:onNext(255)) - client-3502B0E99E4B->68798575-c94b-44a6-b996-25df487e3c54: receive RaftClientReply:client-3502B0E99E4B->68798575-c94b-44a6-b996-25df487e3c54@group-48C576E544C9, cid=1662, SUCCESS, logIndex=2390, commits[68798575-c94b-44a6-b996-25df487e3c54:c2390, 9ec8ead9-888e-415b-b04c-32cd2c26f792:c2387, 84ef4577-07e0-4c8d-900e-d449eb7bf65d:c2387]
2019-07-10 10:03:49,348 INFO  client.GrpcClientProtocolClient (GrpcClientProtocolClient.java:onNext(255)) - client-3502B0E99E4B->68798575-c94b-44a6-b996-25df487e3c54: receive RaftClientReply:client-3502B0E99E4B->68798575-c94b-44a6-b996-25df487e3c54@group-48C576E544C9, cid=1663, SUCCESS, logIndex=2391, commits[68798575-c94b-44a6-b996-25df487e3c54:c2391, 9ec8ead9-888e-415b-b04c-32cd2c26f792:c2387, 84ef4577-07e0-4c8d-900e-d449eb7bf65d:c2387]
2019-07-10 10:03:49,349 INFO  client.GrpcClientProtocolClient (GrpcClientProtocolClient.java:onNext(255)) - client-3502B0E99E4B->68798575-c94b-44a6-b996-25df487e3c54: receive RaftClientReply:client-3502B0E99E4B->68798575-c94b-44a6-b996-25df487e3c54@group-48C576E544C9, cid=1664, SUCCESS, logIndex=0, commits[68798575-c94b-44a6-b996-25df487e3c54:c2393, 9ec8ead9-888e-415b-b04c-32cd2c26f792:c2389, 84ef4577-07e0-4c8d-900e-d449eb7bf65d:c2389]
2019-07-10 10:03:49,383 INFO  client.GrpcClientProtocolClient (GrpcClientProtocolClient.java:onNext(255)) - client-3502B0E99E4B->68798575-c94b-44a6-b996-25df487e3c54: receive RaftClientReply:client-3502B0E99E4B->68798575-c94b-44a6-b996-25df487e3c54@group-48C576E544C9, cid=1665, SUCCESS, logIndex=2396, commits[68798575-c94b-44a6-b996-25df487e3c54:c2397, 9ec8ead9-888e-415b-b04c-32cd2c26f792:c2395, 84ef4577-07e0-4c8d-900e-d449eb7bf65d:c2395]
2019-07-10 10:03:49,383 INFO  client.GrpcClientProtocolClient (GrpcClientProtocolClient.java:onNext(255)) - client-3502B0E99E4B->68798575-c94b-44a6-b996-25df487e3c54: receive RaftClientReply:client-3502B0E99E4B->68798575-c94b-44a6-b996-25df487e3c54@group-48C576E544C9, cid=1666, SUCCESS, logIndex=2397, commits[68798575-c94b-44a6-b996-25df487e3c54:c2397, 9ec8ead9-888e-415b-b04c-32cd2c26f792:c2395, 84ef4577-07e0-4c8d-900e-d449eb7bf65d:c2395]
2019-07-10 10:03:49,407 INFO  client.GrpcClientProtocolClient (GrpcClientProtocolClient.java:onNext(255)) - client-3502B0E99E4B->68798575-c94b-44a6-b996-25df487e3c54: receive RaftClientReply:client-3502B0E99E4B->68798575-c94b-44a6-b996-25df487e3c54@group-48C576E544C9, cid=1667, SUCCESS, logIndex=2400, commits[68798575-c94b-44a6-b996-25df487e3c54:c2401, 9ec8ead9-888e-415b-b04c-32cd2c26f792:c2397, 84ef4577-07e0-4c8d-900e-d449eb7bf65d:c2397]
2019-07-10 10:03:49,408 INFO  client.GrpcClientProtocolClient (GrpcClientProtocolClient.java:onNext(255)) - client-3502B0E99E4B->68798575-c94b-44a6-b996-25df487e3c54: receive RaftClientReply:client-3502B0E99E4B->68798575-c94b-44a6-b996-25df487e3c54@group-48C576E544C9, cid=1668, SUCCESS, logIndex=2401, commits[68798575-c94b-44a6-b996-25df487e3c54:c2401, 9ec8ead9-888e-415b-b04c-32cd2c26f792:c2397, 84ef4577-07e0-4c8d-900e-d449eb7bf65d:c2397]
2019-07-10 10:03:49,411 INFO  client.GrpcClientProtocolClient (GrpcClientProtocolClient.java:onNext(255)) - client-3502B0E99E4B->68798575-c94b-44a6-b996-25df487e3c54: receive RaftClientReply:client-3502B0E99E4B->68798575-c94b-44a6-b996-25df487e3c54@group-48C576E544C9, cid=1669, SUCCESS, logIndex=0, commits[68798575-c94b-44a6-b996-25df487e3c54:c2403, 9ec8ead9-888e-415b-b04c-32cd2c26f792:c2401, 84ef4577-07e0-4c8d-900e-d449eb7bf65d:c2401]
2019-07-10 10:03:49,438 INFO  client.GrpcClientProtocolClient (GrpcClientProtocolClient.java:onNext(255)) - client-3502B0E99E4B->68798575-c94b-44a6-b996-25df487e3c54: receive RaftClientReply:client-3502B0E99E4B->68798575-c94b-44a6-b996-25df487e3c54@group-48C576E544C9, cid=1670, SUCCESS, logIndex=2404, commits[68798575-c94b-44a6-b996-25df487e3c54:c2405, 9ec8ead9-888e-415b-b04c-32cd2c26f792:c2403, 84ef4577-07e0-4c8d-900e-d449eb7bf65d:c2403]
2019-07-10 10:03:49,439 INFO  client.GrpcClientProtocolClient (GrpcClientProtocolClient.java:onNext(255)) - client-3502B0E99E4B->68798575-c94b-44a6-b996-25df487e3c54: receive RaftClientReply:client-3502B0E99E4B->68798575-c94b-44a6-b996-25df487e3c54@group-48C576E544C9, cid=1671, SUCCESS, logIndex=2405, commits[68798575-c94b-44a6-b996-25df487e3c54:c2407, 9ec8ead9-888e-415b-b04c-32cd2c26f792:c2403, 84ef4577-07e0-4c8d-900e-d449eb7bf65d:c2403]
2019-07-10 10:03:49,439 INFO  client.GrpcClientProtocolClient (GrpcClientProtocolClient.java:onNext(255)) - client-3502B0E99E4B->68798575-c94b-44a6-b996-25df487e3c54: receive RaftClientReply:client-3502B0E99E4B->68798575-c94b-44a6-b996-25df487e3c54@group-48C576E544C9, cid=1672, SUCCESS, logIndex=2406, commits[68798575-c94b-44a6-b996-25df487e3c54:c2407, 9ec8ead9-888e-415b-b04c-32cd2c26f792:c2403, 84ef4577-07e0-4c8d-900e-d449eb7bf65d:c2403]
2019-07-10 10:03:49,439 INFO  client.GrpcClientProtocolClient (GrpcClientProtocolClient.java:onNext(255)) - client-3502B0E99E4B->68798575-c94b-44a6-b996-25df487e3c54: receive RaftClientReply:client-3502B0E99E4B->68798575-c94b-44a6-b996-25df487e3c54@group-48C576E544C9, cid=1673, SUCCESS, logIndex=2407, commits[68798575-c94b-44a6-b996-25df487e3c54:c2407, 9ec8ead9-888e-415b-b04c-32cd2c26f792:c2403, 84ef4577-07e0-4c8d-900e-d449eb7bf65d:c2403]
2019-07-10 10:03:49,442 INFO  client.GrpcClientProtocolClient (GrpcClientProtocolClient.java:onNext(255)) - client-3502B0E99E4B->68798575-c94b-44a6-b996-25df487e3c54: receive RaftClientReply:client-3502B0E99E4B->68798575-c94b-44a6-b996-25df487e3c54@group-48C576E544C9, cid=1674, SUCCESS, logIndex=0, commits[68798575-c94b-44a6-b996-25df487e3c54:c2411, 9ec8ead9-888e-415b-b04c-32cd2c26f792:c2405, 84ef4577-07e0-4c8d-900e-d449eb7bf65d:c2407]
2019-07-10 10:03:49,460 INFO  client.GrpcClientProtocolClient (GrpcClientProtocolClient.java:onNext(255)) - client-3502B0E99E4B->68798575-c94b-44a6-b996-25df487e3c54: receive RaftClientReply:client-3502B0E99E4B->68798575-c94b-44a6-b996-25df487e3c54@group-48C576E544C9, cid=1675, SUCCESS, logIndex=2412, commits[68798575-c94b-44a6-b996-25df487e3c54:c2413, 9ec8ead9-888e-415b-b04c-32cd2c26f792:c2411, 84ef4577-07e0-4c8d-900e-d449eb7bf65d:c2411]
2019-07-10 10:03:49,461 INFO  client.GrpcClientProtocolClient (GrpcClientProtocolClient.java:onNext(255)) - client-3502B0E99E4B->68798575-c94b-44a6-b996-25df487e3c54: receive RaftClientReply:client-3502B0E99E4B->68798575-c94b-44a6-b996-25df487e3c54@group-48C576E544C9, cid=1676, SUCCESS, logIndex=2413, commits[68798575-c94b-44a6-b996-25df487e3c54:c2413, 9ec8ead9-888e-415b-b04c-32cd2c26f792:c2411, 84ef4577-07e0-4c8d-900e-d449eb7bf65d:c2411]
2019-07-10 10:03:49,482 INFO  client.GrpcClientProtocolClient (GrpcClientProtocolClient.java:onNext(255)) - client-3502B0E99E4B->68798575-c94b-44a6-b996-25df487e3c54: receive RaftClientReply:client-3502B0E99E4B->68798575-c94b-44a6-b996-25df487e3c54@group-48C576E544C9, cid=1677, SUCCESS, logIndex=2416, commits[68798575-c94b-44a6-b996-25df487e3c54:c2417, 9ec8ead9-888e-415b-b04c-32cd2c26f792:c2413, 84ef4577-07e0-4c8d-900e-d449eb7bf65d:c2413]
2019-07-10 10:03:49,482 INFO  client.GrpcClientProtocolClient (GrpcClientProtocolClient.java:onNext(255)) - client-3502B0E99E4B->68798575-c94b-44a6-b996-25df487e3c54: receive RaftClientReply:client-3502B0E99E4B->68798575-c94b-44a6-b996-25df487e3c54@group-48C576E544C9, cid=1678, SUCCESS, logIndex=2417, commits[68798575-c94b-44a6-b996-25df487e3c54:c2417, 9ec8ead9-888e-415b-b04c-32cd2c26f792:c2413, 84ef4577-07e0-4c8d-900e-d449eb7bf65d:c2413]
2019-07-10 10:03:49,487 INFO  client.GrpcClientProtocolClient (GrpcClientProtocolClient.java:onNext(255)) - client-3502B0E99E4B->68798575-c94b-44a6-b996-25df487e3c54: receive RaftClientReply:client-3502B0E99E4B->68798575-c94b-44a6-b996-25df487e3c54@group-48C576E544C9, cid=1679, SUCCESS, logIndex=0, commits[68798575-c94b-44a6-b996-25df487e3c54:c2419, 9ec8ead9-888e-415b-b04c-32cd2c26f792:c2417, 84ef4577-07e0-4c8d-900e-d449eb7bf65d:c2417]
2019-07-10 10:03:49,510 INFO  client.GrpcClientProtocolClient (GrpcClientProtocolClient.java:onNext(255)) - client-3502B0E99E4B->68798575-c94b-44a6-b996-25df487e3c54: receive RaftClientReply:client-3502B0E99E4B->68798575-c94b-44a6-b996-25df487e3c54@group-48C576E544C9, cid=1680, SUCCESS, logIndex=2420, commits[68798575-c94b-44a6-b996-25df487e3c54:c2421, 9ec8ead9-888e-415b-b04c-32cd2c26f792:c2419, 84ef4577-07e0-4c8d-900e-d449eb7bf65d:c2419]
2019-07-10 10:03:49,510 INFO  client.GrpcClientProtocolClient (GrpcClientProtocolClient.java:onNext(255)) - client-3502B0E99E4B->68798575-c94b-44a6-b996-25df487e3c54: receive RaftClientReply:client-3502B0E99E4B->68798575-c94b-44a6-b996-25df487e3c54@group-48C576E544C9, cid=1681, SUCCESS, logIndex=2421, commits[68798575-c94b-44a6-b996-25df487e3c54:c2421, 9ec8ead9-888e-415b-b04c-32cd2c26f792:c2419, 84ef4577-07e0-4c8d-900e-d449eb7bf65d:c2419]
2019-07-10 10:03:49,511 INFO  client.GrpcClientProtocolClient (GrpcClientProtocolClient.java:onNext(255)) - client-3502B0E99E4B->68798575-c94b-44a6-b996-25df487e3c54: receive RaftClientReply:client-3502B0E99E4B->68798575-c94b-44a6-b996-25df487e3c54@group-48C576E544C9, cid=1682, SUCCESS, logIndex=2422, commits[68798575-c94b-44a6-b996-25df487e3c54:c2423, 9ec8ead9-888e-415b-b04c-32cd2c26f792:c2419, 84ef4577-07e0-4c8d-900e-d449eb7bf65d:c2419]
2019-07-10 10:03:49,511 INFO  client.GrpcClientProtocolClient (GrpcClientProtocolClient.java:onNext(255)) - client-3502B0E99E4B->68798575-c94b-44a6-b996-25df487e3c54: receive RaftClientReply:client-3502B0E99E4B->68798575-c94b-44a6-b996-25df487e3c54@group-48C576E544C9, cid=1683, SUCCESS, logIndex=2423, commits[68798575-c94b-44a6-b996-25df487e3c54:c2423, 9ec8ead9-888e-415b-b04c-32cd2c26f792:c2419, 84ef4577-07e0-4c8d-900e-d449eb7bf65d:c2419]
2019-07-10 10:03:49,513 INFO  client.GrpcClientProtocolClient (GrpcClientProtocolClient.java:onNext(255)) - client-3502B0E99E4B->68798575-c94b-44a6-b996-25df487e3c54: receive RaftClientReply:client-3502B0E99E4B->68798575-c94b-44a6-b996-25df487e3c54@group-48C576E544C9, cid=1684, SUCCESS, logIndex=0, commits[68798575-c94b-44a6-b996-25df487e3c54:c2427, 9ec8ead9-888e-415b-b04c-32cd2c26f792:c2421, 84ef4577-07e0-4c8d-900e-d449eb7bf65d:c2423]
 0.00% |█                                                                                                    |  0/1 Time: 0:00:132019-07-10 10:03:49,629 INFO  client.GrpcClientProtocolClient (GrpcClientProtocolClient.java:onNext(255)) - client-3502B0E99E4B->68798575-c94b-44a6-b996-25df487e3c54: receive RaftClientReply:client-3502B0E99E4B->68798575-c94b-44a6-b996-25df487e3c54@group-48C576E544C9, cid=1685, SUCCESS, logIndex=2428, commits[68798575-c94b-44a6-b996-25df487e3c54:c2429, 9ec8ead9-888e-415b-b04c-32cd2c26f792:c2427, 84ef4577-07e0-4c8d-900e-d449eb7bf65d:c2427]
2019-07-10 10:03:49,630 INFO  client.GrpcClientProtocolClient (GrpcClientProtocolClient.java:onNext(255)) - client-3502B0E99E4B->68798575-c94b-44a6-b996-25df487e3c54: receive RaftClientReply:client-3502B0E99E4B->68798575-c94b-44a6-b996-25df487e3c54@group-48C576E544C9, cid=1686, SUCCESS, logIndex=2429, commits[68798575-c94b-44a6-b996-25df487e3c54:c2429, 9ec8ead9-888e-415b-b04c-32cd2c26f792:c2427, 84ef4577-07e0-4c8d-900e-d449eb7bf65d:c2427]
2019-07-10 10:03:49,653 INFO  client.GrpcClientProtocolClient (GrpcClientProtocolClient.java:onNext(255)) - client-3502B0E99E4B->68798575-c94b-44a6-b996-25df487e3c54: receive RaftClientReply:client-3502B0E99E4B->68798575-c94b-44a6-b996-25df487e3c54@group-48C576E544C9, cid=1687, SUCCESS, logIndex=2432, commits[68798575-c94b-44a6-b996-25df487e3c54:c2433, 9ec8ead9-888e-415b-b04c-32cd2c26f792:c2429, 84ef4577-07e0-4c8d-900e-d449eb7bf65d:c2429]
2019-07-10 10:03:49,653 INFO  client.GrpcClientProtocolClient (GrpcClientProtocolClient.java:onNext(255)) - client-3502B0E99E4B->68798575-c94b-44a6-b996-25df487e3c54: receive RaftClientReply:client-3502B0E99E4B->68798575-c94b-44a6-b996-25df487e3c54@group-48C576E544C9, cid=1688, SUCCESS, logIndex=2433, commits[68798575-c94b-44a6-b996-25df487e3c54:c2433, 9ec8ead9-888e-415b-b04c-32cd2c26f792:c2429, 84ef4577-07e0-4c8d-900e-d449eb7bf65d:c2429]
2019-07-10 10:03:49,655 INFO  client.GrpcClientProtocolClient (GrpcClientProtocolClient.java:onNext(255)) - client-3502B0E99E4B->68798575-c94b-44a6-b996-25df487e3c54: receive RaftClientReply:client-3502B0E99E4B->68798575-c94b-44a6-b996-25df487e3c54@group-48C576E544C9, cid=1689, SUCCESS, logIndex=0, commits[68798575-c94b-44a6-b996-25df487e3c54:c2434, 9ec8ead9-888e-415b-b04c-32cd2c26f792:c2433, 84ef4577-07e0-4c8d-900e-d449eb7bf65d:c2433]
2019-07-10 10:03:49,684 INFO  client.GrpcClientProtocolClient (GrpcClientProtocolClient.java:onNext(255)) - client-3502B0E99E4B->68798575-c94b-44a6-b996-25df487e3c54: receive RaftClientReply:client-3502B0E99E4B->68798575-c94b-44a6-b996-25df487e3c54@group-48C576E544C9, cid=1690, SUCCESS, logIndex=2436, commits[68798575-c94b-44a6-b996-25df487e3c54:c2437, 9ec8ead9-888e-415b-b04c-32cd2c26f792:c2435, 84ef4577-07e0-4c8d-900e-d449eb7bf65d:c2435]
2019-07-10 10:03:49,684 INFO  client.GrpcClientProtocolClient (GrpcClientProtocolClient.java:onNext(255)) - client-3502B0E99E4B->68798575-c94b-44a6-b996-25df487e3c54: receive RaftClientReply:client-3502B0E99E4B->68798575-c94b-44a6-b996-25df487e3c54@group-48C576E544C9, cid=1691, SUCCESS, logIndex=2437, commits[68798575-c94b-44a6-b996-25df487e3c54:c2437, 9ec8ead9-888e-415b-b04c-32cd2c26f792:c2435, 84ef4577-07e0-4c8d-900e-d449eb7bf65d:c2435]
2019-07-10 10:03:49,685 INFO  client.GrpcClientProtocolClient (GrpcClientProtocolClient.java:onNext(255)) - client-3502B0E99E4B->68798575-c94b-44a6-b996-25df487e3c54: receive RaftClientReply:client-3502B0E99E4B->68798575-c94b-44a6-b996-25df487e3c54@group-48C576E544C9, cid=1692, SUCCESS, logIndex=2438, commits[68798575-c94b-44a6-b996-25df487e3c54:c2438, 9ec8ead9-888e-415b-b04c-32cd2c26f792:c2435, 84ef4577-07e0-4c8d-900e-d449eb7bf65d:c2435]
2019-07-10 10:03:49,685 INFO  client.GrpcClientProtocolClient (GrpcClientProtocolClient.java:onNext(255)) - client-3502B0E99E4B->68798575-c94b-44a6-b996-25df487e3c54: receive RaftClientReply:client-3502B0E99E4B->68798575-c94b-44a6-b996-25df487e3c54@group-48C576E544C9, cid=1693, SUCCESS, logIndex=2439, commits[68798575-c94b-44a6-b996-25df487e3c54:c2439, 9ec8ead9-888e-415b-b04c-32cd2c26f792:c2435, 84ef4577-07e0-4c8d-900e-d449eb7bf65d:c2435]
2019-07-10 10:03:49,686 INFO  client.GrpcClientProtocolClient (GrpcClientProtocolClient.java:onNext(255)) - client-3502B0E99E4B->68798575-c94b-44a6-b996-25df487e3c54: receive RaftClientReply:client-3502B0E99E4B->68798575-c94b-44a6-b996-25df487e3c54@group-48C576E544C9, cid=1694, SUCCESS, logIndex=0, commits[68798575-c94b-44a6-b996-25df487e3c54:c2441, 9ec8ead9-888e-415b-b04c-32cd2c26f792:c2437, 84ef4577-07e0-4c8d-900e-d449eb7bf65d:c2437]
2019-07-10 10:03:49,707 INFO  client.GrpcClientProtocolClient (GrpcClientProtocolClient.java:onNext(255)) - client-3502B0E99E4B->68798575-c94b-44a6-b996-25df487e3c54: receive RaftClientReply:client-3502B0E99E4B->68798575-c94b-44a6-b996-25df487e3c54@group-48C576E544C9, cid=1695, SUCCESS, logIndex=2444, commits[68798575-c94b-44a6-b996-25df487e3c54:c2445, 9ec8ead9-888e-415b-b04c-32cd2c26f792:c2443, 84ef4577-07e0-4c8d-900e-d449eb7bf65d:c2443]
2019-07-10 10:03:49,707 INFO  client.GrpcClientProtocolClient (GrpcClientProtocolClient.java:onNext(255)) - client-3502B0E99E4B->68798575-c94b-44a6-b996-25df487e3c54: receive RaftClientReply:client-3502B0E99E4B->68798575-c94b-44a6-b996-25df487e3c54@group-48C576E544C9, cid=1696, SUCCESS, logIndex=2445, commits[68798575-c94b-44a6-b996-25df487e3c54:c2445, 9ec8ead9-888e-415b-b04c-32cd2c26f792:c2443, 84ef4577-07e0-4c8d-900e-d449eb7bf65d:c2443]
2019-07-10 10:03:49,725 INFO  client.GrpcClientProtocolClient (GrpcClientProtocolClient.java:onNext(255)) - client-3502B0E99E4B->68798575-c94b-44a6-b996-25df487e3c54: receive RaftClientReply:client-3502B0E99E4B->68798575-c94b-44a6-b996-25df487e3c54@group-48C576E544C9, cid=1697, SUCCESS, logIndex=2448, commits[68798575-c94b-44a6-b996-25df487e3c54:c2449, 9ec8ead9-888e-415b-b04c-32cd2c26f792:c2445, 84ef4577-07e0-4c8d-900e-d449eb7bf65d:c2445]
2019-07-10 10:03:49,725 INFO  client.GrpcClientProtocolClient (GrpcClientProtocolClient.java:onNext(255)) - client-3502B0E99E4B->68798575-c94b-44a6-b996-25df487e3c54: receive RaftClientReply:client-3502B0E99E4B->68798575-c94b-44a6-b996-25df487e3c54@group-48C576E544C9, cid=1698, SUCCESS, logIndex=2449, commits[68798575-c94b-44a6-b996-25df487e3c54:c2449, 9ec8ead9-888e-415b-b04c-32cd2c26f792:c2445, 84ef4577-07e0-4c8d-900e-d449eb7bf65d:c2445]
2019-07-10 10:03:49,734 INFO  client.GrpcClientProtocolClient (GrpcClientProtocolClient.java:onNext(255)) - client-3502B0E99E4B->68798575-c94b-44a6-b996-25df487e3c54: receive RaftClientReply:client-3502B0E99E4B->68798575-c94b-44a6-b996-25df487e3c54@group-48C576E544C9, cid=1699, SUCCESS, logIndex=0, commits[68798575-c94b-44a6-b996-25df487e3c54:c2450, 9ec8ead9-888e-415b-b04c-32cd2c26f792:c2449, 84ef4577-07e0-4c8d-900e-d449eb7bf65d:c2449]
2019-07-10 10:03:49,759 INFO  client.GrpcClientProtocolClient (GrpcClientProtocolClient.java:onNext(255)) - client-3502B0E99E4B->68798575-c94b-44a6-b996-25df487e3c54: receive RaftClientReply:client-3502B0E99E4B->68798575-c94b-44a6-b996-25df487e3c54@group-48C576E544C9, cid=1700, SUCCESS, logIndex=2452, commits[68798575-c94b-44a6-b996-25df487e3c54:c2453, 9ec8ead9-888e-415b-b04c-32cd2c26f792:c2451, 84ef4577-07e0-4c8d-900e-d449eb7bf65d:c2451]
2019-07-10 10:03:49,760 INFO  client.GrpcClientProtocolClient (GrpcClientProtocolClient.java:onNext(255)) - client-3502B0E99E4B->68798575-c94b-44a6-b996-25df487e3c54: receive RaftClientReply:client-3502B0E99E4B->68798575-c94b-44a6-b996-25df487e3c54@group-48C576E544C9, cid=1701, SUCCESS, logIndex=2453, commits[68798575-c94b-44a6-b996-25df487e3c54:c2455, 9ec8ead9-888e-415b-b04c-32cd2c26f792:c2451, 84ef4577-07e0-4c8d-900e-d449eb7bf65d:c2451]
2019-07-10 10:03:49,760 INFO  client.GrpcClientProtocolClient (GrpcClientProtocolClient.java:onNext(255)) - client-3502B0E99E4B->68798575-c94b-44a6-b996-25df487e3c54: receive RaftClientReply:client-3502B0E99E4B->68798575-c94b-44a6-b996-25df487e3c54@group-48C576E544C9, cid=1702, SUCCESS, logIndex=2454, commits[68798575-c94b-44a6-b996-25df487e3c54:c2455, 9ec8ead9-888e-415b-b04c-32cd2c26f792:c2451, 84ef4577-07e0-4c8d-900e-d449eb7bf65d:c2451]
2019-07-10 10:03:49,760 INFO  client.GrpcClientProtocolClient (GrpcClientProtocolClient.java:onNext(255)) - client-3502B0E99E4B->68798575-c94b-44a6-b996-25df487e3c54: receive RaftClientReply:client-3502B0E99E4B->68798575-c94b-44a6-b996-25df487e3c54@group-48C576E544C9, cid=1703, SUCCESS, logIndex=2455, commits[68798575-c94b-44a6-b996-25df487e3c54:c2455, 9ec8ead9-888e-415b-b04c-32cd2c26f792:c2451, 84ef4577-07e0-4c8d-900e-d449eb7bf65d:c2451]
2019-07-10 10:03:49,762 INFO  client.GrpcClientProtocolClient (GrpcClientProtocolClient.java:onNext(255)) - client-3502B0E99E4B->68798575-c94b-44a6-b996-25df487e3c54: receive RaftClientReply:client-3502B0E99E4B->68798575-c94b-44a6-b996-25df487e3c54@group-48C576E544C9, cid=1704, SUCCESS, logIndex=0, commits[68798575-c94b-44a6-b996-25df487e3c54:c2458, 9ec8ead9-888e-415b-b04c-32cd2c26f792:c2455, 84ef4577-07e0-4c8d-900e-d449eb7bf65d:c2453]
2019-07-10 10:03:49,780 INFO  client.GrpcClientProtocolClient (GrpcClientProtocolClient.java:onNext(255)) - client-3502B0E99E4B->68798575-c94b-44a6-b996-25df487e3c54: receive RaftClientReply:client-3502B0E99E4B->68798575-c94b-44a6-b996-25df487e3c54@group-48C576E544C9, cid=1705, SUCCESS, logIndex=2460, commits[68798575-c94b-44a6-b996-25df487e3c54:c2461, 9ec8ead9-888e-415b-b04c-32cd2c26f792:c2459, 84ef4577-07e0-4c8d-900e-d449eb7bf65d:c2459]
2019-07-10 10:03:49,781 INFO  client.GrpcClientProtocolClient (GrpcClientProtocolClient.java:onNext(255)) - client-3502B0E99E4B->68798575-c94b-44a6-b996-25df487e3c54: receive RaftClientReply:client-3502B0E99E4B->68798575-c94b-44a6-b996-25df487e3c54@group-48C576E544C9, cid=1706, SUCCESS, logIndex=2461, commits[68798575-c94b-44a6-b996-25df487e3c54:c2461, 9ec8ead9-888e-415b-b04c-32cd2c26f792:c2459, 84ef4577-07e0-4c8d-900e-d449eb7bf65d:c2459]
2019-07-10 10:03:49,795 INFO  client.GrpcClientProtocolClient (GrpcClientProtocolClient.java:onNext(255)) - client-3502B0E99E4B->68798575-c94b-44a6-b996-25df487e3c54: receive RaftClientReply:client-3502B0E99E4B->68798575-c94b-44a6-b996-25df487e3c54@group-48C576E544C9, cid=1707, SUCCESS, logIndex=2464, commits[68798575-c94b-44a6-b996-25df487e3c54:c2465, 9ec8ead9-888e-415b-b04c-32cd2c26f792:c2461, 84ef4577-07e0-4c8d-900e-d449eb7bf65d:c2461]
2019-07-10 10:03:49,795 INFO  client.GrpcClientProtocolClient (GrpcClientProtocolClient.java:onNext(255)) - client-3502B0E99E4B->68798575-c94b-44a6-b996-25df487e3c54: receive RaftClientReply:client-3502B0E99E4B->68798575-c94b-44a6-b996-25df487e3c54@group-48C576E544C9, cid=1708, SUCCESS, logIndex=2465, commits[68798575-c94b-44a6-b996-25df487e3c54:c2465, 9ec8ead9-888e-415b-b04c-32cd2c26f792:c2461, 84ef4577-07e0-4c8d-900e-d449eb7bf65d:c2461]
2019-07-10 10:03:49,808 INFO  client.GrpcClientProtocolClient (GrpcClientProtocolClient.java:onNext(255)) - client-3502B0E99E4B->68798575-c94b-44a6-b996-25df487e3c54: receive RaftClientReply:client-3502B0E99E4B->68798575-c94b-44a6-b996-25df487e3c54@group-48C576E544C9, cid=1709, SUCCESS, logIndex=0, commits[68798575-c94b-44a6-b996-25df487e3c54:c2467, 9ec8ead9-888e-415b-b04c-32cd2c26f792:c2465, 84ef4577-07e0-4c8d-900e-d449eb7bf65d:c2465]
2019-07-10 10:03:49,833 INFO  client.GrpcClientProtocolClient (GrpcClientProtocolClient.java:onNext(255)) - client-3502B0E99E4B->68798575-c94b-44a6-b996-25df487e3c54: receive RaftClientReply:client-3502B0E99E4B->68798575-c94b-44a6-b996-25df487e3c54@group-48C576E544C9, cid=1710, SUCCESS, logIndex=2468, commits[68798575-c94b-44a6-b996-25df487e3c54:c2469, 9ec8ead9-888e-415b-b04c-32cd2c26f792:c2467, 84ef4577-07e0-4c8d-900e-d449eb7bf65d:c2467]
2019-07-10 10:03:49,833 INFO  client.GrpcClientProtocolClient (GrpcClientProtocolClient.java:onNext(255)) - client-3502B0E99E4B->68798575-c94b-44a6-b996-25df487e3c54: receive RaftClientReply:client-3502B0E99E4B->68798575-c94b-44a6-b996-25df487e3c54@group-48C576E544C9, cid=1711, SUCCESS, logIndex=2469, commits[68798575-c94b-44a6-b996-25df487e3c54:c2469, 9ec8ead9-888e-415b-b04c-32cd2c26f792:c2467, 84ef4577-07e0-4c8d-900e-d449eb7bf65d:c2467]
2019-07-10 10:03:49,833 INFO  client.GrpcClientProtocolClient (GrpcClientProtocolClient.java:onNext(255)) - client-3502B0E99E4B->68798575-c94b-44a6-b996-25df487e3c54: receive RaftClientReply:client-3502B0E99E4B->68798575-c94b-44a6-b996-25df487e3c54@group-48C576E544C9, cid=1712, SUCCESS, logIndex=2470, commits[68798575-c94b-44a6-b996-25df487e3c54:c2471, 9ec8ead9-888e-415b-b04c-32cd2c26f792:c2467, 84ef4577-07e0-4c8d-900e-d449eb7bf65d:c2467]
2019-07-10 10:03:49,834 INFO  client.GrpcClientProtocolClient (GrpcClientProtocolClient.java:onNext(255)) - client-3502B0E99E4B->68798575-c94b-44a6-b996-25df487e3c54: receive RaftClientReply:client-3502B0E99E4B->68798575-c94b-44a6-b996-25df487e3c54@group-48C576E544C9, cid=1713, SUCCESS, logIndex=2471, commits[68798575-c94b-44a6-b996-25df487e3c54:c2471, 9ec8ead9-888e-415b-b04c-32cd2c26f792:c2467, 84ef4577-07e0-4c8d-900e-d449eb7bf65d:c2467]
2019-07-10 10:03:49,835 INFO  client.GrpcClientProtocolClient (GrpcClientProtocolClient.java:onNext(255)) - client-3502B0E99E4B->68798575-c94b-44a6-b996-25df487e3c54: receive RaftClientReply:client-3502B0E99E4B->68798575-c94b-44a6-b996-25df487e3c54@group-48C576E544C9, cid=1714, SUCCESS, logIndex=0, commits[68798575-c94b-44a6-b996-25df487e3c54:c2473, 9ec8ead9-888e-415b-b04c-32cd2c26f792:c2469, 84ef4577-07e0-4c8d-900e-d449eb7bf65d:c2469]
2019-07-10 10:03:49,854 INFO  client.GrpcClientProtocolClient (GrpcClientProtocolClient.java:onNext(255)) - client-3502B0E99E4B->68798575-c94b-44a6-b996-25df487e3c54: receive RaftClientReply:client-3502B0E99E4B->68798575-c94b-44a6-b996-25df487e3c54@group-48C576E544C9, cid=1715, SUCCESS, logIndex=2476, commits[68798575-c94b-44a6-b996-25df487e3c54:c2477, 9ec8ead9-888e-415b-b04c-32cd2c26f792:c2475, 84ef4577-07e0-4c8d-900e-d449eb7bf65d:c2475]
2019-07-10 10:03:49,854 INFO  client.GrpcClientProtocolClient (GrpcClientProtocolClient.java:onNext(255)) - client-3502B0E99E4B->68798575-c94b-44a6-b996-25df487e3c54: receive RaftClientReply:client-3502B0E99E4B->68798575-c94b-44a6-b996-25df487e3c54@group-48C576E544C9, cid=1716, SUCCESS, logIndex=2477, commits[68798575-c94b-44a6-b996-25df487e3c54:c2477, 9ec8ead9-888e-415b-b04c-32cd2c26f792:c2475, 84ef4577-07e0-4c8d-900e-d449eb7bf65d:c2475]
2019-07-10 10:03:49,871 INFO  client.GrpcClientProtocolClient (GrpcClientProtocolClient.java:onNext(255)) - client-3502B0E99E4B->68798575-c94b-44a6-b996-25df487e3c54: receive RaftClientReply:client-3502B0E99E4B->68798575-c94b-44a6-b996-25df487e3c54@group-48C576E544C9, cid=1717, SUCCESS, logIndex=2480, commits[68798575-c94b-44a6-b996-25df487e3c54:c2481, 9ec8ead9-888e-415b-b04c-32cd2c26f792:c2477, 84ef4577-07e0-4c8d-900e-d449eb7bf65d:c2477]
2019-07-10 10:03:49,872 INFO  client.GrpcClientProtocolClient (GrpcClientProtocolClient.java:onNext(255)) - client-3502B0E99E4B->68798575-c94b-44a6-b996-25df487e3c54: receive RaftClientReply:client-3502B0E99E4B->68798575-c94b-44a6-b996-25df487e3c54@group-48C576E544C9, cid=1718, SUCCESS, logIndex=2481, commits[68798575-c94b-44a6-b996-25df487e3c54:c2481, 9ec8ead9-888e-415b-b04c-32cd2c26f792:c2477, 84ef4577-07e0-4c8d-900e-d449eb7bf65d:c2477]
2019-07-10 10:03:49,884 INFO  client.GrpcClientProtocolClient (GrpcClientProtocolClient.java:onNext(255)) - client-3502B0E99E4B->68798575-c94b-44a6-b996-25df487e3c54: receive RaftClientReply:client-3502B0E99E4B->68798575-c94b-44a6-b996-25df487e3c54@group-48C576E544C9, cid=1719, SUCCESS, logIndex=0, commits[68798575-c94b-44a6-b996-25df487e3c54:c2483, 9ec8ead9-888e-415b-b04c-32cd2c26f792:c2481, 84ef4577-07e0-4c8d-900e-d449eb7bf65d:c2481]
2019-07-10 10:03:49,911 INFO  client.GrpcClientProtocolClient (GrpcClientProtocolClient.java:onNext(255)) - client-3502B0E99E4B->68798575-c94b-44a6-b996-25df487e3c54: receive RaftClientReply:client-3502B0E99E4B->68798575-c94b-44a6-b996-25df487e3c54@group-48C576E544C9, cid=1720, SUCCESS, logIndex=2484, commits[68798575-c94b-44a6-b996-25df487e3c54:c2486, 9ec8ead9-888e-415b-b04c-32cd2c26f792:c2483, 84ef4577-07e0-4c8d-900e-d449eb7bf65d:c2483]
2019-07-10 10:03:49,911 INFO  client.GrpcClientProtocolClient (GrpcClientProtocolClient.java:onNext(255)) - client-3502B0E99E4B->68798575-c94b-44a6-b996-25df487e3c54: receive RaftClientReply:client-3502B0E99E4B->68798575-c94b-44a6-b996-25df487e3c54@group-48C576E544C9, cid=1721, SUCCESS, logIndex=2485, commits[68798575-c94b-44a6-b996-25df487e3c54:c2487, 9ec8ead9-888e-415b-b04c-32cd2c26f792:c2483, 84ef4577-07e0-4c8d-900e-d449eb7bf65d:c2483]
2019-07-10 10:03:49,912 INFO  client.GrpcClientProtocolClient (GrpcClientProtocolClient.java:onNext(255)) - client-3502B0E99E4B->68798575-c94b-44a6-b996-25df487e3c54: receive RaftClientReply:client-3502B0E99E4B->68798575-c94b-44a6-b996-25df487e3c54@group-48C576E544C9, cid=1722, SUCCESS, logIndex=2486, commits[68798575-c94b-44a6-b996-25df487e3c54:c2487, 9ec8ead9-888e-415b-b04c-32cd2c26f792:c2483, 84ef4577-07e0-4c8d-900e-d449eb7bf65d:c2483]
2019-07-10 10:03:49,912 INFO  client.GrpcClientProtocolClient (GrpcClientProtocolClient.java:onNext(255)) - client-3502B0E99E4B->68798575-c94b-44a6-b996-25df487e3c54: receive RaftClientReply:client-3502B0E99E4B->68798575-c94b-44a6-b996-25df487e3c54@group-48C576E544C9, cid=1723, SUCCESS, logIndex=2487, commits[68798575-c94b-44a6-b996-25df487e3c54:c2488, 9ec8ead9-888e-415b-b04c-32cd2c26f792:c2483, 84ef4577-07e0-4c8d-900e-d449eb7bf65d:c2484]
2019-07-10 10:03:49,913 INFO  client.GrpcClientProtocolClient (GrpcClientProtocolClient.java:onNext(255)) - client-3502B0E99E4B->68798575-c94b-44a6-b996-25df487e3c54: receive RaftClientReply:client-3502B0E99E4B->68798575-c94b-44a6-b996-25df487e3c54@group-48C576E544C9, cid=1724, SUCCESS, logIndex=0, commits[68798575-c94b-44a6-b996-25df487e3c54:c2490, 9ec8ead9-888e-415b-b04c-32cd2c26f792:c2486, 84ef4577-07e0-4c8d-900e-d449eb7bf65d:c2485]
2019-07-10 10:03:49,932 INFO  client.GrpcClientProtocolClient (GrpcClientProtocolClient.java:onNext(255)) - client-3502B0E99E4B->68798575-c94b-44a6-b996-25df487e3c54: receive RaftClientReply:client-3502B0E99E4B->68798575-c94b-44a6-b996-25df487e3c54@group-48C576E544C9, cid=1725, SUCCESS, logIndex=2492, commits[68798575-c94b-44a6-b996-25df487e3c54:c2493, 9ec8ead9-888e-415b-b04c-32cd2c26f792:c2491, 84ef4577-07e0-4c8d-900e-d449eb7bf65d:c2491]
2019-07-10 10:03:49,932 INFO  client.GrpcClientProtocolClient (GrpcClientProtocolClient.java:onNext(255)) - client-3502B0E99E4B->68798575-c94b-44a6-b996-25df487e3c54: receive RaftClientReply:client-3502B0E99E4B->68798575-c94b-44a6-b996-25df487e3c54@group-48C576E544C9, cid=1726, SUCCESS, logIndex=2493, commits[68798575-c94b-44a6-b996-25df487e3c54:c2493, 9ec8ead9-888e-415b-b04c-32cd2c26f792:c2491, 84ef4577-07e0-4c8d-900e-d449eb7bf65d:c2491]
2019-07-10 10:03:49,943 INFO  client.GrpcClientProtocolClient (GrpcClientProtocolClient.java:onNext(255)) - client-3502B0E99E4B->68798575-c94b-44a6-b996-25df487e3c54: receive RaftClientReply:client-3502B0E99E4B->68798575-c94b-44a6-b996-25df487e3c54@group-48C576E544C9, cid=1727, SUCCESS, logIndex=2496, commits[68798575-c94b-44a6-b996-25df487e3c54:c2497, 9ec8ead9-888e-415b-b04c-32cd2c26f792:c2493, 84ef4577-07e0-4c8d-900e-d449eb7bf65d:c2493]
2019-07-10 10:03:49,944 INFO  client.GrpcClientProtocolClient (GrpcClientProtocolClient.java:onNext(255)) - client-3502B0E99E4B->68798575-c94b-44a6-b996-25df487e3c54: receive RaftClientReply:client-3502B0E99E4B->68798575-c94b-44a6-b996-25df487e3c54@group-48C576E544C9, cid=1728, SUCCESS, logIndex=2497, commits[68798575-c94b-44a6-b996-25df487e3c54:c2497, 9ec8ead9-888e-415b-b04c-32cd2c26f792:c2493, 84ef4577-07e0-4c8d-900e-d449eb7bf65d:c2493]
2019-07-10 10:03:49,954 INFO  client.GrpcClientProtocolClient (GrpcClientProtocolClient.java:onNext(255)) - client-3502B0E99E4B->68798575-c94b-44a6-b996-25df487e3c54: receive RaftClientReply:client-3502B0E99E4B->68798575-c94b-44a6-b996-25df487e3c54@group-48C576E544C9, cid=1729, SUCCESS, logIndex=0, commits[68798575-c94b-44a6-b996-25df487e3c54:c2499, 9ec8ead9-888e-415b-b04c-32cd2c26f792:c2497, 84ef4577-07e0-4c8d-900e-d449eb7bf65d:c2497]
2019-07-10 10:03:49,976 INFO  client.GrpcClientProtocolClient (GrpcClientProtocolClient.java:onNext(255)) - client-3502B0E99E4B->68798575-c94b-44a6-b996-25df487e3c54: receive RaftClientReply:client-3502B0E99E4B->68798575-c94b-44a6-b996-25df487e3c54@group-48C576E544C9, cid=1730, SUCCESS, logIndex=2500, commits[68798575-c94b-44a6-b996-25df487e3c54:c2501, 9ec8ead9-888e-415b-b04c-32cd2c26f792:c2499, 84ef4577-07e0-4c8d-900e-d449eb7bf65d:c2499]
2019-07-10 10:03:49,977 INFO  client.GrpcClientProtocolClient (GrpcClientProtocolClient.java:onNext(255)) - client-3502B0E99E4B->68798575-c94b-44a6-b996-25df487e3c54: receive RaftClientReply:client-3502B0E99E4B->68798575-c94b-44a6-b996-25df487e3c54@group-48C576E544C9, cid=1731, SUCCESS, logIndex=2501, commits[68798575-c94b-44a6-b996-25df487e3c54:c2501, 9ec8ead9-888e-415b-b04c-32cd2c26f792:c2499, 84ef4577-07e0-4c8d-900e-d449eb7bf65d:c2499]
2019-07-10 10:03:49,977 INFO  client.GrpcClientProtocolClient (GrpcClientProtocolClient.java:onNext(255)) - client-3502B0E99E4B->68798575-c94b-44a6-b996-25df487e3c54: receive RaftClientReply:client-3502B0E99E4B->68798575-c94b-44a6-b996-25df487e3c54@group-48C576E544C9, cid=1732, SUCCESS, logIndex=2502, commits[68798575-c94b-44a6-b996-25df487e3c54:c2502, 9ec8ead9-888e-415b-b04c-32cd2c26f792:c2499, 84ef4577-07e0-4c8d-900e-d449eb7bf65d:c2499]
2019-07-10 10:03:49,977 INFO  client.GrpcClientProtocolClient (GrpcClientProtocolClient.java:onNext(255)) - client-3502B0E99E4B->68798575-c94b-44a6-b996-25df487e3c54: receive RaftClientReply:client-3502B0E99E4B->68798575-c94b-44a6-b996-25df487e3c54@group-48C576E544C9, cid=1733, SUCCESS, logIndex=2503, commits[68798575-c94b-44a6-b996-25df487e3c54:c2503, 9ec8ead9-888e-415b-b04c-32cd2c26f792:c2499, 84ef4577-07e0-4c8d-900e-d449eb7bf65d:c2499]
2019-07-10 10:03:49,978 INFO  client.GrpcClientProtocolClient (GrpcClientProtocolClient.java:onNext(255)) - client-3502B0E99E4B->68798575-c94b-44a6-b996-25df487e3c54: receive RaftClientReply:client-3502B0E99E4B->68798575-c94b-44a6-b996-25df487e3c54@group-48C576E544C9, cid=1734, SUCCESS, logIndex=0, commits[68798575-c94b-44a6-b996-25df487e3c54:c2504, 9ec8ead9-888e-415b-b04c-32cd2c26f792:c2501, 84ef4577-07e0-4c8d-900e-d449eb7bf65d:c2501]
2019-07-10 10:03:50,001 INFO  client.GrpcClientProtocolClient (GrpcClientProtocolClient.java:onNext(255)) - client-3502B0E99E4B->68798575-c94b-44a6-b996-25df487e3c54: receive RaftClientReply:client-3502B0E99E4B->68798575-c94b-44a6-b996-25df487e3c54@group-48C576E544C9, cid=1735, SUCCESS, logIndex=2508, commits[68798575-c94b-44a6-b996-25df487e3c54:c2509, 9ec8ead9-888e-415b-b04c-32cd2c26f792:c2507, 84ef4577-07e0-4c8d-900e-d449eb7bf65d:c2507]
2019-07-10 10:03:50,002 INFO  client.GrpcClientProtocolClient (GrpcClientProtocolClient.java:onNext(255)) - client-3502B0E99E4B->68798575-c94b-44a6-b996-25df487e3c54: receive RaftClientReply:client-3502B0E99E4B->68798575-c94b-44a6-b996-25df487e3c54@group-48C576E544C9, cid=1736, SUCCESS, logIndex=2509, commits[68798575-c94b-44a6-b996-25df487e3c54:c2509, 9ec8ead9-888e-415b-b04c-32cd2c26f792:c2507, 84ef4577-07e0-4c8d-900e-d449eb7bf65d:c2507]
2019-07-10 10:03:50,014 INFO  client.GrpcClientProtocolClient (GrpcClientProtocolClient.java:onNext(255)) - client-3502B0E99E4B->68798575-c94b-44a6-b996-25df487e3c54: receive RaftClientReply:client-3502B0E99E4B->68798575-c94b-44a6-b996-25df487e3c54@group-48C576E544C9, cid=1737, SUCCESS, logIndex=2512, commits[68798575-c94b-44a6-b996-25df487e3c54:c2513, 9ec8ead9-888e-415b-b04c-32cd2c26f792:c2509, 84ef4577-07e0-4c8d-900e-d449eb7bf65d:c2509]
2019-07-10 10:03:50,014 INFO  client.GrpcClientProtocolClient (GrpcClientProtocolClient.java:onNext(255)) - client-3502B0E99E4B->68798575-c94b-44a6-b996-25df487e3c54: receive RaftClientReply:client-3502B0E99E4B->68798575-c94b-44a6-b996-25df487e3c54@group-48C576E544C9, cid=1738, SUCCESS, logIndex=2513, commits[68798575-c94b-44a6-b996-25df487e3c54:c2513, 9ec8ead9-888e-415b-b04c-32cd2c26f792:c2509, 84ef4577-07e0-4c8d-900e-d449eb7bf65d:c2509]
2019-07-10 10:03:50,027 INFO  client.GrpcClientProtocolClient (GrpcClientProtocolClient.java:onNext(255)) - client-3502B0E99E4B->68798575-c94b-44a6-b996-25df487e3c54: receive RaftClientReply:client-3502B0E99E4B->68798575-c94b-44a6-b996-25df487e3c54@group-48C576E544C9, cid=1739, SUCCESS, logIndex=0, commits[68798575-c94b-44a6-b996-25df487e3c54:c2515, 9ec8ead9-888e-415b-b04c-32cd2c26f792:c2513, 84ef4577-07e0-4c8d-900e-d449eb7bf65d:c2513]
2019-07-10 10:03:50,050 INFO  client.GrpcClientProtocolClient (GrpcClientProtocolClient.java:onNext(255)) - client-3502B0E99E4B->68798575-c94b-44a6-b996-25df487e3c54: receive RaftClientReply:client-3502B0E99E4B->68798575-c94b-44a6-b996-25df487e3c54@group-48C576E544C9, cid=1740, SUCCESS, logIndex=2516, commits[68798575-c94b-44a6-b996-25df487e3c54:c2517, 9ec8ead9-888e-415b-b04c-32cd2c26f792:c2515, 84ef4577-07e0-4c8d-900e-d449eb7bf65d:c2515]
2019-07-10 10:03:50,051 INFO  client.GrpcClientProtocolClient (GrpcClientProtocolClient.java:onNext(255)) - client-3502B0E99E4B->68798575-c94b-44a6-b996-25df487e3c54: receive RaftClientReply:client-3502B0E99E4B->68798575-c94b-44a6-b996-25df487e3c54@group-48C576E544C9, cid=1741, SUCCESS, logIndex=2517, commits[68798575-c94b-44a6-b996-25df487e3c54:c2517, 9ec8ead9-888e-415b-b04c-32cd2c26f792:c2515, 84ef4577-07e0-4c8d-900e-d449eb7bf65d:c2515]
2019-07-10 10:03:50,051 INFO  client.GrpcClientProtocolClient (GrpcClientProtocolClient.java:onNext(255)) - client-3502B0E99E4B->68798575-c94b-44a6-b996-25df487e3c54: receive RaftClientReply:client-3502B0E99E4B->68798575-c94b-44a6-b996-25df487e3c54@group-48C576E544C9, cid=1742, SUCCESS, logIndex=2518, commits[68798575-c94b-44a6-b996-25df487e3c54:c2519, 9ec8ead9-888e-415b-b04c-32cd2c26f792:c2515, 84ef4577-07e0-4c8d-900e-d449eb7bf65d:c2515]
2019-07-10 10:03:50,051 INFO  client.GrpcClientProtocolClient (GrpcClientProtocolClient.java:onNext(255)) - client-3502B0E99E4B->68798575-c94b-44a6-b996-25df487e3c54: receive RaftClientReply:client-3502B0E99E4B->68798575-c94b-44a6-b996-25df487e3c54@group-48C576E544C9, cid=1743, SUCCESS, logIndex=2519, commits[68798575-c94b-44a6-b996-25df487e3c54:c2519, 9ec8ead9-888e-415b-b04c-32cd2c26f792:c2515, 84ef4577-07e0-4c8d-900e-d449eb7bf65d:c2515]
2019-07-10 10:03:50,053 INFO  client.GrpcClientProtocolClient (GrpcClientProtocolClient.java:onNext(255)) - client-3502B0E99E4B->68798575-c94b-44a6-b996-25df487e3c54: receive RaftClientReply:client-3502B0E99E4B->68798575-c94b-44a6-b996-25df487e3c54@group-48C576E544C9, cid=1744, SUCCESS, logIndex=0, commits[68798575-c94b-44a6-b996-25df487e3c54:c2521, 9ec8ead9-888e-415b-b04c-32cd2c26f792:c2517, 84ef4577-07e0-4c8d-900e-d449eb7bf65d:c2517]
2019-07-10 10:03:50,071 INFO  client.GrpcClientProtocolClient (GrpcClientProtocolClient.java:onNext(255)) - client-3502B0E99E4B->68798575-c94b-44a6-b996-25df487e3c54: receive RaftClientReply:client-3502B0E99E4B->68798575-c94b-44a6-b996-25df487e3c54@group-48C576E544C9, cid=1745, SUCCESS, logIndex=2524, commits[68798575-c94b-44a6-b996-25df487e3c54:c2525, 9ec8ead9-888e-415b-b04c-32cd2c26f792:c2523, 84ef4577-07e0-4c8d-900e-d449eb7bf65d:c2523]
2019-07-10 10:03:50,072 INFO  client.GrpcClientProtocolClient (GrpcClientProtocolClient.java:onNext(255)) - client-3502B0E99E4B->68798575-c94b-44a6-b996-25df487e3c54: receive RaftClientReply:client-3502B0E99E4B->68798575-c94b-44a6-b996-25df487e3c54@group-48C576E544C9, cid=1746, SUCCESS, logIndex=2525, commits[68798575-c94b-44a6-b996-25df487e3c54:c2525, 9ec8ead9-888e-415b-b04c-32cd2c26f792:c2523, 84ef4577-07e0-4c8d-900e-d449eb7bf65d:c2523]
2019-07-10 10:03:50,084 INFO  client.GrpcClientProtocolClient (GrpcClientProtocolClient.java:onNext(255)) - client-3502B0E99E4B->68798575-c94b-44a6-b996-25df487e3c54: receive RaftClientReply:client-3502B0E99E4B->68798575-c94b-44a6-b996-25df487e3c54@group-48C576E544C9, cid=1747, SUCCESS, logIndex=2528, commits[68798575-c94b-44a6-b996-25df487e3c54:c2529, 9ec8ead9-888e-415b-b04c-32cd2c26f792:c2525, 84ef4577-07e0-4c8d-900e-d449eb7bf65d:c2525]
2019-07-10 10:03:50,085 INFO  client.GrpcClientProtocolClient (GrpcClientProtocolClient.java:onNext(255)) - client-3502B0E99E4B->68798575-c94b-44a6-b996-25df487e3c54: receive RaftClientReply:client-3502B0E99E4B->68798575-c94b-44a6-b996-25df487e3c54@group-48C576E544C9, cid=1748, SUCCESS, logIndex=2529, commits[68798575-c94b-44a6-b996-25df487e3c54:c2529, 9ec8ead9-888e-415b-b04c-32cd2c26f792:c2525, 84ef4577-07e0-4c8d-900e-d449eb7bf65d:c2525]
2019-07-10 10:03:50,097 INFO  client.GrpcClientProtocolClient (GrpcClientProtocolClient.java:onNext(255)) - client-3502B0E99E4B->68798575-c94b-44a6-b996-25df487e3c54: receive RaftClientReply:client-3502B0E99E4B->68798575-c94b-44a6-b996-25df487e3c54@group-48C576E544C9, cid=1749, SUCCESS, logIndex=0, commits[68798575-c94b-44a6-b996-25df487e3c54:c2530, 9ec8ead9-888e-415b-b04c-32cd2c26f792:c2529, 84ef4577-07e0-4c8d-900e-d449eb7bf65d:c2529]
2019-07-10 10:03:50,229 INFO  client.GrpcClientProtocolClient (GrpcClientProtocolClient.java:onNext(255)) - client-3502B0E99E4B->68798575-c94b-44a6-b996-25df487e3c54: receive RaftClientReply:client-3502B0E99E4B->68798575-c94b-44a6-b996-25df487e3c54@group-48C576E544C9, cid=1750, SUCCESS, logIndex=2532, commits[68798575-c94b-44a6-b996-25df487e3c54:c2533, 9ec8ead9-888e-415b-b04c-32cd2c26f792:c2531, 84ef4577-07e0-4c8d-900e-d449eb7bf65d:c2531]
2019-07-10 10:03:50,230 INFO  client.GrpcClientProtocolClient (GrpcClientProtocolClient.java:onNext(255)) - client-3502B0E99E4B->68798575-c94b-44a6-b996-25df487e3c54: receive RaftClientReply:client-3502B0E99E4B->68798575-c94b-44a6-b996-25df487e3c54@group-48C576E544C9, cid=1751, SUCCESS, logIndex=2533, commits[68798575-c94b-44a6-b996-25df487e3c54:c2533, 9ec8ead9-888e-415b-b04c-32cd2c26f792:c2531, 84ef4577-07e0-4c8d-900e-d449eb7bf65d:c2531]
2019-07-10 10:03:50,243 INFO  client.GrpcClientProtocolClient (GrpcClientProtocolClient.java:onNext(255)) - client-3502B0E99E4B->68798575-c94b-44a6-b996-25df487e3c54: receive RaftClientReply:client-3502B0E99E4B->68798575-c94b-44a6-b996-25df487e3c54@group-48C576E544C9, cid=1752, SUCCESS, logIndex=2534, commits[68798575-c94b-44a6-b996-25df487e3c54:c2534, 9ec8ead9-888e-415b-b04c-32cd2c26f792:c2531, 84ef4577-07e0-4c8d-900e-d449eb7bf65d:c2531]
2019-07-10 10:03:50,244 INFO  client.GrpcClientProtocolClient (GrpcClientProtocolClient.java:onNext(255)) - client-3502B0E99E4B->68798575-c94b-44a6-b996-25df487e3c54: receive RaftClientReply:client-3502B0E99E4B->68798575-c94b-44a6-b996-25df487e3c54@group-48C576E544C9, cid=1753, SUCCESS, logIndex=2535, commits[68798575-c94b-44a6-b996-25df487e3c54:c2537, 9ec8ead9-888e-415b-b04c-32cd2c26f792:c2533, 84ef4577-07e0-4c8d-900e-d449eb7bf65d:c2533]
2019-07-10 10:03:50,266 INFO  client.GrpcClientProtocolClient (GrpcClientProtocolClient.java:onNext(255)) - client-3502B0E99E4B->68798575-c94b-44a6-b996-25df487e3c54: receive RaftClientReply:client-3502B0E99E4B->68798575-c94b-44a6-b996-25df487e3c54@group-48C576E544C9, cid=1754, SUCCESS, logIndex=2539, commits[68798575-c94b-44a6-b996-25df487e3c54:c2540, 9ec8ead9-888e-415b-b04c-32cd2c26f792:c2538, 84ef4577-07e0-4c8d-900e-d449eb7bf65d:c2538]
2019-07-10 10:03:50,266 INFO  client.GrpcClientProtocolClient (GrpcClientProtocolClient.java:onNext(255)) - client-3502B0E99E4B->68798575-c94b-44a6-b996-25df487e3c54: receive RaftClientReply:client-3502B0E99E4B->68798575-c94b-44a6-b996-25df487e3c54@group-48C576E544C9, cid=1755, SUCCESS, logIndex=2540, commits[68798575-c94b-44a6-b996-25df487e3c54:c2540, 9ec8ead9-888e-415b-b04c-32cd2c26f792:c2538, 84ef4577-07e0-4c8d-900e-d449eb7bf65d:c2538]
2019-07-10 10:03:50,290 INFO  client.GrpcClientProtocolClient (GrpcClientProtocolClient.java:onNext(255)) - client-3502B0E99E4B->68798575-c94b-44a6-b996-25df487e3c54: receive RaftClientReply:client-3502B0E99E4B->68798575-c94b-44a6-b996-25df487e3c54@group-48C576E544C9, cid=1756, SUCCESS, logIndex=2543, commits[68798575-c94b-44a6-b996-25df487e3c54:c2544, 9ec8ead9-888e-415b-b04c-32cd2c26f792:c2540, 84ef4577-07e0-4c8d-900e-d449eb7bf65d:c2540]
2019-07-10 10:03:50,290 INFO  client.GrpcClientProtocolClient (GrpcClientProtocolClient.java:onNext(255)) - client-3502B0E99E4B->68798575-c94b-44a6-b996-25df487e3c54: receive RaftClientReply:client-3502B0E99E4B->68798575-c94b-44a6-b996-25df487e3c54@group-48C576E544C9, cid=1757, SUCCESS, logIndex=2544, commits[68798575-c94b-44a6-b996-25df487e3c54:c2544, 9ec8ead9-888e-415b-b04c-32cd2c26f792:c2540, 84ef4577-07e0-4c8d-900e-d449eb7bf65d:c2540]
2019-07-10 10:03:50,292 INFO  client.GrpcClientProtocolClient (GrpcClientProtocolClient.java:onNext(255)) - client-3502B0E99E4B->68798575-c94b-44a6-b996-25df487e3c54: receive RaftClientReply:client-3502B0E99E4B->68798575-c94b-44a6-b996-25df487e3c54@group-48C576E544C9, cid=1758, SUCCESS, logIndex=0, commits[68798575-c94b-44a6-b996-25df487e3c54:c2545, 9ec8ead9-888e-415b-b04c-32cd2c26f792:c2544, 84ef4577-07e0-4c8d-900e-d449eb7bf65d:c2544]
2019-07-10 10:03:50,319 INFO  client.GrpcClientProtocolClient (GrpcClientProtocolClient.java:onNext(255)) - client-3502B0E99E4B->68798575-c94b-44a6-b996-25df487e3c54: receive RaftClientReply:client-3502B0E99E4B->68798575-c94b-44a6-b996-25df487e3c54@group-48C576E544C9, cid=1759, SUCCESS, logIndex=2547, commits[68798575-c94b-44a6-b996-25df487e3c54:c2548, 9ec8ead9-888e-415b-b04c-32cd2c26f792:c2546, 84ef4577-07e0-4c8d-900e-d449eb7bf65d:c2546]
2019-07-10 10:03:50,319 INFO  client.GrpcClientProtocolClient (GrpcClientProtocolClient.java:onNext(255)) - client-3502B0E99E4B->68798575-c94b-44a6-b996-25df487e3c54: receive RaftClientReply:client-3502B0E99E4B->68798575-c94b-44a6-b996-25df487e3c54@group-48C576E544C9, cid=1760, SUCCESS, logIndex=2548, commits[68798575-c94b-44a6-b996-25df487e3c54:c2549, 9ec8ead9-888e-415b-b04c-32cd2c26f792:c2546, 84ef4577-07e0-4c8d-900e-d449eb7bf65d:c2546]
2019-07-10 10:03:50,320 INFO  client.GrpcClientProtocolClient (GrpcClientProtocolClient.java:onNext(255)) - client-3502B0E99E4B->68798575-c94b-44a6-b996-25df487e3c54: receive RaftClientReply:client-3502B0E99E4B->68798575-c94b-44a6-b996-25df487e3c54@group-48C576E544C9, cid=1761, SUCCESS, logIndex=2549, commits[68798575-c94b-44a6-b996-25df487e3c54:c2550, 9ec8ead9-888e-415b-b04c-32cd2c26f792:c2546, 84ef4577-07e0-4c8d-900e-d449eb7bf65d:c2546]
2019-07-10 10:03:50,320 INFO  client.GrpcClientProtocolClient (GrpcClientProtocolClient.java:onNext(255)) - client-3502B0E99E4B->68798575-c94b-44a6-b996-25df487e3c54: receive RaftClientReply:client-3502B0E99E4B->68798575-c94b-44a6-b996-25df487e3c54@group-48C576E544C9, cid=1762, SUCCESS, logIndex=2550, commits[68798575-c94b-44a6-b996-25df487e3c54:c2550, 9ec8ead9-888e-415b-b04c-32cd2c26f792:c2546, 84ef4577-07e0-4c8d-900e-d449eb7bf65d:c2546]
2019-07-10 10:03:50,321 INFO  client.GrpcClientProtocolClient (GrpcClientProtocolClient.java:onNext(255)) - client-3502B0E99E4B->68798575-c94b-44a6-b996-25df487e3c54: receive RaftClientReply:client-3502B0E99E4B->68798575-c94b-44a6-b996-25df487e3c54@group-48C576E544C9, cid=1763, SUCCESS, logIndex=0, commits[68798575-c94b-44a6-b996-25df487e3c54:c2552, 9ec8ead9-888e-415b-b04c-32cd2c26f792:c2548, 84ef4577-07e0-4c8d-900e-d449eb7bf65d:c2548]
2019-07-10 10:03:50,340 INFO  client.GrpcClientProtocolClient (GrpcClientProtocolClient.java:onNext(255)) - client-3502B0E99E4B->68798575-c94b-44a6-b996-25df487e3c54: receive RaftClientReply:client-3502B0E99E4B->68798575-c94b-44a6-b996-25df487e3c54@group-48C576E544C9, cid=1764, SUCCESS, logIndex=2555, commits[68798575-c94b-44a6-b996-25df487e3c54:c2556, 9ec8ead9-888e-415b-b04c-32cd2c26f792:c2554, 84ef4577-07e0-4c8d-900e-d449eb7bf65d:c2554]
2019-07-10 10:03:50,340 INFO  client.GrpcClientProtocolClient (GrpcClientProtocolClient.java:onNext(255)) - client-3502B0E99E4B->68798575-c94b-44a6-b996-25df487e3c54: receive RaftClientReply:client-3502B0E99E4B->68798575-c94b-44a6-b996-25df487e3c54@group-48C576E544C9, cid=1765, SUCCESS, logIndex=2556, commits[68798575-c94b-44a6-b996-25df487e3c54:c2556, 9ec8ead9-888e-415b-b04c-32cd2c26f792:c2554, 84ef4577-07e0-4c8d-900e-d449eb7bf65d:c2554]
2019-07-10 10:03:50,369 INFO  client.GrpcClientProtocolClient (GrpcClientProtocolClient.java:onNext(255)) - client-3502B0E99E4B->68798575-c94b-44a6-b996-25df487e3c54: receive RaftClientReply:client-3502B0E99E4B->68798575-c94b-44a6-b996-25df487e3c54@group-48C576E544C9, cid=1766, SUCCESS, logIndex=2559, commits[68798575-c94b-44a6-b996-25df487e3c54:c2560, 9ec8ead9-888e-415b-b04c-32cd2c26f792:c2556, 84ef4577-07e0-4c8d-900e-d449eb7bf65d:c2556]
2019-07-10 10:03:50,369 INFO  client.GrpcClientProtocolClient (GrpcClientProtocolClient.java:onNext(255)) - client-3502B0E99E4B->68798575-c94b-44a6-b996-25df487e3c54: receive RaftClientReply:client-3502B0E99E4B->68798575-c94b-44a6-b996-25df487e3c54@group-48C576E544C9, cid=1767, SUCCESS, logIndex=2560, commits[68798575-c94b-44a6-b996-25df487e3c54:c2560, 9ec8ead9-888e-415b-b04c-32cd2c26f792:c2556, 84ef4577-07e0-4c8d-900e-d449eb7bf65d:c2556]
2019-07-10 10:03:50,382 INFO  client.GrpcClientProtocolClient (GrpcClientProtocolClient.java:onNext(255)) - client-3502B0E99E4B->68798575-c94b-44a6-b996-25df487e3c54: receive RaftClientReply:client-3502B0E99E4B->68798575-c94b-44a6-b996-25df487e3c54@group-48C576E544C9, cid=1768, SUCCESS, logIndex=0, commits[68798575-c94b-44a6-b996-25df487e3c54:c2562, 9ec8ead9-888e-415b-b04c-32cd2c26f792:c2560, 84ef4577-07e0-4c8d-900e-d449eb7bf65d:c2560]
2019-07-10 10:03:50,410 INFO  client.GrpcClientProtocolClient (GrpcClientProtocolClient.java:onNext(255)) - client-3502B0E99E4B->68798575-c94b-44a6-b996-25df487e3c54: receive RaftClientReply:client-3502B0E99E4B->68798575-c94b-44a6-b996-25df487e3c54@group-48C576E544C9, cid=1769, SUCCESS, logIndex=2563, commits[68798575-c94b-44a6-b996-25df487e3c54:c2564, 9ec8ead9-888e-415b-b04c-32cd2c26f792:c2562, 84ef4577-07e0-4c8d-900e-d449eb7bf65d:c2562]
2019-07-10 10:03:50,411 INFO  client.GrpcClientProtocolClient (GrpcClientProtocolClient.java:onNext(255)) - client-3502B0E99E4B->68798575-c94b-44a6-b996-25df487e3c54: receive RaftClientReply:client-3502B0E99E4B->68798575-c94b-44a6-b996-25df487e3c54@group-48C576E544C9, cid=1770, SUCCESS, logIndex=2564, commits[68798575-c94b-44a6-b996-25df487e3c54:c2564, 9ec8ead9-888e-415b-b04c-32cd2c26f792:c2562, 84ef4577-07e0-4c8d-900e-d449eb7bf65d:c2562]
2019-07-10 10:03:50,412 INFO  client.GrpcClientProtocolClient (GrpcClientProtocolClient.java:onNext(255)) - client-3502B0E99E4B->68798575-c94b-44a6-b996-25df487e3c54: receive RaftClientReply:client-3502B0E99E4B->68798575-c94b-44a6-b996-25df487e3c54@group-48C576E544C9, cid=1771, SUCCESS, logIndex=2565, commits[68798575-c94b-44a6-b996-25df487e3c54:c2566, 9ec8ead9-888e-415b-b04c-32cd2c26f792:c2562, 84ef4577-07e0-4c8d-900e-d449eb7bf65d:c2562]
2019-07-10 10:03:50,412 INFO  client.GrpcClientProtocolClient (GrpcClientProtocolClient.java:onNext(255)) - client-3502B0E99E4B->68798575-c94b-44a6-b996-25df487e3c54: receive RaftClientReply:client-3502B0E99E4B->68798575-c94b-44a6-b996-25df487e3c54@group-48C576E544C9, cid=1772, SUCCESS, logIndex=2566, commits[68798575-c94b-44a6-b996-25df487e3c54:c2567, 9ec8ead9-888e-415b-b04c-32cd2c26f792:c2563, 84ef4577-07e0-4c8d-900e-d449eb7bf65d:c2562]
2019-07-10 10:03:50,413 INFO  client.GrpcClientProtocolClient (GrpcClientProtocolClient.java:onNext(255)) - client-3502B0E99E4B->68798575-c94b-44a6-b996-25df487e3c54: receive RaftClientReply:client-3502B0E99E4B->68798575-c94b-44a6-b996-25df487e3c54@group-48C576E544C9, cid=1773, SUCCESS, logIndex=0, commits[68798575-c94b-44a6-b996-25df487e3c54:c2568, 9ec8ead9-888e-415b-b04c-32cd2c26f792:c2564, 84ef4577-07e0-4c8d-900e-d449eb7bf65d:c2564]
2019-07-10 10:03:50,432 INFO  client.GrpcClientProtocolClient (GrpcClientProtocolClient.java:onNext(255)) - client-3502B0E99E4B->68798575-c94b-44a6-b996-25df487e3c54: receive RaftClientReply:client-3502B0E99E4B->68798575-c94b-44a6-b996-25df487e3c54@group-48C576E544C9, cid=1774, SUCCESS, logIndex=2571, commits[68798575-c94b-44a6-b996-25df487e3c54:c2572, 9ec8ead9-888e-415b-b04c-32cd2c26f792:c2570, 84ef4577-07e0-4c8d-900e-d449eb7bf65d:c2570]
2019-07-10 10:03:50,432 INFO  client.GrpcClientProtocolClient (GrpcClientProtocolClient.java:onNext(255)) - client-3502B0E99E4B->68798575-c94b-44a6-b996-25df487e3c54: receive RaftClientReply:client-3502B0E99E4B->68798575-c94b-44a6-b996-25df487e3c54@group-48C576E544C9, cid=1775, SUCCESS, logIndex=2572, commits[68798575-c94b-44a6-b996-25df487e3c54:c2572, 9ec8ead9-888e-415b-b04c-32cd2c26f792:c2570, 84ef4577-07e0-4c8d-900e-d449eb7bf65d:c2570]
2019-07-10 10:03:50,445 INFO  client.GrpcClientProtocolClient (GrpcClientProtocolClient.java:onNext(255)) - client-3502B0E99E4B->68798575-c94b-44a6-b996-25df487e3c54: receive RaftClientReply:client-3502B0E99E4B->68798575-c94b-44a6-b996-25df487e3c54@group-48C576E544C9, cid=1776, SUCCESS, logIndex=2575, commits[68798575-c94b-44a6-b996-25df487e3c54:c2576, 9ec8ead9-888e-415b-b04c-32cd2c26f792:c2572, 84ef4577-07e0-4c8d-900e-d449eb7bf65d:c2572]
2019-07-10 10:03:50,446 INFO  client.GrpcClientProtocolClient (GrpcClientProtocolClient.java:onNext(255)) - client-3502B0E99E4B->68798575-c94b-44a6-b996-25df487e3c54: receive RaftClientReply:client-3502B0E99E4B->68798575-c94b-44a6-b996-25df487e3c54@group-48C576E544C9, cid=1777, SUCCESS, logIndex=2576, commits[68798575-c94b-44a6-b996-25df487e3c54:c2576, 9ec8ead9-888e-415b-b04c-32cd2c26f792:c2572, 84ef4577-07e0-4c8d-900e-d449eb7bf65d:c2572]
2019-07-10 10:03:50,458 INFO  client.GrpcClientProtocolClient (GrpcClientProtocolClient.java:onNext(255)) - client-3502B0E99E4B->68798575-c94b-44a6-b996-25df487e3c54: receive RaftClientReply:client-3502B0E99E4B->68798575-c94b-44a6-b996-25df487e3c54@group-48C576E544C9, cid=1778, SUCCESS, logIndex=0, commits[68798575-c94b-44a6-b996-25df487e3c54:c2577, 9ec8ead9-888e-415b-b04c-32cd2c26f792:c2576, 84ef4577-07e0-4c8d-900e-d449eb7bf65d:c2576]
2019-07-10 10:03:50,483 INFO  client.GrpcClientProtocolClient (GrpcClientProtocolClient.java:onNext(255)) - client-3502B0E99E4B->68798575-c94b-44a6-b996-25df487e3c54: receive RaftClientReply:client-3502B0E99E4B->68798575-c94b-44a6-b996-25df487e3c54@group-48C576E544C9, cid=1779, SUCCESS, logIndex=2579, commits[68798575-c94b-44a6-b996-25df487e3c54:c2580, 9ec8ead9-888e-415b-b04c-32cd2c26f792:c2578, 84ef4577-07e0-4c8d-900e-d449eb7bf65d:c2578]
2019-07-10 10:03:50,483 INFO  client.GrpcClientProtocolClient (GrpcClientProtocolClient.java:onNext(255)) - client-3502B0E99E4B->68798575-c94b-44a6-b996-25df487e3c54: receive RaftClientReply:client-3502B0E99E4B->68798575-c94b-44a6-b996-25df487e3c54@group-48C576E544C9, cid=1780, SUCCESS, logIndex=2580, commits[68798575-c94b-44a6-b996-25df487e3c54:c2582, 9ec8ead9-888e-415b-b04c-32cd2c26f792:c2578, 84ef4577-07e0-4c8d-900e-d449eb7bf65d:c2578]
2019-07-10 10:03:50,484 INFO  client.GrpcClientProtocolClient (GrpcClientProtocolClient.java:onNext(255)) - client-3502B0E99E4B->68798575-c94b-44a6-b996-25df487e3c54: receive RaftClientReply:client-3502B0E99E4B->68798575-c94b-44a6-b996-25df487e3c54@group-48C576E544C9, cid=1781, SUCCESS, logIndex=2581, commits[68798575-c94b-44a6-b996-25df487e3c54:c2582, 9ec8ead9-888e-415b-b04c-32cd2c26f792:c2578, 84ef4577-07e0-4c8d-900e-d449eb7bf65d:c2578]
2019-07-10 10:03:50,484 INFO  client.GrpcClientProtocolClient (GrpcClientProtocolClient.java:onNext(255)) - client-3502B0E99E4B->68798575-c94b-44a6-b996-25df487e3c54: receive RaftClientReply:client-3502B0E99E4B->68798575-c94b-44a6-b996-25df487e3c54@group-48C576E544C9, cid=1782, SUCCESS, logIndex=2582, commits[68798575-c94b-44a6-b996-25df487e3c54:c2583, 9ec8ead9-888e-415b-b04c-32cd2c26f792:c2578, 84ef4577-07e0-4c8d-900e-d449eb7bf65d:c2579]
2019-07-10 10:03:50,485 INFO  client.GrpcClientProtocolClient (GrpcClientProtocolClient.java:onNext(255)) - client-3502B0E99E4B->68798575-c94b-44a6-b996-25df487e3c54: receive RaftClientReply:client-3502B0E99E4B->68798575-c94b-44a6-b996-25df487e3c54@group-48C576E544C9, cid=1783, SUCCESS, logIndex=0, commits[68798575-c94b-44a6-b996-25df487e3c54:c2584, 9ec8ead9-888e-415b-b04c-32cd2c26f792:c2580, 84ef4577-07e0-4c8d-900e-d449eb7bf65d:c2580]
2019-07-10 10:03:50,511 INFO  client.GrpcClientProtocolClient (GrpcClientProtocolClient.java:onNext(255)) - client-3502B0E99E4B->68798575-c94b-44a6-b996-25df487e3c54: receive RaftClientReply:client-3502B0E99E4B->68798575-c94b-44a6-b996-25df487e3c54@group-48C576E544C9, cid=1784, SUCCESS, logIndex=2587, commits[68798575-c94b-44a6-b996-25df487e3c54:c2588, 9ec8ead9-888e-415b-b04c-32cd2c26f792:c2586, 84ef4577-07e0-4c8d-900e-d449eb7bf65d:c2586]
2019-07-10 10:03:50,511 INFO  client.GrpcClientProtocolClient (GrpcClientProtocolClient.java:onNext(255)) - client-3502B0E99E4B->68798575-c94b-44a6-b996-25df487e3c54: receive RaftClientReply:client-3502B0E99E4B->68798575-c94b-44a6-b996-25df487e3c54@group-48C576E544C9, cid=1785, SUCCESS, logIndex=2588, commits[68798575-c94b-44a6-b996-25df487e3c54:c2588, 9ec8ead9-888e-415b-b04c-32cd2c26f792:c2586, 84ef4577-07e0-4c8d-900e-d449eb7bf65d:c2586]
2019-07-10 10:03:50,525 INFO  client.GrpcClientProtocolClient (GrpcClientProtocolClient.java:onNext(255)) - client-3502B0E99E4B->68798575-c94b-44a6-b996-25df487e3c54: receive RaftClientReply:client-3502B0E99E4B->68798575-c94b-44a6-b996-25df487e3c54@group-48C576E544C9, cid=1786, SUCCESS, logIndex=2591, commits[68798575-c94b-44a6-b996-25df487e3c54:c2592, 9ec8ead9-888e-415b-b04c-32cd2c26f792:c2588, 84ef4577-07e0-4c8d-900e-d449eb7bf65d:c2588]
2019-07-10 10:03:50,525 INFO  client.GrpcClientProtocolClient (GrpcClientProtocolClient.java:onNext(255)) - client-3502B0E99E4B->68798575-c94b-44a6-b996-25df487e3c54: receive RaftClientReply:client-3502B0E99E4B->68798575-c94b-44a6-b996-25df487e3c54@group-48C576E544C9, cid=1787, SUCCESS, logIndex=2592, commits[68798575-c94b-44a6-b996-25df487e3c54:c2592, 9ec8ead9-888e-415b-b04c-32cd2c26f792:c2588, 84ef4577-07e0-4c8d-900e-d449eb7bf65d:c2588]
2019-07-10 10:03:50,543 INFO  client.GrpcClientProtocolClient (GrpcClientProtocolClient.java:onNext(255)) - client-3502B0E99E4B->68798575-c94b-44a6-b996-25df487e3c54: receive RaftClientReply:client-3502B0E99E4B->68798575-c94b-44a6-b996-25df487e3c54@group-48C576E544C9, cid=1788, SUCCESS, logIndex=0, commits[68798575-c94b-44a6-b996-25df487e3c54:c2593, 9ec8ead9-888e-415b-b04c-32cd2c26f792:c2592, 84ef4577-07e0-4c8d-900e-d449eb7bf65d:c2592]
2019-07-10 10:03:50,568 INFO  client.GrpcClientProtocolClient (GrpcClientProtocolClient.java:onNext(255)) - client-3502B0E99E4B->68798575-c94b-44a6-b996-25df487e3c54: receive RaftClientReply:client-3502B0E99E4B->68798575-c94b-44a6-b996-25df487e3c54@group-48C576E544C9, cid=1789, SUCCESS, logIndex=2595, commits[68798575-c94b-44a6-b996-25df487e3c54:c2596, 9ec8ead9-888e-415b-b04c-32cd2c26f792:c2594, 84ef4577-07e0-4c8d-900e-d449eb7bf65d:c2594]
2019-07-10 10:03:50,568 INFO  client.GrpcClientProtocolClient (GrpcClientProtocolClient.java:onNext(255)) - client-3502B0E99E4B->68798575-c94b-44a6-b996-25df487e3c54: receive RaftClientReply:client-3502B0E99E4B->68798575-c94b-44a6-b996-25df487e3c54@group-48C576E544C9, cid=1790, SUCCESS, logIndex=2596, commits[68798575-c94b-44a6-b996-25df487e3c54:c2598, 9ec8ead9-888e-415b-b04c-32cd2c26f792:c2594, 84ef4577-07e0-4c8d-900e-d449eb7bf65d:c2594]
2019-07-10 10:03:50,568 INFO  client.GrpcClientProtocolClient (GrpcClientProtocolClient.java:onNext(255)) - client-3502B0E99E4B->68798575-c94b-44a6-b996-25df487e3c54: receive RaftClientReply:client-3502B0E99E4B->68798575-c94b-44a6-b996-25df487e3c54@group-48C576E544C9, cid=1791, SUCCESS, logIndex=2597, commits[68798575-c94b-44a6-b996-25df487e3c54:c2598, 9ec8ead9-888e-415b-b04c-32cd2c26f792:c2594, 84ef4577-07e0-4c8d-900e-d449eb7bf65d:c2594]
2019-07-10 10:03:50,568 INFO  client.GrpcClientProtocolClient (GrpcClientProtocolClient.java:onNext(255)) - client-3502B0E99E4B->68798575-c94b-44a6-b996-25df487e3c54: receive RaftClientReply:client-3502B0E99E4B->68798575-c94b-44a6-b996-25df487e3c54@group-48C576E544C9, cid=1792, SUCCESS, logIndex=2598, commits[68798575-c94b-44a6-b996-25df487e3c54:c2598, 9ec8ead9-888e-415b-b04c-32cd2c26f792:c2594, 84ef4577-07e0-4c8d-900e-d449eb7bf65d:c2594]
2019-07-10 10:03:50,570 INFO  client.GrpcClientProtocolClient (GrpcClientProtocolClient.java:onNext(255)) - client-3502B0E99E4B->68798575-c94b-44a6-b996-25df487e3c54: receive RaftClientReply:client-3502B0E99E4B->68798575-c94b-44a6-b996-25df487e3c54@group-48C576E544C9, cid=1793, SUCCESS, logIndex=0, commits[68798575-c94b-44a6-b996-25df487e3c54:c2601, 9ec8ead9-888e-415b-b04c-32cd2c26f792:c2598, 84ef4577-07e0-4c8d-900e-d449eb7bf65d:c2596]
2019-07-10 10:03:50,589 INFO  client.GrpcClientProtocolClient (GrpcClientProtocolClient.java:onNext(255)) - client-3502B0E99E4B->68798575-c94b-44a6-b996-25df487e3c54: receive RaftClientReply:client-3502B0E99E4B->68798575-c94b-44a6-b996-25df487e3c54@group-48C576E544C9, cid=1794, SUCCESS, logIndex=2602, commits[68798575-c94b-44a6-b996-25df487e3c54:c2603, 9ec8ead9-888e-415b-b04c-32cd2c26f792:c2601, 84ef4577-07e0-4c8d-900e-d449eb7bf65d:c2601]
2019-07-10 10:03:50,589 INFO  client.GrpcClientProtocolClient (GrpcClientProtocolClient.java:onNext(255)) - client-3502B0E99E4B->68798575-c94b-44a6-b996-25df487e3c54: receive RaftClientReply:client-3502B0E99E4B->68798575-c94b-44a6-b996-25df487e3c54@group-48C576E544C9, cid=1795, SUCCESS, logIndex=2603, commits[68798575-c94b-44a6-b996-25df487e3c54:c2603, 9ec8ead9-888e-415b-b04c-32cd2c26f792:c2601, 84ef4577-07e0-4c8d-900e-d449eb7bf65d:c2601]
2019-07-10 10:03:50,602 INFO  client.GrpcClientProtocolClient (GrpcClientProtocolClient.java:onNext(255)) - client-3502B0E99E4B->68798575-c94b-44a6-b996-25df487e3c54: receive RaftClientReply:client-3502B0E99E4B->68798575-c94b-44a6-b996-25df487e3c54@group-48C576E544C9, cid=1796, SUCCESS, logIndex=2606, commits[68798575-c94b-44a6-b996-25df487e3c54:c2607, 9ec8ead9-888e-415b-b04c-32cd2c26f792:c2603, 84ef4577-07e0-4c8d-900e-d449eb7bf65d:c2603]
2019-07-10 10:03:50,602 INFO  client.GrpcClientProtocolClient (GrpcClientProtocolClient.java:onNext(255)) - client-3502B0E99E4B->68798575-c94b-44a6-b996-25df487e3c54: receive RaftClientReply:client-3502B0E99E4B->68798575-c94b-44a6-b996-25df487e3c54@group-48C576E544C9, cid=1797, SUCCESS, logIndex=2607, commits[68798575-c94b-44a6-b996-25df487e3c54:c2607, 9ec8ead9-888e-415b-b04c-32cd2c26f792:c2603, 84ef4577-07e0-4c8d-900e-d449eb7bf65d:c2603]
 0.00% |█                                                                                                    |  0/1 Time: 0:00:142019-07-10 10:03:50,614 INFO  client.GrpcClientProtocolClient (GrpcClientProtocolClient.java:onNext(255)) - client-3502B0E99E4B->68798575-c94b-44a6-b996-25df487e3c54: receive RaftClientReply:client-3502B0E99E4B->68798575-c94b-44a6-b996-25df487e3c54@group-48C576E544C9, cid=1798, SUCCESS, logIndex=0, commits[68798575-c94b-44a6-b996-25df487e3c54:c2608, 9ec8ead9-888e-415b-b04c-32cd2c26f792:c2607, 84ef4577-07e0-4c8d-900e-d449eb7bf65d:c2607]
2019-07-10 10:03:50,642 INFO  client.GrpcClientProtocolClient (GrpcClientProtocolClient.java:onNext(255)) - client-3502B0E99E4B->68798575-c94b-44a6-b996-25df487e3c54: receive RaftClientReply:client-3502B0E99E4B->68798575-c94b-44a6-b996-25df487e3c54@group-48C576E544C9, cid=1799, SUCCESS, logIndex=2610, commits[68798575-c94b-44a6-b996-25df487e3c54:c2611, 9ec8ead9-888e-415b-b04c-32cd2c26f792:c2609, 84ef4577-07e0-4c8d-900e-d449eb7bf65d:c2609]
2019-07-10 10:03:50,642 INFO  client.GrpcClientProtocolClient (GrpcClientProtocolClient.java:onNext(255)) - client-3502B0E99E4B->68798575-c94b-44a6-b996-25df487e3c54: receive RaftClientReply:client-3502B0E99E4B->68798575-c94b-44a6-b996-25df487e3c54@group-48C576E544C9, cid=1800, SUCCESS, logIndex=2611, commits[68798575-c94b-44a6-b996-25df487e3c54:c2613, 9ec8ead9-888e-415b-b04c-32cd2c26f792:c2609, 84ef4577-07e0-4c8d-900e-d449eb7bf65d:c2609]
2019-07-10 10:03:50,643 INFO  client.GrpcClientProtocolClient (GrpcClientProtocolClient.java:onNext(255)) - client-3502B0E99E4B->68798575-c94b-44a6-b996-25df487e3c54: receive RaftClientReply:client-3502B0E99E4B->68798575-c94b-44a6-b996-25df487e3c54@group-48C576E544C9, cid=1801, SUCCESS, logIndex=2612, commits[68798575-c94b-44a6-b996-25df487e3c54:c2613, 9ec8ead9-888e-415b-b04c-32cd2c26f792:c2609, 84ef4577-07e0-4c8d-900e-d449eb7bf65d:c2609]
2019-07-10 10:03:50,643 INFO  client.GrpcClientProtocolClient (GrpcClientProtocolClient.java:onNext(255)) - client-3502B0E99E4B->68798575-c94b-44a6-b996-25df487e3c54: receive RaftClientReply:client-3502B0E99E4B->68798575-c94b-44a6-b996-25df487e3c54@group-48C576E544C9, cid=1802, SUCCESS, logIndex=2613, commits[68798575-c94b-44a6-b996-25df487e3c54:c2613, 9ec8ead9-888e-415b-b04c-32cd2c26f792:c2609, 84ef4577-07e0-4c8d-900e-d449eb7bf65d:c2609]
2019-07-10 10:03:50,645 INFO  client.GrpcClientProtocolClient (GrpcClientProtocolClient.java:onNext(255)) - client-3502B0E99E4B->68798575-c94b-44a6-b996-25df487e3c54: receive RaftClientReply:client-3502B0E99E4B->68798575-c94b-44a6-b996-25df487e3c54@group-48C576E544C9, cid=1803, SUCCESS, logIndex=0, commits[68798575-c94b-44a6-b996-25df487e3c54:c2615, 9ec8ead9-888e-415b-b04c-32cd2c26f792:c2611, 84ef4577-07e0-4c8d-900e-d449eb7bf65d:c2611]
2019-07-10 10:03:50,663 INFO  client.GrpcClientProtocolClient (GrpcClientProtocolClient.java:onNext(255)) - client-3502B0E99E4B->68798575-c94b-44a6-b996-25df487e3c54: receive RaftClientReply:client-3502B0E99E4B->68798575-c94b-44a6-b996-25df487e3c54@group-48C576E544C9, cid=1804, SUCCESS, logIndex=2617, commits[68798575-c94b-44a6-b996-25df487e3c54:c2618, 9ec8ead9-888e-415b-b04c-32cd2c26f792:c2616, 84ef4577-07e0-4c8d-900e-d449eb7bf65d:c2616]
2019-07-10 10:03:50,663 INFO  client.GrpcClientProtocolClient (GrpcClientProtocolClient.java:onNext(255)) - client-3502B0E99E4B->68798575-c94b-44a6-b996-25df487e3c54: receive RaftClientReply:client-3502B0E99E4B->68798575-c94b-44a6-b996-25df487e3c54@group-48C576E544C9, cid=1805, SUCCESS, logIndex=2618, commits[68798575-c94b-44a6-b996-25df487e3c54:c2618, 9ec8ead9-888e-415b-b04c-32cd2c26f792:c2616, 84ef4577-07e0-4c8d-900e-d449eb7bf65d:c2616]
2019-07-10 10:03:50,677 INFO  client.GrpcClientProtocolClient (GrpcClientProtocolClient.java:onNext(255)) - client-3502B0E99E4B->68798575-c94b-44a6-b996-25df487e3c54: receive RaftClientReply:client-3502B0E99E4B->68798575-c94b-44a6-b996-25df487e3c54@group-48C576E544C9, cid=1806, SUCCESS, logIndex=2621, commits[68798575-c94b-44a6-b996-25df487e3c54:c2622, 9ec8ead9-888e-415b-b04c-32cd2c26f792:c2618, 84ef4577-07e0-4c8d-900e-d449eb7bf65d:c2618]
2019-07-10 10:03:50,677 INFO  client.GrpcClientProtocolClient (GrpcClientProtocolClient.java:onNext(255)) - client-3502B0E99E4B->68798575-c94b-44a6-b996-25df487e3c54: receive RaftClientReply:client-3502B0E99E4B->68798575-c94b-44a6-b996-25df487e3c54@group-48C576E544C9, cid=1807, SUCCESS, logIndex=2622, commits[68798575-c94b-44a6-b996-25df487e3c54:c2622, 9ec8ead9-888e-415b-b04c-32cd2c26f792:c2618, 84ef4577-07e0-4c8d-900e-d449eb7bf65d:c2618]
2019-07-10 10:03:50,690 INFO  client.GrpcClientProtocolClient (GrpcClientProtocolClient.java:onNext(255)) - client-3502B0E99E4B->68798575-c94b-44a6-b996-25df487e3c54: receive RaftClientReply:client-3502B0E99E4B->68798575-c94b-44a6-b996-25df487e3c54@group-48C576E544C9, cid=1808, SUCCESS, logIndex=0, commits[68798575-c94b-44a6-b996-25df487e3c54:c2624, 9ec8ead9-888e-415b-b04c-32cd2c26f792:c2622, 84ef4577-07e0-4c8d-900e-d449eb7bf65d:c2622]
2019-07-10 10:03:50,714 INFO  client.GrpcClientProtocolClient (GrpcClientProtocolClient.java:onNext(255)) - client-3502B0E99E4B->68798575-c94b-44a6-b996-25df487e3c54: receive RaftClientReply:client-3502B0E99E4B->68798575-c94b-44a6-b996-25df487e3c54@group-48C576E544C9, cid=1809, SUCCESS, logIndex=2625, commits[68798575-c94b-44a6-b996-25df487e3c54:c2626, 9ec8ead9-888e-415b-b04c-32cd2c26f792:c2624, 84ef4577-07e0-4c8d-900e-d449eb7bf65d:c2624]
2019-07-10 10:03:50,714 INFO  client.GrpcClientProtocolClient (GrpcClientProtocolClient.java:onNext(255)) - client-3502B0E99E4B->68798575-c94b-44a6-b996-25df487e3c54: receive RaftClientReply:client-3502B0E99E4B->68798575-c94b-44a6-b996-25df487e3c54@group-48C576E544C9, cid=1810, SUCCESS, logIndex=2626, commits[68798575-c94b-44a6-b996-25df487e3c54:c2626, 9ec8ead9-888e-415b-b04c-32cd2c26f792:c2624, 84ef4577-07e0-4c8d-900e-d449eb7bf65d:c2624]
2019-07-10 10:03:50,715 INFO  client.GrpcClientProtocolClient (GrpcClientProtocolClient.java:onNext(255)) - client-3502B0E99E4B->68798575-c94b-44a6-b996-25df487e3c54: receive RaftClientReply:client-3502B0E99E4B->68798575-c94b-44a6-b996-25df487e3c54@group-48C576E544C9, cid=1811, SUCCESS, logIndex=2627, commits[68798575-c94b-44a6-b996-25df487e3c54:c2628, 9ec8ead9-888e-415b-b04c-32cd2c26f792:c2624, 84ef4577-07e0-4c8d-900e-d449eb7bf65d:c2624]
2019-07-10 10:03:50,715 INFO  client.GrpcClientProtocolClient (GrpcClientProtocolClient.java:onNext(255)) - client-3502B0E99E4B->68798575-c94b-44a6-b996-25df487e3c54: receive RaftClientReply:client-3502B0E99E4B->68798575-c94b-44a6-b996-25df487e3c54@group-48C576E544C9, cid=1812, SUCCESS, logIndex=2628, commits[68798575-c94b-44a6-b996-25df487e3c54:c2628, 9ec8ead9-888e-415b-b04c-32cd2c26f792:c2624, 84ef4577-07e0-4c8d-900e-d449eb7bf65d:c2624]
2019-07-10 10:03:50,716 INFO  client.GrpcClientProtocolClient (GrpcClientProtocolClient.java:onNext(255)) - client-3502B0E99E4B->68798575-c94b-44a6-b996-25df487e3c54: receive RaftClientReply:client-3502B0E99E4B->68798575-c94b-44a6-b996-25df487e3c54@group-48C576E544C9, cid=1813, SUCCESS, logIndex=0, commits[68798575-c94b-44a6-b996-25df487e3c54:c2630, 9ec8ead9-888e-415b-b04c-32cd2c26f792:c2626, 84ef4577-07e0-4c8d-900e-d449eb7bf65d:c2626]
2019-07-10 10:03:50,735 INFO  client.GrpcClientProtocolClient (GrpcClientProtocolClient.java:onNext(255)) - client-3502B0E99E4B->68798575-c94b-44a6-b996-25df487e3c54: receive RaftClientReply:client-3502B0E99E4B->68798575-c94b-44a6-b996-25df487e3c54@group-48C576E544C9, cid=1814, SUCCESS, logIndex=2633, commits[68798575-c94b-44a6-b996-25df487e3c54:c2634, 9ec8ead9-888e-415b-b04c-32cd2c26f792:c2632, 84ef4577-07e0-4c8d-900e-d449eb7bf65d:c2632]
2019-07-10 10:03:50,735 INFO  client.GrpcClientProtocolClient (GrpcClientProtocolClient.java:onNext(255)) - client-3502B0E99E4B->68798575-c94b-44a6-b996-25df487e3c54: receive RaftClientReply:client-3502B0E99E4B->68798575-c94b-44a6-b996-25df487e3c54@group-48C576E544C9, cid=1815, SUCCESS, logIndex=2634, commits[68798575-c94b-44a6-b996-25df487e3c54:c2634, 9ec8ead9-888e-415b-b04c-32cd2c26f792:c2632, 84ef4577-07e0-4c8d-900e-d449eb7bf65d:c2632]
2019-07-10 10:03:50,746 INFO  client.GrpcClientProtocolClient (GrpcClientProtocolClient.java:onNext(255)) - client-3502B0E99E4B->68798575-c94b-44a6-b996-25df487e3c54: receive RaftClientReply:client-3502B0E99E4B->68798575-c94b-44a6-b996-25df487e3c54@group-48C576E544C9, cid=1816, SUCCESS, logIndex=2637, commits[68798575-c94b-44a6-b996-25df487e3c54:c2638, 9ec8ead9-888e-415b-b04c-32cd2c26f792:c2634, 84ef4577-07e0-4c8d-900e-d449eb7bf65d:c2634]
2019-07-10 10:03:50,746 INFO  client.GrpcClientProtocolClient (GrpcClientProtocolClient.java:onNext(255)) - client-3502B0E99E4B->68798575-c94b-44a6-b996-25df487e3c54: receive RaftClientReply:client-3502B0E99E4B->68798575-c94b-44a6-b996-25df487e3c54@group-48C576E544C9, cid=1817, SUCCESS, logIndex=2638, commits[68798575-c94b-44a6-b996-25df487e3c54:c2638, 9ec8ead9-888e-415b-b04c-32cd2c26f792:c2634, 84ef4577-07e0-4c8d-900e-d449eb7bf65d:c2634]
2019-07-10 10:03:50,757 INFO  client.GrpcClientProtocolClient (GrpcClientProtocolClient.java:onNext(255)) - client-3502B0E99E4B->68798575-c94b-44a6-b996-25df487e3c54: receive RaftClientReply:client-3502B0E99E4B->68798575-c94b-44a6-b996-25df487e3c54@group-48C576E544C9, cid=1818, SUCCESS, logIndex=0, commits[68798575-c94b-44a6-b996-25df487e3c54:c2640, 9ec8ead9-888e-415b-b04c-32cd2c26f792:c2638, 84ef4577-07e0-4c8d-900e-d449eb7bf65d:c2638]
2019-07-10 10:03:50,874 INFO  client.GrpcClientProtocolClient (GrpcClientProtocolClient.java:onNext(255)) - client-3502B0E99E4B->68798575-c94b-44a6-b996-25df487e3c54: receive RaftClientReply:client-3502B0E99E4B->68798575-c94b-44a6-b996-25df487e3c54@group-48C576E544C9, cid=1819, SUCCESS, logIndex=2641, commits[68798575-c94b-44a6-b996-25df487e3c54:c2642, 9ec8ead9-888e-415b-b04c-32cd2c26f792:c2640, 84ef4577-07e0-4c8d-900e-d449eb7bf65d:c2640]
2019-07-10 10:03:50,875 INFO  client.GrpcClientProtocolClient (GrpcClientProtocolClient.java:onNext(255)) - client-3502B0E99E4B->68798575-c94b-44a6-b996-25df487e3c54: receive RaftClientReply:client-3502B0E99E4B->68798575-c94b-44a6-b996-25df487e3c54@group-48C576E544C9, cid=1820, SUCCESS, logIndex=2642, commits[68798575-c94b-44a6-b996-25df487e3c54:c2642, 9ec8ead9-888e-415b-b04c-32cd2c26f792:c2640, 84ef4577-07e0-4c8d-900e-d449eb7bf65d:c2640]
2019-07-10 10:03:50,875 INFO  client.GrpcClientProtocolClient (GrpcClientProtocolClient.java:onNext(255)) - client-3502B0E99E4B->68798575-c94b-44a6-b996-25df487e3c54: receive RaftClientReply:client-3502B0E99E4B->68798575-c94b-44a6-b996-25df487e3c54@group-48C576E544C9, cid=1821, SUCCESS, logIndex=2643, commits[68798575-c94b-44a6-b996-25df487e3c54:c2644, 9ec8ead9-888e-415b-b04c-32cd2c26f792:c2640, 84ef4577-07e0-4c8d-900e-d449eb7bf65d:c2640]
2019-07-10 10:03:50,875 INFO  client.GrpcClientProtocolClient (GrpcClientProtocolClient.java:onNext(255)) - client-3502B0E99E4B->68798575-c94b-44a6-b996-25df487e3c54: receive RaftClientReply:client-3502B0E99E4B->68798575-c94b-44a6-b996-25df487e3c54@group-48C576E544C9, cid=1822, SUCCESS, logIndex=2644, commits[68798575-c94b-44a6-b996-25df487e3c54:c2644, 9ec8ead9-888e-415b-b04c-32cd2c26f792:c2640, 84ef4577-07e0-4c8d-900e-d449eb7bf65d:c2640]
2019-07-10 10:03:50,878 INFO  client.GrpcClientProtocolClient (GrpcClientProtocolClient.java:onNext(255)) - client-3502B0E99E4B->68798575-c94b-44a6-b996-25df487e3c54: receive RaftClientReply:client-3502B0E99E4B->68798575-c94b-44a6-b996-25df487e3c54@group-48C576E544C9, cid=1823, SUCCESS, logIndex=0, commits[68798575-c94b-44a6-b996-25df487e3c54:c2646, 9ec8ead9-888e-415b-b04c-32cd2c26f792:c2642, 84ef4577-07e0-4c8d-900e-d449eb7bf65d:c2642]
2019-07-10 10:03:50,898 INFO  client.GrpcClientProtocolClient (GrpcClientProtocolClient.java:onNext(255)) - client-3502B0E99E4B->68798575-c94b-44a6-b996-25df487e3c54: receive RaftClientReply:client-3502B0E99E4B->68798575-c94b-44a6-b996-25df487e3c54@group-48C576E544C9, cid=1824, SUCCESS, logIndex=2649, commits[68798575-c94b-44a6-b996-25df487e3c54:c2650, 9ec8ead9-888e-415b-b04c-32cd2c26f792:c2648, 84ef4577-07e0-4c8d-900e-d449eb7bf65d:c2648]
2019-07-10 10:03:50,898 INFO  client.GrpcClientProtocolClient (GrpcClientProtocolClient.java:onNext(255)) - client-3502B0E99E4B->68798575-c94b-44a6-b996-25df487e3c54: receive RaftClientReply:client-3502B0E99E4B->68798575-c94b-44a6-b996-25df487e3c54@group-48C576E544C9, cid=1825, SUCCESS, logIndex=2650, commits[68798575-c94b-44a6-b996-25df487e3c54:c2650, 9ec8ead9-888e-415b-b04c-32cd2c26f792:c2648, 84ef4577-07e0-4c8d-900e-d449eb7bf65d:c2648]
2019-07-10 10:03:50,911 INFO  client.GrpcClientProtocolClient (GrpcClientProtocolClient.java:onNext(255)) - client-3502B0E99E4B->68798575-c94b-44a6-b996-25df487e3c54: receive RaftClientReply:client-3502B0E99E4B->68798575-c94b-44a6-b996-25df487e3c54@group-48C576E544C9, cid=1826, SUCCESS, logIndex=2653, commits[68798575-c94b-44a6-b996-25df487e3c54:c2653, 9ec8ead9-888e-415b-b04c-32cd2c26f792:c2650, 84ef4577-07e0-4c8d-900e-d449eb7bf65d:c2650]
2019-07-10 10:03:50,912 INFO  client.GrpcClientProtocolClient (GrpcClientProtocolClient.java:onNext(255)) - client-3502B0E99E4B->68798575-c94b-44a6-b996-25df487e3c54: receive RaftClientReply:client-3502B0E99E4B->68798575-c94b-44a6-b996-25df487e3c54@group-48C576E544C9, cid=1827, SUCCESS, logIndex=2654, commits[68798575-c94b-44a6-b996-25df487e3c54:c2654, 9ec8ead9-888e-415b-b04c-32cd2c26f792:c2650, 84ef4577-07e0-4c8d-900e-d449eb7bf65d:c2650]
2019-07-10 10:03:50,925 INFO  client.GrpcClientProtocolClient (GrpcClientProtocolClient.java:onNext(255)) - client-3502B0E99E4B->68798575-c94b-44a6-b996-25df487e3c54: receive RaftClientReply:client-3502B0E99E4B->68798575-c94b-44a6-b996-25df487e3c54@group-48C576E544C9, cid=1828, SUCCESS, logIndex=0, commits[68798575-c94b-44a6-b996-25df487e3c54:c2656, 9ec8ead9-888e-415b-b04c-32cd2c26f792:c2654, 84ef4577-07e0-4c8d-900e-d449eb7bf65d:c2654]
2019-07-10 10:03:50,954 INFO  client.GrpcClientProtocolClient (GrpcClientProtocolClient.java:onNext(255)) - client-3502B0E99E4B->68798575-c94b-44a6-b996-25df487e3c54: receive RaftClientReply:client-3502B0E99E4B->68798575-c94b-44a6-b996-25df487e3c54@group-48C576E544C9, cid=1829, SUCCESS, logIndex=2657, commits[68798575-c94b-44a6-b996-25df487e3c54:c2658, 9ec8ead9-888e-415b-b04c-32cd2c26f792:c2656, 84ef4577-07e0-4c8d-900e-d449eb7bf65d:c2656]
2019-07-10 10:03:50,955 INFO  client.GrpcClientProtocolClient (GrpcClientProtocolClient.java:onNext(255)) - client-3502B0E99E4B->68798575-c94b-44a6-b996-25df487e3c54: receive RaftClientReply:client-3502B0E99E4B->68798575-c94b-44a6-b996-25df487e3c54@group-48C576E544C9, cid=1830, SUCCESS, logIndex=2658, commits[68798575-c94b-44a6-b996-25df487e3c54:c2659, 9ec8ead9-888e-415b-b04c-32cd2c26f792:c2656, 84ef4577-07e0-4c8d-900e-d449eb7bf65d:c2656]
2019-07-10 10:03:50,955 INFO  client.GrpcClientProtocolClient (GrpcClientProtocolClient.java:onNext(255)) - client-3502B0E99E4B->68798575-c94b-44a6-b996-25df487e3c54: receive RaftClientReply:client-3502B0E99E4B->68798575-c94b-44a6-b996-25df487e3c54@group-48C576E544C9, cid=1831, SUCCESS, logIndex=2659, commits[68798575-c94b-44a6-b996-25df487e3c54:c2660, 9ec8ead9-888e-415b-b04c-32cd2c26f792:c2656, 84ef4577-07e0-4c8d-900e-d449eb7bf65d:c2656]
2019-07-10 10:03:50,956 INFO  client.GrpcClientProtocolClient (GrpcClientProtocolClient.java:onNext(255)) - client-3502B0E99E4B->68798575-c94b-44a6-b996-25df487e3c54: receive RaftClientReply:client-3502B0E99E4B->68798575-c94b-44a6-b996-25df487e3c54@group-48C576E544C9, cid=1832, SUCCESS, logIndex=2660, commits[68798575-c94b-44a6-b996-25df487e3c54:c2660, 9ec8ead9-888e-415b-b04c-32cd2c26f792:c2656, 84ef4577-07e0-4c8d-900e-d449eb7bf65d:c2656]
2019-07-10 10:03:50,957 INFO  client.GrpcClientProtocolClient (GrpcClientProtocolClient.java:onNext(255)) - client-3502B0E99E4B->68798575-c94b-44a6-b996-25df487e3c54: receive RaftClientReply:client-3502B0E99E4B->68798575-c94b-44a6-b996-25df487e3c54@group-48C576E544C9, cid=1833, SUCCESS, logIndex=0, commits[68798575-c94b-44a6-b996-25df487e3c54:c2662, 9ec8ead9-888e-415b-b04c-32cd2c26f792:c2658, 84ef4577-07e0-4c8d-900e-d449eb7bf65d:c2659]
2019-07-10 10:03:50,977 INFO  client.GrpcClientProtocolClient (GrpcClientProtocolClient.java:onNext(255)) - client-3502B0E99E4B->68798575-c94b-44a6-b996-25df487e3c54: receive RaftClientReply:client-3502B0E99E4B->68798575-c94b-44a6-b996-25df487e3c54@group-48C576E544C9, cid=1834, SUCCESS, logIndex=2665, commits[68798575-c94b-44a6-b996-25df487e3c54:c2666, 9ec8ead9-888e-415b-b04c-32cd2c26f792:c2664, 84ef4577-07e0-4c8d-900e-d449eb7bf65d:c2664]
2019-07-10 10:03:50,978 INFO  client.GrpcClientProtocolClient (GrpcClientProtocolClient.java:onNext(255)) - client-3502B0E99E4B->68798575-c94b-44a6-b996-25df487e3c54: receive RaftClientReply:client-3502B0E99E4B->68798575-c94b-44a6-b996-25df487e3c54@group-48C576E544C9, cid=1835, SUCCESS, logIndex=2666, commits[68798575-c94b-44a6-b996-25df487e3c54:c2666, 9ec8ead9-888e-415b-b04c-32cd2c26f792:c2664, 84ef4577-07e0-4c8d-900e-d449eb7bf65d:c2664]
2019-07-10 10:03:50,999 INFO  client.GrpcClientProtocolClient (GrpcClientProtocolClient.java:onNext(255)) - client-3502B0E99E4B->68798575-c94b-44a6-b996-25df487e3c54: receive RaftClientReply:client-3502B0E99E4B->68798575-c94b-44a6-b996-25df487e3c54@group-48C576E544C9, cid=1836, SUCCESS, logIndex=2669, commits[68798575-c94b-44a6-b996-25df487e3c54:c2670, 9ec8ead9-888e-415b-b04c-32cd2c26f792:c2666, 84ef4577-07e0-4c8d-900e-d449eb7bf65d:c2666]
2019-07-10 10:03:50,999 INFO  client.GrpcClientProtocolClient (GrpcClientProtocolClient.java:onNext(255)) - client-3502B0E99E4B->68798575-c94b-44a6-b996-25df487e3c54: receive RaftClientReply:client-3502B0E99E4B->68798575-c94b-44a6-b996-25df487e3c54@group-48C576E544C9, cid=1837, SUCCESS, logIndex=2670, commits[68798575-c94b-44a6-b996-25df487e3c54:c2670, 9ec8ead9-888e-415b-b04c-32cd2c26f792:c2666, 84ef4577-07e0-4c8d-900e-d449eb7bf65d:c2666]
2019-07-10 10:03:51,012 INFO  client.GrpcClientProtocolClient (GrpcClientProtocolClient.java:onNext(255)) - client-3502B0E99E4B->68798575-c94b-44a6-b996-25df487e3c54: receive RaftClientReply:client-3502B0E99E4B->68798575-c94b-44a6-b996-25df487e3c54@group-48C576E544C9, cid=1838, SUCCESS, logIndex=0, commits[68798575-c94b-44a6-b996-25df487e3c54:c2672, 9ec8ead9-888e-415b-b04c-32cd2c26f792:c2670, 84ef4577-07e0-4c8d-900e-d449eb7bf65d:c2670]
2019-07-10 10:03:51,040 INFO  client.GrpcClientProtocolClient (GrpcClientProtocolClient.java:onNext(255)) - client-3502B0E99E4B->68798575-c94b-44a6-b996-25df487e3c54: receive RaftClientReply:client-3502B0E99E4B->68798575-c94b-44a6-b996-25df487e3c54@group-48C576E544C9, cid=1839, SUCCESS, logIndex=2673, commits[68798575-c94b-44a6-b996-25df487e3c54:c2674, 9ec8ead9-888e-415b-b04c-32cd2c26f792:c2672, 84ef4577-07e0-4c8d-900e-d449eb7bf65d:c2672]
2019-07-10 10:03:51,041 INFO  client.GrpcClientProtocolClient (GrpcClientProtocolClient.java:onNext(255)) - client-3502B0E99E4B->68798575-c94b-44a6-b996-25df487e3c54: receive RaftClientReply:client-3502B0E99E4B->68798575-c94b-44a6-b996-25df487e3c54@group-48C576E544C9, cid=1840, SUCCESS, logIndex=2674, commits[68798575-c94b-44a6-b996-25df487e3c54:c2675, 9ec8ead9-888e-415b-b04c-32cd2c26f792:c2672, 84ef4577-07e0-4c8d-900e-d449eb7bf65d:c2672]
2019-07-10 10:03:51,042 INFO  client.GrpcClientProtocolClient (GrpcClientProtocolClient.java:onNext(255)) - client-3502B0E99E4B->68798575-c94b-44a6-b996-25df487e3c54: receive RaftClientReply:client-3502B0E99E4B->68798575-c94b-44a6-b996-25df487e3c54@group-48C576E544C9, cid=1841, SUCCESS, logIndex=2675, commits[68798575-c94b-44a6-b996-25df487e3c54:c2676, 9ec8ead9-888e-415b-b04c-32cd2c26f792:c2672, 84ef4577-07e0-4c8d-900e-d449eb7bf65d:c2672]
2019-07-10 10:03:51,042 INFO  client.GrpcClientProtocolClient (GrpcClientProtocolClient.java:onNext(255)) - client-3502B0E99E4B->68798575-c94b-44a6-b996-25df487e3c54: receive RaftClientReply:client-3502B0E99E4B->68798575-c94b-44a6-b996-25df487e3c54@group-48C576E544C9, cid=1842, SUCCESS, logIndex=2676, commits[68798575-c94b-44a6-b996-25df487e3c54:c2676, 9ec8ead9-888e-415b-b04c-32cd2c26f792:c2672, 84ef4577-07e0-4c8d-900e-d449eb7bf65d:c2672]
2019-07-10 10:03:51,044 INFO  client.GrpcClientProtocolClient (GrpcClientProtocolClient.java:onNext(255)) - client-3502B0E99E4B->68798575-c94b-44a6-b996-25df487e3c54: receive RaftClientReply:client-3502B0E99E4B->68798575-c94b-44a6-b996-25df487e3c54@group-48C576E544C9, cid=1843, SUCCESS, logIndex=0, commits[68798575-c94b-44a6-b996-25df487e3c54:c2679, 9ec8ead9-888e-415b-b04c-32cd2c26f792:c2675, 84ef4577-07e0-4c8d-900e-d449eb7bf65d:c2674]
2019-07-10 10:03:51,064 INFO  client.GrpcClientProtocolClient (GrpcClientProtocolClient.java:onNext(255)) - client-3502B0E99E4B->68798575-c94b-44a6-b996-25df487e3c54: receive RaftClientReply:client-3502B0E99E4B->68798575-c94b-44a6-b996-25df487e3c54@group-48C576E544C9, cid=1844, SUCCESS, logIndex=2681, commits[68798575-c94b-44a6-b996-25df487e3c54:c2682, 9ec8ead9-888e-415b-b04c-32cd2c26f792:c2680, 84ef4577-07e0-4c8d-900e-d449eb7bf65d:c2680]
2019-07-10 10:03:51,064 INFO  client.GrpcClientProtocolClient (GrpcClientProtocolClient.java:onNext(255)) - client-3502B0E99E4B->68798575-c94b-44a6-b996-25df487e3c54: receive RaftClientReply:client-3502B0E99E4B->68798575-c94b-44a6-b996-25df487e3c54@group-48C576E544C9, cid=1845, SUCCESS, logIndex=2682, commits[68798575-c94b-44a6-b996-25df487e3c54:c2682, 9ec8ead9-888e-415b-b04c-32cd2c26f792:c2680, 84ef4577-07e0-4c8d-900e-d449eb7bf65d:c2680]
2019-07-10 10:03:51,077 INFO  client.GrpcClientProtocolClient (GrpcClientProtocolClient.java:onNext(255)) - client-3502B0E99E4B->68798575-c94b-44a6-b996-25df487e3c54: receive RaftClientReply:client-3502B0E99E4B->68798575-c94b-44a6-b996-25df487e3c54@group-48C576E544C9, cid=1846, SUCCESS, logIndex=2685, commits[68798575-c94b-44a6-b996-25df487e3c54:c2686, 9ec8ead9-888e-415b-b04c-32cd2c26f792:c2682, 84ef4577-07e0-4c8d-900e-d449eb7bf65d:c2682]
2019-07-10 10:03:51,078 INFO  client.GrpcClientProtocolClient (GrpcClientProtocolClient.java:onNext(255)) - client-3502B0E99E4B->68798575-c94b-44a6-b996-25df487e3c54: receive RaftClientReply:client-3502B0E99E4B->68798575-c94b-44a6-b996-25df487e3c54@group-48C576E544C9, cid=1847, SUCCESS, logIndex=2686, commits[68798575-c94b-44a6-b996-25df487e3c54:c2686, 9ec8ead9-888e-415b-b04c-32cd2c26f792:c2682, 84ef4577-07e0-4c8d-900e-d449eb7bf65d:c2682]
2019-07-10 10:03:51,089 INFO  client.GrpcClientProtocolClient (GrpcClientProtocolClient.java:onNext(255)) - client-3502B0E99E4B->68798575-c94b-44a6-b996-25df487e3c54: receive RaftClientReply:client-3502B0E99E4B->68798575-c94b-44a6-b996-25df487e3c54@group-48C576E544C9, cid=1848, SUCCESS, logIndex=0, commits[68798575-c94b-44a6-b996-25df487e3c54:c2687, 9ec8ead9-888e-415b-b04c-32cd2c26f792:c2686, 84ef4577-07e0-4c8d-900e-d449eb7bf65d:c2686]
2019-07-10 10:03:51,117 INFO  client.GrpcClientProtocolClient (GrpcClientProtocolClient.java:onNext(255)) - client-3502B0E99E4B->68798575-c94b-44a6-b996-25df487e3c54: receive RaftClientReply:client-3502B0E99E4B->68798575-c94b-44a6-b996-25df487e3c54@group-48C576E544C9, cid=1849, SUCCESS, logIndex=2689, commits[68798575-c94b-44a6-b996-25df487e3c54:c2692, 9ec8ead9-888e-415b-b04c-32cd2c26f792:c2688, 84ef4577-07e0-4c8d-900e-d449eb7bf65d:c2688]
2019-07-10 10:03:51,118 INFO  client.GrpcClientProtocolClient (GrpcClientProtocolClient.java:onNext(255)) - client-3502B0E99E4B->68798575-c94b-44a6-b996-25df487e3c54: receive RaftClientReply:client-3502B0E99E4B->68798575-c94b-44a6-b996-25df487e3c54@group-48C576E544C9, cid=1850, SUCCESS, logIndex=2690, commits[68798575-c94b-44a6-b996-25df487e3c54:c2692, 9ec8ead9-888e-415b-b04c-32cd2c26f792:c2688, 84ef4577-07e0-4c8d-900e-d449eb7bf65d:c2688]
2019-07-10 10:03:51,118 INFO  client.GrpcClientProtocolClient (GrpcClientProtocolClient.java:onNext(255)) - client-3502B0E99E4B->68798575-c94b-44a6-b996-25df487e3c54: receive RaftClientReply:client-3502B0E99E4B->68798575-c94b-44a6-b996-25df487e3c54@group-48C576E544C9, cid=1851, SUCCESS, logIndex=2691, commits[68798575-c94b-44a6-b996-25df487e3c54:c2692, 9ec8ead9-888e-415b-b04c-32cd2c26f792:c2688, 84ef4577-07e0-4c8d-900e-d449eb7bf65d:c2688]
2019-07-10 10:03:51,119 INFO  client.GrpcClientProtocolClient (GrpcClientProtocolClient.java:onNext(255)) - client-3502B0E99E4B->68798575-c94b-44a6-b996-25df487e3c54: receive RaftClientReply:client-3502B0E99E4B->68798575-c94b-44a6-b996-25df487e3c54@group-48C576E544C9, cid=1852, SUCCESS, logIndex=2692, commits[68798575-c94b-44a6-b996-25df487e3c54:c2692, 9ec8ead9-888e-415b-b04c-32cd2c26f792:c2688, 84ef4577-07e0-4c8d-900e-d449eb7bf65d:c2688]
2019-07-10 10:03:51,120 INFO  client.GrpcClientProtocolClient (GrpcClientProtocolClient.java:onNext(255)) - client-3502B0E99E4B->68798575-c94b-44a6-b996-25df487e3c54: receive RaftClientReply:client-3502B0E99E4B->68798575-c94b-44a6-b996-25df487e3c54@group-48C576E544C9, cid=1853, SUCCESS, logIndex=0, commits[68798575-c94b-44a6-b996-25df487e3c54:c2696, 9ec8ead9-888e-415b-b04c-32cd2c26f792:c2692, 84ef4577-07e0-4c8d-900e-d449eb7bf65d:c2690]
2019-07-10 10:03:51,140 INFO  client.GrpcClientProtocolClient (GrpcClientProtocolClient.java:onNext(255)) - client-3502B0E99E4B->68798575-c94b-44a6-b996-25df487e3c54: receive RaftClientReply:client-3502B0E99E4B->68798575-c94b-44a6-b996-25df487e3c54@group-48C576E544C9, cid=1854, SUCCESS, logIndex=2697, commits[68798575-c94b-44a6-b996-25df487e3c54:c2698, 9ec8ead9-888e-415b-b04c-32cd2c26f792:c2696, 84ef4577-07e0-4c8d-900e-d449eb7bf65d:c2696]
2019-07-10 10:03:51,140 INFO  client.GrpcClientProtocolClient (GrpcClientProtocolClient.java:onNext(255)) - client-3502B0E99E4B->68798575-c94b-44a6-b996-25df487e3c54: receive RaftClientReply:client-3502B0E99E4B->68798575-c94b-44a6-b996-25df487e3c54@group-48C576E544C9, cid=1855, SUCCESS, logIndex=2698, commits[68798575-c94b-44a6-b996-25df487e3c54:c2698, 9ec8ead9-888e-415b-b04c-32cd2c26f792:c2696, 84ef4577-07e0-4c8d-900e-d449eb7bf65d:c2696]
2019-07-10 10:03:51,153 INFO  client.GrpcClientProtocolClient (GrpcClientProtocolClient.java:onNext(255)) - client-3502B0E99E4B->68798575-c94b-44a6-b996-25df487e3c54: receive RaftClientReply:client-3502B0E99E4B->68798575-c94b-44a6-b996-25df487e3c54@group-48C576E544C9, cid=1856, SUCCESS, logIndex=2701, commits[68798575-c94b-44a6-b996-25df487e3c54:c2702, 9ec8ead9-888e-415b-b04c-32cd2c26f792:c2698, 84ef4577-07e0-4c8d-900e-d449eb7bf65d:c2698]
2019-07-10 10:03:51,153 INFO  client.GrpcClientProtocolClient (GrpcClientProtocolClient.java:onNext(255)) - client-3502B0E99E4B->68798575-c94b-44a6-b996-25df487e3c54: receive RaftClientReply:client-3502B0E99E4B->68798575-c94b-44a6-b996-25df487e3c54@group-48C576E544C9, cid=1857, SUCCESS, logIndex=2702, commits[68798575-c94b-44a6-b996-25df487e3c54:c2702, 9ec8ead9-888e-415b-b04c-32cd2c26f792:c2698, 84ef4577-07e0-4c8d-900e-d449eb7bf65d:c2698]
2019-07-10 10:03:51,166 INFO  client.GrpcClientProtocolClient (GrpcClientProtocolClient.java:onNext(255)) - client-3502B0E99E4B->68798575-c94b-44a6-b996-25df487e3c54: receive RaftClientReply:client-3502B0E99E4B->68798575-c94b-44a6-b996-25df487e3c54@group-48C576E544C9, cid=1858, SUCCESS, logIndex=0, commits[68798575-c94b-44a6-b996-25df487e3c54:c2703, 9ec8ead9-888e-415b-b04c-32cd2c26f792:c2702, 84ef4577-07e0-4c8d-900e-d449eb7bf65d:c2702]
2019-07-10 10:03:51,192 INFO  client.GrpcClientProtocolClient (GrpcClientProtocolClient.java:onNext(255)) - client-3502B0E99E4B->68798575-c94b-44a6-b996-25df487e3c54: receive RaftClientReply:client-3502B0E99E4B->68798575-c94b-44a6-b996-25df487e3c54@group-48C576E544C9, cid=1859, SUCCESS, logIndex=2705, commits[68798575-c94b-44a6-b996-25df487e3c54:c2706, 9ec8ead9-888e-415b-b04c-32cd2c26f792:c2704, 84ef4577-07e0-4c8d-900e-d449eb7bf65d:c2704]
2019-07-10 10:03:51,192 INFO  client.GrpcClientProtocolClient (GrpcClientProtocolClient.java:onNext(255)) - client-3502B0E99E4B->68798575-c94b-44a6-b996-25df487e3c54: receive RaftClientReply:client-3502B0E99E4B->68798575-c94b-44a6-b996-25df487e3c54@group-48C576E544C9, cid=1860, SUCCESS, logIndex=2706, commits[68798575-c94b-44a6-b996-25df487e3c54:c2708, 9ec8ead9-888e-415b-b04c-32cd2c26f792:c2704, 84ef4577-07e0-4c8d-900e-d449eb7bf65d:c2704]
2019-07-10 10:03:51,193 INFO  client.GrpcClientProtocolClient (GrpcClientProtocolClient.java:onNext(255)) - client-3502B0E99E4B->68798575-c94b-44a6-b996-25df487e3c54: receive RaftClientReply:client-3502B0E99E4B->68798575-c94b-44a6-b996-25df487e3c54@group-48C576E544C9, cid=1861, SUCCESS, logIndex=2707, commits[68798575-c94b-44a6-b996-25df487e3c54:c2708, 9ec8ead9-888e-415b-b04c-32cd2c26f792:c2704, 84ef4577-07e0-4c8d-900e-d449eb7bf65d:c2704]
2019-07-10 10:03:51,193 INFO  client.GrpcClientProtocolClient (GrpcClientProtocolClient.java:onNext(255)) - client-3502B0E99E4B->68798575-c94b-44a6-b996-25df487e3c54: receive RaftClientReply:client-3502B0E99E4B->68798575-c94b-44a6-b996-25df487e3c54@group-48C576E544C9, cid=1862, SUCCESS, logIndex=2708, commits[68798575-c94b-44a6-b996-25df487e3c54:c2708, 9ec8ead9-888e-415b-b04c-32cd2c26f792:c2704, 84ef4577-07e0-4c8d-900e-d449eb7bf65d:c2704]
2019-07-10 10:03:51,205 INFO  client.GrpcClientProtocolClient (GrpcClientProtocolClient.java:onNext(255)) - client-3502B0E99E4B->68798575-c94b-44a6-b996-25df487e3c54: receive RaftClientReply:client-3502B0E99E4B->68798575-c94b-44a6-b996-25df487e3c54@group-48C576E544C9, cid=1863, SUCCESS, logIndex=0, commits[68798575-c94b-44a6-b996-25df487e3c54:c2712, 9ec8ead9-888e-415b-b04c-32cd2c26f792:c2708, 84ef4577-07e0-4c8d-900e-d449eb7bf65d:c2706]
2019-07-10 10:03:51,222 INFO  client.GrpcClientProtocolClient (GrpcClientProtocolClient.java:onNext(255)) - client-3502B0E99E4B->68798575-c94b-44a6-b996-25df487e3c54: receive RaftClientReply:client-3502B0E99E4B->68798575-c94b-44a6-b996-25df487e3c54@group-48C576E544C9, cid=1864, SUCCESS, logIndex=2713, commits[68798575-c94b-44a6-b996-25df487e3c54:c2714, 9ec8ead9-888e-415b-b04c-32cd2c26f792:c2712, 84ef4577-07e0-4c8d-900e-d449eb7bf65d:c2712]
2019-07-10 10:03:51,223 INFO  client.GrpcClientProtocolClient (GrpcClientProtocolClient.java:onNext(255)) - client-3502B0E99E4B->68798575-c94b-44a6-b996-25df487e3c54: receive RaftClientReply:client-3502B0E99E4B->68798575-c94b-44a6-b996-25df487e3c54@group-48C576E544C9, cid=1865, SUCCESS, logIndex=2714, commits[68798575-c94b-44a6-b996-25df487e3c54:c2714, 9ec8ead9-888e-415b-b04c-32cd2c26f792:c2712, 84ef4577-07e0-4c8d-900e-d449eb7bf65d:c2712]
2019-07-10 10:03:51,243 INFO  client.GrpcClientProtocolClient (GrpcClientProtocolClient.java:onNext(255)) - client-3502B0E99E4B->68798575-c94b-44a6-b996-25df487e3c54: receive RaftClientReply:client-3502B0E99E4B->68798575-c94b-44a6-b996-25df487e3c54@group-48C576E544C9, cid=1866, SUCCESS, logIndex=2717, commits[68798575-c94b-44a6-b996-25df487e3c54:c2718, 9ec8ead9-888e-415b-b04c-32cd2c26f792:c2714, 84ef4577-07e0-4c8d-900e-d449eb7bf65d:c2714]
2019-07-10 10:03:51,244 INFO  client.GrpcClientProtocolClient (GrpcClientProtocolClient.java:onNext(255)) - client-3502B0E99E4B->68798575-c94b-44a6-b996-25df487e3c54: receive RaftClientReply:client-3502B0E99E4B->68798575-c94b-44a6-b996-25df487e3c54@group-48C576E544C9, cid=1867, SUCCESS, logIndex=2718, commits[68798575-c94b-44a6-b996-25df487e3c54:c2718, 9ec8ead9-888e-415b-b04c-32cd2c26f792:c2714, 84ef4577-07e0-4c8d-900e-d449eb7bf65d:c2714]
2019-07-10 10:03:51,245 INFO  client.GrpcClientProtocolClient (GrpcClientProtocolClient.java:onNext(255)) - client-3502B0E99E4B->68798575-c94b-44a6-b996-25df487e3c54: receive RaftClientReply:client-3502B0E99E4B->68798575-c94b-44a6-b996-25df487e3c54@group-48C576E544C9, cid=1868, SUCCESS, logIndex=0, commits[68798575-c94b-44a6-b996-25df487e3c54:c2719, 9ec8ead9-888e-415b-b04c-32cd2c26f792:c2718, 84ef4577-07e0-4c8d-900e-d449eb7bf65d:c2718]
2019-07-10 10:03:51,268 INFO  client.GrpcClientProtocolClient (GrpcClientProtocolClient.java:onNext(255)) - client-3502B0E99E4B->68798575-c94b-44a6-b996-25df487e3c54: receive RaftClientReply:client-3502B0E99E4B->68798575-c94b-44a6-b996-25df487e3c54@group-48C576E544C9, cid=1869, SUCCESS, logIndex=2721, commits[68798575-c94b-44a6-b996-25df487e3c54:c2722, 9ec8ead9-888e-415b-b04c-32cd2c26f792:c2720, 84ef4577-07e0-4c8d-900e-d449eb7bf65d:c2718]
2019-07-10 10:03:51,272 INFO  client.GrpcClientProtocolClient (GrpcClientProtocolClient.java:onNext(255)) - client-3502B0E99E4B->68798575-c94b-44a6-b996-25df487e3c54: receive RaftClientReply:client-3502B0E99E4B->68798575-c94b-44a6-b996-25df487e3c54@group-48C576E544C9, cid=1870, SUCCESS, logIndex=2722, commits[68798575-c94b-44a6-b996-25df487e3c54:c2722, 9ec8ead9-888e-415b-b04c-32cd2c26f792:c2720, 84ef4577-07e0-4c8d-900e-d449eb7bf65d:c2718]
2019-07-10 10:03:51,274 INFO  client.GrpcClientProtocolClient (GrpcClientProtocolClient.java:onNext(255)) - client-3502B0E99E4B->68798575-c94b-44a6-b996-25df487e3c54: receive RaftClientReply:client-3502B0E99E4B->68798575-c94b-44a6-b996-25df487e3c54@group-48C576E544C9, cid=1871, SUCCESS, logIndex=2723, commits[68798575-c94b-44a6-b996-25df487e3c54:c2724, 9ec8ead9-888e-415b-b04c-32cd2c26f792:c2720, 84ef4577-07e0-4c8d-900e-d449eb7bf65d:c2720]
2019-07-10 10:03:51,274 INFO  client.GrpcClientProtocolClient (GrpcClientProtocolClient.java:onNext(255)) - client-3502B0E99E4B->68798575-c94b-44a6-b996-25df487e3c54: receive RaftClientReply:client-3502B0E99E4B->68798575-c94b-44a6-b996-25df487e3c54@group-48C576E544C9, cid=1872, SUCCESS, logIndex=2724, commits[68798575-c94b-44a6-b996-25df487e3c54:c2724, 9ec8ead9-888e-415b-b04c-32cd2c26f792:c2720, 84ef4577-07e0-4c8d-900e-d449eb7bf65d:c2720]
2019-07-10 10:03:51,276 INFO  client.GrpcClientProtocolClient (GrpcClientProtocolClient.java:onNext(255)) - client-3502B0E99E4B->68798575-c94b-44a6-b996-25df487e3c54: receive RaftClientReply:client-3502B0E99E4B->68798575-c94b-44a6-b996-25df487e3c54@group-48C576E544C9, cid=1873, SUCCESS, logIndex=0, commits[68798575-c94b-44a6-b996-25df487e3c54:c2727, 9ec8ead9-888e-415b-b04c-32cd2c26f792:c2722, 84ef4577-07e0-4c8d-900e-d449eb7bf65d:c2723]
2019-07-10 10:03:51,296 INFO  client.GrpcClientProtocolClient (GrpcClientProtocolClient.java:onNext(255)) - client-3502B0E99E4B->68798575-c94b-44a6-b996-25df487e3c54: receive RaftClientReply:client-3502B0E99E4B->68798575-c94b-44a6-b996-25df487e3c54@group-48C576E544C9, cid=1874, SUCCESS, logIndex=2729, commits[68798575-c94b-44a6-b996-25df487e3c54:c2730, 9ec8ead9-888e-415b-b04c-32cd2c26f792:c2728, 84ef4577-07e0-4c8d-900e-d449eb7bf65d:c2728]
2019-07-10 10:03:51,296 INFO  client.GrpcClientProtocolClient (GrpcClientProtocolClient.java:onNext(255)) - client-3502B0E99E4B->68798575-c94b-44a6-b996-25df487e3c54: receive RaftClientReply:client-3502B0E99E4B->68798575-c94b-44a6-b996-25df487e3c54@group-48C576E544C9, cid=1875, SUCCESS, logIndex=2730, commits[68798575-c94b-44a6-b996-25df487e3c54:c2730, 9ec8ead9-888e-415b-b04c-32cd2c26f792:c2728, 84ef4577-07e0-4c8d-900e-d449eb7bf65d:c2728]
2019-07-10 10:03:51,309 INFO  client.GrpcClientProtocolClient (GrpcClientProtocolClient.java:onNext(255)) - client-3502B0E99E4B->68798575-c94b-44a6-b996-25df487e3c54: receive RaftClientReply:client-3502B0E99E4B->68798575-c94b-44a6-b996-25df487e3c54@group-48C576E544C9, cid=1876, SUCCESS, logIndex=2733, commits[68798575-c94b-44a6-b996-25df487e3c54:c2734, 9ec8ead9-888e-415b-b04c-32cd2c26f792:c2730, 84ef4577-07e0-4c8d-900e-d449eb7bf65d:c2730]
2019-07-10 10:03:51,310 INFO  client.GrpcClientProtocolClient (GrpcClientProtocolClient.java:onNext(255)) - client-3502B0E99E4B->68798575-c94b-44a6-b996-25df487e3c54: receive RaftClientReply:client-3502B0E99E4B->68798575-c94b-44a6-b996-25df487e3c54@group-48C576E544C9, cid=1877, SUCCESS, logIndex=2734, commits[68798575-c94b-44a6-b996-25df487e3c54:c2734, 9ec8ead9-888e-415b-b04c-32cd2c26f792:c2730, 84ef4577-07e0-4c8d-900e-d449eb7bf65d:c2730]
2019-07-10 10:03:51,323 INFO  client.GrpcClientProtocolClient (GrpcClientProtocolClient.java:onNext(255)) - client-3502B0E99E4B->68798575-c94b-44a6-b996-25df487e3c54: receive RaftClientReply:client-3502B0E99E4B->68798575-c94b-44a6-b996-25df487e3c54@group-48C576E544C9, cid=1878, SUCCESS, logIndex=0, commits[68798575-c94b-44a6-b996-25df487e3c54:c2736, 9ec8ead9-888e-415b-b04c-32cd2c26f792:c2734, 84ef4577-07e0-4c8d-900e-d449eb7bf65d:c2734]
2019-07-10 10:03:51,349 INFO  client.GrpcClientProtocolClient (GrpcClientProtocolClient.java:onNext(255)) - client-3502B0E99E4B->68798575-c94b-44a6-b996-25df487e3c54: receive RaftClientReply:client-3502B0E99E4B->68798575-c94b-44a6-b996-25df487e3c54@group-48C576E544C9, cid=1879, SUCCESS, logIndex=2737, commits[68798575-c94b-44a6-b996-25df487e3c54:c2738, 9ec8ead9-888e-415b-b04c-32cd2c26f792:c2736, 84ef4577-07e0-4c8d-900e-d449eb7bf65d:c2736]
2019-07-10 10:03:51,349 INFO  client.GrpcClientProtocolClient (GrpcClientProtocolClient.java:onNext(255)) - client-3502B0E99E4B->68798575-c94b-44a6-b996-25df487e3c54: receive RaftClientReply:client-3502B0E99E4B->68798575-c94b-44a6-b996-25df487e3c54@group-48C576E544C9, cid=1880, SUCCESS, logIndex=2738, commits[68798575-c94b-44a6-b996-25df487e3c54:c2740, 9ec8ead9-888e-415b-b04c-32cd2c26f792:c2736, 84ef4577-07e0-4c8d-900e-d449eb7bf65d:c2736]
2019-07-10 10:03:51,350 INFO  client.GrpcClientProtocolClient (GrpcClientProtocolClient.java:onNext(255)) - client-3502B0E99E4B->68798575-c94b-44a6-b996-25df487e3c54: receive RaftClientReply:client-3502B0E99E4B->68798575-c94b-44a6-b996-25df487e3c54@group-48C576E544C9, cid=1881, SUCCESS, logIndex=2739, commits[68798575-c94b-44a6-b996-25df487e3c54:c2740, 9ec8ead9-888e-415b-b04c-32cd2c26f792:c2736, 84ef4577-07e0-4c8d-900e-d449eb7bf65d:c2736]
2019-07-10 10:03:51,350 INFO  client.GrpcClientProtocolClient (GrpcClientProtocolClient.java:onNext(255)) - client-3502B0E99E4B->68798575-c94b-44a6-b996-25df487e3c54: receive RaftClientReply:client-3502B0E99E4B->68798575-c94b-44a6-b996-25df487e3c54@group-48C576E544C9, cid=1882, SUCCESS, logIndex=2740, commits[68798575-c94b-44a6-b996-25df487e3c54:c2740, 9ec8ead9-888e-415b-b04c-32cd2c26f792:c2736, 84ef4577-07e0-4c8d-900e-d449eb7bf65d:c2736]
2019-07-10 10:03:51,352 INFO  client.GrpcClientProtocolClient (GrpcClientProtocolClient.java:onNext(255)) - client-3502B0E99E4B->68798575-c94b-44a6-b996-25df487e3c54: receive RaftClientReply:client-3502B0E99E4B->68798575-c94b-44a6-b996-25df487e3c54@group-48C576E544C9, cid=1883, SUCCESS, logIndex=0, commits[68798575-c94b-44a6-b996-25df487e3c54:c2744, 9ec8ead9-888e-415b-b04c-32cd2c26f792:c2740, 84ef4577-07e0-4c8d-900e-d449eb7bf65d:c2738]
2019-07-10 10:03:51,371 INFO  client.GrpcClientProtocolClient (GrpcClientProtocolClient.java:onNext(255)) - client-3502B0E99E4B->68798575-c94b-44a6-b996-25df487e3c54: receive RaftClientReply:client-3502B0E99E4B->68798575-c94b-44a6-b996-25df487e3c54@group-48C576E544C9, cid=1884, SUCCESS, logIndex=2745, commits[68798575-c94b-44a6-b996-25df487e3c54:c2746, 9ec8ead9-888e-415b-b04c-32cd2c26f792:c2744, 84ef4577-07e0-4c8d-900e-d449eb7bf65d:c2744]
2019-07-10 10:03:51,371 INFO  client.GrpcClientProtocolClient (GrpcClientProtocolClient.java:onNext(255)) - client-3502B0E99E4B->68798575-c94b-44a6-b996-25df487e3c54: receive RaftClientReply:client-3502B0E99E4B->68798575-c94b-44a6-b996-25df487e3c54@group-48C576E544C9, cid=1885, SUCCESS, logIndex=2746, commits[68798575-c94b-44a6-b996-25df487e3c54:c2746, 9ec8ead9-888e-415b-b04c-32cd2c26f792:c2744, 84ef4577-07e0-4c8d-900e-d449eb7bf65d:c2744]
2019-07-10 10:03:51,494 INFO  client.GrpcClientProtocolClient (GrpcClientProtocolClient.java:onNext(255)) - client-3502B0E99E4B->68798575-c94b-44a6-b996-25df487e3c54: receive RaftClientReply:client-3502B0E99E4B->68798575-c94b-44a6-b996-25df487e3c54@group-48C576E544C9, cid=1886, SUCCESS, logIndex=2749, commits[68798575-c94b-44a6-b996-25df487e3c54:c2750, 9ec8ead9-888e-415b-b04c-32cd2c26f792:c2746, 84ef4577-07e0-4c8d-900e-d449eb7bf65d:c2746]
2019-07-10 10:03:51,495 INFO  client.GrpcClientProtocolClient (GrpcClientProtocolClient.java:onNext(255)) - client-3502B0E99E4B->68798575-c94b-44a6-b996-25df487e3c54: receive RaftClientReply:client-3502B0E99E4B->68798575-c94b-44a6-b996-25df487e3c54@group-48C576E544C9, cid=1887, SUCCESS, logIndex=2750, commits[68798575-c94b-44a6-b996-25df487e3c54:c2750, 9ec8ead9-888e-415b-b04c-32cd2c26f792:c2746, 84ef4577-07e0-4c8d-900e-d449eb7bf65d:c2746]
2019-07-10 10:03:51,496 INFO  client.GrpcClientProtocolClient (GrpcClientProtocolClient.java:onNext(255)) - client-3502B0E99E4B->68798575-c94b-44a6-b996-25df487e3c54: receive RaftClientReply:client-3502B0E99E4B->68798575-c94b-44a6-b996-25df487e3c54@group-48C576E544C9, cid=1888, SUCCESS, logIndex=0, commits[68798575-c94b-44a6-b996-25df487e3c54:c2751, 9ec8ead9-888e-415b-b04c-32cd2c26f792:c2750, 84ef4577-07e0-4c8d-900e-d449eb7bf65d:c2750]
2019-07-10 10:03:51,527 INFO  client.GrpcClientProtocolClient (GrpcClientProtocolClient.java:onNext(255)) - client-3502B0E99E4B->68798575-c94b-44a6-b996-25df487e3c54: receive RaftClientReply:client-3502B0E99E4B->68798575-c94b-44a6-b996-25df487e3c54@group-48C576E544C9, cid=1889, SUCCESS, logIndex=2753, commits[68798575-c94b-44a6-b996-25df487e3c54:c2754, 9ec8ead9-888e-415b-b04c-32cd2c26f792:c2752, 84ef4577-07e0-4c8d-900e-d449eb7bf65d:c2752]
2019-07-10 10:03:51,527 INFO  client.GrpcClientProtocolClient (GrpcClientProtocolClient.java:onNext(255)) - client-3502B0E99E4B->68798575-c94b-44a6-b996-25df487e3c54: receive RaftClientReply:client-3502B0E99E4B->68798575-c94b-44a6-b996-25df487e3c54@group-48C576E544C9, cid=1890, SUCCESS, logIndex=2754, commits[68798575-c94b-44a6-b996-25df487e3c54:c2756, 9ec8ead9-888e-415b-b04c-32cd2c26f792:c2752, 84ef4577-07e0-4c8d-900e-d449eb7bf65d:c2752]
2019-07-10 10:03:51,527 INFO  client.GrpcClientProtocolClient (GrpcClientProtocolClient.java:onNext(255)) - client-3502B0E99E4B->68798575-c94b-44a6-b996-25df487e3c54: receive RaftClientReply:client-3502B0E99E4B->68798575-c94b-44a6-b996-25df487e3c54@group-48C576E544C9, cid=1891, SUCCESS, logIndex=2755, commits[68798575-c94b-44a6-b996-25df487e3c54:c2756, 9ec8ead9-888e-415b-b04c-32cd2c26f792:c2752, 84ef4577-07e0-4c8d-900e-d449eb7bf65d:c2752]
2019-07-10 10:03:51,528 INFO  client.GrpcClientProtocolClient (GrpcClientProtocolClient.java:onNext(255)) - client-3502B0E99E4B->68798575-c94b-44a6-b996-25df487e3c54: receive RaftClientReply:client-3502B0E99E4B->68798575-c94b-44a6-b996-25df487e3c54@group-48C576E544C9, cid=1892, SUCCESS, logIndex=2756, commits[68798575-c94b-44a6-b996-25df487e3c54:c2756, 9ec8ead9-888e-415b-b04c-32cd2c26f792:c2752, 84ef4577-07e0-4c8d-900e-d449eb7bf65d:c2752]
2019-07-10 10:03:51,529 INFO  client.GrpcClientProtocolClient (GrpcClientProtocolClient.java:onNext(255)) - client-3502B0E99E4B->68798575-c94b-44a6-b996-25df487e3c54: receive RaftClientReply:client-3502B0E99E4B->68798575-c94b-44a6-b996-25df487e3c54@group-48C576E544C9, cid=1893, SUCCESS, logIndex=0, commits[68798575-c94b-44a6-b996-25df487e3c54:c2758, 9ec8ead9-888e-415b-b04c-32cd2c26f792:c2754, 84ef4577-07e0-4c8d-900e-d449eb7bf65d:c2754]
2019-07-10 10:03:51,550 INFO  client.GrpcClientProtocolClient (GrpcClientProtocolClient.java:onNext(255)) - client-3502B0E99E4B->68798575-c94b-44a6-b996-25df487e3c54: receive RaftClientReply:client-3502B0E99E4B->68798575-c94b-44a6-b996-25df487e3c54@group-48C576E544C9, cid=1894, SUCCESS, logIndex=2761, commits[68798575-c94b-44a6-b996-25df487e3c54:c2762, 9ec8ead9-888e-415b-b04c-32cd2c26f792:c2760, 84ef4577-07e0-4c8d-900e-d449eb7bf65d:c2760]
2019-07-10 10:03:51,551 INFO  client.GrpcClientProtocolClient (GrpcClientProtocolClient.java:onNext(255)) - client-3502B0E99E4B->68798575-c94b-44a6-b996-25df487e3c54: receive RaftClientReply:client-3502B0E99E4B->68798575-c94b-44a6-b996-25df487e3c54@group-48C576E544C9, cid=1895, SUCCESS, logIndex=2762, commits[68798575-c94b-44a6-b996-25df487e3c54:c2762, 9ec8ead9-888e-415b-b04c-32cd2c26f792:c2760, 84ef4577-07e0-4c8d-900e-d449eb7bf65d:c2760]
2019-07-10 10:03:51,564 INFO  client.GrpcClientProtocolClient (GrpcClientProtocolClient.java:onNext(255)) - client-3502B0E99E4B->68798575-c94b-44a6-b996-25df487e3c54: receive RaftClientReply:client-3502B0E99E4B->68798575-c94b-44a6-b996-25df487e3c54@group-48C576E544C9, cid=1896, SUCCESS, logIndex=2765, commits[68798575-c94b-44a6-b996-25df487e3c54:c2766, 9ec8ead9-888e-415b-b04c-32cd2c26f792:c2762, 84ef4577-07e0-4c8d-900e-d449eb7bf65d:c2762]
2019-07-10 10:03:51,565 INFO  client.GrpcClientProtocolClient (GrpcClientProtocolClient.java:onNext(255)) - client-3502B0E99E4B->68798575-c94b-44a6-b996-25df487e3c54: receive RaftClientReply:client-3502B0E99E4B->68798575-c94b-44a6-b996-25df487e3c54@group-48C576E544C9, cid=1897, SUCCESS, logIndex=2766, commits[68798575-c94b-44a6-b996-25df487e3c54:c2766, 9ec8ead9-888e-415b-b04c-32cd2c26f792:c2762, 84ef4577-07e0-4c8d-900e-d449eb7bf65d:c2762]
2019-07-10 10:03:51,577 INFO  client.GrpcClientProtocolClient (GrpcClientProtocolClient.java:onNext(255)) - client-3502B0E99E4B->68798575-c94b-44a6-b996-25df487e3c54: receive RaftClientReply:client-3502B0E99E4B->68798575-c94b-44a6-b996-25df487e3c54@group-48C576E544C9, cid=1898, SUCCESS, logIndex=0, commits[68798575-c94b-44a6-b996-25df487e3c54:c2768, 9ec8ead9-888e-415b-b04c-32cd2c26f792:c2766, 84ef4577-07e0-4c8d-900e-d449eb7bf65d:c2766]
2019-07-10 10:03:51,605 INFO  client.GrpcClientProtocolClient (GrpcClientProtocolClient.java:onNext(255)) - client-3502B0E99E4B->68798575-c94b-44a6-b996-25df487e3c54: receive RaftClientReply:client-3502B0E99E4B->68798575-c94b-44a6-b996-25df487e3c54@group-48C576E544C9, cid=1899, SUCCESS, logIndex=2769, commits[68798575-c94b-44a6-b996-25df487e3c54:c2770, 9ec8ead9-888e-415b-b04c-32cd2c26f792:c2768, 84ef4577-07e0-4c8d-900e-d449eb7bf65d:c2768]
2019-07-10 10:03:51,605 INFO  client.GrpcClientProtocolClient (GrpcClientProtocolClient.java:onNext(255)) - client-3502B0E99E4B->68798575-c94b-44a6-b996-25df487e3c54: receive RaftClientReply:client-3502B0E99E4B->68798575-c94b-44a6-b996-25df487e3c54@group-48C576E544C9, cid=1900, SUCCESS, logIndex=2770, commits[68798575-c94b-44a6-b996-25df487e3c54:c2770, 9ec8ead9-888e-415b-b04c-32cd2c26f792:c2768, 84ef4577-07e0-4c8d-900e-d449eb7bf65d:c2768]
2019-07-10 10:03:51,606 INFO  client.GrpcClientProtocolClient (GrpcClientProtocolClient.java:onNext(255)) - client-3502B0E99E4B->68798575-c94b-44a6-b996-25df487e3c54: receive RaftClientReply:client-3502B0E99E4B->68798575-c94b-44a6-b996-25df487e3c54@group-48C576E544C9, cid=1901, SUCCESS, logIndex=2771, commits[68798575-c94b-44a6-b996-25df487e3c54:c2772, 9ec8ead9-888e-415b-b04c-32cd2c26f792:c2768, 84ef4577-07e0-4c8d-900e-d449eb7bf65d:c2768]
2019-07-10 10:03:51,606 INFO  client.GrpcClientProtocolClient (GrpcClientProtocolClient.java:onNext(255)) - client-3502B0E99E4B->68798575-c94b-44a6-b996-25df487e3c54: receive RaftClientReply:client-3502B0E99E4B->68798575-c94b-44a6-b996-25df487e3c54@group-48C576E544C9, cid=1902, SUCCESS, logIndex=2772, commits[68798575-c94b-44a6-b996-25df487e3c54:c2772, 9ec8ead9-888e-415b-b04c-32cd2c26f792:c2768, 84ef4577-07e0-4c8d-900e-d449eb7bf65d:c2768]
2019-07-10 10:03:51,608 INFO  client.GrpcClientProtocolClient (GrpcClientProtocolClient.java:onNext(255)) - client-3502B0E99E4B->68798575-c94b-44a6-b996-25df487e3c54: receive RaftClientReply:client-3502B0E99E4B->68798575-c94b-44a6-b996-25df487e3c54@group-48C576E544C9, cid=1903, SUCCESS, logIndex=0, commits[68798575-c94b-44a6-b996-25df487e3c54:c2776, 9ec8ead9-888e-415b-b04c-32cd2c26f792:c2770, 84ef4577-07e0-4c8d-900e-d449eb7bf65d:c2772]
 0.00% |█                                                                                                    |  0/1 Time: 0:00:152019-07-10 10:03:51,628 INFO  client.GrpcClientProtocolClient (GrpcClientProtocolClient.java:onNext(255)) - client-3502B0E99E4B->68798575-c94b-44a6-b996-25df487e3c54: receive RaftClientReply:client-3502B0E99E4B->68798575-c94b-44a6-b996-25df487e3c54@group-48C576E544C9, cid=1904, SUCCESS, logIndex=2777, commits[68798575-c94b-44a6-b996-25df487e3c54:c2778, 9ec8ead9-888e-415b-b04c-32cd2c26f792:c2776, 84ef4577-07e0-4c8d-900e-d449eb7bf65d:c2776]
2019-07-10 10:03:51,629 INFO  client.GrpcClientProtocolClient (GrpcClientProtocolClient.java:onNext(255)) - client-3502B0E99E4B->68798575-c94b-44a6-b996-25df487e3c54: receive RaftClientReply:client-3502B0E99E4B->68798575-c94b-44a6-b996-25df487e3c54@group-48C576E544C9, cid=1905, SUCCESS, logIndex=2778, commits[68798575-c94b-44a6-b996-25df487e3c54:c2778, 9ec8ead9-888e-415b-b04c-32cd2c26f792:c2776, 84ef4577-07e0-4c8d-900e-d449eb7bf65d:c2776]
2019-07-10 10:03:51,642 INFO  client.GrpcClientProtocolClient (GrpcClientProtocolClient.java:onNext(255)) - client-3502B0E99E4B->68798575-c94b-44a6-b996-25df487e3c54: receive RaftClientReply:client-3502B0E99E4B->68798575-c94b-44a6-b996-25df487e3c54@group-48C576E544C9, cid=1906, SUCCESS, logIndex=2781, commits[68798575-c94b-44a6-b996-25df487e3c54:c2782, 9ec8ead9-888e-415b-b04c-32cd2c26f792:c2778, 84ef4577-07e0-4c8d-900e-d449eb7bf65d:c2778]
2019-07-10 10:03:51,643 INFO  client.GrpcClientProtocolClient (GrpcClientProtocolClient.java:onNext(255)) - client-3502B0E99E4B->68798575-c94b-44a6-b996-25df487e3c54: receive RaftClientReply:client-3502B0E99E4B->68798575-c94b-44a6-b996-25df487e3c54@group-48C576E544C9, cid=1907, SUCCESS, logIndex=2782, commits[68798575-c94b-44a6-b996-25df487e3c54:c2782, 9ec8ead9-888e-415b-b04c-32cd2c26f792:c2778, 84ef4577-07e0-4c8d-900e-d449eb7bf65d:c2778]
2019-07-10 10:03:51,657 INFO  client.GrpcClientProtocolClient (GrpcClientProtocolClient.java:onNext(255)) - client-3502B0E99E4B->68798575-c94b-44a6-b996-25df487e3c54: receive RaftClientReply:client-3502B0E99E4B->68798575-c94b-44a6-b996-25df487e3c54@group-48C576E544C9, cid=1908, SUCCESS, logIndex=0, commits[68798575-c94b-44a6-b996-25df487e3c54:c2784, 9ec8ead9-888e-415b-b04c-32cd2c26f792:c2782, 84ef4577-07e0-4c8d-900e-d449eb7bf65d:c2782]
2019-07-10 10:03:51,682 INFO  client.GrpcClientProtocolClient (GrpcClientProtocolClient.java:onNext(255)) - client-3502B0E99E4B->68798575-c94b-44a6-b996-25df487e3c54: receive RaftClientReply:client-3502B0E99E4B->68798575-c94b-44a6-b996-25df487e3c54@group-48C576E544C9, cid=1909, SUCCESS, logIndex=2785, commits[68798575-c94b-44a6-b996-25df487e3c54:c2786, 9ec8ead9-888e-415b-b04c-32cd2c26f792:c2784, 84ef4577-07e0-4c8d-900e-d449eb7bf65d:c2784]
2019-07-10 10:03:51,683 INFO  client.GrpcClientProtocolClient (GrpcClientProtocolClient.java:onNext(255)) - client-3502B0E99E4B->68798575-c94b-44a6-b996-25df487e3c54: receive RaftClientReply:client-3502B0E99E4B->68798575-c94b-44a6-b996-25df487e3c54@group-48C576E544C9, cid=1910, SUCCESS, logIndex=2786, commits[68798575-c94b-44a6-b996-25df487e3c54:c2788, 9ec8ead9-888e-415b-b04c-32cd2c26f792:c2784, 84ef4577-07e0-4c8d-900e-d449eb7bf65d:c2784]
2019-07-10 10:03:51,683 INFO  client.GrpcClientProtocolClient (GrpcClientProtocolClient.java:onNext(255)) - client-3502B0E99E4B->68798575-c94b-44a6-b996-25df487e3c54: receive RaftClientReply:client-3502B0E99E4B->68798575-c94b-44a6-b996-25df487e3c54@group-48C576E544C9, cid=1911, SUCCESS, logIndex=2787, commits[68798575-c94b-44a6-b996-25df487e3c54:c2788, 9ec8ead9-888e-415b-b04c-32cd2c26f792:c2784, 84ef4577-07e0-4c8d-900e-d449eb7bf65d:c2784]
2019-07-10 10:03:51,683 INFO  client.GrpcClientProtocolClient (GrpcClientProtocolClient.java:onNext(255)) - client-3502B0E99E4B->68798575-c94b-44a6-b996-25df487e3c54: receive RaftClientReply:client-3502B0E99E4B->68798575-c94b-44a6-b996-25df487e3c54@group-48C576E544C9, cid=1912, SUCCESS, logIndex=2788, commits[68798575-c94b-44a6-b996-25df487e3c54:c2788, 9ec8ead9-888e-415b-b04c-32cd2c26f792:c2784, 84ef4577-07e0-4c8d-900e-d449eb7bf65d:c2784]
2019-07-10 10:03:51,685 INFO  client.GrpcClientProtocolClient (GrpcClientProtocolClient.java:onNext(255)) - client-3502B0E99E4B->68798575-c94b-44a6-b996-25df487e3c54: receive RaftClientReply:client-3502B0E99E4B->68798575-c94b-44a6-b996-25df487e3c54@group-48C576E544C9, cid=1913, SUCCESS, logIndex=0, commits[68798575-c94b-44a6-b996-25df487e3c54:c2792, 9ec8ead9-888e-415b-b04c-32cd2c26f792:c2786, 84ef4577-07e0-4c8d-900e-d449eb7bf65d:c2788]
2019-07-10 10:03:51,705 INFO  client.GrpcClientProtocolClient (GrpcClientProtocolClient.java:onNext(255)) - client-3502B0E99E4B->68798575-c94b-44a6-b996-25df487e3c54: receive RaftClientReply:client-3502B0E99E4B->68798575-c94b-44a6-b996-25df487e3c54@group-48C576E544C9, cid=1914, SUCCESS, logIndex=2793, commits[68798575-c94b-44a6-b996-25df487e3c54:c2794, 9ec8ead9-888e-415b-b04c-32cd2c26f792:c2792, 84ef4577-07e0-4c8d-900e-d449eb7bf65d:c2792]
2019-07-10 10:03:51,705 INFO  client.GrpcClientProtocolClient (GrpcClientProtocolClient.java:onNext(255)) - client-3502B0E99E4B->68798575-c94b-44a6-b996-25df487e3c54: receive RaftClientReply:client-3502B0E99E4B->68798575-c94b-44a6-b996-25df487e3c54@group-48C576E544C9, cid=1915, SUCCESS, logIndex=2794, commits[68798575-c94b-44a6-b996-25df487e3c54:c2794, 9ec8ead9-888e-415b-b04c-32cd2c26f792:c2792, 84ef4577-07e0-4c8d-900e-d449eb7bf65d:c2792]
2019-07-10 10:03:51,717 INFO  client.GrpcClientProtocolClient (GrpcClientProtocolClient.java:onNext(255)) - client-3502B0E99E4B->68798575-c94b-44a6-b996-25df487e3c54: receive RaftClientReply:client-3502B0E99E4B->68798575-c94b-44a6-b996-25df487e3c54@group-48C576E544C9, cid=1916, SUCCESS, logIndex=2797, commits[68798575-c94b-44a6-b996-25df487e3c54:c2797, 9ec8ead9-888e-415b-b04c-32cd2c26f792:c2794, 84ef4577-07e0-4c8d-900e-d449eb7bf65d:c2794]
2019-07-10 10:03:51,717 INFO  client.GrpcClientProtocolClient (GrpcClientProtocolClient.java:onNext(255)) - client-3502B0E99E4B->68798575-c94b-44a6-b996-25df487e3c54: receive RaftClientReply:client-3502B0E99E4B->68798575-c94b-44a6-b996-25df487e3c54@group-48C576E544C9, cid=1917, SUCCESS, logIndex=2798, commits[68798575-c94b-44a6-b996-25df487e3c54:c2798, 9ec8ead9-888e-415b-b04c-32cd2c26f792:c2794, 84ef4577-07e0-4c8d-900e-d449eb7bf65d:c2794]
2019-07-10 10:03:51,730 INFO  client.GrpcClientProtocolClient (GrpcClientProtocolClient.java:onNext(255)) - client-3502B0E99E4B->68798575-c94b-44a6-b996-25df487e3c54: receive RaftClientReply:client-3502B0E99E4B->68798575-c94b-44a6-b996-25df487e3c54@group-48C576E544C9, cid=1918, SUCCESS, logIndex=0, commits[68798575-c94b-44a6-b996-25df487e3c54:c2800, 9ec8ead9-888e-415b-b04c-32cd2c26f792:c2798, 84ef4577-07e0-4c8d-900e-d449eb7bf65d:c2798]
2019-07-10 10:03:51,753 INFO  client.GrpcClientProtocolClient (GrpcClientProtocolClient.java:onNext(255)) - client-3502B0E99E4B->68798575-c94b-44a6-b996-25df487e3c54: receive RaftClientReply:client-3502B0E99E4B->68798575-c94b-44a6-b996-25df487e3c54@group-48C576E544C9, cid=1919, SUCCESS, logIndex=2801, commits[68798575-c94b-44a6-b996-25df487e3c54:c2802, 9ec8ead9-888e-415b-b04c-32cd2c26f792:c2800, 84ef4577-07e0-4c8d-900e-d449eb7bf65d:c2800]
2019-07-10 10:03:51,754 INFO  client.GrpcClientProtocolClient (GrpcClientProtocolClient.java:onNext(255)) - client-3502B0E99E4B->68798575-c94b-44a6-b996-25df487e3c54: receive RaftClientReply:client-3502B0E99E4B->68798575-c94b-44a6-b996-25df487e3c54@group-48C576E544C9, cid=1920, SUCCESS, logIndex=2802, commits[68798575-c94b-44a6-b996-25df487e3c54:c2804, 9ec8ead9-888e-415b-b04c-32cd2c26f792:c2800, 84ef4577-07e0-4c8d-900e-d449eb7bf65d:c2800]
2019-07-10 10:03:51,754 INFO  client.GrpcClientProtocolClient (GrpcClientProtocolClient.java:onNext(255)) - client-3502B0E99E4B->68798575-c94b-44a6-b996-25df487e3c54: receive RaftClientReply:client-3502B0E99E4B->68798575-c94b-44a6-b996-25df487e3c54@group-48C576E544C9, cid=1921, SUCCESS, logIndex=2803, commits[68798575-c94b-44a6-b996-25df487e3c54:c2804, 9ec8ead9-888e-415b-b04c-32cd2c26f792:c2800, 84ef4577-07e0-4c8d-900e-d449eb7bf65d:c2800]
2019-07-10 10:03:51,754 INFO  client.GrpcClientProtocolClient (GrpcClientProtocolClient.java:onNext(255)) - client-3502B0E99E4B->68798575-c94b-44a6-b996-25df487e3c54: receive RaftClientReply:client-3502B0E99E4B->68798575-c94b-44a6-b996-25df487e3c54@group-48C576E544C9, cid=1922, SUCCESS, logIndex=2804, commits[68798575-c94b-44a6-b996-25df487e3c54:c2804, 9ec8ead9-888e-415b-b04c-32cd2c26f792:c2800, 84ef4577-07e0-4c8d-900e-d449eb7bf65d:c2800]
2019-07-10 10:03:51,756 INFO  client.GrpcClientProtocolClient (GrpcClientProtocolClient.java:onNext(255)) - client-3502B0E99E4B->68798575-c94b-44a6-b996-25df487e3c54: receive RaftClientReply:client-3502B0E99E4B->68798575-c94b-44a6-b996-25df487e3c54@group-48C576E544C9, cid=1923, SUCCESS, logIndex=0, commits[68798575-c94b-44a6-b996-25df487e3c54:c2805, 9ec8ead9-888e-415b-b04c-32cd2c26f792:c2802, 84ef4577-07e0-4c8d-900e-d449eb7bf65d:c2802]
2019-07-10 10:03:51,804 INFO  client.GrpcClientProtocolClient (GrpcClientProtocolClient.java:onNext(255)) - client-3502B0E99E4B->68798575-c94b-44a6-b996-25df487e3c54: receive RaftClientReply:client-3502B0E99E4B->68798575-c94b-44a6-b996-25df487e3c54@group-48C576E544C9, cid=1924, SUCCESS, logIndex=2809, commits[68798575-c94b-44a6-b996-25df487e3c54:c2810, 9ec8ead9-888e-415b-b04c-32cd2c26f792:c2808, 84ef4577-07e0-4c8d-900e-d449eb7bf65d:c2808]
2019-07-10 10:03:51,805 INFO  client.GrpcClientProtocolClient (GrpcClientProtocolClient.java:onNext(255)) - client-3502B0E99E4B->68798575-c94b-44a6-b996-25df487e3c54: receive RaftClientReply:client-3502B0E99E4B->68798575-c94b-44a6-b996-25df487e3c54@group-48C576E544C9, cid=1925, SUCCESS, logIndex=2810, commits[68798575-c94b-44a6-b996-25df487e3c54:c2810, 9ec8ead9-888e-415b-b04c-32cd2c26f792:c2808, 84ef4577-07e0-4c8d-900e-d449eb7bf65d:c2808]
2019-07-10 10:03:51,824 INFO  client.GrpcClientProtocolClient (GrpcClientProtocolClient.java:onNext(255)) - client-3502B0E99E4B->68798575-c94b-44a6-b996-25df487e3c54: receive RaftClientReply:client-3502B0E99E4B->68798575-c94b-44a6-b996-25df487e3c54@group-48C576E544C9, cid=1926, SUCCESS, logIndex=2813, commits[68798575-c94b-44a6-b996-25df487e3c54:c2814, 9ec8ead9-888e-415b-b04c-32cd2c26f792:c2810, 84ef4577-07e0-4c8d-900e-d449eb7bf65d:c2810]
2019-07-10 10:03:51,825 INFO  client.GrpcClientProtocolClient (GrpcClientProtocolClient.java:onNext(255)) - client-3502B0E99E4B->68798575-c94b-44a6-b996-25df487e3c54: receive RaftClientReply:client-3502B0E99E4B->68798575-c94b-44a6-b996-25df487e3c54@group-48C576E544C9, cid=1927, SUCCESS, logIndex=2814, commits[68798575-c94b-44a6-b996-25df487e3c54:c2814, 9ec8ead9-888e-415b-b04c-32cd2c26f792:c2810, 84ef4577-07e0-4c8d-900e-d449eb7bf65d:c2810]
2019-07-10 10:03:51,839 INFO  client.GrpcClientProtocolClient (GrpcClientProtocolClient.java:onNext(255)) - client-3502B0E99E4B->68798575-c94b-44a6-b996-25df487e3c54: receive RaftClientReply:client-3502B0E99E4B->68798575-c94b-44a6-b996-25df487e3c54@group-48C576E544C9, cid=1928, SUCCESS, logIndex=0, commits[68798575-c94b-44a6-b996-25df487e3c54:c2816, 9ec8ead9-888e-415b-b04c-32cd2c26f792:c2814, 84ef4577-07e0-4c8d-900e-d449eb7bf65d:c2814]
2019-07-10 10:03:51,878 INFO  client.GrpcClientProtocolClient (GrpcClientProtocolClient.java:onNext(255)) - client-3502B0E99E4B->68798575-c94b-44a6-b996-25df487e3c54: receive RaftClientReply:client-3502B0E99E4B->68798575-c94b-44a6-b996-25df487e3c54@group-48C576E544C9, cid=1929, SUCCESS, logIndex=2817, commits[68798575-c94b-44a6-b996-25df487e3c54:c2818, 9ec8ead9-888e-415b-b04c-32cd2c26f792:c2816, 84ef4577-07e0-4c8d-900e-d449eb7bf65d:c2816]
2019-07-10 10:03:51,879 INFO  client.GrpcClientProtocolClient (GrpcClientProtocolClient.java:onNext(255)) - client-3502B0E99E4B->68798575-c94b-44a6-b996-25df487e3c54: receive RaftClientReply:client-3502B0E99E4B->68798575-c94b-44a6-b996-25df487e3c54@group-48C576E544C9, cid=1930, SUCCESS, logIndex=2818, commits[68798575-c94b-44a6-b996-25df487e3c54:c2819, 9ec8ead9-888e-415b-b04c-32cd2c26f792:c2816, 84ef4577-07e0-4c8d-900e-d449eb7bf65d:c2816]
2019-07-10 10:03:51,879 INFO  client.GrpcClientProtocolClient (GrpcClientProtocolClient.java:onNext(255)) - client-3502B0E99E4B->68798575-c94b-44a6-b996-25df487e3c54: receive RaftClientReply:client-3502B0E99E4B->68798575-c94b-44a6-b996-25df487e3c54@group-48C576E544C9, cid=1931, SUCCESS, logIndex=2819, commits[68798575-c94b-44a6-b996-25df487e3c54:c2820, 9ec8ead9-888e-415b-b04c-32cd2c26f792:c2816, 84ef4577-07e0-4c8d-900e-d449eb7bf65d:c2816]
2019-07-10 10:03:51,879 INFO  client.GrpcClientProtocolClient (GrpcClientProtocolClient.java:onNext(255)) - client-3502B0E99E4B->68798575-c94b-44a6-b996-25df487e3c54: receive RaftClientReply:client-3502B0E99E4B->68798575-c94b-44a6-b996-25df487e3c54@group-48C576E544C9, cid=1932, SUCCESS, logIndex=2820, commits[68798575-c94b-44a6-b996-25df487e3c54:c2820, 9ec8ead9-888e-415b-b04c-32cd2c26f792:c2816, 84ef4577-07e0-4c8d-900e-d449eb7bf65d:c2816]
2019-07-10 10:03:51,881 INFO  client.GrpcClientProtocolClient (GrpcClientProtocolClient.java:onNext(255)) - client-3502B0E99E4B->68798575-c94b-44a6-b996-25df487e3c54: receive RaftClientReply:client-3502B0E99E4B->68798575-c94b-44a6-b996-25df487e3c54@group-48C576E544C9, cid=1933, SUCCESS, logIndex=0, commits[68798575-c94b-44a6-b996-25df487e3c54:c2823, 9ec8ead9-888e-415b-b04c-32cd2c26f792:c2818, 84ef4577-07e0-4c8d-900e-d449eb7bf65d:c2819]
2019-07-10 10:03:51,905 INFO  client.GrpcClientProtocolClient (GrpcClientProtocolClient.java:onNext(255)) - client-3502B0E99E4B->68798575-c94b-44a6-b996-25df487e3c54: receive RaftClientReply:client-3502B0E99E4B->68798575-c94b-44a6-b996-25df487e3c54@group-48C576E544C9, cid=1934, SUCCESS, logIndex=2825, commits[68798575-c94b-44a6-b996-25df487e3c54:c2826, 9ec8ead9-888e-415b-b04c-32cd2c26f792:c2824, 84ef4577-07e0-4c8d-900e-d449eb7bf65d:c2824]
2019-07-10 10:03:51,905 INFO  client.GrpcClientProtocolClient (GrpcClientProtocolClient.java:onNext(255)) - client-3502B0E99E4B->68798575-c94b-44a6-b996-25df487e3c54: receive RaftClientReply:client-3502B0E99E4B->68798575-c94b-44a6-b996-25df487e3c54@group-48C576E544C9, cid=1935, SUCCESS, logIndex=2826, commits[68798575-c94b-44a6-b996-25df487e3c54:c2826, 9ec8ead9-888e-415b-b04c-32cd2c26f792:c2824, 84ef4577-07e0-4c8d-900e-d449eb7bf65d:c2824]
2019-07-10 10:03:51,931 INFO  client.GrpcClientProtocolClient (GrpcClientProtocolClient.java:onNext(255)) - client-3502B0E99E4B->68798575-c94b-44a6-b996-25df487e3c54: receive RaftClientReply:client-3502B0E99E4B->68798575-c94b-44a6-b996-25df487e3c54@group-48C576E544C9, cid=1936, SUCCESS, logIndex=2829, commits[68798575-c94b-44a6-b996-25df487e3c54:c2830, 9ec8ead9-888e-415b-b04c-32cd2c26f792:c2826, 84ef4577-07e0-4c8d-900e-d449eb7bf65d:c2826]
2019-07-10 10:03:51,931 INFO  client.GrpcClientProtocolClient (GrpcClientProtocolClient.java:onNext(255)) - client-3502B0E99E4B->68798575-c94b-44a6-b996-25df487e3c54: receive RaftClientReply:client-3502B0E99E4B->68798575-c94b-44a6-b996-25df487e3c54@group-48C576E544C9, cid=1937, SUCCESS, logIndex=2830, commits[68798575-c94b-44a6-b996-25df487e3c54:c2830, 9ec8ead9-888e-415b-b04c-32cd2c26f792:c2826, 84ef4577-07e0-4c8d-900e-d449eb7bf65d:c2826]
2019-07-10 10:03:51,943 INFO  client.GrpcClientProtocolClient (GrpcClientProtocolClient.java:onNext(255)) - client-3502B0E99E4B->68798575-c94b-44a6-b996-25df487e3c54: receive RaftClientReply:client-3502B0E99E4B->68798575-c94b-44a6-b996-25df487e3c54@group-48C576E544C9, cid=1938, SUCCESS, logIndex=0, commits[68798575-c94b-44a6-b996-25df487e3c54:c2831, 9ec8ead9-888e-415b-b04c-32cd2c26f792:c2830, 84ef4577-07e0-4c8d-900e-d449eb7bf65d:c2830]
2019-07-10 10:03:51,974 INFO  client.GrpcClientProtocolClient (GrpcClientProtocolClient.java:onNext(255)) - client-3502B0E99E4B->68798575-c94b-44a6-b996-25df487e3c54: receive RaftClientReply:client-3502B0E99E4B->68798575-c94b-44a6-b996-25df487e3c54@group-48C576E544C9, cid=1939, SUCCESS, logIndex=2833, commits[68798575-c94b-44a6-b996-25df487e3c54:c2834, 9ec8ead9-888e-415b-b04c-32cd2c26f792:c2832, 84ef4577-07e0-4c8d-900e-d449eb7bf65d:c2832]
2019-07-10 10:03:51,974 INFO  client.GrpcClientProtocolClient (GrpcClientProtocolClient.java:onNext(255)) - client-3502B0E99E4B->68798575-c94b-44a6-b996-25df487e3c54: receive RaftClientReply:client-3502B0E99E4B->68798575-c94b-44a6-b996-25df487e3c54@group-48C576E544C9, cid=1940, SUCCESS, logIndex=2834, commits[68798575-c94b-44a6-b996-25df487e3c54:c2834, 9ec8ead9-888e-415b-b04c-32cd2c26f792:c2832, 84ef4577-07e0-4c8d-900e-d449eb7bf65d:c2832]
2019-07-10 10:03:51,985 INFO  client.GrpcClientProtocolClient (GrpcClientProtocolClient.java:onNext(255)) - client-3502B0E99E4B->68798575-c94b-44a6-b996-25df487e3c54: receive RaftClientReply:client-3502B0E99E4B->68798575-c94b-44a6-b996-25df487e3c54@group-48C576E544C9, cid=1941, SUCCESS, logIndex=2835, commits[68798575-c94b-44a6-b996-25df487e3c54:c2836, 9ec8ead9-888e-415b-b04c-32cd2c26f792:c2832, 84ef4577-07e0-4c8d-900e-d449eb7bf65d:c2832]
2019-07-10 10:03:51,985 INFO  client.GrpcClientProtocolClient (GrpcClientProtocolClient.java:onNext(255)) - client-3502B0E99E4B->68798575-c94b-44a6-b996-25df487e3c54: receive RaftClientReply:client-3502B0E99E4B->68798575-c94b-44a6-b996-25df487e3c54@group-48C576E544C9, cid=1942, SUCCESS, logIndex=2836, commits[68798575-c94b-44a6-b996-25df487e3c54:c2836, 9ec8ead9-888e-415b-b04c-32cd2c26f792:c2832, 84ef4577-07e0-4c8d-900e-d449eb7bf65d:c2832]
2019-07-10 10:03:51,988 INFO  client.GrpcClientProtocolClient (GrpcClientProtocolClient.java:onNext(255)) - client-3502B0E99E4B->68798575-c94b-44a6-b996-25df487e3c54: receive RaftClientReply:client-3502B0E99E4B->68798575-c94b-44a6-b996-25df487e3c54@group-48C576E544C9, cid=1943, SUCCESS, logIndex=0, commits[68798575-c94b-44a6-b996-25df487e3c54:c2838, 9ec8ead9-888e-415b-b04c-32cd2c26f792:c2834, 84ef4577-07e0-4c8d-900e-d449eb7bf65d:c2834]
2019-07-10 10:03:52,001 INFO  client.GrpcClientProtocolClient (GrpcClientProtocolClient.java:onNext(255)) - client-3502B0E99E4B->68798575-c94b-44a6-b996-25df487e3c54: receive RaftClientReply:client-3502B0E99E4B->68798575-c94b-44a6-b996-25df487e3c54@group-48C576E544C9, cid=1944, SUCCESS, logIndex=2841, commits[68798575-c94b-44a6-b996-25df487e3c54:c2842, 9ec8ead9-888e-415b-b04c-32cd2c26f792:c2836, 84ef4577-07e0-4c8d-900e-d449eb7bf65d:c2838]
2019-07-10 10:03:52,001 INFO  client.GrpcClientProtocolClient (GrpcClientProtocolClient.java:onNext(255)) - client-3502B0E99E4B->68798575-c94b-44a6-b996-25df487e3c54: receive RaftClientReply:client-3502B0E99E4B->68798575-c94b-44a6-b996-25df487e3c54@group-48C576E544C9, cid=1945, SUCCESS, logIndex=2842, commits[68798575-c94b-44a6-b996-25df487e3c54:c2842, 9ec8ead9-888e-415b-b04c-32cd2c26f792:c2838, 84ef4577-07e0-4c8d-900e-d449eb7bf65d:c2838]
2019-07-10 10:03:52,029 INFO  client.GrpcClientProtocolClient (GrpcClientProtocolClient.java:onNext(255)) - client-3502B0E99E4B->68798575-c94b-44a6-b996-25df487e3c54: receive RaftClientReply:client-3502B0E99E4B->68798575-c94b-44a6-b996-25df487e3c54@group-48C576E544C9, cid=1946, SUCCESS, logIndex=2845, commits[68798575-c94b-44a6-b996-25df487e3c54:c2846, 9ec8ead9-888e-415b-b04c-32cd2c26f792:c2844, 84ef4577-07e0-4c8d-900e-d449eb7bf65d:c2844]
2019-07-10 10:03:52,029 INFO  client.GrpcClientProtocolClient (GrpcClientProtocolClient.java:onNext(255)) - client-3502B0E99E4B->68798575-c94b-44a6-b996-25df487e3c54: receive RaftClientReply:client-3502B0E99E4B->68798575-c94b-44a6-b996-25df487e3c54@group-48C576E544C9, cid=1947, SUCCESS, logIndex=2846, commits[68798575-c94b-44a6-b996-25df487e3c54:c2846, 9ec8ead9-888e-415b-b04c-32cd2c26f792:c2844, 84ef4577-07e0-4c8d-900e-d449eb7bf65d:c2844]
2019-07-10 10:03:52,042 INFO  client.GrpcClientProtocolClient (GrpcClientProtocolClient.java:onNext(255)) - client-3502B0E99E4B->68798575-c94b-44a6-b996-25df487e3c54: receive RaftClientReply:client-3502B0E99E4B->68798575-c94b-44a6-b996-25df487e3c54@group-48C576E544C9, cid=1948, SUCCESS, logIndex=0, commits[68798575-c94b-44a6-b996-25df487e3c54:c2848, 9ec8ead9-888e-415b-b04c-32cd2c26f792:c2846, 84ef4577-07e0-4c8d-900e-d449eb7bf65d:c2846]
2019-07-10 10:03:52,069 INFO  client.GrpcClientProtocolClient (GrpcClientProtocolClient.java:onNext(255)) - client-3502B0E99E4B->68798575-c94b-44a6-b996-25df487e3c54: receive RaftClientReply:client-3502B0E99E4B->68798575-c94b-44a6-b996-25df487e3c54@group-48C576E544C9, cid=1949, SUCCESS, logIndex=2849, commits[68798575-c94b-44a6-b996-25df487e3c54:c2850, 9ec8ead9-888e-415b-b04c-32cd2c26f792:c2848, 84ef4577-07e0-4c8d-900e-d449eb7bf65d:c2848]
2019-07-10 10:03:52,070 INFO  client.GrpcClientProtocolClient (GrpcClientProtocolClient.java:onNext(255)) - client-3502B0E99E4B->68798575-c94b-44a6-b996-25df487e3c54: receive RaftClientReply:client-3502B0E99E4B->68798575-c94b-44a6-b996-25df487e3c54@group-48C576E544C9, cid=1950, SUCCESS, logIndex=2850, commits[68798575-c94b-44a6-b996-25df487e3c54:c2850, 9ec8ead9-888e-415b-b04c-32cd2c26f792:c2848, 84ef4577-07e0-4c8d-900e-d449eb7bf65d:c2848]
2019-07-10 10:03:52,070 INFO  client.GrpcClientProtocolClient (GrpcClientProtocolClient.java:onNext(255)) - client-3502B0E99E4B->68798575-c94b-44a6-b996-25df487e3c54: receive RaftClientReply:client-3502B0E99E4B->68798575-c94b-44a6-b996-25df487e3c54@group-48C576E544C9, cid=1951, SUCCESS, logIndex=2851, commits[68798575-c94b-44a6-b996-25df487e3c54:c2851, 9ec8ead9-888e-415b-b04c-32cd2c26f792:c2848, 84ef4577-07e0-4c8d-900e-d449eb7bf65d:c2848]
2019-07-10 10:03:52,071 INFO  client.GrpcClientProtocolClient (GrpcClientProtocolClient.java:onNext(255)) - client-3502B0E99E4B->68798575-c94b-44a6-b996-25df487e3c54: receive RaftClientReply:client-3502B0E99E4B->68798575-c94b-44a6-b996-25df487e3c54@group-48C576E544C9, cid=1952, SUCCESS, logIndex=2852, commits[68798575-c94b-44a6-b996-25df487e3c54:c2852, 9ec8ead9-888e-415b-b04c-32cd2c26f792:c2848, 84ef4577-07e0-4c8d-900e-d449eb7bf65d:c2848]
2019-07-10 10:03:52,073 INFO  client.GrpcClientProtocolClient (GrpcClientProtocolClient.java:onNext(255)) - client-3502B0E99E4B->68798575-c94b-44a6-b996-25df487e3c54: receive RaftClientReply:client-3502B0E99E4B->68798575-c94b-44a6-b996-25df487e3c54@group-48C576E544C9, cid=1953, SUCCESS, logIndex=0, commits[68798575-c94b-44a6-b996-25df487e3c54:c2854, 9ec8ead9-888e-415b-b04c-32cd2c26f792:c2850, 84ef4577-07e0-4c8d-900e-d449eb7bf65d:c2850]
2019-07-10 10:03:52,093 INFO  client.GrpcClientProtocolClient (GrpcClientProtocolClient.java:onNext(255)) - client-3502B0E99E4B->68798575-c94b-44a6-b996-25df487e3c54: receive RaftClientReply:client-3502B0E99E4B->68798575-c94b-44a6-b996-25df487e3c54@group-48C576E544C9, cid=1954, SUCCESS, logIndex=2857, commits[68798575-c94b-44a6-b996-25df487e3c54:c2858, 9ec8ead9-888e-415b-b04c-32cd2c26f792:c2856, 84ef4577-07e0-4c8d-900e-d449eb7bf65d:c2856]
2019-07-10 10:03:52,093 INFO  client.GrpcClientProtocolClient (GrpcClientProtocolClient.java:onNext(255)) - client-3502B0E99E4B->68798575-c94b-44a6-b996-25df487e3c54: receive RaftClientReply:client-3502B0E99E4B->68798575-c94b-44a6-b996-25df487e3c54@group-48C576E544C9, cid=1955, SUCCESS, logIndex=2858, commits[68798575-c94b-44a6-b996-25df487e3c54:c2858, 9ec8ead9-888e-415b-b04c-32cd2c26f792:c2856, 84ef4577-07e0-4c8d-900e-d449eb7bf65d:c2856]
2019-07-10 10:03:52,221 INFO  client.GrpcClientProtocolClient (GrpcClientProtocolClient.java:onNext(255)) - client-3502B0E99E4B->68798575-c94b-44a6-b996-25df487e3c54: receive RaftClientReply:client-3502B0E99E4B->68798575-c94b-44a6-b996-25df487e3c54@group-48C576E544C9, cid=1956, SUCCESS, logIndex=2861, commits[68798575-c94b-44a6-b996-25df487e3c54:c2862, 9ec8ead9-888e-415b-b04c-32cd2c26f792:c2858, 84ef4577-07e0-4c8d-900e-d449eb7bf65d:c2859]
2019-07-10 10:03:52,221 INFO  client.GrpcClientProtocolClient (GrpcClientProtocolClient.java:onNext(255)) - client-3502B0E99E4B->68798575-c94b-44a6-b996-25df487e3c54: receive RaftClientReply:client-3502B0E99E4B->68798575-c94b-44a6-b996-25df487e3c54@group-48C576E544C9, cid=1957, SUCCESS, logIndex=2862, commits[68798575-c94b-44a6-b996-25df487e3c54:c2862, 9ec8ead9-888e-415b-b04c-32cd2c26f792:c2859, 84ef4577-07e0-4c8d-900e-d449eb7bf65d:c2859]
2019-07-10 10:03:52,235 INFO  client.GrpcClientProtocolClient (GrpcClientProtocolClient.java:onNext(255)) - client-3502B0E99E4B->68798575-c94b-44a6-b996-25df487e3c54: receive RaftClientReply:client-3502B0E99E4B->68798575-c94b-44a6-b996-25df487e3c54@group-48C576E544C9, cid=1958, SUCCESS, logIndex=0, commits[68798575-c94b-44a6-b996-25df487e3c54:c2864, 9ec8ead9-888e-415b-b04c-32cd2c26f792:c2862, 84ef4577-07e0-4c8d-900e-d449eb7bf65d:c2862]
2019-07-10 10:03:52,265 INFO  client.GrpcClientProtocolClient (GrpcClientProtocolClient.java:onNext(255)) - client-3502B0E99E4B->68798575-c94b-44a6-b996-25df487e3c54: receive RaftClientReply:client-3502B0E99E4B->68798575-c94b-44a6-b996-25df487e3c54@group-48C576E544C9, cid=1959, SUCCESS, logIndex=2865, commits[68798575-c94b-44a6-b996-25df487e3c54:c2866, 9ec8ead9-888e-415b-b04c-32cd2c26f792:c2864, 84ef4577-07e0-4c8d-900e-d449eb7bf65d:c2864]
2019-07-10 10:03:52,266 INFO  client.GrpcClientProtocolClient (GrpcClientProtocolClient.java:onNext(255)) - client-3502B0E99E4B->68798575-c94b-44a6-b996-25df487e3c54: receive RaftClientReply:client-3502B0E99E4B->68798575-c94b-44a6-b996-25df487e3c54@group-48C576E544C9, cid=1960, SUCCESS, logIndex=2866, commits[68798575-c94b-44a6-b996-25df487e3c54:c2867, 9ec8ead9-888e-415b-b04c-32cd2c26f792:c2864, 84ef4577-07e0-4c8d-900e-d449eb7bf65d:c2864]
2019-07-10 10:03:52,267 INFO  client.GrpcClientProtocolClient (GrpcClientProtocolClient.java:onNext(255)) - client-3502B0E99E4B->68798575-c94b-44a6-b996-25df487e3c54: receive RaftClientReply:client-3502B0E99E4B->68798575-c94b-44a6-b996-25df487e3c54@group-48C576E544C9, cid=1961, SUCCESS, logIndex=2867, commits[68798575-c94b-44a6-b996-25df487e3c54:c2868, 9ec8ead9-888e-415b-b04c-32cd2c26f792:c2864, 84ef4577-07e0-4c8d-900e-d449eb7bf65d:c2864]
2019-07-10 10:03:52,267 INFO  client.GrpcClientProtocolClient (GrpcClientProtocolClient.java:onNext(255)) - client-3502B0E99E4B->68798575-c94b-44a6-b996-25df487e3c54: receive RaftClientReply:client-3502B0E99E4B->68798575-c94b-44a6-b996-25df487e3c54@group-48C576E544C9, cid=1962, SUCCESS, logIndex=2868, commits[68798575-c94b-44a6-b996-25df487e3c54:c2869, 9ec8ead9-888e-415b-b04c-32cd2c26f792:c2864, 84ef4577-07e0-4c8d-900e-d449eb7bf65d:c2865]
2019-07-10 10:03:52,268 INFO  client.GrpcClientProtocolClient (GrpcClientProtocolClient.java:onNext(255)) - client-3502B0E99E4B->68798575-c94b-44a6-b996-25df487e3c54: receive RaftClientReply:client-3502B0E99E4B->68798575-c94b-44a6-b996-25df487e3c54@group-48C576E544C9, cid=1963, SUCCESS, logIndex=0, commits[68798575-c94b-44a6-b996-25df487e3c54:c2870, 9ec8ead9-888e-415b-b04c-32cd2c26f792:c2866, 84ef4577-07e0-4c8d-900e-d449eb7bf65d:c2866]
2019-07-10 10:03:52,288 INFO  client.GrpcClientProtocolClient (GrpcClientProtocolClient.java:onNext(255)) - client-3502B0E99E4B->68798575-c94b-44a6-b996-25df487e3c54: receive RaftClientReply:client-3502B0E99E4B->68798575-c94b-44a6-b996-25df487e3c54@group-48C576E544C9, cid=1964, SUCCESS, logIndex=2873, commits[68798575-c94b-44a6-b996-25df487e3c54:c2874, 9ec8ead9-888e-415b-b04c-32cd2c26f792:c2872, 84ef4577-07e0-4c8d-900e-d449eb7bf65d:c2872]
2019-07-10 10:03:52,289 INFO  client.GrpcClientProtocolClient (GrpcClientProtocolClient.java:onNext(255)) - client-3502B0E99E4B->68798575-c94b-44a6-b996-25df487e3c54: receive RaftClientReply:client-3502B0E99E4B->68798575-c94b-44a6-b996-25df487e3c54@group-48C576E544C9, cid=1965, SUCCESS, logIndex=2874, commits[68798575-c94b-44a6-b996-25df487e3c54:c2874, 9ec8ead9-888e-415b-b04c-32cd2c26f792:c2872, 84ef4577-07e0-4c8d-900e-d449eb7bf65d:c2872]
2019-07-10 10:03:52,319 INFO  client.GrpcClientProtocolClient (GrpcClientProtocolClient.java:onNext(255)) - client-3502B0E99E4B->68798575-c94b-44a6-b996-25df487e3c54: receive RaftClientReply:client-3502B0E99E4B->68798575-c94b-44a6-b996-25df487e3c54@group-48C576E544C9, cid=1966, SUCCESS, logIndex=2877, commits[68798575-c94b-44a6-b996-25df487e3c54:c2878, 9ec8ead9-888e-415b-b04c-32cd2c26f792:c2874, 84ef4577-07e0-4c8d-900e-d449eb7bf65d:c2874]
2019-07-10 10:03:52,320 INFO  client.GrpcClientProtocolClient (GrpcClientProtocolClient.java:onNext(255)) - client-3502B0E99E4B->68798575-c94b-44a6-b996-25df487e3c54: receive RaftClientReply:client-3502B0E99E4B->68798575-c94b-44a6-b996-25df487e3c54@group-48C576E544C9, cid=1967, SUCCESS, logIndex=2878, commits[68798575-c94b-44a6-b996-25df487e3c54:c2878, 9ec8ead9-888e-415b-b04c-32cd2c26f792:c2874, 84ef4577-07e0-4c8d-900e-d449eb7bf65d:c2874]
2019-07-10 10:03:52,322 INFO  client.GrpcClientProtocolClient (GrpcClientProtocolClient.java:onNext(255)) - client-3502B0E99E4B->68798575-c94b-44a6-b996-25df487e3c54: receive RaftClientReply:client-3502B0E99E4B->68798575-c94b-44a6-b996-25df487e3c54@group-48C576E544C9, cid=1968, SUCCESS, logIndex=0, commits[68798575-c94b-44a6-b996-25df487e3c54:c2879, 9ec8ead9-888e-415b-b04c-32cd2c26f792:c2878, 84ef4577-07e0-4c8d-900e-d449eb7bf65d:c2878]
2019-07-10 10:03:52,348 INFO  client.GrpcClientProtocolClient (GrpcClientProtocolClient.java:onNext(255)) - client-3502B0E99E4B->68798575-c94b-44a6-b996-25df487e3c54: receive RaftClientReply:client-3502B0E99E4B->68798575-c94b-44a6-b996-25df487e3c54@group-48C576E544C9, cid=1969, SUCCESS, logIndex=2881, commits[68798575-c94b-44a6-b996-25df487e3c54:c2883, 9ec8ead9-888e-415b-b04c-32cd2c26f792:c2880, 84ef4577-07e0-4c8d-900e-d449eb7bf65d:c2880]
2019-07-10 10:03:52,349 INFO  client.GrpcClientProtocolClient (GrpcClientProtocolClient.java:onNext(255)) - client-3502B0E99E4B->68798575-c94b-44a6-b996-25df487e3c54: receive RaftClientReply:client-3502B0E99E4B->68798575-c94b-44a6-b996-25df487e3c54@group-48C576E544C9, cid=1970, SUCCESS, logIndex=2882, commits[68798575-c94b-44a6-b996-25df487e3c54:c2884, 9ec8ead9-888e-415b-b04c-32cd2c26f792:c2880, 84ef4577-07e0-4c8d-900e-d449eb7bf65d:c2880]
2019-07-10 10:03:52,350 INFO  client.GrpcClientProtocolClient (GrpcClientProtocolClient.java:onNext(255)) - client-3502B0E99E4B->68798575-c94b-44a6-b996-25df487e3c54: receive RaftClientReply:client-3502B0E99E4B->68798575-c94b-44a6-b996-25df487e3c54@group-48C576E544C9, cid=1971, SUCCESS, logIndex=2883, commits[68798575-c94b-44a6-b996-25df487e3c54:c2884, 9ec8ead9-888e-415b-b04c-32cd2c26f792:c2880, 84ef4577-07e0-4c8d-900e-d449eb7bf65d:c2880]
2019-07-10 10:03:52,350 INFO  client.GrpcClientProtocolClient (GrpcClientProtocolClient.java:onNext(255)) - client-3502B0E99E4B->68798575-c94b-44a6-b996-25df487e3c54: receive RaftClientReply:client-3502B0E99E4B->68798575-c94b-44a6-b996-25df487e3c54@group-48C576E544C9, cid=1972, SUCCESS, logIndex=2884, commits[68798575-c94b-44a6-b996-25df487e3c54:c2884, 9ec8ead9-888e-415b-b04c-32cd2c26f792:c2880, 84ef4577-07e0-4c8d-900e-d449eb7bf65d:c2880]
2019-07-10 10:03:52,351 INFO  client.GrpcClientProtocolClient (GrpcClientProtocolClient.java:onNext(255)) - client-3502B0E99E4B->68798575-c94b-44a6-b996-25df487e3c54: receive RaftClientReply:client-3502B0E99E4B->68798575-c94b-44a6-b996-25df487e3c54@group-48C576E544C9, cid=1973, SUCCESS, logIndex=0, commits[68798575-c94b-44a6-b996-25df487e3c54:c2887, 9ec8ead9-888e-415b-b04c-32cd2c26f792:c2883, 84ef4577-07e0-4c8d-900e-d449eb7bf65d:c2882]
2019-07-10 10:03:52,369 INFO  client.GrpcClientProtocolClient (GrpcClientProtocolClient.java:onNext(255)) - client-3502B0E99E4B->68798575-c94b-44a6-b996-25df487e3c54: receive RaftClientReply:client-3502B0E99E4B->68798575-c94b-44a6-b996-25df487e3c54@group-48C576E544C9, cid=1974, SUCCESS, logIndex=2889, commits[68798575-c94b-44a6-b996-25df487e3c54:c2889, 9ec8ead9-888e-415b-b04c-32cd2c26f792:c2888, 84ef4577-07e0-4c8d-900e-d449eb7bf65d:c2888]
2019-07-10 10:03:52,370 INFO  client.GrpcClientProtocolClient (GrpcClientProtocolClient.java:onNext(255)) - client-3502B0E99E4B->68798575-c94b-44a6-b996-25df487e3c54: receive RaftClientReply:client-3502B0E99E4B->68798575-c94b-44a6-b996-25df487e3c54@group-48C576E544C9, cid=1975, SUCCESS, logIndex=2890, commits[68798575-c94b-44a6-b996-25df487e3c54:c2890, 9ec8ead9-888e-415b-b04c-32cd2c26f792:c2888, 84ef4577-07e0-4c8d-900e-d449eb7bf65d:c2888]
2019-07-10 10:03:52,385 INFO  client.GrpcClientProtocolClient (GrpcClientProtocolClient.java:onNext(255)) - client-3502B0E99E4B->68798575-c94b-44a6-b996-25df487e3c54: receive RaftClientReply:client-3502B0E99E4B->68798575-c94b-44a6-b996-25df487e3c54@group-48C576E544C9, cid=1976, SUCCESS, logIndex=2893, commits[68798575-c94b-44a6-b996-25df487e3c54:c2894, 9ec8ead9-888e-415b-b04c-32cd2c26f792:c2890, 84ef4577-07e0-4c8d-900e-d449eb7bf65d:c2890]
2019-07-10 10:03:52,386 INFO  client.GrpcClientProtocolClient (GrpcClientProtocolClient.java:onNext(255)) - client-3502B0E99E4B->68798575-c94b-44a6-b996-25df487e3c54: receive RaftClientReply:client-3502B0E99E4B->68798575-c94b-44a6-b996-25df487e3c54@group-48C576E544C9, cid=1977, SUCCESS, logIndex=2894, commits[68798575-c94b-44a6-b996-25df487e3c54:c2894, 9ec8ead9-888e-415b-b04c-32cd2c26f792:c2890, 84ef4577-07e0-4c8d-900e-d449eb7bf65d:c2890]
2019-07-10 10:03:52,397 INFO  client.GrpcClientProtocolClient (GrpcClientProtocolClient.java:onNext(255)) - client-3502B0E99E4B->68798575-c94b-44a6-b996-25df487e3c54: receive RaftClientReply:client-3502B0E99E4B->68798575-c94b-44a6-b996-25df487e3c54@group-48C576E544C9, cid=1978, SUCCESS, logIndex=0, commits[68798575-c94b-44a6-b996-25df487e3c54:c2895, 9ec8ead9-888e-415b-b04c-32cd2c26f792:c2894, 84ef4577-07e0-4c8d-900e-d449eb7bf65d:c2894]
2019-07-10 10:03:52,423 INFO  client.GrpcClientProtocolClient (GrpcClientProtocolClient.java:onNext(255)) - client-3502B0E99E4B->68798575-c94b-44a6-b996-25df487e3c54: receive RaftClientReply:client-3502B0E99E4B->68798575-c94b-44a6-b996-25df487e3c54@group-48C576E544C9, cid=1979, SUCCESS, logIndex=2897, commits[68798575-c94b-44a6-b996-25df487e3c54:c2898, 9ec8ead9-888e-415b-b04c-32cd2c26f792:c2896, 84ef4577-07e0-4c8d-900e-d449eb7bf65d:c2896]
2019-07-10 10:03:52,424 INFO  client.GrpcClientProtocolClient (GrpcClientProtocolClient.java:onNext(255)) - client-3502B0E99E4B->68798575-c94b-44a6-b996-25df487e3c54: receive RaftClientReply:client-3502B0E99E4B->68798575-c94b-44a6-b996-25df487e3c54@group-48C576E544C9, cid=1980, SUCCESS, logIndex=2898, commits[68798575-c94b-44a6-b996-25df487e3c54:c2899, 9ec8ead9-888e-415b-b04c-32cd2c26f792:c2896, 84ef4577-07e0-4c8d-900e-d449eb7bf65d:c2896]
2019-07-10 10:03:52,424 INFO  client.GrpcClientProtocolClient (GrpcClientProtocolClient.java:onNext(255)) - client-3502B0E99E4B->68798575-c94b-44a6-b996-25df487e3c54: receive RaftClientReply:client-3502B0E99E4B->68798575-c94b-44a6-b996-25df487e3c54@group-48C576E544C9, cid=1981, SUCCESS, logIndex=2899, commits[68798575-c94b-44a6-b996-25df487e3c54:c2900, 9ec8ead9-888e-415b-b04c-32cd2c26f792:c2896, 84ef4577-07e0-4c8d-900e-d449eb7bf65d:c2896]
2019-07-10 10:03:52,424 INFO  client.GrpcClientProtocolClient (GrpcClientProtocolClient.java:onNext(255)) - client-3502B0E99E4B->68798575-c94b-44a6-b996-25df487e3c54: receive RaftClientReply:client-3502B0E99E4B->68798575-c94b-44a6-b996-25df487e3c54@group-48C576E544C9, cid=1982, SUCCESS, logIndex=2900, commits[68798575-c94b-44a6-b996-25df487e3c54:c2900, 9ec8ead9-888e-415b-b04c-32cd2c26f792:c2896, 84ef4577-07e0-4c8d-900e-d449eb7bf65d:c2896]
2019-07-10 10:03:52,426 INFO  client.GrpcClientProtocolClient (GrpcClientProtocolClient.java:onNext(255)) - client-3502B0E99E4B->68798575-c94b-44a6-b996-25df487e3c54: receive RaftClientReply:client-3502B0E99E4B->68798575-c94b-44a6-b996-25df487e3c54@group-48C576E544C9, cid=1983, SUCCESS, logIndex=0, commits[68798575-c94b-44a6-b996-25df487e3c54:c2904, 9ec8ead9-888e-415b-b04c-32cd2c26f792:c2898, 84ef4577-07e0-4c8d-900e-d449eb7bf65d:c2900]
2019-07-10 10:03:52,444 INFO  client.GrpcClientProtocolClient (GrpcClientProtocolClient.java:onNext(255)) - client-3502B0E99E4B->68798575-c94b-44a6-b996-25df487e3c54: receive RaftClientReply:client-3502B0E99E4B->68798575-c94b-44a6-b996-25df487e3c54@group-48C576E544C9, cid=1984, SUCCESS, logIndex=2905, commits[68798575-c94b-44a6-b996-25df487e3c54:c2906, 9ec8ead9-888e-415b-b04c-32cd2c26f792:c2904, 84ef4577-07e0-4c8d-900e-d449eb7bf65d:c2904]
2019-07-10 10:03:52,444 INFO  client.GrpcClientProtocolClient (GrpcClientProtocolClient.java:onNext(255)) - client-3502B0E99E4B->68798575-c94b-44a6-b996-25df487e3c54: receive RaftClientReply:client-3502B0E99E4B->68798575-c94b-44a6-b996-25df487e3c54@group-48C576E544C9, cid=1985, SUCCESS, logIndex=2906, commits[68798575-c94b-44a6-b996-25df487e3c54:c2906, 9ec8ead9-888e-415b-b04c-32cd2c26f792:c2904, 84ef4577-07e0-4c8d-900e-d449eb7bf65d:c2904]
2019-07-10 10:03:52,459 INFO  client.GrpcClientProtocolClient (GrpcClientProtocolClient.java:onNext(255)) - client-3502B0E99E4B->68798575-c94b-44a6-b996-25df487e3c54: receive RaftClientReply:client-3502B0E99E4B->68798575-c94b-44a6-b996-25df487e3c54@group-48C576E544C9, cid=1986, SUCCESS, logIndex=2909, commits[68798575-c94b-44a6-b996-25df487e3c54:c2910, 9ec8ead9-888e-415b-b04c-32cd2c26f792:c2906, 84ef4577-07e0-4c8d-900e-d449eb7bf65d:c2906]
2019-07-10 10:03:52,459 INFO  client.GrpcClientProtocolClient (GrpcClientProtocolClient.java:onNext(255)) - client-3502B0E99E4B->68798575-c94b-44a6-b996-25df487e3c54: receive RaftClientReply:client-3502B0E99E4B->68798575-c94b-44a6-b996-25df487e3c54@group-48C576E544C9, cid=1987, SUCCESS, logIndex=2910, commits[68798575-c94b-44a6-b996-25df487e3c54:c2910, 9ec8ead9-888e-415b-b04c-32cd2c26f792:c2906, 84ef4577-07e0-4c8d-900e-d449eb7bf65d:c2906]
2019-07-10 10:03:52,474 INFO  client.GrpcClientProtocolClient (GrpcClientProtocolClient.java:onNext(255)) - client-3502B0E99E4B->68798575-c94b-44a6-b996-25df487e3c54: receive RaftClientReply:client-3502B0E99E4B->68798575-c94b-44a6-b996-25df487e3c54@group-48C576E544C9, cid=1988, SUCCESS, logIndex=0, commits[68798575-c94b-44a6-b996-25df487e3c54:c2912, 9ec8ead9-888e-415b-b04c-32cd2c26f792:c2910, 84ef4577-07e0-4c8d-900e-d449eb7bf65d:c2910]
2019-07-10 10:03:52,501 INFO  client.GrpcClientProtocolClient (GrpcClientProtocolClient.java:onNext(255)) - client-3502B0E99E4B->68798575-c94b-44a6-b996-25df487e3c54: receive RaftClientReply:client-3502B0E99E4B->68798575-c94b-44a6-b996-25df487e3c54@group-48C576E544C9, cid=1989, SUCCESS, logIndex=2913, commits[68798575-c94b-44a6-b996-25df487e3c54:c2914, 9ec8ead9-888e-415b-b04c-32cd2c26f792:c2912, 84ef4577-07e0-4c8d-900e-d449eb7bf65d:c2912]
2019-07-10 10:03:52,501 INFO  client.GrpcClientProtocolClient (GrpcClientProtocolClient.java:onNext(255)) - client-3502B0E99E4B->68798575-c94b-44a6-b996-25df487e3c54: receive RaftClientReply:client-3502B0E99E4B->68798575-c94b-44a6-b996-25df487e3c54@group-48C576E544C9, cid=1990, SUCCESS, logIndex=2914, commits[68798575-c94b-44a6-b996-25df487e3c54:c2916, 9ec8ead9-888e-415b-b04c-32cd2c26f792:c2912, 84ef4577-07e0-4c8d-900e-d449eb7bf65d:c2912]
2019-07-10 10:03:52,502 INFO  client.GrpcClientProtocolClient (GrpcClientProtocolClient.java:onNext(255)) - client-3502B0E99E4B->68798575-c94b-44a6-b996-25df487e3c54: receive RaftClientReply:client-3502B0E99E4B->68798575-c94b-44a6-b996-25df487e3c54@group-48C576E544C9, cid=1991, SUCCESS, logIndex=2915, commits[68798575-c94b-44a6-b996-25df487e3c54:c2916, 9ec8ead9-888e-415b-b04c-32cd2c26f792:c2912, 84ef4577-07e0-4c8d-900e-d449eb7bf65d:c2912]
2019-07-10 10:03:52,502 INFO  client.GrpcClientProtocolClient (GrpcClientProtocolClient.java:onNext(255)) - client-3502B0E99E4B->68798575-c94b-44a6-b996-25df487e3c54: receive RaftClientReply:client-3502B0E99E4B->68798575-c94b-44a6-b996-25df487e3c54@group-48C576E544C9, cid=1992, SUCCESS, logIndex=2916, commits[68798575-c94b-44a6-b996-25df487e3c54:c2917, 9ec8ead9-888e-415b-b04c-32cd2c26f792:c2912, 84ef4577-07e0-4c8d-900e-d449eb7bf65d:c2913]
2019-07-10 10:03:52,504 INFO  client.GrpcClientProtocolClient (GrpcClientProtocolClient.java:onNext(255)) - client-3502B0E99E4B->68798575-c94b-44a6-b996-25df487e3c54: receive RaftClientReply:client-3502B0E99E4B->68798575-c94b-44a6-b996-25df487e3c54@group-48C576E544C9, cid=1993, SUCCESS, logIndex=0, commits[68798575-c94b-44a6-b996-25df487e3c54:c2919, 9ec8ead9-888e-415b-b04c-32cd2c26f792:c2914, 84ef4577-07e0-4c8d-900e-d449eb7bf65d:c2916]
2019-07-10 10:03:52,523 INFO  client.GrpcClientProtocolClient (GrpcClientProtocolClient.java:onNext(255)) - client-3502B0E99E4B->68798575-c94b-44a6-b996-25df487e3c54: receive RaftClientReply:client-3502B0E99E4B->68798575-c94b-44a6-b996-25df487e3c54@group-48C576E544C9, cid=1994, SUCCESS, logIndex=2920, commits[68798575-c94b-44a6-b996-25df487e3c54:c2921, 9ec8ead9-888e-415b-b04c-32cd2c26f792:c2919, 84ef4577-07e0-4c8d-900e-d449eb7bf65d:c2919]
2019-07-10 10:03:52,524 INFO  client.GrpcClientProtocolClient (GrpcClientProtocolClient.java:onNext(255)) - client-3502B0E99E4B->68798575-c94b-44a6-b996-25df487e3c54: receive RaftClientReply:client-3502B0E99E4B->68798575-c94b-44a6-b996-25df487e3c54@group-48C576E544C9, cid=1995, SUCCESS, logIndex=2921, commits[68798575-c94b-44a6-b996-25df487e3c54:c2921, 9ec8ead9-888e-415b-b04c-32cd2c26f792:c2919, 84ef4577-07e0-4c8d-900e-d449eb7bf65d:c2919]
2019-07-10 10:03:52,543 INFO  client.GrpcClientProtocolClient (GrpcClientProtocolClient.java:onNext(255)) - client-3502B0E99E4B->68798575-c94b-44a6-b996-25df487e3c54: receive RaftClientReply:client-3502B0E99E4B->68798575-c94b-44a6-b996-25df487e3c54@group-48C576E544C9, cid=1996, SUCCESS, logIndex=2924, commits[68798575-c94b-44a6-b996-25df487e3c54:c2924, 9ec8ead9-888e-415b-b04c-32cd2c26f792:c2920, 84ef4577-07e0-4c8d-900e-d449eb7bf65d:c2921]
2019-07-10 10:03:52,544 INFO  client.GrpcClientProtocolClient (GrpcClientProtocolClient.java:onNext(255)) - client-3502B0E99E4B->68798575-c94b-44a6-b996-25df487e3c54: receive RaftClientReply:client-3502B0E99E4B->68798575-c94b-44a6-b996-25df487e3c54@group-48C576E544C9, cid=1997, SUCCESS, logIndex=2925, commits[68798575-c94b-44a6-b996-25df487e3c54:c2925, 9ec8ead9-888e-415b-b04c-32cd2c26f792:c2921, 84ef4577-07e0-4c8d-900e-d449eb7bf65d:c2921]
2019-07-10 10:03:52,557 INFO  client.GrpcClientProtocolClient (GrpcClientProtocolClient.java:onNext(255)) - client-3502B0E99E4B->68798575-c94b-44a6-b996-25df487e3c54: receive RaftClientReply:client-3502B0E99E4B->68798575-c94b-44a6-b996-25df487e3c54@group-48C576E544C9, cid=1998, SUCCESS, logIndex=0, commits[68798575-c94b-44a6-b996-25df487e3c54:c2927, 9ec8ead9-888e-415b-b04c-32cd2c26f792:c2925, 84ef4577-07e0-4c8d-900e-d449eb7bf65d:c2925]
2019-07-10 10:03:52,582 INFO  client.GrpcClientProtocolClient (GrpcClientProtocolClient.java:onNext(255)) - client-3502B0E99E4B->68798575-c94b-44a6-b996-25df487e3c54: receive RaftClientReply:client-3502B0E99E4B->68798575-c94b-44a6-b996-25df487e3c54@group-48C576E544C9, cid=1999, SUCCESS, logIndex=2928, commits[68798575-c94b-44a6-b996-25df487e3c54:c2929, 9ec8ead9-888e-415b-b04c-32cd2c26f792:c2927, 84ef4577-07e0-4c8d-900e-d449eb7bf65d:c2927]
2019-07-10 10:03:52,583 INFO  client.GrpcClientProtocolClient (GrpcClientProtocolClient.java:onNext(255)) - client-3502B0E99E4B->68798575-c94b-44a6-b996-25df487e3c54: receive RaftClientReply:client-3502B0E99E4B->68798575-c94b-44a6-b996-25df487e3c54@group-48C576E544C9, cid=2000, SUCCESS, logIndex=2929, commits[68798575-c94b-44a6-b996-25df487e3c54:c2931, 9ec8ead9-888e-415b-b04c-32cd2c26f792:c2927, 84ef4577-07e0-4c8d-900e-d449eb7bf65d:c2927]
2019-07-10 10:03:52,583 INFO  client.GrpcClientProtocolClient (GrpcClientProtocolClient.java:onNext(255)) - client-3502B0E99E4B->68798575-c94b-44a6-b996-25df487e3c54: receive RaftClientReply:client-3502B0E99E4B->68798575-c94b-44a6-b996-25df487e3c54@group-48C576E544C9, cid=2001, SUCCESS, logIndex=2930, commits[68798575-c94b-44a6-b996-25df487e3c54:c2931, 9ec8ead9-888e-415b-b04c-32cd2c26f792:c2927, 84ef4577-07e0-4c8d-900e-d449eb7bf65d:c2927]
2019-07-10 10:03:52,583 INFO  client.GrpcClientProtocolClient (GrpcClientProtocolClient.java:onNext(255)) - client-3502B0E99E4B->68798575-c94b-44a6-b996-25df487e3c54: receive RaftClientReply:client-3502B0E99E4B->68798575-c94b-44a6-b996-25df487e3c54@group-48C576E544C9, cid=2002, SUCCESS, logIndex=2931, commits[68798575-c94b-44a6-b996-25df487e3c54:c2931, 9ec8ead9-888e-415b-b04c-32cd2c26f792:c2927, 84ef4577-07e0-4c8d-900e-d449eb7bf65d:c2927]
2019-07-10 10:03:52,584 INFO  client.GrpcClientProtocolClient (GrpcClientProtocolClient.java:onNext(255)) - client-3502B0E99E4B->68798575-c94b-44a6-b996-25df487e3c54: receive RaftClientReply:client-3502B0E99E4B->68798575-c94b-44a6-b996-25df487e3c54@group-48C576E544C9, cid=2003, SUCCESS, logIndex=0, commits[68798575-c94b-44a6-b996-25df487e3c54:c2933, 9ec8ead9-888e-415b-b04c-32cd2c26f792:c2929, 84ef4577-07e0-4c8d-900e-d449eb7bf65d:c2929]
2019-07-10 10:03:52,597 INFO  client.GrpcClientProtocolClient (GrpcClientProtocolClient.java:onNext(255)) - client-3502B0E99E4B->68798575-c94b-44a6-b996-25df487e3c54: receive RaftClientReply:client-3502B0E99E4B->68798575-c94b-44a6-b996-25df487e3c54@group-48C576E544C9, cid=2004, SUCCESS, logIndex=2936, commits[68798575-c94b-44a6-b996-25df487e3c54:c2937, 9ec8ead9-888e-415b-b04c-32cd2c26f792:c2935, 84ef4577-07e0-4c8d-900e-d449eb7bf65d:c2935]
2019-07-10 10:03:52,597 INFO  client.GrpcClientProtocolClient (GrpcClientProtocolClient.java:onNext(255)) - client-3502B0E99E4B->68798575-c94b-44a6-b996-25df487e3c54: receive RaftClientReply:client-3502B0E99E4B->68798575-c94b-44a6-b996-25df487e3c54@group-48C576E544C9, cid=2005, SUCCESS, logIndex=2937, commits[68798575-c94b-44a6-b996-25df487e3c54:c2937, 9ec8ead9-888e-415b-b04c-32cd2c26f792:c2935, 84ef4577-07e0-4c8d-900e-d449eb7bf65d:c2935]
 0.00% |█                                                                                                    |  0/1 Time: 0:00:162019-07-10 10:03:52,612 INFO  client.GrpcClientProtocolClient (GrpcClientProtocolClient.java:onNext(255)) - client-3502B0E99E4B->68798575-c94b-44a6-b996-25df487e3c54: receive RaftClientReply:client-3502B0E99E4B->68798575-c94b-44a6-b996-25df487e3c54@group-48C576E544C9, cid=2006, SUCCESS, logIndex=2940, commits[68798575-c94b-44a6-b996-25df487e3c54:c2941, 9ec8ead9-888e-415b-b04c-32cd2c26f792:c2937, 84ef4577-07e0-4c8d-900e-d449eb7bf65d:c2937]
2019-07-10 10:03:52,612 INFO  client.GrpcClientProtocolClient (GrpcClientProtocolClient.java:onNext(255)) - client-3502B0E99E4B->68798575-c94b-44a6-b996-25df487e3c54: receive RaftClientReply:client-3502B0E99E4B->68798575-c94b-44a6-b996-25df487e3c54@group-48C576E544C9, cid=2007, SUCCESS, logIndex=2941, commits[68798575-c94b-44a6-b996-25df487e3c54:c2941, 9ec8ead9-888e-415b-b04c-32cd2c26f792:c2937, 84ef4577-07e0-4c8d-900e-d449eb7bf65d:c2937]
2019-07-10 10:03:52,633 INFO  client.GrpcClientProtocolClient (GrpcClientProtocolClient.java:onNext(255)) - client-3502B0E99E4B->68798575-c94b-44a6-b996-25df487e3c54: receive RaftClientReply:client-3502B0E99E4B->68798575-c94b-44a6-b996-25df487e3c54@group-48C576E544C9, cid=2008, SUCCESS, logIndex=0, commits[68798575-c94b-44a6-b996-25df487e3c54:c2943, 9ec8ead9-888e-415b-b04c-32cd2c26f792:c2941, 84ef4577-07e0-4c8d-900e-d449eb7bf65d:c2941]
2019-07-10 10:03:52,659 INFO  client.GrpcClientProtocolClient (GrpcClientProtocolClient.java:onNext(255)) - client-3502B0E99E4B->68798575-c94b-44a6-b996-25df487e3c54: receive RaftClientReply:client-3502B0E99E4B->68798575-c94b-44a6-b996-25df487e3c54@group-48C576E544C9, cid=2009, SUCCESS, logIndex=2944, commits[68798575-c94b-44a6-b996-25df487e3c54:c2945, 9ec8ead9-888e-415b-b04c-32cd2c26f792:c2943, 84ef4577-07e0-4c8d-900e-d449eb7bf65d:c2943]
2019-07-10 10:03:52,660 INFO  client.GrpcClientProtocolClient (GrpcClientProtocolClient.java:onNext(255)) - client-3502B0E99E4B->68798575-c94b-44a6-b996-25df487e3c54: receive RaftClientReply:client-3502B0E99E4B->68798575-c94b-44a6-b996-25df487e3c54@group-48C576E544C9, cid=2010, SUCCESS, logIndex=2945, commits[68798575-c94b-44a6-b996-25df487e3c54:c2945, 9ec8ead9-888e-415b-b04c-32cd2c26f792:c2943, 84ef4577-07e0-4c8d-900e-d449eb7bf65d:c2943]
2019-07-10 10:03:52,660 INFO  client.GrpcClientProtocolClient (GrpcClientProtocolClient.java:onNext(255)) - client-3502B0E99E4B->68798575-c94b-44a6-b996-25df487e3c54: receive RaftClientReply:client-3502B0E99E4B->68798575-c94b-44a6-b996-25df487e3c54@group-48C576E544C9, cid=2011, SUCCESS, logIndex=2946, commits[68798575-c94b-44a6-b996-25df487e3c54:c2947, 9ec8ead9-888e-415b-b04c-32cd2c26f792:c2943, 84ef4577-07e0-4c8d-900e-d449eb7bf65d:c2943]
2019-07-10 10:03:52,660 INFO  client.GrpcClientProtocolClient (GrpcClientProtocolClient.java:onNext(255)) - client-3502B0E99E4B->68798575-c94b-44a6-b996-25df487e3c54: receive RaftClientReply:client-3502B0E99E4B->68798575-c94b-44a6-b996-25df487e3c54@group-48C576E544C9, cid=2012, SUCCESS, logIndex=2947, commits[68798575-c94b-44a6-b996-25df487e3c54:c2947, 9ec8ead9-888e-415b-b04c-32cd2c26f792:c2943, 84ef4577-07e0-4c8d-900e-d449eb7bf65d:c2943]
2019-07-10 10:03:52,672 INFO  client.GrpcClientProtocolClient (GrpcClientProtocolClient.java:onNext(255)) - client-3502B0E99E4B->68798575-c94b-44a6-b996-25df487e3c54: receive RaftClientReply:client-3502B0E99E4B->68798575-c94b-44a6-b996-25df487e3c54@group-48C576E544C9, cid=2013, SUCCESS, logIndex=0, commits[68798575-c94b-44a6-b996-25df487e3c54:c2949, 9ec8ead9-888e-415b-b04c-32cd2c26f792:c2945, 84ef4577-07e0-4c8d-900e-d449eb7bf65d:c2945]
2019-07-10 10:03:52,692 INFO  client.GrpcClientProtocolClient (GrpcClientProtocolClient.java:onNext(255)) - client-3502B0E99E4B->68798575-c94b-44a6-b996-25df487e3c54: receive RaftClientReply:client-3502B0E99E4B->68798575-c94b-44a6-b996-25df487e3c54@group-48C576E544C9, cid=2014, SUCCESS, logIndex=2952, commits[68798575-c94b-44a6-b996-25df487e3c54:c2953, 9ec8ead9-888e-415b-b04c-32cd2c26f792:c2951, 84ef4577-07e0-4c8d-900e-d449eb7bf65d:c2951]
2019-07-10 10:03:52,692 INFO  client.GrpcClientProtocolClient (GrpcClientProtocolClient.java:onNext(255)) - client-3502B0E99E4B->68798575-c94b-44a6-b996-25df487e3c54: receive RaftClientReply:client-3502B0E99E4B->68798575-c94b-44a6-b996-25df487e3c54@group-48C576E544C9, cid=2015, SUCCESS, logIndex=2953, commits[68798575-c94b-44a6-b996-25df487e3c54:c2953, 9ec8ead9-888e-415b-b04c-32cd2c26f792:c2951, 84ef4577-07e0-4c8d-900e-d449eb7bf65d:c2951]
2019-07-10 10:03:52,705 INFO  client.GrpcClientProtocolClient (GrpcClientProtocolClient.java:onNext(255)) - client-3502B0E99E4B->68798575-c94b-44a6-b996-25df487e3c54: receive RaftClientReply:client-3502B0E99E4B->68798575-c94b-44a6-b996-25df487e3c54@group-48C576E544C9, cid=2016, SUCCESS, logIndex=2956, commits[68798575-c94b-44a6-b996-25df487e3c54:c2957, 9ec8ead9-888e-415b-b04c-32cd2c26f792:c2953, 84ef4577-07e0-4c8d-900e-d449eb7bf65d:c2953]
2019-07-10 10:03:52,706 INFO  client.GrpcClientProtocolClient (GrpcClientProtocolClient.java:onNext(255)) - client-3502B0E99E4B->68798575-c94b-44a6-b996-25df487e3c54: receive RaftClientReply:client-3502B0E99E4B->68798575-c94b-44a6-b996-25df487e3c54@group-48C576E544C9, cid=2017, SUCCESS, logIndex=2957, commits[68798575-c94b-44a6-b996-25df487e3c54:c2957, 9ec8ead9-888e-415b-b04c-32cd2c26f792:c2953, 84ef4577-07e0-4c8d-900e-d449eb7bf65d:c2953]
2019-07-10 10:03:52,718 INFO  client.GrpcClientProtocolClient (GrpcClientProtocolClient.java:onNext(255)) - client-3502B0E99E4B->68798575-c94b-44a6-b996-25df487e3c54: receive RaftClientReply:client-3502B0E99E4B->68798575-c94b-44a6-b996-25df487e3c54@group-48C576E544C9, cid=2018, SUCCESS, logIndex=0, commits[68798575-c94b-44a6-b996-25df487e3c54:c2959, 9ec8ead9-888e-415b-b04c-32cd2c26f792:c2957, 84ef4577-07e0-4c8d-900e-d449eb7bf65d:c2957]
2019-07-10 10:03:52,745 INFO  client.GrpcClientProtocolClient (GrpcClientProtocolClient.java:onNext(255)) - client-3502B0E99E4B->68798575-c94b-44a6-b996-25df487e3c54: receive RaftClientReply:client-3502B0E99E4B->68798575-c94b-44a6-b996-25df487e3c54@group-48C576E544C9, cid=2019, SUCCESS, logIndex=2960, commits[68798575-c94b-44a6-b996-25df487e3c54:c2961, 9ec8ead9-888e-415b-b04c-32cd2c26f792:c2959, 84ef4577-07e0-4c8d-900e-d449eb7bf65d:c2959]
2019-07-10 10:03:52,745 INFO  client.GrpcClientProtocolClient (GrpcClientProtocolClient.java:onNext(255)) - client-3502B0E99E4B->68798575-c94b-44a6-b996-25df487e3c54: receive RaftClientReply:client-3502B0E99E4B->68798575-c94b-44a6-b996-25df487e3c54@group-48C576E544C9, cid=2020, SUCCESS, logIndex=2961, commits[68798575-c94b-44a6-b996-25df487e3c54:c2961, 9ec8ead9-888e-415b-b04c-32cd2c26f792:c2959, 84ef4577-07e0-4c8d-900e-d449eb7bf65d:c2959]
2019-07-10 10:03:52,747 INFO  client.GrpcClientProtocolClient (GrpcClientProtocolClient.java:onNext(255)) - client-3502B0E99E4B->68798575-c94b-44a6-b996-25df487e3c54: receive RaftClientReply:client-3502B0E99E4B->68798575-c94b-44a6-b996-25df487e3c54@group-48C576E544C9, cid=2021, SUCCESS, logIndex=2962, commits[68798575-c94b-44a6-b996-25df487e3c54:c2962, 9ec8ead9-888e-415b-b04c-32cd2c26f792:c2959, 84ef4577-07e0-4c8d-900e-d449eb7bf65d:c2959]
2019-07-10 10:03:52,747 INFO  client.GrpcClientProtocolClient (GrpcClientProtocolClient.java:onNext(255)) - client-3502B0E99E4B->68798575-c94b-44a6-b996-25df487e3c54: receive RaftClientReply:client-3502B0E99E4B->68798575-c94b-44a6-b996-25df487e3c54@group-48C576E544C9, cid=2022, SUCCESS, logIndex=2963, commits[68798575-c94b-44a6-b996-25df487e3c54:c2963, 9ec8ead9-888e-415b-b04c-32cd2c26f792:c2959, 84ef4577-07e0-4c8d-900e-d449eb7bf65d:c2959]
2019-07-10 10:03:52,759 INFO  client.GrpcClientProtocolClient (GrpcClientProtocolClient.java:onNext(255)) - client-3502B0E99E4B->68798575-c94b-44a6-b996-25df487e3c54: receive RaftClientReply:client-3502B0E99E4B->68798575-c94b-44a6-b996-25df487e3c54@group-48C576E544C9, cid=2023, SUCCESS, logIndex=0, commits[68798575-c94b-44a6-b996-25df487e3c54:c2965, 9ec8ead9-888e-415b-b04c-32cd2c26f792:c2961, 84ef4577-07e0-4c8d-900e-d449eb7bf65d:c2961]
2019-07-10 10:03:52,779 INFO  client.GrpcClientProtocolClient (GrpcClientProtocolClient.java:onNext(255)) - client-3502B0E99E4B->68798575-c94b-44a6-b996-25df487e3c54: receive RaftClientReply:client-3502B0E99E4B->68798575-c94b-44a6-b996-25df487e3c54@group-48C576E544C9, cid=2024, SUCCESS, logIndex=2968, commits[68798575-c94b-44a6-b996-25df487e3c54:c2969, 9ec8ead9-888e-415b-b04c-32cd2c26f792:c2967, 84ef4577-07e0-4c8d-900e-d449eb7bf65d:c2967]
2019-07-10 10:03:52,780 INFO  client.GrpcClientProtocolClient (GrpcClientProtocolClient.java:onNext(255)) - client-3502B0E99E4B->68798575-c94b-44a6-b996-25df487e3c54: receive RaftClientReply:client-3502B0E99E4B->68798575-c94b-44a6-b996-25df487e3c54@group-48C576E544C9, cid=2025, SUCCESS, logIndex=2969, commits[68798575-c94b-44a6-b996-25df487e3c54:c2969, 9ec8ead9-888e-415b-b04c-32cd2c26f792:c2967, 84ef4577-07e0-4c8d-900e-d449eb7bf65d:c2967]
2019-07-10 10:03:53,347 INFO  client.GrpcClientProtocolClient (GrpcClientProtocolClient.java:onNext(255)) - client-3502B0E99E4B->68798575-c94b-44a6-b996-25df487e3c54: receive RaftClientReply:client-3502B0E99E4B->68798575-c94b-44a6-b996-25df487e3c54@group-48C576E544C9, cid=2026, SUCCESS, logIndex=2972, commits[68798575-c94b-44a6-b996-25df487e3c54:c2973, 9ec8ead9-888e-415b-b04c-32cd2c26f792:c2970, 84ef4577-07e0-4c8d-900e-d449eb7bf65d:c2970]
2019-07-10 10:03:53,347 INFO  client.GrpcClientProtocolClient (GrpcClientProtocolClient.java:onNext(255)) - client-3502B0E99E4B->68798575-c94b-44a6-b996-25df487e3c54: receive RaftClientReply:client-3502B0E99E4B->68798575-c94b-44a6-b996-25df487e3c54@group-48C576E544C9, cid=2027, SUCCESS, logIndex=2973, commits[68798575-c94b-44a6-b996-25df487e3c54:c2973, 9ec8ead9-888e-415b-b04c-32cd2c26f792:c2970, 84ef4577-07e0-4c8d-900e-d449eb7bf65d:c2970]
2019-07-10 10:03:53,360 INFO  client.GrpcClientProtocolClient (GrpcClientProtocolClient.java:onNext(255)) - client-3502B0E99E4B->68798575-c94b-44a6-b996-25df487e3c54: receive RaftClientReply:client-3502B0E99E4B->68798575-c94b-44a6-b996-25df487e3c54@group-48C576E544C9, cid=2028, SUCCESS, logIndex=0, commits[68798575-c94b-44a6-b996-25df487e3c54:c2975, 9ec8ead9-888e-415b-b04c-32cd2c26f792:c2973, 84ef4577-07e0-4c8d-900e-d449eb7bf65d:c2973]
2019-07-10 10:03:53,394 INFO  client.GrpcClientProtocolClient (GrpcClientProtocolClient.java:onNext(255)) - client-3502B0E99E4B->68798575-c94b-44a6-b996-25df487e3c54: receive RaftClientReply:client-3502B0E99E4B->68798575-c94b-44a6-b996-25df487e3c54@group-48C576E544C9, cid=2029, SUCCESS, logIndex=2976, commits[68798575-c94b-44a6-b996-25df487e3c54:c2977, 9ec8ead9-888e-415b-b04c-32cd2c26f792:c2975, 84ef4577-07e0-4c8d-900e-d449eb7bf65d:c2975]
2019-07-10 10:03:53,395 INFO  client.GrpcClientProtocolClient (GrpcClientProtocolClient.java:onNext(255)) - client-3502B0E99E4B->68798575-c94b-44a6-b996-25df487e3c54: receive RaftClientReply:client-3502B0E99E4B->68798575-c94b-44a6-b996-25df487e3c54@group-48C576E544C9, cid=2030, SUCCESS, logIndex=2977, commits[68798575-c94b-44a6-b996-25df487e3c54:c2979, 9ec8ead9-888e-415b-b04c-32cd2c26f792:c2975, 84ef4577-07e0-4c8d-900e-d449eb7bf65d:c2975]
2019-07-10 10:03:53,395 INFO  client.GrpcClientProtocolClient (GrpcClientProtocolClient.java:onNext(255)) - client-3502B0E99E4B->68798575-c94b-44a6-b996-25df487e3c54: receive RaftClientReply:client-3502B0E99E4B->68798575-c94b-44a6-b996-25df487e3c54@group-48C576E544C9, cid=2031, SUCCESS, logIndex=2978, commits[68798575-c94b-44a6-b996-25df487e3c54:c2979, 9ec8ead9-888e-415b-b04c-32cd2c26f792:c2975, 84ef4577-07e0-4c8d-900e-d449eb7bf65d:c2975]
2019-07-10 10:03:53,395 INFO  client.GrpcClientProtocolClient (GrpcClientProtocolClient.java:onNext(255)) - client-3502B0E99E4B->68798575-c94b-44a6-b996-25df487e3c54: receive RaftClientReply:client-3502B0E99E4B->68798575-c94b-44a6-b996-25df487e3c54@group-48C576E544C9, cid=2032, SUCCESS, logIndex=2979, commits[68798575-c94b-44a6-b996-25df487e3c54:c2979, 9ec8ead9-888e-415b-b04c-32cd2c26f792:c2975, 84ef4577-07e0-4c8d-900e-d449eb7bf65d:c2975]
2019-07-10 10:03:53,406 INFO  client.GrpcClientProtocolClient (GrpcClientProtocolClient.java:onNext(255)) - client-3502B0E99E4B->68798575-c94b-44a6-b996-25df487e3c54: receive RaftClientReply:client-3502B0E99E4B->68798575-c94b-44a6-b996-25df487e3c54@group-48C576E544C9, cid=2033, SUCCESS, logIndex=0, commits[68798575-c94b-44a6-b996-25df487e3c54:c2981, 9ec8ead9-888e-415b-b04c-32cd2c26f792:c2977, 84ef4577-07e0-4c8d-900e-d449eb7bf65d:c2977]
2019-07-10 10:03:53,429 INFO  client.GrpcClientProtocolClient (GrpcClientProtocolClient.java:onNext(255)) - client-3502B0E99E4B->68798575-c94b-44a6-b996-25df487e3c54: receive RaftClientReply:client-3502B0E99E4B->68798575-c94b-44a6-b996-25df487e3c54@group-48C576E544C9, cid=2034, SUCCESS, logIndex=2984, commits[68798575-c94b-44a6-b996-25df487e3c54:c2985, 9ec8ead9-888e-415b-b04c-32cd2c26f792:c2983, 84ef4577-07e0-4c8d-900e-d449eb7bf65d:c2983]
2019-07-10 10:03:53,429 INFO  client.GrpcClientProtocolClient (GrpcClientProtocolClient.java:onNext(255)) - client-3502B0E99E4B->68798575-c94b-44a6-b996-25df487e3c54: receive RaftClientReply:client-3502B0E99E4B->68798575-c94b-44a6-b996-25df487e3c54@group-48C576E544C9, cid=2035, SUCCESS, logIndex=2985, commits[68798575-c94b-44a6-b996-25df487e3c54:c2985, 9ec8ead9-888e-415b-b04c-32cd2c26f792:c2983, 84ef4577-07e0-4c8d-900e-d449eb7bf65d:c2983]
2019-07-10 10:03:53,442 INFO  client.GrpcClientProtocolClient (GrpcClientProtocolClient.java:onNext(255)) - client-3502B0E99E4B->68798575-c94b-44a6-b996-25df487e3c54: receive RaftClientReply:client-3502B0E99E4B->68798575-c94b-44a6-b996-25df487e3c54@group-48C576E544C9, cid=2036, SUCCESS, logIndex=2988, commits[68798575-c94b-44a6-b996-25df487e3c54:c2989, 9ec8ead9-888e-415b-b04c-32cd2c26f792:c2985, 84ef4577-07e0-4c8d-900e-d449eb7bf65d:c2984]
2019-07-10 10:03:53,443 INFO  client.GrpcClientProtocolClient (GrpcClientProtocolClient.java:onNext(255)) - client-3502B0E99E4B->68798575-c94b-44a6-b996-25df487e3c54: receive RaftClientReply:client-3502B0E99E4B->68798575-c94b-44a6-b996-25df487e3c54@group-48C576E544C9, cid=2037, SUCCESS, logIndex=2989, commits[68798575-c94b-44a6-b996-25df487e3c54:c2989, 9ec8ead9-888e-415b-b04c-32cd2c26f792:c2985, 84ef4577-07e0-4c8d-900e-d449eb7bf65d:c2985]
2019-07-10 10:03:53,445 INFO  client.GrpcClientProtocolClient (GrpcClientProtocolClient.java:onNext(255)) - client-3502B0E99E4B->68798575-c94b-44a6-b996-25df487e3c54: receive RaftClientReply:client-3502B0E99E4B->68798575-c94b-44a6-b996-25df487e3c54@group-48C576E544C9, cid=2038, SUCCESS, logIndex=0, commits[68798575-c94b-44a6-b996-25df487e3c54:c2990, 9ec8ead9-888e-415b-b04c-32cd2c26f792:c2989, 84ef4577-07e0-4c8d-900e-d449eb7bf65d:c2989]
2019-07-10 10:03:53,474 INFO  client.GrpcClientProtocolClient (GrpcClientProtocolClient.java:onNext(255)) - client-3502B0E99E4B->68798575-c94b-44a6-b996-25df487e3c54: receive RaftClientReply:client-3502B0E99E4B->68798575-c94b-44a6-b996-25df487e3c54@group-48C576E544C9, cid=2039, SUCCESS, logIndex=2992, commits[68798575-c94b-44a6-b996-25df487e3c54:c2993, 9ec8ead9-888e-415b-b04c-32cd2c26f792:c2991, 84ef4577-07e0-4c8d-900e-d449eb7bf65d:c2991]
2019-07-10 10:03:53,475 INFO  client.GrpcClientProtocolClient (GrpcClientProtocolClient.java:onNext(255)) - client-3502B0E99E4B->68798575-c94b-44a6-b996-25df487e3c54: receive RaftClientReply:client-3502B0E99E4B->68798575-c94b-44a6-b996-25df487e3c54@group-48C576E544C9, cid=2040, SUCCESS, logIndex=2993, commits[68798575-c94b-44a6-b996-25df487e3c54:c2994, 9ec8ead9-888e-415b-b04c-32cd2c26f792:c2991, 84ef4577-07e0-4c8d-900e-d449eb7bf65d:c2991]
2019-07-10 10:03:53,475 INFO  client.GrpcClientProtocolClient (GrpcClientProtocolClient.java:onNext(255)) - client-3502B0E99E4B->68798575-c94b-44a6-b996-25df487e3c54: receive RaftClientReply:client-3502B0E99E4B->68798575-c94b-44a6-b996-25df487e3c54@group-48C576E544C9, cid=2041, SUCCESS, logIndex=2994, commits[68798575-c94b-44a6-b996-25df487e3c54:c2995, 9ec8ead9-888e-415b-b04c-32cd2c26f792:c2991, 84ef4577-07e0-4c8d-900e-d449eb7bf65d:c2991]
2019-07-10 10:03:53,475 INFO  client.GrpcClientProtocolClient (GrpcClientProtocolClient.java:onNext(255)) - client-3502B0E99E4B->68798575-c94b-44a6-b996-25df487e3c54: receive RaftClientReply:client-3502B0E99E4B->68798575-c94b-44a6-b996-25df487e3c54@group-48C576E544C9, cid=2042, SUCCESS, logIndex=2995, commits[68798575-c94b-44a6-b996-25df487e3c54:c2995, 9ec8ead9-888e-415b-b04c-32cd2c26f792:c2991, 84ef4577-07e0-4c8d-900e-d449eb7bf65d:c2991]
2019-07-10 10:03:53,478 INFO  client.GrpcClientProtocolClient (GrpcClientProtocolClient.java:onNext(255)) - client-3502B0E99E4B->68798575-c94b-44a6-b996-25df487e3c54: receive RaftClientReply:client-3502B0E99E4B->68798575-c94b-44a6-b996-25df487e3c54@group-48C576E544C9, cid=2043, SUCCESS, logIndex=0, commits[68798575-c94b-44a6-b996-25df487e3c54:c2997, 9ec8ead9-888e-415b-b04c-32cd2c26f792:c2993, 84ef4577-07e0-4c8d-900e-d449eb7bf65d:c2993]
2019-07-10 10:03:53,491 INFO  client.GrpcClientProtocolClient (GrpcClientProtocolClient.java:onNext(255)) - client-3502B0E99E4B->68798575-c94b-44a6-b996-25df487e3c54: receive RaftClientReply:client-3502B0E99E4B->68798575-c94b-44a6-b996-25df487e3c54@group-48C576E544C9, cid=2044, SUCCESS, logIndex=3000, commits[68798575-c94b-44a6-b996-25df487e3c54:c3001, 9ec8ead9-888e-415b-b04c-32cd2c26f792:c2995, 84ef4577-07e0-4c8d-900e-d449eb7bf65d:c2999]
2019-07-10 10:03:53,492 INFO  client.GrpcClientProtocolClient (GrpcClientProtocolClient.java:onNext(255)) - client-3502B0E99E4B->68798575-c94b-44a6-b996-25df487e3c54: receive RaftClientReply:client-3502B0E99E4B->68798575-c94b-44a6-b996-25df487e3c54@group-48C576E544C9, cid=2045, SUCCESS, logIndex=3001, commits[68798575-c94b-44a6-b996-25df487e3c54:c3001, 9ec8ead9-888e-415b-b04c-32cd2c26f792:c2999, 84ef4577-07e0-4c8d-900e-d449eb7bf65d:c2999]
2019-07-10 10:03:53,510 INFO  client.GrpcClientProtocolClient (GrpcClientProtocolClient.java:onNext(255)) - client-3502B0E99E4B->68798575-c94b-44a6-b996-25df487e3c54: receive RaftClientReply:client-3502B0E99E4B->68798575-c94b-44a6-b996-25df487e3c54@group-48C576E544C9, cid=2046, SUCCESS, logIndex=3004, commits[68798575-c94b-44a6-b996-25df487e3c54:c3005, 9ec8ead9-888e-415b-b04c-32cd2c26f792:c3003, 84ef4577-07e0-4c8d-900e-d449eb7bf65d:c3003]
2019-07-10 10:03:53,510 INFO  client.GrpcClientProtocolClient (GrpcClientProtocolClient.java:onNext(255)) - client-3502B0E99E4B->68798575-c94b-44a6-b996-25df487e3c54: receive RaftClientReply:client-3502B0E99E4B->68798575-c94b-44a6-b996-25df487e3c54@group-48C576E544C9, cid=2047, SUCCESS, logIndex=3005, commits[68798575-c94b-44a6-b996-25df487e3c54:c3005, 9ec8ead9-888e-415b-b04c-32cd2c26f792:c3003, 84ef4577-07e0-4c8d-900e-d449eb7bf65d:c3003]
2019-07-10 10:03:53,522 INFO  client.GrpcClientProtocolClient (GrpcClientProtocolClient.java:onNext(255)) - client-3502B0E99E4B->68798575-c94b-44a6-b996-25df487e3c54: receive RaftClientReply:client-3502B0E99E4B->68798575-c94b-44a6-b996-25df487e3c54@group-48C576E544C9, cid=2048, SUCCESS, logIndex=0, commits[68798575-c94b-44a6-b996-25df487e3c54:c3006, 9ec8ead9-888e-415b-b04c-32cd2c26f792:c3005, 84ef4577-07e0-4c8d-900e-d449eb7bf65d:c3005]
2019-07-10 10:03:53,550 INFO  client.GrpcClientProtocolClient (GrpcClientProtocolClient.java:onNext(255)) - client-3502B0E99E4B->68798575-c94b-44a6-b996-25df487e3c54: receive RaftClientReply:client-3502B0E99E4B->68798575-c94b-44a6-b996-25df487e3c54@group-48C576E544C9, cid=2049, SUCCESS, logIndex=3008, commits[68798575-c94b-44a6-b996-25df487e3c54:c3009, 9ec8ead9-888e-415b-b04c-32cd2c26f792:c3007, 84ef4577-07e0-4c8d-900e-d449eb7bf65d:c3007]
2019-07-10 10:03:53,551 INFO  client.GrpcClientProtocolClient (GrpcClientProtocolClient.java:onNext(255)) - client-3502B0E99E4B->68798575-c94b-44a6-b996-25df487e3c54: receive RaftClientReply:client-3502B0E99E4B->68798575-c94b-44a6-b996-25df487e3c54@group-48C576E544C9, cid=2050, SUCCESS, logIndex=3009, commits[68798575-c94b-44a6-b996-25df487e3c54:c3010, 9ec8ead9-888e-415b-b04c-32cd2c26f792:c3007, 84ef4577-07e0-4c8d-900e-d449eb7bf65d:c3007]
2019-07-10 10:03:53,551 INFO  client.GrpcClientProtocolClient (GrpcClientProtocolClient.java:onNext(255)) - client-3502B0E99E4B->68798575-c94b-44a6-b996-25df487e3c54: receive RaftClientReply:client-3502B0E99E4B->68798575-c94b-44a6-b996-25df487e3c54@group-48C576E544C9, cid=2051, SUCCESS, logIndex=3010, commits[68798575-c94b-44a6-b996-25df487e3c54:c3011, 9ec8ead9-888e-415b-b04c-32cd2c26f792:c3007, 84ef4577-07e0-4c8d-900e-d449eb7bf65d:c3007]
2019-07-10 10:03:53,551 INFO  client.GrpcClientProtocolClient (GrpcClientProtocolClient.java:onNext(255)) - client-3502B0E99E4B->68798575-c94b-44a6-b996-25df487e3c54: receive RaftClientReply:client-3502B0E99E4B->68798575-c94b-44a6-b996-25df487e3c54@group-48C576E544C9, cid=2052, SUCCESS, logIndex=3011, commits[68798575-c94b-44a6-b996-25df487e3c54:c3011, 9ec8ead9-888e-415b-b04c-32cd2c26f792:c3007, 84ef4577-07e0-4c8d-900e-d449eb7bf65d:c3007]
2019-07-10 10:03:53,564 INFO  client.GrpcClientProtocolClient (GrpcClientProtocolClient.java:onNext(255)) - client-3502B0E99E4B->68798575-c94b-44a6-b996-25df487e3c54: receive RaftClientReply:client-3502B0E99E4B->68798575-c94b-44a6-b996-25df487e3c54@group-48C576E544C9, cid=2053, SUCCESS, logIndex=0, commits[68798575-c94b-44a6-b996-25df487e3c54:c3014, 9ec8ead9-888e-415b-b04c-32cd2c26f792:c3009, 84ef4577-07e0-4c8d-900e-d449eb7bf65d:c3010]
2019-07-10 10:03:53,582 INFO  client.GrpcClientProtocolClient (GrpcClientProtocolClient.java:onNext(255)) - client-3502B0E99E4B->68798575-c94b-44a6-b996-25df487e3c54: receive RaftClientReply:client-3502B0E99E4B->68798575-c94b-44a6-b996-25df487e3c54@group-48C576E544C9, cid=2054, SUCCESS, logIndex=3016, commits[68798575-c94b-44a6-b996-25df487e3c54:c3017, 9ec8ead9-888e-415b-b04c-32cd2c26f792:c3015, 84ef4577-07e0-4c8d-900e-d449eb7bf65d:c3015]
2019-07-10 10:03:53,583 INFO  client.GrpcClientProtocolClient (GrpcClientProtocolClient.java:onNext(255)) - client-3502B0E99E4B->68798575-c94b-44a6-b996-25df487e3c54: receive RaftClientReply:client-3502B0E99E4B->68798575-c94b-44a6-b996-25df487e3c54@group-48C576E544C9, cid=2055, SUCCESS, logIndex=3017, commits[68798575-c94b-44a6-b996-25df487e3c54:c3017, 9ec8ead9-888e-415b-b04c-32cd2c26f792:c3015, 84ef4577-07e0-4c8d-900e-d449eb7bf65d:c3015]
 0.00% |█                                                                                                    |  0/1 Time: 0:00:172019-07-10 10:03:53,625 INFO  client.GrpcClientProtocolClient (GrpcClientProtocolClient.java:onNext(255)) - client-3502B0E99E4B->68798575-c94b-44a6-b996-25df487e3c54: receive RaftClientReply:client-3502B0E99E4B->68798575-c94b-44a6-b996-25df487e3c54@group-48C576E544C9, cid=2056, SUCCESS, logIndex=3020, commits[68798575-c94b-44a6-b996-25df487e3c54:c3021, 9ec8ead9-888e-415b-b04c-32cd2c26f792:c3017, 84ef4577-07e0-4c8d-900e-d449eb7bf65d:c3016]
2019-07-10 10:03:53,626 INFO  client.GrpcClientProtocolClient (GrpcClientProtocolClient.java:onNext(255)) - client-3502B0E99E4B->68798575-c94b-44a6-b996-25df487e3c54: receive RaftClientReply:client-3502B0E99E4B->68798575-c94b-44a6-b996-25df487e3c54@group-48C576E544C9, cid=2057, SUCCESS, logIndex=3021, commits[68798575-c94b-44a6-b996-25df487e3c54:c3021, 9ec8ead9-888e-415b-b04c-32cd2c26f792:c3017, 84ef4577-07e0-4c8d-900e-d449eb7bf65d:c3017]
2019-07-10 10:03:53,640 INFO  client.GrpcClientProtocolClient (GrpcClientProtocolClient.java:onNext(255)) - client-3502B0E99E4B->68798575-c94b-44a6-b996-25df487e3c54: receive RaftClientReply:client-3502B0E99E4B->68798575-c94b-44a6-b996-25df487e3c54@group-48C576E544C9, cid=2058, SUCCESS, logIndex=0, commits[68798575-c94b-44a6-b996-25df487e3c54:c3023, 9ec8ead9-888e-415b-b04c-32cd2c26f792:c3021, 84ef4577-07e0-4c8d-900e-d449eb7bf65d:c3021]
2019-07-10 10:03:53,671 INFO  client.GrpcClientProtocolClient (GrpcClientProtocolClient.java:onNext(255)) - client-3502B0E99E4B->68798575-c94b-44a6-b996-25df487e3c54: receive RaftClientReply:client-3502B0E99E4B->68798575-c94b-44a6-b996-25df487e3c54@group-48C576E544C9, cid=2059, SUCCESS, logIndex=3024, commits[68798575-c94b-44a6-b996-25df487e3c54:c3025, 9ec8ead9-888e-415b-b04c-32cd2c26f792:c3023, 84ef4577-07e0-4c8d-900e-d449eb7bf65d:c3023]
2019-07-10 10:03:53,672 INFO  client.GrpcClientProtocolClient (GrpcClientProtocolClient.java:onNext(255)) - client-3502B0E99E4B->68798575-c94b-44a6-b996-25df487e3c54: receive RaftClientReply:client-3502B0E99E4B->68798575-c94b-44a6-b996-25df487e3c54@group-48C576E544C9, cid=2060, SUCCESS, logIndex=3025, commits[68798575-c94b-44a6-b996-25df487e3c54:c3027, 9ec8ead9-888e-415b-b04c-32cd2c26f792:c3023, 84ef4577-07e0-4c8d-900e-d449eb7bf65d:c3023]
2019-07-10 10:03:53,673 INFO  client.GrpcClientProtocolClient (GrpcClientProtocolClient.java:onNext(255)) - client-3502B0E99E4B->68798575-c94b-44a6-b996-25df487e3c54: receive RaftClientReply:client-3502B0E99E4B->68798575-c94b-44a6-b996-25df487e3c54@group-48C576E544C9, cid=2061, SUCCESS, logIndex=3026, commits[68798575-c94b-44a6-b996-25df487e3c54:c3027, 9ec8ead9-888e-415b-b04c-32cd2c26f792:c3023, 84ef4577-07e0-4c8d-900e-d449eb7bf65d:c3023]
2019-07-10 10:03:53,673 INFO  client.GrpcClientProtocolClient (GrpcClientProtocolClient.java:onNext(255)) - client-3502B0E99E4B->68798575-c94b-44a6-b996-25df487e3c54: receive RaftClientReply:client-3502B0E99E4B->68798575-c94b-44a6-b996-25df487e3c54@group-48C576E544C9, cid=2062, SUCCESS, logIndex=3027, commits[68798575-c94b-44a6-b996-25df487e3c54:c3027, 9ec8ead9-888e-415b-b04c-32cd2c26f792:c3023, 84ef4577-07e0-4c8d-900e-d449eb7bf65d:c3023]
2019-07-10 10:03:53,674 INFO  client.GrpcClientProtocolClient (GrpcClientProtocolClient.java:onNext(255)) - client-3502B0E99E4B->68798575-c94b-44a6-b996-25df487e3c54: receive RaftClientReply:client-3502B0E99E4B->68798575-c94b-44a6-b996-25df487e3c54@group-48C576E544C9, cid=2063, SUCCESS, logIndex=0, commits[68798575-c94b-44a6-b996-25df487e3c54:c3028, 9ec8ead9-888e-415b-b04c-32cd2c26f792:c3025, 84ef4577-07e0-4c8d-900e-d449eb7bf65d:c3025]
2019-07-10 10:03:53,695 INFO  client.GrpcClientProtocolClient (GrpcClientProtocolClient.java:onNext(255)) - client-3502B0E99E4B->68798575-c94b-44a6-b996-25df487e3c54: receive RaftClientReply:client-3502B0E99E4B->68798575-c94b-44a6-b996-25df487e3c54@group-48C576E544C9, cid=2064, SUCCESS, logIndex=3032, commits[68798575-c94b-44a6-b996-25df487e3c54:c3032, 9ec8ead9-888e-415b-b04c-32cd2c26f792:c3027, 84ef4577-07e0-4c8d-900e-d449eb7bf65d:c3031]
2019-07-10 10:03:53,695 INFO  client.GrpcClientProtocolClient (GrpcClientProtocolClient.java:onNext(255)) - client-3502B0E99E4B->68798575-c94b-44a6-b996-25df487e3c54: receive RaftClientReply:client-3502B0E99E4B->68798575-c94b-44a6-b996-25df487e3c54@group-48C576E544C9, cid=2065, SUCCESS, logIndex=3033, commits[68798575-c94b-44a6-b996-25df487e3c54:c3033, 9ec8ead9-888e-415b-b04c-32cd2c26f792:c3031, 84ef4577-07e0-4c8d-900e-d449eb7bf65d:c3031]
2019-07-10 10:03:53,708 INFO  client.GrpcClientProtocolClient (GrpcClientProtocolClient.java:onNext(255)) - client-3502B0E99E4B->68798575-c94b-44a6-b996-25df487e3c54: receive RaftClientReply:client-3502B0E99E4B->68798575-c94b-44a6-b996-25df487e3c54@group-48C576E544C9, cid=2066, SUCCESS, logIndex=3036, commits[68798575-c94b-44a6-b996-25df487e3c54:c3037, 9ec8ead9-888e-415b-b04c-32cd2c26f792:c3032, 84ef4577-07e0-4c8d-900e-d449eb7bf65d:c3033]
2019-07-10 10:03:53,708 INFO  client.GrpcClientProtocolClient (GrpcClientProtocolClient.java:onNext(255)) - client-3502B0E99E4B->68798575-c94b-44a6-b996-25df487e3c54: receive RaftClientReply:client-3502B0E99E4B->68798575-c94b-44a6-b996-25df487e3c54@group-48C576E544C9, cid=2067, SUCCESS, logIndex=3037, commits[68798575-c94b-44a6-b996-25df487e3c54:c3037, 9ec8ead9-888e-415b-b04c-32cd2c26f792:c3033, 84ef4577-07e0-4c8d-900e-d449eb7bf65d:c3033]
2019-07-10 10:03:53,710 INFO  client.GrpcClientProtocolClient (GrpcClientProtocolClient.java:onNext(255)) - client-3502B0E99E4B->68798575-c94b-44a6-b996-25df487e3c54: receive RaftClientReply:client-3502B0E99E4B->68798575-c94b-44a6-b996-25df487e3c54@group-48C576E544C9, cid=2068, SUCCESS, logIndex=0, commits[68798575-c94b-44a6-b996-25df487e3c54:c3039, 9ec8ead9-888e-415b-b04c-32cd2c26f792:c3037, 84ef4577-07e0-4c8d-900e-d449eb7bf65d:c3037]
2019-07-10 10:03:53,739 INFO  client.GrpcClientProtocolClient (GrpcClientProtocolClient.java:onNext(255)) - client-3502B0E99E4B->68798575-c94b-44a6-b996-25df487e3c54: receive RaftClientReply:client-3502B0E99E4B->68798575-c94b-44a6-b996-25df487e3c54@group-48C576E544C9, cid=2069, SUCCESS, logIndex=3040, commits[68798575-c94b-44a6-b996-25df487e3c54:c3041, 9ec8ead9-888e-415b-b04c-32cd2c26f792:c3039, 84ef4577-07e0-4c8d-900e-d449eb7bf65d:c3039]
2019-07-10 10:03:53,740 INFO  client.GrpcClientProtocolClient (GrpcClientProtocolClient.java:onNext(255)) - client-3502B0E99E4B->68798575-c94b-44a6-b996-25df487e3c54: receive RaftClientReply:client-3502B0E99E4B->68798575-c94b-44a6-b996-25df487e3c54@group-48C576E544C9, cid=2070, SUCCESS, logIndex=3041, commits[68798575-c94b-44a6-b996-25df487e3c54:c3042, 9ec8ead9-888e-415b-b04c-32cd2c26f792:c3039, 84ef4577-07e0-4c8d-900e-d449eb7bf65d:c3039]
2019-07-10 10:03:53,740 INFO  client.GrpcClientProtocolClient (GrpcClientProtocolClient.java:onNext(255)) - client-3502B0E99E4B->68798575-c94b-44a6-b996-25df487e3c54: receive RaftClientReply:client-3502B0E99E4B->68798575-c94b-44a6-b996-25df487e3c54@group-48C576E544C9, cid=2071, SUCCESS, logIndex=3042, commits[68798575-c94b-44a6-b996-25df487e3c54:c3043, 9ec8ead9-888e-415b-b04c-32cd2c26f792:c3039, 84ef4577-07e0-4c8d-900e-d449eb7bf65d:c3039]
2019-07-10 10:03:53,740 INFO  client.GrpcClientProtocolClient (GrpcClientProtocolClient.java:onNext(255)) - client-3502B0E99E4B->68798575-c94b-44a6-b996-25df487e3c54: receive RaftClientReply:client-3502B0E99E4B->68798575-c94b-44a6-b996-25df487e3c54@group-48C576E544C9, cid=2072, SUCCESS, logIndex=3043, commits[68798575-c94b-44a6-b996-25df487e3c54:c3043, 9ec8ead9-888e-415b-b04c-32cd2c26f792:c3039, 84ef4577-07e0-4c8d-900e-d449eb7bf65d:c3039]
2019-07-10 10:03:53,743 INFO  client.GrpcClientProtocolClient (GrpcClientProtocolClient.java:onNext(255)) - client-3502B0E99E4B->68798575-c94b-44a6-b996-25df487e3c54: receive RaftClientReply:client-3502B0E99E4B->68798575-c94b-44a6-b996-25df487e3c54@group-48C576E544C9, cid=2073, SUCCESS, logIndex=0, commits[68798575-c94b-44a6-b996-25df487e3c54:c3045, 9ec8ead9-888e-415b-b04c-32cd2c26f792:c3041, 84ef4577-07e0-4c8d-900e-d449eb7bf65d:c3041]
2019-07-10 10:03:53,756 INFO  client.GrpcClientProtocolClient (GrpcClientProtocolClient.java:onNext(255)) - client-3502B0E99E4B->68798575-c94b-44a6-b996-25df487e3c54: receive RaftClientReply:client-3502B0E99E4B->68798575-c94b-44a6-b996-25df487e3c54@group-48C576E544C9, cid=2074, SUCCESS, logIndex=3048, commits[68798575-c94b-44a6-b996-25df487e3c54:c3049, 9ec8ead9-888e-415b-b04c-32cd2c26f792:c3045, 84ef4577-07e0-4c8d-900e-d449eb7bf65d:c3043]
2019-07-10 10:03:53,756 INFO  client.GrpcClientProtocolClient (GrpcClientProtocolClient.java:onNext(255)) - client-3502B0E99E4B->68798575-c94b-44a6-b996-25df487e3c54: receive RaftClientReply:client-3502B0E99E4B->68798575-c94b-44a6-b996-25df487e3c54@group-48C576E544C9, cid=2075, SUCCESS, logIndex=3049, commits[68798575-c94b-44a6-b996-25df487e3c54:c3049, 9ec8ead9-888e-415b-b04c-32cd2c26f792:c3045, 84ef4577-07e0-4c8d-900e-d449eb7bf65d:c3045]
2019-07-10 10:03:53,772 INFO  client.GrpcClientProtocolClient (GrpcClientProtocolClient.java:onNext(255)) - client-3502B0E99E4B->68798575-c94b-44a6-b996-25df487e3c54: receive RaftClientReply:client-3502B0E99E4B->68798575-c94b-44a6-b996-25df487e3c54@group-48C576E544C9, cid=2076, SUCCESS, logIndex=3052, commits[68798575-c94b-44a6-b996-25df487e3c54:c3053, 9ec8ead9-888e-415b-b04c-32cd2c26f792:c3050, 84ef4577-07e0-4c8d-900e-d449eb7bf65d:c3049]
2019-07-10 10:03:53,773 INFO  client.GrpcClientProtocolClient (GrpcClientProtocolClient.java:onNext(255)) - client-3502B0E99E4B->68798575-c94b-44a6-b996-25df487e3c54: receive RaftClientReply:client-3502B0E99E4B->68798575-c94b-44a6-b996-25df487e3c54@group-48C576E544C9, cid=2077, SUCCESS, logIndex=3053, commits[68798575-c94b-44a6-b996-25df487e3c54:c3053, 9ec8ead9-888e-415b-b04c-32cd2c26f792:c3050, 84ef4577-07e0-4c8d-900e-d449eb7bf65d:c3050]
2019-07-10 10:03:53,776 INFO  client.GrpcClientProtocolClient (GrpcClientProtocolClient.java:onNext(255)) - client-3502B0E99E4B->68798575-c94b-44a6-b996-25df487e3c54: receive RaftClientReply:client-3502B0E99E4B->68798575-c94b-44a6-b996-25df487e3c54@group-48C576E544C9, cid=2078, SUCCESS, logIndex=0, commits[68798575-c94b-44a6-b996-25df487e3c54:c3055, 9ec8ead9-888e-415b-b04c-32cd2c26f792:c3053, 84ef4577-07e0-4c8d-900e-d449eb7bf65d:c3053]
2019-07-10 10:03:53,811 INFO  client.GrpcClientProtocolClient (GrpcClientProtocolClient.java:onNext(255)) - client-3502B0E99E4B->68798575-c94b-44a6-b996-25df487e3c54: receive RaftClientReply:client-3502B0E99E4B->68798575-c94b-44a6-b996-25df487e3c54@group-48C576E544C9, cid=2079, SUCCESS, logIndex=3056, commits[68798575-c94b-44a6-b996-25df487e3c54:c3058, 9ec8ead9-888e-415b-b04c-32cd2c26f792:c3055, 84ef4577-07e0-4c8d-900e-d449eb7bf65d:c3055]
2019-07-10 10:03:53,811 INFO  client.GrpcClientProtocolClient (GrpcClientProtocolClient.java:onNext(255)) - client-3502B0E99E4B->68798575-c94b-44a6-b996-25df487e3c54: receive RaftClientReply:client-3502B0E99E4B->68798575-c94b-44a6-b996-25df487e3c54@group-48C576E544C9, cid=2080, SUCCESS, logIndex=3057, commits[68798575-c94b-44a6-b996-25df487e3c54:c3059, 9ec8ead9-888e-415b-b04c-32cd2c26f792:c3055, 84ef4577-07e0-4c8d-900e-d449eb7bf65d:c3055]
2019-07-10 10:03:53,811 INFO  client.GrpcClientProtocolClient (GrpcClientProtocolClient.java:onNext(255)) - client-3502B0E99E4B->68798575-c94b-44a6-b996-25df487e3c54: receive RaftClientReply:client-3502B0E99E4B->68798575-c94b-44a6-b996-25df487e3c54@group-48C576E544C9, cid=2081, SUCCESS, logIndex=3058, commits[68798575-c94b-44a6-b996-25df487e3c54:c3059, 9ec8ead9-888e-415b-b04c-32cd2c26f792:c3055, 84ef4577-07e0-4c8d-900e-d449eb7bf65d:c3055]
2019-07-10 10:03:53,812 INFO  client.GrpcClientProtocolClient (GrpcClientProtocolClient.java:onNext(255)) - client-3502B0E99E4B->68798575-c94b-44a6-b996-25df487e3c54: receive RaftClientReply:client-3502B0E99E4B->68798575-c94b-44a6-b996-25df487e3c54@group-48C576E544C9, cid=2082, SUCCESS, logIndex=3059, commits[68798575-c94b-44a6-b996-25df487e3c54:c3059, 9ec8ead9-888e-415b-b04c-32cd2c26f792:c3055, 84ef4577-07e0-4c8d-900e-d449eb7bf65d:c3055]
2019-07-10 10:03:53,824 INFO  client.GrpcClientProtocolClient (GrpcClientProtocolClient.java:onNext(255)) - client-3502B0E99E4B->68798575-c94b-44a6-b996-25df487e3c54: receive RaftClientReply:client-3502B0E99E4B->68798575-c94b-44a6-b996-25df487e3c54@group-48C576E544C9, cid=2083, SUCCESS, logIndex=0, commits[68798575-c94b-44a6-b996-25df487e3c54:c3060, 9ec8ead9-888e-415b-b04c-32cd2c26f792:c3057, 84ef4577-07e0-4c8d-900e-d449eb7bf65d:c3057]
2019-07-10 10:03:53,842 INFO  client.GrpcClientProtocolClient (GrpcClientProtocolClient.java:onNext(255)) - client-3502B0E99E4B->68798575-c94b-44a6-b996-25df487e3c54: receive RaftClientReply:client-3502B0E99E4B->68798575-c94b-44a6-b996-25df487e3c54@group-48C576E544C9, cid=2084, SUCCESS, logIndex=3064, commits[68798575-c94b-44a6-b996-25df487e3c54:c3065, 9ec8ead9-888e-415b-b04c-32cd2c26f792:c3063, 84ef4577-07e0-4c8d-900e-d449eb7bf65d:c3063]
2019-07-10 10:03:53,842 INFO  client.GrpcClientProtocolClient (GrpcClientProtocolClient.java:onNext(255)) - client-3502B0E99E4B->68798575-c94b-44a6-b996-25df487e3c54: receive RaftClientReply:client-3502B0E99E4B->68798575-c94b-44a6-b996-25df487e3c54@group-48C576E544C9, cid=2085, SUCCESS, logIndex=3065, commits[68798575-c94b-44a6-b996-25df487e3c54:c3065, 9ec8ead9-888e-415b-b04c-32cd2c26f792:c3063, 84ef4577-07e0-4c8d-900e-d449eb7bf65d:c3063]
2019-07-10 10:03:53,873 INFO  client.GrpcClientProtocolClient (GrpcClientProtocolClient.java:onNext(255)) - client-3502B0E99E4B->68798575-c94b-44a6-b996-25df487e3c54: receive RaftClientReply:client-3502B0E99E4B->68798575-c94b-44a6-b996-25df487e3c54@group-48C576E544C9, cid=2086, SUCCESS, logIndex=3068, commits[68798575-c94b-44a6-b996-25df487e3c54:c3069, 9ec8ead9-888e-415b-b04c-32cd2c26f792:c3065, 84ef4577-07e0-4c8d-900e-d449eb7bf65d:c3065]
2019-07-10 10:03:53,873 INFO  client.GrpcClientProtocolClient (GrpcClientProtocolClient.java:onNext(255)) - client-3502B0E99E4B->68798575-c94b-44a6-b996-25df487e3c54: receive RaftClientReply:client-3502B0E99E4B->68798575-c94b-44a6-b996-25df487e3c54@group-48C576E544C9, cid=2087, SUCCESS, logIndex=3069, commits[68798575-c94b-44a6-b996-25df487e3c54:c3069, 9ec8ead9-888e-415b-b04c-32cd2c26f792:c3065, 84ef4577-07e0-4c8d-900e-d449eb7bf65d:c3065]
2019-07-10 10:03:53,880 INFO  client.GrpcClientProtocolClient (GrpcClientProtocolClient.java:onNext(255)) - client-3502B0E99E4B->68798575-c94b-44a6-b996-25df487e3c54: receive RaftClientReply:client-3502B0E99E4B->68798575-c94b-44a6-b996-25df487e3c54@group-48C576E544C9, cid=2088, SUCCESS, logIndex=0, commits[68798575-c94b-44a6-b996-25df487e3c54:c3070, 9ec8ead9-888e-415b-b04c-32cd2c26f792:c3069, 84ef4577-07e0-4c8d-900e-d449eb7bf65d:c3069]
2019-07-10 10:03:53,915 INFO  client.GrpcClientProtocolClient (GrpcClientProtocolClient.java:onNext(255)) - client-3502B0E99E4B->68798575-c94b-44a6-b996-25df487e3c54: receive RaftClientReply:client-3502B0E99E4B->68798575-c94b-44a6-b996-25df487e3c54@group-48C576E544C9, cid=2089, SUCCESS, logIndex=3072, commits[68798575-c94b-44a6-b996-25df487e3c54:c3073, 9ec8ead9-888e-415b-b04c-32cd2c26f792:c3071, 84ef4577-07e0-4c8d-900e-d449eb7bf65d:c3071]
2019-07-10 10:03:53,915 INFO  client.GrpcClientProtocolClient (GrpcClientProtocolClient.java:onNext(255)) - client-3502B0E99E4B->68798575-c94b-44a6-b996-25df487e3c54: receive RaftClientReply:client-3502B0E99E4B->68798575-c94b-44a6-b996-25df487e3c54@group-48C576E544C9, cid=2090, SUCCESS, logIndex=3073, commits[68798575-c94b-44a6-b996-25df487e3c54:c3075, 9ec8ead9-888e-415b-b04c-32cd2c26f792:c3071, 84ef4577-07e0-4c8d-900e-d449eb7bf65d:c3071]
2019-07-10 10:03:53,915 INFO  client.GrpcClientProtocolClient (GrpcClientProtocolClient.java:onNext(255)) - client-3502B0E99E4B->68798575-c94b-44a6-b996-25df487e3c54: receive RaftClientReply:client-3502B0E99E4B->68798575-c94b-44a6-b996-25df487e3c54@group-48C576E544C9, cid=2091, SUCCESS, logIndex=3074, commits[68798575-c94b-44a6-b996-25df487e3c54:c3075, 9ec8ead9-888e-415b-b04c-32cd2c26f792:c3071, 84ef4577-07e0-4c8d-900e-d449eb7bf65d:c3071]
2019-07-10 10:03:53,916 INFO  client.GrpcClientProtocolClient (GrpcClientProtocolClient.java:onNext(255)) - client-3502B0E99E4B->68798575-c94b-44a6-b996-25df487e3c54: receive RaftClientReply:client-3502B0E99E4B->68798575-c94b-44a6-b996-25df487e3c54@group-48C576E544C9, cid=2092, SUCCESS, logIndex=3075, commits[68798575-c94b-44a6-b996-25df487e3c54:c3075, 9ec8ead9-888e-415b-b04c-32cd2c26f792:c3071, 84ef4577-07e0-4c8d-900e-d449eb7bf65d:c3071]
2019-07-10 10:03:53,929 INFO  client.GrpcClientProtocolClient (GrpcClientProtocolClient.java:onNext(255)) - client-3502B0E99E4B->68798575-c94b-44a6-b996-25df487e3c54: receive RaftClientReply:client-3502B0E99E4B->68798575-c94b-44a6-b996-25df487e3c54@group-48C576E544C9, cid=2093, SUCCESS, logIndex=0, commits[68798575-c94b-44a6-b996-25df487e3c54:c3079, 9ec8ead9-888e-415b-b04c-32cd2c26f792:c3075, 84ef4577-07e0-4c8d-900e-d449eb7bf65d:c3073]
2019-07-10 10:03:53,949 INFO  client.GrpcClientProtocolClient (GrpcClientProtocolClient.java:onNext(255)) - client-3502B0E99E4B->68798575-c94b-44a6-b996-25df487e3c54: receive RaftClientReply:client-3502B0E99E4B->68798575-c94b-44a6-b996-25df487e3c54@group-48C576E544C9, cid=2094, SUCCESS, logIndex=3080, commits[68798575-c94b-44a6-b996-25df487e3c54:c3081, 9ec8ead9-888e-415b-b04c-32cd2c26f792:c3079, 84ef4577-07e0-4c8d-900e-d449eb7bf65d:c3079]
2019-07-10 10:03:53,950 INFO  client.GrpcClientProtocolClient (GrpcClientProtocolClient.java:onNext(255)) - client-3502B0E99E4B->68798575-c94b-44a6-b996-25df487e3c54: receive RaftClientReply:client-3502B0E99E4B->68798575-c94b-44a6-b996-25df487e3c54@group-48C576E544C9, cid=2095, SUCCESS, logIndex=3081, commits[68798575-c94b-44a6-b996-25df487e3c54:c3081, 9ec8ead9-888e-415b-b04c-32cd2c26f792:c3079, 84ef4577-07e0-4c8d-900e-d449eb7bf65d:c3079]
2019-07-10 10:03:54,063 INFO  client.GrpcClientProtocolClient (GrpcClientProtocolClient.java:onNext(255)) - client-3502B0E99E4B->68798575-c94b-44a6-b996-25df487e3c54: receive RaftClientReply:client-3502B0E99E4B->68798575-c94b-44a6-b996-25df487e3c54@group-48C576E544C9, cid=2096, SUCCESS, logIndex=3084, commits[68798575-c94b-44a6-b996-25df487e3c54:c3085, 9ec8ead9-888e-415b-b04c-32cd2c26f792:c3082, 84ef4577-07e0-4c8d-900e-d449eb7bf65d:c3082]
2019-07-10 10:03:54,065 INFO  client.GrpcClientProtocolClient (GrpcClientProtocolClient.java:onNext(255)) - client-3502B0E99E4B->68798575-c94b-44a6-b996-25df487e3c54: receive RaftClientReply:client-3502B0E99E4B->68798575-c94b-44a6-b996-25df487e3c54@group-48C576E544C9, cid=2097, SUCCESS, logIndex=3085, commits[68798575-c94b-44a6-b996-25df487e3c54:c3085, 9ec8ead9-888e-415b-b04c-32cd2c26f792:c3082, 84ef4577-07e0-4c8d-900e-d449eb7bf65d:c3082]
2019-07-10 10:03:54,067 INFO  client.GrpcClientProtocolClient (GrpcClientProtocolClient.java:onNext(255)) - client-3502B0E99E4B->68798575-c94b-44a6-b996-25df487e3c54: receive RaftClientReply:client-3502B0E99E4B->68798575-c94b-44a6-b996-25df487e3c54@group-48C576E544C9, cid=2098, SUCCESS, logIndex=0, commits[68798575-c94b-44a6-b996-25df487e3c54:c3087, 9ec8ead9-888e-415b-b04c-32cd2c26f792:c3085, 84ef4577-07e0-4c8d-900e-d449eb7bf65d:c3085]
2019-07-10 10:03:54,109 INFO  client.GrpcClientProtocolClient (GrpcClientProtocolClient.java:onNext(255)) - client-3502B0E99E4B->68798575-c94b-44a6-b996-25df487e3c54: receive RaftClientReply:client-3502B0E99E4B->68798575-c94b-44a6-b996-25df487e3c54@group-48C576E544C9, cid=2099, SUCCESS, logIndex=3088, commits[68798575-c94b-44a6-b996-25df487e3c54:c3090, 9ec8ead9-888e-415b-b04c-32cd2c26f792:c3087, 84ef4577-07e0-4c8d-900e-d449eb7bf65d:c3087]
2019-07-10 10:03:54,110 INFO  client.GrpcClientProtocolClient (GrpcClientProtocolClient.java:onNext(255)) - client-3502B0E99E4B->68798575-c94b-44a6-b996-25df487e3c54: receive RaftClientReply:client-3502B0E99E4B->68798575-c94b-44a6-b996-25df487e3c54@group-48C576E544C9, cid=2100, SUCCESS, logIndex=3089, commits[68798575-c94b-44a6-b996-25df487e3c54:c3091, 9ec8ead9-888e-415b-b04c-32cd2c26f792:c3087, 84ef4577-07e0-4c8d-900e-d449eb7bf65d:c3087]
2019-07-10 10:03:54,110 INFO  client.GrpcClientProtocolClient (GrpcClientProtocolClient.java:onNext(255)) - client-3502B0E99E4B->68798575-c94b-44a6-b996-25df487e3c54: receive RaftClientReply:client-3502B0E99E4B->68798575-c94b-44a6-b996-25df487e3c54@group-48C576E544C9, cid=2101, SUCCESS, logIndex=3090, commits[68798575-c94b-44a6-b996-25df487e3c54:c3091, 9ec8ead9-888e-415b-b04c-32cd2c26f792:c3087, 84ef4577-07e0-4c8d-900e-d449eb7bf65d:c3087]
2019-07-10 10:03:54,110 INFO  client.GrpcClientProtocolClient (GrpcClientProtocolClient.java:onNext(255)) - client-3502B0E99E4B->68798575-c94b-44a6-b996-25df487e3c54: receive RaftClientReply:client-3502B0E99E4B->68798575-c94b-44a6-b996-25df487e3c54@group-48C576E544C9, cid=2102, SUCCESS, logIndex=3091, commits[68798575-c94b-44a6-b996-25df487e3c54:c3091, 9ec8ead9-888e-415b-b04c-32cd2c26f792:c3087, 84ef4577-07e0-4c8d-900e-d449eb7bf65d:c3087]
2019-07-10 10:03:54,124 INFO  client.GrpcClientProtocolClient (GrpcClientProtocolClient.java:onNext(255)) - client-3502B0E99E4B->68798575-c94b-44a6-b996-25df487e3c54: receive RaftClientReply:client-3502B0E99E4B->68798575-c94b-44a6-b996-25df487e3c54@group-48C576E544C9, cid=2103, SUCCESS, logIndex=0, commits[68798575-c94b-44a6-b996-25df487e3c54:c3093, 9ec8ead9-888e-415b-b04c-32cd2c26f792:c3090, 84ef4577-07e0-4c8d-900e-d449eb7bf65d:c3089]
2019-07-10 10:03:54,147 INFO  client.GrpcClientProtocolClient (GrpcClientProtocolClient.java:onNext(255)) - client-3502B0E99E4B->68798575-c94b-44a6-b996-25df487e3c54: receive RaftClientReply:client-3502B0E99E4B->68798575-c94b-44a6-b996-25df487e3c54@group-48C576E544C9, cid=2104, SUCCESS, logIndex=3096, commits[68798575-c94b-44a6-b996-25df487e3c54:c3097, 9ec8ead9-888e-415b-b04c-32cd2c26f792:c3095, 84ef4577-07e0-4c8d-900e-d449eb7bf65d:c3095]
2019-07-10 10:03:54,148 INFO  client.GrpcClientProtocolClient (GrpcClientProtocolClient.java:onNext(255)) - client-3502B0E99E4B->68798575-c94b-44a6-b996-25df487e3c54: receive RaftClientReply:client-3502B0E99E4B->68798575-c94b-44a6-b996-25df487e3c54@group-48C576E544C9, cid=2105, SUCCESS, logIndex=3097, commits[68798575-c94b-44a6-b996-25df487e3c54:c3097, 9ec8ead9-888e-415b-b04c-32cd2c26f792:c3095, 84ef4577-07e0-4c8d-900e-d449eb7bf65d:c3095]
2019-07-10 10:03:54,172 INFO  client.GrpcClientProtocolClient (GrpcClientProtocolClient.java:onNext(255)) - client-3502B0E99E4B->68798575-c94b-44a6-b996-25df487e3c54: receive RaftClientReply:client-3502B0E99E4B->68798575-c94b-44a6-b996-25df487e3c54@group-48C576E544C9, cid=2106, SUCCESS, logIndex=3100, commits[68798575-c94b-44a6-b996-25df487e3c54:c3101, 9ec8ead9-888e-415b-b04c-32cd2c26f792:c3097, 84ef4577-07e0-4c8d-900e-d449eb7bf65d:c3097]
2019-07-10 10:03:54,173 INFO  client.GrpcClientProtocolClient (GrpcClientProtocolClient.java:onNext(255)) - client-3502B0E99E4B->68798575-c94b-44a6-b996-25df487e3c54: receive RaftClientReply:client-3502B0E99E4B->68798575-c94b-44a6-b996-25df487e3c54@group-48C576E544C9, cid=2107, SUCCESS, logIndex=3101, commits[68798575-c94b-44a6-b996-25df487e3c54:c3101, 9ec8ead9-888e-415b-b04c-32cd2c26f792:c3097, 84ef4577-07e0-4c8d-900e-d449eb7bf65d:c3097]
2019-07-10 10:03:54,188 INFO  client.GrpcClientProtocolClient (GrpcClientProtocolClient.java:onNext(255)) - client-3502B0E99E4B->68798575-c94b-44a6-b996-25df487e3c54: receive RaftClientReply:client-3502B0E99E4B->68798575-c94b-44a6-b996-25df487e3c54@group-48C576E544C9, cid=2108, SUCCESS, logIndex=0, commits[68798575-c94b-44a6-b996-25df487e3c54:c3103, 9ec8ead9-888e-415b-b04c-32cd2c26f792:c3101, 84ef4577-07e0-4c8d-900e-d449eb7bf65d:c3101]
2019-07-10 10:03:54,218 INFO  client.GrpcClientProtocolClient (GrpcClientProtocolClient.java:onNext(255)) - client-3502B0E99E4B->68798575-c94b-44a6-b996-25df487e3c54: receive RaftClientReply:client-3502B0E99E4B->68798575-c94b-44a6-b996-25df487e3c54@group-48C576E544C9, cid=2109, SUCCESS, logIndex=3104, commits[68798575-c94b-44a6-b996-25df487e3c54:c3106, 9ec8ead9-888e-415b-b04c-32cd2c26f792:c3103, 84ef4577-07e0-4c8d-900e-d449eb7bf65d:c3103]
2019-07-10 10:03:54,218 INFO  client.GrpcClientProtocolClient (GrpcClientProtocolClient.java:onNext(255)) - client-3502B0E99E4B->68798575-c94b-44a6-b996-25df487e3c54: receive RaftClientReply:client-3502B0E99E4B->68798575-c94b-44a6-b996-25df487e3c54@group-48C576E544C9, cid=2110, SUCCESS, logIndex=3105, commits[68798575-c94b-44a6-b996-25df487e3c54:c3107, 9ec8ead9-888e-415b-b04c-32cd2c26f792:c3103, 84ef4577-07e0-4c8d-900e-d449eb7bf65d:c3103]
2019-07-10 10:03:54,219 INFO  client.GrpcClientProtocolClient (GrpcClientProtocolClient.java:onNext(255)) - client-3502B0E99E4B->68798575-c94b-44a6-b996-25df487e3c54: receive RaftClientReply:client-3502B0E99E4B->68798575-c94b-44a6-b996-25df487e3c54@group-48C576E544C9, cid=2111, SUCCESS, logIndex=3106, commits[68798575-c94b-44a6-b996-25df487e3c54:c3107, 9ec8ead9-888e-415b-b04c-32cd2c26f792:c3103, 84ef4577-07e0-4c8d-900e-d449eb7bf65d:c3103]
2019-07-10 10:03:54,219 INFO  client.GrpcClientProtocolClient (GrpcClientProtocolClient.java:onNext(255)) - client-3502B0E99E4B->68798575-c94b-44a6-b996-25df487e3c54: receive RaftClientReply:client-3502B0E99E4B->68798575-c94b-44a6-b996-25df487e3c54@group-48C576E544C9, cid=2112, SUCCESS, logIndex=3107, commits[68798575-c94b-44a6-b996-25df487e3c54:c3107, 9ec8ead9-888e-415b-b04c-32cd2c26f792:c3103, 84ef4577-07e0-4c8d-900e-d449eb7bf65d:c3103]
2019-07-10 10:03:54,233 INFO  client.GrpcClientProtocolClient (GrpcClientProtocolClient.java:onNext(255)) - client-3502B0E99E4B->68798575-c94b-44a6-b996-25df487e3c54: receive RaftClientReply:client-3502B0E99E4B->68798575-c94b-44a6-b996-25df487e3c54@group-48C576E544C9, cid=2113, SUCCESS, logIndex=0, commits[68798575-c94b-44a6-b996-25df487e3c54:c3111, 9ec8ead9-888e-415b-b04c-32cd2c26f792:c3106, 84ef4577-07e0-4c8d-900e-d449eb7bf65d:c3107]
2019-07-10 10:03:54,254 INFO  client.GrpcClientProtocolClient (GrpcClientProtocolClient.java:onNext(255)) - client-3502B0E99E4B->68798575-c94b-44a6-b996-25df487e3c54: receive RaftClientReply:client-3502B0E99E4B->68798575-c94b-44a6-b996-25df487e3c54@group-48C576E544C9, cid=2114, SUCCESS, logIndex=3112, commits[68798575-c94b-44a6-b996-25df487e3c54:c3113, 9ec8ead9-888e-415b-b04c-32cd2c26f792:c3111, 84ef4577-07e0-4c8d-900e-d449eb7bf65d:c3111]
2019-07-10 10:03:54,255 INFO  client.GrpcClientProtocolClient (GrpcClientProtocolClient.java:onNext(255)) - client-3502B0E99E4B->68798575-c94b-44a6-b996-25df487e3c54: receive RaftClientReply:client-3502B0E99E4B->68798575-c94b-44a6-b996-25df487e3c54@group-48C576E544C9, cid=2115, SUCCESS, logIndex=3113, commits[68798575-c94b-44a6-b996-25df487e3c54:c3113, 9ec8ead9-888e-415b-b04c-32cd2c26f792:c3111, 84ef4577-07e0-4c8d-900e-d449eb7bf65d:c3111]
2019-07-10 10:03:54,269 INFO  client.GrpcClientProtocolClient (GrpcClientProtocolClient.java:onNext(255)) - client-3502B0E99E4B->68798575-c94b-44a6-b996-25df487e3c54: receive RaftClientReply:client-3502B0E99E4B->68798575-c94b-44a6-b996-25df487e3c54@group-48C576E544C9, cid=2116, SUCCESS, logIndex=3116, commits[68798575-c94b-44a6-b996-25df487e3c54:c3117, 9ec8ead9-888e-415b-b04c-32cd2c26f792:c3113, 84ef4577-07e0-4c8d-900e-d449eb7bf65d:c3113]
2019-07-10 10:03:54,270 INFO  client.GrpcClientProtocolClient (GrpcClientProtocolClient.java:onNext(255)) - client-3502B0E99E4B->68798575-c94b-44a6-b996-25df487e3c54: receive RaftClientReply:client-3502B0E99E4B->68798575-c94b-44a6-b996-25df487e3c54@group-48C576E544C9, cid=2117, SUCCESS, logIndex=3117, commits[68798575-c94b-44a6-b996-25df487e3c54:c3117, 9ec8ead9-888e-415b-b04c-32cd2c26f792:c3113, 84ef4577-07e0-4c8d-900e-d449eb7bf65d:c3113]
2019-07-10 10:03:54,271 INFO  client.GrpcClientProtocolClient (GrpcClientProtocolClient.java:onNext(255)) - client-3502B0E99E4B->68798575-c94b-44a6-b996-25df487e3c54: receive RaftClientReply:client-3502B0E99E4B->68798575-c94b-44a6-b996-25df487e3c54@group-48C576E544C9, cid=2118, SUCCESS, logIndex=0, commits[68798575-c94b-44a6-b996-25df487e3c54:c3118, 9ec8ead9-888e-415b-b04c-32cd2c26f792:c3117, 84ef4577-07e0-4c8d-900e-d449eb7bf65d:c3117]
2019-07-10 10:03:54,299 INFO  client.GrpcClientProtocolClient (GrpcClientProtocolClient.java:onNext(255)) - client-3502B0E99E4B->68798575-c94b-44a6-b996-25df487e3c54: receive RaftClientReply:client-3502B0E99E4B->68798575-c94b-44a6-b996-25df487e3c54@group-48C576E544C9, cid=2119, SUCCESS, logIndex=3120, commits[68798575-c94b-44a6-b996-25df487e3c54:c3121, 9ec8ead9-888e-415b-b04c-32cd2c26f792:c3119, 84ef4577-07e0-4c8d-900e-d449eb7bf65d:c3119]
2019-07-10 10:03:54,299 INFO  client.GrpcClientProtocolClient (GrpcClientProtocolClient.java:onNext(255)) - client-3502B0E99E4B->68798575-c94b-44a6-b996-25df487e3c54: receive RaftClientReply:client-3502B0E99E4B->68798575-c94b-44a6-b996-25df487e3c54@group-48C576E544C9, cid=2120, SUCCESS, logIndex=3121, commits[68798575-c94b-44a6-b996-25df487e3c54:c3121, 9ec8ead9-888e-415b-b04c-32cd2c26f792:c3119, 84ef4577-07e0-4c8d-900e-d449eb7bf65d:c3119]
2019-07-10 10:03:54,300 INFO  client.GrpcClientProtocolClient (GrpcClientProtocolClient.java:onNext(255)) - client-3502B0E99E4B->68798575-c94b-44a6-b996-25df487e3c54: receive RaftClientReply:client-3502B0E99E4B->68798575-c94b-44a6-b996-25df487e3c54@group-48C576E544C9, cid=2121, SUCCESS, logIndex=3122, commits[68798575-c94b-44a6-b996-25df487e3c54:c3123, 9ec8ead9-888e-415b-b04c-32cd2c26f792:c3119, 84ef4577-07e0-4c8d-900e-d449eb7bf65d:c3119]
2019-07-10 10:03:54,300 INFO  client.GrpcClientProtocolClient (GrpcClientProtocolClient.java:onNext(255)) - client-3502B0E99E4B->68798575-c94b-44a6-b996-25df487e3c54: receive RaftClientReply:client-3502B0E99E4B->68798575-c94b-44a6-b996-25df487e3c54@group-48C576E544C9, cid=2122, SUCCESS, logIndex=3123, commits[68798575-c94b-44a6-b996-25df487e3c54:c3123, 9ec8ead9-888e-415b-b04c-32cd2c26f792:c3119, 84ef4577-07e0-4c8d-900e-d449eb7bf65d:c3119]
2019-07-10 10:03:54,313 INFO  client.GrpcClientProtocolClient (GrpcClientProtocolClient.java:onNext(255)) - client-3502B0E99E4B->68798575-c94b-44a6-b996-25df487e3c54: receive RaftClientReply:client-3502B0E99E4B->68798575-c94b-44a6-b996-25df487e3c54@group-48C576E544C9, cid=2123, SUCCESS, logIndex=0, commits[68798575-c94b-44a6-b996-25df487e3c54:c3125, 9ec8ead9-888e-415b-b04c-32cd2c26f792:c3121, 84ef4577-07e0-4c8d-900e-d449eb7bf65d:c3121]
2019-07-10 10:03:54,335 INFO  client.GrpcClientProtocolClient (GrpcClientProtocolClient.java:onNext(255)) - client-3502B0E99E4B->68798575-c94b-44a6-b996-25df487e3c54: receive RaftClientReply:client-3502B0E99E4B->68798575-c94b-44a6-b996-25df487e3c54@group-48C576E544C9, cid=2124, SUCCESS, logIndex=3128, commits[68798575-c94b-44a6-b996-25df487e3c54:c3129, 9ec8ead9-888e-415b-b04c-32cd2c26f792:c3127, 84ef4577-07e0-4c8d-900e-d449eb7bf65d:c3127]
2019-07-10 10:03:54,335 INFO  client.GrpcClientProtocolClient (GrpcClientProtocolClient.java:onNext(255)) - client-3502B0E99E4B->68798575-c94b-44a6-b996-25df487e3c54: receive RaftClientReply:client-3502B0E99E4B->68798575-c94b-44a6-b996-25df487e3c54@group-48C576E544C9, cid=2125, SUCCESS, logIndex=3129, commits[68798575-c94b-44a6-b996-25df487e3c54:c3129, 9ec8ead9-888e-415b-b04c-32cd2c26f792:c3127, 84ef4577-07e0-4c8d-900e-d449eb7bf65d:c3127]
2019-07-10 10:03:54,364 INFO  client.GrpcClientProtocolClient (GrpcClientProtocolClient.java:onNext(255)) - client-3502B0E99E4B->68798575-c94b-44a6-b996-25df487e3c54: receive RaftClientReply:client-3502B0E99E4B->68798575-c94b-44a6-b996-25df487e3c54@group-48C576E544C9, cid=2126, SUCCESS, logIndex=3132, commits[68798575-c94b-44a6-b996-25df487e3c54:c3133, 9ec8ead9-888e-415b-b04c-32cd2c26f792:c3129, 84ef4577-07e0-4c8d-900e-d449eb7bf65d:c3129]
2019-07-10 10:03:54,364 INFO  client.GrpcClientProtocolClient (GrpcClientProtocolClient.java:onNext(255)) - client-3502B0E99E4B->68798575-c94b-44a6-b996-25df487e3c54: receive RaftClientReply:client-3502B0E99E4B->68798575-c94b-44a6-b996-25df487e3c54@group-48C576E544C9, cid=2127, SUCCESS, logIndex=3133, commits[68798575-c94b-44a6-b996-25df487e3c54:c3133, 9ec8ead9-888e-415b-b04c-32cd2c26f792:c3129, 84ef4577-07e0-4c8d-900e-d449eb7bf65d:c3129]
2019-07-10 10:03:54,367 INFO  client.GrpcClientProtocolClient (GrpcClientProtocolClient.java:onNext(255)) - client-3502B0E99E4B->68798575-c94b-44a6-b996-25df487e3c54: receive RaftClientReply:client-3502B0E99E4B->68798575-c94b-44a6-b996-25df487e3c54@group-48C576E544C9, cid=2128, SUCCESS, logIndex=0, commits[68798575-c94b-44a6-b996-25df487e3c54:c3135, 9ec8ead9-888e-415b-b04c-32cd2c26f792:c3133, 84ef4577-07e0-4c8d-900e-d449eb7bf65d:c3133]
2019-07-10 10:03:54,395 INFO  client.GrpcClientProtocolClient (GrpcClientProtocolClient.java:onNext(255)) - client-3502B0E99E4B->68798575-c94b-44a6-b996-25df487e3c54: receive RaftClientReply:client-3502B0E99E4B->68798575-c94b-44a6-b996-25df487e3c54@group-48C576E544C9, cid=2129, SUCCESS, logIndex=3136, commits[68798575-c94b-44a6-b996-25df487e3c54:c3138, 9ec8ead9-888e-415b-b04c-32cd2c26f792:c3135, 84ef4577-07e0-4c8d-900e-d449eb7bf65d:c3135]
2019-07-10 10:03:54,395 INFO  client.GrpcClientProtocolClient (GrpcClientProtocolClient.java:onNext(255)) - client-3502B0E99E4B->68798575-c94b-44a6-b996-25df487e3c54: receive RaftClientReply:client-3502B0E99E4B->68798575-c94b-44a6-b996-25df487e3c54@group-48C576E544C9, cid=2130, SUCCESS, logIndex=3137, commits[68798575-c94b-44a6-b996-25df487e3c54:c3139, 9ec8ead9-888e-415b-b04c-32cd2c26f792:c3135, 84ef4577-07e0-4c8d-900e-d449eb7bf65d:c3135]
2019-07-10 10:03:54,395 INFO  client.GrpcClientProtocolClient (GrpcClientProtocolClient.java:onNext(255)) - client-3502B0E99E4B->68798575-c94b-44a6-b996-25df487e3c54: receive RaftClientReply:client-3502B0E99E4B->68798575-c94b-44a6-b996-25df487e3c54@group-48C576E544C9, cid=2131, SUCCESS, logIndex=3138, commits[68798575-c94b-44a6-b996-25df487e3c54:c3139, 9ec8ead9-888e-415b-b04c-32cd2c26f792:c3135, 84ef4577-07e0-4c8d-900e-d449eb7bf65d:c3135]
2019-07-10 10:03:54,395 INFO  client.GrpcClientProtocolClient (GrpcClientProtocolClient.java:onNext(255)) - client-3502B0E99E4B->68798575-c94b-44a6-b996-25df487e3c54: receive RaftClientReply:client-3502B0E99E4B->68798575-c94b-44a6-b996-25df487e3c54@group-48C576E544C9, cid=2132, SUCCESS, logIndex=3139, commits[68798575-c94b-44a6-b996-25df487e3c54:c3139, 9ec8ead9-888e-415b-b04c-32cd2c26f792:c3135, 84ef4577-07e0-4c8d-900e-d449eb7bf65d:c3135]
2019-07-10 10:03:54,406 INFO  client.GrpcClientProtocolClient (GrpcClientProtocolClient.java:onNext(255)) - client-3502B0E99E4B->68798575-c94b-44a6-b996-25df487e3c54: receive RaftClientReply:client-3502B0E99E4B->68798575-c94b-44a6-b996-25df487e3c54@group-48C576E544C9, cid=2133, SUCCESS, logIndex=0, commits[68798575-c94b-44a6-b996-25df487e3c54:c3140, 9ec8ead9-888e-415b-b04c-32cd2c26f792:c3137, 84ef4577-07e0-4c8d-900e-d449eb7bf65d:c3137]
2019-07-10 10:03:54,425 INFO  client.GrpcClientProtocolClient (GrpcClientProtocolClient.java:onNext(255)) - client-3502B0E99E4B->68798575-c94b-44a6-b996-25df487e3c54: receive RaftClientReply:client-3502B0E99E4B->68798575-c94b-44a6-b996-25df487e3c54@group-48C576E544C9, cid=2134, SUCCESS, logIndex=3144, commits[68798575-c94b-44a6-b996-25df487e3c54:c3145, 9ec8ead9-888e-415b-b04c-32cd2c26f792:c3143, 84ef4577-07e0-4c8d-900e-d449eb7bf65d:c3143]
2019-07-10 10:03:54,425 INFO  client.GrpcClientProtocolClient (GrpcClientProtocolClient.java:onNext(255)) - client-3502B0E99E4B->68798575-c94b-44a6-b996-25df487e3c54: receive RaftClientReply:client-3502B0E99E4B->68798575-c94b-44a6-b996-25df487e3c54@group-48C576E544C9, cid=2135, SUCCESS, logIndex=3145, commits[68798575-c94b-44a6-b996-25df487e3c54:c3145, 9ec8ead9-888e-415b-b04c-32cd2c26f792:c3143, 84ef4577-07e0-4c8d-900e-d449eb7bf65d:c3143]
2019-07-10 10:03:54,439 INFO  client.GrpcClientProtocolClient (GrpcClientProtocolClient.java:onNext(255)) - client-3502B0E99E4B->68798575-c94b-44a6-b996-25df487e3c54: receive RaftClientReply:client-3502B0E99E4B->68798575-c94b-44a6-b996-25df487e3c54@group-48C576E544C9, cid=2136, SUCCESS, logIndex=3148, commits[68798575-c94b-44a6-b996-25df487e3c54:c3149, 9ec8ead9-888e-415b-b04c-32cd2c26f792:c3145, 84ef4577-07e0-4c8d-900e-d449eb7bf65d:c3145]
2019-07-10 10:03:54,439 INFO  client.GrpcClientProtocolClient (GrpcClientProtocolClient.java:onNext(255)) - client-3502B0E99E4B->68798575-c94b-44a6-b996-25df487e3c54: receive RaftClientReply:client-3502B0E99E4B->68798575-c94b-44a6-b996-25df487e3c54@group-48C576E544C9, cid=2137, SUCCESS, logIndex=3149, commits[68798575-c94b-44a6-b996-25df487e3c54:c3149, 9ec8ead9-888e-415b-b04c-32cd2c26f792:c3145, 84ef4577-07e0-4c8d-900e-d449eb7bf65d:c3145]
2019-07-10 10:03:54,454 INFO  client.GrpcClientProtocolClient (GrpcClientProtocolClient.java:onNext(255)) - client-3502B0E99E4B->68798575-c94b-44a6-b996-25df487e3c54: receive RaftClientReply:client-3502B0E99E4B->68798575-c94b-44a6-b996-25df487e3c54@group-48C576E544C9, cid=2138, SUCCESS, logIndex=0, commits[68798575-c94b-44a6-b996-25df487e3c54:c3151, 9ec8ead9-888e-415b-b04c-32cd2c26f792:c3149, 84ef4577-07e0-4c8d-900e-d449eb7bf65d:c3149]
2019-07-10 10:03:54,484 INFO  client.GrpcClientProtocolClient (GrpcClientProtocolClient.java:onNext(255)) - client-3502B0E99E4B->68798575-c94b-44a6-b996-25df487e3c54: receive RaftClientReply:client-3502B0E99E4B->68798575-c94b-44a6-b996-25df487e3c54@group-48C576E544C9, cid=2139, SUCCESS, logIndex=3152, commits[68798575-c94b-44a6-b996-25df487e3c54:c3153, 9ec8ead9-888e-415b-b04c-32cd2c26f792:c3151, 84ef4577-07e0-4c8d-900e-d449eb7bf65d:c3151]
2019-07-10 10:03:54,484 INFO  client.GrpcClientProtocolClient (GrpcClientProtocolClient.java:onNext(255)) - client-3502B0E99E4B->68798575-c94b-44a6-b996-25df487e3c54: receive RaftClientReply:client-3502B0E99E4B->68798575-c94b-44a6-b996-25df487e3c54@group-48C576E544C9, cid=2140, SUCCESS, logIndex=3153, commits[68798575-c94b-44a6-b996-25df487e3c54:c3155, 9ec8ead9-888e-415b-b04c-32cd2c26f792:c3151, 84ef4577-07e0-4c8d-900e-d449eb7bf65d:c3151]
2019-07-10 10:03:54,485 INFO  client.GrpcClientProtocolClient (GrpcClientProtocolClient.java:onNext(255)) - client-3502B0E99E4B->68798575-c94b-44a6-b996-25df487e3c54: receive RaftClientReply:client-3502B0E99E4B->68798575-c94b-44a6-b996-25df487e3c54@group-48C576E544C9, cid=2141, SUCCESS, logIndex=3154, commits[68798575-c94b-44a6-b996-25df487e3c54:c3155, 9ec8ead9-888e-415b-b04c-32cd2c26f792:c3151, 84ef4577-07e0-4c8d-900e-d449eb7bf65d:c3151]
2019-07-10 10:03:54,485 INFO  client.GrpcClientProtocolClient (GrpcClientProtocolClient.java:onNext(255)) - client-3502B0E99E4B->68798575-c94b-44a6-b996-25df487e3c54: receive RaftClientReply:client-3502B0E99E4B->68798575-c94b-44a6-b996-25df487e3c54@group-48C576E544C9, cid=2142, SUCCESS, logIndex=3155, commits[68798575-c94b-44a6-b996-25df487e3c54:c3155, 9ec8ead9-888e-415b-b04c-32cd2c26f792:c3151, 84ef4577-07e0-4c8d-900e-d449eb7bf65d:c3151]
2019-07-10 10:03:54,487 INFO  client.GrpcClientProtocolClient (GrpcClientProtocolClient.java:onNext(255)) - client-3502B0E99E4B->68798575-c94b-44a6-b996-25df487e3c54: receive RaftClientReply:client-3502B0E99E4B->68798575-c94b-44a6-b996-25df487e3c54@group-48C576E544C9, cid=2143, SUCCESS, logIndex=0, commits[68798575-c94b-44a6-b996-25df487e3c54:c3158, 9ec8ead9-888e-415b-b04c-32cd2c26f792:c3153, 84ef4577-07e0-4c8d-900e-d449eb7bf65d:c3155]
2019-07-10 10:03:54,505 INFO  client.GrpcClientProtocolClient (GrpcClientProtocolClient.java:onNext(255)) - client-3502B0E99E4B->68798575-c94b-44a6-b996-25df487e3c54: receive RaftClientReply:client-3502B0E99E4B->68798575-c94b-44a6-b996-25df487e3c54@group-48C576E544C9, cid=2144, SUCCESS, logIndex=3159, commits[68798575-c94b-44a6-b996-25df487e3c54:c3160, 9ec8ead9-888e-415b-b04c-32cd2c26f792:c3158, 84ef4577-07e0-4c8d-900e-d449eb7bf65d:c3158]
2019-07-10 10:03:54,506 INFO  client.GrpcClientProtocolClient (GrpcClientProtocolClient.java:onNext(255)) - client-3502B0E99E4B->68798575-c94b-44a6-b996-25df487e3c54: receive RaftClientReply:client-3502B0E99E4B->68798575-c94b-44a6-b996-25df487e3c54@group-48C576E544C9, cid=2145, SUCCESS, logIndex=3160, commits[68798575-c94b-44a6-b996-25df487e3c54:c3160, 9ec8ead9-888e-415b-b04c-32cd2c26f792:c3158, 84ef4577-07e0-4c8d-900e-d449eb7bf65d:c3158]
2019-07-10 10:03:54,518 INFO  client.GrpcClientProtocolClient (GrpcClientProtocolClient.java:onNext(255)) - client-3502B0E99E4B->68798575-c94b-44a6-b996-25df487e3c54: receive RaftClientReply:client-3502B0E99E4B->68798575-c94b-44a6-b996-25df487e3c54@group-48C576E544C9, cid=2146, SUCCESS, logIndex=3163, commits[68798575-c94b-44a6-b996-25df487e3c54:c3164, 9ec8ead9-888e-415b-b04c-32cd2c26f792:c3160, 84ef4577-07e0-4c8d-900e-d449eb7bf65d:c3160]
2019-07-10 10:03:54,519 INFO  client.GrpcClientProtocolClient (GrpcClientProtocolClient.java:onNext(255)) - client-3502B0E99E4B->68798575-c94b-44a6-b996-25df487e3c54: receive RaftClientReply:client-3502B0E99E4B->68798575-c94b-44a6-b996-25df487e3c54@group-48C576E544C9, cid=2147, SUCCESS, logIndex=3164, commits[68798575-c94b-44a6-b996-25df487e3c54:c3164, 9ec8ead9-888e-415b-b04c-32cd2c26f792:c3160, 84ef4577-07e0-4c8d-900e-d449eb7bf65d:c3160]
2019-07-10 10:03:54,531 INFO  client.GrpcClientProtocolClient (GrpcClientProtocolClient.java:onNext(255)) - client-3502B0E99E4B->68798575-c94b-44a6-b996-25df487e3c54: receive RaftClientReply:client-3502B0E99E4B->68798575-c94b-44a6-b996-25df487e3c54@group-48C576E544C9, cid=2148, SUCCESS, logIndex=0, commits[68798575-c94b-44a6-b996-25df487e3c54:c3164, 9ec8ead9-888e-415b-b04c-32cd2c26f792:c3164, 84ef4577-07e0-4c8d-900e-d449eb7bf65d:c3164]
2019-07-10 10:03:54,557 INFO  client.GrpcClientProtocolClient (GrpcClientProtocolClient.java:onNext(255)) - client-3502B0E99E4B->68798575-c94b-44a6-b996-25df487e3c54: receive RaftClientReply:client-3502B0E99E4B->68798575-c94b-44a6-b996-25df487e3c54@group-48C576E544C9, cid=2149, SUCCESS, logIndex=3167, commits[68798575-c94b-44a6-b996-25df487e3c54:c3168, 9ec8ead9-888e-415b-b04c-32cd2c26f792:c3165, 84ef4577-07e0-4c8d-900e-d449eb7bf65d:c3165]
2019-07-10 10:03:54,557 INFO  client.GrpcClientProtocolClient (GrpcClientProtocolClient.java:onNext(255)) - client-3502B0E99E4B->68798575-c94b-44a6-b996-25df487e3c54: receive RaftClientReply:client-3502B0E99E4B->68798575-c94b-44a6-b996-25df487e3c54@group-48C576E544C9, cid=2150, SUCCESS, logIndex=3168, commits[68798575-c94b-44a6-b996-25df487e3c54:c3168, 9ec8ead9-888e-415b-b04c-32cd2c26f792:c3165, 84ef4577-07e0-4c8d-900e-d449eb7bf65d:c3165]
2019-07-10 10:03:54,558 INFO  client.GrpcClientProtocolClient (GrpcClientProtocolClient.java:onNext(255)) - client-3502B0E99E4B->68798575-c94b-44a6-b996-25df487e3c54: receive RaftClientReply:client-3502B0E99E4B->68798575-c94b-44a6-b996-25df487e3c54@group-48C576E544C9, cid=2151, SUCCESS, logIndex=3169, commits[68798575-c94b-44a6-b996-25df487e3c54:c3170, 9ec8ead9-888e-415b-b04c-32cd2c26f792:c3166, 84ef4577-07e0-4c8d-900e-d449eb7bf65d:c3166]
2019-07-10 10:03:54,558 INFO  client.GrpcClientProtocolClient (GrpcClientProtocolClient.java:onNext(255)) - client-3502B0E99E4B->68798575-c94b-44a6-b996-25df487e3c54: receive RaftClientReply:client-3502B0E99E4B->68798575-c94b-44a6-b996-25df487e3c54@group-48C576E544C9, cid=2152, SUCCESS, logIndex=3170, commits[68798575-c94b-44a6-b996-25df487e3c54:c3170, 9ec8ead9-888e-415b-b04c-32cd2c26f792:c3166, 84ef4577-07e0-4c8d-900e-d449eb7bf65d:c3166]
2019-07-10 10:03:54,561 INFO  client.GrpcClientProtocolClient (GrpcClientProtocolClient.java:onNext(255)) - client-3502B0E99E4B->68798575-c94b-44a6-b996-25df487e3c54: receive RaftClientReply:client-3502B0E99E4B->68798575-c94b-44a6-b996-25df487e3c54@group-48C576E544C9, cid=2153, SUCCESS, logIndex=0, commits[68798575-c94b-44a6-b996-25df487e3c54:c3172, 9ec8ead9-888e-415b-b04c-32cd2c26f792:c3168, 84ef4577-07e0-4c8d-900e-d449eb7bf65d:c3168]
2019-07-10 10:03:54,573 INFO  client.GrpcClientProtocolClient (GrpcClientProtocolClient.java:onNext(255)) - client-3502B0E99E4B->68798575-c94b-44a6-b996-25df487e3c54: receive RaftClientReply:client-3502B0E99E4B->68798575-c94b-44a6-b996-25df487e3c54@group-48C576E544C9, cid=2154, SUCCESS, logIndex=3175, commits[68798575-c94b-44a6-b996-25df487e3c54:c3176, 9ec8ead9-888e-415b-b04c-32cd2c26f792:c3172, 84ef4577-07e0-4c8d-900e-d449eb7bf65d:c3170]
2019-07-10 10:03:54,573 INFO  client.GrpcClientProtocolClient (GrpcClientProtocolClient.java:onNext(255)) - client-3502B0E99E4B->68798575-c94b-44a6-b996-25df487e3c54: receive RaftClientReply:client-3502B0E99E4B->68798575-c94b-44a6-b996-25df487e3c54@group-48C576E544C9, cid=2155, SUCCESS, logIndex=3176, commits[68798575-c94b-44a6-b996-25df487e3c54:c3176, 9ec8ead9-888e-415b-b04c-32cd2c26f792:c3172, 84ef4577-07e0-4c8d-900e-d449eb7bf65d:c3172]
2019-07-10 10:03:54,591 INFO  client.GrpcClientProtocolClient (GrpcClientProtocolClient.java:onNext(255)) - client-3502B0E99E4B->68798575-c94b-44a6-b996-25df487e3c54: receive RaftClientReply:client-3502B0E99E4B->68798575-c94b-44a6-b996-25df487e3c54@group-48C576E544C9, cid=2156, SUCCESS, logIndex=3179, commits[68798575-c94b-44a6-b996-25df487e3c54:c3180, 9ec8ead9-888e-415b-b04c-32cd2c26f792:c3178, 84ef4577-07e0-4c8d-900e-d449eb7bf65d:c3178]
2019-07-10 10:03:54,591 INFO  client.GrpcClientProtocolClient (GrpcClientProtocolClient.java:onNext(255)) - client-3502B0E99E4B->68798575-c94b-44a6-b996-25df487e3c54: receive RaftClientReply:client-3502B0E99E4B->68798575-c94b-44a6-b996-25df487e3c54@group-48C576E544C9, cid=2157, SUCCESS, logIndex=3180, commits[68798575-c94b-44a6-b996-25df487e3c54:c3180, 9ec8ead9-888e-415b-b04c-32cd2c26f792:c3178, 84ef4577-07e0-4c8d-900e-d449eb7bf65d:c3178]
2019-07-10 10:03:54,604 INFO  client.GrpcClientProtocolClient (GrpcClientProtocolClient.java:onNext(255)) - client-3502B0E99E4B->68798575-c94b-44a6-b996-25df487e3c54: receive RaftClientReply:client-3502B0E99E4B->68798575-c94b-44a6-b996-25df487e3c54@group-48C576E544C9, cid=2158, SUCCESS, logIndex=0, commits[68798575-c94b-44a6-b996-25df487e3c54:c3181, 9ec8ead9-888e-415b-b04c-32cd2c26f792:c3180, 84ef4577-07e0-4c8d-900e-d449eb7bf65d:c3180]
 0.00% |█                                                                                                    |  0/1 Time: 0:00:182019-07-10 10:03:54,648 INFO  client.GrpcClientProtocolClient (GrpcClientProtocolClient.java:onNext(255)) - client-3502B0E99E4B->68798575-c94b-44a6-b996-25df487e3c54: receive RaftClientReply:client-3502B0E99E4B->68798575-c94b-44a6-b996-25df487e3c54@group-48C576E544C9, cid=2159, SUCCESS, logIndex=3183, commits[68798575-c94b-44a6-b996-25df487e3c54:c3184, 9ec8ead9-888e-415b-b04c-32cd2c26f792:c3182, 84ef4577-07e0-4c8d-900e-d449eb7bf65d:c3182]
2019-07-10 10:03:54,649 INFO  client.GrpcClientProtocolClient (GrpcClientProtocolClient.java:onNext(255)) - client-3502B0E99E4B->68798575-c94b-44a6-b996-25df487e3c54: receive RaftClientReply:client-3502B0E99E4B->68798575-c94b-44a6-b996-25df487e3c54@group-48C576E544C9, cid=2160, SUCCESS, logIndex=3184, commits[68798575-c94b-44a6-b996-25df487e3c54:c3185, 9ec8ead9-888e-415b-b04c-32cd2c26f792:c3182, 84ef4577-07e0-4c8d-900e-d449eb7bf65d:c3182]
2019-07-10 10:03:54,649 INFO  client.GrpcClientProtocolClient (GrpcClientProtocolClient.java:onNext(255)) - client-3502B0E99E4B->68798575-c94b-44a6-b996-25df487e3c54: receive RaftClientReply:client-3502B0E99E4B->68798575-c94b-44a6-b996-25df487e3c54@group-48C576E544C9, cid=2161, SUCCESS, logIndex=3185, commits[68798575-c94b-44a6-b996-25df487e3c54:c3185, 9ec8ead9-888e-415b-b04c-32cd2c26f792:c3182, 84ef4577-07e0-4c8d-900e-d449eb7bf65d:c3182]
2019-07-10 10:03:54,649 INFO  client.GrpcClientProtocolClient (GrpcClientProtocolClient.java:onNext(255)) - client-3502B0E99E4B->68798575-c94b-44a6-b996-25df487e3c54: receive RaftClientReply:client-3502B0E99E4B->68798575-c94b-44a6-b996-25df487e3c54@group-48C576E544C9, cid=2162, SUCCESS, logIndex=3186, commits[68798575-c94b-44a6-b996-25df487e3c54:c3186, 9ec8ead9-888e-415b-b04c-32cd2c26f792:c3182, 84ef4577-07e0-4c8d-900e-d449eb7bf65d:c3182]
2019-07-10 10:03:54,663 INFO  client.GrpcClientProtocolClient (GrpcClientProtocolClient.java:onNext(255)) - client-3502B0E99E4B->68798575-c94b-44a6-b996-25df487e3c54: receive RaftClientReply:client-3502B0E99E4B->68798575-c94b-44a6-b996-25df487e3c54@group-48C576E544C9, cid=2163, SUCCESS, logIndex=0, commits[68798575-c94b-44a6-b996-25df487e3c54:c3188, 9ec8ead9-888e-415b-b04c-32cd2c26f792:c3184, 84ef4577-07e0-4c8d-900e-d449eb7bf65d:c3184]
2019-07-10 10:03:54,681 INFO  client.GrpcClientProtocolClient (GrpcClientProtocolClient.java:onNext(255)) - client-3502B0E99E4B->68798575-c94b-44a6-b996-25df487e3c54: receive RaftClientReply:client-3502B0E99E4B->68798575-c94b-44a6-b996-25df487e3c54@group-48C576E544C9, cid=2164, SUCCESS, logIndex=3191, commits[68798575-c94b-44a6-b996-25df487e3c54:c3192, 9ec8ead9-888e-415b-b04c-32cd2c26f792:c3190, 84ef4577-07e0-4c8d-900e-d449eb7bf65d:c3190]
2019-07-10 10:03:54,681 INFO  client.GrpcClientProtocolClient (GrpcClientProtocolClient.java:onNext(255)) - client-3502B0E99E4B->68798575-c94b-44a6-b996-25df487e3c54: receive RaftClientReply:client-3502B0E99E4B->68798575-c94b-44a6-b996-25df487e3c54@group-48C576E544C9, cid=2165, SUCCESS, logIndex=3192, commits[68798575-c94b-44a6-b996-25df487e3c54:c3192, 9ec8ead9-888e-415b-b04c-32cd2c26f792:c3190, 84ef4577-07e0-4c8d-900e-d449eb7bf65d:c3190]
2019-07-10 10:03:54,793 INFO  client.GrpcClientProtocolClient (GrpcClientProtocolClient.java:onNext(255)) - client-3502B0E99E4B->68798575-c94b-44a6-b996-25df487e3c54: receive RaftClientReply:client-3502B0E99E4B->68798575-c94b-44a6-b996-25df487e3c54@group-48C576E544C9, cid=2166, SUCCESS, logIndex=3195, commits[68798575-c94b-44a6-b996-25df487e3c54:c3196, 9ec8ead9-888e-415b-b04c-32cd2c26f792:c3193, 84ef4577-07e0-4c8d-900e-d449eb7bf65d:c3193]
2019-07-10 10:03:54,793 INFO  client.GrpcClientProtocolClient (GrpcClientProtocolClient.java:onNext(255)) - client-3502B0E99E4B->68798575-c94b-44a6-b996-25df487e3c54: receive RaftClientReply:client-3502B0E99E4B->68798575-c94b-44a6-b996-25df487e3c54@group-48C576E544C9, cid=2167, SUCCESS, logIndex=3196, commits[68798575-c94b-44a6-b996-25df487e3c54:c3196, 9ec8ead9-888e-415b-b04c-32cd2c26f792:c3193, 84ef4577-07e0-4c8d-900e-d449eb7bf65d:c3193]
2019-07-10 10:03:54,806 INFO  client.GrpcClientProtocolClient (GrpcClientProtocolClient.java:onNext(255)) - client-3502B0E99E4B->68798575-c94b-44a6-b996-25df487e3c54: receive RaftClientReply:client-3502B0E99E4B->68798575-c94b-44a6-b996-25df487e3c54@group-48C576E544C9, cid=2168, SUCCESS, logIndex=0, commits[68798575-c94b-44a6-b996-25df487e3c54:c3198, 9ec8ead9-888e-415b-b04c-32cd2c26f792:c3196, 84ef4577-07e0-4c8d-900e-d449eb7bf65d:c3196]
2019-07-10 10:03:54,835 INFO  client.GrpcClientProtocolClient (GrpcClientProtocolClient.java:onNext(255)) - client-3502B0E99E4B->68798575-c94b-44a6-b996-25df487e3c54: receive RaftClientReply:client-3502B0E99E4B->68798575-c94b-44a6-b996-25df487e3c54@group-48C576E544C9, cid=2169, SUCCESS, logIndex=3199, commits[68798575-c94b-44a6-b996-25df487e3c54:c3200, 9ec8ead9-888e-415b-b04c-32cd2c26f792:c3198, 84ef4577-07e0-4c8d-900e-d449eb7bf65d:c3198]
2019-07-10 10:03:54,836 INFO  client.GrpcClientProtocolClient (GrpcClientProtocolClient.java:onNext(255)) - client-3502B0E99E4B->68798575-c94b-44a6-b996-25df487e3c54: receive RaftClientReply:client-3502B0E99E4B->68798575-c94b-44a6-b996-25df487e3c54@group-48C576E544C9, cid=2170, SUCCESS, logIndex=3200, commits[68798575-c94b-44a6-b996-25df487e3c54:c3201, 9ec8ead9-888e-415b-b04c-32cd2c26f792:c3198, 84ef4577-07e0-4c8d-900e-d449eb7bf65d:c3198]
2019-07-10 10:03:54,837 INFO  client.GrpcClientProtocolClient (GrpcClientProtocolClient.java:onNext(255)) - client-3502B0E99E4B->68798575-c94b-44a6-b996-25df487e3c54: receive RaftClientReply:client-3502B0E99E4B->68798575-c94b-44a6-b996-25df487e3c54@group-48C576E544C9, cid=2171, SUCCESS, logIndex=3201, commits[68798575-c94b-44a6-b996-25df487e3c54:c3202, 9ec8ead9-888e-415b-b04c-32cd2c26f792:c3198, 84ef4577-07e0-4c8d-900e-d449eb7bf65d:c3198]
2019-07-10 10:03:54,837 INFO  client.GrpcClientProtocolClient (GrpcClientProtocolClient.java:onNext(255)) - client-3502B0E99E4B->68798575-c94b-44a6-b996-25df487e3c54: receive RaftClientReply:client-3502B0E99E4B->68798575-c94b-44a6-b996-25df487e3c54@group-48C576E544C9, cid=2172, SUCCESS, logIndex=3202, commits[68798575-c94b-44a6-b996-25df487e3c54:c3202, 9ec8ead9-888e-415b-b04c-32cd2c26f792:c3198, 84ef4577-07e0-4c8d-900e-d449eb7bf65d:c3198]
2019-07-10 10:03:54,847 INFO  client.GrpcClientProtocolClient (GrpcClientProtocolClient.java:onNext(255)) - client-3502B0E99E4B->68798575-c94b-44a6-b996-25df487e3c54: receive RaftClientReply:client-3502B0E99E4B->68798575-c94b-44a6-b996-25df487e3c54@group-48C576E544C9, cid=2173, SUCCESS, logIndex=0, commits[68798575-c94b-44a6-b996-25df487e3c54:c3204, 9ec8ead9-888e-415b-b04c-32cd2c26f792:c3200, 84ef4577-07e0-4c8d-900e-d449eb7bf65d:c3200]
2019-07-10 10:03:54,859 INFO  client.GrpcClientProtocolClient (GrpcClientProtocolClient.java:onNext(255)) - client-3502B0E99E4B->68798575-c94b-44a6-b996-25df487e3c54: receive RaftClientReply:client-3502B0E99E4B->68798575-c94b-44a6-b996-25df487e3c54@group-48C576E544C9, cid=2174, SUCCESS, logIndex=3207, commits[68798575-c94b-44a6-b996-25df487e3c54:c3208, 9ec8ead9-888e-415b-b04c-32cd2c26f792:c3202, 84ef4577-07e0-4c8d-900e-d449eb7bf65d:c3205]
2019-07-10 10:03:54,860 INFO  client.GrpcClientProtocolClient (GrpcClientProtocolClient.java:onNext(255)) - client-3502B0E99E4B->68798575-c94b-44a6-b996-25df487e3c54: receive RaftClientReply:client-3502B0E99E4B->68798575-c94b-44a6-b996-25df487e3c54@group-48C576E544C9, cid=2175, SUCCESS, logIndex=3208, commits[68798575-c94b-44a6-b996-25df487e3c54:c3208, 9ec8ead9-888e-415b-b04c-32cd2c26f792:c3205, 84ef4577-07e0-4c8d-900e-d449eb7bf65d:c3205]
2019-07-10 10:03:54,882 INFO  client.GrpcClientProtocolClient (GrpcClientProtocolClient.java:onNext(255)) - client-3502B0E99E4B->68798575-c94b-44a6-b996-25df487e3c54: receive RaftClientReply:client-3502B0E99E4B->68798575-c94b-44a6-b996-25df487e3c54@group-48C576E544C9, cid=2176, SUCCESS, logIndex=3211, commits[68798575-c94b-44a6-b996-25df487e3c54:c3212, 9ec8ead9-888e-415b-b04c-32cd2c26f792:c3209, 84ef4577-07e0-4c8d-900e-d449eb7bf65d:c3208]
2019-07-10 10:03:54,882 INFO  client.GrpcClientProtocolClient (GrpcClientProtocolClient.java:onNext(255)) - client-3502B0E99E4B->68798575-c94b-44a6-b996-25df487e3c54: receive RaftClientReply:client-3502B0E99E4B->68798575-c94b-44a6-b996-25df487e3c54@group-48C576E544C9, cid=2177, SUCCESS, logIndex=3212, commits[68798575-c94b-44a6-b996-25df487e3c54:c3212, 9ec8ead9-888e-415b-b04c-32cd2c26f792:c3209, 84ef4577-07e0-4c8d-900e-d449eb7bf65d:c3209]
2019-07-10 10:03:54,903 INFO  client.GrpcClientProtocolClient (GrpcClientProtocolClient.java:onNext(255)) - client-3502B0E99E4B->68798575-c94b-44a6-b996-25df487e3c54: receive RaftClientReply:client-3502B0E99E4B->68798575-c94b-44a6-b996-25df487e3c54@group-48C576E544C9, cid=2178, SUCCESS, logIndex=0, commits[68798575-c94b-44a6-b996-25df487e3c54:c3214, 9ec8ead9-888e-415b-b04c-32cd2c26f792:c3212, 84ef4577-07e0-4c8d-900e-d449eb7bf65d:c3212]
2019-07-10 10:03:54,938 INFO  client.GrpcClientProtocolClient (GrpcClientProtocolClient.java:onNext(255)) - client-3502B0E99E4B->68798575-c94b-44a6-b996-25df487e3c54: receive RaftClientReply:client-3502B0E99E4B->68798575-c94b-44a6-b996-25df487e3c54@group-48C576E544C9, cid=2179, SUCCESS, logIndex=3215, commits[68798575-c94b-44a6-b996-25df487e3c54:c3217, 9ec8ead9-888e-415b-b04c-32cd2c26f792:c3214, 84ef4577-07e0-4c8d-900e-d449eb7bf65d:c3214]
2019-07-10 10:03:54,939 INFO  client.GrpcClientProtocolClient (GrpcClientProtocolClient.java:onNext(255)) - client-3502B0E99E4B->68798575-c94b-44a6-b996-25df487e3c54: receive RaftClientReply:client-3502B0E99E4B->68798575-c94b-44a6-b996-25df487e3c54@group-48C576E544C9, cid=2180, SUCCESS, logIndex=3216, commits[68798575-c94b-44a6-b996-25df487e3c54:c3218, 9ec8ead9-888e-415b-b04c-32cd2c26f792:c3214, 84ef4577-07e0-4c8d-900e-d449eb7bf65d:c3214]
2019-07-10 10:03:54,939 INFO  client.GrpcClientProtocolClient (GrpcClientProtocolClient.java:onNext(255)) - client-3502B0E99E4B->68798575-c94b-44a6-b996-25df487e3c54: receive RaftClientReply:client-3502B0E99E4B->68798575-c94b-44a6-b996-25df487e3c54@group-48C576E544C9, cid=2181, SUCCESS, logIndex=3217, commits[68798575-c94b-44a6-b996-25df487e3c54:c3218, 9ec8ead9-888e-415b-b04c-32cd2c26f792:c3214, 84ef4577-07e0-4c8d-900e-d449eb7bf65d:c3214]
2019-07-10 10:03:54,940 INFO  client.GrpcClientProtocolClient (GrpcClientProtocolClient.java:onNext(255)) - client-3502B0E99E4B->68798575-c94b-44a6-b996-25df487e3c54: receive RaftClientReply:client-3502B0E99E4B->68798575-c94b-44a6-b996-25df487e3c54@group-48C576E544C9, cid=2182, SUCCESS, logIndex=3218, commits[68798575-c94b-44a6-b996-25df487e3c54:c3218, 9ec8ead9-888e-415b-b04c-32cd2c26f792:c3214, 84ef4577-07e0-4c8d-900e-d449eb7bf65d:c3214]
2019-07-10 10:03:54,942 INFO  client.GrpcClientProtocolClient (GrpcClientProtocolClient.java:onNext(255)) - client-3502B0E99E4B->68798575-c94b-44a6-b996-25df487e3c54: receive RaftClientReply:client-3502B0E99E4B->68798575-c94b-44a6-b996-25df487e3c54@group-48C576E544C9, cid=2183, SUCCESS, logIndex=0, commits[68798575-c94b-44a6-b996-25df487e3c54:c3222, 9ec8ead9-888e-415b-b04c-32cd2c26f792:c3217, 84ef4577-07e0-4c8d-900e-d449eb7bf65d:c3218]
2019-07-10 10:03:54,966 INFO  client.GrpcClientProtocolClient (GrpcClientProtocolClient.java:onNext(255)) - client-3502B0E99E4B->68798575-c94b-44a6-b996-25df487e3c54: receive RaftClientReply:client-3502B0E99E4B->68798575-c94b-44a6-b996-25df487e3c54@group-48C576E544C9, cid=2184, SUCCESS, logIndex=3223, commits[68798575-c94b-44a6-b996-25df487e3c54:c3224, 9ec8ead9-888e-415b-b04c-32cd2c26f792:c3222, 84ef4577-07e0-4c8d-900e-d449eb7bf65d:c3222]
2019-07-10 10:03:54,966 INFO  client.GrpcClientProtocolClient (GrpcClientProtocolClient.java:onNext(255)) - client-3502B0E99E4B->68798575-c94b-44a6-b996-25df487e3c54: receive RaftClientReply:client-3502B0E99E4B->68798575-c94b-44a6-b996-25df487e3c54@group-48C576E544C9, cid=2185, SUCCESS, logIndex=3224, commits[68798575-c94b-44a6-b996-25df487e3c54:c3224, 9ec8ead9-888e-415b-b04c-32cd2c26f792:c3222, 84ef4577-07e0-4c8d-900e-d449eb7bf65d:c3222]
2019-07-10 10:03:54,980 INFO  client.GrpcClientProtocolClient (GrpcClientProtocolClient.java:onNext(255)) - client-3502B0E99E4B->68798575-c94b-44a6-b996-25df487e3c54: receive RaftClientReply:client-3502B0E99E4B->68798575-c94b-44a6-b996-25df487e3c54@group-48C576E544C9, cid=2186, SUCCESS, logIndex=3227, commits[68798575-c94b-44a6-b996-25df487e3c54:c3228, 9ec8ead9-888e-415b-b04c-32cd2c26f792:c3224, 84ef4577-07e0-4c8d-900e-d449eb7bf65d:c3224]
2019-07-10 10:03:54,981 INFO  client.GrpcClientProtocolClient (GrpcClientProtocolClient.java:onNext(255)) - client-3502B0E99E4B->68798575-c94b-44a6-b996-25df487e3c54: receive RaftClientReply:client-3502B0E99E4B->68798575-c94b-44a6-b996-25df487e3c54@group-48C576E544C9, cid=2187, SUCCESS, logIndex=3228, commits[68798575-c94b-44a6-b996-25df487e3c54:c3228, 9ec8ead9-888e-415b-b04c-32cd2c26f792:c3224, 84ef4577-07e0-4c8d-900e-d449eb7bf65d:c3224]
2019-07-10 10:03:54,995 INFO  client.GrpcClientProtocolClient (GrpcClientProtocolClient.java:onNext(255)) - client-3502B0E99E4B->68798575-c94b-44a6-b996-25df487e3c54: receive RaftClientReply:client-3502B0E99E4B->68798575-c94b-44a6-b996-25df487e3c54@group-48C576E544C9, cid=2188, SUCCESS, logIndex=0, commits[68798575-c94b-44a6-b996-25df487e3c54:c3230, 9ec8ead9-888e-415b-b04c-32cd2c26f792:c3228, 84ef4577-07e0-4c8d-900e-d449eb7bf65d:c3228]
2019-07-10 10:03:55,025 INFO  client.GrpcClientProtocolClient (GrpcClientProtocolClient.java:onNext(255)) - client-3502B0E99E4B->68798575-c94b-44a6-b996-25df487e3c54: receive RaftClientReply:client-3502B0E99E4B->68798575-c94b-44a6-b996-25df487e3c54@group-48C576E544C9, cid=2189, SUCCESS, logIndex=3231, commits[68798575-c94b-44a6-b996-25df487e3c54:c3232, 9ec8ead9-888e-415b-b04c-32cd2c26f792:c3230, 84ef4577-07e0-4c8d-900e-d449eb7bf65d:c3230]
2019-07-10 10:03:55,026 INFO  client.GrpcClientProtocolClient (GrpcClientProtocolClient.java:onNext(255)) - client-3502B0E99E4B->68798575-c94b-44a6-b996-25df487e3c54: receive RaftClientReply:client-3502B0E99E4B->68798575-c94b-44a6-b996-25df487e3c54@group-48C576E544C9, cid=2190, SUCCESS, logIndex=3232, commits[68798575-c94b-44a6-b996-25df487e3c54:c3234, 9ec8ead9-888e-415b-b04c-32cd2c26f792:c3230, 84ef4577-07e0-4c8d-900e-d449eb7bf65d:c3230]
2019-07-10 10:03:55,026 INFO  client.GrpcClientProtocolClient (GrpcClientProtocolClient.java:onNext(255)) - client-3502B0E99E4B->68798575-c94b-44a6-b996-25df487e3c54: receive RaftClientReply:client-3502B0E99E4B->68798575-c94b-44a6-b996-25df487e3c54@group-48C576E544C9, cid=2191, SUCCESS, logIndex=3233, commits[68798575-c94b-44a6-b996-25df487e3c54:c3234, 9ec8ead9-888e-415b-b04c-32cd2c26f792:c3230, 84ef4577-07e0-4c8d-900e-d449eb7bf65d:c3230]
2019-07-10 10:03:55,027 INFO  client.GrpcClientProtocolClient (GrpcClientProtocolClient.java:onNext(255)) - client-3502B0E99E4B->68798575-c94b-44a6-b996-25df487e3c54: receive RaftClientReply:client-3502B0E99E4B->68798575-c94b-44a6-b996-25df487e3c54@group-48C576E544C9, cid=2192, SUCCESS, logIndex=3234, commits[68798575-c94b-44a6-b996-25df487e3c54:c3234, 9ec8ead9-888e-415b-b04c-32cd2c26f792:c3230, 84ef4577-07e0-4c8d-900e-d449eb7bf65d:c3230]
2019-07-10 10:03:55,040 INFO  client.GrpcClientProtocolClient (GrpcClientProtocolClient.java:onNext(255)) - client-3502B0E99E4B->68798575-c94b-44a6-b996-25df487e3c54: receive RaftClientReply:client-3502B0E99E4B->68798575-c94b-44a6-b996-25df487e3c54@group-48C576E544C9, cid=2193, SUCCESS, logIndex=0, commits[68798575-c94b-44a6-b996-25df487e3c54:c3237, 9ec8ead9-888e-415b-b04c-32cd2c26f792:c3232, 84ef4577-07e0-4c8d-900e-d449eb7bf65d:c3234]
2019-07-10 10:03:55,059 INFO  client.GrpcClientProtocolClient (GrpcClientProtocolClient.java:onNext(255)) - client-3502B0E99E4B->68798575-c94b-44a6-b996-25df487e3c54: receive RaftClientReply:client-3502B0E99E4B->68798575-c94b-44a6-b996-25df487e3c54@group-48C576E544C9, cid=2194, SUCCESS, logIndex=3238, commits[68798575-c94b-44a6-b996-25df487e3c54:c3239, 9ec8ead9-888e-415b-b04c-32cd2c26f792:c3237, 84ef4577-07e0-4c8d-900e-d449eb7bf65d:c3237]
2019-07-10 10:03:55,059 INFO  client.GrpcClientProtocolClient (GrpcClientProtocolClient.java:onNext(255)) - client-3502B0E99E4B->68798575-c94b-44a6-b996-25df487e3c54: receive RaftClientReply:client-3502B0E99E4B->68798575-c94b-44a6-b996-25df487e3c54@group-48C576E544C9, cid=2195, SUCCESS, logIndex=3239, commits[68798575-c94b-44a6-b996-25df487e3c54:c3239, 9ec8ead9-888e-415b-b04c-32cd2c26f792:c3237, 84ef4577-07e0-4c8d-900e-d449eb7bf65d:c3237]
2019-07-10 10:03:55,084 INFO  client.GrpcClientProtocolClient (GrpcClientProtocolClient.java:onNext(255)) - client-3502B0E99E4B->68798575-c94b-44a6-b996-25df487e3c54: receive RaftClientReply:client-3502B0E99E4B->68798575-c94b-44a6-b996-25df487e3c54@group-48C576E544C9, cid=2196, SUCCESS, logIndex=3242, commits[68798575-c94b-44a6-b996-25df487e3c54:c3243, 9ec8ead9-888e-415b-b04c-32cd2c26f792:c3239, 84ef4577-07e0-4c8d-900e-d449eb7bf65d:c3239]
2019-07-10 10:03:55,084 INFO  client.GrpcClientProtocolClient (GrpcClientProtocolClient.java:onNext(255)) - client-3502B0E99E4B->68798575-c94b-44a6-b996-25df487e3c54: receive RaftClientReply:client-3502B0E99E4B->68798575-c94b-44a6-b996-25df487e3c54@group-48C576E544C9, cid=2197, SUCCESS, logIndex=3243, commits[68798575-c94b-44a6-b996-25df487e3c54:c3243, 9ec8ead9-888e-415b-b04c-32cd2c26f792:c3239, 84ef4577-07e0-4c8d-900e-d449eb7bf65d:c3239]
2019-07-10 10:03:55,098 INFO  client.GrpcClientProtocolClient (GrpcClientProtocolClient.java:onNext(255)) - client-3502B0E99E4B->68798575-c94b-44a6-b996-25df487e3c54: receive RaftClientReply:client-3502B0E99E4B->68798575-c94b-44a6-b996-25df487e3c54@group-48C576E544C9, cid=2198, SUCCESS, logIndex=0, commits[68798575-c94b-44a6-b996-25df487e3c54:c3245, 9ec8ead9-888e-415b-b04c-32cd2c26f792:c3243, 84ef4577-07e0-4c8d-900e-d449eb7bf65d:c3243]
2019-07-10 10:03:55,125 INFO  client.GrpcClientProtocolClient (GrpcClientProtocolClient.java:onNext(255)) - client-3502B0E99E4B->68798575-c94b-44a6-b996-25df487e3c54: receive RaftClientReply:client-3502B0E99E4B->68798575-c94b-44a6-b996-25df487e3c54@group-48C576E544C9, cid=2199, SUCCESS, logIndex=3246, commits[68798575-c94b-44a6-b996-25df487e3c54:c3246, 9ec8ead9-888e-415b-b04c-32cd2c26f792:c3245, 84ef4577-07e0-4c8d-900e-d449eb7bf65d:c3245]
2019-07-10 10:03:55,126 INFO  client.GrpcClientProtocolClient (GrpcClientProtocolClient.java:onNext(255)) - client-3502B0E99E4B->68798575-c94b-44a6-b996-25df487e3c54: receive RaftClientReply:client-3502B0E99E4B->68798575-c94b-44a6-b996-25df487e3c54@group-48C576E544C9, cid=2200, SUCCESS, logIndex=3247, commits[68798575-c94b-44a6-b996-25df487e3c54:c3249, 9ec8ead9-888e-415b-b04c-32cd2c26f792:c3245, 84ef4577-07e0-4c8d-900e-d449eb7bf65d:c3245]
2019-07-10 10:03:55,126 INFO  client.GrpcClientProtocolClient (GrpcClientProtocolClient.java:onNext(255)) - client-3502B0E99E4B->68798575-c94b-44a6-b996-25df487e3c54: receive RaftClientReply:client-3502B0E99E4B->68798575-c94b-44a6-b996-25df487e3c54@group-48C576E544C9, cid=2201, SUCCESS, logIndex=3248, commits[68798575-c94b-44a6-b996-25df487e3c54:c3250, 9ec8ead9-888e-415b-b04c-32cd2c26f792:c3245, 84ef4577-07e0-4c8d-900e-d449eb7bf65d:c3246]
2019-07-10 10:03:55,127 INFO  client.GrpcClientProtocolClient (GrpcClientProtocolClient.java:onNext(255)) - client-3502B0E99E4B->68798575-c94b-44a6-b996-25df487e3c54: receive RaftClientReply:client-3502B0E99E4B->68798575-c94b-44a6-b996-25df487e3c54@group-48C576E544C9, cid=2202, SUCCESS, logIndex=3249, commits[68798575-c94b-44a6-b996-25df487e3c54:c3250, 9ec8ead9-888e-415b-b04c-32cd2c26f792:c3245, 84ef4577-07e0-4c8d-900e-d449eb7bf65d:c3246]
2019-07-10 10:03:55,130 INFO  client.GrpcClientProtocolClient (GrpcClientProtocolClient.java:onNext(255)) - client-3502B0E99E4B->68798575-c94b-44a6-b996-25df487e3c54: receive RaftClientReply:client-3502B0E99E4B->68798575-c94b-44a6-b996-25df487e3c54@group-48C576E544C9, cid=2203, SUCCESS, logIndex=0, commits[68798575-c94b-44a6-b996-25df487e3c54:c3251, 9ec8ead9-888e-415b-b04c-32cd2c26f792:c3248, 84ef4577-07e0-4c8d-900e-d449eb7bf65d:c3248]
2019-07-10 10:03:55,187 INFO  client.GrpcClientProtocolClient (GrpcClientProtocolClient.java:onNext(255)) - client-3502B0E99E4B->68798575-c94b-44a6-b996-25df487e3c54: receive RaftClientReply:client-3502B0E99E4B->68798575-c94b-44a6-b996-25df487e3c54@group-48C576E544C9, cid=2204, SUCCESS, logIndex=3253, commits[68798575-c94b-44a6-b996-25df487e3c54:c3254, 9ec8ead9-888e-415b-b04c-32cd2c26f792:c3252, 84ef4577-07e0-4c8d-900e-d449eb7bf65d:c3252]
2019-07-10 10:03:55,188 INFO  client.GrpcClientProtocolClient (GrpcClientProtocolClient.java:onNext(255)) - client-3502B0E99E4B->68798575-c94b-44a6-b996-25df487e3c54: receive RaftClientReply:client-3502B0E99E4B->68798575-c94b-44a6-b996-25df487e3c54@group-48C576E544C9, cid=2205, SUCCESS, logIndex=3254, commits[68798575-c94b-44a6-b996-25df487e3c54:c3254, 9ec8ead9-888e-415b-b04c-32cd2c26f792:c3252, 84ef4577-07e0-4c8d-900e-d449eb7bf65d:c3252]
2019-07-10 10:03:55,211 INFO  client.GrpcClientProtocolClient (GrpcClientProtocolClient.java:onNext(255)) - client-3502B0E99E4B->68798575-c94b-44a6-b996-25df487e3c54: receive RaftClientReply:client-3502B0E99E4B->68798575-c94b-44a6-b996-25df487e3c54@group-48C576E544C9, cid=2206, SUCCESS, logIndex=3257, commits[68798575-c94b-44a6-b996-25df487e3c54:c3258, 9ec8ead9-888e-415b-b04c-32cd2c26f792:c3254, 84ef4577-07e0-4c8d-900e-d449eb7bf65d:c3254]
2019-07-10 10:03:55,212 INFO  client.GrpcClientProtocolClient (GrpcClientProtocolClient.java:onNext(255)) - client-3502B0E99E4B->68798575-c94b-44a6-b996-25df487e3c54: receive RaftClientReply:client-3502B0E99E4B->68798575-c94b-44a6-b996-25df487e3c54@group-48C576E544C9, cid=2207, SUCCESS, logIndex=3258, commits[68798575-c94b-44a6-b996-25df487e3c54:c3258, 9ec8ead9-888e-415b-b04c-32cd2c26f792:c3254, 84ef4577-07e0-4c8d-900e-d449eb7bf65d:c3254]
2019-07-10 10:03:55,232 INFO  client.GrpcClientProtocolClient (GrpcClientProtocolClient.java:onNext(255)) - client-3502B0E99E4B->68798575-c94b-44a6-b996-25df487e3c54: receive RaftClientReply:client-3502B0E99E4B->68798575-c94b-44a6-b996-25df487e3c54@group-48C576E544C9, cid=2208, SUCCESS, logIndex=0, commits[68798575-c94b-44a6-b996-25df487e3c54:c3259, 9ec8ead9-888e-415b-b04c-32cd2c26f792:c3258, 84ef4577-07e0-4c8d-900e-d449eb7bf65d:c3258]
2019-07-10 10:03:55,262 INFO  client.GrpcClientProtocolClient (GrpcClientProtocolClient.java:onNext(255)) - client-3502B0E99E4B->68798575-c94b-44a6-b996-25df487e3c54: receive RaftClientReply:client-3502B0E99E4B->68798575-c94b-44a6-b996-25df487e3c54@group-48C576E544C9, cid=2209, SUCCESS, logIndex=3261, commits[68798575-c94b-44a6-b996-25df487e3c54:c3262, 9ec8ead9-888e-415b-b04c-32cd2c26f792:c3260, 84ef4577-07e0-4c8d-900e-d449eb7bf65d:c3260]
2019-07-10 10:03:55,262 INFO  client.GrpcClientProtocolClient (GrpcClientProtocolClient.java:onNext(255)) - client-3502B0E99E4B->68798575-c94b-44a6-b996-25df487e3c54: receive RaftClientReply:client-3502B0E99E4B->68798575-c94b-44a6-b996-25df487e3c54@group-48C576E544C9, cid=2210, SUCCESS, logIndex=3262, commits[68798575-c94b-44a6-b996-25df487e3c54:c3263, 9ec8ead9-888e-415b-b04c-32cd2c26f792:c3260, 84ef4577-07e0-4c8d-900e-d449eb7bf65d:c3260]
2019-07-10 10:03:55,262 INFO  client.GrpcClientProtocolClient (GrpcClientProtocolClient.java:onNext(255)) - client-3502B0E99E4B->68798575-c94b-44a6-b996-25df487e3c54: receive RaftClientReply:client-3502B0E99E4B->68798575-c94b-44a6-b996-25df487e3c54@group-48C576E544C9, cid=2211, SUCCESS, logIndex=3263, commits[68798575-c94b-44a6-b996-25df487e3c54:c3264, 9ec8ead9-888e-415b-b04c-32cd2c26f792:c3260, 84ef4577-07e0-4c8d-900e-d449eb7bf65d:c3260]
2019-07-10 10:03:55,263 INFO  client.GrpcClientProtocolClient (GrpcClientProtocolClient.java:onNext(255)) - client-3502B0E99E4B->68798575-c94b-44a6-b996-25df487e3c54: receive RaftClientReply:client-3502B0E99E4B->68798575-c94b-44a6-b996-25df487e3c54@group-48C576E544C9, cid=2212, SUCCESS, logIndex=3264, commits[68798575-c94b-44a6-b996-25df487e3c54:c3264, 9ec8ead9-888e-415b-b04c-32cd2c26f792:c3260, 84ef4577-07e0-4c8d-900e-d449eb7bf65d:c3260]
2019-07-10 10:03:55,276 INFO  client.GrpcClientProtocolClient (GrpcClientProtocolClient.java:onNext(255)) - client-3502B0E99E4B->68798575-c94b-44a6-b996-25df487e3c54: receive RaftClientReply:client-3502B0E99E4B->68798575-c94b-44a6-b996-25df487e3c54@group-48C576E544C9, cid=2213, SUCCESS, logIndex=0, commits[68798575-c94b-44a6-b996-25df487e3c54:c3266, 9ec8ead9-888e-415b-b04c-32cd2c26f792:c3262, 84ef4577-07e0-4c8d-900e-d449eb7bf65d:c3262]
2019-07-10 10:03:55,297 INFO  client.GrpcClientProtocolClient (GrpcClientProtocolClient.java:onNext(255)) - client-3502B0E99E4B->68798575-c94b-44a6-b996-25df487e3c54: receive RaftClientReply:client-3502B0E99E4B->68798575-c94b-44a6-b996-25df487e3c54@group-48C576E544C9, cid=2214, SUCCESS, logIndex=3269, commits[68798575-c94b-44a6-b996-25df487e3c54:c3270, 9ec8ead9-888e-415b-b04c-32cd2c26f792:c3268, 84ef4577-07e0-4c8d-900e-d449eb7bf65d:c3268]
2019-07-10 10:03:55,298 INFO  client.GrpcClientProtocolClient (GrpcClientProtocolClient.java:onNext(255)) - client-3502B0E99E4B->68798575-c94b-44a6-b996-25df487e3c54: receive RaftClientReply:client-3502B0E99E4B->68798575-c94b-44a6-b996-25df487e3c54@group-48C576E544C9, cid=2215, SUCCESS, logIndex=3270, commits[68798575-c94b-44a6-b996-25df487e3c54:c3270, 9ec8ead9-888e-415b-b04c-32cd2c26f792:c3268, 84ef4577-07e0-4c8d-900e-d449eb7bf65d:c3268]
2019-07-10 10:03:55,312 INFO  client.GrpcClientProtocolClient (GrpcClientProtocolClient.java:onNext(255)) - client-3502B0E99E4B->68798575-c94b-44a6-b996-25df487e3c54: receive RaftClientReply:client-3502B0E99E4B->68798575-c94b-44a6-b996-25df487e3c54@group-48C576E544C9, cid=2216, SUCCESS, logIndex=3273, commits[68798575-c94b-44a6-b996-25df487e3c54:c3274, 9ec8ead9-888e-415b-b04c-32cd2c26f792:c3270, 84ef4577-07e0-4c8d-900e-d449eb7bf65d:c3270]
2019-07-10 10:03:55,312 INFO  client.GrpcClientProtocolClient (GrpcClientProtocolClient.java:onNext(255)) - client-3502B0E99E4B->68798575-c94b-44a6-b996-25df487e3c54: receive RaftClientReply:client-3502B0E99E4B->68798575-c94b-44a6-b996-25df487e3c54@group-48C576E544C9, cid=2217, SUCCESS, logIndex=3274, commits[68798575-c94b-44a6-b996-25df487e3c54:c3274, 9ec8ead9-888e-415b-b04c-32cd2c26f792:c3270, 84ef4577-07e0-4c8d-900e-d449eb7bf65d:c3270]
2019-07-10 10:03:55,325 INFO  client.GrpcClientProtocolClient (GrpcClientProtocolClient.java:onNext(255)) - client-3502B0E99E4B->68798575-c94b-44a6-b996-25df487e3c54: receive RaftClientReply:client-3502B0E99E4B->68798575-c94b-44a6-b996-25df487e3c54@group-48C576E544C9, cid=2218, SUCCESS, logIndex=0, commits[68798575-c94b-44a6-b996-25df487e3c54:c3276, 9ec8ead9-888e-415b-b04c-32cd2c26f792:c3274, 84ef4577-07e0-4c8d-900e-d449eb7bf65d:c3274]
2019-07-10 10:03:55,356 INFO  client.GrpcClientProtocolClient (GrpcClientProtocolClient.java:onNext(255)) - client-3502B0E99E4B->68798575-c94b-44a6-b996-25df487e3c54: receive RaftClientReply:client-3502B0E99E4B->68798575-c94b-44a6-b996-25df487e3c54@group-48C576E544C9, cid=2219, SUCCESS, logIndex=3277, commits[68798575-c94b-44a6-b996-25df487e3c54:c3278, 9ec8ead9-888e-415b-b04c-32cd2c26f792:c3276, 84ef4577-07e0-4c8d-900e-d449eb7bf65d:c3276]
2019-07-10 10:03:55,357 INFO  client.GrpcClientProtocolClient (GrpcClientProtocolClient.java:onNext(255)) - client-3502B0E99E4B->68798575-c94b-44a6-b996-25df487e3c54: receive RaftClientReply:client-3502B0E99E4B->68798575-c94b-44a6-b996-25df487e3c54@group-48C576E544C9, cid=2220, SUCCESS, logIndex=3278, commits[68798575-c94b-44a6-b996-25df487e3c54:c3278, 9ec8ead9-888e-415b-b04c-32cd2c26f792:c3276, 84ef4577-07e0-4c8d-900e-d449eb7bf65d:c3276]
2019-07-10 10:03:55,368 INFO  client.GrpcClientProtocolClient (GrpcClientProtocolClient.java:onNext(255)) - client-3502B0E99E4B->68798575-c94b-44a6-b996-25df487e3c54: receive RaftClientReply:client-3502B0E99E4B->68798575-c94b-44a6-b996-25df487e3c54@group-48C576E544C9, cid=2221, SUCCESS, logIndex=3279, commits[68798575-c94b-44a6-b996-25df487e3c54:c3280, 9ec8ead9-888e-415b-b04c-32cd2c26f792:c3276, 84ef4577-07e0-4c8d-900e-d449eb7bf65d:c3276]
2019-07-10 10:03:55,368 INFO  client.GrpcClientProtocolClient (GrpcClientProtocolClient.java:onNext(255)) - client-3502B0E99E4B->68798575-c94b-44a6-b996-25df487e3c54: receive RaftClientReply:client-3502B0E99E4B->68798575-c94b-44a6-b996-25df487e3c54@group-48C576E544C9, cid=2222, SUCCESS, logIndex=3280, commits[68798575-c94b-44a6-b996-25df487e3c54:c3282, 9ec8ead9-888e-415b-b04c-32cd2c26f792:c3276, 84ef4577-07e0-4c8d-900e-d449eb7bf65d:c3278]
2019-07-10 10:03:55,369 INFO  client.GrpcClientProtocolClient (GrpcClientProtocolClient.java:onNext(255)) - client-3502B0E99E4B->68798575-c94b-44a6-b996-25df487e3c54: receive RaftClientReply:client-3502B0E99E4B->68798575-c94b-44a6-b996-25df487e3c54@group-48C576E544C9, cid=2223, SUCCESS, logIndex=0, commits[68798575-c94b-44a6-b996-25df487e3c54:c3282, 9ec8ead9-888e-415b-b04c-32cd2c26f792:c3278, 84ef4577-07e0-4c8d-900e-d449eb7bf65d:c3278]
2019-07-10 10:03:55,383 INFO  client.GrpcClientProtocolClient (GrpcClientProtocolClient.java:onNext(255)) - client-3502B0E99E4B->68798575-c94b-44a6-b996-25df487e3c54: receive RaftClientReply:client-3502B0E99E4B->68798575-c94b-44a6-b996-25df487e3c54@group-48C576E544C9, cid=2224, SUCCESS, logIndex=3285, commits[68798575-c94b-44a6-b996-25df487e3c54:c3286, 9ec8ead9-888e-415b-b04c-32cd2c26f792:c3280, 84ef4577-07e0-4c8d-900e-d449eb7bf65d:c3282]
2019-07-10 10:03:55,383 INFO  client.GrpcClientProtocolClient (GrpcClientProtocolClient.java:onNext(255)) - client-3502B0E99E4B->68798575-c94b-44a6-b996-25df487e3c54: receive RaftClientReply:client-3502B0E99E4B->68798575-c94b-44a6-b996-25df487e3c54@group-48C576E544C9, cid=2225, SUCCESS, logIndex=3286, commits[68798575-c94b-44a6-b996-25df487e3c54:c3286, 9ec8ead9-888e-415b-b04c-32cd2c26f792:c3282, 84ef4577-07e0-4c8d-900e-d449eb7bf65d:c3282]
2019-07-10 10:03:55,414 INFO  client.GrpcClientProtocolClient (GrpcClientProtocolClient.java:onNext(255)) - client-3502B0E99E4B->68798575-c94b-44a6-b996-25df487e3c54: receive RaftClientReply:client-3502B0E99E4B->68798575-c94b-44a6-b996-25df487e3c54@group-48C576E544C9, cid=2226, SUCCESS, logIndex=3289, commits[68798575-c94b-44a6-b996-25df487e3c54:c3290, 9ec8ead9-888e-415b-b04c-32cd2c26f792:c3288, 84ef4577-07e0-4c8d-900e-d449eb7bf65d:c3288]
2019-07-10 10:03:55,415 INFO  client.GrpcClientProtocolClient (GrpcClientProtocolClient.java:onNext(255)) - client-3502B0E99E4B->68798575-c94b-44a6-b996-25df487e3c54: receive RaftClientReply:client-3502B0E99E4B->68798575-c94b-44a6-b996-25df487e3c54@group-48C576E544C9, cid=2227, SUCCESS, logIndex=3290, commits[68798575-c94b-44a6-b996-25df487e3c54:c3290, 9ec8ead9-888e-415b-b04c-32cd2c26f792:c3288, 84ef4577-07e0-4c8d-900e-d449eb7bf65d:c3288]
2019-07-10 10:03:55,428 INFO  client.GrpcClientProtocolClient (GrpcClientProtocolClient.java:onNext(255)) - client-3502B0E99E4B->68798575-c94b-44a6-b996-25df487e3c54: receive RaftClientReply:client-3502B0E99E4B->68798575-c94b-44a6-b996-25df487e3c54@group-48C576E544C9, cid=2228, SUCCESS, logIndex=0, commits[68798575-c94b-44a6-b996-25df487e3c54:c3292, 9ec8ead9-888e-415b-b04c-32cd2c26f792:c3290, 84ef4577-07e0-4c8d-900e-d449eb7bf65d:c3290]
2019-07-10 10:03:55,456 INFO  client.GrpcClientProtocolClient (GrpcClientProtocolClient.java:onNext(255)) - client-3502B0E99E4B->68798575-c94b-44a6-b996-25df487e3c54: receive RaftClientReply:client-3502B0E99E4B->68798575-c94b-44a6-b996-25df487e3c54@group-48C576E544C9, cid=2229, SUCCESS, logIndex=3293, commits[68798575-c94b-44a6-b996-25df487e3c54:c3293, 9ec8ead9-888e-415b-b04c-32cd2c26f792:c3292, 84ef4577-07e0-4c8d-900e-d449eb7bf65d:c3292]
2019-07-10 10:03:55,457 INFO  client.GrpcClientProtocolClient (GrpcClientProtocolClient.java:onNext(255)) - client-3502B0E99E4B->68798575-c94b-44a6-b996-25df487e3c54: receive RaftClientReply:client-3502B0E99E4B->68798575-c94b-44a6-b996-25df487e3c54@group-48C576E544C9, cid=2230, SUCCESS, logIndex=3294, commits[68798575-c94b-44a6-b996-25df487e3c54:c3296, 9ec8ead9-888e-415b-b04c-32cd2c26f792:c3292, 84ef4577-07e0-4c8d-900e-d449eb7bf65d:c3292]
2019-07-10 10:03:55,457 INFO  client.GrpcClientProtocolClient (GrpcClientProtocolClient.java:onNext(255)) - client-3502B0E99E4B->68798575-c94b-44a6-b996-25df487e3c54: receive RaftClientReply:client-3502B0E99E4B->68798575-c94b-44a6-b996-25df487e3c54@group-48C576E544C9, cid=2231, SUCCESS, logIndex=3295, commits[68798575-c94b-44a6-b996-25df487e3c54:c3296, 9ec8ead9-888e-415b-b04c-32cd2c26f792:c3292, 84ef4577-07e0-4c8d-900e-d449eb7bf65d:c3292]
2019-07-10 10:03:55,457 INFO  client.GrpcClientProtocolClient (GrpcClientProtocolClient.java:onNext(255)) - client-3502B0E99E4B->68798575-c94b-44a6-b996-25df487e3c54: receive RaftClientReply:client-3502B0E99E4B->68798575-c94b-44a6-b996-25df487e3c54@group-48C576E544C9, cid=2232, SUCCESS, logIndex=3296, commits[68798575-c94b-44a6-b996-25df487e3c54:c3296, 9ec8ead9-888e-415b-b04c-32cd2c26f792:c3292, 84ef4577-07e0-4c8d-900e-d449eb7bf65d:c3292]
2019-07-10 10:03:55,478 INFO  client.GrpcClientProtocolClient (GrpcClientProtocolClient.java:onNext(255)) - client-3502B0E99E4B->68798575-c94b-44a6-b996-25df487e3c54: receive RaftClientReply:client-3502B0E99E4B->68798575-c94b-44a6-b996-25df487e3c54@group-48C576E544C9, cid=2233, SUCCESS, logIndex=0, commits[68798575-c94b-44a6-b996-25df487e3c54:c3300, 9ec8ead9-888e-415b-b04c-32cd2c26f792:c3294, 84ef4577-07e0-4c8d-900e-d449eb7bf65d:c3296]
2019-07-10 10:03:55,499 INFO  client.GrpcClientProtocolClient (GrpcClientProtocolClient.java:onNext(255)) - client-3502B0E99E4B->68798575-c94b-44a6-b996-25df487e3c54: receive RaftClientReply:client-3502B0E99E4B->68798575-c94b-44a6-b996-25df487e3c54@group-48C576E544C9, cid=2234, SUCCESS, logIndex=3301, commits[68798575-c94b-44a6-b996-25df487e3c54:c3302, 9ec8ead9-888e-415b-b04c-32cd2c26f792:c3300, 84ef4577-07e0-4c8d-900e-d449eb7bf65d:c3300]
2019-07-10 10:03:55,499 INFO  client.GrpcClientProtocolClient (GrpcClientProtocolClient.java:onNext(255)) - client-3502B0E99E4B->68798575-c94b-44a6-b996-25df487e3c54: receive RaftClientReply:client-3502B0E99E4B->68798575-c94b-44a6-b996-25df487e3c54@group-48C576E544C9, cid=2235, SUCCESS, logIndex=3302, commits[68798575-c94b-44a6-b996-25df487e3c54:c3302, 9ec8ead9-888e-415b-b04c-32cd2c26f792:c3300, 84ef4577-07e0-4c8d-900e-d449eb7bf65d:c3300]
2019-07-10 10:03:55,515 INFO  client.GrpcClientProtocolClient (GrpcClientProtocolClient.java:onNext(255)) - client-3502B0E99E4B->68798575-c94b-44a6-b996-25df487e3c54: receive RaftClientReply:client-3502B0E99E4B->68798575-c94b-44a6-b996-25df487e3c54@group-48C576E544C9, cid=2236, SUCCESS, logIndex=3305, commits[68798575-c94b-44a6-b996-25df487e3c54:c3306, 9ec8ead9-888e-415b-b04c-32cd2c26f792:c3302, 84ef4577-07e0-4c8d-900e-d449eb7bf65d:c3302]
2019-07-10 10:03:55,516 INFO  client.GrpcClientProtocolClient (GrpcClientProtocolClient.java:onNext(255)) - client-3502B0E99E4B->68798575-c94b-44a6-b996-25df487e3c54: receive RaftClientReply:client-3502B0E99E4B->68798575-c94b-44a6-b996-25df487e3c54@group-48C576E544C9, cid=2237, SUCCESS, logIndex=3306, commits[68798575-c94b-44a6-b996-25df487e3c54:c3306, 9ec8ead9-888e-415b-b04c-32cd2c26f792:c3302, 84ef4577-07e0-4c8d-900e-d449eb7bf65d:c3302]
2019-07-10 10:03:55,530 INFO  client.GrpcClientProtocolClient (GrpcClientProtocolClient.java:onNext(255)) - client-3502B0E99E4B->68798575-c94b-44a6-b996-25df487e3c54: receive RaftClientReply:client-3502B0E99E4B->68798575-c94b-44a6-b996-25df487e3c54@group-48C576E544C9, cid=2238, SUCCESS, logIndex=0, commits[68798575-c94b-44a6-b996-25df487e3c54:c3308, 9ec8ead9-888e-415b-b04c-32cd2c26f792:c3306, 84ef4577-07e0-4c8d-900e-d449eb7bf65d:c3306]
2019-07-10 10:03:55,557 INFO  client.GrpcClientProtocolClient (GrpcClientProtocolClient.java:onNext(255)) - client-3502B0E99E4B->68798575-c94b-44a6-b996-25df487e3c54: receive RaftClientReply:client-3502B0E99E4B->68798575-c94b-44a6-b996-25df487e3c54@group-48C576E544C9, cid=2239, SUCCESS, logIndex=3309, commits[68798575-c94b-44a6-b996-25df487e3c54:c3310, 9ec8ead9-888e-415b-b04c-32cd2c26f792:c3308, 84ef4577-07e0-4c8d-900e-d449eb7bf65d:c3308]
2019-07-10 10:03:55,557 INFO  client.GrpcClientProtocolClient (GrpcClientProtocolClient.java:onNext(255)) - client-3502B0E99E4B->68798575-c94b-44a6-b996-25df487e3c54: receive RaftClientReply:client-3502B0E99E4B->68798575-c94b-44a6-b996-25df487e3c54@group-48C576E544C9, cid=2240, SUCCESS, logIndex=3310, commits[68798575-c94b-44a6-b996-25df487e3c54:c3311, 9ec8ead9-888e-415b-b04c-32cd2c26f792:c3308, 84ef4577-07e0-4c8d-900e-d449eb7bf65d:c3308]
2019-07-10 10:03:55,558 INFO  client.GrpcClientProtocolClient (GrpcClientProtocolClient.java:onNext(255)) - client-3502B0E99E4B->68798575-c94b-44a6-b996-25df487e3c54: receive RaftClientReply:client-3502B0E99E4B->68798575-c94b-44a6-b996-25df487e3c54@group-48C576E544C9, cid=2241, SUCCESS, logIndex=3311, commits[68798575-c94b-44a6-b996-25df487e3c54:c3313, 9ec8ead9-888e-415b-b04c-32cd2c26f792:c3308, 84ef4577-07e0-4c8d-900e-d449eb7bf65d:c3309]
2019-07-10 10:03:55,558 INFO  client.GrpcClientProtocolClient (GrpcClientProtocolClient.java:onNext(255)) - client-3502B0E99E4B->68798575-c94b-44a6-b996-25df487e3c54: receive RaftClientReply:client-3502B0E99E4B->68798575-c94b-44a6-b996-25df487e3c54@group-48C576E544C9, cid=2242, SUCCESS, logIndex=3312, commits[68798575-c94b-44a6-b996-25df487e3c54:c3313, 9ec8ead9-888e-415b-b04c-32cd2c26f792:c3308, 84ef4577-07e0-4c8d-900e-d449eb7bf65d:c3309]
2019-07-10 10:03:55,568 INFO  client.GrpcClientProtocolClient (GrpcClientProtocolClient.java:onNext(255)) - client-3502B0E99E4B->68798575-c94b-44a6-b996-25df487e3c54: receive RaftClientReply:client-3502B0E99E4B->68798575-c94b-44a6-b996-25df487e3c54@group-48C576E544C9, cid=2243, SUCCESS, logIndex=0, commits[68798575-c94b-44a6-b996-25df487e3c54:c3315, 9ec8ead9-888e-415b-b04c-32cd2c26f792:c3310, 84ef4577-07e0-4c8d-900e-d449eb7bf65d:c3311]
 0.00% |█                                                                                                    |  0/1 Time: 0:00:192019-07-10 10:03:55,695 INFO  client.GrpcClientProtocolClient (GrpcClientProtocolClient.java:onNext(255)) - client-3502B0E99E4B->68798575-c94b-44a6-b996-25df487e3c54: receive RaftClientReply:client-3502B0E99E4B->68798575-c94b-44a6-b996-25df487e3c54@group-48C576E544C9, cid=2244, SUCCESS, logIndex=3317, commits[68798575-c94b-44a6-b996-25df487e3c54:c3318, 9ec8ead9-888e-415b-b04c-32cd2c26f792:c3315, 84ef4577-07e0-4c8d-900e-d449eb7bf65d:c3315]
2019-07-10 10:03:55,696 INFO  client.GrpcClientProtocolClient (GrpcClientProtocolClient.java:onNext(255)) - client-3502B0E99E4B->68798575-c94b-44a6-b996-25df487e3c54: receive RaftClientReply:client-3502B0E99E4B->68798575-c94b-44a6-b996-25df487e3c54@group-48C576E544C9, cid=2245, SUCCESS, logIndex=3318, commits[68798575-c94b-44a6-b996-25df487e3c54:c3318, 9ec8ead9-888e-415b-b04c-32cd2c26f792:c3315, 84ef4577-07e0-4c8d-900e-d449eb7bf65d:c3315]
2019-07-10 10:03:55,721 INFO  client.GrpcClientProtocolClient (GrpcClientProtocolClient.java:onNext(255)) - client-3502B0E99E4B->68798575-c94b-44a6-b996-25df487e3c54: receive RaftClientReply:client-3502B0E99E4B->68798575-c94b-44a6-b996-25df487e3c54@group-48C576E544C9, cid=2246, SUCCESS, logIndex=3321, commits[68798575-c94b-44a6-b996-25df487e3c54:c3322, 9ec8ead9-888e-415b-b04c-32cd2c26f792:c3318, 84ef4577-07e0-4c8d-900e-d449eb7bf65d:c3318]
2019-07-10 10:03:55,721 INFO  client.GrpcClientProtocolClient (GrpcClientProtocolClient.java:onNext(255)) - client-3502B0E99E4B->68798575-c94b-44a6-b996-25df487e3c54: receive RaftClientReply:client-3502B0E99E4B->68798575-c94b-44a6-b996-25df487e3c54@group-48C576E544C9, cid=2247, SUCCESS, logIndex=3322, commits[68798575-c94b-44a6-b996-25df487e3c54:c3322, 9ec8ead9-888e-415b-b04c-32cd2c26f792:c3318, 84ef4577-07e0-4c8d-900e-d449eb7bf65d:c3318]
2019-07-10 10:03:55,742 INFO  client.GrpcClientProtocolClient (GrpcClientProtocolClient.java:onNext(255)) - client-3502B0E99E4B->68798575-c94b-44a6-b996-25df487e3c54: receive RaftClientReply:client-3502B0E99E4B->68798575-c94b-44a6-b996-25df487e3c54@group-48C576E544C9, cid=2248, SUCCESS, logIndex=0, commits[68798575-c94b-44a6-b996-25df487e3c54:c3324, 9ec8ead9-888e-415b-b04c-32cd2c26f792:c3322, 84ef4577-07e0-4c8d-900e-d449eb7bf65d:c3322]
2019-07-10 10:03:55,771 INFO  client.GrpcClientProtocolClient (GrpcClientProtocolClient.java:onNext(255)) - client-3502B0E99E4B->68798575-c94b-44a6-b996-25df487e3c54: receive RaftClientReply:client-3502B0E99E4B->68798575-c94b-44a6-b996-25df487e3c54@group-48C576E544C9, cid=2249, SUCCESS, logIndex=3325, commits[68798575-c94b-44a6-b996-25df487e3c54:c3326, 9ec8ead9-888e-415b-b04c-32cd2c26f792:c3324, 84ef4577-07e0-4c8d-900e-d449eb7bf65d:c3324]
2019-07-10 10:03:55,772 INFO  client.GrpcClientProtocolClient (GrpcClientProtocolClient.java:onNext(255)) - client-3502B0E99E4B->68798575-c94b-44a6-b996-25df487e3c54: receive RaftClientReply:client-3502B0E99E4B->68798575-c94b-44a6-b996-25df487e3c54@group-48C576E544C9, cid=2250, SUCCESS, logIndex=3326, commits[68798575-c94b-44a6-b996-25df487e3c54:c3327, 9ec8ead9-888e-415b-b04c-32cd2c26f792:c3324, 84ef4577-07e0-4c8d-900e-d449eb7bf65d:c3324]
2019-07-10 10:03:55,773 INFO  client.GrpcClientProtocolClient (GrpcClientProtocolClient.java:onNext(255)) - client-3502B0E99E4B->68798575-c94b-44a6-b996-25df487e3c54: receive RaftClientReply:client-3502B0E99E4B->68798575-c94b-44a6-b996-25df487e3c54@group-48C576E544C9, cid=2251, SUCCESS, logIndex=3327, commits[68798575-c94b-44a6-b996-25df487e3c54:c3328, 9ec8ead9-888e-415b-b04c-32cd2c26f792:c3324, 84ef4577-07e0-4c8d-900e-d449eb7bf65d:c3324]
2019-07-10 10:03:55,773 INFO  client.GrpcClientProtocolClient (GrpcClientProtocolClient.java:onNext(255)) - client-3502B0E99E4B->68798575-c94b-44a6-b996-25df487e3c54: receive RaftClientReply:client-3502B0E99E4B->68798575-c94b-44a6-b996-25df487e3c54@group-48C576E544C9, cid=2252, SUCCESS, logIndex=3328, commits[68798575-c94b-44a6-b996-25df487e3c54:c3328, 9ec8ead9-888e-415b-b04c-32cd2c26f792:c3324, 84ef4577-07e0-4c8d-900e-d449eb7bf65d:c3324]
2019-07-10 10:03:55,785 INFO  client.GrpcClientProtocolClient (GrpcClientProtocolClient.java:onNext(255)) - client-3502B0E99E4B->68798575-c94b-44a6-b996-25df487e3c54: receive RaftClientReply:client-3502B0E99E4B->68798575-c94b-44a6-b996-25df487e3c54@group-48C576E544C9, cid=2253, SUCCESS, logIndex=0, commits[68798575-c94b-44a6-b996-25df487e3c54:c3330, 9ec8ead9-888e-415b-b04c-32cd2c26f792:c3326, 84ef4577-07e0-4c8d-900e-d449eb7bf65d:c3326]
2019-07-10 10:03:55,808 INFO  client.GrpcClientProtocolClient (GrpcClientProtocolClient.java:onNext(255)) - client-3502B0E99E4B->68798575-c94b-44a6-b996-25df487e3c54: receive RaftClientReply:client-3502B0E99E4B->68798575-c94b-44a6-b996-25df487e3c54@group-48C576E544C9, cid=2254, SUCCESS, logIndex=3333, commits[68798575-c94b-44a6-b996-25df487e3c54:c3334, 9ec8ead9-888e-415b-b04c-32cd2c26f792:c3332, 84ef4577-07e0-4c8d-900e-d449eb7bf65d:c3332]
2019-07-10 10:03:55,809 INFO  client.GrpcClientProtocolClient (GrpcClientProtocolClient.java:onNext(255)) - client-3502B0E99E4B->68798575-c94b-44a6-b996-25df487e3c54: receive RaftClientReply:client-3502B0E99E4B->68798575-c94b-44a6-b996-25df487e3c54@group-48C576E544C9, cid=2255, SUCCESS, logIndex=3334, commits[68798575-c94b-44a6-b996-25df487e3c54:c3334, 9ec8ead9-888e-415b-b04c-32cd2c26f792:c3332, 84ef4577-07e0-4c8d-900e-d449eb7bf65d:c3332]
2019-07-10 10:03:55,833 INFO  client.GrpcClientProtocolClient (GrpcClientProtocolClient.java:onNext(255)) - client-3502B0E99E4B->68798575-c94b-44a6-b996-25df487e3c54: receive RaftClientReply:client-3502B0E99E4B->68798575-c94b-44a6-b996-25df487e3c54@group-48C576E544C9, cid=2256, SUCCESS, logIndex=3337, commits[68798575-c94b-44a6-b996-25df487e3c54:c3338, 9ec8ead9-888e-415b-b04c-32cd2c26f792:c3334, 84ef4577-07e0-4c8d-900e-d449eb7bf65d:c3334]
2019-07-10 10:03:55,834 INFO  client.GrpcClientProtocolClient (GrpcClientProtocolClient.java:onNext(255)) - client-3502B0E99E4B->68798575-c94b-44a6-b996-25df487e3c54: receive RaftClientReply:client-3502B0E99E4B->68798575-c94b-44a6-b996-25df487e3c54@group-48C576E544C9, cid=2257, SUCCESS, logIndex=3338, commits[68798575-c94b-44a6-b996-25df487e3c54:c3338, 9ec8ead9-888e-415b-b04c-32cd2c26f792:c3334, 84ef4577-07e0-4c8d-900e-d449eb7bf65d:c3334]
2019-07-10 10:03:55,845 INFO  client.GrpcClientProtocolClient (GrpcClientProtocolClient.java:onNext(255)) - client-3502B0E99E4B->68798575-c94b-44a6-b996-25df487e3c54: receive RaftClientReply:client-3502B0E99E4B->68798575-c94b-44a6-b996-25df487e3c54@group-48C576E544C9, cid=2258, SUCCESS, logIndex=0, commits[68798575-c94b-44a6-b996-25df487e3c54:c3339, 9ec8ead9-888e-415b-b04c-32cd2c26f792:c3338, 84ef4577-07e0-4c8d-900e-d449eb7bf65d:c3338]
2019-07-10 10:03:55,877 INFO  client.GrpcClientProtocolClient (GrpcClientProtocolClient.java:onNext(255)) - client-3502B0E99E4B->68798575-c94b-44a6-b996-25df487e3c54: receive RaftClientReply:client-3502B0E99E4B->68798575-c94b-44a6-b996-25df487e3c54@group-48C576E544C9, cid=2259, SUCCESS, logIndex=3341, commits[68798575-c94b-44a6-b996-25df487e3c54:c3342, 9ec8ead9-888e-415b-b04c-32cd2c26f792:c3340, 84ef4577-07e0-4c8d-900e-d449eb7bf65d:c3340]
2019-07-10 10:03:55,878 INFO  client.GrpcClientProtocolClient (GrpcClientProtocolClient.java:onNext(255)) - client-3502B0E99E4B->68798575-c94b-44a6-b996-25df487e3c54: receive RaftClientReply:client-3502B0E99E4B->68798575-c94b-44a6-b996-25df487e3c54@group-48C576E544C9, cid=2260, SUCCESS, logIndex=3342, commits[68798575-c94b-44a6-b996-25df487e3c54:c3342, 9ec8ead9-888e-415b-b04c-32cd2c26f792:c3340, 84ef4577-07e0-4c8d-900e-d449eb7bf65d:c3340]
2019-07-10 10:03:55,885 INFO  client.GrpcClientProtocolClient (GrpcClientProtocolClient.java:onNext(255)) - client-3502B0E99E4B->68798575-c94b-44a6-b996-25df487e3c54: receive RaftClientReply:client-3502B0E99E4B->68798575-c94b-44a6-b996-25df487e3c54@group-48C576E544C9, cid=2261, SUCCESS, logIndex=3343, commits[68798575-c94b-44a6-b996-25df487e3c54:c3344, 9ec8ead9-888e-415b-b04c-32cd2c26f792:c3340, 84ef4577-07e0-4c8d-900e-d449eb7bf65d:c3340]
2019-07-10 10:03:55,886 INFO  client.GrpcClientProtocolClient (GrpcClientProtocolClient.java:onNext(255)) - client-3502B0E99E4B->68798575-c94b-44a6-b996-25df487e3c54: receive RaftClientReply:client-3502B0E99E4B->68798575-c94b-44a6-b996-25df487e3c54@group-48C576E544C9, cid=2262, SUCCESS, logIndex=3344, commits[68798575-c94b-44a6-b996-25df487e3c54:c3344, 9ec8ead9-888e-415b-b04c-32cd2c26f792:c3340, 84ef4577-07e0-4c8d-900e-d449eb7bf65d:c3340]
2019-07-10 10:03:55,906 INFO  client.GrpcClientProtocolClient (GrpcClientProtocolClient.java:onNext(255)) - client-3502B0E99E4B->68798575-c94b-44a6-b996-25df487e3c54: receive RaftClientReply:client-3502B0E99E4B->68798575-c94b-44a6-b996-25df487e3c54@group-48C576E544C9, cid=2263, SUCCESS, logIndex=0, commits[68798575-c94b-44a6-b996-25df487e3c54:c3346, 9ec8ead9-888e-415b-b04c-32cd2c26f792:c3342, 84ef4577-07e0-4c8d-900e-d449eb7bf65d:c3342]
2019-07-10 10:03:55,932 INFO  client.GrpcClientProtocolClient (GrpcClientProtocolClient.java:onNext(255)) - client-3502B0E99E4B->68798575-c94b-44a6-b996-25df487e3c54: receive RaftClientReply:client-3502B0E99E4B->68798575-c94b-44a6-b996-25df487e3c54@group-48C576E544C9, cid=2264, SUCCESS, logIndex=3349, commits[68798575-c94b-44a6-b996-25df487e3c54:c3350, 9ec8ead9-888e-415b-b04c-32cd2c26f792:c3348, 84ef4577-07e0-4c8d-900e-d449eb7bf65d:c3348]
2019-07-10 10:03:55,932 INFO  client.GrpcClientProtocolClient (GrpcClientProtocolClient.java:onNext(255)) - client-3502B0E99E4B->68798575-c94b-44a6-b996-25df487e3c54: receive RaftClientReply:client-3502B0E99E4B->68798575-c94b-44a6-b996-25df487e3c54@group-48C576E544C9, cid=2265, SUCCESS, logIndex=3350, commits[68798575-c94b-44a6-b996-25df487e3c54:c3350, 9ec8ead9-888e-415b-b04c-32cd2c26f792:c3348, 84ef4577-07e0-4c8d-900e-d449eb7bf65d:c3348]
2019-07-10 10:03:55,957 INFO  client.GrpcClientProtocolClient (GrpcClientProtocolClient.java:onNext(255)) - client-3502B0E99E4B->68798575-c94b-44a6-b996-25df487e3c54: receive RaftClientReply:client-3502B0E99E4B->68798575-c94b-44a6-b996-25df487e3c54@group-48C576E544C9, cid=2266, SUCCESS, logIndex=3353, commits[68798575-c94b-44a6-b996-25df487e3c54:c3354, 9ec8ead9-888e-415b-b04c-32cd2c26f792:c3350, 84ef4577-07e0-4c8d-900e-d449eb7bf65d:c3350]
2019-07-10 10:03:55,958 INFO  client.GrpcClientProtocolClient (GrpcClientProtocolClient.java:onNext(255)) - client-3502B0E99E4B->68798575-c94b-44a6-b996-25df487e3c54: receive RaftClientReply:client-3502B0E99E4B->68798575-c94b-44a6-b996-25df487e3c54@group-48C576E544C9, cid=2267, SUCCESS, logIndex=3354, commits[68798575-c94b-44a6-b996-25df487e3c54:c3354, 9ec8ead9-888e-415b-b04c-32cd2c26f792:c3350, 84ef4577-07e0-4c8d-900e-d449eb7bf65d:c3350]
2019-07-10 10:03:55,971 INFO  client.GrpcClientProtocolClient (GrpcClientProtocolClient.java:onNext(255)) - client-3502B0E99E4B->68798575-c94b-44a6-b996-25df487e3c54: receive RaftClientReply:client-3502B0E99E4B->68798575-c94b-44a6-b996-25df487e3c54@group-48C576E544C9, cid=2268, SUCCESS, logIndex=0, commits[68798575-c94b-44a6-b996-25df487e3c54:c3356, 9ec8ead9-888e-415b-b04c-32cd2c26f792:c3354, 84ef4577-07e0-4c8d-900e-d449eb7bf65d:c3354]
2019-07-10 10:03:56,005 INFO  client.GrpcClientProtocolClient (GrpcClientProtocolClient.java:onNext(255)) - client-3502B0E99E4B->68798575-c94b-44a6-b996-25df487e3c54: receive RaftClientReply:client-3502B0E99E4B->68798575-c94b-44a6-b996-25df487e3c54@group-48C576E544C9, cid=2269, SUCCESS, logIndex=3357, commits[68798575-c94b-44a6-b996-25df487e3c54:c3358, 9ec8ead9-888e-415b-b04c-32cd2c26f792:c3356, 84ef4577-07e0-4c8d-900e-d449eb7bf65d:c3356]
2019-07-10 10:03:56,006 INFO  client.GrpcClientProtocolClient (GrpcClientProtocolClient.java:onNext(255)) - client-3502B0E99E4B->68798575-c94b-44a6-b996-25df487e3c54: receive RaftClientReply:client-3502B0E99E4B->68798575-c94b-44a6-b996-25df487e3c54@group-48C576E544C9, cid=2270, SUCCESS, logIndex=3358, commits[68798575-c94b-44a6-b996-25df487e3c54:c3360, 9ec8ead9-888e-415b-b04c-32cd2c26f792:c3356, 84ef4577-07e0-4c8d-900e-d449eb7bf65d:c3356]
2019-07-10 10:03:56,007 INFO  client.GrpcClientProtocolClient (GrpcClientProtocolClient.java:onNext(255)) - client-3502B0E99E4B->68798575-c94b-44a6-b996-25df487e3c54: receive RaftClientReply:client-3502B0E99E4B->68798575-c94b-44a6-b996-25df487e3c54@group-48C576E544C9, cid=2271, SUCCESS, logIndex=3359, commits[68798575-c94b-44a6-b996-25df487e3c54:c3360, 9ec8ead9-888e-415b-b04c-32cd2c26f792:c3356, 84ef4577-07e0-4c8d-900e-d449eb7bf65d:c3356]
2019-07-10 10:03:56,007 INFO  client.GrpcClientProtocolClient (GrpcClientProtocolClient.java:onNext(255)) - client-3502B0E99E4B->68798575-c94b-44a6-b996-25df487e3c54: receive RaftClientReply:client-3502B0E99E4B->68798575-c94b-44a6-b996-25df487e3c54@group-48C576E544C9, cid=2272, SUCCESS, logIndex=3360, commits[68798575-c94b-44a6-b996-25df487e3c54:c3360, 9ec8ead9-888e-415b-b04c-32cd2c26f792:c3356, 84ef4577-07e0-4c8d-900e-d449eb7bf65d:c3356]
2019-07-10 10:03:56,028 INFO  client.GrpcClientProtocolClient (GrpcClientProtocolClient.java:onNext(255)) - client-3502B0E99E4B->68798575-c94b-44a6-b996-25df487e3c54: receive RaftClientReply:client-3502B0E99E4B->68798575-c94b-44a6-b996-25df487e3c54@group-48C576E544C9, cid=2273, SUCCESS, logIndex=0, commits[68798575-c94b-44a6-b996-25df487e3c54:c3362, 9ec8ead9-888e-415b-b04c-32cd2c26f792:c3358, 84ef4577-07e0-4c8d-900e-d449eb7bf65d:c3358]
2019-07-10 10:03:56,040 INFO  client.GrpcClientProtocolClient (GrpcClientProtocolClient.java:onNext(255)) - client-3502B0E99E4B->68798575-c94b-44a6-b996-25df487e3c54: receive RaftClientReply:client-3502B0E99E4B->68798575-c94b-44a6-b996-25df487e3c54@group-48C576E544C9, cid=2274, SUCCESS, logIndex=3365, commits[68798575-c94b-44a6-b996-25df487e3c54:c3366, 9ec8ead9-888e-415b-b04c-32cd2c26f792:c3360, 84ef4577-07e0-4c8d-900e-d449eb7bf65d:c3364]
2019-07-10 10:03:56,041 INFO  client.GrpcClientProtocolClient (GrpcClientProtocolClient.java:onNext(255)) - client-3502B0E99E4B->68798575-c94b-44a6-b996-25df487e3c54: receive RaftClientReply:client-3502B0E99E4B->68798575-c94b-44a6-b996-25df487e3c54@group-48C576E544C9, cid=2275, SUCCESS, logIndex=3366, commits[68798575-c94b-44a6-b996-25df487e3c54:c3366, 9ec8ead9-888e-415b-b04c-32cd2c26f792:c3364, 84ef4577-07e0-4c8d-900e-d449eb7bf65d:c3364]
2019-07-10 10:03:56,063 INFO  client.GrpcClientProtocolClient (GrpcClientProtocolClient.java:onNext(255)) - client-3502B0E99E4B->68798575-c94b-44a6-b996-25df487e3c54: receive RaftClientReply:client-3502B0E99E4B->68798575-c94b-44a6-b996-25df487e3c54@group-48C576E544C9, cid=2276, SUCCESS, logIndex=3369, commits[68798575-c94b-44a6-b996-25df487e3c54:c3370, 9ec8ead9-888e-415b-b04c-32cd2c26f792:c3368, 84ef4577-07e0-4c8d-900e-d449eb7bf65d:c3368]
2019-07-10 10:03:56,063 INFO  client.GrpcClientProtocolClient (GrpcClientProtocolClient.java:onNext(255)) - client-3502B0E99E4B->68798575-c94b-44a6-b996-25df487e3c54: receive RaftClientReply:client-3502B0E99E4B->68798575-c94b-44a6-b996-25df487e3c54@group-48C576E544C9, cid=2277, SUCCESS, logIndex=3370, commits[68798575-c94b-44a6-b996-25df487e3c54:c3370, 9ec8ead9-888e-415b-b04c-32cd2c26f792:c3368, 84ef4577-07e0-4c8d-900e-d449eb7bf65d:c3368]
2019-07-10 10:03:56,096 INFO  client.GrpcClientProtocolClient (GrpcClientProtocolClient.java:onNext(255)) - client-3502B0E99E4B->68798575-c94b-44a6-b996-25df487e3c54: receive RaftClientReply:client-3502B0E99E4B->68798575-c94b-44a6-b996-25df487e3c54@group-48C576E544C9, cid=2278, SUCCESS, logIndex=0, commits[68798575-c94b-44a6-b996-25df487e3c54:c3372, 9ec8ead9-888e-415b-b04c-32cd2c26f792:c3370, 84ef4577-07e0-4c8d-900e-d449eb7bf65d:c3370]
2019-07-10 10:03:56,130 INFO  client.GrpcClientProtocolClient (GrpcClientProtocolClient.java:onNext(255)) - client-3502B0E99E4B->68798575-c94b-44a6-b996-25df487e3c54: receive RaftClientReply:client-3502B0E99E4B->68798575-c94b-44a6-b996-25df487e3c54@group-48C576E544C9, cid=2279, SUCCESS, logIndex=3373, commits[68798575-c94b-44a6-b996-25df487e3c54:c3374, 9ec8ead9-888e-415b-b04c-32cd2c26f792:c3372, 84ef4577-07e0-4c8d-900e-d449eb7bf65d:c3372]
2019-07-10 10:03:56,131 INFO  client.GrpcClientProtocolClient (GrpcClientProtocolClient.java:onNext(255)) - client-3502B0E99E4B->68798575-c94b-44a6-b996-25df487e3c54: receive RaftClientReply:client-3502B0E99E4B->68798575-c94b-44a6-b996-25df487e3c54@group-48C576E544C9, cid=2280, SUCCESS, logIndex=3374, commits[68798575-c94b-44a6-b996-25df487e3c54:c3374, 9ec8ead9-888e-415b-b04c-32cd2c26f792:c3372, 84ef4577-07e0-4c8d-900e-d449eb7bf65d:c3372]
2019-07-10 10:03:56,141 INFO  client.GrpcClientProtocolClient (GrpcClientProtocolClient.java:onNext(255)) - client-3502B0E99E4B->68798575-c94b-44a6-b996-25df487e3c54: receive RaftClientReply:client-3502B0E99E4B->68798575-c94b-44a6-b996-25df487e3c54@group-48C576E544C9, cid=2281, SUCCESS, logIndex=3375, commits[68798575-c94b-44a6-b996-25df487e3c54:c3376, 9ec8ead9-888e-415b-b04c-32cd2c26f792:c3372, 84ef4577-07e0-4c8d-900e-d449eb7bf65d:c3372]
2019-07-10 10:03:56,142 INFO  client.GrpcClientProtocolClient (GrpcClientProtocolClient.java:onNext(255)) - client-3502B0E99E4B->68798575-c94b-44a6-b996-25df487e3c54: receive RaftClientReply:client-3502B0E99E4B->68798575-c94b-44a6-b996-25df487e3c54@group-48C576E544C9, cid=2282, SUCCESS, logIndex=3376, commits[68798575-c94b-44a6-b996-25df487e3c54:c3376, 9ec8ead9-888e-415b-b04c-32cd2c26f792:c3372, 84ef4577-07e0-4c8d-900e-d449eb7bf65d:c3372]
2019-07-10 10:03:56,154 INFO  client.GrpcClientProtocolClient (GrpcClientProtocolClient.java:onNext(255)) - client-3502B0E99E4B->68798575-c94b-44a6-b996-25df487e3c54: receive RaftClientReply:client-3502B0E99E4B->68798575-c94b-44a6-b996-25df487e3c54@group-48C576E544C9, cid=2283, SUCCESS, logIndex=0, commits[68798575-c94b-44a6-b996-25df487e3c54:c3377, 9ec8ead9-888e-415b-b04c-32cd2c26f792:c3374, 84ef4577-07e0-4c8d-900e-d449eb7bf65d:c3374]
2019-07-10 10:03:56,189 INFO  client.GrpcClientProtocolClient (GrpcClientProtocolClient.java:onNext(255)) - client-3502B0E99E4B->68798575-c94b-44a6-b996-25df487e3c54: receive RaftClientReply:client-3502B0E99E4B->68798575-c94b-44a6-b996-25df487e3c54@group-48C576E544C9, cid=2284, SUCCESS, logIndex=3381, commits[68798575-c94b-44a6-b996-25df487e3c54:c3382, 9ec8ead9-888e-415b-b04c-32cd2c26f792:c3380, 84ef4577-07e0-4c8d-900e-d449eb7bf65d:c3376]
2019-07-10 10:03:56,189 INFO  client.GrpcClientProtocolClient (GrpcClientProtocolClient.java:onNext(255)) - client-3502B0E99E4B->68798575-c94b-44a6-b996-25df487e3c54: receive RaftClientReply:client-3502B0E99E4B->68798575-c94b-44a6-b996-25df487e3c54@group-48C576E544C9, cid=2285, SUCCESS, logIndex=3382, commits[68798575-c94b-44a6-b996-25df487e3c54:c3382, 9ec8ead9-888e-415b-b04c-32cd2c26f792:c3380, 84ef4577-07e0-4c8d-900e-d449eb7bf65d:c3380]
2019-07-10 10:03:56,220 INFO  client.GrpcClientProtocolClient (GrpcClientProtocolClient.java:onNext(255)) - client-3502B0E99E4B->68798575-c94b-44a6-b996-25df487e3c54: receive RaftClientReply:client-3502B0E99E4B->68798575-c94b-44a6-b996-25df487e3c54@group-48C576E544C9, cid=2286, SUCCESS, logIndex=3385, commits[68798575-c94b-44a6-b996-25df487e3c54:c3386, 9ec8ead9-888e-415b-b04c-32cd2c26f792:c3383, 84ef4577-07e0-4c8d-900e-d449eb7bf65d:c3383]
2019-07-10 10:03:56,220 INFO  client.GrpcClientProtocolClient (GrpcClientProtocolClient.java:onNext(255)) - client-3502B0E99E4B->68798575-c94b-44a6-b996-25df487e3c54: receive RaftClientReply:client-3502B0E99E4B->68798575-c94b-44a6-b996-25df487e3c54@group-48C576E544C9, cid=2287, SUCCESS, logIndex=3386, commits[68798575-c94b-44a6-b996-25df487e3c54:c3386, 9ec8ead9-888e-415b-b04c-32cd2c26f792:c3383, 84ef4577-07e0-4c8d-900e-d449eb7bf65d:c3383]
2019-07-10 10:03:56,246 INFO  client.GrpcClientProtocolClient (GrpcClientProtocolClient.java:onNext(255)) - client-3502B0E99E4B->68798575-c94b-44a6-b996-25df487e3c54: receive RaftClientReply:client-3502B0E99E4B->68798575-c94b-44a6-b996-25df487e3c54@group-48C576E544C9, cid=2288, SUCCESS, logIndex=0, commits[68798575-c94b-44a6-b996-25df487e3c54:c3388, 9ec8ead9-888e-415b-b04c-32cd2c26f792:c3386, 84ef4577-07e0-4c8d-900e-d449eb7bf65d:c3386]
2019-07-10 10:03:56,282 INFO  client.GrpcClientProtocolClient (GrpcClientProtocolClient.java:onNext(255)) - client-3502B0E99E4B->68798575-c94b-44a6-b996-25df487e3c54: receive RaftClientReply:client-3502B0E99E4B->68798575-c94b-44a6-b996-25df487e3c54@group-48C576E544C9, cid=2289, SUCCESS, logIndex=3389, commits[68798575-c94b-44a6-b996-25df487e3c54:c3390, 9ec8ead9-888e-415b-b04c-32cd2c26f792:c3388, 84ef4577-07e0-4c8d-900e-d449eb7bf65d:c3388]
2019-07-10 10:03:56,283 INFO  client.GrpcClientProtocolClient (GrpcClientProtocolClient.java:onNext(255)) - client-3502B0E99E4B->68798575-c94b-44a6-b996-25df487e3c54: receive RaftClientReply:client-3502B0E99E4B->68798575-c94b-44a6-b996-25df487e3c54@group-48C576E544C9, cid=2290, SUCCESS, logIndex=3390, commits[68798575-c94b-44a6-b996-25df487e3c54:c3390, 9ec8ead9-888e-415b-b04c-32cd2c26f792:c3388, 84ef4577-07e0-4c8d-900e-d449eb7bf65d:c3388]
2019-07-10 10:03:56,292 INFO  client.GrpcClientProtocolClient (GrpcClientProtocolClient.java:onNext(255)) - client-3502B0E99E4B->68798575-c94b-44a6-b996-25df487e3c54: receive RaftClientReply:client-3502B0E99E4B->68798575-c94b-44a6-b996-25df487e3c54@group-48C576E544C9, cid=2291, SUCCESS, logIndex=3391, commits[68798575-c94b-44a6-b996-25df487e3c54:c3392, 9ec8ead9-888e-415b-b04c-32cd2c26f792:c3388, 84ef4577-07e0-4c8d-900e-d449eb7bf65d:c3388]
2019-07-10 10:03:56,293 INFO  client.GrpcClientProtocolClient (GrpcClientProtocolClient.java:onNext(255)) - client-3502B0E99E4B->68798575-c94b-44a6-b996-25df487e3c54: receive RaftClientReply:client-3502B0E99E4B->68798575-c94b-44a6-b996-25df487e3c54@group-48C576E544C9, cid=2292, SUCCESS, logIndex=3392, commits[68798575-c94b-44a6-b996-25df487e3c54:c3392, 9ec8ead9-888e-415b-b04c-32cd2c26f792:c3388, 84ef4577-07e0-4c8d-900e-d449eb7bf65d:c3388]
2019-07-10 10:03:56,295 INFO  client.GrpcClientProtocolClient (GrpcClientProtocolClient.java:onNext(255)) - client-3502B0E99E4B->68798575-c94b-44a6-b996-25df487e3c54: receive RaftClientReply:client-3502B0E99E4B->68798575-c94b-44a6-b996-25df487e3c54@group-48C576E544C9, cid=2293, SUCCESS, logIndex=0, commits[68798575-c94b-44a6-b996-25df487e3c54:c3392, 9ec8ead9-888e-415b-b04c-32cd2c26f792:c3390, 84ef4577-07e0-4c8d-900e-d449eb7bf65d:c3390]
2019-07-10 10:03:56,321 INFO  client.GrpcClientProtocolClient (GrpcClientProtocolClient.java:onNext(255)) - client-3502B0E99E4B->68798575-c94b-44a6-b996-25df487e3c54: receive RaftClientReply:client-3502B0E99E4B->68798575-c94b-44a6-b996-25df487e3c54@group-48C576E544C9, cid=2294, SUCCESS, logIndex=3397, commits[68798575-c94b-44a6-b996-25df487e3c54:c3398, 9ec8ead9-888e-415b-b04c-32cd2c26f792:c3392, 84ef4577-07e0-4c8d-900e-d449eb7bf65d:c3392]
2019-07-10 10:03:56,321 INFO  client.GrpcClientProtocolClient (GrpcClientProtocolClient.java:onNext(255)) - client-3502B0E99E4B->68798575-c94b-44a6-b996-25df487e3c54: receive RaftClientReply:client-3502B0E99E4B->68798575-c94b-44a6-b996-25df487e3c54@group-48C576E544C9, cid=2295, SUCCESS, logIndex=3398, commits[68798575-c94b-44a6-b996-25df487e3c54:c3398, 9ec8ead9-888e-415b-b04c-32cd2c26f792:c3392, 84ef4577-07e0-4c8d-900e-d449eb7bf65d:c3392]
2019-07-10 10:03:56,355 INFO  client.GrpcClientProtocolClient (GrpcClientProtocolClient.java:onNext(255)) - client-3502B0E99E4B->68798575-c94b-44a6-b996-25df487e3c54: receive RaftClientReply:client-3502B0E99E4B->68798575-c94b-44a6-b996-25df487e3c54@group-48C576E544C9, cid=2296, SUCCESS, logIndex=3401, commits[68798575-c94b-44a6-b996-25df487e3c54:c3402, 9ec8ead9-888e-415b-b04c-32cd2c26f792:c3398, 84ef4577-07e0-4c8d-900e-d449eb7bf65d:c3398]
2019-07-10 10:03:56,355 INFO  client.GrpcClientProtocolClient (GrpcClientProtocolClient.java:onNext(255)) - client-3502B0E99E4B->68798575-c94b-44a6-b996-25df487e3c54: receive RaftClientReply:client-3502B0E99E4B->68798575-c94b-44a6-b996-25df487e3c54@group-48C576E544C9, cid=2297, SUCCESS, logIndex=3402, commits[68798575-c94b-44a6-b996-25df487e3c54:c3402, 9ec8ead9-888e-415b-b04c-32cd2c26f792:c3398, 84ef4577-07e0-4c8d-900e-d449eb7bf65d:c3398]
2019-07-10 10:03:56,373 INFO  client.GrpcClientProtocolClient (GrpcClientProtocolClient.java:onNext(255)) - client-3502B0E99E4B->68798575-c94b-44a6-b996-25df487e3c54: receive RaftClientReply:client-3502B0E99E4B->68798575-c94b-44a6-b996-25df487e3c54@group-48C576E544C9, cid=2298, SUCCESS, logIndex=0, commits[68798575-c94b-44a6-b996-25df487e3c54:c3403, 9ec8ead9-888e-415b-b04c-32cd2c26f792:c3402, 84ef4577-07e0-4c8d-900e-d449eb7bf65d:c3402]
2019-07-10 10:03:56,399 INFO  client.GrpcClientProtocolClient (GrpcClientProtocolClient.java:onNext(255)) - client-3502B0E99E4B->68798575-c94b-44a6-b996-25df487e3c54: receive RaftClientReply:client-3502B0E99E4B->68798575-c94b-44a6-b996-25df487e3c54@group-48C576E544C9, cid=2299, SUCCESS, logIndex=3405, commits[68798575-c94b-44a6-b996-25df487e3c54:c3406, 9ec8ead9-888e-415b-b04c-32cd2c26f792:c3404, 84ef4577-07e0-4c8d-900e-d449eb7bf65d:c3404]
2019-07-10 10:03:56,401 INFO  client.GrpcClientProtocolClient (GrpcClientProtocolClient.java:onNext(255)) - client-3502B0E99E4B->68798575-c94b-44a6-b996-25df487e3c54: receive RaftClientReply:client-3502B0E99E4B->68798575-c94b-44a6-b996-25df487e3c54@group-48C576E544C9, cid=2300, SUCCESS, logIndex=3406, commits[68798575-c94b-44a6-b996-25df487e3c54:c3406, 9ec8ead9-888e-415b-b04c-32cd2c26f792:c3404, 84ef4577-07e0-4c8d-900e-d449eb7bf65d:c3404]
2019-07-10 10:03:56,408 INFO  client.GrpcClientProtocolClient (GrpcClientProtocolClient.java:onNext(255)) - client-3502B0E99E4B->68798575-c94b-44a6-b996-25df487e3c54: receive RaftClientReply:client-3502B0E99E4B->68798575-c94b-44a6-b996-25df487e3c54@group-48C576E544C9, cid=2301, SUCCESS, logIndex=3407, commits[68798575-c94b-44a6-b996-25df487e3c54:c3408, 9ec8ead9-888e-415b-b04c-32cd2c26f792:c3404, 84ef4577-07e0-4c8d-900e-d449eb7bf65d:c3404]
2019-07-10 10:03:56,408 INFO  client.GrpcClientProtocolClient (GrpcClientProtocolClient.java:onNext(255)) - client-3502B0E99E4B->68798575-c94b-44a6-b996-25df487e3c54: receive RaftClientReply:client-3502B0E99E4B->68798575-c94b-44a6-b996-25df487e3c54@group-48C576E544C9, cid=2302, SUCCESS, logIndex=3408, commits[68798575-c94b-44a6-b996-25df487e3c54:c3408, 9ec8ead9-888e-415b-b04c-32cd2c26f792:c3404, 84ef4577-07e0-4c8d-900e-d449eb7bf65d:c3404]
2019-07-10 10:03:56,411 INFO  client.GrpcClientProtocolClient (GrpcClientProtocolClient.java:onNext(255)) - client-3502B0E99E4B->68798575-c94b-44a6-b996-25df487e3c54: receive RaftClientReply:client-3502B0E99E4B->68798575-c94b-44a6-b996-25df487e3c54@group-48C576E544C9, cid=2303, SUCCESS, logIndex=0, commits[68798575-c94b-44a6-b996-25df487e3c54:c3410, 9ec8ead9-888e-415b-b04c-32cd2c26f792:c3406, 84ef4577-07e0-4c8d-900e-d449eb7bf65d:c3406]
2019-07-10 10:03:56,434 INFO  client.GrpcClientProtocolClient (GrpcClientProtocolClient.java:onNext(255)) - client-3502B0E99E4B->68798575-c94b-44a6-b996-25df487e3c54: receive RaftClientReply:client-3502B0E99E4B->68798575-c94b-44a6-b996-25df487e3c54@group-48C576E544C9, cid=2304, SUCCESS, logIndex=3413, commits[68798575-c94b-44a6-b996-25df487e3c54:c3414, 9ec8ead9-888e-415b-b04c-32cd2c26f792:c3412, 84ef4577-07e0-4c8d-900e-d449eb7bf65d:c3412]
2019-07-10 10:03:56,435 INFO  client.GrpcClientProtocolClient (GrpcClientProtocolClient.java:onNext(255)) - client-3502B0E99E4B->68798575-c94b-44a6-b996-25df487e3c54: receive RaftClientReply:client-3502B0E99E4B->68798575-c94b-44a6-b996-25df487e3c54@group-48C576E544C9, cid=2305, SUCCESS, logIndex=3414, commits[68798575-c94b-44a6-b996-25df487e3c54:c3414, 9ec8ead9-888e-415b-b04c-32cd2c26f792:c3412, 84ef4577-07e0-4c8d-900e-d449eb7bf65d:c3412]
2019-07-10 10:03:56,458 INFO  client.GrpcClientProtocolClient (GrpcClientProtocolClient.java:onNext(255)) - client-3502B0E99E4B->68798575-c94b-44a6-b996-25df487e3c54: receive RaftClientReply:client-3502B0E99E4B->68798575-c94b-44a6-b996-25df487e3c54@group-48C576E544C9, cid=2306, SUCCESS, logIndex=3417, commits[68798575-c94b-44a6-b996-25df487e3c54:c3418, 9ec8ead9-888e-415b-b04c-32cd2c26f792:c3414, 84ef4577-07e0-4c8d-900e-d449eb7bf65d:c3414]
2019-07-10 10:03:56,459 INFO  client.GrpcClientProtocolClient (GrpcClientProtocolClient.java:onNext(255)) - client-3502B0E99E4B->68798575-c94b-44a6-b996-25df487e3c54: receive RaftClientReply:client-3502B0E99E4B->68798575-c94b-44a6-b996-25df487e3c54@group-48C576E544C9, cid=2307, SUCCESS, logIndex=3418, commits[68798575-c94b-44a6-b996-25df487e3c54:c3418, 9ec8ead9-888e-415b-b04c-32cd2c26f792:c3414, 84ef4577-07e0-4c8d-900e-d449eb7bf65d:c3414]
2019-07-10 10:03:56,473 INFO  client.GrpcClientProtocolClient (GrpcClientProtocolClient.java:onNext(255)) - client-3502B0E99E4B->68798575-c94b-44a6-b996-25df487e3c54: receive RaftClientReply:client-3502B0E99E4B->68798575-c94b-44a6-b996-25df487e3c54@group-48C576E544C9, cid=2308, SUCCESS, logIndex=0, commits[68798575-c94b-44a6-b996-25df487e3c54:c3420, 9ec8ead9-888e-415b-b04c-32cd2c26f792:c3418, 84ef4577-07e0-4c8d-900e-d449eb7bf65d:c3418]
2019-07-10 10:03:56,501 INFO  client.GrpcClientProtocolClient (GrpcClientProtocolClient.java:onNext(255)) - client-3502B0E99E4B->68798575-c94b-44a6-b996-25df487e3c54: receive RaftClientReply:client-3502B0E99E4B->68798575-c94b-44a6-b996-25df487e3c54@group-48C576E544C9, cid=2309, SUCCESS, logIndex=3421, commits[68798575-c94b-44a6-b996-25df487e3c54:c3423, 9ec8ead9-888e-415b-b04c-32cd2c26f792:c3420, 84ef4577-07e0-4c8d-900e-d449eb7bf65d:c3420]
2019-07-10 10:03:56,501 INFO  client.GrpcClientProtocolClient (GrpcClientProtocolClient.java:onNext(255)) - client-3502B0E99E4B->68798575-c94b-44a6-b996-25df487e3c54: receive RaftClientReply:client-3502B0E99E4B->68798575-c94b-44a6-b996-25df487e3c54@group-48C576E544C9, cid=2310, SUCCESS, logIndex=3422, commits[68798575-c94b-44a6-b996-25df487e3c54:c3424, 9ec8ead9-888e-415b-b04c-32cd2c26f792:c3420, 84ef4577-07e0-4c8d-900e-d449eb7bf65d:c3420]
2019-07-10 10:03:56,501 INFO  client.GrpcClientProtocolClient (GrpcClientProtocolClient.java:onNext(255)) - client-3502B0E99E4B->68798575-c94b-44a6-b996-25df487e3c54: receive RaftClientReply:client-3502B0E99E4B->68798575-c94b-44a6-b996-25df487e3c54@group-48C576E544C9, cid=2311, SUCCESS, logIndex=3423, commits[68798575-c94b-44a6-b996-25df487e3c54:c3424, 9ec8ead9-888e-415b-b04c-32cd2c26f792:c3420, 84ef4577-07e0-4c8d-900e-d449eb7bf65d:c3420]
2019-07-10 10:03:56,502 INFO  client.GrpcClientProtocolClient (GrpcClientProtocolClient.java:onNext(255)) - client-3502B0E99E4B->68798575-c94b-44a6-b996-25df487e3c54: receive RaftClientReply:client-3502B0E99E4B->68798575-c94b-44a6-b996-25df487e3c54@group-48C576E544C9, cid=2312, SUCCESS, logIndex=3424, commits[68798575-c94b-44a6-b996-25df487e3c54:c3424, 9ec8ead9-888e-415b-b04c-32cd2c26f792:c3420, 84ef4577-07e0-4c8d-900e-d449eb7bf65d:c3420]
2019-07-10 10:03:56,527 INFO  client.GrpcClientProtocolClient (GrpcClientProtocolClient.java:onNext(255)) - client-3502B0E99E4B->68798575-c94b-44a6-b996-25df487e3c54: receive RaftClientReply:client-3502B0E99E4B->68798575-c94b-44a6-b996-25df487e3c54@group-48C576E544C9, cid=2313, SUCCESS, logIndex=0, commits[68798575-c94b-44a6-b996-25df487e3c54:c3426, 9ec8ead9-888e-415b-b04c-32cd2c26f792:c3422, 84ef4577-07e0-4c8d-900e-d449eb7bf65d:c3422]
2019-07-10 10:03:56,550 INFO  client.GrpcClientProtocolClient (GrpcClientProtocolClient.java:onNext(255)) - client-3502B0E99E4B->68798575-c94b-44a6-b996-25df487e3c54: receive RaftClientReply:client-3502B0E99E4B->68798575-c94b-44a6-b996-25df487e3c54@group-48C576E544C9, cid=2314, SUCCESS, logIndex=3429, commits[68798575-c94b-44a6-b996-25df487e3c54:c3430, 9ec8ead9-888e-415b-b04c-32cd2c26f792:c3428, 84ef4577-07e0-4c8d-900e-d449eb7bf65d:c3428]
2019-07-10 10:03:56,550 INFO  client.GrpcClientProtocolClient (GrpcClientProtocolClient.java:onNext(255)) - client-3502B0E99E4B->68798575-c94b-44a6-b996-25df487e3c54: receive RaftClientReply:client-3502B0E99E4B->68798575-c94b-44a6-b996-25df487e3c54@group-48C576E544C9, cid=2315, SUCCESS, logIndex=3430, commits[68798575-c94b-44a6-b996-25df487e3c54:c3430, 9ec8ead9-888e-415b-b04c-32cd2c26f792:c3428, 84ef4577-07e0-4c8d-900e-d449eb7bf65d:c3428]
2019-07-10 10:03:56,574 INFO  client.GrpcClientProtocolClient (GrpcClientProtocolClient.java:onNext(255)) - client-3502B0E99E4B->68798575-c94b-44a6-b996-25df487e3c54: receive RaftClientReply:client-3502B0E99E4B->68798575-c94b-44a6-b996-25df487e3c54@group-48C576E544C9, cid=2316, SUCCESS, logIndex=3433, commits[68798575-c94b-44a6-b996-25df487e3c54:c3434, 9ec8ead9-888e-415b-b04c-32cd2c26f792:c3430, 84ef4577-07e0-4c8d-900e-d449eb7bf65d:c3430]
2019-07-10 10:03:56,574 INFO  client.GrpcClientProtocolClient (GrpcClientProtocolClient.java:onNext(255)) - client-3502B0E99E4B->68798575-c94b-44a6-b996-25df487e3c54: receive RaftClientReply:client-3502B0E99E4B->68798575-c94b-44a6-b996-25df487e3c54@group-48C576E544C9, cid=2317, SUCCESS, logIndex=3434, commits[68798575-c94b-44a6-b996-25df487e3c54:c3434, 9ec8ead9-888e-415b-b04c-32cd2c26f792:c3430, 84ef4577-07e0-4c8d-900e-d449eb7bf65d:c3430]
2019-07-10 10:03:56,577 INFO  client.GrpcClientProtocolClient (GrpcClientProtocolClient.java:onNext(255)) - client-3502B0E99E4B->68798575-c94b-44a6-b996-25df487e3c54: receive RaftClientReply:client-3502B0E99E4B->68798575-c94b-44a6-b996-25df487e3c54@group-48C576E544C9, cid=2318, SUCCESS, logIndex=0, commits[68798575-c94b-44a6-b996-25df487e3c54:c3435, 9ec8ead9-888e-415b-b04c-32cd2c26f792:c3434, 84ef4577-07e0-4c8d-900e-d449eb7bf65d:c3434]
2019-07-10 10:03:56,610 INFO  client.GrpcClientProtocolClient (GrpcClientProtocolClient.java:onNext(255)) - client-3502B0E99E4B->68798575-c94b-44a6-b996-25df487e3c54: receive RaftClientReply:client-3502B0E99E4B->68798575-c94b-44a6-b996-25df487e3c54@group-48C576E544C9, cid=2319, SUCCESS, logIndex=3437, commits[68798575-c94b-44a6-b996-25df487e3c54:c3438, 9ec8ead9-888e-415b-b04c-32cd2c26f792:c3436, 84ef4577-07e0-4c8d-900e-d449eb7bf65d:c3436]
2019-07-10 10:03:56,611 INFO  client.GrpcClientProtocolClient (GrpcClientProtocolClient.java:onNext(255)) - client-3502B0E99E4B->68798575-c94b-44a6-b996-25df487e3c54: receive RaftClientReply:client-3502B0E99E4B->68798575-c94b-44a6-b996-25df487e3c54@group-48C576E544C9, cid=2320, SUCCESS, logIndex=3438, commits[68798575-c94b-44a6-b996-25df487e3c54:c3438, 9ec8ead9-888e-415b-b04c-32cd2c26f792:c3436, 84ef4577-07e0-4c8d-900e-d449eb7bf65d:c3436]
2019-07-10 10:03:56,620 INFO  client.GrpcClientProtocolClient (GrpcClientProtocolClient.java:onNext(255)) - client-3502B0E99E4B->68798575-c94b-44a6-b996-25df487e3c54: receive RaftClientReply:client-3502B0E99E4B->68798575-c94b-44a6-b996-25df487e3c54@group-48C576E544C9, cid=2321, SUCCESS, logIndex=3439, commits[68798575-c94b-44a6-b996-25df487e3c54:c3440, 9ec8ead9-888e-415b-b04c-32cd2c26f792:c3436, 84ef4577-07e0-4c8d-900e-d449eb7bf65d:c3436]
2019-07-10 10:03:56,621 INFO  client.GrpcClientProtocolClient (GrpcClientProtocolClient.java:onNext(255)) - client-3502B0E99E4B->68798575-c94b-44a6-b996-25df487e3c54: receive RaftClientReply:client-3502B0E99E4B->68798575-c94b-44a6-b996-25df487e3c54@group-48C576E544C9, cid=2322, SUCCESS, logIndex=3440, commits[68798575-c94b-44a6-b996-25df487e3c54:c3440, 9ec8ead9-888e-415b-b04c-32cd2c26f792:c3436, 84ef4577-07e0-4c8d-900e-d449eb7bf65d:c3436]
2019-07-10 10:03:56,635 INFO  client.GrpcClientProtocolClient (GrpcClientProtocolClient.java:onNext(255)) - client-3502B0E99E4B->68798575-c94b-44a6-b996-25df487e3c54: receive RaftClientReply:client-3502B0E99E4B->68798575-c94b-44a6-b996-25df487e3c54@group-48C576E544C9, cid=2323, SUCCESS, logIndex=0, commits[68798575-c94b-44a6-b996-25df487e3c54:c3442, 9ec8ead9-888e-415b-b04c-32cd2c26f792:c3438, 84ef4577-07e0-4c8d-900e-d449eb7bf65d:c3440]
 0.00% |█                                                                                                    |  0/1 Time: 0:00:202019-07-10 10:03:56,784 INFO  client.GrpcClientProtocolClient (GrpcClientProtocolClient.java:onNext(255)) - client-3502B0E99E4B->68798575-c94b-44a6-b996-25df487e3c54: receive RaftClientReply:client-3502B0E99E4B->68798575-c94b-44a6-b996-25df487e3c54@group-48C576E544C9, cid=2324, SUCCESS, logIndex=3444, commits[68798575-c94b-44a6-b996-25df487e3c54:c3445, 9ec8ead9-888e-415b-b04c-32cd2c26f792:c3443, 84ef4577-07e0-4c8d-900e-d449eb7bf65d:c3443]
2019-07-10 10:03:56,784 INFO  client.GrpcClientProtocolClient (GrpcClientProtocolClient.java:onNext(255)) - client-3502B0E99E4B->68798575-c94b-44a6-b996-25df487e3c54: receive RaftClientReply:client-3502B0E99E4B->68798575-c94b-44a6-b996-25df487e3c54@group-48C576E544C9, cid=2325, SUCCESS, logIndex=3445, commits[68798575-c94b-44a6-b996-25df487e3c54:c3445, 9ec8ead9-888e-415b-b04c-32cd2c26f792:c3443, 84ef4577-07e0-4c8d-900e-d449eb7bf65d:c3443]
2019-07-10 10:03:56,808 INFO  client.GrpcClientProtocolClient (GrpcClientProtocolClient.java:onNext(255)) - client-3502B0E99E4B->68798575-c94b-44a6-b996-25df487e3c54: receive RaftClientReply:client-3502B0E99E4B->68798575-c94b-44a6-b996-25df487e3c54@group-48C576E544C9, cid=2326, SUCCESS, logIndex=3448, commits[68798575-c94b-44a6-b996-25df487e3c54:c3449, 9ec8ead9-888e-415b-b04c-32cd2c26f792:c3445, 84ef4577-07e0-4c8d-900e-d449eb7bf65d:c3445]
2019-07-10 10:03:56,809 INFO  client.GrpcClientProtocolClient (GrpcClientProtocolClient.java:onNext(255)) - client-3502B0E99E4B->68798575-c94b-44a6-b996-25df487e3c54: receive RaftClientReply:client-3502B0E99E4B->68798575-c94b-44a6-b996-25df487e3c54@group-48C576E544C9, cid=2327, SUCCESS, logIndex=3449, commits[68798575-c94b-44a6-b996-25df487e3c54:c3449, 9ec8ead9-888e-415b-b04c-32cd2c26f792:c3445, 84ef4577-07e0-4c8d-900e-d449eb7bf65d:c3445]
2019-07-10 10:03:56,821 INFO  client.GrpcClientProtocolClient (GrpcClientProtocolClient.java:onNext(255)) - client-3502B0E99E4B->68798575-c94b-44a6-b996-25df487e3c54: receive RaftClientReply:client-3502B0E99E4B->68798575-c94b-44a6-b996-25df487e3c54@group-48C576E544C9, cid=2328, SUCCESS, logIndex=0, commits[68798575-c94b-44a6-b996-25df487e3c54:c3450, 9ec8ead9-888e-415b-b04c-32cd2c26f792:c3449, 84ef4577-07e0-4c8d-900e-d449eb7bf65d:c3449]
2019-07-10 10:03:56,859 INFO  client.GrpcClientProtocolClient (GrpcClientProtocolClient.java:onNext(255)) - client-3502B0E99E4B->68798575-c94b-44a6-b996-25df487e3c54: receive RaftClientReply:client-3502B0E99E4B->68798575-c94b-44a6-b996-25df487e3c54@group-48C576E544C9, cid=2329, SUCCESS, logIndex=3452, commits[68798575-c94b-44a6-b996-25df487e3c54:c3453, 9ec8ead9-888e-415b-b04c-32cd2c26f792:c3451, 84ef4577-07e0-4c8d-900e-d449eb7bf65d:c3451]
2019-07-10 10:03:56,859 INFO  client.GrpcClientProtocolClient (GrpcClientProtocolClient.java:onNext(255)) - client-3502B0E99E4B->68798575-c94b-44a6-b996-25df487e3c54: receive RaftClientReply:client-3502B0E99E4B->68798575-c94b-44a6-b996-25df487e3c54@group-48C576E544C9, cid=2330, SUCCESS, logIndex=3453, commits[68798575-c94b-44a6-b996-25df487e3c54:c3453, 9ec8ead9-888e-415b-b04c-32cd2c26f792:c3451, 84ef4577-07e0-4c8d-900e-d449eb7bf65d:c3451]
2019-07-10 10:03:56,868 INFO  client.GrpcClientProtocolClient (GrpcClientProtocolClient.java:onNext(255)) - client-3502B0E99E4B->68798575-c94b-44a6-b996-25df487e3c54: receive RaftClientReply:client-3502B0E99E4B->68798575-c94b-44a6-b996-25df487e3c54@group-48C576E544C9, cid=2331, SUCCESS, logIndex=3454, commits[68798575-c94b-44a6-b996-25df487e3c54:c3455, 9ec8ead9-888e-415b-b04c-32cd2c26f792:c3451, 84ef4577-07e0-4c8d-900e-d449eb7bf65d:c3451]
2019-07-10 10:03:56,868 INFO  client.GrpcClientProtocolClient (GrpcClientProtocolClient.java:onNext(255)) - client-3502B0E99E4B->68798575-c94b-44a6-b996-25df487e3c54: receive RaftClientReply:client-3502B0E99E4B->68798575-c94b-44a6-b996-25df487e3c54@group-48C576E544C9, cid=2332, SUCCESS, logIndex=3455, commits[68798575-c94b-44a6-b996-25df487e3c54:c3455, 9ec8ead9-888e-415b-b04c-32cd2c26f792:c3451, 84ef4577-07e0-4c8d-900e-d449eb7bf65d:c3451]
2019-07-10 10:03:56,884 INFO  client.GrpcClientProtocolClient (GrpcClientProtocolClient.java:onNext(255)) - client-3502B0E99E4B->68798575-c94b-44a6-b996-25df487e3c54: receive RaftClientReply:client-3502B0E99E4B->68798575-c94b-44a6-b996-25df487e3c54@group-48C576E544C9, cid=2333, SUCCESS, logIndex=0, commits[68798575-c94b-44a6-b996-25df487e3c54:c3457, 9ec8ead9-888e-415b-b04c-32cd2c26f792:c3453, 84ef4577-07e0-4c8d-900e-d449eb7bf65d:c3453]
2019-07-10 10:03:56,907 INFO  client.GrpcClientProtocolClient (GrpcClientProtocolClient.java:onNext(255)) - client-3502B0E99E4B->68798575-c94b-44a6-b996-25df487e3c54: receive RaftClientReply:client-3502B0E99E4B->68798575-c94b-44a6-b996-25df487e3c54@group-48C576E544C9, cid=2334, SUCCESS, logIndex=3460, commits[68798575-c94b-44a6-b996-25df487e3c54:c3461, 9ec8ead9-888e-415b-b04c-32cd2c26f792:c3459, 84ef4577-07e0-4c8d-900e-d449eb7bf65d:c3453]
2019-07-10 10:03:56,907 INFO  client.GrpcClientProtocolClient (GrpcClientProtocolClient.java:onNext(255)) - client-3502B0E99E4B->68798575-c94b-44a6-b996-25df487e3c54: receive RaftClientReply:client-3502B0E99E4B->68798575-c94b-44a6-b996-25df487e3c54@group-48C576E544C9, cid=2335, SUCCESS, logIndex=3461, commits[68798575-c94b-44a6-b996-25df487e3c54:c3461, 9ec8ead9-888e-415b-b04c-32cd2c26f792:c3459, 84ef4577-07e0-4c8d-900e-d449eb7bf65d:c3459]
2019-07-10 10:03:56,934 INFO  client.GrpcClientProtocolClient (GrpcClientProtocolClient.java:onNext(255)) - client-3502B0E99E4B->68798575-c94b-44a6-b996-25df487e3c54: receive RaftClientReply:client-3502B0E99E4B->68798575-c94b-44a6-b996-25df487e3c54@group-48C576E544C9, cid=2336, SUCCESS, logIndex=3464, commits[68798575-c94b-44a6-b996-25df487e3c54:c3465, 9ec8ead9-888e-415b-b04c-32cd2c26f792:c3461, 84ef4577-07e0-4c8d-900e-d449eb7bf65d:c3461]
2019-07-10 10:03:56,934 INFO  client.GrpcClientProtocolClient (GrpcClientProtocolClient.java:onNext(255)) - client-3502B0E99E4B->68798575-c94b-44a6-b996-25df487e3c54: receive RaftClientReply:client-3502B0E99E4B->68798575-c94b-44a6-b996-25df487e3c54@group-48C576E544C9, cid=2337, SUCCESS, logIndex=3465, commits[68798575-c94b-44a6-b996-25df487e3c54:c3465, 9ec8ead9-888e-415b-b04c-32cd2c26f792:c3461, 84ef4577-07e0-4c8d-900e-d449eb7bf65d:c3461]
2019-07-10 10:03:56,947 INFO  client.GrpcClientProtocolClient (GrpcClientProtocolClient.java:onNext(255)) - client-3502B0E99E4B->68798575-c94b-44a6-b996-25df487e3c54: receive RaftClientReply:client-3502B0E99E4B->68798575-c94b-44a6-b996-25df487e3c54@group-48C576E544C9, cid=2338, SUCCESS, logIndex=0, commits[68798575-c94b-44a6-b996-25df487e3c54:c3467, 9ec8ead9-888e-415b-b04c-32cd2c26f792:c3465, 84ef4577-07e0-4c8d-900e-d449eb7bf65d:c3465]
2019-07-10 10:03:56,995 INFO  client.GrpcClientProtocolClient (GrpcClientProtocolClient.java:onNext(255)) - client-3502B0E99E4B->68798575-c94b-44a6-b996-25df487e3c54: receive RaftClientReply:client-3502B0E99E4B->68798575-c94b-44a6-b996-25df487e3c54@group-48C576E544C9, cid=2339, SUCCESS, logIndex=3468, commits[68798575-c94b-44a6-b996-25df487e3c54:c3469, 9ec8ead9-888e-415b-b04c-32cd2c26f792:c3467, 84ef4577-07e0-4c8d-900e-d449eb7bf65d:c3467]
2019-07-10 10:03:56,995 INFO  client.GrpcClientProtocolClient (GrpcClientProtocolClient.java:onNext(255)) - client-3502B0E99E4B->68798575-c94b-44a6-b996-25df487e3c54: receive RaftClientReply:client-3502B0E99E4B->68798575-c94b-44a6-b996-25df487e3c54@group-48C576E544C9, cid=2340, SUCCESS, logIndex=3469, commits[68798575-c94b-44a6-b996-25df487e3c54:c3471, 9ec8ead9-888e-415b-b04c-32cd2c26f792:c3467, 84ef4577-07e0-4c8d-900e-d449eb7bf65d:c3467]
2019-07-10 10:03:56,996 INFO  client.GrpcClientProtocolClient (GrpcClientProtocolClient.java:onNext(255)) - client-3502B0E99E4B->68798575-c94b-44a6-b996-25df487e3c54: receive RaftClientReply:client-3502B0E99E4B->68798575-c94b-44a6-b996-25df487e3c54@group-48C576E544C9, cid=2341, SUCCESS, logIndex=3470, commits[68798575-c94b-44a6-b996-25df487e3c54:c3471, 9ec8ead9-888e-415b-b04c-32cd2c26f792:c3467, 84ef4577-07e0-4c8d-900e-d449eb7bf65d:c3467]
2019-07-10 10:03:56,996 INFO  client.GrpcClientProtocolClient (GrpcClientProtocolClient.java:onNext(255)) - client-3502B0E99E4B->68798575-c94b-44a6-b996-25df487e3c54: receive RaftClientReply:client-3502B0E99E4B->68798575-c94b-44a6-b996-25df487e3c54@group-48C576E544C9, cid=2342, SUCCESS, logIndex=3471, commits[68798575-c94b-44a6-b996-25df487e3c54:c3471, 9ec8ead9-888e-415b-b04c-32cd2c26f792:c3467, 84ef4577-07e0-4c8d-900e-d449eb7bf65d:c3467]
2019-07-10 10:03:57,004 INFO  client.GrpcClientProtocolClient (GrpcClientProtocolClient.java:onNext(255)) - client-3502B0E99E4B->68798575-c94b-44a6-b996-25df487e3c54: receive RaftClientReply:client-3502B0E99E4B->68798575-c94b-44a6-b996-25df487e3c54@group-48C576E544C9, cid=2343, SUCCESS, logIndex=0, commits[68798575-c94b-44a6-b996-25df487e3c54:c3472, 9ec8ead9-888e-415b-b04c-32cd2c26f792:c3469, 84ef4577-07e0-4c8d-900e-d449eb7bf65d:c3469]
2019-07-10 10:03:57,024 INFO  client.GrpcClientProtocolClient (GrpcClientProtocolClient.java:onNext(255)) - client-3502B0E99E4B->68798575-c94b-44a6-b996-25df487e3c54: receive RaftClientReply:client-3502B0E99E4B->68798575-c94b-44a6-b996-25df487e3c54@group-48C576E544C9, cid=2344, SUCCESS, logIndex=3476, commits[68798575-c94b-44a6-b996-25df487e3c54:c3477, 9ec8ead9-888e-415b-b04c-32cd2c26f792:c3475, 84ef4577-07e0-4c8d-900e-d449eb7bf65d:c3475]
2019-07-10 10:03:57,025 INFO  client.GrpcClientProtocolClient (GrpcClientProtocolClient.java:onNext(255)) - client-3502B0E99E4B->68798575-c94b-44a6-b996-25df487e3c54: receive RaftClientReply:client-3502B0E99E4B->68798575-c94b-44a6-b996-25df487e3c54@group-48C576E544C9, cid=2345, SUCCESS, logIndex=3477, commits[68798575-c94b-44a6-b996-25df487e3c54:c3477, 9ec8ead9-888e-415b-b04c-32cd2c26f792:c3475, 84ef4577-07e0-4c8d-900e-d449eb7bf65d:c3475]
2019-07-10 10:03:57,040 INFO  client.GrpcClientProtocolClient (GrpcClientProtocolClient.java:onNext(255)) - client-3502B0E99E4B->68798575-c94b-44a6-b996-25df487e3c54: receive RaftClientReply:client-3502B0E99E4B->68798575-c94b-44a6-b996-25df487e3c54@group-48C576E544C9, cid=2346, SUCCESS, logIndex=3480, commits[68798575-c94b-44a6-b996-25df487e3c54:c3481, 9ec8ead9-888e-415b-b04c-32cd2c26f792:c3477, 84ef4577-07e0-4c8d-900e-d449eb7bf65d:c3477]
2019-07-10 10:03:57,040 INFO  client.GrpcClientProtocolClient (GrpcClientProtocolClient.java:onNext(255)) - client-3502B0E99E4B->68798575-c94b-44a6-b996-25df487e3c54: receive RaftClientReply:client-3502B0E99E4B->68798575-c94b-44a6-b996-25df487e3c54@group-48C576E544C9, cid=2347, SUCCESS, logIndex=3481, commits[68798575-c94b-44a6-b996-25df487e3c54:c3481, 9ec8ead9-888e-415b-b04c-32cd2c26f792:c3477, 84ef4577-07e0-4c8d-900e-d449eb7bf65d:c3477]
2019-07-10 10:03:57,051 INFO  client.GrpcClientProtocolClient (GrpcClientProtocolClient.java:onNext(255)) - client-3502B0E99E4B->68798575-c94b-44a6-b996-25df487e3c54: receive RaftClientReply:client-3502B0E99E4B->68798575-c94b-44a6-b996-25df487e3c54@group-48C576E544C9, cid=2348, SUCCESS, logIndex=0, commits[68798575-c94b-44a6-b996-25df487e3c54:c3482, 9ec8ead9-888e-415b-b04c-32cd2c26f792:c3481, 84ef4577-07e0-4c8d-900e-d449eb7bf65d:c3481]
2019-07-10 10:03:57,079 INFO  client.GrpcClientProtocolClient (GrpcClientProtocolClient.java:onNext(255)) - client-3502B0E99E4B->68798575-c94b-44a6-b996-25df487e3c54: receive RaftClientReply:client-3502B0E99E4B->68798575-c94b-44a6-b996-25df487e3c54@group-48C576E544C9, cid=2349, SUCCESS, logIndex=3484, commits[68798575-c94b-44a6-b996-25df487e3c54:c3487, 9ec8ead9-888e-415b-b04c-32cd2c26f792:c3483, 84ef4577-07e0-4c8d-900e-d449eb7bf65d:c3483]
2019-07-10 10:03:57,080 INFO  client.GrpcClientProtocolClient (GrpcClientProtocolClient.java:onNext(255)) - client-3502B0E99E4B->68798575-c94b-44a6-b996-25df487e3c54: receive RaftClientReply:client-3502B0E99E4B->68798575-c94b-44a6-b996-25df487e3c54@group-48C576E544C9, cid=2350, SUCCESS, logIndex=3485, commits[68798575-c94b-44a6-b996-25df487e3c54:c3487, 9ec8ead9-888e-415b-b04c-32cd2c26f792:c3483, 84ef4577-07e0-4c8d-900e-d449eb7bf65d:c3483]
2019-07-10 10:03:57,080 INFO  client.GrpcClientProtocolClient (GrpcClientProtocolClient.java:onNext(255)) - client-3502B0E99E4B->68798575-c94b-44a6-b996-25df487e3c54: receive RaftClientReply:client-3502B0E99E4B->68798575-c94b-44a6-b996-25df487e3c54@group-48C576E544C9, cid=2351, SUCCESS, logIndex=3486, commits[68798575-c94b-44a6-b996-25df487e3c54:c3487, 9ec8ead9-888e-415b-b04c-32cd2c26f792:c3483, 84ef4577-07e0-4c8d-900e-d449eb7bf65d:c3483]
2019-07-10 10:03:57,080 INFO  client.GrpcClientProtocolClient (GrpcClientProtocolClient.java:onNext(255)) - client-3502B0E99E4B->68798575-c94b-44a6-b996-25df487e3c54: receive RaftClientReply:client-3502B0E99E4B->68798575-c94b-44a6-b996-25df487e3c54@group-48C576E544C9, cid=2352, SUCCESS, logIndex=3487, commits[68798575-c94b-44a6-b996-25df487e3c54:c3488, 9ec8ead9-888e-415b-b04c-32cd2c26f792:c3483, 84ef4577-07e0-4c8d-900e-d449eb7bf65d:c3485]
2019-07-10 10:03:57,081 INFO  client.GrpcClientProtocolClient (GrpcClientProtocolClient.java:onNext(255)) - client-3502B0E99E4B->68798575-c94b-44a6-b996-25df487e3c54: receive RaftClientReply:client-3502B0E99E4B->68798575-c94b-44a6-b996-25df487e3c54@group-48C576E544C9, cid=2353, SUCCESS, logIndex=0, commits[68798575-c94b-44a6-b996-25df487e3c54:c3488, 9ec8ead9-888e-415b-b04c-32cd2c26f792:c3486, 84ef4577-07e0-4c8d-900e-d449eb7bf65d:c3485]
2019-07-10 10:03:57,102 INFO  client.GrpcClientProtocolClient (GrpcClientProtocolClient.java:onNext(255)) - client-3502B0E99E4B->68798575-c94b-44a6-b996-25df487e3c54: receive RaftClientReply:client-3502B0E99E4B->68798575-c94b-44a6-b996-25df487e3c54@group-48C576E544C9, cid=2354, SUCCESS, logIndex=3491, commits[68798575-c94b-44a6-b996-25df487e3c54:c3492, 9ec8ead9-888e-415b-b04c-32cd2c26f792:c3488, 84ef4577-07e0-4c8d-900e-d449eb7bf65d:c3488]
2019-07-10 10:03:57,102 INFO  client.GrpcClientProtocolClient (GrpcClientProtocolClient.java:onNext(255)) - client-3502B0E99E4B->68798575-c94b-44a6-b996-25df487e3c54: receive RaftClientReply:client-3502B0E99E4B->68798575-c94b-44a6-b996-25df487e3c54@group-48C576E544C9, cid=2355, SUCCESS, logIndex=3492, commits[68798575-c94b-44a6-b996-25df487e3c54:c3492, 9ec8ead9-888e-415b-b04c-32cd2c26f792:c3488, 84ef4577-07e0-4c8d-900e-d449eb7bf65d:c3488]
2019-07-10 10:03:57,116 INFO  client.GrpcClientProtocolClient (GrpcClientProtocolClient.java:onNext(255)) - client-3502B0E99E4B->68798575-c94b-44a6-b996-25df487e3c54: receive RaftClientReply:client-3502B0E99E4B->68798575-c94b-44a6-b996-25df487e3c54@group-48C576E544C9, cid=2356, SUCCESS, logIndex=3495, commits[68798575-c94b-44a6-b996-25df487e3c54:c3495, 9ec8ead9-888e-415b-b04c-32cd2c26f792:c3492, 84ef4577-07e0-4c8d-900e-d449eb7bf65d:c3492]
2019-07-10 10:03:57,117 INFO  client.GrpcClientProtocolClient (GrpcClientProtocolClient.java:onNext(255)) - client-3502B0E99E4B->68798575-c94b-44a6-b996-25df487e3c54: receive RaftClientReply:client-3502B0E99E4B->68798575-c94b-44a6-b996-25df487e3c54@group-48C576E544C9, cid=2357, SUCCESS, logIndex=3496, commits[68798575-c94b-44a6-b996-25df487e3c54:c3496, 9ec8ead9-888e-415b-b04c-32cd2c26f792:c3492, 84ef4577-07e0-4c8d-900e-d449eb7bf65d:c3492]
2019-07-10 10:03:57,131 INFO  client.GrpcClientProtocolClient (GrpcClientProtocolClient.java:onNext(255)) - client-3502B0E99E4B->68798575-c94b-44a6-b996-25df487e3c54: receive RaftClientReply:client-3502B0E99E4B->68798575-c94b-44a6-b996-25df487e3c54@group-48C576E544C9, cid=2358, SUCCESS, logIndex=0, commits[68798575-c94b-44a6-b996-25df487e3c54:c3498, 9ec8ead9-888e-415b-b04c-32cd2c26f792:c3496, 84ef4577-07e0-4c8d-900e-d449eb7bf65d:c3496]
2019-07-10 10:03:57,163 INFO  client.GrpcClientProtocolClient (GrpcClientProtocolClient.java:onNext(255)) - client-3502B0E99E4B->68798575-c94b-44a6-b996-25df487e3c54: receive RaftClientReply:client-3502B0E99E4B->68798575-c94b-44a6-b996-25df487e3c54@group-48C576E544C9, cid=2359, SUCCESS, logIndex=3499, commits[68798575-c94b-44a6-b996-25df487e3c54:c3500, 9ec8ead9-888e-415b-b04c-32cd2c26f792:c3496, 84ef4577-07e0-4c8d-900e-d449eb7bf65d:c3498]
2019-07-10 10:03:57,163 INFO  client.GrpcClientProtocolClient (GrpcClientProtocolClient.java:onNext(255)) - client-3502B0E99E4B->68798575-c94b-44a6-b996-25df487e3c54: receive RaftClientReply:client-3502B0E99E4B->68798575-c94b-44a6-b996-25df487e3c54@group-48C576E544C9, cid=2360, SUCCESS, logIndex=3500, commits[68798575-c94b-44a6-b996-25df487e3c54:c3500, 9ec8ead9-888e-415b-b04c-32cd2c26f792:c3498, 84ef4577-07e0-4c8d-900e-d449eb7bf65d:c3498]
2019-07-10 10:03:57,173 INFO  client.GrpcClientProtocolClient (GrpcClientProtocolClient.java:onNext(255)) - client-3502B0E99E4B->68798575-c94b-44a6-b996-25df487e3c54: receive RaftClientReply:client-3502B0E99E4B->68798575-c94b-44a6-b996-25df487e3c54@group-48C576E544C9, cid=2361, SUCCESS, logIndex=3501, commits[68798575-c94b-44a6-b996-25df487e3c54:c3502, 9ec8ead9-888e-415b-b04c-32cd2c26f792:c3498, 84ef4577-07e0-4c8d-900e-d449eb7bf65d:c3498]
2019-07-10 10:03:57,173 INFO  client.GrpcClientProtocolClient (GrpcClientProtocolClient.java:onNext(255)) - client-3502B0E99E4B->68798575-c94b-44a6-b996-25df487e3c54: receive RaftClientReply:client-3502B0E99E4B->68798575-c94b-44a6-b996-25df487e3c54@group-48C576E544C9, cid=2362, SUCCESS, logIndex=3502, commits[68798575-c94b-44a6-b996-25df487e3c54:c3502, 9ec8ead9-888e-415b-b04c-32cd2c26f792:c3498, 84ef4577-07e0-4c8d-900e-d449eb7bf65d:c3498]
2019-07-10 10:03:57,175 INFO  client.GrpcClientProtocolClient (GrpcClientProtocolClient.java:onNext(255)) - client-3502B0E99E4B->68798575-c94b-44a6-b996-25df487e3c54: receive RaftClientReply:client-3502B0E99E4B->68798575-c94b-44a6-b996-25df487e3c54@group-48C576E544C9, cid=2363, SUCCESS, logIndex=0, commits[68798575-c94b-44a6-b996-25df487e3c54:c3502, 9ec8ead9-888e-415b-b04c-32cd2c26f792:c3500, 84ef4577-07e0-4c8d-900e-d449eb7bf65d:c3500]
2019-07-10 10:03:57,189 INFO  client.GrpcClientProtocolClient (GrpcClientProtocolClient.java:onNext(255)) - client-3502B0E99E4B->68798575-c94b-44a6-b996-25df487e3c54: receive RaftClientReply:client-3502B0E99E4B->68798575-c94b-44a6-b996-25df487e3c54@group-48C576E544C9, cid=2364, SUCCESS, logIndex=3507, commits[68798575-c94b-44a6-b996-25df487e3c54:c3508, 9ec8ead9-888e-415b-b04c-32cd2c26f792:c3502, 84ef4577-07e0-4c8d-900e-d449eb7bf65d:c3500]
2019-07-10 10:03:57,189 INFO  client.GrpcClientProtocolClient (GrpcClientProtocolClient.java:onNext(255)) - client-3502B0E99E4B->68798575-c94b-44a6-b996-25df487e3c54: receive RaftClientReply:client-3502B0E99E4B->68798575-c94b-44a6-b996-25df487e3c54@group-48C576E544C9, cid=2365, SUCCESS, logIndex=3508, commits[68798575-c94b-44a6-b996-25df487e3c54:c3508, 9ec8ead9-888e-415b-b04c-32cd2c26f792:c3502, 84ef4577-07e0-4c8d-900e-d449eb7bf65d:c3502]
2019-07-10 10:03:57,200 INFO  client.GrpcClientProtocolClient (GrpcClientProtocolClient.java:onNext(255)) - client-3502B0E99E4B->68798575-c94b-44a6-b996-25df487e3c54: receive RaftClientReply:client-3502B0E99E4B->68798575-c94b-44a6-b996-25df487e3c54@group-48C576E544C9, cid=2366, SUCCESS, logIndex=3511, commits[68798575-c94b-44a6-b996-25df487e3c54:c3512, 9ec8ead9-888e-415b-b04c-32cd2c26f792:c3507, 84ef4577-07e0-4c8d-900e-d449eb7bf65d:c3508]
2019-07-10 10:03:57,200 INFO  client.GrpcClientProtocolClient (GrpcClientProtocolClient.java:onNext(255)) - client-3502B0E99E4B->68798575-c94b-44a6-b996-25df487e3c54: receive RaftClientReply:client-3502B0E99E4B->68798575-c94b-44a6-b996-25df487e3c54@group-48C576E544C9, cid=2367, SUCCESS, logIndex=3512, commits[68798575-c94b-44a6-b996-25df487e3c54:c3512, 9ec8ead9-888e-415b-b04c-32cd2c26f792:c3508, 84ef4577-07e0-4c8d-900e-d449eb7bf65d:c3508]
2019-07-10 10:03:57,213 INFO  client.GrpcClientProtocolClient (GrpcClientProtocolClient.java:onNext(255)) - client-3502B0E99E4B->68798575-c94b-44a6-b996-25df487e3c54: receive RaftClientReply:client-3502B0E99E4B->68798575-c94b-44a6-b996-25df487e3c54@group-48C576E544C9, cid=2368, SUCCESS, logIndex=0, commits[68798575-c94b-44a6-b996-25df487e3c54:c3514, 9ec8ead9-888e-415b-b04c-32cd2c26f792:c3512, 84ef4577-07e0-4c8d-900e-d449eb7bf65d:c3512]
2019-07-10 10:03:57,240 INFO  client.GrpcClientProtocolClient (GrpcClientProtocolClient.java:onNext(255)) - client-3502B0E99E4B->68798575-c94b-44a6-b996-25df487e3c54: receive RaftClientReply:client-3502B0E99E4B->68798575-c94b-44a6-b996-25df487e3c54@group-48C576E544C9, cid=2369, SUCCESS, logIndex=3515, commits[68798575-c94b-44a6-b996-25df487e3c54:c3516, 9ec8ead9-888e-415b-b04c-32cd2c26f792:c3514, 84ef4577-07e0-4c8d-900e-d449eb7bf65d:c3512]
2019-07-10 10:03:57,241 INFO  client.GrpcClientProtocolClient (GrpcClientProtocolClient.java:onNext(255)) - client-3502B0E99E4B->68798575-c94b-44a6-b996-25df487e3c54: receive RaftClientReply:client-3502B0E99E4B->68798575-c94b-44a6-b996-25df487e3c54@group-48C576E544C9, cid=2370, SUCCESS, logIndex=3516, commits[68798575-c94b-44a6-b996-25df487e3c54:c3518, 9ec8ead9-888e-415b-b04c-32cd2c26f792:c3514, 84ef4577-07e0-4c8d-900e-d449eb7bf65d:c3514]
2019-07-10 10:03:57,241 INFO  client.GrpcClientProtocolClient (GrpcClientProtocolClient.java:onNext(255)) - client-3502B0E99E4B->68798575-c94b-44a6-b996-25df487e3c54: receive RaftClientReply:client-3502B0E99E4B->68798575-c94b-44a6-b996-25df487e3c54@group-48C576E544C9, cid=2371, SUCCESS, logIndex=3517, commits[68798575-c94b-44a6-b996-25df487e3c54:c3518, 9ec8ead9-888e-415b-b04c-32cd2c26f792:c3514, 84ef4577-07e0-4c8d-900e-d449eb7bf65d:c3514]
2019-07-10 10:03:57,242 INFO  client.GrpcClientProtocolClient (GrpcClientProtocolClient.java:onNext(255)) - client-3502B0E99E4B->68798575-c94b-44a6-b996-25df487e3c54: receive RaftClientReply:client-3502B0E99E4B->68798575-c94b-44a6-b996-25df487e3c54@group-48C576E544C9, cid=2372, SUCCESS, logIndex=3518, commits[68798575-c94b-44a6-b996-25df487e3c54:c3518, 9ec8ead9-888e-415b-b04c-32cd2c26f792:c3514, 84ef4577-07e0-4c8d-900e-d449eb7bf65d:c3514]
2019-07-10 10:03:57,248 INFO  client.GrpcClientProtocolClient (GrpcClientProtocolClient.java:onNext(255)) - client-3502B0E99E4B->68798575-c94b-44a6-b996-25df487e3c54: receive RaftClientReply:client-3502B0E99E4B->68798575-c94b-44a6-b996-25df487e3c54@group-48C576E544C9, cid=2373, SUCCESS, logIndex=0, commits[68798575-c94b-44a6-b996-25df487e3c54:c3522, 9ec8ead9-888e-415b-b04c-32cd2c26f792:c3516, 84ef4577-07e0-4c8d-900e-d449eb7bf65d:c3518]
2019-07-10 10:03:57,269 INFO  client.GrpcClientProtocolClient (GrpcClientProtocolClient.java:onNext(255)) - client-3502B0E99E4B->68798575-c94b-44a6-b996-25df487e3c54: receive RaftClientReply:client-3502B0E99E4B->68798575-c94b-44a6-b996-25df487e3c54@group-48C576E544C9, cid=2374, SUCCESS, logIndex=3523, commits[68798575-c94b-44a6-b996-25df487e3c54:c3524, 9ec8ead9-888e-415b-b04c-32cd2c26f792:c3522, 84ef4577-07e0-4c8d-900e-d449eb7bf65d:c3522]
2019-07-10 10:03:57,270 INFO  client.GrpcClientProtocolClient (GrpcClientProtocolClient.java:onNext(255)) - client-3502B0E99E4B->68798575-c94b-44a6-b996-25df487e3c54: receive RaftClientReply:client-3502B0E99E4B->68798575-c94b-44a6-b996-25df487e3c54@group-48C576E544C9, cid=2375, SUCCESS, logIndex=3524, commits[68798575-c94b-44a6-b996-25df487e3c54:c3524, 9ec8ead9-888e-415b-b04c-32cd2c26f792:c3522, 84ef4577-07e0-4c8d-900e-d449eb7bf65d:c3522]
2019-07-10 10:03:57,282 INFO  client.GrpcClientProtocolClient (GrpcClientProtocolClient.java:onNext(255)) - client-3502B0E99E4B->68798575-c94b-44a6-b996-25df487e3c54: receive RaftClientReply:client-3502B0E99E4B->68798575-c94b-44a6-b996-25df487e3c54@group-48C576E544C9, cid=2376, SUCCESS, logIndex=3527, commits[68798575-c94b-44a6-b996-25df487e3c54:c3528, 9ec8ead9-888e-415b-b04c-32cd2c26f792:c3524, 84ef4577-07e0-4c8d-900e-d449eb7bf65d:c3524]
2019-07-10 10:03:57,282 INFO  client.GrpcClientProtocolClient (GrpcClientProtocolClient.java:onNext(255)) - client-3502B0E99E4B->68798575-c94b-44a6-b996-25df487e3c54: receive RaftClientReply:client-3502B0E99E4B->68798575-c94b-44a6-b996-25df487e3c54@group-48C576E544C9, cid=2377, SUCCESS, logIndex=3528, commits[68798575-c94b-44a6-b996-25df487e3c54:c3528, 9ec8ead9-888e-415b-b04c-32cd2c26f792:c3524, 84ef4577-07e0-4c8d-900e-d449eb7bf65d:c3524]
2019-07-10 10:03:57,299 INFO  client.GrpcClientProtocolClient (GrpcClientProtocolClient.java:onNext(255)) - client-3502B0E99E4B->68798575-c94b-44a6-b996-25df487e3c54: receive RaftClientReply:client-3502B0E99E4B->68798575-c94b-44a6-b996-25df487e3c54@group-48C576E544C9, cid=2378, SUCCESS, logIndex=0, commits[68798575-c94b-44a6-b996-25df487e3c54:c3530, 9ec8ead9-888e-415b-b04c-32cd2c26f792:c3528, 84ef4577-07e0-4c8d-900e-d449eb7bf65d:c3528]
2019-07-10 10:03:57,328 INFO  client.GrpcClientProtocolClient (GrpcClientProtocolClient.java:onNext(255)) - client-3502B0E99E4B->68798575-c94b-44a6-b996-25df487e3c54: receive RaftClientReply:client-3502B0E99E4B->68798575-c94b-44a6-b996-25df487e3c54@group-48C576E544C9, cid=2379, SUCCESS, logIndex=3531, commits[68798575-c94b-44a6-b996-25df487e3c54:c3532, 9ec8ead9-888e-415b-b04c-32cd2c26f792:c3530, 84ef4577-07e0-4c8d-900e-d449eb7bf65d:c3530]
2019-07-10 10:03:57,329 INFO  client.GrpcClientProtocolClient (GrpcClientProtocolClient.java:onNext(255)) - client-3502B0E99E4B->68798575-c94b-44a6-b996-25df487e3c54: receive RaftClientReply:client-3502B0E99E4B->68798575-c94b-44a6-b996-25df487e3c54@group-48C576E544C9, cid=2380, SUCCESS, logIndex=3532, commits[68798575-c94b-44a6-b996-25df487e3c54:c3532, 9ec8ead9-888e-415b-b04c-32cd2c26f792:c3530, 84ef4577-07e0-4c8d-900e-d449eb7bf65d:c3530]
2019-07-10 10:03:57,329 INFO  client.GrpcClientProtocolClient (GrpcClientProtocolClient.java:onNext(255)) - client-3502B0E99E4B->68798575-c94b-44a6-b996-25df487e3c54: receive RaftClientReply:client-3502B0E99E4B->68798575-c94b-44a6-b996-25df487e3c54@group-48C576E544C9, cid=2381, SUCCESS, logIndex=3533, commits[68798575-c94b-44a6-b996-25df487e3c54:c3534, 9ec8ead9-888e-415b-b04c-32cd2c26f792:c3530, 84ef4577-07e0-4c8d-900e-d449eb7bf65d:c3530]
2019-07-10 10:03:57,329 INFO  client.GrpcClientProtocolClient (GrpcClientProtocolClient.java:onNext(255)) - client-3502B0E99E4B->68798575-c94b-44a6-b996-25df487e3c54: receive RaftClientReply:client-3502B0E99E4B->68798575-c94b-44a6-b996-25df487e3c54@group-48C576E544C9, cid=2382, SUCCESS, logIndex=3534, commits[68798575-c94b-44a6-b996-25df487e3c54:c3534, 9ec8ead9-888e-415b-b04c-32cd2c26f792:c3530, 84ef4577-07e0-4c8d-900e-d449eb7bf65d:c3530]
2019-07-10 10:03:57,341 INFO  client.GrpcClientProtocolClient (GrpcClientProtocolClient.java:onNext(255)) - client-3502B0E99E4B->68798575-c94b-44a6-b996-25df487e3c54: receive RaftClientReply:client-3502B0E99E4B->68798575-c94b-44a6-b996-25df487e3c54@group-48C576E544C9, cid=2383, SUCCESS, logIndex=0, commits[68798575-c94b-44a6-b996-25df487e3c54:c3536, 9ec8ead9-888e-415b-b04c-32cd2c26f792:c3532, 84ef4577-07e0-4c8d-900e-d449eb7bf65d:c3532]
2019-07-10 10:03:57,354 INFO  client.GrpcClientProtocolClient (GrpcClientProtocolClient.java:onNext(255)) - client-3502B0E99E4B->68798575-c94b-44a6-b996-25df487e3c54: receive RaftClientReply:client-3502B0E99E4B->68798575-c94b-44a6-b996-25df487e3c54@group-48C576E544C9, cid=2384, SUCCESS, logIndex=3539, commits[68798575-c94b-44a6-b996-25df487e3c54:c3540, 9ec8ead9-888e-415b-b04c-32cd2c26f792:c3536, 84ef4577-07e0-4c8d-900e-d449eb7bf65d:c3536]
2019-07-10 10:03:57,355 INFO  client.GrpcClientProtocolClient (GrpcClientProtocolClient.java:onNext(255)) - client-3502B0E99E4B->68798575-c94b-44a6-b996-25df487e3c54: receive RaftClientReply:client-3502B0E99E4B->68798575-c94b-44a6-b996-25df487e3c54@group-48C576E544C9, cid=2385, SUCCESS, logIndex=3540, commits[68798575-c94b-44a6-b996-25df487e3c54:c3540, 9ec8ead9-888e-415b-b04c-32cd2c26f792:c3536, 84ef4577-07e0-4c8d-900e-d449eb7bf65d:c3536]
2019-07-10 10:03:57,368 INFO  client.GrpcClientProtocolClient (GrpcClientProtocolClient.java:onNext(255)) - client-3502B0E99E4B->68798575-c94b-44a6-b996-25df487e3c54: receive RaftClientReply:client-3502B0E99E4B->68798575-c94b-44a6-b996-25df487e3c54@group-48C576E544C9, cid=2386, SUCCESS, logIndex=3543, commits[68798575-c94b-44a6-b996-25df487e3c54:c3544, 9ec8ead9-888e-415b-b04c-32cd2c26f792:c3539, 84ef4577-07e0-4c8d-900e-d449eb7bf65d:c3540]
2019-07-10 10:03:57,368 INFO  client.GrpcClientProtocolClient (GrpcClientProtocolClient.java:onNext(255)) - client-3502B0E99E4B->68798575-c94b-44a6-b996-25df487e3c54: receive RaftClientReply:client-3502B0E99E4B->68798575-c94b-44a6-b996-25df487e3c54@group-48C576E544C9, cid=2387, SUCCESS, logIndex=3544, commits[68798575-c94b-44a6-b996-25df487e3c54:c3544, 9ec8ead9-888e-415b-b04c-32cd2c26f792:c3540, 84ef4577-07e0-4c8d-900e-d449eb7bf65d:c3540]
2019-07-10 10:03:57,370 INFO  client.GrpcClientProtocolClient (GrpcClientProtocolClient.java:onNext(255)) - client-3502B0E99E4B->68798575-c94b-44a6-b996-25df487e3c54: receive RaftClientReply:client-3502B0E99E4B->68798575-c94b-44a6-b996-25df487e3c54@group-48C576E544C9, cid=2388, SUCCESS, logIndex=0, commits[68798575-c94b-44a6-b996-25df487e3c54:c3545, 9ec8ead9-888e-415b-b04c-32cd2c26f792:c3544, 84ef4577-07e0-4c8d-900e-d449eb7bf65d:c3544]
2019-07-10 10:03:57,414 INFO  client.GrpcClientProtocolClient (GrpcClientProtocolClient.java:onNext(255)) - client-3502B0E99E4B->68798575-c94b-44a6-b996-25df487e3c54: receive RaftClientReply:client-3502B0E99E4B->68798575-c94b-44a6-b996-25df487e3c54@group-48C576E544C9, cid=2389, SUCCESS, logIndex=3547, commits[68798575-c94b-44a6-b996-25df487e3c54:c3548, 9ec8ead9-888e-415b-b04c-32cd2c26f792:c3546, 84ef4577-07e0-4c8d-900e-d449eb7bf65d:c3546]
2019-07-10 10:03:57,414 INFO  client.GrpcClientProtocolClient (GrpcClientProtocolClient.java:onNext(255)) - client-3502B0E99E4B->68798575-c94b-44a6-b996-25df487e3c54: receive RaftClientReply:client-3502B0E99E4B->68798575-c94b-44a6-b996-25df487e3c54@group-48C576E544C9, cid=2390, SUCCESS, logIndex=3548, commits[68798575-c94b-44a6-b996-25df487e3c54:c3550, 9ec8ead9-888e-415b-b04c-32cd2c26f792:c3546, 84ef4577-07e0-4c8d-900e-d449eb7bf65d:c3546]
2019-07-10 10:03:57,415 INFO  client.GrpcClientProtocolClient (GrpcClientProtocolClient.java:onNext(255)) - client-3502B0E99E4B->68798575-c94b-44a6-b996-25df487e3c54: receive RaftClientReply:client-3502B0E99E4B->68798575-c94b-44a6-b996-25df487e3c54@group-48C576E544C9, cid=2391, SUCCESS, logIndex=3549, commits[68798575-c94b-44a6-b996-25df487e3c54:c3550, 9ec8ead9-888e-415b-b04c-32cd2c26f792:c3546, 84ef4577-07e0-4c8d-900e-d449eb7bf65d:c3546]
2019-07-10 10:03:57,415 INFO  client.GrpcClientProtocolClient (GrpcClientProtocolClient.java:onNext(255)) - client-3502B0E99E4B->68798575-c94b-44a6-b996-25df487e3c54: receive RaftClientReply:client-3502B0E99E4B->68798575-c94b-44a6-b996-25df487e3c54@group-48C576E544C9, cid=2392, SUCCESS, logIndex=3550, commits[68798575-c94b-44a6-b996-25df487e3c54:c3550, 9ec8ead9-888e-415b-b04c-32cd2c26f792:c3546, 84ef4577-07e0-4c8d-900e-d449eb7bf65d:c3546]
2019-07-10 10:03:57,427 INFO  client.GrpcClientProtocolClient (GrpcClientProtocolClient.java:onNext(255)) - client-3502B0E99E4B->68798575-c94b-44a6-b996-25df487e3c54: receive RaftClientReply:client-3502B0E99E4B->68798575-c94b-44a6-b996-25df487e3c54@group-48C576E544C9, cid=2393, SUCCESS, logIndex=0, commits[68798575-c94b-44a6-b996-25df487e3c54:c3552, 9ec8ead9-888e-415b-b04c-32cd2c26f792:c3548, 84ef4577-07e0-4c8d-900e-d449eb7bf65d:c3548]
2019-07-10 10:03:57,445 INFO  client.GrpcClientProtocolClient (GrpcClientProtocolClient.java:onNext(255)) - client-3502B0E99E4B->68798575-c94b-44a6-b996-25df487e3c54: receive RaftClientReply:client-3502B0E99E4B->68798575-c94b-44a6-b996-25df487e3c54@group-48C576E544C9, cid=2394, SUCCESS, logIndex=3555, commits[68798575-c94b-44a6-b996-25df487e3c54:c3556, 9ec8ead9-888e-415b-b04c-32cd2c26f792:c3554, 84ef4577-07e0-4c8d-900e-d449eb7bf65d:c3554]
2019-07-10 10:03:57,445 INFO  client.GrpcClientProtocolClient (GrpcClientProtocolClient.java:onNext(255)) - client-3502B0E99E4B->68798575-c94b-44a6-b996-25df487e3c54: receive RaftClientReply:client-3502B0E99E4B->68798575-c94b-44a6-b996-25df487e3c54@group-48C576E544C9, cid=2395, SUCCESS, logIndex=3556, commits[68798575-c94b-44a6-b996-25df487e3c54:c3556, 9ec8ead9-888e-415b-b04c-32cd2c26f792:c3554, 84ef4577-07e0-4c8d-900e-d449eb7bf65d:c3554]
2019-07-10 10:03:57,482 INFO  client.GrpcClientProtocolClient (GrpcClientProtocolClient.java:onNext(255)) - client-3502B0E99E4B->68798575-c94b-44a6-b996-25df487e3c54: receive RaftClientReply:client-3502B0E99E4B->68798575-c94b-44a6-b996-25df487e3c54@group-48C576E544C9, cid=2396, SUCCESS, logIndex=3559, commits[68798575-c94b-44a6-b996-25df487e3c54:c3560, 9ec8ead9-888e-415b-b04c-32cd2c26f792:c3558, 84ef4577-07e0-4c8d-900e-d449eb7bf65d:c3556]
2019-07-10 10:03:57,483 INFO  client.GrpcClientProtocolClient (GrpcClientProtocolClient.java:onNext(255)) - client-3502B0E99E4B->68798575-c94b-44a6-b996-25df487e3c54: receive RaftClientReply:client-3502B0E99E4B->68798575-c94b-44a6-b996-25df487e3c54@group-48C576E544C9, cid=2397, SUCCESS, logIndex=3560, commits[68798575-c94b-44a6-b996-25df487e3c54:c3560, 9ec8ead9-888e-415b-b04c-32cd2c26f792:c3558, 84ef4577-07e0-4c8d-900e-d449eb7bf65d:c3558]
2019-07-10 10:03:57,485 INFO  client.GrpcClientProtocolClient (GrpcClientProtocolClient.java:onNext(255)) - client-3502B0E99E4B->68798575-c94b-44a6-b996-25df487e3c54: receive RaftClientReply:client-3502B0E99E4B->68798575-c94b-44a6-b996-25df487e3c54@group-48C576E544C9, cid=2398, SUCCESS, logIndex=0, commits[68798575-c94b-44a6-b996-25df487e3c54:c3561, 9ec8ead9-888e-415b-b04c-32cd2c26f792:c3560, 84ef4577-07e0-4c8d-900e-d449eb7bf65d:c3560]
2019-07-10 10:03:57,514 INFO  client.GrpcClientProtocolClient (GrpcClientProtocolClient.java:onNext(255)) - client-3502B0E99E4B->68798575-c94b-44a6-b996-25df487e3c54: receive RaftClientReply:client-3502B0E99E4B->68798575-c94b-44a6-b996-25df487e3c54@group-48C576E544C9, cid=2399, SUCCESS, logIndex=3563, commits[68798575-c94b-44a6-b996-25df487e3c54:c3564, 9ec8ead9-888e-415b-b04c-32cd2c26f792:c3562, 84ef4577-07e0-4c8d-900e-d449eb7bf65d:c3562]
2019-07-10 10:03:57,515 INFO  client.GrpcClientProtocolClient (GrpcClientProtocolClient.java:onNext(255)) - client-3502B0E99E4B->68798575-c94b-44a6-b996-25df487e3c54: receive RaftClientReply:client-3502B0E99E4B->68798575-c94b-44a6-b996-25df487e3c54@group-48C576E544C9, cid=2400, SUCCESS, logIndex=3564, commits[68798575-c94b-44a6-b996-25df487e3c54:c3566, 9ec8ead9-888e-415b-b04c-32cd2c26f792:c3562, 84ef4577-07e0-4c8d-900e-d449eb7bf65d:c3562]
2019-07-10 10:03:57,515 INFO  client.GrpcClientProtocolClient (GrpcClientProtocolClient.java:onNext(255)) - client-3502B0E99E4B->68798575-c94b-44a6-b996-25df487e3c54: receive RaftClientReply:client-3502B0E99E4B->68798575-c94b-44a6-b996-25df487e3c54@group-48C576E544C9, cid=2401, SUCCESS, logIndex=3565, commits[68798575-c94b-44a6-b996-25df487e3c54:c3566, 9ec8ead9-888e-415b-b04c-32cd2c26f792:c3562, 84ef4577-07e0-4c8d-900e-d449eb7bf65d:c3562]
2019-07-10 10:03:57,516 INFO  client.GrpcClientProtocolClient (GrpcClientProtocolClient.java:onNext(255)) - client-3502B0E99E4B->68798575-c94b-44a6-b996-25df487e3c54: receive RaftClientReply:client-3502B0E99E4B->68798575-c94b-44a6-b996-25df487e3c54@group-48C576E544C9, cid=2402, SUCCESS, logIndex=3566, commits[68798575-c94b-44a6-b996-25df487e3c54:c3566, 9ec8ead9-888e-415b-b04c-32cd2c26f792:c3562, 84ef4577-07e0-4c8d-900e-d449eb7bf65d:c3562]
2019-07-10 10:03:57,524 INFO  client.GrpcClientProtocolClient (GrpcClientProtocolClient.java:onNext(255)) - client-3502B0E99E4B->68798575-c94b-44a6-b996-25df487e3c54: receive RaftClientReply:client-3502B0E99E4B->68798575-c94b-44a6-b996-25df487e3c54@group-48C576E544C9, cid=2403, SUCCESS, logIndex=0, commits[68798575-c94b-44a6-b996-25df487e3c54:c3567, 9ec8ead9-888e-415b-b04c-32cd2c26f792:c3564, 84ef4577-07e0-4c8d-900e-d449eb7bf65d:c3564]
2019-07-10 10:03:57,539 INFO  client.GrpcClientProtocolClient (GrpcClientProtocolClient.java:onNext(255)) - client-3502B0E99E4B->68798575-c94b-44a6-b996-25df487e3c54: receive RaftClientReply:client-3502B0E99E4B->68798575-c94b-44a6-b996-25df487e3c54@group-48C576E544C9, cid=2404, SUCCESS, logIndex=3570, commits[68798575-c94b-44a6-b996-25df487e3c54:c3571, 9ec8ead9-888e-415b-b04c-32cd2c26f792:c3566, 84ef4577-07e0-4c8d-900e-d449eb7bf65d:c3567]
2019-07-10 10:03:57,539 INFO  client.GrpcClientProtocolClient (GrpcClientProtocolClient.java:onNext(255)) - client-3502B0E99E4B->68798575-c94b-44a6-b996-25df487e3c54: receive RaftClientReply:client-3502B0E99E4B->68798575-c94b-44a6-b996-25df487e3c54@group-48C576E544C9, cid=2405, SUCCESS, logIndex=3571, commits[68798575-c94b-44a6-b996-25df487e3c54:c3571, 9ec8ead9-888e-415b-b04c-32cd2c26f792:c3567, 84ef4577-07e0-4c8d-900e-d449eb7bf65d:c3567]
2019-07-10 10:03:57,562 INFO  client.GrpcClientProtocolClient (GrpcClientProtocolClient.java:onNext(255)) - client-3502B0E99E4B->68798575-c94b-44a6-b996-25df487e3c54: receive RaftClientReply:client-3502B0E99E4B->68798575-c94b-44a6-b996-25df487e3c54@group-48C576E544C9, cid=2406, SUCCESS, logIndex=3574, commits[68798575-c94b-44a6-b996-25df487e3c54:c3575, 9ec8ead9-888e-415b-b04c-32cd2c26f792:c3572, 84ef4577-07e0-4c8d-900e-d449eb7bf65d:c3571]
2019-07-10 10:03:57,563 INFO  client.GrpcClientProtocolClient (GrpcClientProtocolClient.java:onNext(255)) - client-3502B0E99E4B->68798575-c94b-44a6-b996-25df487e3c54: receive RaftClientReply:client-3502B0E99E4B->68798575-c94b-44a6-b996-25df487e3c54@group-48C576E544C9, cid=2407, SUCCESS, logIndex=3575, commits[68798575-c94b-44a6-b996-25df487e3c54:c3575, 9ec8ead9-888e-415b-b04c-32cd2c26f792:c3572, 84ef4577-07e0-4c8d-900e-d449eb7bf65d:c3571]
2019-07-10 10:03:57,583 INFO  client.GrpcClientProtocolClient (GrpcClientProtocolClient.java:onNext(255)) - client-3502B0E99E4B->68798575-c94b-44a6-b996-25df487e3c54: receive RaftClientReply:client-3502B0E99E4B->68798575-c94b-44a6-b996-25df487e3c54@group-48C576E544C9, cid=2408, SUCCESS, logIndex=0, commits[68798575-c94b-44a6-b996-25df487e3c54:c3577, 9ec8ead9-888e-415b-b04c-32cd2c26f792:c3575, 84ef4577-07e0-4c8d-900e-d449eb7bf65d:c3575]
2019-07-10 10:03:57,741 INFO  client.GrpcClientProtocolClient (GrpcClientProtocolClient.java:onNext(255)) - client-3502B0E99E4B->68798575-c94b-44a6-b996-25df487e3c54: receive RaftClientReply:client-3502B0E99E4B->68798575-c94b-44a6-b996-25df487e3c54@group-48C576E544C9, cid=2409, SUCCESS, logIndex=3578, commits[68798575-c94b-44a6-b996-25df487e3c54:c3580, 9ec8ead9-888e-415b-b04c-32cd2c26f792:c3577, 84ef4577-07e0-4c8d-900e-d449eb7bf65d:c3577]
2019-07-10 10:03:57,742 INFO  client.GrpcClientProtocolClient (GrpcClientProtocolClient.java:onNext(255)) - client-3502B0E99E4B->68798575-c94b-44a6-b996-25df487e3c54: receive RaftClientReply:client-3502B0E99E4B->68798575-c94b-44a6-b996-25df487e3c54@group-48C576E544C9, cid=2410, SUCCESS, logIndex=3579, commits[68798575-c94b-44a6-b996-25df487e3c54:c3581, 9ec8ead9-888e-415b-b04c-32cd2c26f792:c3577, 84ef4577-07e0-4c8d-900e-d449eb7bf65d:c3577]
2019-07-10 10:03:57,742 INFO  client.GrpcClientProtocolClient (GrpcClientProtocolClient.java:onNext(255)) - client-3502B0E99E4B->68798575-c94b-44a6-b996-25df487e3c54: receive RaftClientReply:client-3502B0E99E4B->68798575-c94b-44a6-b996-25df487e3c54@group-48C576E544C9, cid=2411, SUCCESS, logIndex=3580, commits[68798575-c94b-44a6-b996-25df487e3c54:c3581, 9ec8ead9-888e-415b-b04c-32cd2c26f792:c3577, 84ef4577-07e0-4c8d-900e-d449eb7bf65d:c3577]
2019-07-10 10:03:57,743 INFO  client.GrpcClientProtocolClient (GrpcClientProtocolClient.java:onNext(255)) - client-3502B0E99E4B->68798575-c94b-44a6-b996-25df487e3c54: receive RaftClientReply:client-3502B0E99E4B->68798575-c94b-44a6-b996-25df487e3c54@group-48C576E544C9, cid=2412, SUCCESS, logIndex=3581, commits[68798575-c94b-44a6-b996-25df487e3c54:c3581, 9ec8ead9-888e-415b-b04c-32cd2c26f792:c3577, 84ef4577-07e0-4c8d-900e-d449eb7bf65d:c3577]
 0.00% |█                                                                                                    |  0/1 Time: 0:00:212019-07-10 10:03:57,764 INFO  client.GrpcClientProtocolClient (GrpcClientProtocolClient.java:onNext(255)) - client-3502B0E99E4B->68798575-c94b-44a6-b996-25df487e3c54: receive RaftClientReply:client-3502B0E99E4B->68798575-c94b-44a6-b996-25df487e3c54@group-48C576E544C9, cid=2413, SUCCESS, logIndex=0, commits[68798575-c94b-44a6-b996-25df487e3c54:c3584, 9ec8ead9-888e-415b-b04c-32cd2c26f792:c3580, 84ef4577-07e0-4c8d-900e-d449eb7bf65d:c3579]
2019-07-10 10:03:57,782 INFO  client.GrpcClientProtocolClient (GrpcClientProtocolClient.java:onNext(255)) - client-3502B0E99E4B->68798575-c94b-44a6-b996-25df487e3c54: receive RaftClientReply:client-3502B0E99E4B->68798575-c94b-44a6-b996-25df487e3c54@group-48C576E544C9, cid=2414, SUCCESS, logIndex=3586, commits[68798575-c94b-44a6-b996-25df487e3c54:c3587, 9ec8ead9-888e-415b-b04c-32cd2c26f792:c3585, 84ef4577-07e0-4c8d-900e-d449eb7bf65d:c3585]
2019-07-10 10:03:57,783 INFO  client.GrpcClientProtocolClient (GrpcClientProtocolClient.java:onNext(255)) - client-3502B0E99E4B->68798575-c94b-44a6-b996-25df487e3c54: receive RaftClientReply:client-3502B0E99E4B->68798575-c94b-44a6-b996-25df487e3c54@group-48C576E544C9, cid=2415, SUCCESS, logIndex=3587, commits[68798575-c94b-44a6-b996-25df487e3c54:c3587, 9ec8ead9-888e-415b-b04c-32cd2c26f792:c3585, 84ef4577-07e0-4c8d-900e-d449eb7bf65d:c3585]
2019-07-10 10:03:57,808 INFO  client.GrpcClientProtocolClient (GrpcClientProtocolClient.java:onNext(255)) - client-3502B0E99E4B->68798575-c94b-44a6-b996-25df487e3c54: receive RaftClientReply:client-3502B0E99E4B->68798575-c94b-44a6-b996-25df487e3c54@group-48C576E544C9, cid=2416, SUCCESS, logIndex=3590, commits[68798575-c94b-44a6-b996-25df487e3c54:c3591, 9ec8ead9-888e-415b-b04c-32cd2c26f792:c3587, 84ef4577-07e0-4c8d-900e-d449eb7bf65d:c3587]
2019-07-10 10:03:57,809 INFO  client.GrpcClientProtocolClient (GrpcClientProtocolClient.java:onNext(255)) - client-3502B0E99E4B->68798575-c94b-44a6-b996-25df487e3c54: receive RaftClientReply:client-3502B0E99E4B->68798575-c94b-44a6-b996-25df487e3c54@group-48C576E544C9, cid=2417, SUCCESS, logIndex=3591, commits[68798575-c94b-44a6-b996-25df487e3c54:c3591, 9ec8ead9-888e-415b-b04c-32cd2c26f792:c3587, 84ef4577-07e0-4c8d-900e-d449eb7bf65d:c3587]
2019-07-10 10:03:57,828 INFO  client.GrpcClientProtocolClient (GrpcClientProtocolClient.java:onNext(255)) - client-3502B0E99E4B->68798575-c94b-44a6-b996-25df487e3c54: receive RaftClientReply:client-3502B0E99E4B->68798575-c94b-44a6-b996-25df487e3c54@group-48C576E544C9, cid=2418, SUCCESS, logIndex=0, commits[68798575-c94b-44a6-b996-25df487e3c54:c3592, 9ec8ead9-888e-415b-b04c-32cd2c26f792:c3591, 84ef4577-07e0-4c8d-900e-d449eb7bf65d:c3591]
2019-07-10 10:03:57,862 INFO  client.GrpcClientProtocolClient (GrpcClientProtocolClient.java:onNext(255)) - client-3502B0E99E4B->68798575-c94b-44a6-b996-25df487e3c54: receive RaftClientReply:client-3502B0E99E4B->68798575-c94b-44a6-b996-25df487e3c54@group-48C576E544C9, cid=2419, SUCCESS, logIndex=3594, commits[68798575-c94b-44a6-b996-25df487e3c54:c3595, 9ec8ead9-888e-415b-b04c-32cd2c26f792:c3593, 84ef4577-07e0-4c8d-900e-d449eb7bf65d:c3593]
2019-07-10 10:03:57,862 INFO  client.GrpcClientProtocolClient (GrpcClientProtocolClient.java:onNext(255)) - client-3502B0E99E4B->68798575-c94b-44a6-b996-25df487e3c54: receive RaftClientReply:client-3502B0E99E4B->68798575-c94b-44a6-b996-25df487e3c54@group-48C576E544C9, cid=2420, SUCCESS, logIndex=3595, commits[68798575-c94b-44a6-b996-25df487e3c54:c3597, 9ec8ead9-888e-415b-b04c-32cd2c26f792:c3593, 84ef4577-07e0-4c8d-900e-d449eb7bf65d:c3593]
2019-07-10 10:03:57,863 INFO  client.GrpcClientProtocolClient (GrpcClientProtocolClient.java:onNext(255)) - client-3502B0E99E4B->68798575-c94b-44a6-b996-25df487e3c54: receive RaftClientReply:client-3502B0E99E4B->68798575-c94b-44a6-b996-25df487e3c54@group-48C576E544C9, cid=2421, SUCCESS, logIndex=3596, commits[68798575-c94b-44a6-b996-25df487e3c54:c3597, 9ec8ead9-888e-415b-b04c-32cd2c26f792:c3593, 84ef4577-07e0-4c8d-900e-d449eb7bf65d:c3593]
2019-07-10 10:03:57,863 INFO  client.GrpcClientProtocolClient (GrpcClientProtocolClient.java:onNext(255)) - client-3502B0E99E4B->68798575-c94b-44a6-b996-25df487e3c54: receive RaftClientReply:client-3502B0E99E4B->68798575-c94b-44a6-b996-25df487e3c54@group-48C576E544C9, cid=2422, SUCCESS, logIndex=3597, commits[68798575-c94b-44a6-b996-25df487e3c54:c3598, 9ec8ead9-888e-415b-b04c-32cd2c26f792:c3593, 84ef4577-07e0-4c8d-900e-d449eb7bf65d:c3594]
2019-07-10 10:03:57,883 INFO  client.GrpcClientProtocolClient (GrpcClientProtocolClient.java:onNext(255)) - client-3502B0E99E4B->68798575-c94b-44a6-b996-25df487e3c54: receive RaftClientReply:client-3502B0E99E4B->68798575-c94b-44a6-b996-25df487e3c54@group-48C576E544C9, cid=2423, SUCCESS, logIndex=0, commits[68798575-c94b-44a6-b996-25df487e3c54:c3600, 9ec8ead9-888e-415b-b04c-32cd2c26f792:c3596, 84ef4577-07e0-4c8d-900e-d449eb7bf65d:c3595]
2019-07-10 10:03:57,906 INFO  client.GrpcClientProtocolClient (GrpcClientProtocolClient.java:onNext(255)) - client-3502B0E99E4B->68798575-c94b-44a6-b996-25df487e3c54: receive RaftClientReply:client-3502B0E99E4B->68798575-c94b-44a6-b996-25df487e3c54@group-48C576E544C9, cid=2424, SUCCESS, logIndex=3602, commits[68798575-c94b-44a6-b996-25df487e3c54:c3602, 9ec8ead9-888e-415b-b04c-32cd2c26f792:c3601, 84ef4577-07e0-4c8d-900e-d449eb7bf65d:c3601]
2019-07-10 10:03:57,907 INFO  client.GrpcClientProtocolClient (GrpcClientProtocolClient.java:onNext(255)) - client-3502B0E99E4B->68798575-c94b-44a6-b996-25df487e3c54: receive RaftClientReply:client-3502B0E99E4B->68798575-c94b-44a6-b996-25df487e3c54@group-48C576E544C9, cid=2425, SUCCESS, logIndex=3603, commits[68798575-c94b-44a6-b996-25df487e3c54:c3603, 9ec8ead9-888e-415b-b04c-32cd2c26f792:c3601, 84ef4577-07e0-4c8d-900e-d449eb7bf65d:c3601]
2019-07-10 10:03:57,934 INFO  client.GrpcClientProtocolClient (GrpcClientProtocolClient.java:onNext(255)) - client-3502B0E99E4B->68798575-c94b-44a6-b996-25df487e3c54: receive RaftClientReply:client-3502B0E99E4B->68798575-c94b-44a6-b996-25df487e3c54@group-48C576E544C9, cid=2426, SUCCESS, logIndex=3606, commits[68798575-c94b-44a6-b996-25df487e3c54:c3606, 9ec8ead9-888e-415b-b04c-32cd2c26f792:c3603, 84ef4577-07e0-4c8d-900e-d449eb7bf65d:c3603]
2019-07-10 10:03:57,934 INFO  client.GrpcClientProtocolClient (GrpcClientProtocolClient.java:onNext(255)) - client-3502B0E99E4B->68798575-c94b-44a6-b996-25df487e3c54: receive RaftClientReply:client-3502B0E99E4B->68798575-c94b-44a6-b996-25df487e3c54@group-48C576E544C9, cid=2427, SUCCESS, logIndex=3607, commits[68798575-c94b-44a6-b996-25df487e3c54:c3607, 9ec8ead9-888e-415b-b04c-32cd2c26f792:c3603, 84ef4577-07e0-4c8d-900e-d449eb7bf65d:c3603]
2019-07-10 10:03:57,957 INFO  client.GrpcClientProtocolClient (GrpcClientProtocolClient.java:onNext(255)) - client-3502B0E99E4B->68798575-c94b-44a6-b996-25df487e3c54: receive RaftClientReply:client-3502B0E99E4B->68798575-c94b-44a6-b996-25df487e3c54@group-48C576E544C9, cid=2428, SUCCESS, logIndex=0, commits[68798575-c94b-44a6-b996-25df487e3c54:c3609, 9ec8ead9-888e-415b-b04c-32cd2c26f792:c3607, 84ef4577-07e0-4c8d-900e-d449eb7bf65d:c3607]
2019-07-10 10:03:57,987 INFO  client.GrpcClientProtocolClient (GrpcClientProtocolClient.java:onNext(255)) - client-3502B0E99E4B->68798575-c94b-44a6-b996-25df487e3c54: receive RaftClientReply:client-3502B0E99E4B->68798575-c94b-44a6-b996-25df487e3c54@group-48C576E544C9, cid=2429, SUCCESS, logIndex=3610, commits[68798575-c94b-44a6-b996-25df487e3c54:c3611, 9ec8ead9-888e-415b-b04c-32cd2c26f792:c3609, 84ef4577-07e0-4c8d-900e-d449eb7bf65d:c3609]
2019-07-10 10:03:57,987 INFO  client.GrpcClientProtocolClient (GrpcClientProtocolClient.java:onNext(255)) - client-3502B0E99E4B->68798575-c94b-44a6-b996-25df487e3c54: receive RaftClientReply:client-3502B0E99E4B->68798575-c94b-44a6-b996-25df487e3c54@group-48C576E544C9, cid=2430, SUCCESS, logIndex=3611, commits[68798575-c94b-44a6-b996-25df487e3c54:c3613, 9ec8ead9-888e-415b-b04c-32cd2c26f792:c3609, 84ef4577-07e0-4c8d-900e-d449eb7bf65d:c3609]
2019-07-10 10:03:57,987 INFO  client.GrpcClientProtocolClient (GrpcClientProtocolClient.java:onNext(255)) - client-3502B0E99E4B->68798575-c94b-44a6-b996-25df487e3c54: receive RaftClientReply:client-3502B0E99E4B->68798575-c94b-44a6-b996-25df487e3c54@group-48C576E544C9, cid=2431, SUCCESS, logIndex=3612, commits[68798575-c94b-44a6-b996-25df487e3c54:c3613, 9ec8ead9-888e-415b-b04c-32cd2c26f792:c3609, 84ef4577-07e0-4c8d-900e-d449eb7bf65d:c3609]
2019-07-10 10:03:57,988 INFO  client.GrpcClientProtocolClient (GrpcClientProtocolClient.java:onNext(255)) - client-3502B0E99E4B->68798575-c94b-44a6-b996-25df487e3c54: receive RaftClientReply:client-3502B0E99E4B->68798575-c94b-44a6-b996-25df487e3c54@group-48C576E544C9, cid=2432, SUCCESS, logIndex=3613, commits[68798575-c94b-44a6-b996-25df487e3c54:c3613, 9ec8ead9-888e-415b-b04c-32cd2c26f792:c3609, 84ef4577-07e0-4c8d-900e-d449eb7bf65d:c3609]
2019-07-10 10:03:58,010 INFO  client.GrpcClientProtocolClient (GrpcClientProtocolClient.java:onNext(255)) - client-3502B0E99E4B->68798575-c94b-44a6-b996-25df487e3c54: receive RaftClientReply:client-3502B0E99E4B->68798575-c94b-44a6-b996-25df487e3c54@group-48C576E544C9, cid=2433, SUCCESS, logIndex=0, commits[68798575-c94b-44a6-b996-25df487e3c54:c3616, 9ec8ead9-888e-415b-b04c-32cd2c26f792:c3611, 84ef4577-07e0-4c8d-900e-d449eb7bf65d:c3613]
2019-07-10 10:03:58,031 INFO  client.GrpcClientProtocolClient (GrpcClientProtocolClient.java:onNext(255)) - client-3502B0E99E4B->68798575-c94b-44a6-b996-25df487e3c54: receive RaftClientReply:client-3502B0E99E4B->68798575-c94b-44a6-b996-25df487e3c54@group-48C576E544C9, cid=2434, SUCCESS, logIndex=3617, commits[68798575-c94b-44a6-b996-25df487e3c54:c3618, 9ec8ead9-888e-415b-b04c-32cd2c26f792:c3616, 84ef4577-07e0-4c8d-900e-d449eb7bf65d:c3616]
2019-07-10 10:03:58,031 INFO  client.GrpcClientProtocolClient (GrpcClientProtocolClient.java:onNext(255)) - client-3502B0E99E4B->68798575-c94b-44a6-b996-25df487e3c54: receive RaftClientReply:client-3502B0E99E4B->68798575-c94b-44a6-b996-25df487e3c54@group-48C576E544C9, cid=2435, SUCCESS, logIndex=3618, commits[68798575-c94b-44a6-b996-25df487e3c54:c3618, 9ec8ead9-888e-415b-b04c-32cd2c26f792:c3616, 84ef4577-07e0-4c8d-900e-d449eb7bf65d:c3616]
2019-07-10 10:03:58,060 INFO  client.GrpcClientProtocolClient (GrpcClientProtocolClient.java:onNext(255)) - client-3502B0E99E4B->68798575-c94b-44a6-b996-25df487e3c54: receive RaftClientReply:client-3502B0E99E4B->68798575-c94b-44a6-b996-25df487e3c54@group-48C576E544C9, cid=2436, SUCCESS, logIndex=3621, commits[68798575-c94b-44a6-b996-25df487e3c54:c3622, 9ec8ead9-888e-415b-b04c-32cd2c26f792:c3619, 84ef4577-07e0-4c8d-900e-d449eb7bf65d:c3619]
2019-07-10 10:03:58,060 INFO  client.GrpcClientProtocolClient (GrpcClientProtocolClient.java:onNext(255)) - client-3502B0E99E4B->68798575-c94b-44a6-b996-25df487e3c54: receive RaftClientReply:client-3502B0E99E4B->68798575-c94b-44a6-b996-25df487e3c54@group-48C576E544C9, cid=2437, SUCCESS, logIndex=3622, commits[68798575-c94b-44a6-b996-25df487e3c54:c3622, 9ec8ead9-888e-415b-b04c-32cd2c26f792:c3619, 84ef4577-07e0-4c8d-900e-d449eb7bf65d:c3619]
2019-07-10 10:03:58,073 INFO  client.GrpcClientProtocolClient (GrpcClientProtocolClient.java:onNext(255)) - client-3502B0E99E4B->68798575-c94b-44a6-b996-25df487e3c54: receive RaftClientReply:client-3502B0E99E4B->68798575-c94b-44a6-b996-25df487e3c54@group-48C576E544C9, cid=2438, SUCCESS, logIndex=0, commits[68798575-c94b-44a6-b996-25df487e3c54:c3624, 9ec8ead9-888e-415b-b04c-32cd2c26f792:c3622, 84ef4577-07e0-4c8d-900e-d449eb7bf65d:c3622]
2019-07-10 10:03:58,107 INFO  client.GrpcClientProtocolClient (GrpcClientProtocolClient.java:onNext(255)) - client-3502B0E99E4B->68798575-c94b-44a6-b996-25df487e3c54: receive RaftClientReply:client-3502B0E99E4B->68798575-c94b-44a6-b996-25df487e3c54@group-48C576E544C9, cid=2439, SUCCESS, logIndex=3625, commits[68798575-c94b-44a6-b996-25df487e3c54:c3626, 9ec8ead9-888e-415b-b04c-32cd2c26f792:c3624, 84ef4577-07e0-4c8d-900e-d449eb7bf65d:c3624]
2019-07-10 10:03:58,107 INFO  client.GrpcClientProtocolClient (GrpcClientProtocolClient.java:onNext(255)) - client-3502B0E99E4B->68798575-c94b-44a6-b996-25df487e3c54: receive RaftClientReply:client-3502B0E99E4B->68798575-c94b-44a6-b996-25df487e3c54@group-48C576E544C9, cid=2440, SUCCESS, logIndex=3626, commits[68798575-c94b-44a6-b996-25df487e3c54:c3628, 9ec8ead9-888e-415b-b04c-32cd2c26f792:c3624, 84ef4577-07e0-4c8d-900e-d449eb7bf65d:c3624]
2019-07-10 10:03:58,108 INFO  client.GrpcClientProtocolClient (GrpcClientProtocolClient.java:onNext(255)) - client-3502B0E99E4B->68798575-c94b-44a6-b996-25df487e3c54: receive RaftClientReply:client-3502B0E99E4B->68798575-c94b-44a6-b996-25df487e3c54@group-48C576E544C9, cid=2441, SUCCESS, logIndex=3627, commits[68798575-c94b-44a6-b996-25df487e3c54:c3628, 9ec8ead9-888e-415b-b04c-32cd2c26f792:c3624, 84ef4577-07e0-4c8d-900e-d449eb7bf65d:c3624]
2019-07-10 10:03:58,108 INFO  client.GrpcClientProtocolClient (GrpcClientProtocolClient.java:onNext(255)) - client-3502B0E99E4B->68798575-c94b-44a6-b996-25df487e3c54: receive RaftClientReply:client-3502B0E99E4B->68798575-c94b-44a6-b996-25df487e3c54@group-48C576E544C9, cid=2442, SUCCESS, logIndex=3628, commits[68798575-c94b-44a6-b996-25df487e3c54:c3629, 9ec8ead9-888e-415b-b04c-32cd2c26f792:c3625, 84ef4577-07e0-4c8d-900e-d449eb7bf65d:c3624]
2019-07-10 10:03:58,128 INFO  client.GrpcClientProtocolClient (GrpcClientProtocolClient.java:onNext(255)) - client-3502B0E99E4B->68798575-c94b-44a6-b996-25df487e3c54: receive RaftClientReply:client-3502B0E99E4B->68798575-c94b-44a6-b996-25df487e3c54@group-48C576E544C9, cid=2443, SUCCESS, logIndex=0, commits[68798575-c94b-44a6-b996-25df487e3c54:c3630, 9ec8ead9-888e-415b-b04c-32cd2c26f792:c3626, 84ef4577-07e0-4c8d-900e-d449eb7bf65d:c3626]
2019-07-10 10:03:58,167 INFO  client.GrpcClientProtocolClient (GrpcClientProtocolClient.java:onNext(255)) - client-3502B0E99E4B->68798575-c94b-44a6-b996-25df487e3c54: receive RaftClientReply:client-3502B0E99E4B->68798575-c94b-44a6-b996-25df487e3c54@group-48C576E544C9, cid=2444, SUCCESS, logIndex=3632, commits[68798575-c94b-44a6-b996-25df487e3c54:c3633, 9ec8ead9-888e-415b-b04c-32cd2c26f792:c3631, 84ef4577-07e0-4c8d-900e-d449eb7bf65d:c3631]
2019-07-10 10:03:58,167 INFO  client.GrpcClientProtocolClient (GrpcClientProtocolClient.java:onNext(255)) - client-3502B0E99E4B->68798575-c94b-44a6-b996-25df487e3c54: receive RaftClientReply:client-3502B0E99E4B->68798575-c94b-44a6-b996-25df487e3c54@group-48C576E544C9, cid=2445, SUCCESS, logIndex=3633, commits[68798575-c94b-44a6-b996-25df487e3c54:c3633, 9ec8ead9-888e-415b-b04c-32cd2c26f792:c3631, 84ef4577-07e0-4c8d-900e-d449eb7bf65d:c3631]
2019-07-10 10:03:58,201 INFO  client.GrpcClientProtocolClient (GrpcClientProtocolClient.java:onNext(255)) - client-3502B0E99E4B->68798575-c94b-44a6-b996-25df487e3c54: receive RaftClientReply:client-3502B0E99E4B->68798575-c94b-44a6-b996-25df487e3c54@group-48C576E544C9, cid=2446, SUCCESS, logIndex=3636, commits[68798575-c94b-44a6-b996-25df487e3c54:c3637, 9ec8ead9-888e-415b-b04c-32cd2c26f792:c3633, 84ef4577-07e0-4c8d-900e-d449eb7bf65d:c3633]
2019-07-10 10:03:58,202 INFO  client.GrpcClientProtocolClient (GrpcClientProtocolClient.java:onNext(255)) - client-3502B0E99E4B->68798575-c94b-44a6-b996-25df487e3c54: receive RaftClientReply:client-3502B0E99E4B->68798575-c94b-44a6-b996-25df487e3c54@group-48C576E544C9, cid=2447, SUCCESS, logIndex=3637, commits[68798575-c94b-44a6-b996-25df487e3c54:c3637, 9ec8ead9-888e-415b-b04c-32cd2c26f792:c3633, 84ef4577-07e0-4c8d-900e-d449eb7bf65d:c3633]
2019-07-10 10:03:58,215 INFO  client.GrpcClientProtocolClient (GrpcClientProtocolClient.java:onNext(255)) - client-3502B0E99E4B->68798575-c94b-44a6-b996-25df487e3c54: receive RaftClientReply:client-3502B0E99E4B->68798575-c94b-44a6-b996-25df487e3c54@group-48C576E544C9, cid=2448, SUCCESS, logIndex=0, commits[68798575-c94b-44a6-b996-25df487e3c54:c3639, 9ec8ead9-888e-415b-b04c-32cd2c26f792:c3637, 84ef4577-07e0-4c8d-900e-d449eb7bf65d:c3637]
2019-07-10 10:03:58,247 INFO  client.GrpcClientProtocolClient (GrpcClientProtocolClient.java:onNext(255)) - client-3502B0E99E4B->68798575-c94b-44a6-b996-25df487e3c54: receive RaftClientReply:client-3502B0E99E4B->68798575-c94b-44a6-b996-25df487e3c54@group-48C576E544C9, cid=2449, SUCCESS, logIndex=3640, commits[68798575-c94b-44a6-b996-25df487e3c54:c3643, 9ec8ead9-888e-415b-b04c-32cd2c26f792:c3639, 84ef4577-07e0-4c8d-900e-d449eb7bf65d:c3639]
2019-07-10 10:03:58,248 INFO  client.GrpcClientProtocolClient (GrpcClientProtocolClient.java:onNext(255)) - client-3502B0E99E4B->68798575-c94b-44a6-b996-25df487e3c54: receive RaftClientReply:client-3502B0E99E4B->68798575-c94b-44a6-b996-25df487e3c54@group-48C576E544C9, cid=2450, SUCCESS, logIndex=3641, commits[68798575-c94b-44a6-b996-25df487e3c54:c3643, 9ec8ead9-888e-415b-b04c-32cd2c26f792:c3639, 84ef4577-07e0-4c8d-900e-d449eb7bf65d:c3639]
2019-07-10 10:03:58,248 INFO  client.GrpcClientProtocolClient (GrpcClientProtocolClient.java:onNext(255)) - client-3502B0E99E4B->68798575-c94b-44a6-b996-25df487e3c54: receive RaftClientReply:client-3502B0E99E4B->68798575-c94b-44a6-b996-25df487e3c54@group-48C576E544C9, cid=2451, SUCCESS, logIndex=3642, commits[68798575-c94b-44a6-b996-25df487e3c54:c3643, 9ec8ead9-888e-415b-b04c-32cd2c26f792:c3639, 84ef4577-07e0-4c8d-900e-d449eb7bf65d:c3639]
2019-07-10 10:03:58,248 INFO  client.GrpcClientProtocolClient (GrpcClientProtocolClient.java:onNext(255)) - client-3502B0E99E4B->68798575-c94b-44a6-b996-25df487e3c54: receive RaftClientReply:client-3502B0E99E4B->68798575-c94b-44a6-b996-25df487e3c54@group-48C576E544C9, cid=2452, SUCCESS, logIndex=3643, commits[68798575-c94b-44a6-b996-25df487e3c54:c3643, 9ec8ead9-888e-415b-b04c-32cd2c26f792:c3639, 84ef4577-07e0-4c8d-900e-d449eb7bf65d:c3639]
2019-07-10 10:03:58,259 INFO  client.GrpcClientProtocolClient (GrpcClientProtocolClient.java:onNext(255)) - client-3502B0E99E4B->68798575-c94b-44a6-b996-25df487e3c54: receive RaftClientReply:client-3502B0E99E4B->68798575-c94b-44a6-b996-25df487e3c54@group-48C576E544C9, cid=2453, SUCCESS, logIndex=0, commits[68798575-c94b-44a6-b996-25df487e3c54:c3644, 9ec8ead9-888e-415b-b04c-32cd2c26f792:c3641, 84ef4577-07e0-4c8d-900e-d449eb7bf65d:c3641]
2019-07-10 10:03:58,282 INFO  client.GrpcClientProtocolClient (GrpcClientProtocolClient.java:onNext(255)) - client-3502B0E99E4B->68798575-c94b-44a6-b996-25df487e3c54: receive RaftClientReply:client-3502B0E99E4B->68798575-c94b-44a6-b996-25df487e3c54@group-48C576E544C9, cid=2454, SUCCESS, logIndex=3647, commits[68798575-c94b-44a6-b996-25df487e3c54:c3648, 9ec8ead9-888e-415b-b04c-32cd2c26f792:c3646, 84ef4577-07e0-4c8d-900e-d449eb7bf65d:c3646]
2019-07-10 10:03:58,283 INFO  client.GrpcClientProtocolClient (GrpcClientProtocolClient.java:onNext(255)) - client-3502B0E99E4B->68798575-c94b-44a6-b996-25df487e3c54: receive RaftClientReply:client-3502B0E99E4B->68798575-c94b-44a6-b996-25df487e3c54@group-48C576E544C9, cid=2455, SUCCESS, logIndex=3648, commits[68798575-c94b-44a6-b996-25df487e3c54:c3648, 9ec8ead9-888e-415b-b04c-32cd2c26f792:c3646, 84ef4577-07e0-4c8d-900e-d449eb7bf65d:c3646]
2019-07-10 10:03:58,296 INFO  client.GrpcClientProtocolClient (GrpcClientProtocolClient.java:onNext(255)) - client-3502B0E99E4B->68798575-c94b-44a6-b996-25df487e3c54: receive RaftClientReply:client-3502B0E99E4B->68798575-c94b-44a6-b996-25df487e3c54@group-48C576E544C9, cid=2456, SUCCESS, logIndex=3651, commits[68798575-c94b-44a6-b996-25df487e3c54:c3652, 9ec8ead9-888e-415b-b04c-32cd2c26f792:c3648, 84ef4577-07e0-4c8d-900e-d449eb7bf65d:c3647]
2019-07-10 10:03:58,297 INFO  client.GrpcClientProtocolClient (GrpcClientProtocolClient.java:onNext(255)) - client-3502B0E99E4B->68798575-c94b-44a6-b996-25df487e3c54: receive RaftClientReply:client-3502B0E99E4B->68798575-c94b-44a6-b996-25df487e3c54@group-48C576E544C9, cid=2457, SUCCESS, logIndex=3652, commits[68798575-c94b-44a6-b996-25df487e3c54:c3652, 9ec8ead9-888e-415b-b04c-32cd2c26f792:c3648, 84ef4577-07e0-4c8d-900e-d449eb7bf65d:c3648]
2019-07-10 10:03:58,311 INFO  client.GrpcClientProtocolClient (GrpcClientProtocolClient.java:onNext(255)) - client-3502B0E99E4B->68798575-c94b-44a6-b996-25df487e3c54: receive RaftClientReply:client-3502B0E99E4B->68798575-c94b-44a6-b996-25df487e3c54@group-48C576E544C9, cid=2458, SUCCESS, logIndex=0, commits[68798575-c94b-44a6-b996-25df487e3c54:c3654, 9ec8ead9-888e-415b-b04c-32cd2c26f792:c3652, 84ef4577-07e0-4c8d-900e-d449eb7bf65d:c3652]
2019-07-10 10:03:58,341 INFO  client.GrpcClientProtocolClient (GrpcClientProtocolClient.java:onNext(255)) - client-3502B0E99E4B->68798575-c94b-44a6-b996-25df487e3c54: receive RaftClientReply:client-3502B0E99E4B->68798575-c94b-44a6-b996-25df487e3c54@group-48C576E544C9, cid=2459, SUCCESS, logIndex=3655, commits[68798575-c94b-44a6-b996-25df487e3c54:c3658, 9ec8ead9-888e-415b-b04c-32cd2c26f792:c3654, 84ef4577-07e0-4c8d-900e-d449eb7bf65d:c3654]
2019-07-10 10:03:58,341 INFO  client.GrpcClientProtocolClient (GrpcClientProtocolClient.java:onNext(255)) - client-3502B0E99E4B->68798575-c94b-44a6-b996-25df487e3c54: receive RaftClientReply:client-3502B0E99E4B->68798575-c94b-44a6-b996-25df487e3c54@group-48C576E544C9, cid=2460, SUCCESS, logIndex=3656, commits[68798575-c94b-44a6-b996-25df487e3c54:c3658, 9ec8ead9-888e-415b-b04c-32cd2c26f792:c3654, 84ef4577-07e0-4c8d-900e-d449eb7bf65d:c3654]
2019-07-10 10:03:58,341 INFO  client.GrpcClientProtocolClient (GrpcClientProtocolClient.java:onNext(255)) - client-3502B0E99E4B->68798575-c94b-44a6-b996-25df487e3c54: receive RaftClientReply:client-3502B0E99E4B->68798575-c94b-44a6-b996-25df487e3c54@group-48C576E544C9, cid=2461, SUCCESS, logIndex=3657, commits[68798575-c94b-44a6-b996-25df487e3c54:c3658, 9ec8ead9-888e-415b-b04c-32cd2c26f792:c3654, 84ef4577-07e0-4c8d-900e-d449eb7bf65d:c3654]
2019-07-10 10:03:58,342 INFO  client.GrpcClientProtocolClient (GrpcClientProtocolClient.java:onNext(255)) - client-3502B0E99E4B->68798575-c94b-44a6-b996-25df487e3c54: receive RaftClientReply:client-3502B0E99E4B->68798575-c94b-44a6-b996-25df487e3c54@group-48C576E544C9, cid=2462, SUCCESS, logIndex=3658, commits[68798575-c94b-44a6-b996-25df487e3c54:c3658, 9ec8ead9-888e-415b-b04c-32cd2c26f792:c3654, 84ef4577-07e0-4c8d-900e-d449eb7bf65d:c3654]
2019-07-10 10:03:58,355 INFO  client.GrpcClientProtocolClient (GrpcClientProtocolClient.java:onNext(255)) - client-3502B0E99E4B->68798575-c94b-44a6-b996-25df487e3c54: receive RaftClientReply:client-3502B0E99E4B->68798575-c94b-44a6-b996-25df487e3c54@group-48C576E544C9, cid=2463, SUCCESS, logIndex=0, commits[68798575-c94b-44a6-b996-25df487e3c54:c3660, 9ec8ead9-888e-415b-b04c-32cd2c26f792:c3656, 84ef4577-07e0-4c8d-900e-d449eb7bf65d:c3656]
2019-07-10 10:03:58,377 INFO  client.GrpcClientProtocolClient (GrpcClientProtocolClient.java:onNext(255)) - client-3502B0E99E4B->68798575-c94b-44a6-b996-25df487e3c54: receive RaftClientReply:client-3502B0E99E4B->68798575-c94b-44a6-b996-25df487e3c54@group-48C576E544C9, cid=2464, SUCCESS, logIndex=3663, commits[68798575-c94b-44a6-b996-25df487e3c54:c3664, 9ec8ead9-888e-415b-b04c-32cd2c26f792:c3662, 84ef4577-07e0-4c8d-900e-d449eb7bf65d:c3662]
2019-07-10 10:03:58,378 INFO  client.GrpcClientProtocolClient (GrpcClientProtocolClient.java:onNext(255)) - client-3502B0E99E4B->68798575-c94b-44a6-b996-25df487e3c54: receive RaftClientReply:client-3502B0E99E4B->68798575-c94b-44a6-b996-25df487e3c54@group-48C576E544C9, cid=2465, SUCCESS, logIndex=3664, commits[68798575-c94b-44a6-b996-25df487e3c54:c3664, 9ec8ead9-888e-415b-b04c-32cd2c26f792:c3662, 84ef4577-07e0-4c8d-900e-d449eb7bf65d:c3662]
2019-07-10 10:03:58,391 INFO  client.GrpcClientProtocolClient (GrpcClientProtocolClient.java:onNext(255)) - client-3502B0E99E4B->68798575-c94b-44a6-b996-25df487e3c54: receive RaftClientReply:client-3502B0E99E4B->68798575-c94b-44a6-b996-25df487e3c54@group-48C576E544C9, cid=2466, SUCCESS, logIndex=3667, commits[68798575-c94b-44a6-b996-25df487e3c54:c3668, 9ec8ead9-888e-415b-b04c-32cd2c26f792:c3664, 84ef4577-07e0-4c8d-900e-d449eb7bf65d:c3664]
2019-07-10 10:03:58,391 INFO  client.GrpcClientProtocolClient (GrpcClientProtocolClient.java:onNext(255)) - client-3502B0E99E4B->68798575-c94b-44a6-b996-25df487e3c54: receive RaftClientReply:client-3502B0E99E4B->68798575-c94b-44a6-b996-25df487e3c54@group-48C576E544C9, cid=2467, SUCCESS, logIndex=3668, commits[68798575-c94b-44a6-b996-25df487e3c54:c3668, 9ec8ead9-888e-415b-b04c-32cd2c26f792:c3664, 84ef4577-07e0-4c8d-900e-d449eb7bf65d:c3664]
2019-07-10 10:03:58,405 INFO  client.GrpcClientProtocolClient (GrpcClientProtocolClient.java:onNext(255)) - client-3502B0E99E4B->68798575-c94b-44a6-b996-25df487e3c54: receive RaftClientReply:client-3502B0E99E4B->68798575-c94b-44a6-b996-25df487e3c54@group-48C576E544C9, cid=2468, SUCCESS, logIndex=0, commits[68798575-c94b-44a6-b996-25df487e3c54:c3670, 9ec8ead9-888e-415b-b04c-32cd2c26f792:c3668, 84ef4577-07e0-4c8d-900e-d449eb7bf65d:c3668]
2019-07-10 10:03:58,435 INFO  client.GrpcClientProtocolClient (GrpcClientProtocolClient.java:onNext(255)) - client-3502B0E99E4B->68798575-c94b-44a6-b996-25df487e3c54: receive RaftClientReply:client-3502B0E99E4B->68798575-c94b-44a6-b996-25df487e3c54@group-48C576E544C9, cid=2469, SUCCESS, logIndex=3671, commits[68798575-c94b-44a6-b996-25df487e3c54:c3673, 9ec8ead9-888e-415b-b04c-32cd2c26f792:c3670, 84ef4577-07e0-4c8d-900e-d449eb7bf65d:c3670]
2019-07-10 10:03:58,436 INFO  client.GrpcClientProtocolClient (GrpcClientProtocolClient.java:onNext(255)) - client-3502B0E99E4B->68798575-c94b-44a6-b996-25df487e3c54: receive RaftClientReply:client-3502B0E99E4B->68798575-c94b-44a6-b996-25df487e3c54@group-48C576E544C9, cid=2470, SUCCESS, logIndex=3672, commits[68798575-c94b-44a6-b996-25df487e3c54:c3674, 9ec8ead9-888e-415b-b04c-32cd2c26f792:c3670, 84ef4577-07e0-4c8d-900e-d449eb7bf65d:c3670]
2019-07-10 10:03:58,437 INFO  client.GrpcClientProtocolClient (GrpcClientProtocolClient.java:onNext(255)) - client-3502B0E99E4B->68798575-c94b-44a6-b996-25df487e3c54: receive RaftClientReply:client-3502B0E99E4B->68798575-c94b-44a6-b996-25df487e3c54@group-48C576E544C9, cid=2471, SUCCESS, logIndex=3673, commits[68798575-c94b-44a6-b996-25df487e3c54:c3674, 9ec8ead9-888e-415b-b04c-32cd2c26f792:c3670, 84ef4577-07e0-4c8d-900e-d449eb7bf65d:c3672]
2019-07-10 10:03:58,437 INFO  client.GrpcClientProtocolClient (GrpcClientProtocolClient.java:onNext(255)) - client-3502B0E99E4B->68798575-c94b-44a6-b996-25df487e3c54: receive RaftClientReply:client-3502B0E99E4B->68798575-c94b-44a6-b996-25df487e3c54@group-48C576E544C9, cid=2472, SUCCESS, logIndex=3674, commits[68798575-c94b-44a6-b996-25df487e3c54:c3675, 9ec8ead9-888e-415b-b04c-32cd2c26f792:c3670, 84ef4577-07e0-4c8d-900e-d449eb7bf65d:c3672]
2019-07-10 10:03:58,438 INFO  client.GrpcClientProtocolClient (GrpcClientProtocolClient.java:onNext(255)) - client-3502B0E99E4B->68798575-c94b-44a6-b996-25df487e3c54: receive RaftClientReply:client-3502B0E99E4B->68798575-c94b-44a6-b996-25df487e3c54@group-48C576E544C9, cid=2473, SUCCESS, logIndex=0, commits[68798575-c94b-44a6-b996-25df487e3c54:c3676, 9ec8ead9-888e-415b-b04c-32cd2c26f792:c3672, 84ef4577-07e0-4c8d-900e-d449eb7bf65d:c3672]
2019-07-10 10:03:58,463 INFO  client.GrpcClientProtocolClient (GrpcClientProtocolClient.java:onNext(255)) - client-3502B0E99E4B->68798575-c94b-44a6-b996-25df487e3c54: receive RaftClientReply:client-3502B0E99E4B->68798575-c94b-44a6-b996-25df487e3c54@group-48C576E544C9, cid=2474, SUCCESS, logIndex=3679, commits[68798575-c94b-44a6-b996-25df487e3c54:c3680, 9ec8ead9-888e-415b-b04c-32cd2c26f792:c3674, 84ef4577-07e0-4c8d-900e-d449eb7bf65d:c3676]
2019-07-10 10:03:58,463 INFO  client.GrpcClientProtocolClient (GrpcClientProtocolClient.java:onNext(255)) - client-3502B0E99E4B->68798575-c94b-44a6-b996-25df487e3c54: receive RaftClientReply:client-3502B0E99E4B->68798575-c94b-44a6-b996-25df487e3c54@group-48C576E544C9, cid=2475, SUCCESS, logIndex=3680, commits[68798575-c94b-44a6-b996-25df487e3c54:c3680, 9ec8ead9-888e-415b-b04c-32cd2c26f792:c3676, 84ef4577-07e0-4c8d-900e-d449eb7bf65d:c3676]
2019-07-10 10:03:58,490 INFO  client.GrpcClientProtocolClient (GrpcClientProtocolClient.java:onNext(255)) - client-3502B0E99E4B->68798575-c94b-44a6-b996-25df487e3c54: receive RaftClientReply:client-3502B0E99E4B->68798575-c94b-44a6-b996-25df487e3c54@group-48C576E544C9, cid=2476, SUCCESS, logIndex=3683, commits[68798575-c94b-44a6-b996-25df487e3c54:c3684, 9ec8ead9-888e-415b-b04c-32cd2c26f792:c3681, 84ef4577-07e0-4c8d-900e-d449eb7bf65d:c3681]
2019-07-10 10:03:58,491 INFO  client.GrpcClientProtocolClient (GrpcClientProtocolClient.java:onNext(255)) - client-3502B0E99E4B->68798575-c94b-44a6-b996-25df487e3c54: receive RaftClientReply:client-3502B0E99E4B->68798575-c94b-44a6-b996-25df487e3c54@group-48C576E544C9, cid=2477, SUCCESS, logIndex=3684, commits[68798575-c94b-44a6-b996-25df487e3c54:c3684, 9ec8ead9-888e-415b-b04c-32cd2c26f792:c3681, 84ef4577-07e0-4c8d-900e-d449eb7bf65d:c3681]
2019-07-10 10:03:58,503 INFO  client.GrpcClientProtocolClient (GrpcClientProtocolClient.java:onNext(255)) - client-3502B0E99E4B->68798575-c94b-44a6-b996-25df487e3c54: receive RaftClientReply:client-3502B0E99E4B->68798575-c94b-44a6-b996-25df487e3c54@group-48C576E544C9, cid=2478, SUCCESS, logIndex=0, commits[68798575-c94b-44a6-b996-25df487e3c54:c3685, 9ec8ead9-888e-415b-b04c-32cd2c26f792:c3684, 84ef4577-07e0-4c8d-900e-d449eb7bf65d:c3684]
2019-07-10 10:03:58,536 INFO  client.GrpcClientProtocolClient (GrpcClientProtocolClient.java:onNext(255)) - client-3502B0E99E4B->68798575-c94b-44a6-b996-25df487e3c54: receive RaftClientReply:client-3502B0E99E4B->68798575-c94b-44a6-b996-25df487e3c54@group-48C576E544C9, cid=2479, SUCCESS, logIndex=3687, commits[68798575-c94b-44a6-b996-25df487e3c54:c3688, 9ec8ead9-888e-415b-b04c-32cd2c26f792:c3685, 84ef4577-07e0-4c8d-900e-d449eb7bf65d:c3685]
2019-07-10 10:03:58,536 INFO  client.GrpcClientProtocolClient (GrpcClientProtocolClient.java:onNext(255)) - client-3502B0E99E4B->68798575-c94b-44a6-b996-25df487e3c54: receive RaftClientReply:client-3502B0E99E4B->68798575-c94b-44a6-b996-25df487e3c54@group-48C576E544C9, cid=2480, SUCCESS, logIndex=3688, commits[68798575-c94b-44a6-b996-25df487e3c54:c3690, 9ec8ead9-888e-415b-b04c-32cd2c26f792:c3685, 84ef4577-07e0-4c8d-900e-d449eb7bf65d:c3685]
2019-07-10 10:03:58,537 INFO  client.GrpcClientProtocolClient (GrpcClientProtocolClient.java:onNext(255)) - client-3502B0E99E4B->68798575-c94b-44a6-b996-25df487e3c54: receive RaftClientReply:client-3502B0E99E4B->68798575-c94b-44a6-b996-25df487e3c54@group-48C576E544C9, cid=2481, SUCCESS, logIndex=3689, commits[68798575-c94b-44a6-b996-25df487e3c54:c3690, 9ec8ead9-888e-415b-b04c-32cd2c26f792:c3685, 84ef4577-07e0-4c8d-900e-d449eb7bf65d:c3685]
2019-07-10 10:03:58,537 INFO  client.GrpcClientProtocolClient (GrpcClientProtocolClient.java:onNext(255)) - client-3502B0E99E4B->68798575-c94b-44a6-b996-25df487e3c54: receive RaftClientReply:client-3502B0E99E4B->68798575-c94b-44a6-b996-25df487e3c54@group-48C576E544C9, cid=2482, SUCCESS, logIndex=3690, commits[68798575-c94b-44a6-b996-25df487e3c54:c3690, 9ec8ead9-888e-415b-b04c-32cd2c26f792:c3685, 84ef4577-07e0-4c8d-900e-d449eb7bf65d:c3685]
2019-07-10 10:03:58,546 INFO  client.GrpcClientProtocolClient (GrpcClientProtocolClient.java:onNext(255)) - client-3502B0E99E4B->68798575-c94b-44a6-b996-25df487e3c54: receive RaftClientReply:client-3502B0E99E4B->68798575-c94b-44a6-b996-25df487e3c54@group-48C576E544C9, cid=2483, SUCCESS, logIndex=0, commits[68798575-c94b-44a6-b996-25df487e3c54:c3691, 9ec8ead9-888e-415b-b04c-32cd2c26f792:c3688, 84ef4577-07e0-4c8d-900e-d449eb7bf65d:c3688]
2019-07-10 10:03:58,567 INFO  client.GrpcClientProtocolClient (GrpcClientProtocolClient.java:onNext(255)) - client-3502B0E99E4B->68798575-c94b-44a6-b996-25df487e3c54: receive RaftClientReply:client-3502B0E99E4B->68798575-c94b-44a6-b996-25df487e3c54@group-48C576E544C9, cid=2484, SUCCESS, logIndex=3694, commits[68798575-c94b-44a6-b996-25df487e3c54:c3695, 9ec8ead9-888e-415b-b04c-32cd2c26f792:c3693, 84ef4577-07e0-4c8d-900e-d449eb7bf65d:c3693]
2019-07-10 10:03:58,567 INFO  client.GrpcClientProtocolClient (GrpcClientProtocolClient.java:onNext(255)) - client-3502B0E99E4B->68798575-c94b-44a6-b996-25df487e3c54: receive RaftClientReply:client-3502B0E99E4B->68798575-c94b-44a6-b996-25df487e3c54@group-48C576E544C9, cid=2485, SUCCESS, logIndex=3695, commits[68798575-c94b-44a6-b996-25df487e3c54:c3695, 9ec8ead9-888e-415b-b04c-32cd2c26f792:c3693, 84ef4577-07e0-4c8d-900e-d449eb7bf65d:c3693]
2019-07-10 10:03:58,580 INFO  client.GrpcClientProtocolClient (GrpcClientProtocolClient.java:onNext(255)) - client-3502B0E99E4B->68798575-c94b-44a6-b996-25df487e3c54: receive RaftClientReply:client-3502B0E99E4B->68798575-c94b-44a6-b996-25df487e3c54@group-48C576E544C9, cid=2486, SUCCESS, logIndex=3698, commits[68798575-c94b-44a6-b996-25df487e3c54:c3699, 9ec8ead9-888e-415b-b04c-32cd2c26f792:c3695, 84ef4577-07e0-4c8d-900e-d449eb7bf65d:c3694]
2019-07-10 10:03:58,581 INFO  client.GrpcClientProtocolClient (GrpcClientProtocolClient.java:onNext(255)) - client-3502B0E99E4B->68798575-c94b-44a6-b996-25df487e3c54: receive RaftClientReply:client-3502B0E99E4B->68798575-c94b-44a6-b996-25df487e3c54@group-48C576E544C9, cid=2487, SUCCESS, logIndex=3699, commits[68798575-c94b-44a6-b996-25df487e3c54:c3699, 9ec8ead9-888e-415b-b04c-32cd2c26f792:c3695, 84ef4577-07e0-4c8d-900e-d449eb7bf65d:c3695]
2019-07-10 10:03:58,583 INFO  client.GrpcClientProtocolClient (GrpcClientProtocolClient.java:onNext(255)) - client-3502B0E99E4B->68798575-c94b-44a6-b996-25df487e3c54: receive RaftClientReply:client-3502B0E99E4B->68798575-c94b-44a6-b996-25df487e3c54@group-48C576E544C9, cid=2488, SUCCESS, logIndex=0, commits[68798575-c94b-44a6-b996-25df487e3c54:c3700, 9ec8ead9-888e-415b-b04c-32cd2c26f792:c3699, 84ef4577-07e0-4c8d-900e-d449eb7bf65d:c3699]
2019-07-10 10:03:58,610 INFO  client.GrpcClientProtocolClient (GrpcClientProtocolClient.java:onNext(255)) - client-3502B0E99E4B->68798575-c94b-44a6-b996-25df487e3c54: receive RaftClientReply:client-3502B0E99E4B->68798575-c94b-44a6-b996-25df487e3c54@group-48C576E544C9, cid=2489, SUCCESS, logIndex=3702, commits[68798575-c94b-44a6-b996-25df487e3c54:c3703, 9ec8ead9-888e-415b-b04c-32cd2c26f792:c3701, 84ef4577-07e0-4c8d-900e-d449eb7bf65d:c3701]
2019-07-10 10:03:58,611 INFO  client.GrpcClientProtocolClient (GrpcClientProtocolClient.java:onNext(255)) - client-3502B0E99E4B->68798575-c94b-44a6-b996-25df487e3c54: receive RaftClientReply:client-3502B0E99E4B->68798575-c94b-44a6-b996-25df487e3c54@group-48C576E544C9, cid=2490, SUCCESS, logIndex=3703, commits[68798575-c94b-44a6-b996-25df487e3c54:c3705, 9ec8ead9-888e-415b-b04c-32cd2c26f792:c3701, 84ef4577-07e0-4c8d-900e-d449eb7bf65d:c3701]
2019-07-10 10:03:58,611 INFO  client.GrpcClientProtocolClient (GrpcClientProtocolClient.java:onNext(255)) - client-3502B0E99E4B->68798575-c94b-44a6-b996-25df487e3c54: receive RaftClientReply:client-3502B0E99E4B->68798575-c94b-44a6-b996-25df487e3c54@group-48C576E544C9, cid=2491, SUCCESS, logIndex=3704, commits[68798575-c94b-44a6-b996-25df487e3c54:c3705, 9ec8ead9-888e-415b-b04c-32cd2c26f792:c3701, 84ef4577-07e0-4c8d-900e-d449eb7bf65d:c3701]
2019-07-10 10:03:58,611 INFO  client.GrpcClientProtocolClient (GrpcClientProtocolClient.java:onNext(255)) - client-3502B0E99E4B->68798575-c94b-44a6-b996-25df487e3c54: receive RaftClientReply:client-3502B0E99E4B->68798575-c94b-44a6-b996-25df487e3c54@group-48C576E544C9, cid=2492, SUCCESS, logIndex=3705, commits[68798575-c94b-44a6-b996-25df487e3c54:c3705, 9ec8ead9-888e-415b-b04c-32cd2c26f792:c3701, 84ef4577-07e0-4c8d-900e-d449eb7bf65d:c3701]
2019-07-10 10:03:58,624 INFO  client.GrpcClientProtocolClient (GrpcClientProtocolClient.java:onNext(255)) - client-3502B0E99E4B->68798575-c94b-44a6-b996-25df487e3c54: receive RaftClientReply:client-3502B0E99E4B->68798575-c94b-44a6-b996-25df487e3c54@group-48C576E544C9, cid=2493, SUCCESS, logIndex=0, commits[68798575-c94b-44a6-b996-25df487e3c54:c3706, 9ec8ead9-888e-415b-b04c-32cd2c26f792:c3703, 84ef4577-07e0-4c8d-900e-d449eb7bf65d:c3703]
2019-07-10 10:03:58,646 INFO  client.GrpcClientProtocolClient (GrpcClientProtocolClient.java:onNext(255)) - client-3502B0E99E4B->68798575-c94b-44a6-b996-25df487e3c54: receive RaftClientReply:client-3502B0E99E4B->68798575-c94b-44a6-b996-25df487e3c54@group-48C576E544C9, cid=2494, SUCCESS, logIndex=3710, commits[68798575-c94b-44a6-b996-25df487e3c54:c3711, 9ec8ead9-888e-415b-b04c-32cd2c26f792:c3709, 84ef4577-07e0-4c8d-900e-d449eb7bf65d:c3709]
2019-07-10 10:03:58,646 INFO  client.GrpcClientProtocolClient (GrpcClientProtocolClient.java:onNext(255)) - client-3502B0E99E4B->68798575-c94b-44a6-b996-25df487e3c54: receive RaftClientReply:client-3502B0E99E4B->68798575-c94b-44a6-b996-25df487e3c54@group-48C576E544C9, cid=2495, SUCCESS, logIndex=3711, commits[68798575-c94b-44a6-b996-25df487e3c54:c3711, 9ec8ead9-888e-415b-b04c-32cd2c26f792:c3709, 84ef4577-07e0-4c8d-900e-d449eb7bf65d:c3709]
 0.00% |█                                                                                                    |  0/1 Time: 0:00:222019-07-10 10:03:58,826 INFO  client.GrpcClientProtocolClient (GrpcClientProtocolClient.java:onNext(255)) - client-3502B0E99E4B->68798575-c94b-44a6-b996-25df487e3c54: receive RaftClientReply:client-3502B0E99E4B->68798575-c94b-44a6-b996-25df487e3c54@group-48C576E544C9, cid=2496, SUCCESS, logIndex=3714, commits[68798575-c94b-44a6-b996-25df487e3c54:c3715, 9ec8ead9-888e-415b-b04c-32cd2c26f792:c3711, 84ef4577-07e0-4c8d-900e-d449eb7bf65d:c3711]
2019-07-10 10:03:58,827 INFO  client.GrpcClientProtocolClient (GrpcClientProtocolClient.java:onNext(255)) - client-3502B0E99E4B->68798575-c94b-44a6-b996-25df487e3c54: receive RaftClientReply:client-3502B0E99E4B->68798575-c94b-44a6-b996-25df487e3c54@group-48C576E544C9, cid=2497, SUCCESS, logIndex=3715, commits[68798575-c94b-44a6-b996-25df487e3c54:c3715, 9ec8ead9-888e-415b-b04c-32cd2c26f792:c3712, 84ef4577-07e0-4c8d-900e-d449eb7bf65d:c3711]
2019-07-10 10:03:58,839 INFO  client.GrpcClientProtocolClient (GrpcClientProtocolClient.java:onNext(255)) - client-3502B0E99E4B->68798575-c94b-44a6-b996-25df487e3c54: receive RaftClientReply:client-3502B0E99E4B->68798575-c94b-44a6-b996-25df487e3c54@group-48C576E544C9, cid=2498, SUCCESS, logIndex=0, commits[68798575-c94b-44a6-b996-25df487e3c54:c3717, 9ec8ead9-888e-415b-b04c-32cd2c26f792:c3715, 84ef4577-07e0-4c8d-900e-d449eb7bf65d:c3715]
2019-07-10 10:03:58,874 INFO  client.GrpcClientProtocolClient (GrpcClientProtocolClient.java:onNext(255)) - client-3502B0E99E4B->68798575-c94b-44a6-b996-25df487e3c54: receive RaftClientReply:client-3502B0E99E4B->68798575-c94b-44a6-b996-25df487e3c54@group-48C576E544C9, cid=2499, SUCCESS, logIndex=3718, commits[68798575-c94b-44a6-b996-25df487e3c54:c3719, 9ec8ead9-888e-415b-b04c-32cd2c26f792:c3717, 84ef4577-07e0-4c8d-900e-d449eb7bf65d:c3717]
2019-07-10 10:03:58,874 INFO  client.GrpcClientProtocolClient (GrpcClientProtocolClient.java:onNext(255)) - client-3502B0E99E4B->68798575-c94b-44a6-b996-25df487e3c54: receive RaftClientReply:client-3502B0E99E4B->68798575-c94b-44a6-b996-25df487e3c54@group-48C576E544C9, cid=2500, SUCCESS, logIndex=3719, commits[68798575-c94b-44a6-b996-25df487e3c54:c3719, 9ec8ead9-888e-415b-b04c-32cd2c26f792:c3717, 84ef4577-07e0-4c8d-900e-d449eb7bf65d:c3717]
2019-07-10 10:03:58,875 INFO  client.GrpcClientProtocolClient (GrpcClientProtocolClient.java:onNext(255)) - client-3502B0E99E4B->68798575-c94b-44a6-b996-25df487e3c54: receive RaftClientReply:client-3502B0E99E4B->68798575-c94b-44a6-b996-25df487e3c54@group-48C576E544C9, cid=2501, SUCCESS, logIndex=3720, commits[68798575-c94b-44a6-b996-25df487e3c54:c3721, 9ec8ead9-888e-415b-b04c-32cd2c26f792:c3717, 84ef4577-07e0-4c8d-900e-d449eb7bf65d:c3717]
2019-07-10 10:03:58,875 INFO  client.GrpcClientProtocolClient (GrpcClientProtocolClient.java:onNext(255)) - client-3502B0E99E4B->68798575-c94b-44a6-b996-25df487e3c54: receive RaftClientReply:client-3502B0E99E4B->68798575-c94b-44a6-b996-25df487e3c54@group-48C576E544C9, cid=2502, SUCCESS, logIndex=3721, commits[68798575-c94b-44a6-b996-25df487e3c54:c3721, 9ec8ead9-888e-415b-b04c-32cd2c26f792:c3717, 84ef4577-07e0-4c8d-900e-d449eb7bf65d:c3717]
2019-07-10 10:03:58,896 INFO  client.GrpcClientProtocolClient (GrpcClientProtocolClient.java:onNext(255)) - client-3502B0E99E4B->68798575-c94b-44a6-b996-25df487e3c54: receive RaftClientReply:client-3502B0E99E4B->68798575-c94b-44a6-b996-25df487e3c54@group-48C576E544C9, cid=2503, SUCCESS, logIndex=0, commits[68798575-c94b-44a6-b996-25df487e3c54:c3723, 9ec8ead9-888e-415b-b04c-32cd2c26f792:c3719, 84ef4577-07e0-4c8d-900e-d449eb7bf65d:c3719]
2019-07-10 10:03:58,922 INFO  client.GrpcClientProtocolClient (GrpcClientProtocolClient.java:onNext(255)) - client-3502B0E99E4B->68798575-c94b-44a6-b996-25df487e3c54: receive RaftClientReply:client-3502B0E99E4B->68798575-c94b-44a6-b996-25df487e3c54@group-48C576E544C9, cid=2504, SUCCESS, logIndex=3726, commits[68798575-c94b-44a6-b996-25df487e3c54:c3727, 9ec8ead9-888e-415b-b04c-32cd2c26f792:c3725, 84ef4577-07e0-4c8d-900e-d449eb7bf65d:c3725]
2019-07-10 10:03:58,923 INFO  client.GrpcClientProtocolClient (GrpcClientProtocolClient.java:onNext(255)) - client-3502B0E99E4B->68798575-c94b-44a6-b996-25df487e3c54: receive RaftClientReply:client-3502B0E99E4B->68798575-c94b-44a6-b996-25df487e3c54@group-48C576E544C9, cid=2505, SUCCESS, logIndex=3727, commits[68798575-c94b-44a6-b996-25df487e3c54:c3727, 9ec8ead9-888e-415b-b04c-32cd2c26f792:c3725, 84ef4577-07e0-4c8d-900e-d449eb7bf65d:c3725]
2019-07-10 10:03:58,947 INFO  client.GrpcClientProtocolClient (GrpcClientProtocolClient.java:onNext(255)) - client-3502B0E99E4B->68798575-c94b-44a6-b996-25df487e3c54: receive RaftClientReply:client-3502B0E99E4B->68798575-c94b-44a6-b996-25df487e3c54@group-48C576E544C9, cid=2506, SUCCESS, logIndex=3730, commits[68798575-c94b-44a6-b996-25df487e3c54:c3731, 9ec8ead9-888e-415b-b04c-32cd2c26f792:c3727, 84ef4577-07e0-4c8d-900e-d449eb7bf65d:c3727]
2019-07-10 10:03:58,947 INFO  client.GrpcClientProtocolClient (GrpcClientProtocolClient.java:onNext(255)) - client-3502B0E99E4B->68798575-c94b-44a6-b996-25df487e3c54: receive RaftClientReply:client-3502B0E99E4B->68798575-c94b-44a6-b996-25df487e3c54@group-48C576E544C9, cid=2507, SUCCESS, logIndex=3731, commits[68798575-c94b-44a6-b996-25df487e3c54:c3731, 9ec8ead9-888e-415b-b04c-32cd2c26f792:c3727, 84ef4577-07e0-4c8d-900e-d449eb7bf65d:c3727]
2019-07-10 10:03:58,960 INFO  client.GrpcClientProtocolClient (GrpcClientProtocolClient.java:onNext(255)) - client-3502B0E99E4B->68798575-c94b-44a6-b996-25df487e3c54: receive RaftClientReply:client-3502B0E99E4B->68798575-c94b-44a6-b996-25df487e3c54@group-48C576E544C9, cid=2508, SUCCESS, logIndex=0, commits[68798575-c94b-44a6-b996-25df487e3c54:c3733, 9ec8ead9-888e-415b-b04c-32cd2c26f792:c3731, 84ef4577-07e0-4c8d-900e-d449eb7bf65d:c3731]
2019-07-10 10:03:58,993 INFO  client.GrpcClientProtocolClient (GrpcClientProtocolClient.java:onNext(255)) - client-3502B0E99E4B->68798575-c94b-44a6-b996-25df487e3c54: receive RaftClientReply:client-3502B0E99E4B->68798575-c94b-44a6-b996-25df487e3c54@group-48C576E544C9, cid=2509, SUCCESS, logIndex=3734, commits[68798575-c94b-44a6-b996-25df487e3c54:c3735, 9ec8ead9-888e-415b-b04c-32cd2c26f792:c3733, 84ef4577-07e0-4c8d-900e-d449eb7bf65d:c3733]
2019-07-10 10:03:58,994 INFO  client.GrpcClientProtocolClient (GrpcClientProtocolClient.java:onNext(255)) - client-3502B0E99E4B->68798575-c94b-44a6-b996-25df487e3c54: receive RaftClientReply:client-3502B0E99E4B->68798575-c94b-44a6-b996-25df487e3c54@group-48C576E544C9, cid=2510, SUCCESS, logIndex=3735, commits[68798575-c94b-44a6-b996-25df487e3c54:c3735, 9ec8ead9-888e-415b-b04c-32cd2c26f792:c3733, 84ef4577-07e0-4c8d-900e-d449eb7bf65d:c3733]
2019-07-10 10:03:58,994 INFO  client.GrpcClientProtocolClient (GrpcClientProtocolClient.java:onNext(255)) - client-3502B0E99E4B->68798575-c94b-44a6-b996-25df487e3c54: receive RaftClientReply:client-3502B0E99E4B->68798575-c94b-44a6-b996-25df487e3c54@group-48C576E544C9, cid=2511, SUCCESS, logIndex=3736, commits[68798575-c94b-44a6-b996-25df487e3c54:c3736, 9ec8ead9-888e-415b-b04c-32cd2c26f792:c3733, 84ef4577-07e0-4c8d-900e-d449eb7bf65d:c3733]
2019-07-10 10:03:58,995 INFO  client.GrpcClientProtocolClient (GrpcClientProtocolClient.java:onNext(255)) - client-3502B0E99E4B->68798575-c94b-44a6-b996-25df487e3c54: receive RaftClientReply:client-3502B0E99E4B->68798575-c94b-44a6-b996-25df487e3c54@group-48C576E544C9, cid=2512, SUCCESS, logIndex=3737, commits[68798575-c94b-44a6-b996-25df487e3c54:c3737, 9ec8ead9-888e-415b-b04c-32cd2c26f792:c3733, 84ef4577-07e0-4c8d-900e-d449eb7bf65d:c3733]
2019-07-10 10:03:59,009 INFO  client.GrpcClientProtocolClient (GrpcClientProtocolClient.java:onNext(255)) - client-3502B0E99E4B->68798575-c94b-44a6-b996-25df487e3c54: receive RaftClientReply:client-3502B0E99E4B->68798575-c94b-44a6-b996-25df487e3c54@group-48C576E544C9, cid=2513, SUCCESS, logIndex=0, commits[68798575-c94b-44a6-b996-25df487e3c54:c3739, 9ec8ead9-888e-415b-b04c-32cd2c26f792:c3735, 84ef4577-07e0-4c8d-900e-d449eb7bf65d:c3735]
2019-07-10 10:03:59,022 INFO  client.GrpcClientProtocolClient (GrpcClientProtocolClient.java:onNext(255)) - client-3502B0E99E4B->68798575-c94b-44a6-b996-25df487e3c54: receive RaftClientReply:client-3502B0E99E4B->68798575-c94b-44a6-b996-25df487e3c54@group-48C576E544C9, cid=2514, SUCCESS, logIndex=3742, commits[68798575-c94b-44a6-b996-25df487e3c54:c3743, 9ec8ead9-888e-415b-b04c-32cd2c26f792:c3741, 84ef4577-07e0-4c8d-900e-d449eb7bf65d:c3741]
2019-07-10 10:03:59,022 INFO  client.GrpcClientProtocolClient (GrpcClientProtocolClient.java:onNext(255)) - client-3502B0E99E4B->68798575-c94b-44a6-b996-25df487e3c54: receive RaftClientReply:client-3502B0E99E4B->68798575-c94b-44a6-b996-25df487e3c54@group-48C576E544C9, cid=2515, SUCCESS, logIndex=3743, commits[68798575-c94b-44a6-b996-25df487e3c54:c3743, 9ec8ead9-888e-415b-b04c-32cd2c26f792:c3741, 84ef4577-07e0-4c8d-900e-d449eb7bf65d:c3741]
2019-07-10 10:03:59,037 INFO  client.GrpcClientProtocolClient (GrpcClientProtocolClient.java:onNext(255)) - client-3502B0E99E4B->68798575-c94b-44a6-b996-25df487e3c54: receive RaftClientReply:client-3502B0E99E4B->68798575-c94b-44a6-b996-25df487e3c54@group-48C576E544C9, cid=2516, SUCCESS, logIndex=3746, commits[68798575-c94b-44a6-b996-25df487e3c54:c3747, 9ec8ead9-888e-415b-b04c-32cd2c26f792:c3743, 84ef4577-07e0-4c8d-900e-d449eb7bf65d:c3743]
2019-07-10 10:03:59,037 INFO  client.GrpcClientProtocolClient (GrpcClientProtocolClient.java:onNext(255)) - client-3502B0E99E4B->68798575-c94b-44a6-b996-25df487e3c54: receive RaftClientReply:client-3502B0E99E4B->68798575-c94b-44a6-b996-25df487e3c54@group-48C576E544C9, cid=2517, SUCCESS, logIndex=3747, commits[68798575-c94b-44a6-b996-25df487e3c54:c3747, 9ec8ead9-888e-415b-b04c-32cd2c26f792:c3743, 84ef4577-07e0-4c8d-900e-d449eb7bf65d:c3743]
2019-07-10 10:03:59,039 INFO  client.GrpcClientProtocolClient (GrpcClientProtocolClient.java:onNext(255)) - client-3502B0E99E4B->68798575-c94b-44a6-b996-25df487e3c54: receive RaftClientReply:client-3502B0E99E4B->68798575-c94b-44a6-b996-25df487e3c54@group-48C576E544C9, cid=2518, SUCCESS, logIndex=0, commits[68798575-c94b-44a6-b996-25df487e3c54:c3748, 9ec8ead9-888e-415b-b04c-32cd2c26f792:c3747, 84ef4577-07e0-4c8d-900e-d449eb7bf65d:c3747]
2019-07-10 10:03:59,066 INFO  client.GrpcClientProtocolClient (GrpcClientProtocolClient.java:onNext(255)) - client-3502B0E99E4B->68798575-c94b-44a6-b996-25df487e3c54: receive RaftClientReply:client-3502B0E99E4B->68798575-c94b-44a6-b996-25df487e3c54@group-48C576E544C9, cid=2519, SUCCESS, logIndex=3750, commits[68798575-c94b-44a6-b996-25df487e3c54:c3751, 9ec8ead9-888e-415b-b04c-32cd2c26f792:c3749, 84ef4577-07e0-4c8d-900e-d449eb7bf65d:c3749]
2019-07-10 10:03:59,067 INFO  client.GrpcClientProtocolClient (GrpcClientProtocolClient.java:onNext(255)) - client-3502B0E99E4B->68798575-c94b-44a6-b996-25df487e3c54: receive RaftClientReply:client-3502B0E99E4B->68798575-c94b-44a6-b996-25df487e3c54@group-48C576E544C9, cid=2520, SUCCESS, logIndex=3751, commits[68798575-c94b-44a6-b996-25df487e3c54:c3753, 9ec8ead9-888e-415b-b04c-32cd2c26f792:c3749, 84ef4577-07e0-4c8d-900e-d449eb7bf65d:c3749]
2019-07-10 10:03:59,067 INFO  client.GrpcClientProtocolClient (GrpcClientProtocolClient.java:onNext(255)) - client-3502B0E99E4B->68798575-c94b-44a6-b996-25df487e3c54: receive RaftClientReply:client-3502B0E99E4B->68798575-c94b-44a6-b996-25df487e3c54@group-48C576E544C9, cid=2521, SUCCESS, logIndex=3752, commits[68798575-c94b-44a6-b996-25df487e3c54:c3753, 9ec8ead9-888e-415b-b04c-32cd2c26f792:c3749, 84ef4577-07e0-4c8d-900e-d449eb7bf65d:c3749]
2019-07-10 10:03:59,067 INFO  client.GrpcClientProtocolClient (GrpcClientProtocolClient.java:onNext(255)) - client-3502B0E99E4B->68798575-c94b-44a6-b996-25df487e3c54: receive RaftClientReply:client-3502B0E99E4B->68798575-c94b-44a6-b996-25df487e3c54@group-48C576E544C9, cid=2522, SUCCESS, logIndex=3753, commits[68798575-c94b-44a6-b996-25df487e3c54:c3753, 9ec8ead9-888e-415b-b04c-32cd2c26f792:c3749, 84ef4577-07e0-4c8d-900e-d449eb7bf65d:c3749]
2019-07-10 10:03:59,071 INFO  client.GrpcClientProtocolClient (GrpcClientProtocolClient.java:onNext(255)) - client-3502B0E99E4B->68798575-c94b-44a6-b996-25df487e3c54: receive RaftClientReply:client-3502B0E99E4B->68798575-c94b-44a6-b996-25df487e3c54@group-48C576E544C9, cid=2523, SUCCESS, logIndex=0, commits[68798575-c94b-44a6-b996-25df487e3c54:c3754, 9ec8ead9-888e-415b-b04c-32cd2c26f792:c3751, 84ef4577-07e0-4c8d-900e-d449eb7bf65d:c3753]
2019-07-10 10:03:59,084 INFO  client.GrpcClientProtocolClient (GrpcClientProtocolClient.java:onNext(255)) - client-3502B0E99E4B->68798575-c94b-44a6-b996-25df487e3c54: receive RaftClientReply:client-3502B0E99E4B->68798575-c94b-44a6-b996-25df487e3c54@group-48C576E544C9, cid=2524, SUCCESS, logIndex=3757, commits[68798575-c94b-44a6-b996-25df487e3c54:c3758, 9ec8ead9-888e-415b-b04c-32cd2c26f792:c3754, 84ef4577-07e0-4c8d-900e-d449eb7bf65d:c3753]
2019-07-10 10:03:59,084 INFO  client.GrpcClientProtocolClient (GrpcClientProtocolClient.java:onNext(255)) - client-3502B0E99E4B->68798575-c94b-44a6-b996-25df487e3c54: receive RaftClientReply:client-3502B0E99E4B->68798575-c94b-44a6-b996-25df487e3c54@group-48C576E544C9, cid=2525, SUCCESS, logIndex=3758, commits[68798575-c94b-44a6-b996-25df487e3c54:c3758, 9ec8ead9-888e-415b-b04c-32cd2c26f792:c3754, 84ef4577-07e0-4c8d-900e-d449eb7bf65d:c3754]
2019-07-10 10:03:59,099 INFO  client.GrpcClientProtocolClient (GrpcClientProtocolClient.java:onNext(255)) - client-3502B0E99E4B->68798575-c94b-44a6-b996-25df487e3c54: receive RaftClientReply:client-3502B0E99E4B->68798575-c94b-44a6-b996-25df487e3c54@group-48C576E544C9, cid=2526, SUCCESS, logIndex=3761, commits[68798575-c94b-44a6-b996-25df487e3c54:c3762, 9ec8ead9-888e-415b-b04c-32cd2c26f792:c3758, 84ef4577-07e0-4c8d-900e-d449eb7bf65d:c3759]
2019-07-10 10:03:59,099 INFO  client.GrpcClientProtocolClient (GrpcClientProtocolClient.java:onNext(255)) - client-3502B0E99E4B->68798575-c94b-44a6-b996-25df487e3c54: receive RaftClientReply:client-3502B0E99E4B->68798575-c94b-44a6-b996-25df487e3c54@group-48C576E544C9, cid=2527, SUCCESS, logIndex=3762, commits[68798575-c94b-44a6-b996-25df487e3c54:c3762, 9ec8ead9-888e-415b-b04c-32cd2c26f792:c3759, 84ef4577-07e0-4c8d-900e-d449eb7bf65d:c3759]
2019-07-10 10:03:59,100 INFO  client.GrpcClientProtocolClient (GrpcClientProtocolClient.java:onNext(255)) - client-3502B0E99E4B->68798575-c94b-44a6-b996-25df487e3c54: receive RaftClientReply:client-3502B0E99E4B->68798575-c94b-44a6-b996-25df487e3c54@group-48C576E544C9, cid=2528, SUCCESS, logIndex=0, commits[68798575-c94b-44a6-b996-25df487e3c54:c3763, 9ec8ead9-888e-415b-b04c-32cd2c26f792:c3762, 84ef4577-07e0-4c8d-900e-d449eb7bf65d:c3762]
2019-07-10 10:03:59,130 INFO  client.GrpcClientProtocolClient (GrpcClientProtocolClient.java:onNext(255)) - client-3502B0E99E4B->68798575-c94b-44a6-b996-25df487e3c54: receive RaftClientReply:client-3502B0E99E4B->68798575-c94b-44a6-b996-25df487e3c54@group-48C576E544C9, cid=2529, SUCCESS, logIndex=3765, commits[68798575-c94b-44a6-b996-25df487e3c54:c3766, 9ec8ead9-888e-415b-b04c-32cd2c26f792:c3764, 84ef4577-07e0-4c8d-900e-d449eb7bf65d:c3764]
2019-07-10 10:03:59,131 INFO  client.GrpcClientProtocolClient (GrpcClientProtocolClient.java:onNext(255)) - client-3502B0E99E4B->68798575-c94b-44a6-b996-25df487e3c54: receive RaftClientReply:client-3502B0E99E4B->68798575-c94b-44a6-b996-25df487e3c54@group-48C576E544C9, cid=2530, SUCCESS, logIndex=3766, commits[68798575-c94b-44a6-b996-25df487e3c54:c3766, 9ec8ead9-888e-415b-b04c-32cd2c26f792:c3764, 84ef4577-07e0-4c8d-900e-d449eb7bf65d:c3764]
2019-07-10 10:03:59,131 INFO  client.GrpcClientProtocolClient (GrpcClientProtocolClient.java:onNext(255)) - client-3502B0E99E4B->68798575-c94b-44a6-b996-25df487e3c54: receive RaftClientReply:client-3502B0E99E4B->68798575-c94b-44a6-b996-25df487e3c54@group-48C576E544C9, cid=2531, SUCCESS, logIndex=3767, commits[68798575-c94b-44a6-b996-25df487e3c54:c3767, 9ec8ead9-888e-415b-b04c-32cd2c26f792:c3764, 84ef4577-07e0-4c8d-900e-d449eb7bf65d:c3764]
2019-07-10 10:03:59,131 INFO  client.GrpcClientProtocolClient (GrpcClientProtocolClient.java:onNext(255)) - client-3502B0E99E4B->68798575-c94b-44a6-b996-25df487e3c54: receive RaftClientReply:client-3502B0E99E4B->68798575-c94b-44a6-b996-25df487e3c54@group-48C576E544C9, cid=2532, SUCCESS, logIndex=3768, commits[68798575-c94b-44a6-b996-25df487e3c54:c3768, 9ec8ead9-888e-415b-b04c-32cd2c26f792:c3764, 84ef4577-07e0-4c8d-900e-d449eb7bf65d:c3764]
2019-07-10 10:03:59,145 INFO  client.GrpcClientProtocolClient (GrpcClientProtocolClient.java:onNext(255)) - client-3502B0E99E4B->68798575-c94b-44a6-b996-25df487e3c54: receive RaftClientReply:client-3502B0E99E4B->68798575-c94b-44a6-b996-25df487e3c54@group-48C576E544C9, cid=2533, SUCCESS, logIndex=0, commits[68798575-c94b-44a6-b996-25df487e3c54:c3770, 9ec8ead9-888e-415b-b04c-32cd2c26f792:c3766, 84ef4577-07e0-4c8d-900e-d449eb7bf65d:c3766]
2019-07-10 10:03:59,165 INFO  client.GrpcClientProtocolClient (GrpcClientProtocolClient.java:onNext(255)) - client-3502B0E99E4B->68798575-c94b-44a6-b996-25df487e3c54: receive RaftClientReply:client-3502B0E99E4B->68798575-c94b-44a6-b996-25df487e3c54@group-48C576E544C9, cid=2534, SUCCESS, logIndex=3773, commits[68798575-c94b-44a6-b996-25df487e3c54:c3774, 9ec8ead9-888e-415b-b04c-32cd2c26f792:c3772, 84ef4577-07e0-4c8d-900e-d449eb7bf65d:c3772]
2019-07-10 10:03:59,165 INFO  client.GrpcClientProtocolClient (GrpcClientProtocolClient.java:onNext(255)) - client-3502B0E99E4B->68798575-c94b-44a6-b996-25df487e3c54: receive RaftClientReply:client-3502B0E99E4B->68798575-c94b-44a6-b996-25df487e3c54@group-48C576E544C9, cid=2535, SUCCESS, logIndex=3774, commits[68798575-c94b-44a6-b996-25df487e3c54:c3774, 9ec8ead9-888e-415b-b04c-32cd2c26f792:c3772, 84ef4577-07e0-4c8d-900e-d449eb7bf65d:c3772]
2019-07-10 10:03:59,180 INFO  client.GrpcClientProtocolClient (GrpcClientProtocolClient.java:onNext(255)) - client-3502B0E99E4B->68798575-c94b-44a6-b996-25df487e3c54: receive RaftClientReply:client-3502B0E99E4B->68798575-c94b-44a6-b996-25df487e3c54@group-48C576E544C9, cid=2536, SUCCESS, logIndex=3777, commits[68798575-c94b-44a6-b996-25df487e3c54:c3778, 9ec8ead9-888e-415b-b04c-32cd2c26f792:c3774, 84ef4577-07e0-4c8d-900e-d449eb7bf65d:c3774]
2019-07-10 10:03:59,181 INFO  client.GrpcClientProtocolClient (GrpcClientProtocolClient.java:onNext(255)) - client-3502B0E99E4B->68798575-c94b-44a6-b996-25df487e3c54: receive RaftClientReply:client-3502B0E99E4B->68798575-c94b-44a6-b996-25df487e3c54@group-48C576E544C9, cid=2537, SUCCESS, logIndex=3778, commits[68798575-c94b-44a6-b996-25df487e3c54:c3778, 9ec8ead9-888e-415b-b04c-32cd2c26f792:c3774, 84ef4577-07e0-4c8d-900e-d449eb7bf65d:c3774]
2019-07-10 10:03:59,194 INFO  client.GrpcClientProtocolClient (GrpcClientProtocolClient.java:onNext(255)) - client-3502B0E99E4B->68798575-c94b-44a6-b996-25df487e3c54: receive RaftClientReply:client-3502B0E99E4B->68798575-c94b-44a6-b996-25df487e3c54@group-48C576E544C9, cid=2538, SUCCESS, logIndex=0, commits[68798575-c94b-44a6-b996-25df487e3c54:c3780, 9ec8ead9-888e-415b-b04c-32cd2c26f792:c3778, 84ef4577-07e0-4c8d-900e-d449eb7bf65d:c3778]
2019-07-10 10:03:59,228 INFO  client.GrpcClientProtocolClient (GrpcClientProtocolClient.java:onNext(255)) - client-3502B0E99E4B->68798575-c94b-44a6-b996-25df487e3c54: receive RaftClientReply:client-3502B0E99E4B->68798575-c94b-44a6-b996-25df487e3c54@group-48C576E544C9, cid=2539, SUCCESS, logIndex=3781, commits[68798575-c94b-44a6-b996-25df487e3c54:c3782, 9ec8ead9-888e-415b-b04c-32cd2c26f792:c3780, 84ef4577-07e0-4c8d-900e-d449eb7bf65d:c3780]
2019-07-10 10:03:59,229 INFO  client.GrpcClientProtocolClient (GrpcClientProtocolClient.java:onNext(255)) - client-3502B0E99E4B->68798575-c94b-44a6-b996-25df487e3c54: receive RaftClientReply:client-3502B0E99E4B->68798575-c94b-44a6-b996-25df487e3c54@group-48C576E544C9, cid=2540, SUCCESS, logIndex=3782, commits[68798575-c94b-44a6-b996-25df487e3c54:c3782, 9ec8ead9-888e-415b-b04c-32cd2c26f792:c3780, 84ef4577-07e0-4c8d-900e-d449eb7bf65d:c3780]
2019-07-10 10:03:59,238 INFO  client.GrpcClientProtocolClient (GrpcClientProtocolClient.java:onNext(255)) - client-3502B0E99E4B->68798575-c94b-44a6-b996-25df487e3c54: receive RaftClientReply:client-3502B0E99E4B->68798575-c94b-44a6-b996-25df487e3c54@group-48C576E544C9, cid=2541, SUCCESS, logIndex=3783, commits[68798575-c94b-44a6-b996-25df487e3c54:c3784, 9ec8ead9-888e-415b-b04c-32cd2c26f792:c3780, 84ef4577-07e0-4c8d-900e-d449eb7bf65d:c3780]
2019-07-10 10:03:59,238 INFO  client.GrpcClientProtocolClient (GrpcClientProtocolClient.java:onNext(255)) - client-3502B0E99E4B->68798575-c94b-44a6-b996-25df487e3c54: receive RaftClientReply:client-3502B0E99E4B->68798575-c94b-44a6-b996-25df487e3c54@group-48C576E544C9, cid=2542, SUCCESS, logIndex=3784, commits[68798575-c94b-44a6-b996-25df487e3c54:c3784, 9ec8ead9-888e-415b-b04c-32cd2c26f792:c3780, 84ef4577-07e0-4c8d-900e-d449eb7bf65d:c3780]
2019-07-10 10:03:59,252 INFO  client.GrpcClientProtocolClient (GrpcClientProtocolClient.java:onNext(255)) - client-3502B0E99E4B->68798575-c94b-44a6-b996-25df487e3c54: receive RaftClientReply:client-3502B0E99E4B->68798575-c94b-44a6-b996-25df487e3c54@group-48C576E544C9, cid=2543, SUCCESS, logIndex=0, commits[68798575-c94b-44a6-b996-25df487e3c54:c3786, 9ec8ead9-888e-415b-b04c-32cd2c26f792:c3782, 84ef4577-07e0-4c8d-900e-d449eb7bf65d:c3782]
2019-07-10 10:03:59,275 INFO  client.GrpcClientProtocolClient (GrpcClientProtocolClient.java:onNext(255)) - client-3502B0E99E4B->68798575-c94b-44a6-b996-25df487e3c54: receive RaftClientReply:client-3502B0E99E4B->68798575-c94b-44a6-b996-25df487e3c54@group-48C576E544C9, cid=2544, SUCCESS, logIndex=3788, commits[68798575-c94b-44a6-b996-25df487e3c54:c3789, 9ec8ead9-888e-415b-b04c-32cd2c26f792:c3787, 84ef4577-07e0-4c8d-900e-d449eb7bf65d:c3787]
2019-07-10 10:03:59,276 INFO  client.GrpcClientProtocolClient (GrpcClientProtocolClient.java:onNext(255)) - client-3502B0E99E4B->68798575-c94b-44a6-b996-25df487e3c54: receive RaftClientReply:client-3502B0E99E4B->68798575-c94b-44a6-b996-25df487e3c54@group-48C576E544C9, cid=2545, SUCCESS, logIndex=3789, commits[68798575-c94b-44a6-b996-25df487e3c54:c3789, 9ec8ead9-888e-415b-b04c-32cd2c26f792:c3787, 84ef4577-07e0-4c8d-900e-d449eb7bf65d:c3787]
2019-07-10 10:03:59,300 INFO  client.GrpcClientProtocolClient (GrpcClientProtocolClient.java:onNext(255)) - client-3502B0E99E4B->68798575-c94b-44a6-b996-25df487e3c54: receive RaftClientReply:client-3502B0E99E4B->68798575-c94b-44a6-b996-25df487e3c54@group-48C576E544C9, cid=2546, SUCCESS, logIndex=3792, commits[68798575-c94b-44a6-b996-25df487e3c54:c3793, 9ec8ead9-888e-415b-b04c-32cd2c26f792:c3789, 84ef4577-07e0-4c8d-900e-d449eb7bf65d:c3789]
2019-07-10 10:03:59,301 INFO  client.GrpcClientProtocolClient (GrpcClientProtocolClient.java:onNext(255)) - client-3502B0E99E4B->68798575-c94b-44a6-b996-25df487e3c54: receive RaftClientReply:client-3502B0E99E4B->68798575-c94b-44a6-b996-25df487e3c54@group-48C576E544C9, cid=2547, SUCCESS, logIndex=3793, commits[68798575-c94b-44a6-b996-25df487e3c54:c3793, 9ec8ead9-888e-415b-b04c-32cd2c26f792:c3789, 84ef4577-07e0-4c8d-900e-d449eb7bf65d:c3789]
2019-07-10 10:03:59,334 INFO  client.GrpcClientProtocolClient (GrpcClientProtocolClient.java:onNext(255)) - client-3502B0E99E4B->68798575-c94b-44a6-b996-25df487e3c54: receive RaftClientReply:client-3502B0E99E4B->68798575-c94b-44a6-b996-25df487e3c54@group-48C576E544C9, cid=2548, SUCCESS, logIndex=0, commits[68798575-c94b-44a6-b996-25df487e3c54:c3795, 9ec8ead9-888e-415b-b04c-32cd2c26f792:c3793, 84ef4577-07e0-4c8d-900e-d449eb7bf65d:c3793]
2019-07-10 10:03:59,366 INFO  client.GrpcClientProtocolClient (GrpcClientProtocolClient.java:onNext(255)) - client-3502B0E99E4B->68798575-c94b-44a6-b996-25df487e3c54: receive RaftClientReply:client-3502B0E99E4B->68798575-c94b-44a6-b996-25df487e3c54@group-48C576E544C9, cid=2549, SUCCESS, logIndex=3796, commits[68798575-c94b-44a6-b996-25df487e3c54:c3797, 9ec8ead9-888e-415b-b04c-32cd2c26f792:c3795, 84ef4577-07e0-4c8d-900e-d449eb7bf65d:c3795]
2019-07-10 10:03:59,367 INFO  client.GrpcClientProtocolClient (GrpcClientProtocolClient.java:onNext(255)) - client-3502B0E99E4B->68798575-c94b-44a6-b996-25df487e3c54: receive RaftClientReply:client-3502B0E99E4B->68798575-c94b-44a6-b996-25df487e3c54@group-48C576E544C9, cid=2550, SUCCESS, logIndex=3797, commits[68798575-c94b-44a6-b996-25df487e3c54:c3799, 9ec8ead9-888e-415b-b04c-32cd2c26f792:c3795, 84ef4577-07e0-4c8d-900e-d449eb7bf65d:c3795]
2019-07-10 10:03:59,368 INFO  client.GrpcClientProtocolClient (GrpcClientProtocolClient.java:onNext(255)) - client-3502B0E99E4B->68798575-c94b-44a6-b996-25df487e3c54: receive RaftClientReply:client-3502B0E99E4B->68798575-c94b-44a6-b996-25df487e3c54@group-48C576E544C9, cid=2551, SUCCESS, logIndex=3798, commits[68798575-c94b-44a6-b996-25df487e3c54:c3799, 9ec8ead9-888e-415b-b04c-32cd2c26f792:c3795, 84ef4577-07e0-4c8d-900e-d449eb7bf65d:c3795]
2019-07-10 10:03:59,368 INFO  client.GrpcClientProtocolClient (GrpcClientProtocolClient.java:onNext(255)) - client-3502B0E99E4B->68798575-c94b-44a6-b996-25df487e3c54: receive RaftClientReply:client-3502B0E99E4B->68798575-c94b-44a6-b996-25df487e3c54@group-48C576E544C9, cid=2552, SUCCESS, logIndex=3799, commits[68798575-c94b-44a6-b996-25df487e3c54:c3800, 9ec8ead9-888e-415b-b04c-32cd2c26f792:c3795, 84ef4577-07e0-4c8d-900e-d449eb7bf65d:c3796]
2019-07-10 10:03:59,377 INFO  client.GrpcClientProtocolClient (GrpcClientProtocolClient.java:onNext(255)) - client-3502B0E99E4B->68798575-c94b-44a6-b996-25df487e3c54: receive RaftClientReply:client-3502B0E99E4B->68798575-c94b-44a6-b996-25df487e3c54@group-48C576E544C9, cid=2553, SUCCESS, logIndex=0, commits[68798575-c94b-44a6-b996-25df487e3c54:c3803, 9ec8ead9-888e-415b-b04c-32cd2c26f792:c3797, 84ef4577-07e0-4c8d-900e-d449eb7bf65d:c3799]
2019-07-10 10:03:59,398 INFO  client.GrpcClientProtocolClient (GrpcClientProtocolClient.java:onNext(255)) - client-3502B0E99E4B->68798575-c94b-44a6-b996-25df487e3c54: receive RaftClientReply:client-3502B0E99E4B->68798575-c94b-44a6-b996-25df487e3c54@group-48C576E544C9, cid=2554, SUCCESS, logIndex=3804, commits[68798575-c94b-44a6-b996-25df487e3c54:c3805, 9ec8ead9-888e-415b-b04c-32cd2c26f792:c3803, 84ef4577-07e0-4c8d-900e-d449eb7bf65d:c3803]
2019-07-10 10:03:59,398 INFO  client.GrpcClientProtocolClient (GrpcClientProtocolClient.java:onNext(255)) - client-3502B0E99E4B->68798575-c94b-44a6-b996-25df487e3c54: receive RaftClientReply:client-3502B0E99E4B->68798575-c94b-44a6-b996-25df487e3c54@group-48C576E544C9, cid=2555, SUCCESS, logIndex=3805, commits[68798575-c94b-44a6-b996-25df487e3c54:c3805, 9ec8ead9-888e-415b-b04c-32cd2c26f792:c3803, 84ef4577-07e0-4c8d-900e-d449eb7bf65d:c3803]
2019-07-10 10:03:59,412 INFO  client.GrpcClientProtocolClient (GrpcClientProtocolClient.java:onNext(255)) - client-3502B0E99E4B->68798575-c94b-44a6-b996-25df487e3c54: receive RaftClientReply:client-3502B0E99E4B->68798575-c94b-44a6-b996-25df487e3c54@group-48C576E544C9, cid=2556, SUCCESS, logIndex=3807, commits[68798575-c94b-44a6-b996-25df487e3c54:c3808, 9ec8ead9-888e-415b-b04c-32cd2c26f792:c3805, 84ef4577-07e0-4c8d-900e-d449eb7bf65d:c3805]
2019-07-10 10:03:59,412 INFO  client.GrpcClientProtocolClient (GrpcClientProtocolClient.java:onNext(255)) - client-3502B0E99E4B->68798575-c94b-44a6-b996-25df487e3c54: receive RaftClientReply:client-3502B0E99E4B->68798575-c94b-44a6-b996-25df487e3c54@group-48C576E544C9, cid=2557, SUCCESS, logIndex=3808, commits[68798575-c94b-44a6-b996-25df487e3c54:c3808, 9ec8ead9-888e-415b-b04c-32cd2c26f792:c3805, 84ef4577-07e0-4c8d-900e-d449eb7bf65d:c3805]
2019-07-10 10:03:59,414 INFO  client.GrpcClientProtocolClient (GrpcClientProtocolClient.java:onNext(255)) - client-3502B0E99E4B->68798575-c94b-44a6-b996-25df487e3c54: receive RaftClientReply:client-3502B0E99E4B->68798575-c94b-44a6-b996-25df487e3c54@group-48C576E544C9, cid=2558, SUCCESS, logIndex=0, commits[68798575-c94b-44a6-b996-25df487e3c54:c3809, 9ec8ead9-888e-415b-b04c-32cd2c26f792:c3808, 84ef4577-07e0-4c8d-900e-d449eb7bf65d:c3808]
2019-07-10 10:03:59,445 INFO  client.GrpcClientProtocolClient (GrpcClientProtocolClient.java:onNext(255)) - client-3502B0E99E4B->68798575-c94b-44a6-b996-25df487e3c54: receive RaftClientReply:client-3502B0E99E4B->68798575-c94b-44a6-b996-25df487e3c54@group-48C576E544C9, cid=2559, SUCCESS, logIndex=3810, commits[68798575-c94b-44a6-b996-25df487e3c54:c3812, 9ec8ead9-888e-415b-b04c-32cd2c26f792:c3809, 84ef4577-07e0-4c8d-900e-d449eb7bf65d:c3809]
2019-07-10 10:03:59,445 INFO  client.GrpcClientProtocolClient (GrpcClientProtocolClient.java:onNext(255)) - client-3502B0E99E4B->68798575-c94b-44a6-b996-25df487e3c54: receive RaftClientReply:client-3502B0E99E4B->68798575-c94b-44a6-b996-25df487e3c54@group-48C576E544C9, cid=2560, SUCCESS, logIndex=3811, commits[68798575-c94b-44a6-b996-25df487e3c54:c3813, 9ec8ead9-888e-415b-b04c-32cd2c26f792:c3809, 84ef4577-07e0-4c8d-900e-d449eb7bf65d:c3809]
2019-07-10 10:03:59,446 INFO  client.GrpcClientProtocolClient (GrpcClientProtocolClient.java:onNext(255)) - client-3502B0E99E4B->68798575-c94b-44a6-b996-25df487e3c54: receive RaftClientReply:client-3502B0E99E4B->68798575-c94b-44a6-b996-25df487e3c54@group-48C576E544C9, cid=2561, SUCCESS, logIndex=3812, commits[68798575-c94b-44a6-b996-25df487e3c54:c3813, 9ec8ead9-888e-415b-b04c-32cd2c26f792:c3809, 84ef4577-07e0-4c8d-900e-d449eb7bf65d:c3809]
2019-07-10 10:03:59,446 INFO  client.GrpcClientProtocolClient (GrpcClientProtocolClient.java:onNext(255)) - client-3502B0E99E4B->68798575-c94b-44a6-b996-25df487e3c54: receive RaftClientReply:client-3502B0E99E4B->68798575-c94b-44a6-b996-25df487e3c54@group-48C576E544C9, cid=2562, SUCCESS, logIndex=3813, commits[68798575-c94b-44a6-b996-25df487e3c54:c3814, 9ec8ead9-888e-415b-b04c-32cd2c26f792:c3809, 84ef4577-07e0-4c8d-900e-d449eb7bf65d:c3810]
2019-07-10 10:03:59,467 INFO  client.GrpcClientProtocolClient (GrpcClientProtocolClient.java:onNext(255)) - client-3502B0E99E4B->68798575-c94b-44a6-b996-25df487e3c54: receive RaftClientReply:client-3502B0E99E4B->68798575-c94b-44a6-b996-25df487e3c54@group-48C576E544C9, cid=2563, SUCCESS, logIndex=0, commits[68798575-c94b-44a6-b996-25df487e3c54:c3816, 9ec8ead9-888e-415b-b04c-32cd2c26f792:c3812, 84ef4577-07e0-4c8d-900e-d449eb7bf65d:c3813]
2019-07-10 10:03:59,488 INFO  client.GrpcClientProtocolClient (GrpcClientProtocolClient.java:onNext(255)) - client-3502B0E99E4B->68798575-c94b-44a6-b996-25df487e3c54: receive RaftClientReply:client-3502B0E99E4B->68798575-c94b-44a6-b996-25df487e3c54@group-48C576E544C9, cid=2564, SUCCESS, logIndex=3817, commits[68798575-c94b-44a6-b996-25df487e3c54:c3818, 9ec8ead9-888e-415b-b04c-32cd2c26f792:c3816, 84ef4577-07e0-4c8d-900e-d449eb7bf65d:c3816]
2019-07-10 10:03:59,488 INFO  client.GrpcClientProtocolClient (GrpcClientProtocolClient.java:onNext(255)) - client-3502B0E99E4B->68798575-c94b-44a6-b996-25df487e3c54: receive RaftClientReply:client-3502B0E99E4B->68798575-c94b-44a6-b996-25df487e3c54@group-48C576E544C9, cid=2565, SUCCESS, logIndex=3818, commits[68798575-c94b-44a6-b996-25df487e3c54:c3818, 9ec8ead9-888e-415b-b04c-32cd2c26f792:c3816, 84ef4577-07e0-4c8d-900e-d449eb7bf65d:c3816]
2019-07-10 10:03:59,503 INFO  client.GrpcClientProtocolClient (GrpcClientProtocolClient.java:onNext(255)) - client-3502B0E99E4B->68798575-c94b-44a6-b996-25df487e3c54: receive RaftClientReply:client-3502B0E99E4B->68798575-c94b-44a6-b996-25df487e3c54@group-48C576E544C9, cid=2566, SUCCESS, logIndex=3821, commits[68798575-c94b-44a6-b996-25df487e3c54:c3822, 9ec8ead9-888e-415b-b04c-32cd2c26f792:c3818, 84ef4577-07e0-4c8d-900e-d449eb7bf65d:c3818]
2019-07-10 10:03:59,503 INFO  client.GrpcClientProtocolClient (GrpcClientProtocolClient.java:onNext(255)) - client-3502B0E99E4B->68798575-c94b-44a6-b996-25df487e3c54: receive RaftClientReply:client-3502B0E99E4B->68798575-c94b-44a6-b996-25df487e3c54@group-48C576E544C9, cid=2567, SUCCESS, logIndex=3822, commits[68798575-c94b-44a6-b996-25df487e3c54:c3822, 9ec8ead9-888e-415b-b04c-32cd2c26f792:c3818, 84ef4577-07e0-4c8d-900e-d449eb7bf65d:c3818]
2019-07-10 10:03:59,518 INFO  client.GrpcClientProtocolClient (GrpcClientProtocolClient.java:onNext(255)) - client-3502B0E99E4B->68798575-c94b-44a6-b996-25df487e3c54: receive RaftClientReply:client-3502B0E99E4B->68798575-c94b-44a6-b996-25df487e3c54@group-48C576E544C9, cid=2568, SUCCESS, logIndex=0, commits[68798575-c94b-44a6-b996-25df487e3c54:c3824, 9ec8ead9-888e-415b-b04c-32cd2c26f792:c3822, 84ef4577-07e0-4c8d-900e-d449eb7bf65d:c3822]
2019-07-10 10:03:59,550 INFO  client.GrpcClientProtocolClient (GrpcClientProtocolClient.java:onNext(255)) - client-3502B0E99E4B->68798575-c94b-44a6-b996-25df487e3c54: receive RaftClientReply:client-3502B0E99E4B->68798575-c94b-44a6-b996-25df487e3c54@group-48C576E544C9, cid=2569, SUCCESS, logIndex=3825, commits[68798575-c94b-44a6-b996-25df487e3c54:c3827, 9ec8ead9-888e-415b-b04c-32cd2c26f792:c3824, 84ef4577-07e0-4c8d-900e-d449eb7bf65d:c3824]
2019-07-10 10:03:59,551 INFO  client.GrpcClientProtocolClient (GrpcClientProtocolClient.java:onNext(255)) - client-3502B0E99E4B->68798575-c94b-44a6-b996-25df487e3c54: receive RaftClientReply:client-3502B0E99E4B->68798575-c94b-44a6-b996-25df487e3c54@group-48C576E544C9, cid=2570, SUCCESS, logIndex=3826, commits[68798575-c94b-44a6-b996-25df487e3c54:c3828, 9ec8ead9-888e-415b-b04c-32cd2c26f792:c3824, 84ef4577-07e0-4c8d-900e-d449eb7bf65d:c3824]
2019-07-10 10:03:59,551 INFO  client.GrpcClientProtocolClient (GrpcClientProtocolClient.java:onNext(255)) - client-3502B0E99E4B->68798575-c94b-44a6-b996-25df487e3c54: receive RaftClientReply:client-3502B0E99E4B->68798575-c94b-44a6-b996-25df487e3c54@group-48C576E544C9, cid=2571, SUCCESS, logIndex=3827, commits[68798575-c94b-44a6-b996-25df487e3c54:c3828, 9ec8ead9-888e-415b-b04c-32cd2c26f792:c3824, 84ef4577-07e0-4c8d-900e-d449eb7bf65d:c3824]
2019-07-10 10:03:59,551 INFO  client.GrpcClientProtocolClient (GrpcClientProtocolClient.java:onNext(255)) - client-3502B0E99E4B->68798575-c94b-44a6-b996-25df487e3c54: receive RaftClientReply:client-3502B0E99E4B->68798575-c94b-44a6-b996-25df487e3c54@group-48C576E544C9, cid=2572, SUCCESS, logIndex=3828, commits[68798575-c94b-44a6-b996-25df487e3c54:c3828, 9ec8ead9-888e-415b-b04c-32cd2c26f792:c3824, 84ef4577-07e0-4c8d-900e-d449eb7bf65d:c3824]
2019-07-10 10:03:59,576 INFO  client.GrpcClientProtocolClient (GrpcClientProtocolClient.java:onNext(255)) - client-3502B0E99E4B->68798575-c94b-44a6-b996-25df487e3c54: receive RaftClientReply:client-3502B0E99E4B->68798575-c94b-44a6-b996-25df487e3c54@group-48C576E544C9, cid=2573, SUCCESS, logIndex=0, commits[68798575-c94b-44a6-b996-25df487e3c54:c3829, 9ec8ead9-888e-415b-b04c-32cd2c26f792:c3826, 84ef4577-07e0-4c8d-900e-d449eb7bf65d:c3826]
2019-07-10 10:03:59,590 INFO  client.GrpcClientProtocolClient (GrpcClientProtocolClient.java:onNext(255)) - client-3502B0E99E4B->68798575-c94b-44a6-b996-25df487e3c54: receive RaftClientReply:client-3502B0E99E4B->68798575-c94b-44a6-b996-25df487e3c54@group-48C576E544C9, cid=2574, SUCCESS, logIndex=3833, commits[68798575-c94b-44a6-b996-25df487e3c54:c3834, 9ec8ead9-888e-415b-b04c-32cd2c26f792:c3832, 84ef4577-07e0-4c8d-900e-d449eb7bf65d:c3832]
2019-07-10 10:03:59,590 INFO  client.GrpcClientProtocolClient (GrpcClientProtocolClient.java:onNext(255)) - client-3502B0E99E4B->68798575-c94b-44a6-b996-25df487e3c54: receive RaftClientReply:client-3502B0E99E4B->68798575-c94b-44a6-b996-25df487e3c54@group-48C576E544C9, cid=2575, SUCCESS, logIndex=3834, commits[68798575-c94b-44a6-b996-25df487e3c54:c3834, 9ec8ead9-888e-415b-b04c-32cd2c26f792:c3832, 84ef4577-07e0-4c8d-900e-d449eb7bf65d:c3832]
2019-07-10 10:03:59,605 INFO  client.GrpcClientProtocolClient (GrpcClientProtocolClient.java:onNext(255)) - client-3502B0E99E4B->68798575-c94b-44a6-b996-25df487e3c54: receive RaftClientReply:client-3502B0E99E4B->68798575-c94b-44a6-b996-25df487e3c54@group-48C576E544C9, cid=2576, SUCCESS, logIndex=3837, commits[68798575-c94b-44a6-b996-25df487e3c54:c3838, 9ec8ead9-888e-415b-b04c-32cd2c26f792:c3834, 84ef4577-07e0-4c8d-900e-d449eb7bf65d:c3834]
2019-07-10 10:03:59,605 INFO  client.GrpcClientProtocolClient (GrpcClientProtocolClient.java:onNext(255)) - client-3502B0E99E4B->68798575-c94b-44a6-b996-25df487e3c54: receive RaftClientReply:client-3502B0E99E4B->68798575-c94b-44a6-b996-25df487e3c54@group-48C576E544C9, cid=2577, SUCCESS, logIndex=3838, commits[68798575-c94b-44a6-b996-25df487e3c54:c3838, 9ec8ead9-888e-415b-b04c-32cd2c26f792:c3834, 84ef4577-07e0-4c8d-900e-d449eb7bf65d:c3834]
2019-07-10 10:03:59,626 INFO  client.GrpcClientProtocolClient (GrpcClientProtocolClient.java:onNext(255)) - client-3502B0E99E4B->68798575-c94b-44a6-b996-25df487e3c54: receive RaftClientReply:client-3502B0E99E4B->68798575-c94b-44a6-b996-25df487e3c54@group-48C576E544C9, cid=2578, SUCCESS, logIndex=0, commits[68798575-c94b-44a6-b996-25df487e3c54:c3840, 9ec8ead9-888e-415b-b04c-32cd2c26f792:c3838, 84ef4577-07e0-4c8d-900e-d449eb7bf65d:c3838]
2019-07-10 10:03:59,656 INFO  client.GrpcClientProtocolClient (GrpcClientProtocolClient.java:onNext(255)) - client-3502B0E99E4B->68798575-c94b-44a6-b996-25df487e3c54: receive RaftClientReply:client-3502B0E99E4B->68798575-c94b-44a6-b996-25df487e3c54@group-48C576E544C9, cid=2579, SUCCESS, logIndex=3841, commits[68798575-c94b-44a6-b996-25df487e3c54:c3842, 9ec8ead9-888e-415b-b04c-32cd2c26f792:c3840, 84ef4577-07e0-4c8d-900e-d449eb7bf65d:c3840]
2019-07-10 10:03:59,657 INFO  client.GrpcClientProtocolClient (GrpcClientProtocolClient.java:onNext(255)) - client-3502B0E99E4B->68798575-c94b-44a6-b996-25df487e3c54: receive RaftClientReply:client-3502B0E99E4B->68798575-c94b-44a6-b996-25df487e3c54@group-48C576E544C9, cid=2580, SUCCESS, logIndex=3842, commits[68798575-c94b-44a6-b996-25df487e3c54:c3844, 9ec8ead9-888e-415b-b04c-32cd2c26f792:c3840, 84ef4577-07e0-4c8d-900e-d449eb7bf65d:c3840]
2019-07-10 10:03:59,657 INFO  client.GrpcClientProtocolClient (GrpcClientProtocolClient.java:onNext(255)) - client-3502B0E99E4B->68798575-c94b-44a6-b996-25df487e3c54: receive RaftClientReply:client-3502B0E99E4B->68798575-c94b-44a6-b996-25df487e3c54@group-48C576E544C9, cid=2581, SUCCESS, logIndex=3843, commits[68798575-c94b-44a6-b996-25df487e3c54:c3844, 9ec8ead9-888e-415b-b04c-32cd2c26f792:c3840, 84ef4577-07e0-4c8d-900e-d449eb7bf65d:c3840]
2019-07-10 10:03:59,657 INFO  client.GrpcClientProtocolClient (GrpcClientProtocolClient.java:onNext(255)) - client-3502B0E99E4B->68798575-c94b-44a6-b996-25df487e3c54: receive RaftClientReply:client-3502B0E99E4B->68798575-c94b-44a6-b996-25df487e3c54@group-48C576E544C9, cid=2582, SUCCESS, logIndex=3844, commits[68798575-c94b-44a6-b996-25df487e3c54:c3844, 9ec8ead9-888e-415b-b04c-32cd2c26f792:c3840, 84ef4577-07e0-4c8d-900e-d449eb7bf65d:c3840]
2019-07-10 10:03:59,682 INFO  client.GrpcClientProtocolClient (GrpcClientProtocolClient.java:onNext(255)) - client-3502B0E99E4B->68798575-c94b-44a6-b996-25df487e3c54: receive RaftClientReply:client-3502B0E99E4B->68798575-c94b-44a6-b996-25df487e3c54@group-48C576E544C9, cid=2583, SUCCESS, logIndex=0, commits[68798575-c94b-44a6-b996-25df487e3c54:c3848, 9ec8ead9-888e-415b-b04c-32cd2c26f792:c3844, 84ef4577-07e0-4c8d-900e-d449eb7bf65d:c3842]
2019-07-10 10:03:59,704 INFO  client.GrpcClientProtocolClient (GrpcClientProtocolClient.java:onNext(255)) - client-3502B0E99E4B->68798575-c94b-44a6-b996-25df487e3c54: receive RaftClientReply:client-3502B0E99E4B->68798575-c94b-44a6-b996-25df487e3c54@group-48C576E544C9, cid=2584, SUCCESS, logIndex=3849, commits[68798575-c94b-44a6-b996-25df487e3c54:c3850, 9ec8ead9-888e-415b-b04c-32cd2c26f792:c3848, 84ef4577-07e0-4c8d-900e-d449eb7bf65d:c3848]
2019-07-10 10:03:59,704 INFO  client.GrpcClientProtocolClient (GrpcClientProtocolClient.java:onNext(255)) - client-3502B0E99E4B->68798575-c94b-44a6-b996-25df487e3c54: receive RaftClientReply:client-3502B0E99E4B->68798575-c94b-44a6-b996-25df487e3c54@group-48C576E544C9, cid=2585, SUCCESS, logIndex=3850, commits[68798575-c94b-44a6-b996-25df487e3c54:c3850, 9ec8ead9-888e-415b-b04c-32cd2c26f792:c3848, 84ef4577-07e0-4c8d-900e-d449eb7bf65d:c3848]
 0.00% |█                                                                                                    |  0/1 Time: 0:00:232019-07-10 10:03:59,807 INFO  client.GrpcClientProtocolClient (GrpcClientProtocolClient.java:onNext(255)) - client-3502B0E99E4B->68798575-c94b-44a6-b996-25df487e3c54: receive RaftClientReply:client-3502B0E99E4B->68798575-c94b-44a6-b996-25df487e3c54@group-48C576E544C9, cid=2586, SUCCESS, logIndex=3853, commits[68798575-c94b-44a6-b996-25df487e3c54:c3853, 9ec8ead9-888e-415b-b04c-32cd2c26f792:c3850, 84ef4577-07e0-4c8d-900e-d449eb7bf65d:c3850]
2019-07-10 10:03:59,808 INFO  client.GrpcClientProtocolClient (GrpcClientProtocolClient.java:onNext(255)) - client-3502B0E99E4B->68798575-c94b-44a6-b996-25df487e3c54: receive RaftClientReply:client-3502B0E99E4B->68798575-c94b-44a6-b996-25df487e3c54@group-48C576E544C9, cid=2587, SUCCESS, logIndex=3854, commits[68798575-c94b-44a6-b996-25df487e3c54:c3854, 9ec8ead9-888e-415b-b04c-32cd2c26f792:c3850, 84ef4577-07e0-4c8d-900e-d449eb7bf65d:c3850]
2019-07-10 10:03:59,842 INFO  client.GrpcClientProtocolClient (GrpcClientProtocolClient.java:onNext(255)) - client-3502B0E99E4B->68798575-c94b-44a6-b996-25df487e3c54: receive RaftClientReply:client-3502B0E99E4B->68798575-c94b-44a6-b996-25df487e3c54@group-48C576E544C9, cid=2588, SUCCESS, logIndex=0, commits[68798575-c94b-44a6-b996-25df487e3c54:c3856, 9ec8ead9-888e-415b-b04c-32cd2c26f792:c3854, 84ef4577-07e0-4c8d-900e-d449eb7bf65d:c3854]
2019-07-10 10:03:59,865 INFO  client.GrpcClientProtocolClient (GrpcClientProtocolClient.java:onNext(255)) - client-3502B0E99E4B->68798575-c94b-44a6-b996-25df487e3c54: receive RaftClientReply:client-3502B0E99E4B->68798575-c94b-44a6-b996-25df487e3c54@group-48C576E544C9, cid=2589, SUCCESS, logIndex=3857, commits[68798575-c94b-44a6-b996-25df487e3c54:c3858, 9ec8ead9-888e-415b-b04c-32cd2c26f792:c3856, 84ef4577-07e0-4c8d-900e-d449eb7bf65d:c3856]
2019-07-10 10:03:59,865 INFO  client.GrpcClientProtocolClient (GrpcClientProtocolClient.java:onNext(255)) - client-3502B0E99E4B->68798575-c94b-44a6-b996-25df487e3c54: receive RaftClientReply:client-3502B0E99E4B->68798575-c94b-44a6-b996-25df487e3c54@group-48C576E544C9, cid=2590, SUCCESS, logIndex=3858, commits[68798575-c94b-44a6-b996-25df487e3c54:c3860, 9ec8ead9-888e-415b-b04c-32cd2c26f792:c3856, 84ef4577-07e0-4c8d-900e-d449eb7bf65d:c3856]
2019-07-10 10:03:59,865 INFO  client.GrpcClientProtocolClient (GrpcClientProtocolClient.java:onNext(255)) - client-3502B0E99E4B->68798575-c94b-44a6-b996-25df487e3c54: receive RaftClientReply:client-3502B0E99E4B->68798575-c94b-44a6-b996-25df487e3c54@group-48C576E544C9, cid=2591, SUCCESS, logIndex=3859, commits[68798575-c94b-44a6-b996-25df487e3c54:c3860, 9ec8ead9-888e-415b-b04c-32cd2c26f792:c3856, 84ef4577-07e0-4c8d-900e-d449eb7bf65d:c3856]
2019-07-10 10:03:59,866 INFO  client.GrpcClientProtocolClient (GrpcClientProtocolClient.java:onNext(255)) - client-3502B0E99E4B->68798575-c94b-44a6-b996-25df487e3c54: receive RaftClientReply:client-3502B0E99E4B->68798575-c94b-44a6-b996-25df487e3c54@group-48C576E544C9, cid=2592, SUCCESS, logIndex=3860, commits[68798575-c94b-44a6-b996-25df487e3c54:c3860, 9ec8ead9-888e-415b-b04c-32cd2c26f792:c3856, 84ef4577-07e0-4c8d-900e-d449eb7bf65d:c3856]
2019-07-10 10:03:59,867 INFO  client.GrpcClientProtocolClient (GrpcClientProtocolClient.java:onNext(255)) - client-3502B0E99E4B->68798575-c94b-44a6-b996-25df487e3c54: receive RaftClientReply:client-3502B0E99E4B->68798575-c94b-44a6-b996-25df487e3c54@group-48C576E544C9, cid=2593, SUCCESS, logIndex=0, commits[68798575-c94b-44a6-b996-25df487e3c54:c3862, 9ec8ead9-888e-415b-b04c-32cd2c26f792:c3858, 84ef4577-07e0-4c8d-900e-d449eb7bf65d:c3858]
2019-07-10 10:03:59,887 INFO  client.GrpcClientProtocolClient (GrpcClientProtocolClient.java:onNext(255)) - client-3502B0E99E4B->68798575-c94b-44a6-b996-25df487e3c54: receive RaftClientReply:client-3502B0E99E4B->68798575-c94b-44a6-b996-25df487e3c54@group-48C576E544C9, cid=2594, SUCCESS, logIndex=3865, commits[68798575-c94b-44a6-b996-25df487e3c54:c3865, 9ec8ead9-888e-415b-b04c-32cd2c26f792:c3864, 84ef4577-07e0-4c8d-900e-d449eb7bf65d:c3864]
2019-07-10 10:03:59,887 INFO  client.GrpcClientProtocolClient (GrpcClientProtocolClient.java:onNext(255)) - client-3502B0E99E4B->68798575-c94b-44a6-b996-25df487e3c54: receive RaftClientReply:client-3502B0E99E4B->68798575-c94b-44a6-b996-25df487e3c54@group-48C576E544C9, cid=2595, SUCCESS, logIndex=3866, commits[68798575-c94b-44a6-b996-25df487e3c54:c3866, 9ec8ead9-888e-415b-b04c-32cd2c26f792:c3864, 84ef4577-07e0-4c8d-900e-d449eb7bf65d:c3864]
2019-07-10 10:03:59,920 INFO  client.GrpcClientProtocolClient (GrpcClientProtocolClient.java:onNext(255)) - client-3502B0E99E4B->68798575-c94b-44a6-b996-25df487e3c54: receive RaftClientReply:client-3502B0E99E4B->68798575-c94b-44a6-b996-25df487e3c54@group-48C576E544C9, cid=2596, SUCCESS, logIndex=3869, commits[68798575-c94b-44a6-b996-25df487e3c54:c3870, 9ec8ead9-888e-415b-b04c-32cd2c26f792:c3866, 84ef4577-07e0-4c8d-900e-d449eb7bf65d:c3866]
2019-07-10 10:03:59,921 INFO  client.GrpcClientProtocolClient (GrpcClientProtocolClient.java:onNext(255)) - client-3502B0E99E4B->68798575-c94b-44a6-b996-25df487e3c54: receive RaftClientReply:client-3502B0E99E4B->68798575-c94b-44a6-b996-25df487e3c54@group-48C576E544C9, cid=2597, SUCCESS, logIndex=3870, commits[68798575-c94b-44a6-b996-25df487e3c54:c3870, 9ec8ead9-888e-415b-b04c-32cd2c26f792:c3866, 84ef4577-07e0-4c8d-900e-d449eb7bf65d:c3866]
2019-07-10 10:03:59,935 INFO  client.GrpcClientProtocolClient (GrpcClientProtocolClient.java:onNext(255)) - client-3502B0E99E4B->68798575-c94b-44a6-b996-25df487e3c54: receive RaftClientReply:client-3502B0E99E4B->68798575-c94b-44a6-b996-25df487e3c54@group-48C576E544C9, cid=2598, SUCCESS, logIndex=0, commits[68798575-c94b-44a6-b996-25df487e3c54:c3872, 9ec8ead9-888e-415b-b04c-32cd2c26f792:c3870, 84ef4577-07e0-4c8d-900e-d449eb7bf65d:c3870]
2019-07-10 10:03:59,977 INFO  client.GrpcClientProtocolClient (GrpcClientProtocolClient.java:onNext(255)) - client-3502B0E99E4B->68798575-c94b-44a6-b996-25df487e3c54: receive RaftClientReply:client-3502B0E99E4B->68798575-c94b-44a6-b996-25df487e3c54@group-48C576E544C9, cid=2599, SUCCESS, logIndex=3873, commits[68798575-c94b-44a6-b996-25df487e3c54:c3874, 9ec8ead9-888e-415b-b04c-32cd2c26f792:c3872, 84ef4577-07e0-4c8d-900e-d449eb7bf65d:c3872]
2019-07-10 10:03:59,978 INFO  client.GrpcClientProtocolClient (GrpcClientProtocolClient.java:onNext(255)) - client-3502B0E99E4B->68798575-c94b-44a6-b996-25df487e3c54: receive RaftClientReply:client-3502B0E99E4B->68798575-c94b-44a6-b996-25df487e3c54@group-48C576E544C9, cid=2600, SUCCESS, logIndex=3874, commits[68798575-c94b-44a6-b996-25df487e3c54:c3874, 9ec8ead9-888e-415b-b04c-32cd2c26f792:c3872, 84ef4577-07e0-4c8d-900e-d449eb7bf65d:c3872]
2019-07-10 10:03:59,978 INFO  client.GrpcClientProtocolClient (GrpcClientProtocolClient.java:onNext(255)) - client-3502B0E99E4B->68798575-c94b-44a6-b996-25df487e3c54: receive RaftClientReply:client-3502B0E99E4B->68798575-c94b-44a6-b996-25df487e3c54@group-48C576E544C9, cid=2601, SUCCESS, logIndex=3875, commits[68798575-c94b-44a6-b996-25df487e3c54:c3876, 9ec8ead9-888e-415b-b04c-32cd2c26f792:c3872, 84ef4577-07e0-4c8d-900e-d449eb7bf65d:c3872]
2019-07-10 10:03:59,979 INFO  client.GrpcClientProtocolClient (GrpcClientProtocolClient.java:onNext(255)) - client-3502B0E99E4B->68798575-c94b-44a6-b996-25df487e3c54: receive RaftClientReply:client-3502B0E99E4B->68798575-c94b-44a6-b996-25df487e3c54@group-48C576E544C9, cid=2602, SUCCESS, logIndex=3876, commits[68798575-c94b-44a6-b996-25df487e3c54:c3876, 9ec8ead9-888e-415b-b04c-32cd2c26f792:c3872, 84ef4577-07e0-4c8d-900e-d449eb7bf65d:c3872]
2019-07-10 10:03:59,992 INFO  client.GrpcClientProtocolClient (GrpcClientProtocolClient.java:onNext(255)) - client-3502B0E99E4B->68798575-c94b-44a6-b996-25df487e3c54: receive RaftClientReply:client-3502B0E99E4B->68798575-c94b-44a6-b996-25df487e3c54@group-48C576E544C9, cid=2603, SUCCESS, logIndex=0, commits[68798575-c94b-44a6-b996-25df487e3c54:c3878, 9ec8ead9-888e-415b-b04c-32cd2c26f792:c3874, 84ef4577-07e0-4c8d-900e-d449eb7bf65d:c3874]
2019-07-10 10:04:00,015 INFO  client.GrpcClientProtocolClient (GrpcClientProtocolClient.java:onNext(255)) - client-3502B0E99E4B->68798575-c94b-44a6-b996-25df487e3c54: receive RaftClientReply:client-3502B0E99E4B->68798575-c94b-44a6-b996-25df487e3c54@group-48C576E544C9, cid=2604, SUCCESS, logIndex=3881, commits[68798575-c94b-44a6-b996-25df487e3c54:c3882, 9ec8ead9-888e-415b-b04c-32cd2c26f792:c3880, 84ef4577-07e0-4c8d-900e-d449eb7bf65d:c3880]
2019-07-10 10:04:00,015 INFO  client.GrpcClientProtocolClient (GrpcClientProtocolClient.java:onNext(255)) - client-3502B0E99E4B->68798575-c94b-44a6-b996-25df487e3c54: receive RaftClientReply:client-3502B0E99E4B->68798575-c94b-44a6-b996-25df487e3c54@group-48C576E544C9, cid=2605, SUCCESS, logIndex=3882, commits[68798575-c94b-44a6-b996-25df487e3c54:c3882, 9ec8ead9-888e-415b-b04c-32cd2c26f792:c3880, 84ef4577-07e0-4c8d-900e-d449eb7bf65d:c3880]
2019-07-10 10:04:00,042 INFO  client.GrpcClientProtocolClient (GrpcClientProtocolClient.java:onNext(255)) - client-3502B0E99E4B->68798575-c94b-44a6-b996-25df487e3c54: receive RaftClientReply:client-3502B0E99E4B->68798575-c94b-44a6-b996-25df487e3c54@group-48C576E544C9, cid=2606, SUCCESS, logIndex=3885, commits[68798575-c94b-44a6-b996-25df487e3c54:c3886, 9ec8ead9-888e-415b-b04c-32cd2c26f792:c3882, 84ef4577-07e0-4c8d-900e-d449eb7bf65d:c3882]
2019-07-10 10:04:00,043 INFO  client.GrpcClientProtocolClient (GrpcClientProtocolClient.java:onNext(255)) - client-3502B0E99E4B->68798575-c94b-44a6-b996-25df487e3c54: receive RaftClientReply:client-3502B0E99E4B->68798575-c94b-44a6-b996-25df487e3c54@group-48C576E544C9, cid=2607, SUCCESS, logIndex=3886, commits[68798575-c94b-44a6-b996-25df487e3c54:c3886, 9ec8ead9-888e-415b-b04c-32cd2c26f792:c3882, 84ef4577-07e0-4c8d-900e-d449eb7bf65d:c3882]
2019-07-10 10:04:00,054 INFO  client.GrpcClientProtocolClient (GrpcClientProtocolClient.java:onNext(255)) - client-3502B0E99E4B->68798575-c94b-44a6-b996-25df487e3c54: receive RaftClientReply:client-3502B0E99E4B->68798575-c94b-44a6-b996-25df487e3c54@group-48C576E544C9, cid=2608, SUCCESS, logIndex=0, commits[68798575-c94b-44a6-b996-25df487e3c54:c3887, 9ec8ead9-888e-415b-b04c-32cd2c26f792:c3886, 84ef4577-07e0-4c8d-900e-d449eb7bf65d:c3886]
2019-07-10 10:04:00,091 INFO  client.GrpcClientProtocolClient (GrpcClientProtocolClient.java:onNext(255)) - client-3502B0E99E4B->68798575-c94b-44a6-b996-25df487e3c54: receive RaftClientReply:client-3502B0E99E4B->68798575-c94b-44a6-b996-25df487e3c54@group-48C576E544C9, cid=2609, SUCCESS, logIndex=3889, commits[68798575-c94b-44a6-b996-25df487e3c54:c3890, 9ec8ead9-888e-415b-b04c-32cd2c26f792:c3888, 84ef4577-07e0-4c8d-900e-d449eb7bf65d:c3888]
2019-07-10 10:04:00,091 INFO  client.GrpcClientProtocolClient (GrpcClientProtocolClient.java:onNext(255)) - client-3502B0E99E4B->68798575-c94b-44a6-b996-25df487e3c54: receive RaftClientReply:client-3502B0E99E4B->68798575-c94b-44a6-b996-25df487e3c54@group-48C576E544C9, cid=2610, SUCCESS, logIndex=3890, commits[68798575-c94b-44a6-b996-25df487e3c54:c3891, 9ec8ead9-888e-415b-b04c-32cd2c26f792:c3888, 84ef4577-07e0-4c8d-900e-d449eb7bf65d:c3888]
2019-07-10 10:04:00,092 INFO  client.GrpcClientProtocolClient (GrpcClientProtocolClient.java:onNext(255)) - client-3502B0E99E4B->68798575-c94b-44a6-b996-25df487e3c54: receive RaftClientReply:client-3502B0E99E4B->68798575-c94b-44a6-b996-25df487e3c54@group-48C576E544C9, cid=2611, SUCCESS, logIndex=3891, commits[68798575-c94b-44a6-b996-25df487e3c54:c3892, 9ec8ead9-888e-415b-b04c-32cd2c26f792:c3888, 84ef4577-07e0-4c8d-900e-d449eb7bf65d:c3888]
2019-07-10 10:04:00,092 INFO  client.GrpcClientProtocolClient (GrpcClientProtocolClient.java:onNext(255)) - client-3502B0E99E4B->68798575-c94b-44a6-b996-25df487e3c54: receive RaftClientReply:client-3502B0E99E4B->68798575-c94b-44a6-b996-25df487e3c54@group-48C576E544C9, cid=2612, SUCCESS, logIndex=3892, commits[68798575-c94b-44a6-b996-25df487e3c54:c3892, 9ec8ead9-888e-415b-b04c-32cd2c26f792:c3888, 84ef4577-07e0-4c8d-900e-d449eb7bf65d:c3888]
2019-07-10 10:04:00,105 INFO  client.GrpcClientProtocolClient (GrpcClientProtocolClient.java:onNext(255)) - client-3502B0E99E4B->68798575-c94b-44a6-b996-25df487e3c54: receive RaftClientReply:client-3502B0E99E4B->68798575-c94b-44a6-b996-25df487e3c54@group-48C576E544C9, cid=2613, SUCCESS, logIndex=0, commits[68798575-c94b-44a6-b996-25df487e3c54:c3894, 9ec8ead9-888e-415b-b04c-32cd2c26f792:c3890, 84ef4577-07e0-4c8d-900e-d449eb7bf65d:c3890]
2019-07-10 10:04:00,118 INFO  client.GrpcClientProtocolClient (GrpcClientProtocolClient.java:onNext(255)) - client-3502B0E99E4B->68798575-c94b-44a6-b996-25df487e3c54: receive RaftClientReply:client-3502B0E99E4B->68798575-c94b-44a6-b996-25df487e3c54@group-48C576E544C9, cid=2614, SUCCESS, logIndex=3897, commits[68798575-c94b-44a6-b996-25df487e3c54:c3898, 9ec8ead9-888e-415b-b04c-32cd2c26f792:c3892, 84ef4577-07e0-4c8d-900e-d449eb7bf65d:c3896]
2019-07-10 10:04:00,118 INFO  client.GrpcClientProtocolClient (GrpcClientProtocolClient.java:onNext(255)) - client-3502B0E99E4B->68798575-c94b-44a6-b996-25df487e3c54: receive RaftClientReply:client-3502B0E99E4B->68798575-c94b-44a6-b996-25df487e3c54@group-48C576E544C9, cid=2615, SUCCESS, logIndex=3898, commits[68798575-c94b-44a6-b996-25df487e3c54:c3898, 9ec8ead9-888e-415b-b04c-32cd2c26f792:c3892, 84ef4577-07e0-4c8d-900e-d449eb7bf65d:c3896]
2019-07-10 10:04:00,140 INFO  client.GrpcClientProtocolClient (GrpcClientProtocolClient.java:onNext(255)) - client-3502B0E99E4B->68798575-c94b-44a6-b996-25df487e3c54: receive RaftClientReply:client-3502B0E99E4B->68798575-c94b-44a6-b996-25df487e3c54@group-48C576E544C9, cid=2616, SUCCESS, logIndex=3901, commits[68798575-c94b-44a6-b996-25df487e3c54:c3901, 9ec8ead9-888e-415b-b04c-32cd2c26f792:c3898, 84ef4577-07e0-4c8d-900e-d449eb7bf65d:c3898]
2019-07-10 10:04:00,140 INFO  client.GrpcClientProtocolClient (GrpcClientProtocolClient.java:onNext(255)) - client-3502B0E99E4B->68798575-c94b-44a6-b996-25df487e3c54: receive RaftClientReply:client-3502B0E99E4B->68798575-c94b-44a6-b996-25df487e3c54@group-48C576E544C9, cid=2617, SUCCESS, logIndex=3902, commits[68798575-c94b-44a6-b996-25df487e3c54:c3902, 9ec8ead9-888e-415b-b04c-32cd2c26f792:c3898, 84ef4577-07e0-4c8d-900e-d449eb7bf65d:c3898]
2019-07-10 10:04:00,173 INFO  client.GrpcClientProtocolClient (GrpcClientProtocolClient.java:onNext(255)) - client-3502B0E99E4B->68798575-c94b-44a6-b996-25df487e3c54: receive RaftClientReply:client-3502B0E99E4B->68798575-c94b-44a6-b996-25df487e3c54@group-48C576E544C9, cid=2618, SUCCESS, logIndex=0, commits[68798575-c94b-44a6-b996-25df487e3c54:c3904, 9ec8ead9-888e-415b-b04c-32cd2c26f792:c3902, 84ef4577-07e0-4c8d-900e-d449eb7bf65d:c3902]
2019-07-10 10:04:00,208 INFO  client.GrpcClientProtocolClient (GrpcClientProtocolClient.java:onNext(255)) - client-3502B0E99E4B->68798575-c94b-44a6-b996-25df487e3c54: receive RaftClientReply:client-3502B0E99E4B->68798575-c94b-44a6-b996-25df487e3c54@group-48C576E544C9, cid=2619, SUCCESS, logIndex=3905, commits[68798575-c94b-44a6-b996-25df487e3c54:c3906, 9ec8ead9-888e-415b-b04c-32cd2c26f792:c3904, 84ef4577-07e0-4c8d-900e-d449eb7bf65d:c3904]
2019-07-10 10:04:00,209 INFO  client.GrpcClientProtocolClient (GrpcClientProtocolClient.java:onNext(255)) - client-3502B0E99E4B->68798575-c94b-44a6-b996-25df487e3c54: receive RaftClientReply:client-3502B0E99E4B->68798575-c94b-44a6-b996-25df487e3c54@group-48C576E544C9, cid=2620, SUCCESS, logIndex=3906, commits[68798575-c94b-44a6-b996-25df487e3c54:c3906, 9ec8ead9-888e-415b-b04c-32cd2c26f792:c3904, 84ef4577-07e0-4c8d-900e-d449eb7bf65d:c3904]
2019-07-10 10:04:00,221 INFO  client.GrpcClientProtocolClient (GrpcClientProtocolClient.java:onNext(255)) - client-3502B0E99E4B->68798575-c94b-44a6-b996-25df487e3c54: receive RaftClientReply:client-3502B0E99E4B->68798575-c94b-44a6-b996-25df487e3c54@group-48C576E544C9, cid=2621, SUCCESS, logIndex=3907, commits[68798575-c94b-44a6-b996-25df487e3c54:c3908, 9ec8ead9-888e-415b-b04c-32cd2c26f792:c3904, 84ef4577-07e0-4c8d-900e-d449eb7bf65d:c3904]
2019-07-10 10:04:00,221 INFO  client.GrpcClientProtocolClient (GrpcClientProtocolClient.java:onNext(255)) - client-3502B0E99E4B->68798575-c94b-44a6-b996-25df487e3c54: receive RaftClientReply:client-3502B0E99E4B->68798575-c94b-44a6-b996-25df487e3c54@group-48C576E544C9, cid=2622, SUCCESS, logIndex=3908, commits[68798575-c94b-44a6-b996-25df487e3c54:c3908, 9ec8ead9-888e-415b-b04c-32cd2c26f792:c3904, 84ef4577-07e0-4c8d-900e-d449eb7bf65d:c3904]
2019-07-10 10:04:00,234 INFO  client.GrpcClientProtocolClient (GrpcClientProtocolClient.java:onNext(255)) - client-3502B0E99E4B->68798575-c94b-44a6-b996-25df487e3c54: receive RaftClientReply:client-3502B0E99E4B->68798575-c94b-44a6-b996-25df487e3c54@group-48C576E544C9, cid=2623, SUCCESS, logIndex=0, commits[68798575-c94b-44a6-b996-25df487e3c54:c3910, 9ec8ead9-888e-415b-b04c-32cd2c26f792:c3906, 84ef4577-07e0-4c8d-900e-d449eb7bf65d:c3906]
2019-07-10 10:04:00,260 INFO  client.GrpcClientProtocolClient (GrpcClientProtocolClient.java:onNext(255)) - client-3502B0E99E4B->68798575-c94b-44a6-b996-25df487e3c54: receive RaftClientReply:client-3502B0E99E4B->68798575-c94b-44a6-b996-25df487e3c54@group-48C576E544C9, cid=2624, SUCCESS, logIndex=3913, commits[68798575-c94b-44a6-b996-25df487e3c54:c3914, 9ec8ead9-888e-415b-b04c-32cd2c26f792:c3910, 84ef4577-07e0-4c8d-900e-d449eb7bf65d:c3910]
2019-07-10 10:04:00,260 INFO  client.GrpcClientProtocolClient (GrpcClientProtocolClient.java:onNext(255)) - client-3502B0E99E4B->68798575-c94b-44a6-b996-25df487e3c54: receive RaftClientReply:client-3502B0E99E4B->68798575-c94b-44a6-b996-25df487e3c54@group-48C576E544C9, cid=2625, SUCCESS, logIndex=3914, commits[68798575-c94b-44a6-b996-25df487e3c54:c3914, 9ec8ead9-888e-415b-b04c-32cd2c26f792:c3910, 84ef4577-07e0-4c8d-900e-d449eb7bf65d:c3910]
2019-07-10 10:04:00,286 INFO  client.GrpcClientProtocolClient (GrpcClientProtocolClient.java:onNext(255)) - client-3502B0E99E4B->68798575-c94b-44a6-b996-25df487e3c54: receive RaftClientReply:client-3502B0E99E4B->68798575-c94b-44a6-b996-25df487e3c54@group-48C576E544C9, cid=2626, SUCCESS, logIndex=3917, commits[68798575-c94b-44a6-b996-25df487e3c54:c3918, 9ec8ead9-888e-415b-b04c-32cd2c26f792:c3914, 84ef4577-07e0-4c8d-900e-d449eb7bf65d:c3914]
2019-07-10 10:04:00,287 INFO  client.GrpcClientProtocolClient (GrpcClientProtocolClient.java:onNext(255)) - client-3502B0E99E4B->68798575-c94b-44a6-b996-25df487e3c54: receive RaftClientReply:client-3502B0E99E4B->68798575-c94b-44a6-b996-25df487e3c54@group-48C576E544C9, cid=2627, SUCCESS, logIndex=3918, commits[68798575-c94b-44a6-b996-25df487e3c54:c3918, 9ec8ead9-888e-415b-b04c-32cd2c26f792:c3914, 84ef4577-07e0-4c8d-900e-d449eb7bf65d:c3914]
2019-07-10 10:04:00,311 INFO  client.GrpcClientProtocolClient (GrpcClientProtocolClient.java:onNext(255)) - client-3502B0E99E4B->68798575-c94b-44a6-b996-25df487e3c54: receive RaftClientReply:client-3502B0E99E4B->68798575-c94b-44a6-b996-25df487e3c54@group-48C576E544C9, cid=2628, SUCCESS, logIndex=0, commits[68798575-c94b-44a6-b996-25df487e3c54:c3920, 9ec8ead9-888e-415b-b04c-32cd2c26f792:c3918, 84ef4577-07e0-4c8d-900e-d449eb7bf65d:c3918]
2019-07-10 10:04:00,340 INFO  client.GrpcClientProtocolClient (GrpcClientProtocolClient.java:onNext(255)) - client-3502B0E99E4B->68798575-c94b-44a6-b996-25df487e3c54: receive RaftClientReply:client-3502B0E99E4B->68798575-c94b-44a6-b996-25df487e3c54@group-48C576E544C9, cid=2629, SUCCESS, logIndex=3921, commits[68798575-c94b-44a6-b996-25df487e3c54:c3923, 9ec8ead9-888e-415b-b04c-32cd2c26f792:c3920, 84ef4577-07e0-4c8d-900e-d449eb7bf65d:c3920]
2019-07-10 10:04:00,341 INFO  client.GrpcClientProtocolClient (GrpcClientProtocolClient.java:onNext(255)) - client-3502B0E99E4B->68798575-c94b-44a6-b996-25df487e3c54: receive RaftClientReply:client-3502B0E99E4B->68798575-c94b-44a6-b996-25df487e3c54@group-48C576E544C9, cid=2630, SUCCESS, logIndex=3922, commits[68798575-c94b-44a6-b996-25df487e3c54:c3924, 9ec8ead9-888e-415b-b04c-32cd2c26f792:c3920, 84ef4577-07e0-4c8d-900e-d449eb7bf65d:c3920]
2019-07-10 10:04:00,341 INFO  client.GrpcClientProtocolClient (GrpcClientProtocolClient.java:onNext(255)) - client-3502B0E99E4B->68798575-c94b-44a6-b996-25df487e3c54: receive RaftClientReply:client-3502B0E99E4B->68798575-c94b-44a6-b996-25df487e3c54@group-48C576E544C9, cid=2631, SUCCESS, logIndex=3923, commits[68798575-c94b-44a6-b996-25df487e3c54:c3924, 9ec8ead9-888e-415b-b04c-32cd2c26f792:c3920, 84ef4577-07e0-4c8d-900e-d449eb7bf65d:c3920]
2019-07-10 10:04:00,341 INFO  client.GrpcClientProtocolClient (GrpcClientProtocolClient.java:onNext(255)) - client-3502B0E99E4B->68798575-c94b-44a6-b996-25df487e3c54: receive RaftClientReply:client-3502B0E99E4B->68798575-c94b-44a6-b996-25df487e3c54@group-48C576E544C9, cid=2632, SUCCESS, logIndex=3924, commits[68798575-c94b-44a6-b996-25df487e3c54:c3924, 9ec8ead9-888e-415b-b04c-32cd2c26f792:c3920, 84ef4577-07e0-4c8d-900e-d449eb7bf65d:c3920]
2019-07-10 10:04:00,351 INFO  client.GrpcClientProtocolClient (GrpcClientProtocolClient.java:onNext(255)) - client-3502B0E99E4B->68798575-c94b-44a6-b996-25df487e3c54: receive RaftClientReply:client-3502B0E99E4B->68798575-c94b-44a6-b996-25df487e3c54@group-48C576E544C9, cid=2633, SUCCESS, logIndex=0, commits[68798575-c94b-44a6-b996-25df487e3c54:c3928, 9ec8ead9-888e-415b-b04c-32cd2c26f792:c3924, 84ef4577-07e0-4c8d-900e-d449eb7bf65d:c3922]
2019-07-10 10:04:00,374 INFO  client.GrpcClientProtocolClient (GrpcClientProtocolClient.java:onNext(255)) - client-3502B0E99E4B->68798575-c94b-44a6-b996-25df487e3c54: receive RaftClientReply:client-3502B0E99E4B->68798575-c94b-44a6-b996-25df487e3c54@group-48C576E544C9, cid=2634, SUCCESS, logIndex=3929, commits[68798575-c94b-44a6-b996-25df487e3c54:c3930, 9ec8ead9-888e-415b-b04c-32cd2c26f792:c3928, 84ef4577-07e0-4c8d-900e-d449eb7bf65d:c3928]
2019-07-10 10:04:00,374 INFO  client.GrpcClientProtocolClient (GrpcClientProtocolClient.java:onNext(255)) - client-3502B0E99E4B->68798575-c94b-44a6-b996-25df487e3c54: receive RaftClientReply:client-3502B0E99E4B->68798575-c94b-44a6-b996-25df487e3c54@group-48C576E544C9, cid=2635, SUCCESS, logIndex=3930, commits[68798575-c94b-44a6-b996-25df487e3c54:c3930, 9ec8ead9-888e-415b-b04c-32cd2c26f792:c3928, 84ef4577-07e0-4c8d-900e-d449eb7bf65d:c3928]
2019-07-10 10:04:00,391 INFO  client.GrpcClientProtocolClient (GrpcClientProtocolClient.java:onNext(255)) - client-3502B0E99E4B->68798575-c94b-44a6-b996-25df487e3c54: receive RaftClientReply:client-3502B0E99E4B->68798575-c94b-44a6-b996-25df487e3c54@group-48C576E544C9, cid=2636, SUCCESS, logIndex=3932, commits[68798575-c94b-44a6-b996-25df487e3c54:c3933, 9ec8ead9-888e-415b-b04c-32cd2c26f792:c3930, 84ef4577-07e0-4c8d-900e-d449eb7bf65d:c3930]
2019-07-10 10:04:00,391 INFO  client.GrpcClientProtocolClient (GrpcClientProtocolClient.java:onNext(255)) - client-3502B0E99E4B->68798575-c94b-44a6-b996-25df487e3c54: receive RaftClientReply:client-3502B0E99E4B->68798575-c94b-44a6-b996-25df487e3c54@group-48C576E544C9, cid=2637, SUCCESS, logIndex=3933, commits[68798575-c94b-44a6-b996-25df487e3c54:c3933, 9ec8ead9-888e-415b-b04c-32cd2c26f792:c3930, 84ef4577-07e0-4c8d-900e-d449eb7bf65d:c3930]
2019-07-10 10:04:00,406 INFO  client.GrpcClientProtocolClient (GrpcClientProtocolClient.java:onNext(255)) - client-3502B0E99E4B->68798575-c94b-44a6-b996-25df487e3c54: receive RaftClientReply:client-3502B0E99E4B->68798575-c94b-44a6-b996-25df487e3c54@group-48C576E544C9, cid=2638, SUCCESS, logIndex=0, commits[68798575-c94b-44a6-b996-25df487e3c54:c3935, 9ec8ead9-888e-415b-b04c-32cd2c26f792:c3933, 84ef4577-07e0-4c8d-900e-d449eb7bf65d:c3933]
2019-07-10 10:04:00,434 INFO  client.GrpcClientProtocolClient (GrpcClientProtocolClient.java:onNext(255)) - client-3502B0E99E4B->68798575-c94b-44a6-b996-25df487e3c54: receive RaftClientReply:client-3502B0E99E4B->68798575-c94b-44a6-b996-25df487e3c54@group-48C576E544C9, cid=2639, SUCCESS, logIndex=3936, commits[68798575-c94b-44a6-b996-25df487e3c54:c3937, 9ec8ead9-888e-415b-b04c-32cd2c26f792:c3935, 84ef4577-07e0-4c8d-900e-d449eb7bf65d:c3935]
2019-07-10 10:04:00,434 INFO  client.GrpcClientProtocolClient (GrpcClientProtocolClient.java:onNext(255)) - client-3502B0E99E4B->68798575-c94b-44a6-b996-25df487e3c54: receive RaftClientReply:client-3502B0E99E4B->68798575-c94b-44a6-b996-25df487e3c54@group-48C576E544C9, cid=2640, SUCCESS, logIndex=3937, commits[68798575-c94b-44a6-b996-25df487e3c54:c3937, 9ec8ead9-888e-415b-b04c-32cd2c26f792:c3935, 84ef4577-07e0-4c8d-900e-d449eb7bf65d:c3935]
2019-07-10 10:04:00,446 INFO  client.GrpcClientProtocolClient (GrpcClientProtocolClient.java:onNext(255)) - client-3502B0E99E4B->68798575-c94b-44a6-b996-25df487e3c54: receive RaftClientReply:client-3502B0E99E4B->68798575-c94b-44a6-b996-25df487e3c54@group-48C576E544C9, cid=2641, SUCCESS, logIndex=3938, commits[68798575-c94b-44a6-b996-25df487e3c54:c3939, 9ec8ead9-888e-415b-b04c-32cd2c26f792:c3935, 84ef4577-07e0-4c8d-900e-d449eb7bf65d:c3935]
2019-07-10 10:04:00,447 INFO  client.GrpcClientProtocolClient (GrpcClientProtocolClient.java:onNext(255)) - client-3502B0E99E4B->68798575-c94b-44a6-b996-25df487e3c54: receive RaftClientReply:client-3502B0E99E4B->68798575-c94b-44a6-b996-25df487e3c54@group-48C576E544C9, cid=2642, SUCCESS, logIndex=3939, commits[68798575-c94b-44a6-b996-25df487e3c54:c3939, 9ec8ead9-888e-415b-b04c-32cd2c26f792:c3935, 84ef4577-07e0-4c8d-900e-d449eb7bf65d:c3935]
2019-07-10 10:04:00,459 INFO  client.GrpcClientProtocolClient (GrpcClientProtocolClient.java:onNext(255)) - client-3502B0E99E4B->68798575-c94b-44a6-b996-25df487e3c54: receive RaftClientReply:client-3502B0E99E4B->68798575-c94b-44a6-b996-25df487e3c54@group-48C576E544C9, cid=2643, SUCCESS, logIndex=0, commits[68798575-c94b-44a6-b996-25df487e3c54:c3941, 9ec8ead9-888e-415b-b04c-32cd2c26f792:c3937, 84ef4577-07e0-4c8d-900e-d449eb7bf65d:c3937]
2019-07-10 10:04:00,485 INFO  client.GrpcClientProtocolClient (GrpcClientProtocolClient.java:onNext(255)) - client-3502B0E99E4B->68798575-c94b-44a6-b996-25df487e3c54: receive RaftClientReply:client-3502B0E99E4B->68798575-c94b-44a6-b996-25df487e3c54@group-48C576E544C9, cid=2644, SUCCESS, logIndex=3944, commits[68798575-c94b-44a6-b996-25df487e3c54:c3945, 9ec8ead9-888e-415b-b04c-32cd2c26f792:c3941, 84ef4577-07e0-4c8d-900e-d449eb7bf65d:c3941]
2019-07-10 10:04:00,485 INFO  client.GrpcClientProtocolClient (GrpcClientProtocolClient.java:onNext(255)) - client-3502B0E99E4B->68798575-c94b-44a6-b996-25df487e3c54: receive RaftClientReply:client-3502B0E99E4B->68798575-c94b-44a6-b996-25df487e3c54@group-48C576E544C9, cid=2645, SUCCESS, logIndex=3945, commits[68798575-c94b-44a6-b996-25df487e3c54:c3945, 9ec8ead9-888e-415b-b04c-32cd2c26f792:c3941, 84ef4577-07e0-4c8d-900e-d449eb7bf65d:c3941]
2019-07-10 10:04:00,512 INFO  client.GrpcClientProtocolClient (GrpcClientProtocolClient.java:onNext(255)) - client-3502B0E99E4B->68798575-c94b-44a6-b996-25df487e3c54: receive RaftClientReply:client-3502B0E99E4B->68798575-c94b-44a6-b996-25df487e3c54@group-48C576E544C9, cid=2646, SUCCESS, logIndex=3948, commits[68798575-c94b-44a6-b996-25df487e3c54:c3948, 9ec8ead9-888e-415b-b04c-32cd2c26f792:c3945, 84ef4577-07e0-4c8d-900e-d449eb7bf65d:c3945]
2019-07-10 10:04:00,512 INFO  client.GrpcClientProtocolClient (GrpcClientProtocolClient.java:onNext(255)) - client-3502B0E99E4B->68798575-c94b-44a6-b996-25df487e3c54: receive RaftClientReply:client-3502B0E99E4B->68798575-c94b-44a6-b996-25df487e3c54@group-48C576E544C9, cid=2647, SUCCESS, logIndex=3949, commits[68798575-c94b-44a6-b996-25df487e3c54:c3949, 9ec8ead9-888e-415b-b04c-32cd2c26f792:c3945, 84ef4577-07e0-4c8d-900e-d449eb7bf65d:c3945]
2019-07-10 10:04:00,544 INFO  client.GrpcClientProtocolClient (GrpcClientProtocolClient.java:onNext(255)) - client-3502B0E99E4B->68798575-c94b-44a6-b996-25df487e3c54: receive RaftClientReply:client-3502B0E99E4B->68798575-c94b-44a6-b996-25df487e3c54@group-48C576E544C9, cid=2648, SUCCESS, logIndex=0, commits[68798575-c94b-44a6-b996-25df487e3c54:c3951, 9ec8ead9-888e-415b-b04c-32cd2c26f792:c3949, 84ef4577-07e0-4c8d-900e-d449eb7bf65d:c3949]
2019-07-10 10:04:00,586 INFO  client.GrpcClientProtocolClient (GrpcClientProtocolClient.java:onNext(255)) - client-3502B0E99E4B->68798575-c94b-44a6-b996-25df487e3c54: receive RaftClientReply:client-3502B0E99E4B->68798575-c94b-44a6-b996-25df487e3c54@group-48C576E544C9, cid=2649, SUCCESS, logIndex=3952, commits[68798575-c94b-44a6-b996-25df487e3c54:c3953, 9ec8ead9-888e-415b-b04c-32cd2c26f792:c3951, 84ef4577-07e0-4c8d-900e-d449eb7bf65d:c3951]
2019-07-10 10:04:00,586 INFO  client.GrpcClientProtocolClient (GrpcClientProtocolClient.java:onNext(255)) - client-3502B0E99E4B->68798575-c94b-44a6-b996-25df487e3c54: receive RaftClientReply:client-3502B0E99E4B->68798575-c94b-44a6-b996-25df487e3c54@group-48C576E544C9, cid=2650, SUCCESS, logIndex=3953, commits[68798575-c94b-44a6-b996-25df487e3c54:c3953, 9ec8ead9-888e-415b-b04c-32cd2c26f792:c3951, 84ef4577-07e0-4c8d-900e-d449eb7bf65d:c3951]
2019-07-10 10:04:00,587 INFO  client.GrpcClientProtocolClient (GrpcClientProtocolClient.java:onNext(255)) - client-3502B0E99E4B->68798575-c94b-44a6-b996-25df487e3c54: receive RaftClientReply:client-3502B0E99E4B->68798575-c94b-44a6-b996-25df487e3c54@group-48C576E544C9, cid=2651, SUCCESS, logIndex=3954, commits[68798575-c94b-44a6-b996-25df487e3c54:c3955, 9ec8ead9-888e-415b-b04c-32cd2c26f792:c3951, 84ef4577-07e0-4c8d-900e-d449eb7bf65d:c3951]
2019-07-10 10:04:00,587 INFO  client.GrpcClientProtocolClient (GrpcClientProtocolClient.java:onNext(255)) - client-3502B0E99E4B->68798575-c94b-44a6-b996-25df487e3c54: receive RaftClientReply:client-3502B0E99E4B->68798575-c94b-44a6-b996-25df487e3c54@group-48C576E544C9, cid=2652, SUCCESS, logIndex=3955, commits[68798575-c94b-44a6-b996-25df487e3c54:c3955, 9ec8ead9-888e-415b-b04c-32cd2c26f792:c3951, 84ef4577-07e0-4c8d-900e-d449eb7bf65d:c3951]
2019-07-10 10:04:00,590 INFO  client.GrpcClientProtocolClient (GrpcClientProtocolClient.java:onNext(255)) - client-3502B0E99E4B->68798575-c94b-44a6-b996-25df487e3c54: receive RaftClientReply:client-3502B0E99E4B->68798575-c94b-44a6-b996-25df487e3c54@group-48C576E544C9, cid=2653, SUCCESS, logIndex=0, commits[68798575-c94b-44a6-b996-25df487e3c54:c3957, 9ec8ead9-888e-415b-b04c-32cd2c26f792:c3953, 84ef4577-07e0-4c8d-900e-d449eb7bf65d:c3953]
2019-07-10 10:04:00,616 INFO  client.GrpcClientProtocolClient (GrpcClientProtocolClient.java:onNext(255)) - client-3502B0E99E4B->68798575-c94b-44a6-b996-25df487e3c54: receive RaftClientReply:client-3502B0E99E4B->68798575-c94b-44a6-b996-25df487e3c54@group-48C576E544C9, cid=2654, SUCCESS, logIndex=3960, commits[68798575-c94b-44a6-b996-25df487e3c54:c3961, 9ec8ead9-888e-415b-b04c-32cd2c26f792:c3959, 84ef4577-07e0-4c8d-900e-d449eb7bf65d:c3959]
2019-07-10 10:04:00,617 INFO  client.GrpcClientProtocolClient (GrpcClientProtocolClient.java:onNext(255)) - client-3502B0E99E4B->68798575-c94b-44a6-b996-25df487e3c54: receive RaftClientReply:client-3502B0E99E4B->68798575-c94b-44a6-b996-25df487e3c54@group-48C576E544C9, cid=2655, SUCCESS, logIndex=3961, commits[68798575-c94b-44a6-b996-25df487e3c54:c3961, 9ec8ead9-888e-415b-b04c-32cd2c26f792:c3959, 84ef4577-07e0-4c8d-900e-d449eb7bf65d:c3959]
2019-07-10 10:04:00,640 INFO  client.GrpcClientProtocolClient (GrpcClientProtocolClient.java:onNext(255)) - client-3502B0E99E4B->68798575-c94b-44a6-b996-25df487e3c54: receive RaftClientReply:client-3502B0E99E4B->68798575-c94b-44a6-b996-25df487e3c54@group-48C576E544C9, cid=2656, SUCCESS, logIndex=3964, commits[68798575-c94b-44a6-b996-25df487e3c54:c3965, 9ec8ead9-888e-415b-b04c-32cd2c26f792:c3963, 84ef4577-07e0-4c8d-900e-d449eb7bf65d:c3963]
2019-07-10 10:04:00,640 INFO  client.GrpcClientProtocolClient (GrpcClientProtocolClient.java:onNext(255)) - client-3502B0E99E4B->68798575-c94b-44a6-b996-25df487e3c54: receive RaftClientReply:client-3502B0E99E4B->68798575-c94b-44a6-b996-25df487e3c54@group-48C576E544C9, cid=2657, SUCCESS, logIndex=3965, commits[68798575-c94b-44a6-b996-25df487e3c54:c3965, 9ec8ead9-888e-415b-b04c-32cd2c26f792:c3963, 84ef4577-07e0-4c8d-900e-d449eb7bf65d:c3963]
2019-07-10 10:04:00,663 INFO  client.GrpcClientProtocolClient (GrpcClientProtocolClient.java:onNext(255)) - client-3502B0E99E4B->68798575-c94b-44a6-b996-25df487e3c54: receive RaftClientReply:client-3502B0E99E4B->68798575-c94b-44a6-b996-25df487e3c54@group-48C576E544C9, cid=2658, SUCCESS, logIndex=0, commits[68798575-c94b-44a6-b996-25df487e3c54:c3967, 9ec8ead9-888e-415b-b04c-32cd2c26f792:c3965, 84ef4577-07e0-4c8d-900e-d449eb7bf65d:c3965]
2019-07-10 10:04:00,698 INFO  client.GrpcClientProtocolClient (GrpcClientProtocolClient.java:onNext(255)) - client-3502B0E99E4B->68798575-c94b-44a6-b996-25df487e3c54: receive RaftClientReply:client-3502B0E99E4B->68798575-c94b-44a6-b996-25df487e3c54@group-48C576E544C9, cid=2659, SUCCESS, logIndex=3968, commits[68798575-c94b-44a6-b996-25df487e3c54:c3970, 9ec8ead9-888e-415b-b04c-32cd2c26f792:c3967, 84ef4577-07e0-4c8d-900e-d449eb7bf65d:c3967]
2019-07-10 10:04:00,699 INFO  client.GrpcClientProtocolClient (GrpcClientProtocolClient.java:onNext(255)) - client-3502B0E99E4B->68798575-c94b-44a6-b996-25df487e3c54: receive RaftClientReply:client-3502B0E99E4B->68798575-c94b-44a6-b996-25df487e3c54@group-48C576E544C9, cid=2660, SUCCESS, logIndex=3969, commits[68798575-c94b-44a6-b996-25df487e3c54:c3971, 9ec8ead9-888e-415b-b04c-32cd2c26f792:c3967, 84ef4577-07e0-4c8d-900e-d449eb7bf65d:c3967]
2019-07-10 10:04:00,699 INFO  client.GrpcClientProtocolClient (GrpcClientProtocolClient.java:onNext(255)) - client-3502B0E99E4B->68798575-c94b-44a6-b996-25df487e3c54: receive RaftClientReply:client-3502B0E99E4B->68798575-c94b-44a6-b996-25df487e3c54@group-48C576E544C9, cid=2661, SUCCESS, logIndex=3970, commits[68798575-c94b-44a6-b996-25df487e3c54:c3971, 9ec8ead9-888e-415b-b04c-32cd2c26f792:c3967, 84ef4577-07e0-4c8d-900e-d449eb7bf65d:c3967]
2019-07-10 10:04:00,700 INFO  client.GrpcClientProtocolClient (GrpcClientProtocolClient.java:onNext(255)) - client-3502B0E99E4B->68798575-c94b-44a6-b996-25df487e3c54: receive RaftClientReply:client-3502B0E99E4B->68798575-c94b-44a6-b996-25df487e3c54@group-48C576E544C9, cid=2662, SUCCESS, logIndex=3971, commits[68798575-c94b-44a6-b996-25df487e3c54:c3971, 9ec8ead9-888e-415b-b04c-32cd2c26f792:c3967, 84ef4577-07e0-4c8d-900e-d449eb7bf65d:c3967]
2019-07-10 10:04:00,721 INFO  client.GrpcClientProtocolClient (GrpcClientProtocolClient.java:onNext(255)) - client-3502B0E99E4B->68798575-c94b-44a6-b996-25df487e3c54: receive RaftClientReply:client-3502B0E99E4B->68798575-c94b-44a6-b996-25df487e3c54@group-48C576E544C9, cid=2663, SUCCESS, logIndex=0, commits[68798575-c94b-44a6-b996-25df487e3c54:c3974, 9ec8ead9-888e-415b-b04c-32cd2c26f792:c3969, 84ef4577-07e0-4c8d-900e-d449eb7bf65d:c3971]
2019-07-10 10:04:00,745 INFO  client.GrpcClientProtocolClient (GrpcClientProtocolClient.java:onNext(255)) - client-3502B0E99E4B->68798575-c94b-44a6-b996-25df487e3c54: receive RaftClientReply:client-3502B0E99E4B->68798575-c94b-44a6-b996-25df487e3c54@group-48C576E544C9, cid=2664, SUCCESS, logIndex=3976, commits[68798575-c94b-44a6-b996-25df487e3c54:c3977, 9ec8ead9-888e-415b-b04c-32cd2c26f792:c3974, 84ef4577-07e0-4c8d-900e-d449eb7bf65d:c3974]
2019-07-10 10:04:00,746 INFO  client.GrpcClientProtocolClient (GrpcClientProtocolClient.java:onNext(255)) - client-3502B0E99E4B->68798575-c94b-44a6-b996-25df487e3c54: receive RaftClientReply:client-3502B0E99E4B->68798575-c94b-44a6-b996-25df487e3c54@group-48C576E544C9, cid=2665, SUCCESS, logIndex=3977, commits[68798575-c94b-44a6-b996-25df487e3c54:c3977, 9ec8ead9-888e-415b-b04c-32cd2c26f792:c3974, 84ef4577-07e0-4c8d-900e-d449eb7bf65d:c3974]
2019-07-10 10:04:00,775 INFO  client.GrpcClientProtocolClient (GrpcClientProtocolClient.java:onNext(255)) - client-3502B0E99E4B->68798575-c94b-44a6-b996-25df487e3c54: receive RaftClientReply:client-3502B0E99E4B->68798575-c94b-44a6-b996-25df487e3c54@group-48C576E544C9, cid=2666, SUCCESS, logIndex=3980, commits[68798575-c94b-44a6-b996-25df487e3c54:c3981, 9ec8ead9-888e-415b-b04c-32cd2c26f792:c3978, 84ef4577-07e0-4c8d-900e-d449eb7bf65d:c3978]
2019-07-10 10:04:00,775 INFO  client.GrpcClientProtocolClient (GrpcClientProtocolClient.java:onNext(255)) - client-3502B0E99E4B->68798575-c94b-44a6-b996-25df487e3c54: receive RaftClientReply:client-3502B0E99E4B->68798575-c94b-44a6-b996-25df487e3c54@group-48C576E544C9, cid=2667, SUCCESS, logIndex=3981, commits[68798575-c94b-44a6-b996-25df487e3c54:c3981, 9ec8ead9-888e-415b-b04c-32cd2c26f792:c3978, 84ef4577-07e0-4c8d-900e-d449eb7bf65d:c3978]
2019-07-10 10:04:00,786 INFO  client.GrpcClientProtocolClient (GrpcClientProtocolClient.java:onNext(255)) - client-3502B0E99E4B->68798575-c94b-44a6-b996-25df487e3c54: receive RaftClientReply:client-3502B0E99E4B->68798575-c94b-44a6-b996-25df487e3c54@group-48C576E544C9, cid=2668, SUCCESS, logIndex=0, commits[68798575-c94b-44a6-b996-25df487e3c54:c3982, 9ec8ead9-888e-415b-b04c-32cd2c26f792:c3981, 84ef4577-07e0-4c8d-900e-d449eb7bf65d:c3981]
 0.00% |█                                                                                                    |  0/1 Time: 0:00:242019-07-10 10:04:00,817 INFO  client.GrpcClientProtocolClient (GrpcClientProtocolClient.java:onNext(255)) - client-3502B0E99E4B->68798575-c94b-44a6-b996-25df487e3c54: receive RaftClientReply:client-3502B0E99E4B->68798575-c94b-44a6-b996-25df487e3c54@group-48C576E544C9, cid=2669, SUCCESS, logIndex=3984, commits[68798575-c94b-44a6-b996-25df487e3c54:c3985, 9ec8ead9-888e-415b-b04c-32cd2c26f792:c3983, 84ef4577-07e0-4c8d-900e-d449eb7bf65d:c3983]
2019-07-10 10:04:00,818 INFO  client.GrpcClientProtocolClient (GrpcClientProtocolClient.java:onNext(255)) - client-3502B0E99E4B->68798575-c94b-44a6-b996-25df487e3c54: receive RaftClientReply:client-3502B0E99E4B->68798575-c94b-44a6-b996-25df487e3c54@group-48C576E544C9, cid=2670, SUCCESS, logIndex=3985, commits[68798575-c94b-44a6-b996-25df487e3c54:c3985, 9ec8ead9-888e-415b-b04c-32cd2c26f792:c3983, 84ef4577-07e0-4c8d-900e-d449eb7bf65d:c3983]
2019-07-10 10:04:00,828 INFO  client.GrpcClientProtocolClient (GrpcClientProtocolClient.java:onNext(255)) - client-3502B0E99E4B->68798575-c94b-44a6-b996-25df487e3c54: receive RaftClientReply:client-3502B0E99E4B->68798575-c94b-44a6-b996-25df487e3c54@group-48C576E544C9, cid=2671, SUCCESS, logIndex=3986, commits[68798575-c94b-44a6-b996-25df487e3c54:c3987, 9ec8ead9-888e-415b-b04c-32cd2c26f792:c3983, 84ef4577-07e0-4c8d-900e-d449eb7bf65d:c3983]
2019-07-10 10:04:00,829 INFO  client.GrpcClientProtocolClient (GrpcClientProtocolClient.java:onNext(255)) - client-3502B0E99E4B->68798575-c94b-44a6-b996-25df487e3c54: receive RaftClientReply:client-3502B0E99E4B->68798575-c94b-44a6-b996-25df487e3c54@group-48C576E544C9, cid=2672, SUCCESS, logIndex=3987, commits[68798575-c94b-44a6-b996-25df487e3c54:c3987, 9ec8ead9-888e-415b-b04c-32cd2c26f792:c3983, 84ef4577-07e0-4c8d-900e-d449eb7bf65d:c3983]
2019-07-10 10:04:00,839 INFO  client.GrpcClientProtocolClient (GrpcClientProtocolClient.java:onNext(255)) - client-3502B0E99E4B->68798575-c94b-44a6-b996-25df487e3c54: receive RaftClientReply:client-3502B0E99E4B->68798575-c94b-44a6-b996-25df487e3c54@group-48C576E544C9, cid=2673, SUCCESS, logIndex=0, commits[68798575-c94b-44a6-b996-25df487e3c54:c3989, 9ec8ead9-888e-415b-b04c-32cd2c26f792:c3985, 84ef4577-07e0-4c8d-900e-d449eb7bf65d:c3985]
2019-07-10 10:04:00,973 INFO  client.GrpcClientProtocolClient (GrpcClientProtocolClient.java:onNext(255)) - client-3502B0E99E4B->68798575-c94b-44a6-b996-25df487e3c54: receive RaftClientReply:client-3502B0E99E4B->68798575-c94b-44a6-b996-25df487e3c54@group-48C576E544C9, cid=2674, SUCCESS, logIndex=3992, commits[68798575-c94b-44a6-b996-25df487e3c54:c3993, 9ec8ead9-888e-415b-b04c-32cd2c26f792:c3989, 84ef4577-07e0-4c8d-900e-d449eb7bf65d:c3989]
2019-07-10 10:04:00,973 INFO  client.GrpcClientProtocolClient (GrpcClientProtocolClient.java:onNext(255)) - client-3502B0E99E4B->68798575-c94b-44a6-b996-25df487e3c54: receive RaftClientReply:client-3502B0E99E4B->68798575-c94b-44a6-b996-25df487e3c54@group-48C576E544C9, cid=2675, SUCCESS, logIndex=3993, commits[68798575-c94b-44a6-b996-25df487e3c54:c3993, 9ec8ead9-888e-415b-b04c-32cd2c26f792:c3989, 84ef4577-07e0-4c8d-900e-d449eb7bf65d:c3989]
2019-07-10 10:04:01,001 INFO  client.GrpcClientProtocolClient (GrpcClientProtocolClient.java:onNext(255)) - client-3502B0E99E4B->68798575-c94b-44a6-b996-25df487e3c54: receive RaftClientReply:client-3502B0E99E4B->68798575-c94b-44a6-b996-25df487e3c54@group-48C576E544C9, cid=2676, SUCCESS, logIndex=3996, commits[68798575-c94b-44a6-b996-25df487e3c54:c3997, 9ec8ead9-888e-415b-b04c-32cd2c26f792:c3993, 84ef4577-07e0-4c8d-900e-d449eb7bf65d:c3993]
2019-07-10 10:04:01,001 INFO  client.GrpcClientProtocolClient (GrpcClientProtocolClient.java:onNext(255)) - client-3502B0E99E4B->68798575-c94b-44a6-b996-25df487e3c54: receive RaftClientReply:client-3502B0E99E4B->68798575-c94b-44a6-b996-25df487e3c54@group-48C576E544C9, cid=2677, SUCCESS, logIndex=3997, commits[68798575-c94b-44a6-b996-25df487e3c54:c3997, 9ec8ead9-888e-415b-b04c-32cd2c26f792:c3993, 84ef4577-07e0-4c8d-900e-d449eb7bf65d:c3993]
2019-07-10 10:04:01,013 INFO  client.GrpcClientProtocolClient (GrpcClientProtocolClient.java:onNext(255)) - client-3502B0E99E4B->68798575-c94b-44a6-b996-25df487e3c54: receive RaftClientReply:client-3502B0E99E4B->68798575-c94b-44a6-b996-25df487e3c54@group-48C576E544C9, cid=2678, SUCCESS, logIndex=0, commits[68798575-c94b-44a6-b996-25df487e3c54:c3998, 9ec8ead9-888e-415b-b04c-32cd2c26f792:c3997, 84ef4577-07e0-4c8d-900e-d449eb7bf65d:c3997]
2019-07-10 10:04:01,046 INFO  client.GrpcClientProtocolClient (GrpcClientProtocolClient.java:onNext(255)) - client-3502B0E99E4B->68798575-c94b-44a6-b996-25df487e3c54: receive RaftClientReply:client-3502B0E99E4B->68798575-c94b-44a6-b996-25df487e3c54@group-48C576E544C9, cid=2679, SUCCESS, logIndex=3999, commits[68798575-c94b-44a6-b996-25df487e3c54:c4000, 9ec8ead9-888e-415b-b04c-32cd2c26f792:c3998, 84ef4577-07e0-4c8d-900e-d449eb7bf65d:c3998]
2019-07-10 10:04:01,046 INFO  client.GrpcClientProtocolClient (GrpcClientProtocolClient.java:onNext(255)) - client-3502B0E99E4B->68798575-c94b-44a6-b996-25df487e3c54: receive RaftClientReply:client-3502B0E99E4B->68798575-c94b-44a6-b996-25df487e3c54@group-48C576E544C9, cid=2680, SUCCESS, logIndex=4000, commits[68798575-c94b-44a6-b996-25df487e3c54:c4000, 9ec8ead9-888e-415b-b04c-32cd2c26f792:c3998, 84ef4577-07e0-4c8d-900e-d449eb7bf65d:c3998]
2019-07-10 10:04:01,056 INFO  client.GrpcClientProtocolClient (GrpcClientProtocolClient.java:onNext(255)) - client-3502B0E99E4B->68798575-c94b-44a6-b996-25df487e3c54: receive RaftClientReply:client-3502B0E99E4B->68798575-c94b-44a6-b996-25df487e3c54@group-48C576E544C9, cid=2681, SUCCESS, logIndex=4001, commits[68798575-c94b-44a6-b996-25df487e3c54:c4002, 9ec8ead9-888e-415b-b04c-32cd2c26f792:c3998, 84ef4577-07e0-4c8d-900e-d449eb7bf65d:c3998]
2019-07-10 10:04:01,056 INFO  client.GrpcClientProtocolClient (GrpcClientProtocolClient.java:onNext(255)) - client-3502B0E99E4B->68798575-c94b-44a6-b996-25df487e3c54: receive RaftClientReply:client-3502B0E99E4B->68798575-c94b-44a6-b996-25df487e3c54@group-48C576E544C9, cid=2682, SUCCESS, logIndex=4002, commits[68798575-c94b-44a6-b996-25df487e3c54:c4002, 9ec8ead9-888e-415b-b04c-32cd2c26f792:c3998, 84ef4577-07e0-4c8d-900e-d449eb7bf65d:c3998]
2019-07-10 10:04:01,071 INFO  client.GrpcClientProtocolClient (GrpcClientProtocolClient.java:onNext(255)) - client-3502B0E99E4B->68798575-c94b-44a6-b996-25df487e3c54: receive RaftClientReply:client-3502B0E99E4B->68798575-c94b-44a6-b996-25df487e3c54@group-48C576E544C9, cid=2683, SUCCESS, logIndex=0, commits[68798575-c94b-44a6-b996-25df487e3c54:c4004, 9ec8ead9-888e-415b-b04c-32cd2c26f792:c4000, 84ef4577-07e0-4c8d-900e-d449eb7bf65d:c4000]
2019-07-10 10:04:01,093 INFO  client.GrpcClientProtocolClient (GrpcClientProtocolClient.java:onNext(255)) - client-3502B0E99E4B->68798575-c94b-44a6-b996-25df487e3c54: receive RaftClientReply:client-3502B0E99E4B->68798575-c94b-44a6-b996-25df487e3c54@group-48C576E544C9, cid=2684, SUCCESS, logIndex=4007, commits[68798575-c94b-44a6-b996-25df487e3c54:c4008, 9ec8ead9-888e-415b-b04c-32cd2c26f792:c4006, 84ef4577-07e0-4c8d-900e-d449eb7bf65d:c4006]
2019-07-10 10:04:01,094 INFO  client.GrpcClientProtocolClient (GrpcClientProtocolClient.java:onNext(255)) - client-3502B0E99E4B->68798575-c94b-44a6-b996-25df487e3c54: receive RaftClientReply:client-3502B0E99E4B->68798575-c94b-44a6-b996-25df487e3c54@group-48C576E544C9, cid=2685, SUCCESS, logIndex=4008, commits[68798575-c94b-44a6-b996-25df487e3c54:c4008, 9ec8ead9-888e-415b-b04c-32cd2c26f792:c4006, 84ef4577-07e0-4c8d-900e-d449eb7bf65d:c4006]
2019-07-10 10:04:01,119 INFO  client.GrpcClientProtocolClient (GrpcClientProtocolClient.java:onNext(255)) - client-3502B0E99E4B->68798575-c94b-44a6-b996-25df487e3c54: receive RaftClientReply:client-3502B0E99E4B->68798575-c94b-44a6-b996-25df487e3c54@group-48C576E544C9, cid=2686, SUCCESS, logIndex=4011, commits[68798575-c94b-44a6-b996-25df487e3c54:c4012, 9ec8ead9-888e-415b-b04c-32cd2c26f792:c4008, 84ef4577-07e0-4c8d-900e-d449eb7bf65d:c4008]
2019-07-10 10:04:01,120 INFO  client.GrpcClientProtocolClient (GrpcClientProtocolClient.java:onNext(255)) - client-3502B0E99E4B->68798575-c94b-44a6-b996-25df487e3c54: receive RaftClientReply:client-3502B0E99E4B->68798575-c94b-44a6-b996-25df487e3c54@group-48C576E544C9, cid=2687, SUCCESS, logIndex=4012, commits[68798575-c94b-44a6-b996-25df487e3c54:c4012, 9ec8ead9-888e-415b-b04c-32cd2c26f792:c4008, 84ef4577-07e0-4c8d-900e-d449eb7bf65d:c4008]
2019-07-10 10:04:01,140 INFO  client.GrpcClientProtocolClient (GrpcClientProtocolClient.java:onNext(255)) - client-3502B0E99E4B->68798575-c94b-44a6-b996-25df487e3c54: receive RaftClientReply:client-3502B0E99E4B->68798575-c94b-44a6-b996-25df487e3c54@group-48C576E544C9, cid=2688, SUCCESS, logIndex=0, commits[68798575-c94b-44a6-b996-25df487e3c54:c4014, 9ec8ead9-888e-415b-b04c-32cd2c26f792:c4012, 84ef4577-07e0-4c8d-900e-d449eb7bf65d:c4012]
2019-07-10 10:04:01,173 INFO  client.GrpcClientProtocolClient (GrpcClientProtocolClient.java:onNext(255)) - client-3502B0E99E4B->68798575-c94b-44a6-b996-25df487e3c54: receive RaftClientReply:client-3502B0E99E4B->68798575-c94b-44a6-b996-25df487e3c54@group-48C576E544C9, cid=2689, SUCCESS, logIndex=4015, commits[68798575-c94b-44a6-b996-25df487e3c54:c4016, 9ec8ead9-888e-415b-b04c-32cd2c26f792:c4014, 84ef4577-07e0-4c8d-900e-d449eb7bf65d:c4014]
2019-07-10 10:04:01,174 INFO  client.GrpcClientProtocolClient (GrpcClientProtocolClient.java:onNext(255)) - client-3502B0E99E4B->68798575-c94b-44a6-b996-25df487e3c54: receive RaftClientReply:client-3502B0E99E4B->68798575-c94b-44a6-b996-25df487e3c54@group-48C576E544C9, cid=2690, SUCCESS, logIndex=4016, commits[68798575-c94b-44a6-b996-25df487e3c54:c4016, 9ec8ead9-888e-415b-b04c-32cd2c26f792:c4014, 84ef4577-07e0-4c8d-900e-d449eb7bf65d:c4014]
2019-07-10 10:04:01,174 INFO  client.GrpcClientProtocolClient (GrpcClientProtocolClient.java:onNext(255)) - client-3502B0E99E4B->68798575-c94b-44a6-b996-25df487e3c54: receive RaftClientReply:client-3502B0E99E4B->68798575-c94b-44a6-b996-25df487e3c54@group-48C576E544C9, cid=2691, SUCCESS, logIndex=4017, commits[68798575-c94b-44a6-b996-25df487e3c54:c4018, 9ec8ead9-888e-415b-b04c-32cd2c26f792:c4014, 84ef4577-07e0-4c8d-900e-d449eb7bf65d:c4014]
2019-07-10 10:04:01,174 INFO  client.GrpcClientProtocolClient (GrpcClientProtocolClient.java:onNext(255)) - client-3502B0E99E4B->68798575-c94b-44a6-b996-25df487e3c54: receive RaftClientReply:client-3502B0E99E4B->68798575-c94b-44a6-b996-25df487e3c54@group-48C576E544C9, cid=2692, SUCCESS, logIndex=4018, commits[68798575-c94b-44a6-b996-25df487e3c54:c4018, 9ec8ead9-888e-415b-b04c-32cd2c26f792:c4014, 84ef4577-07e0-4c8d-900e-d449eb7bf65d:c4014]
2019-07-10 10:04:01,194 INFO  client.GrpcClientProtocolClient (GrpcClientProtocolClient.java:onNext(255)) - client-3502B0E99E4B->68798575-c94b-44a6-b996-25df487e3c54: receive RaftClientReply:client-3502B0E99E4B->68798575-c94b-44a6-b996-25df487e3c54@group-48C576E544C9, cid=2693, SUCCESS, logIndex=0, commits[68798575-c94b-44a6-b996-25df487e3c54:c4020, 9ec8ead9-888e-415b-b04c-32cd2c26f792:c4016, 84ef4577-07e0-4c8d-900e-d449eb7bf65d:c4016]
2019-07-10 10:04:01,216 INFO  client.GrpcClientProtocolClient (GrpcClientProtocolClient.java:onNext(255)) - client-3502B0E99E4B->68798575-c94b-44a6-b996-25df487e3c54: receive RaftClientReply:client-3502B0E99E4B->68798575-c94b-44a6-b996-25df487e3c54@group-48C576E544C9, cid=2694, SUCCESS, logIndex=4023, commits[68798575-c94b-44a6-b996-25df487e3c54:c4024, 9ec8ead9-888e-415b-b04c-32cd2c26f792:c4022, 84ef4577-07e0-4c8d-900e-d449eb7bf65d:c4022]
2019-07-10 10:04:01,216 INFO  client.GrpcClientProtocolClient (GrpcClientProtocolClient.java:onNext(255)) - client-3502B0E99E4B->68798575-c94b-44a6-b996-25df487e3c54: receive RaftClientReply:client-3502B0E99E4B->68798575-c94b-44a6-b996-25df487e3c54@group-48C576E544C9, cid=2695, SUCCESS, logIndex=4024, commits[68798575-c94b-44a6-b996-25df487e3c54:c4024, 9ec8ead9-888e-415b-b04c-32cd2c26f792:c4022, 84ef4577-07e0-4c8d-900e-d449eb7bf65d:c4022]
2019-07-10 10:04:01,230 INFO  client.GrpcClientProtocolClient (GrpcClientProtocolClient.java:onNext(255)) - client-3502B0E99E4B->68798575-c94b-44a6-b996-25df487e3c54: receive RaftClientReply:client-3502B0E99E4B->68798575-c94b-44a6-b996-25df487e3c54@group-48C576E544C9, cid=2696, SUCCESS, logIndex=4027, commits[68798575-c94b-44a6-b996-25df487e3c54:c4028, 9ec8ead9-888e-415b-b04c-32cd2c26f792:c4024, 84ef4577-07e0-4c8d-900e-d449eb7bf65d:c4024]
2019-07-10 10:04:01,231 INFO  client.GrpcClientProtocolClient (GrpcClientProtocolClient.java:onNext(255)) - client-3502B0E99E4B->68798575-c94b-44a6-b996-25df487e3c54: receive RaftClientReply:client-3502B0E99E4B->68798575-c94b-44a6-b996-25df487e3c54@group-48C576E544C9, cid=2697, SUCCESS, logIndex=4028, commits[68798575-c94b-44a6-b996-25df487e3c54:c4028, 9ec8ead9-888e-415b-b04c-32cd2c26f792:c4024, 84ef4577-07e0-4c8d-900e-d449eb7bf65d:c4024]
2019-07-10 10:04:01,242 INFO  client.GrpcClientProtocolClient (GrpcClientProtocolClient.java:onNext(255)) - client-3502B0E99E4B->68798575-c94b-44a6-b996-25df487e3c54: receive RaftClientReply:client-3502B0E99E4B->68798575-c94b-44a6-b996-25df487e3c54@group-48C576E544C9, cid=2698, SUCCESS, logIndex=0, commits[68798575-c94b-44a6-b996-25df487e3c54:c4029, 9ec8ead9-888e-415b-b04c-32cd2c26f792:c4028, 84ef4577-07e0-4c8d-900e-d449eb7bf65d:c4028]
2019-07-10 10:04:01,274 INFO  client.GrpcClientProtocolClient (GrpcClientProtocolClient.java:onNext(255)) - client-3502B0E99E4B->68798575-c94b-44a6-b996-25df487e3c54: receive RaftClientReply:client-3502B0E99E4B->68798575-c94b-44a6-b996-25df487e3c54@group-48C576E544C9, cid=2699, SUCCESS, logIndex=4031, commits[68798575-c94b-44a6-b996-25df487e3c54:c4032, 9ec8ead9-888e-415b-b04c-32cd2c26f792:c4030, 84ef4577-07e0-4c8d-900e-d449eb7bf65d:c4030]
2019-07-10 10:04:01,275 INFO  client.GrpcClientProtocolClient (GrpcClientProtocolClient.java:onNext(255)) - client-3502B0E99E4B->68798575-c94b-44a6-b996-25df487e3c54: receive RaftClientReply:client-3502B0E99E4B->68798575-c94b-44a6-b996-25df487e3c54@group-48C576E544C9, cid=2700, SUCCESS, logIndex=4032, commits[68798575-c94b-44a6-b996-25df487e3c54:c4032, 9ec8ead9-888e-415b-b04c-32cd2c26f792:c4030, 84ef4577-07e0-4c8d-900e-d449eb7bf65d:c4030]
2019-07-10 10:04:01,275 INFO  client.GrpcClientProtocolClient (GrpcClientProtocolClient.java:onNext(255)) - client-3502B0E99E4B->68798575-c94b-44a6-b996-25df487e3c54: receive RaftClientReply:client-3502B0E99E4B->68798575-c94b-44a6-b996-25df487e3c54@group-48C576E544C9, cid=2701, SUCCESS, logIndex=4033, commits[68798575-c94b-44a6-b996-25df487e3c54:c4034, 9ec8ead9-888e-415b-b04c-32cd2c26f792:c4030, 84ef4577-07e0-4c8d-900e-d449eb7bf65d:c4030]
2019-07-10 10:04:01,276 INFO  client.GrpcClientProtocolClient (GrpcClientProtocolClient.java:onNext(255)) - client-3502B0E99E4B->68798575-c94b-44a6-b996-25df487e3c54: receive RaftClientReply:client-3502B0E99E4B->68798575-c94b-44a6-b996-25df487e3c54@group-48C576E544C9, cid=2702, SUCCESS, logIndex=4034, commits[68798575-c94b-44a6-b996-25df487e3c54:c4034, 9ec8ead9-888e-415b-b04c-32cd2c26f792:c4030, 84ef4577-07e0-4c8d-900e-d449eb7bf65d:c4030]
2019-07-10 10:04:01,298 INFO  client.GrpcClientProtocolClient (GrpcClientProtocolClient.java:onNext(255)) - client-3502B0E99E4B->68798575-c94b-44a6-b996-25df487e3c54: receive RaftClientReply:client-3502B0E99E4B->68798575-c94b-44a6-b996-25df487e3c54@group-48C576E544C9, cid=2703, SUCCESS, logIndex=0, commits[68798575-c94b-44a6-b996-25df487e3c54:c4036, 9ec8ead9-888e-415b-b04c-32cd2c26f792:c4032, 84ef4577-07e0-4c8d-900e-d449eb7bf65d:c4032]
2019-07-10 10:04:01,338 INFO  client.GrpcClientProtocolClient (GrpcClientProtocolClient.java:onNext(255)) - client-3502B0E99E4B->68798575-c94b-44a6-b996-25df487e3c54: receive RaftClientReply:client-3502B0E99E4B->68798575-c94b-44a6-b996-25df487e3c54@group-48C576E544C9, cid=2704, SUCCESS, logIndex=4039, commits[68798575-c94b-44a6-b996-25df487e3c54:c4040, 9ec8ead9-888e-415b-b04c-32cd2c26f792:c4038, 84ef4577-07e0-4c8d-900e-d449eb7bf65d:c4038]
2019-07-10 10:04:01,339 INFO  client.GrpcClientProtocolClient (GrpcClientProtocolClient.java:onNext(255)) - client-3502B0E99E4B->68798575-c94b-44a6-b996-25df487e3c54: receive RaftClientReply:client-3502B0E99E4B->68798575-c94b-44a6-b996-25df487e3c54@group-48C576E544C9, cid=2705, SUCCESS, logIndex=4040, commits[68798575-c94b-44a6-b996-25df487e3c54:c4040, 9ec8ead9-888e-415b-b04c-32cd2c26f792:c4038, 84ef4577-07e0-4c8d-900e-d449eb7bf65d:c4038]
2019-07-10 10:04:01,361 INFO  client.GrpcClientProtocolClient (GrpcClientProtocolClient.java:onNext(255)) - client-3502B0E99E4B->68798575-c94b-44a6-b996-25df487e3c54: receive RaftClientReply:client-3502B0E99E4B->68798575-c94b-44a6-b996-25df487e3c54@group-48C576E544C9, cid=2706, SUCCESS, logIndex=4043, commits[68798575-c94b-44a6-b996-25df487e3c54:c4044, 9ec8ead9-888e-415b-b04c-32cd2c26f792:c4040, 84ef4577-07e0-4c8d-900e-d449eb7bf65d:c4040]
2019-07-10 10:04:01,361 INFO  client.GrpcClientProtocolClient (GrpcClientProtocolClient.java:onNext(255)) - client-3502B0E99E4B->68798575-c94b-44a6-b996-25df487e3c54: receive RaftClientReply:client-3502B0E99E4B->68798575-c94b-44a6-b996-25df487e3c54@group-48C576E544C9, cid=2707, SUCCESS, logIndex=4044, commits[68798575-c94b-44a6-b996-25df487e3c54:c4044, 9ec8ead9-888e-415b-b04c-32cd2c26f792:c4040, 84ef4577-07e0-4c8d-900e-d449eb7bf65d:c4040]
2019-07-10 10:04:01,389 INFO  client.GrpcClientProtocolClient (GrpcClientProtocolClient.java:onNext(255)) - client-3502B0E99E4B->68798575-c94b-44a6-b996-25df487e3c54: receive RaftClientReply:client-3502B0E99E4B->68798575-c94b-44a6-b996-25df487e3c54@group-48C576E544C9, cid=2708, SUCCESS, logIndex=0, commits[68798575-c94b-44a6-b996-25df487e3c54:c4046, 9ec8ead9-888e-415b-b04c-32cd2c26f792:c4044, 84ef4577-07e0-4c8d-900e-d449eb7bf65d:c4044]
2019-07-10 10:04:01,420 INFO  client.GrpcClientProtocolClient (GrpcClientProtocolClient.java:onNext(255)) - client-3502B0E99E4B->68798575-c94b-44a6-b996-25df487e3c54: receive RaftClientReply:client-3502B0E99E4B->68798575-c94b-44a6-b996-25df487e3c54@group-48C576E544C9, cid=2709, SUCCESS, logIndex=4047, commits[68798575-c94b-44a6-b996-25df487e3c54:c4048, 9ec8ead9-888e-415b-b04c-32cd2c26f792:c4046, 84ef4577-07e0-4c8d-900e-d449eb7bf65d:c4046]
2019-07-10 10:04:01,421 INFO  client.GrpcClientProtocolClient (GrpcClientProtocolClient.java:onNext(255)) - client-3502B0E99E4B->68798575-c94b-44a6-b996-25df487e3c54: receive RaftClientReply:client-3502B0E99E4B->68798575-c94b-44a6-b996-25df487e3c54@group-48C576E544C9, cid=2710, SUCCESS, logIndex=4048, commits[68798575-c94b-44a6-b996-25df487e3c54:c4048, 9ec8ead9-888e-415b-b04c-32cd2c26f792:c4046, 84ef4577-07e0-4c8d-900e-d449eb7bf65d:c4046]
2019-07-10 10:04:01,421 INFO  client.GrpcClientProtocolClient (GrpcClientProtocolClient.java:onNext(255)) - client-3502B0E99E4B->68798575-c94b-44a6-b996-25df487e3c54: receive RaftClientReply:client-3502B0E99E4B->68798575-c94b-44a6-b996-25df487e3c54@group-48C576E544C9, cid=2711, SUCCESS, logIndex=4049, commits[68798575-c94b-44a6-b996-25df487e3c54:c4050, 9ec8ead9-888e-415b-b04c-32cd2c26f792:c4046, 84ef4577-07e0-4c8d-900e-d449eb7bf65d:c4046]
2019-07-10 10:04:01,422 INFO  client.GrpcClientProtocolClient (GrpcClientProtocolClient.java:onNext(255)) - client-3502B0E99E4B->68798575-c94b-44a6-b996-25df487e3c54: receive RaftClientReply:client-3502B0E99E4B->68798575-c94b-44a6-b996-25df487e3c54@group-48C576E544C9, cid=2712, SUCCESS, logIndex=4050, commits[68798575-c94b-44a6-b996-25df487e3c54:c4050, 9ec8ead9-888e-415b-b04c-32cd2c26f792:c4046, 84ef4577-07e0-4c8d-900e-d449eb7bf65d:c4046]
2019-07-10 10:04:01,424 INFO  client.GrpcClientProtocolClient (GrpcClientProtocolClient.java:onNext(255)) - client-3502B0E99E4B->68798575-c94b-44a6-b996-25df487e3c54: receive RaftClientReply:client-3502B0E99E4B->68798575-c94b-44a6-b996-25df487e3c54@group-48C576E544C9, cid=2713, SUCCESS, logIndex=0, commits[68798575-c94b-44a6-b996-25df487e3c54:c4052, 9ec8ead9-888e-415b-b04c-32cd2c26f792:c4048, 84ef4577-07e0-4c8d-900e-d449eb7bf65d:c4048]
2019-07-10 10:04:01,437 INFO  client.GrpcClientProtocolClient (GrpcClientProtocolClient.java:onNext(255)) - client-3502B0E99E4B->68798575-c94b-44a6-b996-25df487e3c54: receive RaftClientReply:client-3502B0E99E4B->68798575-c94b-44a6-b996-25df487e3c54@group-48C576E544C9, cid=2714, SUCCESS, logIndex=4055, commits[68798575-c94b-44a6-b996-25df487e3c54:c4056, 9ec8ead9-888e-415b-b04c-32cd2c26f792:c4050, 84ef4577-07e0-4c8d-900e-d449eb7bf65d:c4052]
2019-07-10 10:04:01,438 INFO  client.GrpcClientProtocolClient (GrpcClientProtocolClient.java:onNext(255)) - client-3502B0E99E4B->68798575-c94b-44a6-b996-25df487e3c54: receive RaftClientReply:client-3502B0E99E4B->68798575-c94b-44a6-b996-25df487e3c54@group-48C576E544C9, cid=2715, SUCCESS, logIndex=4056, commits[68798575-c94b-44a6-b996-25df487e3c54:c4056, 9ec8ead9-888e-415b-b04c-32cd2c26f792:c4052, 84ef4577-07e0-4c8d-900e-d449eb7bf65d:c4052]
2019-07-10 10:04:01,459 INFO  client.GrpcClientProtocolClient (GrpcClientProtocolClient.java:onNext(255)) - client-3502B0E99E4B->68798575-c94b-44a6-b996-25df487e3c54: receive RaftClientReply:client-3502B0E99E4B->68798575-c94b-44a6-b996-25df487e3c54@group-48C576E544C9, cid=2716, SUCCESS, logIndex=4058, commits[68798575-c94b-44a6-b996-25df487e3c54:c4059, 9ec8ead9-888e-415b-b04c-32cd2c26f792:c4056, 84ef4577-07e0-4c8d-900e-d449eb7bf65d:c4056]
2019-07-10 10:04:01,459 INFO  client.GrpcClientProtocolClient (GrpcClientProtocolClient.java:onNext(255)) - client-3502B0E99E4B->68798575-c94b-44a6-b996-25df487e3c54: receive RaftClientReply:client-3502B0E99E4B->68798575-c94b-44a6-b996-25df487e3c54@group-48C576E544C9, cid=2717, SUCCESS, logIndex=4059, commits[68798575-c94b-44a6-b996-25df487e3c54:c4059, 9ec8ead9-888e-415b-b04c-32cd2c26f792:c4056, 84ef4577-07e0-4c8d-900e-d449eb7bf65d:c4056]
2019-07-10 10:04:01,484 INFO  client.GrpcClientProtocolClient (GrpcClientProtocolClient.java:onNext(255)) - client-3502B0E99E4B->68798575-c94b-44a6-b996-25df487e3c54: receive RaftClientReply:client-3502B0E99E4B->68798575-c94b-44a6-b996-25df487e3c54@group-48C576E544C9, cid=2718, SUCCESS, logIndex=0, commits[68798575-c94b-44a6-b996-25df487e3c54:c4061, 9ec8ead9-888e-415b-b04c-32cd2c26f792:c4059, 84ef4577-07e0-4c8d-900e-d449eb7bf65d:c4059]
2019-07-10 10:04:01,516 INFO  client.GrpcClientProtocolClient (GrpcClientProtocolClient.java:onNext(255)) - client-3502B0E99E4B->68798575-c94b-44a6-b996-25df487e3c54: receive RaftClientReply:client-3502B0E99E4B->68798575-c94b-44a6-b996-25df487e3c54@group-48C576E544C9, cid=2719, SUCCESS, logIndex=4062, commits[68798575-c94b-44a6-b996-25df487e3c54:c4063, 9ec8ead9-888e-415b-b04c-32cd2c26f792:c4061, 84ef4577-07e0-4c8d-900e-d449eb7bf65d:c4061]
2019-07-10 10:04:01,517 INFO  client.GrpcClientProtocolClient (GrpcClientProtocolClient.java:onNext(255)) - client-3502B0E99E4B->68798575-c94b-44a6-b996-25df487e3c54: receive RaftClientReply:client-3502B0E99E4B->68798575-c94b-44a6-b996-25df487e3c54@group-48C576E544C9, cid=2720, SUCCESS, logIndex=4063, commits[68798575-c94b-44a6-b996-25df487e3c54:c4063, 9ec8ead9-888e-415b-b04c-32cd2c26f792:c4061, 84ef4577-07e0-4c8d-900e-d449eb7bf65d:c4061]
2019-07-10 10:04:01,526 INFO  client.GrpcClientProtocolClient (GrpcClientProtocolClient.java:onNext(255)) - client-3502B0E99E4B->68798575-c94b-44a6-b996-25df487e3c54: receive RaftClientReply:client-3502B0E99E4B->68798575-c94b-44a6-b996-25df487e3c54@group-48C576E544C9, cid=2721, SUCCESS, logIndex=4064, commits[68798575-c94b-44a6-b996-25df487e3c54:c4065, 9ec8ead9-888e-415b-b04c-32cd2c26f792:c4061, 84ef4577-07e0-4c8d-900e-d449eb7bf65d:c4061]
2019-07-10 10:04:01,527 INFO  client.GrpcClientProtocolClient (GrpcClientProtocolClient.java:onNext(255)) - client-3502B0E99E4B->68798575-c94b-44a6-b996-25df487e3c54: receive RaftClientReply:client-3502B0E99E4B->68798575-c94b-44a6-b996-25df487e3c54@group-48C576E544C9, cid=2722, SUCCESS, logIndex=4065, commits[68798575-c94b-44a6-b996-25df487e3c54:c4065, 9ec8ead9-888e-415b-b04c-32cd2c26f792:c4061, 84ef4577-07e0-4c8d-900e-d449eb7bf65d:c4062]
2019-07-10 10:04:01,537 INFO  client.GrpcClientProtocolClient (GrpcClientProtocolClient.java:onNext(255)) - client-3502B0E99E4B->68798575-c94b-44a6-b996-25df487e3c54: receive RaftClientReply:client-3502B0E99E4B->68798575-c94b-44a6-b996-25df487e3c54@group-48C576E544C9, cid=2723, SUCCESS, logIndex=0, commits[68798575-c94b-44a6-b996-25df487e3c54:c4067, 9ec8ead9-888e-415b-b04c-32cd2c26f792:c4063, 84ef4577-07e0-4c8d-900e-d449eb7bf65d:c4063]
2019-07-10 10:04:01,559 INFO  client.GrpcClientProtocolClient (GrpcClientProtocolClient.java:onNext(255)) - client-3502B0E99E4B->68798575-c94b-44a6-b996-25df487e3c54: receive RaftClientReply:client-3502B0E99E4B->68798575-c94b-44a6-b996-25df487e3c54@group-48C576E544C9, cid=2724, SUCCESS, logIndex=4070, commits[68798575-c94b-44a6-b996-25df487e3c54:c4071, 9ec8ead9-888e-415b-b04c-32cd2c26f792:c4069, 84ef4577-07e0-4c8d-900e-d449eb7bf65d:c4069]
2019-07-10 10:04:01,560 INFO  client.GrpcClientProtocolClient (GrpcClientProtocolClient.java:onNext(255)) - client-3502B0E99E4B->68798575-c94b-44a6-b996-25df487e3c54: receive RaftClientReply:client-3502B0E99E4B->68798575-c94b-44a6-b996-25df487e3c54@group-48C576E544C9, cid=2725, SUCCESS, logIndex=4071, commits[68798575-c94b-44a6-b996-25df487e3c54:c4071, 9ec8ead9-888e-415b-b04c-32cd2c26f792:c4069, 84ef4577-07e0-4c8d-900e-d449eb7bf65d:c4069]
2019-07-10 10:04:01,586 INFO  client.GrpcClientProtocolClient (GrpcClientProtocolClient.java:onNext(255)) - client-3502B0E99E4B->68798575-c94b-44a6-b996-25df487e3c54: receive RaftClientReply:client-3502B0E99E4B->68798575-c94b-44a6-b996-25df487e3c54@group-48C576E544C9, cid=2726, SUCCESS, logIndex=4074, commits[68798575-c94b-44a6-b996-25df487e3c54:c4075, 9ec8ead9-888e-415b-b04c-32cd2c26f792:c4071, 84ef4577-07e0-4c8d-900e-d449eb7bf65d:c4071]
2019-07-10 10:04:01,587 INFO  client.GrpcClientProtocolClient (GrpcClientProtocolClient.java:onNext(255)) - client-3502B0E99E4B->68798575-c94b-44a6-b996-25df487e3c54: receive RaftClientReply:client-3502B0E99E4B->68798575-c94b-44a6-b996-25df487e3c54@group-48C576E544C9, cid=2727, SUCCESS, logIndex=4075, commits[68798575-c94b-44a6-b996-25df487e3c54:c4075, 9ec8ead9-888e-415b-b04c-32cd2c26f792:c4071, 84ef4577-07e0-4c8d-900e-d449eb7bf65d:c4071]
2019-07-10 10:04:01,598 INFO  client.GrpcClientProtocolClient (GrpcClientProtocolClient.java:onNext(255)) - client-3502B0E99E4B->68798575-c94b-44a6-b996-25df487e3c54: receive RaftClientReply:client-3502B0E99E4B->68798575-c94b-44a6-b996-25df487e3c54@group-48C576E544C9, cid=2728, SUCCESS, logIndex=0, commits[68798575-c94b-44a6-b996-25df487e3c54:c4076, 9ec8ead9-888e-415b-b04c-32cd2c26f792:c4075, 84ef4577-07e0-4c8d-900e-d449eb7bf65d:c4075]
2019-07-10 10:04:01,628 INFO  client.GrpcClientProtocolClient (GrpcClientProtocolClient.java:onNext(255)) - client-3502B0E99E4B->68798575-c94b-44a6-b996-25df487e3c54: receive RaftClientReply:client-3502B0E99E4B->68798575-c94b-44a6-b996-25df487e3c54@group-48C576E544C9, cid=2729, SUCCESS, logIndex=4078, commits[68798575-c94b-44a6-b996-25df487e3c54:c4079, 9ec8ead9-888e-415b-b04c-32cd2c26f792:c4077, 84ef4577-07e0-4c8d-900e-d449eb7bf65d:c4077]
2019-07-10 10:04:01,629 INFO  client.GrpcClientProtocolClient (GrpcClientProtocolClient.java:onNext(255)) - client-3502B0E99E4B->68798575-c94b-44a6-b996-25df487e3c54: receive RaftClientReply:client-3502B0E99E4B->68798575-c94b-44a6-b996-25df487e3c54@group-48C576E544C9, cid=2730, SUCCESS, logIndex=4079, commits[68798575-c94b-44a6-b996-25df487e3c54:c4079, 9ec8ead9-888e-415b-b04c-32cd2c26f792:c4077, 84ef4577-07e0-4c8d-900e-d449eb7bf65d:c4077]
2019-07-10 10:04:01,629 INFO  client.GrpcClientProtocolClient (GrpcClientProtocolClient.java:onNext(255)) - client-3502B0E99E4B->68798575-c94b-44a6-b996-25df487e3c54: receive RaftClientReply:client-3502B0E99E4B->68798575-c94b-44a6-b996-25df487e3c54@group-48C576E544C9, cid=2731, SUCCESS, logIndex=4080, commits[68798575-c94b-44a6-b996-25df487e3c54:c4081, 9ec8ead9-888e-415b-b04c-32cd2c26f792:c4077, 84ef4577-07e0-4c8d-900e-d449eb7bf65d:c4077]
2019-07-10 10:04:01,629 INFO  client.GrpcClientProtocolClient (GrpcClientProtocolClient.java:onNext(255)) - client-3502B0E99E4B->68798575-c94b-44a6-b996-25df487e3c54: receive RaftClientReply:client-3502B0E99E4B->68798575-c94b-44a6-b996-25df487e3c54@group-48C576E544C9, cid=2732, SUCCESS, logIndex=4081, commits[68798575-c94b-44a6-b996-25df487e3c54:c4081, 9ec8ead9-888e-415b-b04c-32cd2c26f792:c4077, 84ef4577-07e0-4c8d-900e-d449eb7bf65d:c4077]
2019-07-10 10:04:01,641 INFO  client.GrpcClientProtocolClient (GrpcClientProtocolClient.java:onNext(255)) - client-3502B0E99E4B->68798575-c94b-44a6-b996-25df487e3c54: receive RaftClientReply:client-3502B0E99E4B->68798575-c94b-44a6-b996-25df487e3c54@group-48C576E544C9, cid=2733, SUCCESS, logIndex=0, commits[68798575-c94b-44a6-b996-25df487e3c54:c4083, 9ec8ead9-888e-415b-b04c-32cd2c26f792:c4079, 84ef4577-07e0-4c8d-900e-d449eb7bf65d:c4079]
2019-07-10 10:04:01,671 INFO  client.GrpcClientProtocolClient (GrpcClientProtocolClient.java:onNext(255)) - client-3502B0E99E4B->68798575-c94b-44a6-b996-25df487e3c54: receive RaftClientReply:client-3502B0E99E4B->68798575-c94b-44a6-b996-25df487e3c54@group-48C576E544C9, cid=2734, SUCCESS, logIndex=4086, commits[68798575-c94b-44a6-b996-25df487e3c54:c4087, 9ec8ead9-888e-415b-b04c-32cd2c26f792:c4085, 84ef4577-07e0-4c8d-900e-d449eb7bf65d:c4085]
2019-07-10 10:04:01,672 INFO  client.GrpcClientProtocolClient (GrpcClientProtocolClient.java:onNext(255)) - client-3502B0E99E4B->68798575-c94b-44a6-b996-25df487e3c54: receive RaftClientReply:client-3502B0E99E4B->68798575-c94b-44a6-b996-25df487e3c54@group-48C576E544C9, cid=2735, SUCCESS, logIndex=4087, commits[68798575-c94b-44a6-b996-25df487e3c54:c4087, 9ec8ead9-888e-415b-b04c-32cd2c26f792:c4085, 84ef4577-07e0-4c8d-900e-d449eb7bf65d:c4085]
2019-07-10 10:04:01,699 INFO  client.GrpcClientProtocolClient (GrpcClientProtocolClient.java:onNext(255)) - client-3502B0E99E4B->68798575-c94b-44a6-b996-25df487e3c54: receive RaftClientReply:client-3502B0E99E4B->68798575-c94b-44a6-b996-25df487e3c54@group-48C576E544C9, cid=2736, SUCCESS, logIndex=4090, commits[68798575-c94b-44a6-b996-25df487e3c54:c4091, 9ec8ead9-888e-415b-b04c-32cd2c26f792:c4087, 84ef4577-07e0-4c8d-900e-d449eb7bf65d:c4088]
2019-07-10 10:04:01,700 INFO  client.GrpcClientProtocolClient (GrpcClientProtocolClient.java:onNext(255)) - client-3502B0E99E4B->68798575-c94b-44a6-b996-25df487e3c54: receive RaftClientReply:client-3502B0E99E4B->68798575-c94b-44a6-b996-25df487e3c54@group-48C576E544C9, cid=2737, SUCCESS, logIndex=4091, commits[68798575-c94b-44a6-b996-25df487e3c54:c4091, 9ec8ead9-888e-415b-b04c-32cd2c26f792:c4088, 84ef4577-07e0-4c8d-900e-d449eb7bf65d:c4088]
2019-07-10 10:04:01,702 INFO  client.GrpcClientProtocolClient (GrpcClientProtocolClient.java:onNext(255)) - client-3502B0E99E4B->68798575-c94b-44a6-b996-25df487e3c54: receive RaftClientReply:client-3502B0E99E4B->68798575-c94b-44a6-b996-25df487e3c54@group-48C576E544C9, cid=2738, SUCCESS, logIndex=0, commits[68798575-c94b-44a6-b996-25df487e3c54:c4092, 9ec8ead9-888e-415b-b04c-32cd2c26f792:c4091, 84ef4577-07e0-4c8d-900e-d449eb7bf65d:c4091]
2019-07-10 10:04:01,734 INFO  client.GrpcClientProtocolClient (GrpcClientProtocolClient.java:onNext(255)) - client-3502B0E99E4B->68798575-c94b-44a6-b996-25df487e3c54: receive RaftClientReply:client-3502B0E99E4B->68798575-c94b-44a6-b996-25df487e3c54@group-48C576E544C9, cid=2739, SUCCESS, logIndex=4093, commits[68798575-c94b-44a6-b996-25df487e3c54:c4095, 9ec8ead9-888e-415b-b04c-32cd2c26f792:c4092, 84ef4577-07e0-4c8d-900e-d449eb7bf65d:c4092]
2019-07-10 10:04:01,734 INFO  client.GrpcClientProtocolClient (GrpcClientProtocolClient.java:onNext(255)) - client-3502B0E99E4B->68798575-c94b-44a6-b996-25df487e3c54: receive RaftClientReply:client-3502B0E99E4B->68798575-c94b-44a6-b996-25df487e3c54@group-48C576E544C9, cid=2740, SUCCESS, logIndex=4094, commits[68798575-c94b-44a6-b996-25df487e3c54:c4096, 9ec8ead9-888e-415b-b04c-32cd2c26f792:c4092, 84ef4577-07e0-4c8d-900e-d449eb7bf65d:c4092]
2019-07-10 10:04:01,735 INFO  client.GrpcClientProtocolClient (GrpcClientProtocolClient.java:onNext(255)) - client-3502B0E99E4B->68798575-c94b-44a6-b996-25df487e3c54: receive RaftClientReply:client-3502B0E99E4B->68798575-c94b-44a6-b996-25df487e3c54@group-48C576E544C9, cid=2741, SUCCESS, logIndex=4095, commits[68798575-c94b-44a6-b996-25df487e3c54:c4096, 9ec8ead9-888e-415b-b04c-32cd2c26f792:c4092, 84ef4577-07e0-4c8d-900e-d449eb7bf65d:c4092]
2019-07-10 10:04:01,735 INFO  client.GrpcClientProtocolClient (GrpcClientProtocolClient.java:onNext(255)) - client-3502B0E99E4B->68798575-c94b-44a6-b996-25df487e3c54: receive RaftClientReply:client-3502B0E99E4B->68798575-c94b-44a6-b996-25df487e3c54@group-48C576E544C9, cid=2742, SUCCESS, logIndex=4096, commits[68798575-c94b-44a6-b996-25df487e3c54:c4097, 9ec8ead9-888e-415b-b04c-32cd2c26f792:c4092, 84ef4577-07e0-4c8d-900e-d449eb7bf65d:c4094]
2019-07-10 10:04:01,736 INFO  client.GrpcClientProtocolClient (GrpcClientProtocolClient.java:onNext(255)) - client-3502B0E99E4B->68798575-c94b-44a6-b996-25df487e3c54: receive RaftClientReply:client-3502B0E99E4B->68798575-c94b-44a6-b996-25df487e3c54@group-48C576E544C9, cid=2743, SUCCESS, logIndex=0, commits[68798575-c94b-44a6-b996-25df487e3c54:c4098, 9ec8ead9-888e-415b-b04c-32cd2c26f792:c4094, 84ef4577-07e0-4c8d-900e-d449eb7bf65d:c4094]
2019-07-10 10:04:01,749 INFO  client.GrpcClientProtocolClient (GrpcClientProtocolClient.java:onNext(255)) - client-3502B0E99E4B->68798575-c94b-44a6-b996-25df487e3c54: receive RaftClientReply:client-3502B0E99E4B->68798575-c94b-44a6-b996-25df487e3c54@group-48C576E544C9, cid=2744, SUCCESS, logIndex=4101, commits[68798575-c94b-44a6-b996-25df487e3c54:c4102, 9ec8ead9-888e-415b-b04c-32cd2c26f792:c4100, 84ef4577-07e0-4c8d-900e-d449eb7bf65d:c4100]
2019-07-10 10:04:01,749 INFO  client.GrpcClientProtocolClient (GrpcClientProtocolClient.java:onNext(255)) - client-3502B0E99E4B->68798575-c94b-44a6-b996-25df487e3c54: receive RaftClientReply:client-3502B0E99E4B->68798575-c94b-44a6-b996-25df487e3c54@group-48C576E544C9, cid=2745, SUCCESS, logIndex=4102, commits[68798575-c94b-44a6-b996-25df487e3c54:c4102, 9ec8ead9-888e-415b-b04c-32cd2c26f792:c4100, 84ef4577-07e0-4c8d-900e-d449eb7bf65d:c4100]
2019-07-10 10:04:01,763 INFO  client.GrpcClientProtocolClient (GrpcClientProtocolClient.java:onNext(255)) - client-3502B0E99E4B->68798575-c94b-44a6-b996-25df487e3c54: receive RaftClientReply:client-3502B0E99E4B->68798575-c94b-44a6-b996-25df487e3c54@group-48C576E544C9, cid=2746, SUCCESS, logIndex=4105, commits[68798575-c94b-44a6-b996-25df487e3c54:c4106, 9ec8ead9-888e-415b-b04c-32cd2c26f792:c4102, 84ef4577-07e0-4c8d-900e-d449eb7bf65d:c4102]
2019-07-10 10:04:01,764 INFO  client.GrpcClientProtocolClient (GrpcClientProtocolClient.java:onNext(255)) - client-3502B0E99E4B->68798575-c94b-44a6-b996-25df487e3c54: receive RaftClientReply:client-3502B0E99E4B->68798575-c94b-44a6-b996-25df487e3c54@group-48C576E544C9, cid=2747, SUCCESS, logIndex=4106, commits[68798575-c94b-44a6-b996-25df487e3c54:c4106, 9ec8ead9-888e-415b-b04c-32cd2c26f792:c4102, 84ef4577-07e0-4c8d-900e-d449eb7bf65d:c4102]
2019-07-10 10:04:01,785 INFO  client.GrpcClientProtocolClient (GrpcClientProtocolClient.java:onNext(255)) - client-3502B0E99E4B->68798575-c94b-44a6-b996-25df487e3c54: receive RaftClientReply:client-3502B0E99E4B->68798575-c94b-44a6-b996-25df487e3c54@group-48C576E544C9, cid=2748, SUCCESS, logIndex=0, commits[68798575-c94b-44a6-b996-25df487e3c54:c4108, 9ec8ead9-888e-415b-b04c-32cd2c26f792:c4106, 84ef4577-07e0-4c8d-900e-d449eb7bf65d:c4106]
 0.00% |█                                                                                                    |  0/1 Time: 0:00:252019-07-10 10:04:01,816 INFO  client.GrpcClientProtocolClient (GrpcClientProtocolClient.java:onNext(255)) - client-3502B0E99E4B->68798575-c94b-44a6-b996-25df487e3c54: receive RaftClientReply:client-3502B0E99E4B->68798575-c94b-44a6-b996-25df487e3c54@group-48C576E544C9, cid=2749, SUCCESS, logIndex=4109, commits[68798575-c94b-44a6-b996-25df487e3c54:c4110, 9ec8ead9-888e-415b-b04c-32cd2c26f792:c4108, 84ef4577-07e0-4c8d-900e-d449eb7bf65d:c4108]
2019-07-10 10:04:01,817 INFO  client.GrpcClientProtocolClient (GrpcClientProtocolClient.java:onNext(255)) - client-3502B0E99E4B->68798575-c94b-44a6-b996-25df487e3c54: receive RaftClientReply:client-3502B0E99E4B->68798575-c94b-44a6-b996-25df487e3c54@group-48C576E544C9, cid=2750, SUCCESS, logIndex=4110, commits[68798575-c94b-44a6-b996-25df487e3c54:c4110, 9ec8ead9-888e-415b-b04c-32cd2c26f792:c4108, 84ef4577-07e0-4c8d-900e-d449eb7bf65d:c4108]
2019-07-10 10:04:01,817 INFO  client.GrpcClientProtocolClient (GrpcClientProtocolClient.java:onNext(255)) - client-3502B0E99E4B->68798575-c94b-44a6-b996-25df487e3c54: receive RaftClientReply:client-3502B0E99E4B->68798575-c94b-44a6-b996-25df487e3c54@group-48C576E544C9, cid=2751, SUCCESS, logIndex=4111, commits[68798575-c94b-44a6-b996-25df487e3c54:c4112, 9ec8ead9-888e-415b-b04c-32cd2c26f792:c4108, 84ef4577-07e0-4c8d-900e-d449eb7bf65d:c4108]
2019-07-10 10:04:01,817 INFO  client.GrpcClientProtocolClient (GrpcClientProtocolClient.java:onNext(255)) - client-3502B0E99E4B->68798575-c94b-44a6-b996-25df487e3c54: receive RaftClientReply:client-3502B0E99E4B->68798575-c94b-44a6-b996-25df487e3c54@group-48C576E544C9, cid=2752, SUCCESS, logIndex=4112, commits[68798575-c94b-44a6-b996-25df487e3c54:c4112, 9ec8ead9-888e-415b-b04c-32cd2c26f792:c4108, 84ef4577-07e0-4c8d-900e-d449eb7bf65d:c4108]
2019-07-10 10:04:01,830 INFO  client.GrpcClientProtocolClient (GrpcClientProtocolClient.java:onNext(255)) - client-3502B0E99E4B->68798575-c94b-44a6-b996-25df487e3c54: receive RaftClientReply:client-3502B0E99E4B->68798575-c94b-44a6-b996-25df487e3c54@group-48C576E544C9, cid=2753, SUCCESS, logIndex=0, commits[68798575-c94b-44a6-b996-25df487e3c54:c4114, 9ec8ead9-888e-415b-b04c-32cd2c26f792:c4110, 84ef4577-07e0-4c8d-900e-d449eb7bf65d:c4110]
2019-07-10 10:04:01,847 INFO  client.GrpcClientProtocolClient (GrpcClientProtocolClient.java:onNext(255)) - client-3502B0E99E4B->68798575-c94b-44a6-b996-25df487e3c54: receive RaftClientReply:client-3502B0E99E4B->68798575-c94b-44a6-b996-25df487e3c54@group-48C576E544C9, cid=2754, SUCCESS, logIndex=4116, commits[68798575-c94b-44a6-b996-25df487e3c54:c4117, 9ec8ead9-888e-415b-b04c-32cd2c26f792:c4112, 84ef4577-07e0-4c8d-900e-d449eb7bf65d:c4115]
2019-07-10 10:04:01,857 INFO  client.GrpcClientProtocolClient (GrpcClientProtocolClient.java:onNext(255)) - client-3502B0E99E4B->68798575-c94b-44a6-b996-25df487e3c54: receive RaftClientReply:client-3502B0E99E4B->68798575-c94b-44a6-b996-25df487e3c54@group-48C576E544C9, cid=2755, SUCCESS, logIndex=4117, commits[68798575-c94b-44a6-b996-25df487e3c54:c4117, 9ec8ead9-888e-415b-b04c-32cd2c26f792:c4112, 84ef4577-07e0-4c8d-900e-d449eb7bf65d:c4115]
2019-07-10 10:04:01,874 INFO  client.GrpcClientProtocolClient (GrpcClientProtocolClient.java:onNext(255)) - client-3502B0E99E4B->68798575-c94b-44a6-b996-25df487e3c54: receive RaftClientReply:client-3502B0E99E4B->68798575-c94b-44a6-b996-25df487e3c54@group-48C576E544C9, cid=2756, SUCCESS, logIndex=4120, commits[68798575-c94b-44a6-b996-25df487e3c54:c4121, 9ec8ead9-888e-415b-b04c-32cd2c26f792:c4118, 84ef4577-07e0-4c8d-900e-d449eb7bf65d:c4118]
2019-07-10 10:04:01,875 INFO  client.GrpcClientProtocolClient (GrpcClientProtocolClient.java:onNext(255)) - client-3502B0E99E4B->68798575-c94b-44a6-b996-25df487e3c54: receive RaftClientReply:client-3502B0E99E4B->68798575-c94b-44a6-b996-25df487e3c54@group-48C576E544C9, cid=2757, SUCCESS, logIndex=4121, commits[68798575-c94b-44a6-b996-25df487e3c54:c4121, 9ec8ead9-888e-415b-b04c-32cd2c26f792:c4118, 84ef4577-07e0-4c8d-900e-d449eb7bf65d:c4118]
2019-07-10 10:04:01,903 INFO  client.GrpcClientProtocolClient (GrpcClientProtocolClient.java:onNext(255)) - client-3502B0E99E4B->68798575-c94b-44a6-b996-25df487e3c54: receive RaftClientReply:client-3502B0E99E4B->68798575-c94b-44a6-b996-25df487e3c54@group-48C576E544C9, cid=2758, SUCCESS, logIndex=0, commits[68798575-c94b-44a6-b996-25df487e3c54:c4123, 9ec8ead9-888e-415b-b04c-32cd2c26f792:c4121, 84ef4577-07e0-4c8d-900e-d449eb7bf65d:c4121]
2019-07-10 10:04:01,936 INFO  client.GrpcClientProtocolClient (GrpcClientProtocolClient.java:onNext(255)) - client-3502B0E99E4B->68798575-c94b-44a6-b996-25df487e3c54: receive RaftClientReply:client-3502B0E99E4B->68798575-c94b-44a6-b996-25df487e3c54@group-48C576E544C9, cid=2759, SUCCESS, logIndex=4124, commits[68798575-c94b-44a6-b996-25df487e3c54:c4125, 9ec8ead9-888e-415b-b04c-32cd2c26f792:c4123, 84ef4577-07e0-4c8d-900e-d449eb7bf65d:c4123]
2019-07-10 10:04:01,937 INFO  client.GrpcClientProtocolClient (GrpcClientProtocolClient.java:onNext(255)) - client-3502B0E99E4B->68798575-c94b-44a6-b996-25df487e3c54: receive RaftClientReply:client-3502B0E99E4B->68798575-c94b-44a6-b996-25df487e3c54@group-48C576E544C9, cid=2760, SUCCESS, logIndex=4125, commits[68798575-c94b-44a6-b996-25df487e3c54:c4125, 9ec8ead9-888e-415b-b04c-32cd2c26f792:c4123, 84ef4577-07e0-4c8d-900e-d449eb7bf65d:c4123]
2019-07-10 10:04:01,937 INFO  client.GrpcClientProtocolClient (GrpcClientProtocolClient.java:onNext(255)) - client-3502B0E99E4B->68798575-c94b-44a6-b996-25df487e3c54: receive RaftClientReply:client-3502B0E99E4B->68798575-c94b-44a6-b996-25df487e3c54@group-48C576E544C9, cid=2761, SUCCESS, logIndex=4126, commits[68798575-c94b-44a6-b996-25df487e3c54:c4127, 9ec8ead9-888e-415b-b04c-32cd2c26f792:c4123, 84ef4577-07e0-4c8d-900e-d449eb7bf65d:c4123]
2019-07-10 10:04:01,937 INFO  client.GrpcClientProtocolClient (GrpcClientProtocolClient.java:onNext(255)) - client-3502B0E99E4B->68798575-c94b-44a6-b996-25df487e3c54: receive RaftClientReply:client-3502B0E99E4B->68798575-c94b-44a6-b996-25df487e3c54@group-48C576E544C9, cid=2762, SUCCESS, logIndex=4127, commits[68798575-c94b-44a6-b996-25df487e3c54:c4127, 9ec8ead9-888e-415b-b04c-32cd2c26f792:c4123, 84ef4577-07e0-4c8d-900e-d449eb7bf65d:c4123]
2019-07-10 10:04:02,072 INFO  client.GrpcClientProtocolClient (GrpcClientProtocolClient.java:onNext(255)) - client-3502B0E99E4B->68798575-c94b-44a6-b996-25df487e3c54: receive RaftClientReply:client-3502B0E99E4B->68798575-c94b-44a6-b996-25df487e3c54@group-48C576E544C9, cid=2763, SUCCESS, logIndex=0, commits[68798575-c94b-44a6-b996-25df487e3c54:c4129, 9ec8ead9-888e-415b-b04c-32cd2c26f792:c4125, 84ef4577-07e0-4c8d-900e-d449eb7bf65d:c4125]
2019-07-10 10:04:02,094 INFO  client.GrpcClientProtocolClient (GrpcClientProtocolClient.java:onNext(255)) - client-3502B0E99E4B->68798575-c94b-44a6-b996-25df487e3c54: receive RaftClientReply:client-3502B0E99E4B->68798575-c94b-44a6-b996-25df487e3c54@group-48C576E544C9, cid=2764, SUCCESS, logIndex=4132, commits[68798575-c94b-44a6-b996-25df487e3c54:c4133, 9ec8ead9-888e-415b-b04c-32cd2c26f792:c4131, 84ef4577-07e0-4c8d-900e-d449eb7bf65d:c4131]
2019-07-10 10:04:02,095 INFO  client.GrpcClientProtocolClient (GrpcClientProtocolClient.java:onNext(255)) - client-3502B0E99E4B->68798575-c94b-44a6-b996-25df487e3c54: receive RaftClientReply:client-3502B0E99E4B->68798575-c94b-44a6-b996-25df487e3c54@group-48C576E544C9, cid=2765, SUCCESS, logIndex=4133, commits[68798575-c94b-44a6-b996-25df487e3c54:c4133, 9ec8ead9-888e-415b-b04c-32cd2c26f792:c4131, 84ef4577-07e0-4c8d-900e-d449eb7bf65d:c4131]
2019-07-10 10:04:02,116 INFO  client.GrpcClientProtocolClient (GrpcClientProtocolClient.java:onNext(255)) - client-3502B0E99E4B->68798575-c94b-44a6-b996-25df487e3c54: receive RaftClientReply:client-3502B0E99E4B->68798575-c94b-44a6-b996-25df487e3c54@group-48C576E544C9, cid=2766, SUCCESS, logIndex=4136, commits[68798575-c94b-44a6-b996-25df487e3c54:c4137, 9ec8ead9-888e-415b-b04c-32cd2c26f792:c4133, 84ef4577-07e0-4c8d-900e-d449eb7bf65d:c4133]
2019-07-10 10:04:02,116 INFO  client.GrpcClientProtocolClient (GrpcClientProtocolClient.java:onNext(255)) - client-3502B0E99E4B->68798575-c94b-44a6-b996-25df487e3c54: receive RaftClientReply:client-3502B0E99E4B->68798575-c94b-44a6-b996-25df487e3c54@group-48C576E544C9, cid=2767, SUCCESS, logIndex=4137, commits[68798575-c94b-44a6-b996-25df487e3c54:c4137, 9ec8ead9-888e-415b-b04c-32cd2c26f792:c4133, 84ef4577-07e0-4c8d-900e-d449eb7bf65d:c4133]
2019-07-10 10:04:02,128 INFO  client.GrpcClientProtocolClient (GrpcClientProtocolClient.java:onNext(255)) - client-3502B0E99E4B->68798575-c94b-44a6-b996-25df487e3c54: receive RaftClientReply:client-3502B0E99E4B->68798575-c94b-44a6-b996-25df487e3c54@group-48C576E544C9, cid=2768, SUCCESS, logIndex=0, commits[68798575-c94b-44a6-b996-25df487e3c54:c4138, 9ec8ead9-888e-415b-b04c-32cd2c26f792:c4137, 84ef4577-07e0-4c8d-900e-d449eb7bf65d:c4137]
2019-07-10 10:04:02,155 INFO  client.GrpcClientProtocolClient (GrpcClientProtocolClient.java:onNext(255)) - client-3502B0E99E4B->68798575-c94b-44a6-b996-25df487e3c54: receive RaftClientReply:client-3502B0E99E4B->68798575-c94b-44a6-b996-25df487e3c54@group-48C576E544C9, cid=2769, SUCCESS, logIndex=4140, commits[68798575-c94b-44a6-b996-25df487e3c54:c4141, 9ec8ead9-888e-415b-b04c-32cd2c26f792:c4137, 84ef4577-07e0-4c8d-900e-d449eb7bf65d:c4139]
2019-07-10 10:04:02,156 INFO  client.GrpcClientProtocolClient (GrpcClientProtocolClient.java:onNext(255)) - client-3502B0E99E4B->68798575-c94b-44a6-b996-25df487e3c54: receive RaftClientReply:client-3502B0E99E4B->68798575-c94b-44a6-b996-25df487e3c54@group-48C576E544C9, cid=2770, SUCCESS, logIndex=4141, commits[68798575-c94b-44a6-b996-25df487e3c54:c4143, 9ec8ead9-888e-415b-b04c-32cd2c26f792:c4139, 84ef4577-07e0-4c8d-900e-d449eb7bf65d:c4139]
2019-07-10 10:04:02,157 INFO  client.GrpcClientProtocolClient (GrpcClientProtocolClient.java:onNext(255)) - client-3502B0E99E4B->68798575-c94b-44a6-b996-25df487e3c54: receive RaftClientReply:client-3502B0E99E4B->68798575-c94b-44a6-b996-25df487e3c54@group-48C576E544C9, cid=2771, SUCCESS, logIndex=4142, commits[68798575-c94b-44a6-b996-25df487e3c54:c4143, 9ec8ead9-888e-415b-b04c-32cd2c26f792:c4139, 84ef4577-07e0-4c8d-900e-d449eb7bf65d:c4139]
2019-07-10 10:04:02,157 INFO  client.GrpcClientProtocolClient (GrpcClientProtocolClient.java:onNext(255)) - client-3502B0E99E4B->68798575-c94b-44a6-b996-25df487e3c54: receive RaftClientReply:client-3502B0E99E4B->68798575-c94b-44a6-b996-25df487e3c54@group-48C576E544C9, cid=2772, SUCCESS, logIndex=4143, commits[68798575-c94b-44a6-b996-25df487e3c54:c4143, 9ec8ead9-888e-415b-b04c-32cd2c26f792:c4139, 84ef4577-07e0-4c8d-900e-d449eb7bf65d:c4139]
2019-07-10 10:04:02,158 INFO  client.GrpcClientProtocolClient (GrpcClientProtocolClient.java:onNext(255)) - client-3502B0E99E4B->68798575-c94b-44a6-b996-25df487e3c54: receive RaftClientReply:client-3502B0E99E4B->68798575-c94b-44a6-b996-25df487e3c54@group-48C576E544C9, cid=2773, SUCCESS, logIndex=0, commits[68798575-c94b-44a6-b996-25df487e3c54:c4146, 9ec8ead9-888e-415b-b04c-32cd2c26f792:c4142, 84ef4577-07e0-4c8d-900e-d449eb7bf65d:c4142]
2019-07-10 10:04:02,178 INFO  client.GrpcClientProtocolClient (GrpcClientProtocolClient.java:onNext(255)) - client-3502B0E99E4B->68798575-c94b-44a6-b996-25df487e3c54: receive RaftClientReply:client-3502B0E99E4B->68798575-c94b-44a6-b996-25df487e3c54@group-48C576E544C9, cid=2774, SUCCESS, logIndex=4148, commits[68798575-c94b-44a6-b996-25df487e3c54:c4149, 9ec8ead9-888e-415b-b04c-32cd2c26f792:c4143, 84ef4577-07e0-4c8d-900e-d449eb7bf65d:c4147]
2019-07-10 10:04:02,178 INFO  client.GrpcClientProtocolClient (GrpcClientProtocolClient.java:onNext(255)) - client-3502B0E99E4B->68798575-c94b-44a6-b996-25df487e3c54: receive RaftClientReply:client-3502B0E99E4B->68798575-c94b-44a6-b996-25df487e3c54@group-48C576E544C9, cid=2775, SUCCESS, logIndex=4149, commits[68798575-c94b-44a6-b996-25df487e3c54:c4149, 9ec8ead9-888e-415b-b04c-32cd2c26f792:c4147, 84ef4577-07e0-4c8d-900e-d449eb7bf65d:c4147]
2019-07-10 10:04:02,201 INFO  client.GrpcClientProtocolClient (GrpcClientProtocolClient.java:onNext(255)) - client-3502B0E99E4B->68798575-c94b-44a6-b996-25df487e3c54: receive RaftClientReply:client-3502B0E99E4B->68798575-c94b-44a6-b996-25df487e3c54@group-48C576E544C9, cid=2776, SUCCESS, logIndex=4152, commits[68798575-c94b-44a6-b996-25df487e3c54:c4153, 9ec8ead9-888e-415b-b04c-32cd2c26f792:c4149, 84ef4577-07e0-4c8d-900e-d449eb7bf65d:c4149]
2019-07-10 10:04:02,201 INFO  client.GrpcClientProtocolClient (GrpcClientProtocolClient.java:onNext(255)) - client-3502B0E99E4B->68798575-c94b-44a6-b996-25df487e3c54: receive RaftClientReply:client-3502B0E99E4B->68798575-c94b-44a6-b996-25df487e3c54@group-48C576E544C9, cid=2777, SUCCESS, logIndex=4153, commits[68798575-c94b-44a6-b996-25df487e3c54:c4153, 9ec8ead9-888e-415b-b04c-32cd2c26f792:c4149, 84ef4577-07e0-4c8d-900e-d449eb7bf65d:c4149]
2019-07-10 10:04:02,212 INFO  client.GrpcClientProtocolClient (GrpcClientProtocolClient.java:onNext(255)) - client-3502B0E99E4B->68798575-c94b-44a6-b996-25df487e3c54: receive RaftClientReply:client-3502B0E99E4B->68798575-c94b-44a6-b996-25df487e3c54@group-48C576E544C9, cid=2778, SUCCESS, logIndex=0, commits[68798575-c94b-44a6-b996-25df487e3c54:c4154, 9ec8ead9-888e-415b-b04c-32cd2c26f792:c4153, 84ef4577-07e0-4c8d-900e-d449eb7bf65d:c4153]
2019-07-10 10:04:02,242 INFO  client.GrpcClientProtocolClient (GrpcClientProtocolClient.java:onNext(255)) - client-3502B0E99E4B->68798575-c94b-44a6-b996-25df487e3c54: receive RaftClientReply:client-3502B0E99E4B->68798575-c94b-44a6-b996-25df487e3c54@group-48C576E544C9, cid=2779, SUCCESS, logIndex=4156, commits[68798575-c94b-44a6-b996-25df487e3c54:c4157, 9ec8ead9-888e-415b-b04c-32cd2c26f792:c4155, 84ef4577-07e0-4c8d-900e-d449eb7bf65d:c4155]
2019-07-10 10:04:02,242 INFO  client.GrpcClientProtocolClient (GrpcClientProtocolClient.java:onNext(255)) - client-3502B0E99E4B->68798575-c94b-44a6-b996-25df487e3c54: receive RaftClientReply:client-3502B0E99E4B->68798575-c94b-44a6-b996-25df487e3c54@group-48C576E544C9, cid=2780, SUCCESS, logIndex=4157, commits[68798575-c94b-44a6-b996-25df487e3c54:c4158, 9ec8ead9-888e-415b-b04c-32cd2c26f792:c4155, 84ef4577-07e0-4c8d-900e-d449eb7bf65d:c4155]
2019-07-10 10:04:02,243 INFO  client.GrpcClientProtocolClient (GrpcClientProtocolClient.java:onNext(255)) - client-3502B0E99E4B->68798575-c94b-44a6-b996-25df487e3c54: receive RaftClientReply:client-3502B0E99E4B->68798575-c94b-44a6-b996-25df487e3c54@group-48C576E544C9, cid=2781, SUCCESS, logIndex=4158, commits[68798575-c94b-44a6-b996-25df487e3c54:c4159, 9ec8ead9-888e-415b-b04c-32cd2c26f792:c4155, 84ef4577-07e0-4c8d-900e-d449eb7bf65d:c4155]
2019-07-10 10:04:02,243 INFO  client.GrpcClientProtocolClient (GrpcClientProtocolClient.java:onNext(255)) - client-3502B0E99E4B->68798575-c94b-44a6-b996-25df487e3c54: receive RaftClientReply:client-3502B0E99E4B->68798575-c94b-44a6-b996-25df487e3c54@group-48C576E544C9, cid=2782, SUCCESS, logIndex=4159, commits[68798575-c94b-44a6-b996-25df487e3c54:c4159, 9ec8ead9-888e-415b-b04c-32cd2c26f792:c4155, 84ef4577-07e0-4c8d-900e-d449eb7bf65d:c4155]
2019-07-10 10:04:02,244 INFO  client.GrpcClientProtocolClient (GrpcClientProtocolClient.java:onNext(255)) - client-3502B0E99E4B->68798575-c94b-44a6-b996-25df487e3c54: receive RaftClientReply:client-3502B0E99E4B->68798575-c94b-44a6-b996-25df487e3c54@group-48C576E544C9, cid=2783, SUCCESS, logIndex=0, commits[68798575-c94b-44a6-b996-25df487e3c54:c4161, 9ec8ead9-888e-415b-b04c-32cd2c26f792:c4157, 84ef4577-07e0-4c8d-900e-d449eb7bf65d:c4157]
2019-07-10 10:04:02,264 INFO  client.GrpcClientProtocolClient (GrpcClientProtocolClient.java:onNext(255)) - client-3502B0E99E4B->68798575-c94b-44a6-b996-25df487e3c54: receive RaftClientReply:client-3502B0E99E4B->68798575-c94b-44a6-b996-25df487e3c54@group-48C576E544C9, cid=2784, SUCCESS, logIndex=4164, commits[68798575-c94b-44a6-b996-25df487e3c54:c4165, 9ec8ead9-888e-415b-b04c-32cd2c26f792:c4163, 84ef4577-07e0-4c8d-900e-d449eb7bf65d:c4163]
2019-07-10 10:04:02,265 INFO  client.GrpcClientProtocolClient (GrpcClientProtocolClient.java:onNext(255)) - client-3502B0E99E4B->68798575-c94b-44a6-b996-25df487e3c54: receive RaftClientReply:client-3502B0E99E4B->68798575-c94b-44a6-b996-25df487e3c54@group-48C576E544C9, cid=2785, SUCCESS, logIndex=4165, commits[68798575-c94b-44a6-b996-25df487e3c54:c4165, 9ec8ead9-888e-415b-b04c-32cd2c26f792:c4163, 84ef4577-07e0-4c8d-900e-d449eb7bf65d:c4163]
2019-07-10 10:04:02,279 INFO  client.GrpcClientProtocolClient (GrpcClientProtocolClient.java:onNext(255)) - client-3502B0E99E4B->68798575-c94b-44a6-b996-25df487e3c54: receive RaftClientReply:client-3502B0E99E4B->68798575-c94b-44a6-b996-25df487e3c54@group-48C576E544C9, cid=2786, SUCCESS, logIndex=4168, commits[68798575-c94b-44a6-b996-25df487e3c54:c4169, 9ec8ead9-888e-415b-b04c-32cd2c26f792:c4165, 84ef4577-07e0-4c8d-900e-d449eb7bf65d:c4165]
2019-07-10 10:04:02,280 INFO  client.GrpcClientProtocolClient (GrpcClientProtocolClient.java:onNext(255)) - client-3502B0E99E4B->68798575-c94b-44a6-b996-25df487e3c54: receive RaftClientReply:client-3502B0E99E4B->68798575-c94b-44a6-b996-25df487e3c54@group-48C576E544C9, cid=2787, SUCCESS, logIndex=4169, commits[68798575-c94b-44a6-b996-25df487e3c54:c4169, 9ec8ead9-888e-415b-b04c-32cd2c26f792:c4165, 84ef4577-07e0-4c8d-900e-d449eb7bf65d:c4165]
2019-07-10 10:04:02,293 INFO  client.GrpcClientProtocolClient (GrpcClientProtocolClient.java:onNext(255)) - client-3502B0E99E4B->68798575-c94b-44a6-b996-25df487e3c54: receive RaftClientReply:client-3502B0E99E4B->68798575-c94b-44a6-b996-25df487e3c54@group-48C576E544C9, cid=2788, SUCCESS, logIndex=0, commits[68798575-c94b-44a6-b996-25df487e3c54:c4169, 9ec8ead9-888e-415b-b04c-32cd2c26f792:c4169, 84ef4577-07e0-4c8d-900e-d449eb7bf65d:c4169]
2019-07-10 10:04:02,324 INFO  client.GrpcClientProtocolClient (GrpcClientProtocolClient.java:onNext(255)) - client-3502B0E99E4B->68798575-c94b-44a6-b996-25df487e3c54: receive RaftClientReply:client-3502B0E99E4B->68798575-c94b-44a6-b996-25df487e3c54@group-48C576E544C9, cid=2789, SUCCESS, logIndex=4172, commits[68798575-c94b-44a6-b996-25df487e3c54:c4173, 9ec8ead9-888e-415b-b04c-32cd2c26f792:c4171, 84ef4577-07e0-4c8d-900e-d449eb7bf65d:c4171]
2019-07-10 10:04:02,325 INFO  client.GrpcClientProtocolClient (GrpcClientProtocolClient.java:onNext(255)) - client-3502B0E99E4B->68798575-c94b-44a6-b996-25df487e3c54: receive RaftClientReply:client-3502B0E99E4B->68798575-c94b-44a6-b996-25df487e3c54@group-48C576E544C9, cid=2790, SUCCESS, logIndex=4173, commits[68798575-c94b-44a6-b996-25df487e3c54:c4173, 9ec8ead9-888e-415b-b04c-32cd2c26f792:c4171, 84ef4577-07e0-4c8d-900e-d449eb7bf65d:c4171]
2019-07-10 10:04:02,337 INFO  client.GrpcClientProtocolClient (GrpcClientProtocolClient.java:onNext(255)) - client-3502B0E99E4B->68798575-c94b-44a6-b996-25df487e3c54: receive RaftClientReply:client-3502B0E99E4B->68798575-c94b-44a6-b996-25df487e3c54@group-48C576E544C9, cid=2791, SUCCESS, logIndex=4174, commits[68798575-c94b-44a6-b996-25df487e3c54:c4175, 9ec8ead9-888e-415b-b04c-32cd2c26f792:c4171, 84ef4577-07e0-4c8d-900e-d449eb7bf65d:c4171]
2019-07-10 10:04:02,337 INFO  client.GrpcClientProtocolClient (GrpcClientProtocolClient.java:onNext(255)) - client-3502B0E99E4B->68798575-c94b-44a6-b996-25df487e3c54: receive RaftClientReply:client-3502B0E99E4B->68798575-c94b-44a6-b996-25df487e3c54@group-48C576E544C9, cid=2792, SUCCESS, logIndex=4175, commits[68798575-c94b-44a6-b996-25df487e3c54:c4175, 9ec8ead9-888e-415b-b04c-32cd2c26f792:c4171, 84ef4577-07e0-4c8d-900e-d449eb7bf65d:c4171]
2019-07-10 10:04:02,347 INFO  client.GrpcClientProtocolClient (GrpcClientProtocolClient.java:onNext(255)) - client-3502B0E99E4B->68798575-c94b-44a6-b996-25df487e3c54: receive RaftClientReply:client-3502B0E99E4B->68798575-c94b-44a6-b996-25df487e3c54@group-48C576E544C9, cid=2793, SUCCESS, logIndex=0, commits[68798575-c94b-44a6-b996-25df487e3c54:c4177, 9ec8ead9-888e-415b-b04c-32cd2c26f792:c4173, 84ef4577-07e0-4c8d-900e-d449eb7bf65d:c4173]
2019-07-10 10:04:02,358 INFO  client.GrpcClientProtocolClient (GrpcClientProtocolClient.java:onNext(255)) - client-3502B0E99E4B->68798575-c94b-44a6-b996-25df487e3c54: receive RaftClientReply:client-3502B0E99E4B->68798575-c94b-44a6-b996-25df487e3c54@group-48C576E544C9, cid=2794, SUCCESS, logIndex=4180, commits[68798575-c94b-44a6-b996-25df487e3c54:c4181, 9ec8ead9-888e-415b-b04c-32cd2c26f792:c4177, 84ef4577-07e0-4c8d-900e-d449eb7bf65d:c4177]
2019-07-10 10:04:02,358 INFO  client.GrpcClientProtocolClient (GrpcClientProtocolClient.java:onNext(255)) - client-3502B0E99E4B->68798575-c94b-44a6-b996-25df487e3c54: receive RaftClientReply:client-3502B0E99E4B->68798575-c94b-44a6-b996-25df487e3c54@group-48C576E544C9, cid=2795, SUCCESS, logIndex=4181, commits[68798575-c94b-44a6-b996-25df487e3c54:c4181, 9ec8ead9-888e-415b-b04c-32cd2c26f792:c4177, 84ef4577-07e0-4c8d-900e-d449eb7bf65d:c4177]
2019-07-10 10:04:02,373 INFO  client.GrpcClientProtocolClient (GrpcClientProtocolClient.java:onNext(255)) - client-3502B0E99E4B->68798575-c94b-44a6-b996-25df487e3c54: receive RaftClientReply:client-3502B0E99E4B->68798575-c94b-44a6-b996-25df487e3c54@group-48C576E544C9, cid=2796, SUCCESS, logIndex=4184, commits[68798575-c94b-44a6-b996-25df487e3c54:c4185, 9ec8ead9-888e-415b-b04c-32cd2c26f792:c4180, 84ef4577-07e0-4c8d-900e-d449eb7bf65d:c4181]
2019-07-10 10:04:02,373 INFO  client.GrpcClientProtocolClient (GrpcClientProtocolClient.java:onNext(255)) - client-3502B0E99E4B->68798575-c94b-44a6-b996-25df487e3c54: receive RaftClientReply:client-3502B0E99E4B->68798575-c94b-44a6-b996-25df487e3c54@group-48C576E544C9, cid=2797, SUCCESS, logIndex=4185, commits[68798575-c94b-44a6-b996-25df487e3c54:c4185, 9ec8ead9-888e-415b-b04c-32cd2c26f792:c4181, 84ef4577-07e0-4c8d-900e-d449eb7bf65d:c4181]
2019-07-10 10:04:02,383 INFO  client.GrpcClientProtocolClient (GrpcClientProtocolClient.java:onNext(255)) - client-3502B0E99E4B->68798575-c94b-44a6-b996-25df487e3c54: receive RaftClientReply:client-3502B0E99E4B->68798575-c94b-44a6-b996-25df487e3c54@group-48C576E544C9, cid=2798, SUCCESS, logIndex=0, commits[68798575-c94b-44a6-b996-25df487e3c54:c4185, 9ec8ead9-888e-415b-b04c-32cd2c26f792:c4185, 84ef4577-07e0-4c8d-900e-d449eb7bf65d:c4185]
2019-07-10 10:04:02,407 INFO  client.GrpcClientProtocolClient (GrpcClientProtocolClient.java:onNext(255)) - client-3502B0E99E4B->68798575-c94b-44a6-b996-25df487e3c54: receive RaftClientReply:client-3502B0E99E4B->68798575-c94b-44a6-b996-25df487e3c54@group-48C576E544C9, cid=2799, SUCCESS, logIndex=4187, commits[68798575-c94b-44a6-b996-25df487e3c54:c4189, 9ec8ead9-888e-415b-b04c-32cd2c26f792:c4186, 84ef4577-07e0-4c8d-900e-d449eb7bf65d:c4186]
2019-07-10 10:04:02,408 INFO  client.GrpcClientProtocolClient (GrpcClientProtocolClient.java:onNext(255)) - client-3502B0E99E4B->68798575-c94b-44a6-b996-25df487e3c54: receive RaftClientReply:client-3502B0E99E4B->68798575-c94b-44a6-b996-25df487e3c54@group-48C576E544C9, cid=2800, SUCCESS, logIndex=4188, commits[68798575-c94b-44a6-b996-25df487e3c54:c4190, 9ec8ead9-888e-415b-b04c-32cd2c26f792:c4186, 84ef4577-07e0-4c8d-900e-d449eb7bf65d:c4186]
2019-07-10 10:04:02,408 INFO  client.GrpcClientProtocolClient (GrpcClientProtocolClient.java:onNext(255)) - client-3502B0E99E4B->68798575-c94b-44a6-b996-25df487e3c54: receive RaftClientReply:client-3502B0E99E4B->68798575-c94b-44a6-b996-25df487e3c54@group-48C576E544C9, cid=2801, SUCCESS, logIndex=4189, commits[68798575-c94b-44a6-b996-25df487e3c54:c4190, 9ec8ead9-888e-415b-b04c-32cd2c26f792:c4186, 84ef4577-07e0-4c8d-900e-d449eb7bf65d:c4186]
2019-07-10 10:04:02,409 INFO  client.GrpcClientProtocolClient (GrpcClientProtocolClient.java:onNext(255)) - client-3502B0E99E4B->68798575-c94b-44a6-b996-25df487e3c54: receive RaftClientReply:client-3502B0E99E4B->68798575-c94b-44a6-b996-25df487e3c54@group-48C576E544C9, cid=2802, SUCCESS, logIndex=4190, commits[68798575-c94b-44a6-b996-25df487e3c54:c4190, 9ec8ead9-888e-415b-b04c-32cd2c26f792:c4186, 84ef4577-07e0-4c8d-900e-d449eb7bf65d:c4186]
2019-07-10 10:04:02,409 INFO  client.GrpcClientProtocolClient (GrpcClientProtocolClient.java:onNext(255)) - client-3502B0E99E4B->68798575-c94b-44a6-b996-25df487e3c54: receive RaftClientReply:client-3502B0E99E4B->68798575-c94b-44a6-b996-25df487e3c54@group-48C576E544C9, cid=2803, SUCCESS, logIndex=0, commits[68798575-c94b-44a6-b996-25df487e3c54:c4192, 9ec8ead9-888e-415b-b04c-32cd2c26f792:c4188, 84ef4577-07e0-4c8d-900e-d449eb7bf65d:c4188]
2019-07-10 10:04:02,430 INFO  client.GrpcClientProtocolClient (GrpcClientProtocolClient.java:onNext(255)) - client-3502B0E99E4B->68798575-c94b-44a6-b996-25df487e3c54: receive RaftClientReply:client-3502B0E99E4B->68798575-c94b-44a6-b996-25df487e3c54@group-48C576E544C9, cid=2804, SUCCESS, logIndex=4195, commits[68798575-c94b-44a6-b996-25df487e3c54:c4196, 9ec8ead9-888e-415b-b04c-32cd2c26f792:c4190, 84ef4577-07e0-4c8d-900e-d449eb7bf65d:c4193]
2019-07-10 10:04:02,431 INFO  client.GrpcClientProtocolClient (GrpcClientProtocolClient.java:onNext(255)) - client-3502B0E99E4B->68798575-c94b-44a6-b996-25df487e3c54: receive RaftClientReply:client-3502B0E99E4B->68798575-c94b-44a6-b996-25df487e3c54@group-48C576E544C9, cid=2805, SUCCESS, logIndex=4196, commits[68798575-c94b-44a6-b996-25df487e3c54:c4196, 9ec8ead9-888e-415b-b04c-32cd2c26f792:c4193, 84ef4577-07e0-4c8d-900e-d449eb7bf65d:c4193]
2019-07-10 10:04:02,453 INFO  client.GrpcClientProtocolClient (GrpcClientProtocolClient.java:onNext(255)) - client-3502B0E99E4B->68798575-c94b-44a6-b996-25df487e3c54: receive RaftClientReply:client-3502B0E99E4B->68798575-c94b-44a6-b996-25df487e3c54@group-48C576E544C9, cid=2806, SUCCESS, logIndex=4199, commits[68798575-c94b-44a6-b996-25df487e3c54:c4200, 9ec8ead9-888e-415b-b04c-32cd2c26f792:c4196, 84ef4577-07e0-4c8d-900e-d449eb7bf65d:c4197]
2019-07-10 10:04:02,461 INFO  client.GrpcClientProtocolClient (GrpcClientProtocolClient.java:onNext(255)) - client-3502B0E99E4B->68798575-c94b-44a6-b996-25df487e3c54: receive RaftClientReply:client-3502B0E99E4B->68798575-c94b-44a6-b996-25df487e3c54@group-48C576E544C9, cid=2807, SUCCESS, logIndex=4200, commits[68798575-c94b-44a6-b996-25df487e3c54:c4200, 9ec8ead9-888e-415b-b04c-32cd2c26f792:c4196, 84ef4577-07e0-4c8d-900e-d449eb7bf65d:c4197]
2019-07-10 10:04:02,475 INFO  client.GrpcClientProtocolClient (GrpcClientProtocolClient.java:onNext(255)) - client-3502B0E99E4B->68798575-c94b-44a6-b996-25df487e3c54: receive RaftClientReply:client-3502B0E99E4B->68798575-c94b-44a6-b996-25df487e3c54@group-48C576E544C9, cid=2808, SUCCESS, logIndex=0, commits[68798575-c94b-44a6-b996-25df487e3c54:c4201, 9ec8ead9-888e-415b-b04c-32cd2c26f792:c4200, 84ef4577-07e0-4c8d-900e-d449eb7bf65d:c4200]
2019-07-10 10:04:02,508 INFO  client.GrpcClientProtocolClient (GrpcClientProtocolClient.java:onNext(255)) - client-3502B0E99E4B->68798575-c94b-44a6-b996-25df487e3c54: receive RaftClientReply:client-3502B0E99E4B->68798575-c94b-44a6-b996-25df487e3c54@group-48C576E544C9, cid=2809, SUCCESS, logIndex=4203, commits[68798575-c94b-44a6-b996-25df487e3c54:c4204, 9ec8ead9-888e-415b-b04c-32cd2c26f792:c4202, 84ef4577-07e0-4c8d-900e-d449eb7bf65d:c4202]
2019-07-10 10:04:02,509 INFO  client.GrpcClientProtocolClient (GrpcClientProtocolClient.java:onNext(255)) - client-3502B0E99E4B->68798575-c94b-44a6-b996-25df487e3c54: receive RaftClientReply:client-3502B0E99E4B->68798575-c94b-44a6-b996-25df487e3c54@group-48C576E544C9, cid=2810, SUCCESS, logIndex=4204, commits[68798575-c94b-44a6-b996-25df487e3c54:c4204, 9ec8ead9-888e-415b-b04c-32cd2c26f792:c4202, 84ef4577-07e0-4c8d-900e-d449eb7bf65d:c4202]
2019-07-10 10:04:02,510 INFO  client.GrpcClientProtocolClient (GrpcClientProtocolClient.java:onNext(255)) - client-3502B0E99E4B->68798575-c94b-44a6-b996-25df487e3c54: receive RaftClientReply:client-3502B0E99E4B->68798575-c94b-44a6-b996-25df487e3c54@group-48C576E544C9, cid=2811, SUCCESS, logIndex=4205, commits[68798575-c94b-44a6-b996-25df487e3c54:c4206, 9ec8ead9-888e-415b-b04c-32cd2c26f792:c4202, 84ef4577-07e0-4c8d-900e-d449eb7bf65d:c4202]
2019-07-10 10:04:02,510 INFO  client.GrpcClientProtocolClient (GrpcClientProtocolClient.java:onNext(255)) - client-3502B0E99E4B->68798575-c94b-44a6-b996-25df487e3c54: receive RaftClientReply:client-3502B0E99E4B->68798575-c94b-44a6-b996-25df487e3c54@group-48C576E544C9, cid=2812, SUCCESS, logIndex=4206, commits[68798575-c94b-44a6-b996-25df487e3c54:c4206, 9ec8ead9-888e-415b-b04c-32cd2c26f792:c4202, 84ef4577-07e0-4c8d-900e-d449eb7bf65d:c4202]
2019-07-10 10:04:02,513 INFO  client.GrpcClientProtocolClient (GrpcClientProtocolClient.java:onNext(255)) - client-3502B0E99E4B->68798575-c94b-44a6-b996-25df487e3c54: receive RaftClientReply:client-3502B0E99E4B->68798575-c94b-44a6-b996-25df487e3c54@group-48C576E544C9, cid=2813, SUCCESS, logIndex=0, commits[68798575-c94b-44a6-b996-25df487e3c54:c4208, 9ec8ead9-888e-415b-b04c-32cd2c26f792:c4204, 84ef4577-07e0-4c8d-900e-d449eb7bf65d:c4204]
2019-07-10 10:04:02,526 INFO  client.GrpcClientProtocolClient (GrpcClientProtocolClient.java:onNext(255)) - client-3502B0E99E4B->68798575-c94b-44a6-b996-25df487e3c54: receive RaftClientReply:client-3502B0E99E4B->68798575-c94b-44a6-b996-25df487e3c54@group-48C576E544C9, cid=2814, SUCCESS, logIndex=4211, commits[68798575-c94b-44a6-b996-25df487e3c54:c4212, 9ec8ead9-888e-415b-b04c-32cd2c26f792:c4208, 84ef4577-07e0-4c8d-900e-d449eb7bf65d:c4206]
2019-07-10 10:04:02,526 INFO  client.GrpcClientProtocolClient (GrpcClientProtocolClient.java:onNext(255)) - client-3502B0E99E4B->68798575-c94b-44a6-b996-25df487e3c54: receive RaftClientReply:client-3502B0E99E4B->68798575-c94b-44a6-b996-25df487e3c54@group-48C576E544C9, cid=2815, SUCCESS, logIndex=4212, commits[68798575-c94b-44a6-b996-25df487e3c54:c4212, 9ec8ead9-888e-415b-b04c-32cd2c26f792:c4208, 84ef4577-07e0-4c8d-900e-d449eb7bf65d:c4208]
2019-07-10 10:04:02,543 INFO  client.GrpcClientProtocolClient (GrpcClientProtocolClient.java:onNext(255)) - client-3502B0E99E4B->68798575-c94b-44a6-b996-25df487e3c54: receive RaftClientReply:client-3502B0E99E4B->68798575-c94b-44a6-b996-25df487e3c54@group-48C576E544C9, cid=2816, SUCCESS, logIndex=4215, commits[68798575-c94b-44a6-b996-25df487e3c54:c4216, 9ec8ead9-888e-415b-b04c-32cd2c26f792:c4213, 84ef4577-07e0-4c8d-900e-d449eb7bf65d:c4213]
2019-07-10 10:04:02,544 INFO  client.GrpcClientProtocolClient (GrpcClientProtocolClient.java:onNext(255)) - client-3502B0E99E4B->68798575-c94b-44a6-b996-25df487e3c54: receive RaftClientReply:client-3502B0E99E4B->68798575-c94b-44a6-b996-25df487e3c54@group-48C576E544C9, cid=2817, SUCCESS, logIndex=4216, commits[68798575-c94b-44a6-b996-25df487e3c54:c4216, 9ec8ead9-888e-415b-b04c-32cd2c26f792:c4213, 84ef4577-07e0-4c8d-900e-d449eb7bf65d:c4213]
2019-07-10 10:04:02,558 INFO  client.GrpcClientProtocolClient (GrpcClientProtocolClient.java:onNext(255)) - client-3502B0E99E4B->68798575-c94b-44a6-b996-25df487e3c54: receive RaftClientReply:client-3502B0E99E4B->68798575-c94b-44a6-b996-25df487e3c54@group-48C576E544C9, cid=2818, SUCCESS, logIndex=0, commits[68798575-c94b-44a6-b996-25df487e3c54:c4218, 9ec8ead9-888e-415b-b04c-32cd2c26f792:c4216, 84ef4577-07e0-4c8d-900e-d449eb7bf65d:c4216]
2019-07-10 10:04:02,590 INFO  client.GrpcClientProtocolClient (GrpcClientProtocolClient.java:onNext(255)) - client-3502B0E99E4B->68798575-c94b-44a6-b996-25df487e3c54: receive RaftClientReply:client-3502B0E99E4B->68798575-c94b-44a6-b996-25df487e3c54@group-48C576E544C9, cid=2819, SUCCESS, logIndex=4219, commits[68798575-c94b-44a6-b996-25df487e3c54:c4220, 9ec8ead9-888e-415b-b04c-32cd2c26f792:c4218, 84ef4577-07e0-4c8d-900e-d449eb7bf65d:c4218]
2019-07-10 10:04:02,590 INFO  client.GrpcClientProtocolClient (GrpcClientProtocolClient.java:onNext(255)) - client-3502B0E99E4B->68798575-c94b-44a6-b996-25df487e3c54: receive RaftClientReply:client-3502B0E99E4B->68798575-c94b-44a6-b996-25df487e3c54@group-48C576E544C9, cid=2820, SUCCESS, logIndex=4220, commits[68798575-c94b-44a6-b996-25df487e3c54:c4221, 9ec8ead9-888e-415b-b04c-32cd2c26f792:c4218, 84ef4577-07e0-4c8d-900e-d449eb7bf65d:c4218]
2019-07-10 10:04:02,590 INFO  client.GrpcClientProtocolClient (GrpcClientProtocolClient.java:onNext(255)) - client-3502B0E99E4B->68798575-c94b-44a6-b996-25df487e3c54: receive RaftClientReply:client-3502B0E99E4B->68798575-c94b-44a6-b996-25df487e3c54@group-48C576E544C9, cid=2821, SUCCESS, logIndex=4221, commits[68798575-c94b-44a6-b996-25df487e3c54:c4222, 9ec8ead9-888e-415b-b04c-32cd2c26f792:c4218, 84ef4577-07e0-4c8d-900e-d449eb7bf65d:c4218]
2019-07-10 10:04:02,591 INFO  client.GrpcClientProtocolClient (GrpcClientProtocolClient.java:onNext(255)) - client-3502B0E99E4B->68798575-c94b-44a6-b996-25df487e3c54: receive RaftClientReply:client-3502B0E99E4B->68798575-c94b-44a6-b996-25df487e3c54@group-48C576E544C9, cid=2822, SUCCESS, logIndex=4222, commits[68798575-c94b-44a6-b996-25df487e3c54:c4222, 9ec8ead9-888e-415b-b04c-32cd2c26f792:c4218, 84ef4577-07e0-4c8d-900e-d449eb7bf65d:c4218]
2019-07-10 10:04:02,600 INFO  client.GrpcClientProtocolClient (GrpcClientProtocolClient.java:onNext(255)) - client-3502B0E99E4B->68798575-c94b-44a6-b996-25df487e3c54: receive RaftClientReply:client-3502B0E99E4B->68798575-c94b-44a6-b996-25df487e3c54@group-48C576E544C9, cid=2823, SUCCESS, logIndex=0, commits[68798575-c94b-44a6-b996-25df487e3c54:c4224, 9ec8ead9-888e-415b-b04c-32cd2c26f792:c4220, 84ef4577-07e0-4c8d-900e-d449eb7bf65d:c4220]
2019-07-10 10:04:02,613 INFO  client.GrpcClientProtocolClient (GrpcClientProtocolClient.java:onNext(255)) - client-3502B0E99E4B->68798575-c94b-44a6-b996-25df487e3c54: receive RaftClientReply:client-3502B0E99E4B->68798575-c94b-44a6-b996-25df487e3c54@group-48C576E544C9, cid=2824, SUCCESS, logIndex=4227, commits[68798575-c94b-44a6-b996-25df487e3c54:c4228, 9ec8ead9-888e-415b-b04c-32cd2c26f792:c4222, 84ef4577-07e0-4c8d-900e-d449eb7bf65d:c4225]
2019-07-10 10:04:02,613 INFO  client.GrpcClientProtocolClient (GrpcClientProtocolClient.java:onNext(255)) - client-3502B0E99E4B->68798575-c94b-44a6-b996-25df487e3c54: receive RaftClientReply:client-3502B0E99E4B->68798575-c94b-44a6-b996-25df487e3c54@group-48C576E544C9, cid=2825, SUCCESS, logIndex=4228, commits[68798575-c94b-44a6-b996-25df487e3c54:c4228, 9ec8ead9-888e-415b-b04c-32cd2c26f792:c4222, 84ef4577-07e0-4c8d-900e-d449eb7bf65d:c4225]
2019-07-10 10:04:02,635 INFO  client.GrpcClientProtocolClient (GrpcClientProtocolClient.java:onNext(255)) - client-3502B0E99E4B->68798575-c94b-44a6-b996-25df487e3c54: receive RaftClientReply:client-3502B0E99E4B->68798575-c94b-44a6-b996-25df487e3c54@group-48C576E544C9, cid=2826, SUCCESS, logIndex=4231, commits[68798575-c94b-44a6-b996-25df487e3c54:c4231, 9ec8ead9-888e-415b-b04c-32cd2c26f792:c4228, 84ef4577-07e0-4c8d-900e-d449eb7bf65d:c4228]
2019-07-10 10:04:02,636 INFO  client.GrpcClientProtocolClient (GrpcClientProtocolClient.java:onNext(255)) - client-3502B0E99E4B->68798575-c94b-44a6-b996-25df487e3c54: receive RaftClientReply:client-3502B0E99E4B->68798575-c94b-44a6-b996-25df487e3c54@group-48C576E544C9, cid=2827, SUCCESS, logIndex=4232, commits[68798575-c94b-44a6-b996-25df487e3c54:c4232, 9ec8ead9-888e-415b-b04c-32cd2c26f792:c4228, 84ef4577-07e0-4c8d-900e-d449eb7bf65d:c4228]
2019-07-10 10:04:02,647 INFO  client.GrpcClientProtocolClient (GrpcClientProtocolClient.java:onNext(255)) - client-3502B0E99E4B->68798575-c94b-44a6-b996-25df487e3c54: receive RaftClientReply:client-3502B0E99E4B->68798575-c94b-44a6-b996-25df487e3c54@group-48C576E544C9, cid=2828, SUCCESS, logIndex=0, commits[68798575-c94b-44a6-b996-25df487e3c54:c4234, 9ec8ead9-888e-415b-b04c-32cd2c26f792:c4232, 84ef4577-07e0-4c8d-900e-d449eb7bf65d:c4232]
2019-07-10 10:04:02,671 INFO  client.GrpcClientProtocolClient (GrpcClientProtocolClient.java:onNext(255)) - client-3502B0E99E4B->68798575-c94b-44a6-b996-25df487e3c54: receive RaftClientReply:client-3502B0E99E4B->68798575-c94b-44a6-b996-25df487e3c54@group-48C576E544C9, cid=2829, SUCCESS, logIndex=4235, commits[68798575-c94b-44a6-b996-25df487e3c54:c4236, 9ec8ead9-888e-415b-b04c-32cd2c26f792:c4234, 84ef4577-07e0-4c8d-900e-d449eb7bf65d:c4234]
2019-07-10 10:04:02,672 INFO  client.GrpcClientProtocolClient (GrpcClientProtocolClient.java:onNext(255)) - client-3502B0E99E4B->68798575-c94b-44a6-b996-25df487e3c54: receive RaftClientReply:client-3502B0E99E4B->68798575-c94b-44a6-b996-25df487e3c54@group-48C576E544C9, cid=2830, SUCCESS, logIndex=4236, commits[68798575-c94b-44a6-b996-25df487e3c54:c4236, 9ec8ead9-888e-415b-b04c-32cd2c26f792:c4234, 84ef4577-07e0-4c8d-900e-d449eb7bf65d:c4234]
2019-07-10 10:04:02,672 INFO  client.GrpcClientProtocolClient (GrpcClientProtocolClient.java:onNext(255)) - client-3502B0E99E4B->68798575-c94b-44a6-b996-25df487e3c54: receive RaftClientReply:client-3502B0E99E4B->68798575-c94b-44a6-b996-25df487e3c54@group-48C576E544C9, cid=2831, SUCCESS, logIndex=4237, commits[68798575-c94b-44a6-b996-25df487e3c54:c4238, 9ec8ead9-888e-415b-b04c-32cd2c26f792:c4234, 84ef4577-07e0-4c8d-900e-d449eb7bf65d:c4234]
2019-07-10 10:04:02,673 INFO  client.GrpcClientProtocolClient (GrpcClientProtocolClient.java:onNext(255)) - client-3502B0E99E4B->68798575-c94b-44a6-b996-25df487e3c54: receive RaftClientReply:client-3502B0E99E4B->68798575-c94b-44a6-b996-25df487e3c54@group-48C576E544C9, cid=2832, SUCCESS, logIndex=4238, commits[68798575-c94b-44a6-b996-25df487e3c54:c4238, 9ec8ead9-888e-415b-b04c-32cd2c26f792:c4234, 84ef4577-07e0-4c8d-900e-d449eb7bf65d:c4234]
2019-07-10 10:04:02,693 INFO  client.GrpcClientProtocolClient (GrpcClientProtocolClient.java:onNext(255)) - client-3502B0E99E4B->68798575-c94b-44a6-b996-25df487e3c54: receive RaftClientReply:client-3502B0E99E4B->68798575-c94b-44a6-b996-25df487e3c54@group-48C576E544C9, cid=2833, SUCCESS, logIndex=0, commits[68798575-c94b-44a6-b996-25df487e3c54:c4240, 9ec8ead9-888e-415b-b04c-32cd2c26f792:c4236, 84ef4577-07e0-4c8d-900e-d449eb7bf65d:c4236]
2019-07-10 10:04:02,714 INFO  client.GrpcClientProtocolClient (GrpcClientProtocolClient.java:onNext(255)) - client-3502B0E99E4B->68798575-c94b-44a6-b996-25df487e3c54: receive RaftClientReply:client-3502B0E99E4B->68798575-c94b-44a6-b996-25df487e3c54@group-48C576E544C9, cid=2834, SUCCESS, logIndex=4243, commits[68798575-c94b-44a6-b996-25df487e3c54:c4244, 9ec8ead9-888e-415b-b04c-32cd2c26f792:c4242, 84ef4577-07e0-4c8d-900e-d449eb7bf65d:c4242]
2019-07-10 10:04:02,715 INFO  client.GrpcClientProtocolClient (GrpcClientProtocolClient.java:onNext(255)) - client-3502B0E99E4B->68798575-c94b-44a6-b996-25df487e3c54: receive RaftClientReply:client-3502B0E99E4B->68798575-c94b-44a6-b996-25df487e3c54@group-48C576E544C9, cid=2835, SUCCESS, logIndex=4244, commits[68798575-c94b-44a6-b996-25df487e3c54:c4244, 9ec8ead9-888e-415b-b04c-32cd2c26f792:c4242, 84ef4577-07e0-4c8d-900e-d449eb7bf65d:c4242]
2019-07-10 10:04:02,728 INFO  client.GrpcClientProtocolClient (GrpcClientProtocolClient.java:onNext(255)) - client-3502B0E99E4B->68798575-c94b-44a6-b996-25df487e3c54: receive RaftClientReply:client-3502B0E99E4B->68798575-c94b-44a6-b996-25df487e3c54@group-48C576E544C9, cid=2836, SUCCESS, logIndex=4247, commits[68798575-c94b-44a6-b996-25df487e3c54:c4248, 9ec8ead9-888e-415b-b04c-32cd2c26f792:c4244, 84ef4577-07e0-4c8d-900e-d449eb7bf65d:c4243]
2019-07-10 10:04:02,728 INFO  client.GrpcClientProtocolClient (GrpcClientProtocolClient.java:onNext(255)) - client-3502B0E99E4B->68798575-c94b-44a6-b996-25df487e3c54: receive RaftClientReply:client-3502B0E99E4B->68798575-c94b-44a6-b996-25df487e3c54@group-48C576E544C9, cid=2837, SUCCESS, logIndex=4248, commits[68798575-c94b-44a6-b996-25df487e3c54:c4248, 9ec8ead9-888e-415b-b04c-32cd2c26f792:c4244, 84ef4577-07e0-4c8d-900e-d449eb7bf65d:c4244]
2019-07-10 10:04:02,742 INFO  client.GrpcClientProtocolClient (GrpcClientProtocolClient.java:onNext(255)) - client-3502B0E99E4B->68798575-c94b-44a6-b996-25df487e3c54: receive RaftClientReply:client-3502B0E99E4B->68798575-c94b-44a6-b996-25df487e3c54@group-48C576E544C9, cid=2838, SUCCESS, logIndex=0, commits[68798575-c94b-44a6-b996-25df487e3c54:c4250, 9ec8ead9-888e-415b-b04c-32cd2c26f792:c4248, 84ef4577-07e0-4c8d-900e-d449eb7bf65d:c4248]
2019-07-10 10:04:02,776 INFO  client.GrpcClientProtocolClient (GrpcClientProtocolClient.java:onNext(255)) - client-3502B0E99E4B->68798575-c94b-44a6-b996-25df487e3c54: receive RaftClientReply:client-3502B0E99E4B->68798575-c94b-44a6-b996-25df487e3c54@group-48C576E544C9, cid=2839, SUCCESS, logIndex=4251, commits[68798575-c94b-44a6-b996-25df487e3c54:c4252, 9ec8ead9-888e-415b-b04c-32cd2c26f792:c4250, 84ef4577-07e0-4c8d-900e-d449eb7bf65d:c4250]
2019-07-10 10:04:02,776 INFO  client.GrpcClientProtocolClient (GrpcClientProtocolClient.java:onNext(255)) - client-3502B0E99E4B->68798575-c94b-44a6-b996-25df487e3c54: receive RaftClientReply:client-3502B0E99E4B->68798575-c94b-44a6-b996-25df487e3c54@group-48C576E544C9, cid=2840, SUCCESS, logIndex=4252, commits[68798575-c94b-44a6-b996-25df487e3c54:c4254, 9ec8ead9-888e-415b-b04c-32cd2c26f792:c4250, 84ef4577-07e0-4c8d-900e-d449eb7bf65d:c4250]
2019-07-10 10:04:02,777 INFO  client.GrpcClientProtocolClient (GrpcClientProtocolClient.java:onNext(255)) - client-3502B0E99E4B->68798575-c94b-44a6-b996-25df487e3c54: receive RaftClientReply:client-3502B0E99E4B->68798575-c94b-44a6-b996-25df487e3c54@group-48C576E544C9, cid=2841, SUCCESS, logIndex=4253, commits[68798575-c94b-44a6-b996-25df487e3c54:c4254, 9ec8ead9-888e-415b-b04c-32cd2c26f792:c4250, 84ef4577-07e0-4c8d-900e-d449eb7bf65d:c4250]
2019-07-10 10:04:02,777 INFO  client.GrpcClientProtocolClient (GrpcClientProtocolClient.java:onNext(255)) - client-3502B0E99E4B->68798575-c94b-44a6-b996-25df487e3c54: receive RaftClientReply:client-3502B0E99E4B->68798575-c94b-44a6-b996-25df487e3c54@group-48C576E544C9, cid=2842, SUCCESS, logIndex=4254, commits[68798575-c94b-44a6-b996-25df487e3c54:c4254, 9ec8ead9-888e-415b-b04c-32cd2c26f792:c4250, 84ef4577-07e0-4c8d-900e-d449eb7bf65d:c4250]
2019-07-10 10:04:02,790 INFO  client.GrpcClientProtocolClient (GrpcClientProtocolClient.java:onNext(255)) - client-3502B0E99E4B->68798575-c94b-44a6-b996-25df487e3c54: receive RaftClientReply:client-3502B0E99E4B->68798575-c94b-44a6-b996-25df487e3c54@group-48C576E544C9, cid=2843, SUCCESS, logIndex=0, commits[68798575-c94b-44a6-b996-25df487e3c54:c4255, 9ec8ead9-888e-415b-b04c-32cd2c26f792:c4252, 84ef4577-07e0-4c8d-900e-d449eb7bf65d:c4252]
 0.00% |█                                                                                                    |  0/1 Time: 0:00:262019-07-10 10:04:02,813 INFO  client.GrpcClientProtocolClient (GrpcClientProtocolClient.java:onNext(255)) - client-3502B0E99E4B->68798575-c94b-44a6-b996-25df487e3c54: receive RaftClientReply:client-3502B0E99E4B->68798575-c94b-44a6-b996-25df487e3c54@group-48C576E544C9, cid=2844, SUCCESS, logIndex=4259, commits[68798575-c94b-44a6-b996-25df487e3c54:c4260, 9ec8ead9-888e-415b-b04c-32cd2c26f792:c4258, 84ef4577-07e0-4c8d-900e-d449eb7bf65d:c4258]
2019-07-10 10:04:02,813 INFO  client.GrpcClientProtocolClient (GrpcClientProtocolClient.java:onNext(255)) - client-3502B0E99E4B->68798575-c94b-44a6-b996-25df487e3c54: receive RaftClientReply:client-3502B0E99E4B->68798575-c94b-44a6-b996-25df487e3c54@group-48C576E544C9, cid=2845, SUCCESS, logIndex=4260, commits[68798575-c94b-44a6-b996-25df487e3c54:c4260, 9ec8ead9-888e-415b-b04c-32cd2c26f792:c4258, 84ef4577-07e0-4c8d-900e-d449eb7bf65d:c4258]
2019-07-10 10:04:02,848 INFO  client.GrpcClientProtocolClient (GrpcClientProtocolClient.java:onNext(255)) - client-3502B0E99E4B->68798575-c94b-44a6-b996-25df487e3c54: receive RaftClientReply:client-3502B0E99E4B->68798575-c94b-44a6-b996-25df487e3c54@group-48C576E544C9, cid=2846, SUCCESS, logIndex=4263, commits[68798575-c94b-44a6-b996-25df487e3c54:c4264, 9ec8ead9-888e-415b-b04c-32cd2c26f792:c4260, 84ef4577-07e0-4c8d-900e-d449eb7bf65d:c4260]
2019-07-10 10:04:02,848 INFO  client.GrpcClientProtocolClient (GrpcClientProtocolClient.java:onNext(255)) - client-3502B0E99E4B->68798575-c94b-44a6-b996-25df487e3c54: receive RaftClientReply:client-3502B0E99E4B->68798575-c94b-44a6-b996-25df487e3c54@group-48C576E544C9, cid=2847, SUCCESS, logIndex=4264, commits[68798575-c94b-44a6-b996-25df487e3c54:c4264, 9ec8ead9-888e-415b-b04c-32cd2c26f792:c4260, 84ef4577-07e0-4c8d-900e-d449eb7bf65d:c4260]
2019-07-10 10:04:02,850 INFO  client.GrpcClientProtocolClient (GrpcClientProtocolClient.java:onNext(255)) - client-3502B0E99E4B->68798575-c94b-44a6-b996-25df487e3c54: receive RaftClientReply:client-3502B0E99E4B->68798575-c94b-44a6-b996-25df487e3c54@group-48C576E544C9, cid=2848, SUCCESS, logIndex=0, commits[68798575-c94b-44a6-b996-25df487e3c54:c4265, 9ec8ead9-888e-415b-b04c-32cd2c26f792:c4264, 84ef4577-07e0-4c8d-900e-d449eb7bf65d:c4264]
2019-07-10 10:04:02,976 INFO  client.GrpcClientProtocolClient (GrpcClientProtocolClient.java:onNext(255)) - client-3502B0E99E4B->68798575-c94b-44a6-b996-25df487e3c54: receive RaftClientReply:client-3502B0E99E4B->68798575-c94b-44a6-b996-25df487e3c54@group-48C576E544C9, cid=2849, SUCCESS, logIndex=4267, commits[68798575-c94b-44a6-b996-25df487e3c54:c4268, 9ec8ead9-888e-415b-b04c-32cd2c26f792:c4266, 84ef4577-07e0-4c8d-900e-d449eb7bf65d:c4266]
2019-07-10 10:04:02,976 INFO  client.GrpcClientProtocolClient (GrpcClientProtocolClient.java:onNext(255)) - client-3502B0E99E4B->68798575-c94b-44a6-b996-25df487e3c54: receive RaftClientReply:client-3502B0E99E4B->68798575-c94b-44a6-b996-25df487e3c54@group-48C576E544C9, cid=2850, SUCCESS, logIndex=4268, commits[68798575-c94b-44a6-b996-25df487e3c54:c4270, 9ec8ead9-888e-415b-b04c-32cd2c26f792:c4266, 84ef4577-07e0-4c8d-900e-d449eb7bf65d:c4266]
2019-07-10 10:04:02,977 INFO  client.GrpcClientProtocolClient (GrpcClientProtocolClient.java:onNext(255)) - client-3502B0E99E4B->68798575-c94b-44a6-b996-25df487e3c54: receive RaftClientReply:client-3502B0E99E4B->68798575-c94b-44a6-b996-25df487e3c54@group-48C576E544C9, cid=2851, SUCCESS, logIndex=4269, commits[68798575-c94b-44a6-b996-25df487e3c54:c4270, 9ec8ead9-888e-415b-b04c-32cd2c26f792:c4266, 84ef4577-07e0-4c8d-900e-d449eb7bf65d:c4266]
2019-07-10 10:04:02,977 INFO  client.GrpcClientProtocolClient (GrpcClientProtocolClient.java:onNext(255)) - client-3502B0E99E4B->68798575-c94b-44a6-b996-25df487e3c54: receive RaftClientReply:client-3502B0E99E4B->68798575-c94b-44a6-b996-25df487e3c54@group-48C576E544C9, cid=2852, SUCCESS, logIndex=4270, commits[68798575-c94b-44a6-b996-25df487e3c54:c4270, 9ec8ead9-888e-415b-b04c-32cd2c26f792:c4266, 84ef4577-07e0-4c8d-900e-d449eb7bf65d:c4266]
2019-07-10 10:04:02,990 INFO  client.GrpcClientProtocolClient (GrpcClientProtocolClient.java:onNext(255)) - client-3502B0E99E4B->68798575-c94b-44a6-b996-25df487e3c54: receive RaftClientReply:client-3502B0E99E4B->68798575-c94b-44a6-b996-25df487e3c54@group-48C576E544C9, cid=2853, SUCCESS, logIndex=0, commits[68798575-c94b-44a6-b996-25df487e3c54:c4274, 9ec8ead9-888e-415b-b04c-32cd2c26f792:c4268, 84ef4577-07e0-4c8d-900e-d449eb7bf65d:c4270]
2019-07-10 10:04:03,010 INFO  client.GrpcClientProtocolClient (GrpcClientProtocolClient.java:onNext(255)) - client-3502B0E99E4B->68798575-c94b-44a6-b996-25df487e3c54: receive RaftClientReply:client-3502B0E99E4B->68798575-c94b-44a6-b996-25df487e3c54@group-48C576E544C9, cid=2854, SUCCESS, logIndex=4275, commits[68798575-c94b-44a6-b996-25df487e3c54:c4276, 9ec8ead9-888e-415b-b04c-32cd2c26f792:c4274, 84ef4577-07e0-4c8d-900e-d449eb7bf65d:c4274]
2019-07-10 10:04:03,011 INFO  client.GrpcClientProtocolClient (GrpcClientProtocolClient.java:onNext(255)) - client-3502B0E99E4B->68798575-c94b-44a6-b996-25df487e3c54: receive RaftClientReply:client-3502B0E99E4B->68798575-c94b-44a6-b996-25df487e3c54@group-48C576E544C9, cid=2855, SUCCESS, logIndex=4276, commits[68798575-c94b-44a6-b996-25df487e3c54:c4276, 9ec8ead9-888e-415b-b04c-32cd2c26f792:c4274, 84ef4577-07e0-4c8d-900e-d449eb7bf65d:c4274]
2019-07-10 10:04:03,034 INFO  client.GrpcClientProtocolClient (GrpcClientProtocolClient.java:onNext(255)) - client-3502B0E99E4B->68798575-c94b-44a6-b996-25df487e3c54: receive RaftClientReply:client-3502B0E99E4B->68798575-c94b-44a6-b996-25df487e3c54@group-48C576E544C9, cid=2856, SUCCESS, logIndex=4279, commits[68798575-c94b-44a6-b996-25df487e3c54:c4280, 9ec8ead9-888e-415b-b04c-32cd2c26f792:c4276, 84ef4577-07e0-4c8d-900e-d449eb7bf65d:c4275]
2019-07-10 10:04:03,035 INFO  client.GrpcClientProtocolClient (GrpcClientProtocolClient.java:onNext(255)) - client-3502B0E99E4B->68798575-c94b-44a6-b996-25df487e3c54: receive RaftClientReply:client-3502B0E99E4B->68798575-c94b-44a6-b996-25df487e3c54@group-48C576E544C9, cid=2857, SUCCESS, logIndex=4280, commits[68798575-c94b-44a6-b996-25df487e3c54:c4280, 9ec8ead9-888e-415b-b04c-32cd2c26f792:c4276, 84ef4577-07e0-4c8d-900e-d449eb7bf65d:c4276]
2019-07-10 10:04:03,061 INFO  client.GrpcClientProtocolClient (GrpcClientProtocolClient.java:onNext(255)) - client-3502B0E99E4B->68798575-c94b-44a6-b996-25df487e3c54: receive RaftClientReply:client-3502B0E99E4B->68798575-c94b-44a6-b996-25df487e3c54@group-48C576E544C9, cid=2858, SUCCESS, logIndex=0, commits[68798575-c94b-44a6-b996-25df487e3c54:c4282, 9ec8ead9-888e-415b-b04c-32cd2c26f792:c4280, 84ef4577-07e0-4c8d-900e-d449eb7bf65d:c4280]
2019-07-10 10:04:03,095 INFO  client.GrpcClientProtocolClient (GrpcClientProtocolClient.java:onNext(255)) - client-3502B0E99E4B->68798575-c94b-44a6-b996-25df487e3c54: receive RaftClientReply:client-3502B0E99E4B->68798575-c94b-44a6-b996-25df487e3c54@group-48C576E544C9, cid=2859, SUCCESS, logIndex=4283, commits[68798575-c94b-44a6-b996-25df487e3c54:c4284, 9ec8ead9-888e-415b-b04c-32cd2c26f792:c4282, 84ef4577-07e0-4c8d-900e-d449eb7bf65d:c4282]
2019-07-10 10:04:03,095 INFO  client.GrpcClientProtocolClient (GrpcClientProtocolClient.java:onNext(255)) - client-3502B0E99E4B->68798575-c94b-44a6-b996-25df487e3c54: receive RaftClientReply:client-3502B0E99E4B->68798575-c94b-44a6-b996-25df487e3c54@group-48C576E544C9, cid=2860, SUCCESS, logIndex=4284, commits[68798575-c94b-44a6-b996-25df487e3c54:c4286, 9ec8ead9-888e-415b-b04c-32cd2c26f792:c4282, 84ef4577-07e0-4c8d-900e-d449eb7bf65d:c4282]
2019-07-10 10:04:03,096 INFO  client.GrpcClientProtocolClient (GrpcClientProtocolClient.java:onNext(255)) - client-3502B0E99E4B->68798575-c94b-44a6-b996-25df487e3c54: receive RaftClientReply:client-3502B0E99E4B->68798575-c94b-44a6-b996-25df487e3c54@group-48C576E544C9, cid=2861, SUCCESS, logIndex=4285, commits[68798575-c94b-44a6-b996-25df487e3c54:c4286, 9ec8ead9-888e-415b-b04c-32cd2c26f792:c4282, 84ef4577-07e0-4c8d-900e-d449eb7bf65d:c4282]
2019-07-10 10:04:03,096 INFO  client.GrpcClientProtocolClient (GrpcClientProtocolClient.java:onNext(255)) - client-3502B0E99E4B->68798575-c94b-44a6-b996-25df487e3c54: receive RaftClientReply:client-3502B0E99E4B->68798575-c94b-44a6-b996-25df487e3c54@group-48C576E544C9, cid=2862, SUCCESS, logIndex=4286, commits[68798575-c94b-44a6-b996-25df487e3c54:c4286, 9ec8ead9-888e-415b-b04c-32cd2c26f792:c4282, 84ef4577-07e0-4c8d-900e-d449eb7bf65d:c4282]
2019-07-10 10:04:03,166 INFO  client.GrpcClientProtocolClient (GrpcClientProtocolClient.java:onNext(255)) - client-3502B0E99E4B->68798575-c94b-44a6-b996-25df487e3c54: receive RaftClientReply:client-3502B0E99E4B->68798575-c94b-44a6-b996-25df487e3c54@group-48C576E544C9, cid=2863, SUCCESS, logIndex=0, commits[68798575-c94b-44a6-b996-25df487e3c54:c4290, 9ec8ead9-888e-415b-b04c-32cd2c26f792:c4284, 84ef4577-07e0-4c8d-900e-d449eb7bf65d:c4286]
2019-07-10 10:04:03,189 INFO  client.GrpcClientProtocolClient (GrpcClientProtocolClient.java:onNext(255)) - client-3502B0E99E4B->68798575-c94b-44a6-b996-25df487e3c54: receive RaftClientReply:client-3502B0E99E4B->68798575-c94b-44a6-b996-25df487e3c54@group-48C576E544C9, cid=2864, SUCCESS, logIndex=4291, commits[68798575-c94b-44a6-b996-25df487e3c54:c4292, 9ec8ead9-888e-415b-b04c-32cd2c26f792:c4290, 84ef4577-07e0-4c8d-900e-d449eb7bf65d:c4290]
2019-07-10 10:04:03,190 INFO  client.GrpcClientProtocolClient (GrpcClientProtocolClient.java:onNext(255)) - client-3502B0E99E4B->68798575-c94b-44a6-b996-25df487e3c54: receive RaftClientReply:client-3502B0E99E4B->68798575-c94b-44a6-b996-25df487e3c54@group-48C576E544C9, cid=2865, SUCCESS, logIndex=4292, commits[68798575-c94b-44a6-b996-25df487e3c54:c4292, 9ec8ead9-888e-415b-b04c-32cd2c26f792:c4290, 84ef4577-07e0-4c8d-900e-d449eb7bf65d:c4290]
2019-07-10 10:04:03,216 INFO  client.GrpcClientProtocolClient (GrpcClientProtocolClient.java:onNext(255)) - client-3502B0E99E4B->68798575-c94b-44a6-b996-25df487e3c54: receive RaftClientReply:client-3502B0E99E4B->68798575-c94b-44a6-b996-25df487e3c54@group-48C576E544C9, cid=2866, SUCCESS, logIndex=4295, commits[68798575-c94b-44a6-b996-25df487e3c54:c4296, 9ec8ead9-888e-415b-b04c-32cd2c26f792:c4292, 84ef4577-07e0-4c8d-900e-d449eb7bf65d:c4292]
2019-07-10 10:04:03,216 INFO  client.GrpcClientProtocolClient (GrpcClientProtocolClient.java:onNext(255)) - client-3502B0E99E4B->68798575-c94b-44a6-b996-25df487e3c54: receive RaftClientReply:client-3502B0E99E4B->68798575-c94b-44a6-b996-25df487e3c54@group-48C576E544C9, cid=2867, SUCCESS, logIndex=4296, commits[68798575-c94b-44a6-b996-25df487e3c54:c4296, 9ec8ead9-888e-415b-b04c-32cd2c26f792:c4292, 84ef4577-07e0-4c8d-900e-d449eb7bf65d:c4292]
2019-07-10 10:04:03,228 INFO  client.GrpcClientProtocolClient (GrpcClientProtocolClient.java:onNext(255)) - client-3502B0E99E4B->68798575-c94b-44a6-b996-25df487e3c54: receive RaftClientReply:client-3502B0E99E4B->68798575-c94b-44a6-b996-25df487e3c54@group-48C576E544C9, cid=2868, SUCCESS, logIndex=0, commits[68798575-c94b-44a6-b996-25df487e3c54:c4297, 9ec8ead9-888e-415b-b04c-32cd2c26f792:c4296, 84ef4577-07e0-4c8d-900e-d449eb7bf65d:c4296]
2019-07-10 10:04:03,263 INFO  client.GrpcClientProtocolClient (GrpcClientProtocolClient.java:onNext(255)) - client-3502B0E99E4B->68798575-c94b-44a6-b996-25df487e3c54: receive RaftClientReply:client-3502B0E99E4B->68798575-c94b-44a6-b996-25df487e3c54@group-48C576E544C9, cid=2869, SUCCESS, logIndex=4299, commits[68798575-c94b-44a6-b996-25df487e3c54:c4300, 9ec8ead9-888e-415b-b04c-32cd2c26f792:c4298, 84ef4577-07e0-4c8d-900e-d449eb7bf65d:c4298]
2019-07-10 10:04:03,264 INFO  client.GrpcClientProtocolClient (GrpcClientProtocolClient.java:onNext(255)) - client-3502B0E99E4B->68798575-c94b-44a6-b996-25df487e3c54: receive RaftClientReply:client-3502B0E99E4B->68798575-c94b-44a6-b996-25df487e3c54@group-48C576E544C9, cid=2870, SUCCESS, logIndex=4300, commits[68798575-c94b-44a6-b996-25df487e3c54:c4302, 9ec8ead9-888e-415b-b04c-32cd2c26f792:c4298, 84ef4577-07e0-4c8d-900e-d449eb7bf65d:c4298]
2019-07-10 10:04:03,264 INFO  client.GrpcClientProtocolClient (GrpcClientProtocolClient.java:onNext(255)) - client-3502B0E99E4B->68798575-c94b-44a6-b996-25df487e3c54: receive RaftClientReply:client-3502B0E99E4B->68798575-c94b-44a6-b996-25df487e3c54@group-48C576E544C9, cid=2871, SUCCESS, logIndex=4301, commits[68798575-c94b-44a6-b996-25df487e3c54:c4302, 9ec8ead9-888e-415b-b04c-32cd2c26f792:c4298, 84ef4577-07e0-4c8d-900e-d449eb7bf65d:c4298]
2019-07-10 10:04:03,264 INFO  client.GrpcClientProtocolClient (GrpcClientProtocolClient.java:onNext(255)) - client-3502B0E99E4B->68798575-c94b-44a6-b996-25df487e3c54: receive RaftClientReply:client-3502B0E99E4B->68798575-c94b-44a6-b996-25df487e3c54@group-48C576E544C9, cid=2872, SUCCESS, logIndex=4302, commits[68798575-c94b-44a6-b996-25df487e3c54:c4302, 9ec8ead9-888e-415b-b04c-32cd2c26f792:c4298, 84ef4577-07e0-4c8d-900e-d449eb7bf65d:c4299]
2019-07-10 10:04:03,278 INFO  client.GrpcClientProtocolClient (GrpcClientProtocolClient.java:onNext(255)) - client-3502B0E99E4B->68798575-c94b-44a6-b996-25df487e3c54: receive RaftClientReply:client-3502B0E99E4B->68798575-c94b-44a6-b996-25df487e3c54@group-48C576E544C9, cid=2873, SUCCESS, logIndex=0, commits[68798575-c94b-44a6-b996-25df487e3c54:c4306, 9ec8ead9-888e-415b-b04c-32cd2c26f792:c4301, 84ef4577-07e0-4c8d-900e-d449eb7bf65d:c4302]
2019-07-10 10:04:03,299 INFO  client.GrpcClientProtocolClient (GrpcClientProtocolClient.java:onNext(255)) - client-3502B0E99E4B->68798575-c94b-44a6-b996-25df487e3c54: receive RaftClientReply:client-3502B0E99E4B->68798575-c94b-44a6-b996-25df487e3c54@group-48C576E544C9, cid=2874, SUCCESS, logIndex=4307, commits[68798575-c94b-44a6-b996-25df487e3c54:c4308, 9ec8ead9-888e-415b-b04c-32cd2c26f792:c4306, 84ef4577-07e0-4c8d-900e-d449eb7bf65d:c4306]
2019-07-10 10:04:03,300 INFO  client.GrpcClientProtocolClient (GrpcClientProtocolClient.java:onNext(255)) - client-3502B0E99E4B->68798575-c94b-44a6-b996-25df487e3c54: receive RaftClientReply:client-3502B0E99E4B->68798575-c94b-44a6-b996-25df487e3c54@group-48C576E544C9, cid=2875, SUCCESS, logIndex=4308, commits[68798575-c94b-44a6-b996-25df487e3c54:c4308, 9ec8ead9-888e-415b-b04c-32cd2c26f792:c4306, 84ef4577-07e0-4c8d-900e-d449eb7bf65d:c4306]
2019-07-10 10:04:03,324 INFO  client.GrpcClientProtocolClient (GrpcClientProtocolClient.java:onNext(255)) - client-3502B0E99E4B->68798575-c94b-44a6-b996-25df487e3c54: receive RaftClientReply:client-3502B0E99E4B->68798575-c94b-44a6-b996-25df487e3c54@group-48C576E544C9, cid=2876, SUCCESS, logIndex=4311, commits[68798575-c94b-44a6-b996-25df487e3c54:c4312, 9ec8ead9-888e-415b-b04c-32cd2c26f792:c4308, 84ef4577-07e0-4c8d-900e-d449eb7bf65d:c4308]
2019-07-10 10:04:03,324 INFO  client.GrpcClientProtocolClient (GrpcClientProtocolClient.java:onNext(255)) - client-3502B0E99E4B->68798575-c94b-44a6-b996-25df487e3c54: receive RaftClientReply:client-3502B0E99E4B->68798575-c94b-44a6-b996-25df487e3c54@group-48C576E544C9, cid=2877, SUCCESS, logIndex=4312, commits[68798575-c94b-44a6-b996-25df487e3c54:c4312, 9ec8ead9-888e-415b-b04c-32cd2c26f792:c4308, 84ef4577-07e0-4c8d-900e-d449eb7bf65d:c4308]
2019-07-10 10:04:03,336 INFO  client.GrpcClientProtocolClient (GrpcClientProtocolClient.java:onNext(255)) - client-3502B0E99E4B->68798575-c94b-44a6-b996-25df487e3c54: receive RaftClientReply:client-3502B0E99E4B->68798575-c94b-44a6-b996-25df487e3c54@group-48C576E544C9, cid=2878, SUCCESS, logIndex=0, commits[68798575-c94b-44a6-b996-25df487e3c54:c4313, 9ec8ead9-888e-415b-b04c-32cd2c26f792:c4312, 84ef4577-07e0-4c8d-900e-d449eb7bf65d:c4312]
2019-07-10 10:04:03,369 INFO  client.GrpcClientProtocolClient (GrpcClientProtocolClient.java:onNext(255)) - client-3502B0E99E4B->68798575-c94b-44a6-b996-25df487e3c54: receive RaftClientReply:client-3502B0E99E4B->68798575-c94b-44a6-b996-25df487e3c54@group-48C576E544C9, cid=2879, SUCCESS, logIndex=4315, commits[68798575-c94b-44a6-b996-25df487e3c54:c4318, 9ec8ead9-888e-415b-b04c-32cd2c26f792:c4314, 84ef4577-07e0-4c8d-900e-d449eb7bf65d:c4314]
2019-07-10 10:04:03,370 INFO  client.GrpcClientProtocolClient (GrpcClientProtocolClient.java:onNext(255)) - client-3502B0E99E4B->68798575-c94b-44a6-b996-25df487e3c54: receive RaftClientReply:client-3502B0E99E4B->68798575-c94b-44a6-b996-25df487e3c54@group-48C576E544C9, cid=2880, SUCCESS, logIndex=4316, commits[68798575-c94b-44a6-b996-25df487e3c54:c4318, 9ec8ead9-888e-415b-b04c-32cd2c26f792:c4314, 84ef4577-07e0-4c8d-900e-d449eb7bf65d:c4314]
2019-07-10 10:04:03,370 INFO  client.GrpcClientProtocolClient (GrpcClientProtocolClient.java:onNext(255)) - client-3502B0E99E4B->68798575-c94b-44a6-b996-25df487e3c54: receive RaftClientReply:client-3502B0E99E4B->68798575-c94b-44a6-b996-25df487e3c54@group-48C576E544C9, cid=2881, SUCCESS, logIndex=4317, commits[68798575-c94b-44a6-b996-25df487e3c54:c4318, 9ec8ead9-888e-415b-b04c-32cd2c26f792:c4314, 84ef4577-07e0-4c8d-900e-d449eb7bf65d:c4314]
2019-07-10 10:04:03,371 INFO  client.GrpcClientProtocolClient (GrpcClientProtocolClient.java:onNext(255)) - client-3502B0E99E4B->68798575-c94b-44a6-b996-25df487e3c54: receive RaftClientReply:client-3502B0E99E4B->68798575-c94b-44a6-b996-25df487e3c54@group-48C576E544C9, cid=2882, SUCCESS, logIndex=4318, commits[68798575-c94b-44a6-b996-25df487e3c54:c4318, 9ec8ead9-888e-415b-b04c-32cd2c26f792:c4314, 84ef4577-07e0-4c8d-900e-d449eb7bf65d:c4314]
2019-07-10 10:04:03,382 INFO  client.GrpcClientProtocolClient (GrpcClientProtocolClient.java:onNext(255)) - client-3502B0E99E4B->68798575-c94b-44a6-b996-25df487e3c54: receive RaftClientReply:client-3502B0E99E4B->68798575-c94b-44a6-b996-25df487e3c54@group-48C576E544C9, cid=2883, SUCCESS, logIndex=0, commits[68798575-c94b-44a6-b996-25df487e3c54:c4322, 9ec8ead9-888e-415b-b04c-32cd2c26f792:c4318, 84ef4577-07e0-4c8d-900e-d449eb7bf65d:c4316]
2019-07-10 10:04:03,403 INFO  client.GrpcClientProtocolClient (GrpcClientProtocolClient.java:onNext(255)) - client-3502B0E99E4B->68798575-c94b-44a6-b996-25df487e3c54: receive RaftClientReply:client-3502B0E99E4B->68798575-c94b-44a6-b996-25df487e3c54@group-48C576E544C9, cid=2884, SUCCESS, logIndex=4323, commits[68798575-c94b-44a6-b996-25df487e3c54:c4324, 9ec8ead9-888e-415b-b04c-32cd2c26f792:c4322, 84ef4577-07e0-4c8d-900e-d449eb7bf65d:c4322]
2019-07-10 10:04:03,403 INFO  client.GrpcClientProtocolClient (GrpcClientProtocolClient.java:onNext(255)) - client-3502B0E99E4B->68798575-c94b-44a6-b996-25df487e3c54: receive RaftClientReply:client-3502B0E99E4B->68798575-c94b-44a6-b996-25df487e3c54@group-48C576E544C9, cid=2885, SUCCESS, logIndex=4324, commits[68798575-c94b-44a6-b996-25df487e3c54:c4324, 9ec8ead9-888e-415b-b04c-32cd2c26f792:c4322, 84ef4577-07e0-4c8d-900e-d449eb7bf65d:c4322]
2019-07-10 10:04:03,416 INFO  client.GrpcClientProtocolClient (GrpcClientProtocolClient.java:onNext(255)) - client-3502B0E99E4B->68798575-c94b-44a6-b996-25df487e3c54: receive RaftClientReply:client-3502B0E99E4B->68798575-c94b-44a6-b996-25df487e3c54@group-48C576E544C9, cid=2886, SUCCESS, logIndex=4327, commits[68798575-c94b-44a6-b996-25df487e3c54:c4328, 9ec8ead9-888e-415b-b04c-32cd2c26f792:c4323, 84ef4577-07e0-4c8d-900e-d449eb7bf65d:c4324]
2019-07-10 10:04:03,416 INFO  client.GrpcClientProtocolClient (GrpcClientProtocolClient.java:onNext(255)) - client-3502B0E99E4B->68798575-c94b-44a6-b996-25df487e3c54: receive RaftClientReply:client-3502B0E99E4B->68798575-c94b-44a6-b996-25df487e3c54@group-48C576E544C9, cid=2887, SUCCESS, logIndex=4328, commits[68798575-c94b-44a6-b996-25df487e3c54:c4328, 9ec8ead9-888e-415b-b04c-32cd2c26f792:c4324, 84ef4577-07e0-4c8d-900e-d449eb7bf65d:c4324]
2019-07-10 10:04:03,420 INFO  client.GrpcClientProtocolClient (GrpcClientProtocolClient.java:onNext(255)) - client-3502B0E99E4B->68798575-c94b-44a6-b996-25df487e3c54: receive RaftClientReply:client-3502B0E99E4B->68798575-c94b-44a6-b996-25df487e3c54@group-48C576E544C9, cid=2888, SUCCESS, logIndex=0, commits[68798575-c94b-44a6-b996-25df487e3c54:c4329, 9ec8ead9-888e-415b-b04c-32cd2c26f792:c4328, 84ef4577-07e0-4c8d-900e-d449eb7bf65d:c4328]
2019-07-10 10:04:03,454 INFO  client.GrpcClientProtocolClient (GrpcClientProtocolClient.java:onNext(255)) - client-3502B0E99E4B->68798575-c94b-44a6-b996-25df487e3c54: receive RaftClientReply:client-3502B0E99E4B->68798575-c94b-44a6-b996-25df487e3c54@group-48C576E544C9, cid=2889, SUCCESS, logIndex=4331, commits[68798575-c94b-44a6-b996-25df487e3c54:c4332, 9ec8ead9-888e-415b-b04c-32cd2c26f792:c4330, 84ef4577-07e0-4c8d-900e-d449eb7bf65d:c4330]
2019-07-10 10:04:03,454 INFO  client.GrpcClientProtocolClient (GrpcClientProtocolClient.java:onNext(255)) - client-3502B0E99E4B->68798575-c94b-44a6-b996-25df487e3c54: receive RaftClientReply:client-3502B0E99E4B->68798575-c94b-44a6-b996-25df487e3c54@group-48C576E544C9, cid=2890, SUCCESS, logIndex=4332, commits[68798575-c94b-44a6-b996-25df487e3c54:c4332, 9ec8ead9-888e-415b-b04c-32cd2c26f792:c4330, 84ef4577-07e0-4c8d-900e-d449eb7bf65d:c4330]
2019-07-10 10:04:03,462 INFO  client.GrpcClientProtocolClient (GrpcClientProtocolClient.java:onNext(255)) - client-3502B0E99E4B->68798575-c94b-44a6-b996-25df487e3c54: receive RaftClientReply:client-3502B0E99E4B->68798575-c94b-44a6-b996-25df487e3c54@group-48C576E544C9, cid=2891, SUCCESS, logIndex=4333, commits[68798575-c94b-44a6-b996-25df487e3c54:c4334, 9ec8ead9-888e-415b-b04c-32cd2c26f792:c4330, 84ef4577-07e0-4c8d-900e-d449eb7bf65d:c4330]
2019-07-10 10:04:03,462 INFO  client.GrpcClientProtocolClient (GrpcClientProtocolClient.java:onNext(255)) - client-3502B0E99E4B->68798575-c94b-44a6-b996-25df487e3c54: receive RaftClientReply:client-3502B0E99E4B->68798575-c94b-44a6-b996-25df487e3c54@group-48C576E544C9, cid=2892, SUCCESS, logIndex=4334, commits[68798575-c94b-44a6-b996-25df487e3c54:c4334, 9ec8ead9-888e-415b-b04c-32cd2c26f792:c4330, 84ef4577-07e0-4c8d-900e-d449eb7bf65d:c4330]
2019-07-10 10:04:03,475 INFO  client.GrpcClientProtocolClient (GrpcClientProtocolClient.java:onNext(255)) - client-3502B0E99E4B->68798575-c94b-44a6-b996-25df487e3c54: receive RaftClientReply:client-3502B0E99E4B->68798575-c94b-44a6-b996-25df487e3c54@group-48C576E544C9, cid=2893, SUCCESS, logIndex=0, commits[68798575-c94b-44a6-b996-25df487e3c54:c4337, 9ec8ead9-888e-415b-b04c-32cd2c26f792:c4332, 84ef4577-07e0-4c8d-900e-d449eb7bf65d:c4332]
2019-07-10 10:04:03,499 INFO  client.GrpcClientProtocolClient (GrpcClientProtocolClient.java:onNext(255)) - client-3502B0E99E4B->68798575-c94b-44a6-b996-25df487e3c54: receive RaftClientReply:client-3502B0E99E4B->68798575-c94b-44a6-b996-25df487e3c54@group-48C576E544C9, cid=2894, SUCCESS, logIndex=4339, commits[68798575-c94b-44a6-b996-25df487e3c54:c4340, 9ec8ead9-888e-415b-b04c-32cd2c26f792:c4338, 84ef4577-07e0-4c8d-900e-d449eb7bf65d:c4338]
2019-07-10 10:04:03,499 INFO  client.GrpcClientProtocolClient (GrpcClientProtocolClient.java:onNext(255)) - client-3502B0E99E4B->68798575-c94b-44a6-b996-25df487e3c54: receive RaftClientReply:client-3502B0E99E4B->68798575-c94b-44a6-b996-25df487e3c54@group-48C576E544C9, cid=2895, SUCCESS, logIndex=4340, commits[68798575-c94b-44a6-b996-25df487e3c54:c4340, 9ec8ead9-888e-415b-b04c-32cd2c26f792:c4338, 84ef4577-07e0-4c8d-900e-d449eb7bf65d:c4338]
2019-07-10 10:04:03,513 INFO  client.GrpcClientProtocolClient (GrpcClientProtocolClient.java:onNext(255)) - client-3502B0E99E4B->68798575-c94b-44a6-b996-25df487e3c54: receive RaftClientReply:client-3502B0E99E4B->68798575-c94b-44a6-b996-25df487e3c54@group-48C576E544C9, cid=2896, SUCCESS, logIndex=4343, commits[68798575-c94b-44a6-b996-25df487e3c54:c4344, 9ec8ead9-888e-415b-b04c-32cd2c26f792:c4340, 84ef4577-07e0-4c8d-900e-d449eb7bf65d:c4340]
2019-07-10 10:04:03,513 INFO  client.GrpcClientProtocolClient (GrpcClientProtocolClient.java:onNext(255)) - client-3502B0E99E4B->68798575-c94b-44a6-b996-25df487e3c54: receive RaftClientReply:client-3502B0E99E4B->68798575-c94b-44a6-b996-25df487e3c54@group-48C576E544C9, cid=2897, SUCCESS, logIndex=4344, commits[68798575-c94b-44a6-b996-25df487e3c54:c4344, 9ec8ead9-888e-415b-b04c-32cd2c26f792:c4340, 84ef4577-07e0-4c8d-900e-d449eb7bf65d:c4340]
2019-07-10 10:04:03,527 INFO  client.GrpcClientProtocolClient (GrpcClientProtocolClient.java:onNext(255)) - client-3502B0E99E4B->68798575-c94b-44a6-b996-25df487e3c54: receive RaftClientReply:client-3502B0E99E4B->68798575-c94b-44a6-b996-25df487e3c54@group-48C576E544C9, cid=2898, SUCCESS, logIndex=0, commits[68798575-c94b-44a6-b996-25df487e3c54:c4346, 9ec8ead9-888e-415b-b04c-32cd2c26f792:c4344, 84ef4577-07e0-4c8d-900e-d449eb7bf65d:c4344]
2019-07-10 10:04:03,554 INFO  client.GrpcClientProtocolClient (GrpcClientProtocolClient.java:onNext(255)) - client-3502B0E99E4B->68798575-c94b-44a6-b996-25df487e3c54: receive RaftClientReply:client-3502B0E99E4B->68798575-c94b-44a6-b996-25df487e3c54@group-48C576E544C9, cid=2899, SUCCESS, logIndex=4347, commits[68798575-c94b-44a6-b996-25df487e3c54:c4348, 9ec8ead9-888e-415b-b04c-32cd2c26f792:c4346, 84ef4577-07e0-4c8d-900e-d449eb7bf65d:c4346]
2019-07-10 10:04:03,554 INFO  client.GrpcClientProtocolClient (GrpcClientProtocolClient.java:onNext(255)) - client-3502B0E99E4B->68798575-c94b-44a6-b996-25df487e3c54: receive RaftClientReply:client-3502B0E99E4B->68798575-c94b-44a6-b996-25df487e3c54@group-48C576E544C9, cid=2900, SUCCESS, logIndex=4348, commits[68798575-c94b-44a6-b996-25df487e3c54:c4348, 9ec8ead9-888e-415b-b04c-32cd2c26f792:c4346, 84ef4577-07e0-4c8d-900e-d449eb7bf65d:c4346]
2019-07-10 10:04:03,555 INFO  client.GrpcClientProtocolClient (GrpcClientProtocolClient.java:onNext(255)) - client-3502B0E99E4B->68798575-c94b-44a6-b996-25df487e3c54: receive RaftClientReply:client-3502B0E99E4B->68798575-c94b-44a6-b996-25df487e3c54@group-48C576E544C9, cid=2901, SUCCESS, logIndex=4349, commits[68798575-c94b-44a6-b996-25df487e3c54:c4350, 9ec8ead9-888e-415b-b04c-32cd2c26f792:c4346, 84ef4577-07e0-4c8d-900e-d449eb7bf65d:c4346]
2019-07-10 10:04:03,555 INFO  client.GrpcClientProtocolClient (GrpcClientProtocolClient.java:onNext(255)) - client-3502B0E99E4B->68798575-c94b-44a6-b996-25df487e3c54: receive RaftClientReply:client-3502B0E99E4B->68798575-c94b-44a6-b996-25df487e3c54@group-48C576E544C9, cid=2902, SUCCESS, logIndex=4350, commits[68798575-c94b-44a6-b996-25df487e3c54:c4350, 9ec8ead9-888e-415b-b04c-32cd2c26f792:c4346, 84ef4577-07e0-4c8d-900e-d449eb7bf65d:c4346]
2019-07-10 10:04:03,568 INFO  client.GrpcClientProtocolClient (GrpcClientProtocolClient.java:onNext(255)) - client-3502B0E99E4B->68798575-c94b-44a6-b996-25df487e3c54: receive RaftClientReply:client-3502B0E99E4B->68798575-c94b-44a6-b996-25df487e3c54@group-48C576E544C9, cid=2903, SUCCESS, logIndex=0, commits[68798575-c94b-44a6-b996-25df487e3c54:c4352, 9ec8ead9-888e-415b-b04c-32cd2c26f792:c4348, 84ef4577-07e0-4c8d-900e-d449eb7bf65d:c4348]
2019-07-10 10:04:03,587 INFO  client.GrpcClientProtocolClient (GrpcClientProtocolClient.java:onNext(255)) - client-3502B0E99E4B->68798575-c94b-44a6-b996-25df487e3c54: receive RaftClientReply:client-3502B0E99E4B->68798575-c94b-44a6-b996-25df487e3c54@group-48C576E544C9, cid=2904, SUCCESS, logIndex=4355, commits[68798575-c94b-44a6-b996-25df487e3c54:c4356, 9ec8ead9-888e-415b-b04c-32cd2c26f792:c4354, 84ef4577-07e0-4c8d-900e-d449eb7bf65d:c4354]
2019-07-10 10:04:03,588 INFO  client.GrpcClientProtocolClient (GrpcClientProtocolClient.java:onNext(255)) - client-3502B0E99E4B->68798575-c94b-44a6-b996-25df487e3c54: receive RaftClientReply:client-3502B0E99E4B->68798575-c94b-44a6-b996-25df487e3c54@group-48C576E544C9, cid=2905, SUCCESS, logIndex=4356, commits[68798575-c94b-44a6-b996-25df487e3c54:c4356, 9ec8ead9-888e-415b-b04c-32cd2c26f792:c4354, 84ef4577-07e0-4c8d-900e-d449eb7bf65d:c4354]
2019-07-10 10:04:03,602 INFO  client.GrpcClientProtocolClient (GrpcClientProtocolClient.java:onNext(255)) - client-3502B0E99E4B->68798575-c94b-44a6-b996-25df487e3c54: receive RaftClientReply:client-3502B0E99E4B->68798575-c94b-44a6-b996-25df487e3c54@group-48C576E544C9, cid=2906, SUCCESS, logIndex=4359, commits[68798575-c94b-44a6-b996-25df487e3c54:c4360, 9ec8ead9-888e-415b-b04c-32cd2c26f792:c4356, 84ef4577-07e0-4c8d-900e-d449eb7bf65d:c4356]
2019-07-10 10:04:03,603 INFO  client.GrpcClientProtocolClient (GrpcClientProtocolClient.java:onNext(255)) - client-3502B0E99E4B->68798575-c94b-44a6-b996-25df487e3c54: receive RaftClientReply:client-3502B0E99E4B->68798575-c94b-44a6-b996-25df487e3c54@group-48C576E544C9, cid=2907, SUCCESS, logIndex=4360, commits[68798575-c94b-44a6-b996-25df487e3c54:c4360, 9ec8ead9-888e-415b-b04c-32cd2c26f792:c4356, 84ef4577-07e0-4c8d-900e-d449eb7bf65d:c4356]
2019-07-10 10:04:03,613 INFO  client.GrpcClientProtocolClient (GrpcClientProtocolClient.java:onNext(255)) - client-3502B0E99E4B->68798575-c94b-44a6-b996-25df487e3c54: receive RaftClientReply:client-3502B0E99E4B->68798575-c94b-44a6-b996-25df487e3c54@group-48C576E544C9, cid=2908, SUCCESS, logIndex=0, commits[68798575-c94b-44a6-b996-25df487e3c54:c4361, 9ec8ead9-888e-415b-b04c-32cd2c26f792:c4360, 84ef4577-07e0-4c8d-900e-d449eb7bf65d:c4360]
2019-07-10 10:04:03,646 INFO  client.GrpcClientProtocolClient (GrpcClientProtocolClient.java:onNext(255)) - client-3502B0E99E4B->68798575-c94b-44a6-b996-25df487e3c54: receive RaftClientReply:client-3502B0E99E4B->68798575-c94b-44a6-b996-25df487e3c54@group-48C576E544C9, cid=2909, SUCCESS, logIndex=4363, commits[68798575-c94b-44a6-b996-25df487e3c54:c4364, 9ec8ead9-888e-415b-b04c-32cd2c26f792:c4362, 84ef4577-07e0-4c8d-900e-d449eb7bf65d:c4362]
2019-07-10 10:04:03,647 INFO  client.GrpcClientProtocolClient (GrpcClientProtocolClient.java:onNext(255)) - client-3502B0E99E4B->68798575-c94b-44a6-b996-25df487e3c54: receive RaftClientReply:client-3502B0E99E4B->68798575-c94b-44a6-b996-25df487e3c54@group-48C576E544C9, cid=2910, SUCCESS, logIndex=4364, commits[68798575-c94b-44a6-b996-25df487e3c54:c4364, 9ec8ead9-888e-415b-b04c-32cd2c26f792:c4362, 84ef4577-07e0-4c8d-900e-d449eb7bf65d:c4362]
2019-07-10 10:04:03,659 INFO  client.GrpcClientProtocolClient (GrpcClientProtocolClient.java:onNext(255)) - client-3502B0E99E4B->68798575-c94b-44a6-b996-25df487e3c54: receive RaftClientReply:client-3502B0E99E4B->68798575-c94b-44a6-b996-25df487e3c54@group-48C576E544C9, cid=2911, SUCCESS, logIndex=4365, commits[68798575-c94b-44a6-b996-25df487e3c54:c4366, 9ec8ead9-888e-415b-b04c-32cd2c26f792:c4362, 84ef4577-07e0-4c8d-900e-d449eb7bf65d:c4362]
2019-07-10 10:04:03,659 INFO  client.GrpcClientProtocolClient (GrpcClientProtocolClient.java:onNext(255)) - client-3502B0E99E4B->68798575-c94b-44a6-b996-25df487e3c54: receive RaftClientReply:client-3502B0E99E4B->68798575-c94b-44a6-b996-25df487e3c54@group-48C576E544C9, cid=2912, SUCCESS, logIndex=4366, commits[68798575-c94b-44a6-b996-25df487e3c54:c4366, 9ec8ead9-888e-415b-b04c-32cd2c26f792:c4362, 84ef4577-07e0-4c8d-900e-d449eb7bf65d:c4362]
2019-07-10 10:04:03,661 INFO  client.GrpcClientProtocolClient (GrpcClientProtocolClient.java:onNext(255)) - client-3502B0E99E4B->68798575-c94b-44a6-b996-25df487e3c54: receive RaftClientReply:client-3502B0E99E4B->68798575-c94b-44a6-b996-25df487e3c54@group-48C576E544C9, cid=2913, SUCCESS, logIndex=0, commits[68798575-c94b-44a6-b996-25df487e3c54:c4368, 9ec8ead9-888e-415b-b04c-32cd2c26f792:c4364, 84ef4577-07e0-4c8d-900e-d449eb7bf65d:c4364]
2019-07-10 10:04:03,680 INFO  client.GrpcClientProtocolClient (GrpcClientProtocolClient.java:onNext(255)) - client-3502B0E99E4B->68798575-c94b-44a6-b996-25df487e3c54: receive RaftClientReply:client-3502B0E99E4B->68798575-c94b-44a6-b996-25df487e3c54@group-48C576E544C9, cid=2914, SUCCESS, logIndex=4371, commits[68798575-c94b-44a6-b996-25df487e3c54:c4372, 9ec8ead9-888e-415b-b04c-32cd2c26f792:c4370, 84ef4577-07e0-4c8d-900e-d449eb7bf65d:c4370]
2019-07-10 10:04:03,681 INFO  client.GrpcClientProtocolClient (GrpcClientProtocolClient.java:onNext(255)) - client-3502B0E99E4B->68798575-c94b-44a6-b996-25df487e3c54: receive RaftClientReply:client-3502B0E99E4B->68798575-c94b-44a6-b996-25df487e3c54@group-48C576E544C9, cid=2915, SUCCESS, logIndex=4372, commits[68798575-c94b-44a6-b996-25df487e3c54:c4372, 9ec8ead9-888e-415b-b04c-32cd2c26f792:c4370, 84ef4577-07e0-4c8d-900e-d449eb7bf65d:c4370]
2019-07-10 10:04:03,696 INFO  client.GrpcClientProtocolClient (GrpcClientProtocolClient.java:onNext(255)) - client-3502B0E99E4B->68798575-c94b-44a6-b996-25df487e3c54: receive RaftClientReply:client-3502B0E99E4B->68798575-c94b-44a6-b996-25df487e3c54@group-48C576E544C9, cid=2916, SUCCESS, logIndex=4375, commits[68798575-c94b-44a6-b996-25df487e3c54:c4376, 9ec8ead9-888e-415b-b04c-32cd2c26f792:c4372, 84ef4577-07e0-4c8d-900e-d449eb7bf65d:c4372]
2019-07-10 10:04:03,696 INFO  client.GrpcClientProtocolClient (GrpcClientProtocolClient.java:onNext(255)) - client-3502B0E99E4B->68798575-c94b-44a6-b996-25df487e3c54: receive RaftClientReply:client-3502B0E99E4B->68798575-c94b-44a6-b996-25df487e3c54@group-48C576E544C9, cid=2917, SUCCESS, logIndex=4376, commits[68798575-c94b-44a6-b996-25df487e3c54:c4376, 9ec8ead9-888e-415b-b04c-32cd2c26f792:c4372, 84ef4577-07e0-4c8d-900e-d449eb7bf65d:c4372]
2019-07-10 10:04:03,709 INFO  client.GrpcClientProtocolClient (GrpcClientProtocolClient.java:onNext(255)) - client-3502B0E99E4B->68798575-c94b-44a6-b996-25df487e3c54: receive RaftClientReply:client-3502B0E99E4B->68798575-c94b-44a6-b996-25df487e3c54@group-48C576E544C9, cid=2918, SUCCESS, logIndex=0, commits[68798575-c94b-44a6-b996-25df487e3c54:c4378, 9ec8ead9-888e-415b-b04c-32cd2c26f792:c4376, 84ef4577-07e0-4c8d-900e-d449eb7bf65d:c4376]
2019-07-10 10:04:03,737 INFO  client.GrpcClientProtocolClient (GrpcClientProtocolClient.java:onNext(255)) - client-3502B0E99E4B->68798575-c94b-44a6-b996-25df487e3c54: receive RaftClientReply:client-3502B0E99E4B->68798575-c94b-44a6-b996-25df487e3c54@group-48C576E544C9, cid=2919, SUCCESS, logIndex=4379, commits[68798575-c94b-44a6-b996-25df487e3c54:c4382, 9ec8ead9-888e-415b-b04c-32cd2c26f792:c4378, 84ef4577-07e0-4c8d-900e-d449eb7bf65d:c4378]
2019-07-10 10:04:03,738 INFO  client.GrpcClientProtocolClient (GrpcClientProtocolClient.java:onNext(255)) - client-3502B0E99E4B->68798575-c94b-44a6-b996-25df487e3c54: receive RaftClientReply:client-3502B0E99E4B->68798575-c94b-44a6-b996-25df487e3c54@group-48C576E544C9, cid=2920, SUCCESS, logIndex=4380, commits[68798575-c94b-44a6-b996-25df487e3c54:c4382, 9ec8ead9-888e-415b-b04c-32cd2c26f792:c4378, 84ef4577-07e0-4c8d-900e-d449eb7bf65d:c4378]
2019-07-10 10:04:03,738 INFO  client.GrpcClientProtocolClient (GrpcClientProtocolClient.java:onNext(255)) - client-3502B0E99E4B->68798575-c94b-44a6-b996-25df487e3c54: receive RaftClientReply:client-3502B0E99E4B->68798575-c94b-44a6-b996-25df487e3c54@group-48C576E544C9, cid=2921, SUCCESS, logIndex=4381, commits[68798575-c94b-44a6-b996-25df487e3c54:c4382, 9ec8ead9-888e-415b-b04c-32cd2c26f792:c4378, 84ef4577-07e0-4c8d-900e-d449eb7bf65d:c4378]
2019-07-10 10:04:03,739 INFO  client.GrpcClientProtocolClient (GrpcClientProtocolClient.java:onNext(255)) - client-3502B0E99E4B->68798575-c94b-44a6-b996-25df487e3c54: receive RaftClientReply:client-3502B0E99E4B->68798575-c94b-44a6-b996-25df487e3c54@group-48C576E544C9, cid=2922, SUCCESS, logIndex=4382, commits[68798575-c94b-44a6-b996-25df487e3c54:c4384, 9ec8ead9-888e-415b-b04c-32cd2c26f792:c4380, 84ef4577-07e0-4c8d-900e-d449eb7bf65d:c4380]
2019-07-10 10:04:03,764 INFO  client.GrpcClientProtocolClient (GrpcClientProtocolClient.java:onNext(255)) - client-3502B0E99E4B->68798575-c94b-44a6-b996-25df487e3c54: receive RaftClientReply:client-3502B0E99E4B->68798575-c94b-44a6-b996-25df487e3c54@group-48C576E544C9, cid=2923, SUCCESS, logIndex=4387, commits[68798575-c94b-44a6-b996-25df487e3c54:c4388, 9ec8ead9-888e-415b-b04c-32cd2c26f792:c4386, 84ef4577-07e0-4c8d-900e-d449eb7bf65d:c4386]
2019-07-10 10:04:03,765 INFO  client.GrpcClientProtocolClient (GrpcClientProtocolClient.java:onNext(255)) - client-3502B0E99E4B->68798575-c94b-44a6-b996-25df487e3c54: receive RaftClientReply:client-3502B0E99E4B->68798575-c94b-44a6-b996-25df487e3c54@group-48C576E544C9, cid=2924, SUCCESS, logIndex=4388, commits[68798575-c94b-44a6-b996-25df487e3c54:c4388, 9ec8ead9-888e-415b-b04c-32cd2c26f792:c4386, 84ef4577-07e0-4c8d-900e-d449eb7bf65d:c4386]
2019-07-10 10:04:03,779 INFO  client.GrpcClientProtocolClient (GrpcClientProtocolClient.java:onNext(255)) - client-3502B0E99E4B->68798575-c94b-44a6-b996-25df487e3c54: receive RaftClientReply:client-3502B0E99E4B->68798575-c94b-44a6-b996-25df487e3c54@group-48C576E544C9, cid=2925, SUCCESS, logIndex=4391, commits[68798575-c94b-44a6-b996-25df487e3c54:c4392, 9ec8ead9-888e-415b-b04c-32cd2c26f792:c4388, 84ef4577-07e0-4c8d-900e-d449eb7bf65d:c4388]
2019-07-10 10:04:03,780 INFO  client.GrpcClientProtocolClient (GrpcClientProtocolClient.java:onNext(255)) - client-3502B0E99E4B->68798575-c94b-44a6-b996-25df487e3c54: receive RaftClientReply:client-3502B0E99E4B->68798575-c94b-44a6-b996-25df487e3c54@group-48C576E544C9, cid=2926, SUCCESS, logIndex=4392, commits[68798575-c94b-44a6-b996-25df487e3c54:c4392, 9ec8ead9-888e-415b-b04c-32cd2c26f792:c4388, 84ef4577-07e0-4c8d-900e-d449eb7bf65d:c4388]
2019-07-10 10:04:03,790 INFO  client.GrpcClientProtocolClient (GrpcClientProtocolClient.java:onNext(255)) - client-3502B0E99E4B->68798575-c94b-44a6-b996-25df487e3c54: receive RaftClientReply:client-3502B0E99E4B->68798575-c94b-44a6-b996-25df487e3c54@group-48C576E544C9, cid=2927, SUCCESS, logIndex=0, commits[68798575-c94b-44a6-b996-25df487e3c54:c4393, 9ec8ead9-888e-415b-b04c-32cd2c26f792:c4392, 84ef4577-07e0-4c8d-900e-d449eb7bf65d:c4392]
 0.00% |█                                                                                                    |  0/1 Time: 0:00:272019-07-10 10:04:03,822 INFO  client.GrpcClientProtocolClient (GrpcClientProtocolClient.java:onNext(255)) - client-3502B0E99E4B->68798575-c94b-44a6-b996-25df487e3c54: receive RaftClientReply:client-3502B0E99E4B->68798575-c94b-44a6-b996-25df487e3c54@group-48C576E544C9, cid=2928, SUCCESS, logIndex=4395, commits[68798575-c94b-44a6-b996-25df487e3c54:c4397, 9ec8ead9-888e-415b-b04c-32cd2c26f792:c4394, 84ef4577-07e0-4c8d-900e-d449eb7bf65d:c4394]
2019-07-10 10:04:03,823 INFO  client.GrpcClientProtocolClient (GrpcClientProtocolClient.java:onNext(255)) - client-3502B0E99E4B->68798575-c94b-44a6-b996-25df487e3c54: receive RaftClientReply:client-3502B0E99E4B->68798575-c94b-44a6-b996-25df487e3c54@group-48C576E544C9, cid=2929, SUCCESS, logIndex=4396, commits[68798575-c94b-44a6-b996-25df487e3c54:c4398, 9ec8ead9-888e-415b-b04c-32cd2c26f792:c4394, 84ef4577-07e0-4c8d-900e-d449eb7bf65d:c4394]
2019-07-10 10:04:03,823 INFO  client.GrpcClientProtocolClient (GrpcClientProtocolClient.java:onNext(255)) - client-3502B0E99E4B->68798575-c94b-44a6-b996-25df487e3c54: receive RaftClientReply:client-3502B0E99E4B->68798575-c94b-44a6-b996-25df487e3c54@group-48C576E544C9, cid=2930, SUCCESS, logIndex=4397, commits[68798575-c94b-44a6-b996-25df487e3c54:c4398, 9ec8ead9-888e-415b-b04c-32cd2c26f792:c4394, 84ef4577-07e0-4c8d-900e-d449eb7bf65d:c4394]
2019-07-10 10:04:03,824 INFO  client.GrpcClientProtocolClient (GrpcClientProtocolClient.java:onNext(255)) - client-3502B0E99E4B->68798575-c94b-44a6-b996-25df487e3c54: receive RaftClientReply:client-3502B0E99E4B->68798575-c94b-44a6-b996-25df487e3c54@group-48C576E544C9, cid=2931, SUCCESS, logIndex=4398, commits[68798575-c94b-44a6-b996-25df487e3c54:c4399, 9ec8ead9-888e-415b-b04c-32cd2c26f792:c4395, 84ef4577-07e0-4c8d-900e-d449eb7bf65d:c4395]
2019-07-10 10:04:03,824 INFO  client.GrpcClientProtocolClient (GrpcClientProtocolClient.java:onNext(255)) - client-3502B0E99E4B->68798575-c94b-44a6-b996-25df487e3c54: receive RaftClientReply:client-3502B0E99E4B->68798575-c94b-44a6-b996-25df487e3c54@group-48C576E544C9, cid=2932, SUCCESS, logIndex=0, commits[68798575-c94b-44a6-b996-25df487e3c54:c4402, 9ec8ead9-888e-415b-b04c-32cd2c26f792:c4396, 84ef4577-07e0-4c8d-900e-d449eb7bf65d:c4398]
2019-07-10 10:04:03,844 INFO  client.GrpcClientProtocolClient (GrpcClientProtocolClient.java:onNext(255)) - client-3502B0E99E4B->68798575-c94b-44a6-b996-25df487e3c54: receive RaftClientReply:client-3502B0E99E4B->68798575-c94b-44a6-b996-25df487e3c54@group-48C576E544C9, cid=2933, SUCCESS, logIndex=4403, commits[68798575-c94b-44a6-b996-25df487e3c54:c4404, 9ec8ead9-888e-415b-b04c-32cd2c26f792:c4402, 84ef4577-07e0-4c8d-900e-d449eb7bf65d:c4402]
2019-07-10 10:04:03,844 INFO  client.GrpcClientProtocolClient (GrpcClientProtocolClient.java:onNext(255)) - client-3502B0E99E4B->68798575-c94b-44a6-b996-25df487e3c54: receive RaftClientReply:client-3502B0E99E4B->68798575-c94b-44a6-b996-25df487e3c54@group-48C576E544C9, cid=2934, SUCCESS, logIndex=4404, commits[68798575-c94b-44a6-b996-25df487e3c54:c4404, 9ec8ead9-888e-415b-b04c-32cd2c26f792:c4402, 84ef4577-07e0-4c8d-900e-d449eb7bf65d:c4402]
2019-07-10 10:04:03,859 INFO  client.GrpcClientProtocolClient (GrpcClientProtocolClient.java:onNext(255)) - client-3502B0E99E4B->68798575-c94b-44a6-b996-25df487e3c54: receive RaftClientReply:client-3502B0E99E4B->68798575-c94b-44a6-b996-25df487e3c54@group-48C576E544C9, cid=2935, SUCCESS, logIndex=4407, commits[68798575-c94b-44a6-b996-25df487e3c54:c4408, 9ec8ead9-888e-415b-b04c-32cd2c26f792:c4404, 84ef4577-07e0-4c8d-900e-d449eb7bf65d:c4404]
2019-07-10 10:04:03,860 INFO  client.GrpcClientProtocolClient (GrpcClientProtocolClient.java:onNext(255)) - client-3502B0E99E4B->68798575-c94b-44a6-b996-25df487e3c54: receive RaftClientReply:client-3502B0E99E4B->68798575-c94b-44a6-b996-25df487e3c54@group-48C576E544C9, cid=2936, SUCCESS, logIndex=4408, commits[68798575-c94b-44a6-b996-25df487e3c54:c4408, 9ec8ead9-888e-415b-b04c-32cd2c26f792:c4404, 84ef4577-07e0-4c8d-900e-d449eb7bf65d:c4404]
2019-07-10 10:04:03,881 INFO  client.GrpcClientProtocolClient (GrpcClientProtocolClient.java:onNext(255)) - client-3502B0E99E4B->68798575-c94b-44a6-b996-25df487e3c54: receive RaftClientReply:client-3502B0E99E4B->68798575-c94b-44a6-b996-25df487e3c54@group-48C576E544C9, cid=2937, SUCCESS, logIndex=0, commits[68798575-c94b-44a6-b996-25df487e3c54:c4410, 9ec8ead9-888e-415b-b04c-32cd2c26f792:c4408, 84ef4577-07e0-4c8d-900e-d449eb7bf65d:c4408]
2019-07-10 10:04:04,032 INFO  client.GrpcClientProtocolClient (GrpcClientProtocolClient.java:onNext(255)) - client-3502B0E99E4B->68798575-c94b-44a6-b996-25df487e3c54: receive RaftClientReply:client-3502B0E99E4B->68798575-c94b-44a6-b996-25df487e3c54@group-48C576E544C9, cid=2938, SUCCESS, logIndex=4411, commits[68798575-c94b-44a6-b996-25df487e3c54:c4412, 9ec8ead9-888e-415b-b04c-32cd2c26f792:c4410, 84ef4577-07e0-4c8d-900e-d449eb7bf65d:c4410]
2019-07-10 10:04:04,032 INFO  client.GrpcClientProtocolClient (GrpcClientProtocolClient.java:onNext(255)) - client-3502B0E99E4B->68798575-c94b-44a6-b996-25df487e3c54: receive RaftClientReply:client-3502B0E99E4B->68798575-c94b-44a6-b996-25df487e3c54@group-48C576E544C9, cid=2939, SUCCESS, logIndex=4412, commits[68798575-c94b-44a6-b996-25df487e3c54:c4414, 9ec8ead9-888e-415b-b04c-32cd2c26f792:c4410, 84ef4577-07e0-4c8d-900e-d449eb7bf65d:c4410]
2019-07-10 10:04:04,033 INFO  client.GrpcClientProtocolClient (GrpcClientProtocolClient.java:onNext(255)) - client-3502B0E99E4B->68798575-c94b-44a6-b996-25df487e3c54: receive RaftClientReply:client-3502B0E99E4B->68798575-c94b-44a6-b996-25df487e3c54@group-48C576E544C9, cid=2940, SUCCESS, logIndex=4413, commits[68798575-c94b-44a6-b996-25df487e3c54:c4414, 9ec8ead9-888e-415b-b04c-32cd2c26f792:c4410, 84ef4577-07e0-4c8d-900e-d449eb7bf65d:c4410]
2019-07-10 10:04:04,033 INFO  client.GrpcClientProtocolClient (GrpcClientProtocolClient.java:onNext(255)) - client-3502B0E99E4B->68798575-c94b-44a6-b996-25df487e3c54: receive RaftClientReply:client-3502B0E99E4B->68798575-c94b-44a6-b996-25df487e3c54@group-48C576E544C9, cid=2941, SUCCESS, logIndex=4414, commits[68798575-c94b-44a6-b996-25df487e3c54:c4414, 9ec8ead9-888e-415b-b04c-32cd2c26f792:c4410, 84ef4577-07e0-4c8d-900e-d449eb7bf65d:c4410]
2019-07-10 10:04:04,045 INFO  client.GrpcClientProtocolClient (GrpcClientProtocolClient.java:onNext(255)) - client-3502B0E99E4B->68798575-c94b-44a6-b996-25df487e3c54: receive RaftClientReply:client-3502B0E99E4B->68798575-c94b-44a6-b996-25df487e3c54@group-48C576E544C9, cid=2942, SUCCESS, logIndex=0, commits[68798575-c94b-44a6-b996-25df487e3c54:c4416, 9ec8ead9-888e-415b-b04c-32cd2c26f792:c4412, 84ef4577-07e0-4c8d-900e-d449eb7bf65d:c4412]
2019-07-10 10:04:04,067 INFO  client.GrpcClientProtocolClient (GrpcClientProtocolClient.java:onNext(255)) - client-3502B0E99E4B->68798575-c94b-44a6-b996-25df487e3c54: receive RaftClientReply:client-3502B0E99E4B->68798575-c94b-44a6-b996-25df487e3c54@group-48C576E544C9, cid=2943, SUCCESS, logIndex=4419, commits[68798575-c94b-44a6-b996-25df487e3c54:c4420, 9ec8ead9-888e-415b-b04c-32cd2c26f792:c4418, 84ef4577-07e0-4c8d-900e-d449eb7bf65d:c4418]
2019-07-10 10:04:04,067 INFO  client.GrpcClientProtocolClient (GrpcClientProtocolClient.java:onNext(255)) - client-3502B0E99E4B->68798575-c94b-44a6-b996-25df487e3c54: receive RaftClientReply:client-3502B0E99E4B->68798575-c94b-44a6-b996-25df487e3c54@group-48C576E544C9, cid=2944, SUCCESS, logIndex=4420, commits[68798575-c94b-44a6-b996-25df487e3c54:c4420, 9ec8ead9-888e-415b-b04c-32cd2c26f792:c4418, 84ef4577-07e0-4c8d-900e-d449eb7bf65d:c4418]
2019-07-10 10:04:04,081 INFO  client.GrpcClientProtocolClient (GrpcClientProtocolClient.java:onNext(255)) - client-3502B0E99E4B->68798575-c94b-44a6-b996-25df487e3c54: receive RaftClientReply:client-3502B0E99E4B->68798575-c94b-44a6-b996-25df487e3c54@group-48C576E544C9, cid=2945, SUCCESS, logIndex=4423, commits[68798575-c94b-44a6-b996-25df487e3c54:c4424, 9ec8ead9-888e-415b-b04c-32cd2c26f792:c4419, 84ef4577-07e0-4c8d-900e-d449eb7bf65d:c4420]
2019-07-10 10:04:04,082 INFO  client.GrpcClientProtocolClient (GrpcClientProtocolClient.java:onNext(255)) - client-3502B0E99E4B->68798575-c94b-44a6-b996-25df487e3c54: receive RaftClientReply:client-3502B0E99E4B->68798575-c94b-44a6-b996-25df487e3c54@group-48C576E544C9, cid=2946, SUCCESS, logIndex=4424, commits[68798575-c94b-44a6-b996-25df487e3c54:c4424, 9ec8ead9-888e-415b-b04c-32cd2c26f792:c4420, 84ef4577-07e0-4c8d-900e-d449eb7bf65d:c4420]
2019-07-10 10:04:04,083 INFO  client.GrpcClientProtocolClient (GrpcClientProtocolClient.java:onNext(255)) - client-3502B0E99E4B->68798575-c94b-44a6-b996-25df487e3c54: receive RaftClientReply:client-3502B0E99E4B->68798575-c94b-44a6-b996-25df487e3c54@group-48C576E544C9, cid=2947, SUCCESS, logIndex=0, commits[68798575-c94b-44a6-b996-25df487e3c54:c4425, 9ec8ead9-888e-415b-b04c-32cd2c26f792:c4424, 84ef4577-07e0-4c8d-900e-d449eb7bf65d:c4424]
2019-07-10 10:04:04,117 INFO  client.GrpcClientProtocolClient (GrpcClientProtocolClient.java:onNext(255)) - client-3502B0E99E4B->68798575-c94b-44a6-b996-25df487e3c54: receive RaftClientReply:client-3502B0E99E4B->68798575-c94b-44a6-b996-25df487e3c54@group-48C576E544C9, cid=2948, SUCCESS, logIndex=4427, commits[68798575-c94b-44a6-b996-25df487e3c54:c4428, 9ec8ead9-888e-415b-b04c-32cd2c26f792:c4426, 84ef4577-07e0-4c8d-900e-d449eb7bf65d:c4426]
2019-07-10 10:04:04,118 INFO  client.GrpcClientProtocolClient (GrpcClientProtocolClient.java:onNext(255)) - client-3502B0E99E4B->68798575-c94b-44a6-b996-25df487e3c54: receive RaftClientReply:client-3502B0E99E4B->68798575-c94b-44a6-b996-25df487e3c54@group-48C576E544C9, cid=2949, SUCCESS, logIndex=4428, commits[68798575-c94b-44a6-b996-25df487e3c54:c4428, 9ec8ead9-888e-415b-b04c-32cd2c26f792:c4426, 84ef4577-07e0-4c8d-900e-d449eb7bf65d:c4426]
2019-07-10 10:04:04,118 INFO  client.GrpcClientProtocolClient (GrpcClientProtocolClient.java:onNext(255)) - client-3502B0E99E4B->68798575-c94b-44a6-b996-25df487e3c54: receive RaftClientReply:client-3502B0E99E4B->68798575-c94b-44a6-b996-25df487e3c54@group-48C576E544C9, cid=2950, SUCCESS, logIndex=4429, commits[68798575-c94b-44a6-b996-25df487e3c54:c4430, 9ec8ead9-888e-415b-b04c-32cd2c26f792:c4426, 84ef4577-07e0-4c8d-900e-d449eb7bf65d:c4426]
2019-07-10 10:04:04,118 INFO  client.GrpcClientProtocolClient (GrpcClientProtocolClient.java:onNext(255)) - client-3502B0E99E4B->68798575-c94b-44a6-b996-25df487e3c54: receive RaftClientReply:client-3502B0E99E4B->68798575-c94b-44a6-b996-25df487e3c54@group-48C576E544C9, cid=2951, SUCCESS, logIndex=4430, commits[68798575-c94b-44a6-b996-25df487e3c54:c4430, 9ec8ead9-888e-415b-b04c-32cd2c26f792:c4426, 84ef4577-07e0-4c8d-900e-d449eb7bf65d:c4426]
2019-07-10 10:04:04,139 INFO  client.GrpcClientProtocolClient (GrpcClientProtocolClient.java:onNext(255)) - client-3502B0E99E4B->68798575-c94b-44a6-b996-25df487e3c54: receive RaftClientReply:client-3502B0E99E4B->68798575-c94b-44a6-b996-25df487e3c54@group-48C576E544C9, cid=2952, SUCCESS, logIndex=0, commits[68798575-c94b-44a6-b996-25df487e3c54:c4432, 9ec8ead9-888e-415b-b04c-32cd2c26f792:c4428, 84ef4577-07e0-4c8d-900e-d449eb7bf65d:c4428]
2019-07-10 10:04:04,160 INFO  client.GrpcClientProtocolClient (GrpcClientProtocolClient.java:onNext(255)) - client-3502B0E99E4B->68798575-c94b-44a6-b996-25df487e3c54: receive RaftClientReply:client-3502B0E99E4B->68798575-c94b-44a6-b996-25df487e3c54@group-48C576E544C9, cid=2953, SUCCESS, logIndex=4435, commits[68798575-c94b-44a6-b996-25df487e3c54:c4436, 9ec8ead9-888e-415b-b04c-32cd2c26f792:c4434, 84ef4577-07e0-4c8d-900e-d449eb7bf65d:c4434]
2019-07-10 10:04:04,160 INFO  client.GrpcClientProtocolClient (GrpcClientProtocolClient.java:onNext(255)) - client-3502B0E99E4B->68798575-c94b-44a6-b996-25df487e3c54: receive RaftClientReply:client-3502B0E99E4B->68798575-c94b-44a6-b996-25df487e3c54@group-48C576E544C9, cid=2954, SUCCESS, logIndex=4436, commits[68798575-c94b-44a6-b996-25df487e3c54:c4436, 9ec8ead9-888e-415b-b04c-32cd2c26f792:c4434, 84ef4577-07e0-4c8d-900e-d449eb7bf65d:c4434]
2019-07-10 10:04:04,173 INFO  client.GrpcClientProtocolClient (GrpcClientProtocolClient.java:onNext(255)) - client-3502B0E99E4B->68798575-c94b-44a6-b996-25df487e3c54: receive RaftClientReply:client-3502B0E99E4B->68798575-c94b-44a6-b996-25df487e3c54@group-48C576E544C9, cid=2955, SUCCESS, logIndex=4439, commits[68798575-c94b-44a6-b996-25df487e3c54:c4440, 9ec8ead9-888e-415b-b04c-32cd2c26f792:c4435, 84ef4577-07e0-4c8d-900e-d449eb7bf65d:c4436]
2019-07-10 10:04:04,173 INFO  client.GrpcClientProtocolClient (GrpcClientProtocolClient.java:onNext(255)) - client-3502B0E99E4B->68798575-c94b-44a6-b996-25df487e3c54: receive RaftClientReply:client-3502B0E99E4B->68798575-c94b-44a6-b996-25df487e3c54@group-48C576E544C9, cid=2956, SUCCESS, logIndex=4440, commits[68798575-c94b-44a6-b996-25df487e3c54:c4440, 9ec8ead9-888e-415b-b04c-32cd2c26f792:c4436, 84ef4577-07e0-4c8d-900e-d449eb7bf65d:c4436]
2019-07-10 10:04:04,186 INFO  client.GrpcClientProtocolClient (GrpcClientProtocolClient.java:onNext(255)) - client-3502B0E99E4B->68798575-c94b-44a6-b996-25df487e3c54: receive RaftClientReply:client-3502B0E99E4B->68798575-c94b-44a6-b996-25df487e3c54@group-48C576E544C9, cid=2957, SUCCESS, logIndex=0, commits[68798575-c94b-44a6-b996-25df487e3c54:c4442, 9ec8ead9-888e-415b-b04c-32cd2c26f792:c4440, 84ef4577-07e0-4c8d-900e-d449eb7bf65d:c4440]
2019-07-10 10:04:04,216 INFO  client.GrpcClientProtocolClient (GrpcClientProtocolClient.java:onNext(255)) - client-3502B0E99E4B->68798575-c94b-44a6-b996-25df487e3c54: receive RaftClientReply:client-3502B0E99E4B->68798575-c94b-44a6-b996-25df487e3c54@group-48C576E544C9, cid=2958, SUCCESS, logIndex=4443, commits[68798575-c94b-44a6-b996-25df487e3c54:c4443, 9ec8ead9-888e-415b-b04c-32cd2c26f792:c4442, 84ef4577-07e0-4c8d-900e-d449eb7bf65d:c4442]
2019-07-10 10:04:04,217 INFO  client.GrpcClientProtocolClient (GrpcClientProtocolClient.java:onNext(255)) - client-3502B0E99E4B->68798575-c94b-44a6-b996-25df487e3c54: receive RaftClientReply:client-3502B0E99E4B->68798575-c94b-44a6-b996-25df487e3c54@group-48C576E544C9, cid=2959, SUCCESS, logIndex=4444, commits[68798575-c94b-44a6-b996-25df487e3c54:c4446, 9ec8ead9-888e-415b-b04c-32cd2c26f792:c4442, 84ef4577-07e0-4c8d-900e-d449eb7bf65d:c4442]
2019-07-10 10:04:04,217 INFO  client.GrpcClientProtocolClient (GrpcClientProtocolClient.java:onNext(255)) - client-3502B0E99E4B->68798575-c94b-44a6-b996-25df487e3c54: receive RaftClientReply:client-3502B0E99E4B->68798575-c94b-44a6-b996-25df487e3c54@group-48C576E544C9, cid=2960, SUCCESS, logIndex=4445, commits[68798575-c94b-44a6-b996-25df487e3c54:c4446, 9ec8ead9-888e-415b-b04c-32cd2c26f792:c4442, 84ef4577-07e0-4c8d-900e-d449eb7bf65d:c4442]
2019-07-10 10:04:04,217 INFO  client.GrpcClientProtocolClient (GrpcClientProtocolClient.java:onNext(255)) - client-3502B0E99E4B->68798575-c94b-44a6-b996-25df487e3c54: receive RaftClientReply:client-3502B0E99E4B->68798575-c94b-44a6-b996-25df487e3c54@group-48C576E544C9, cid=2961, SUCCESS, logIndex=4446, commits[68798575-c94b-44a6-b996-25df487e3c54:c4446, 9ec8ead9-888e-415b-b04c-32cd2c26f792:c4442, 84ef4577-07e0-4c8d-900e-d449eb7bf65d:c4442]
2019-07-10 10:04:04,228 INFO  client.GrpcClientProtocolClient (GrpcClientProtocolClient.java:onNext(255)) - client-3502B0E99E4B->68798575-c94b-44a6-b996-25df487e3c54: receive RaftClientReply:client-3502B0E99E4B->68798575-c94b-44a6-b996-25df487e3c54@group-48C576E544C9, cid=2962, SUCCESS, logIndex=0, commits[68798575-c94b-44a6-b996-25df487e3c54:c4449, 9ec8ead9-888e-415b-b04c-32cd2c26f792:c4446, 84ef4577-07e0-4c8d-900e-d449eb7bf65d:c4446]
2019-07-10 10:04:04,250 INFO  client.GrpcClientProtocolClient (GrpcClientProtocolClient.java:onNext(255)) - client-3502B0E99E4B->68798575-c94b-44a6-b996-25df487e3c54: receive RaftClientReply:client-3502B0E99E4B->68798575-c94b-44a6-b996-25df487e3c54@group-48C576E544C9, cid=2963, SUCCESS, logIndex=4450, commits[68798575-c94b-44a6-b996-25df487e3c54:c4451, 9ec8ead9-888e-415b-b04c-32cd2c26f792:c4449, 84ef4577-07e0-4c8d-900e-d449eb7bf65d:c4449]
2019-07-10 10:04:04,251 INFO  client.GrpcClientProtocolClient (GrpcClientProtocolClient.java:onNext(255)) - client-3502B0E99E4B->68798575-c94b-44a6-b996-25df487e3c54: receive RaftClientReply:client-3502B0E99E4B->68798575-c94b-44a6-b996-25df487e3c54@group-48C576E544C9, cid=2964, SUCCESS, logIndex=4451, commits[68798575-c94b-44a6-b996-25df487e3c54:c4451, 9ec8ead9-888e-415b-b04c-32cd2c26f792:c4449, 84ef4577-07e0-4c8d-900e-d449eb7bf65d:c4449]
2019-07-10 10:04:04,274 INFO  client.GrpcClientProtocolClient (GrpcClientProtocolClient.java:onNext(255)) - client-3502B0E99E4B->68798575-c94b-44a6-b996-25df487e3c54: receive RaftClientReply:client-3502B0E99E4B->68798575-c94b-44a6-b996-25df487e3c54@group-48C576E544C9, cid=2965, SUCCESS, logIndex=4454, commits[68798575-c94b-44a6-b996-25df487e3c54:c4455, 9ec8ead9-888e-415b-b04c-32cd2c26f792:c4451, 84ef4577-07e0-4c8d-900e-d449eb7bf65d:c4451]
2019-07-10 10:04:04,274 INFO  client.GrpcClientProtocolClient (GrpcClientProtocolClient.java:onNext(255)) - client-3502B0E99E4B->68798575-c94b-44a6-b996-25df487e3c54: receive RaftClientReply:client-3502B0E99E4B->68798575-c94b-44a6-b996-25df487e3c54@group-48C576E544C9, cid=2966, SUCCESS, logIndex=4455, commits[68798575-c94b-44a6-b996-25df487e3c54:c4455, 9ec8ead9-888e-415b-b04c-32cd2c26f792:c4451, 84ef4577-07e0-4c8d-900e-d449eb7bf65d:c4451]
2019-07-10 10:04:04,285 INFO  client.GrpcClientProtocolClient (GrpcClientProtocolClient.java:onNext(255)) - client-3502B0E99E4B->68798575-c94b-44a6-b996-25df487e3c54: receive RaftClientReply:client-3502B0E99E4B->68798575-c94b-44a6-b996-25df487e3c54@group-48C576E544C9, cid=2967, SUCCESS, logIndex=0, commits[68798575-c94b-44a6-b996-25df487e3c54:c4456, 9ec8ead9-888e-415b-b04c-32cd2c26f792:c4455, 84ef4577-07e0-4c8d-900e-d449eb7bf65d:c4455]
2019-07-10 10:04:04,315 INFO  client.GrpcClientProtocolClient (GrpcClientProtocolClient.java:onNext(255)) - client-3502B0E99E4B->68798575-c94b-44a6-b996-25df487e3c54: receive RaftClientReply:client-3502B0E99E4B->68798575-c94b-44a6-b996-25df487e3c54@group-48C576E544C9, cid=2968, SUCCESS, logIndex=4457, commits[68798575-c94b-44a6-b996-25df487e3c54:c4458, 9ec8ead9-888e-415b-b04c-32cd2c26f792:c4456, 84ef4577-07e0-4c8d-900e-d449eb7bf65d:c4456]
2019-07-10 10:04:04,316 INFO  client.GrpcClientProtocolClient (GrpcClientProtocolClient.java:onNext(255)) - client-3502B0E99E4B->68798575-c94b-44a6-b996-25df487e3c54: receive RaftClientReply:client-3502B0E99E4B->68798575-c94b-44a6-b996-25df487e3c54@group-48C576E544C9, cid=2969, SUCCESS, logIndex=4458, commits[68798575-c94b-44a6-b996-25df487e3c54:c4458, 9ec8ead9-888e-415b-b04c-32cd2c26f792:c4456, 84ef4577-07e0-4c8d-900e-d449eb7bf65d:c4456]
2019-07-10 10:04:04,316 INFO  client.GrpcClientProtocolClient (GrpcClientProtocolClient.java:onNext(255)) - client-3502B0E99E4B->68798575-c94b-44a6-b996-25df487e3c54: receive RaftClientReply:client-3502B0E99E4B->68798575-c94b-44a6-b996-25df487e3c54@group-48C576E544C9, cid=2970, SUCCESS, logIndex=4459, commits[68798575-c94b-44a6-b996-25df487e3c54:c4460, 9ec8ead9-888e-415b-b04c-32cd2c26f792:c4456, 84ef4577-07e0-4c8d-900e-d449eb7bf65d:c4456]
2019-07-10 10:04:04,317 INFO  client.GrpcClientProtocolClient (GrpcClientProtocolClient.java:onNext(255)) - client-3502B0E99E4B->68798575-c94b-44a6-b996-25df487e3c54: receive RaftClientReply:client-3502B0E99E4B->68798575-c94b-44a6-b996-25df487e3c54@group-48C576E544C9, cid=2971, SUCCESS, logIndex=4460, commits[68798575-c94b-44a6-b996-25df487e3c54:c4460, 9ec8ead9-888e-415b-b04c-32cd2c26f792:c4456, 84ef4577-07e0-4c8d-900e-d449eb7bf65d:c4456]
2019-07-10 10:04:04,319 INFO  client.GrpcClientProtocolClient (GrpcClientProtocolClient.java:onNext(255)) - client-3502B0E99E4B->68798575-c94b-44a6-b996-25df487e3c54: receive RaftClientReply:client-3502B0E99E4B->68798575-c94b-44a6-b996-25df487e3c54@group-48C576E544C9, cid=2972, SUCCESS, logIndex=0, commits[68798575-c94b-44a6-b996-25df487e3c54:c4462, 9ec8ead9-888e-415b-b04c-32cd2c26f792:c4458, 84ef4577-07e0-4c8d-900e-d449eb7bf65d:c4458]
2019-07-10 10:04:04,340 INFO  client.GrpcClientProtocolClient (GrpcClientProtocolClient.java:onNext(255)) - client-3502B0E99E4B->68798575-c94b-44a6-b996-25df487e3c54: receive RaftClientReply:client-3502B0E99E4B->68798575-c94b-44a6-b996-25df487e3c54@group-48C576E544C9, cid=2973, SUCCESS, logIndex=4465, commits[68798575-c94b-44a6-b996-25df487e3c54:c4466, 9ec8ead9-888e-415b-b04c-32cd2c26f792:c4462, 84ef4577-07e0-4c8d-900e-d449eb7bf65d:c4462]
2019-07-10 10:04:04,341 INFO  client.GrpcClientProtocolClient (GrpcClientProtocolClient.java:onNext(255)) - client-3502B0E99E4B->68798575-c94b-44a6-b996-25df487e3c54: receive RaftClientReply:client-3502B0E99E4B->68798575-c94b-44a6-b996-25df487e3c54@group-48C576E544C9, cid=2974, SUCCESS, logIndex=4466, commits[68798575-c94b-44a6-b996-25df487e3c54:c4466, 9ec8ead9-888e-415b-b04c-32cd2c26f792:c4462, 84ef4577-07e0-4c8d-900e-d449eb7bf65d:c4462]
2019-07-10 10:04:04,353 INFO  client.GrpcClientProtocolClient (GrpcClientProtocolClient.java:onNext(255)) - client-3502B0E99E4B->68798575-c94b-44a6-b996-25df487e3c54: receive RaftClientReply:client-3502B0E99E4B->68798575-c94b-44a6-b996-25df487e3c54@group-48C576E544C9, cid=2975, SUCCESS, logIndex=4468, commits[68798575-c94b-44a6-b996-25df487e3c54:c4469, 9ec8ead9-888e-415b-b04c-32cd2c26f792:c4466, 84ef4577-07e0-4c8d-900e-d449eb7bf65d:c4466]
2019-07-10 10:04:04,353 INFO  client.GrpcClientProtocolClient (GrpcClientProtocolClient.java:onNext(255)) - client-3502B0E99E4B->68798575-c94b-44a6-b996-25df487e3c54: receive RaftClientReply:client-3502B0E99E4B->68798575-c94b-44a6-b996-25df487e3c54@group-48C576E544C9, cid=2976, SUCCESS, logIndex=4469, commits[68798575-c94b-44a6-b996-25df487e3c54:c4469, 9ec8ead9-888e-415b-b04c-32cd2c26f792:c4466, 84ef4577-07e0-4c8d-900e-d449eb7bf65d:c4466]
2019-07-10 10:04:04,356 INFO  client.GrpcClientProtocolClient (GrpcClientProtocolClient.java:onNext(255)) - client-3502B0E99E4B->68798575-c94b-44a6-b996-25df487e3c54: receive RaftClientReply:client-3502B0E99E4B->68798575-c94b-44a6-b996-25df487e3c54@group-48C576E544C9, cid=2977, SUCCESS, logIndex=0, commits[68798575-c94b-44a6-b996-25df487e3c54:c4471, 9ec8ead9-888e-415b-b04c-32cd2c26f792:c4469, 84ef4577-07e0-4c8d-900e-d449eb7bf65d:c4469]
2019-07-10 10:04:04,384 INFO  client.GrpcClientProtocolClient (GrpcClientProtocolClient.java:onNext(255)) - client-3502B0E99E4B->68798575-c94b-44a6-b996-25df487e3c54: receive RaftClientReply:client-3502B0E99E4B->68798575-c94b-44a6-b996-25df487e3c54@group-48C576E544C9, cid=2978, SUCCESS, logIndex=4472, commits[68798575-c94b-44a6-b996-25df487e3c54:c4473, 9ec8ead9-888e-415b-b04c-32cd2c26f792:c4471, 84ef4577-07e0-4c8d-900e-d449eb7bf65d:c4471]
2019-07-10 10:04:04,385 INFO  client.GrpcClientProtocolClient (GrpcClientProtocolClient.java:onNext(255)) - client-3502B0E99E4B->68798575-c94b-44a6-b996-25df487e3c54: receive RaftClientReply:client-3502B0E99E4B->68798575-c94b-44a6-b996-25df487e3c54@group-48C576E544C9, cid=2979, SUCCESS, logIndex=4473, commits[68798575-c94b-44a6-b996-25df487e3c54:c4473, 9ec8ead9-888e-415b-b04c-32cd2c26f792:c4471, 84ef4577-07e0-4c8d-900e-d449eb7bf65d:c4471]
2019-07-10 10:04:04,385 INFO  client.GrpcClientProtocolClient (GrpcClientProtocolClient.java:onNext(255)) - client-3502B0E99E4B->68798575-c94b-44a6-b996-25df487e3c54: receive RaftClientReply:client-3502B0E99E4B->68798575-c94b-44a6-b996-25df487e3c54@group-48C576E544C9, cid=2980, SUCCESS, logIndex=4474, commits[68798575-c94b-44a6-b996-25df487e3c54:c4475, 9ec8ead9-888e-415b-b04c-32cd2c26f792:c4471, 84ef4577-07e0-4c8d-900e-d449eb7bf65d:c4471]
2019-07-10 10:04:04,386 INFO  client.GrpcClientProtocolClient (GrpcClientProtocolClient.java:onNext(255)) - client-3502B0E99E4B->68798575-c94b-44a6-b996-25df487e3c54: receive RaftClientReply:client-3502B0E99E4B->68798575-c94b-44a6-b996-25df487e3c54@group-48C576E544C9, cid=2981, SUCCESS, logIndex=4475, commits[68798575-c94b-44a6-b996-25df487e3c54:c4475, 9ec8ead9-888e-415b-b04c-32cd2c26f792:c4471, 84ef4577-07e0-4c8d-900e-d449eb7bf65d:c4471]
2019-07-10 10:04:04,399 INFO  client.GrpcClientProtocolClient (GrpcClientProtocolClient.java:onNext(255)) - client-3502B0E99E4B->68798575-c94b-44a6-b996-25df487e3c54: receive RaftClientReply:client-3502B0E99E4B->68798575-c94b-44a6-b996-25df487e3c54@group-48C576E544C9, cid=2982, SUCCESS, logIndex=0, commits[68798575-c94b-44a6-b996-25df487e3c54:c4477, 9ec8ead9-888e-415b-b04c-32cd2c26f792:c4473, 84ef4577-07e0-4c8d-900e-d449eb7bf65d:c4473]
2019-07-10 10:04:04,418 INFO  client.GrpcClientProtocolClient (GrpcClientProtocolClient.java:onNext(255)) - client-3502B0E99E4B->68798575-c94b-44a6-b996-25df487e3c54: receive RaftClientReply:client-3502B0E99E4B->68798575-c94b-44a6-b996-25df487e3c54@group-48C576E544C9, cid=2983, SUCCESS, logIndex=4480, commits[68798575-c94b-44a6-b996-25df487e3c54:c4481, 9ec8ead9-888e-415b-b04c-32cd2c26f792:c4479, 84ef4577-07e0-4c8d-900e-d449eb7bf65d:c4479]
2019-07-10 10:04:04,418 INFO  client.GrpcClientProtocolClient (GrpcClientProtocolClient.java:onNext(255)) - client-3502B0E99E4B->68798575-c94b-44a6-b996-25df487e3c54: receive RaftClientReply:client-3502B0E99E4B->68798575-c94b-44a6-b996-25df487e3c54@group-48C576E544C9, cid=2984, SUCCESS, logIndex=4481, commits[68798575-c94b-44a6-b996-25df487e3c54:c4481, 9ec8ead9-888e-415b-b04c-32cd2c26f792:c4479, 84ef4577-07e0-4c8d-900e-d449eb7bf65d:c4479]
2019-07-10 10:04:04,433 INFO  client.GrpcClientProtocolClient (GrpcClientProtocolClient.java:onNext(255)) - client-3502B0E99E4B->68798575-c94b-44a6-b996-25df487e3c54: receive RaftClientReply:client-3502B0E99E4B->68798575-c94b-44a6-b996-25df487e3c54@group-48C576E544C9, cid=2985, SUCCESS, logIndex=4484, commits[68798575-c94b-44a6-b996-25df487e3c54:c4485, 9ec8ead9-888e-415b-b04c-32cd2c26f792:c4481, 84ef4577-07e0-4c8d-900e-d449eb7bf65d:c4481]
2019-07-10 10:04:04,433 INFO  client.GrpcClientProtocolClient (GrpcClientProtocolClient.java:onNext(255)) - client-3502B0E99E4B->68798575-c94b-44a6-b996-25df487e3c54: receive RaftClientReply:client-3502B0E99E4B->68798575-c94b-44a6-b996-25df487e3c54@group-48C576E544C9, cid=2986, SUCCESS, logIndex=4485, commits[68798575-c94b-44a6-b996-25df487e3c54:c4485, 9ec8ead9-888e-415b-b04c-32cd2c26f792:c4481, 84ef4577-07e0-4c8d-900e-d449eb7bf65d:c4481]
2019-07-10 10:04:04,447 INFO  client.GrpcClientProtocolClient (GrpcClientProtocolClient.java:onNext(255)) - client-3502B0E99E4B->68798575-c94b-44a6-b996-25df487e3c54: receive RaftClientReply:client-3502B0E99E4B->68798575-c94b-44a6-b996-25df487e3c54@group-48C576E544C9, cid=2987, SUCCESS, logIndex=0, commits[68798575-c94b-44a6-b996-25df487e3c54:c4487, 9ec8ead9-888e-415b-b04c-32cd2c26f792:c4485, 84ef4577-07e0-4c8d-900e-d449eb7bf65d:c4485]
2019-07-10 10:04:04,476 INFO  client.GrpcClientProtocolClient (GrpcClientProtocolClient.java:onNext(255)) - client-3502B0E99E4B->68798575-c94b-44a6-b996-25df487e3c54: receive RaftClientReply:client-3502B0E99E4B->68798575-c94b-44a6-b996-25df487e3c54@group-48C576E544C9, cid=2988, SUCCESS, logIndex=4488, commits[68798575-c94b-44a6-b996-25df487e3c54:c4489, 9ec8ead9-888e-415b-b04c-32cd2c26f792:c4487, 84ef4577-07e0-4c8d-900e-d449eb7bf65d:c4487]
2019-07-10 10:04:04,477 INFO  client.GrpcClientProtocolClient (GrpcClientProtocolClient.java:onNext(255)) - client-3502B0E99E4B->68798575-c94b-44a6-b996-25df487e3c54: receive RaftClientReply:client-3502B0E99E4B->68798575-c94b-44a6-b996-25df487e3c54@group-48C576E544C9, cid=2989, SUCCESS, logIndex=4489, commits[68798575-c94b-44a6-b996-25df487e3c54:c4489, 9ec8ead9-888e-415b-b04c-32cd2c26f792:c4487, 84ef4577-07e0-4c8d-900e-d449eb7bf65d:c4487]
2019-07-10 10:04:04,488 INFO  client.GrpcClientProtocolClient (GrpcClientProtocolClient.java:onNext(255)) - client-3502B0E99E4B->68798575-c94b-44a6-b996-25df487e3c54: receive RaftClientReply:client-3502B0E99E4B->68798575-c94b-44a6-b996-25df487e3c54@group-48C576E544C9, cid=2990, SUCCESS, logIndex=4490, commits[68798575-c94b-44a6-b996-25df487e3c54:c4491, 9ec8ead9-888e-415b-b04c-32cd2c26f792:c4487, 84ef4577-07e0-4c8d-900e-d449eb7bf65d:c4487]
2019-07-10 10:04:04,488 INFO  client.GrpcClientProtocolClient (GrpcClientProtocolClient.java:onNext(255)) - client-3502B0E99E4B->68798575-c94b-44a6-b996-25df487e3c54: receive RaftClientReply:client-3502B0E99E4B->68798575-c94b-44a6-b996-25df487e3c54@group-48C576E544C9, cid=2991, SUCCESS, logIndex=4491, commits[68798575-c94b-44a6-b996-25df487e3c54:c4491, 9ec8ead9-888e-415b-b04c-32cd2c26f792:c4487, 84ef4577-07e0-4c8d-900e-d449eb7bf65d:c4487]
2019-07-10 10:04:04,491 INFO  client.GrpcClientProtocolClient (GrpcClientProtocolClient.java:onNext(255)) - client-3502B0E99E4B->68798575-c94b-44a6-b996-25df487e3c54: receive RaftClientReply:client-3502B0E99E4B->68798575-c94b-44a6-b996-25df487e3c54@group-48C576E544C9, cid=2992, SUCCESS, logIndex=0, commits[68798575-c94b-44a6-b996-25df487e3c54:c4493, 9ec8ead9-888e-415b-b04c-32cd2c26f792:c4489, 84ef4577-07e0-4c8d-900e-d449eb7bf65d:c4489]
2019-07-10 10:04:04,504 INFO  client.GrpcClientProtocolClient (GrpcClientProtocolClient.java:onNext(255)) - client-3502B0E99E4B->68798575-c94b-44a6-b996-25df487e3c54: receive RaftClientReply:client-3502B0E99E4B->68798575-c94b-44a6-b996-25df487e3c54@group-48C576E544C9, cid=2993, SUCCESS, logIndex=4496, commits[68798575-c94b-44a6-b996-25df487e3c54:c4497, 9ec8ead9-888e-415b-b04c-32cd2c26f792:c4491, 84ef4577-07e0-4c8d-900e-d449eb7bf65d:c4493]
2019-07-10 10:04:04,504 INFO  client.GrpcClientProtocolClient (GrpcClientProtocolClient.java:onNext(255)) - client-3502B0E99E4B->68798575-c94b-44a6-b996-25df487e3c54: receive RaftClientReply:client-3502B0E99E4B->68798575-c94b-44a6-b996-25df487e3c54@group-48C576E544C9, cid=2994, SUCCESS, logIndex=4497, commits[68798575-c94b-44a6-b996-25df487e3c54:c4497, 9ec8ead9-888e-415b-b04c-32cd2c26f792:c4493, 84ef4577-07e0-4c8d-900e-d449eb7bf65d:c4493]
2019-07-10 10:04:04,517 INFO  client.GrpcClientProtocolClient (GrpcClientProtocolClient.java:onNext(255)) - client-3502B0E99E4B->68798575-c94b-44a6-b996-25df487e3c54: receive RaftClientReply:client-3502B0E99E4B->68798575-c94b-44a6-b996-25df487e3c54@group-48C576E544C9, cid=2995, SUCCESS, logIndex=4499, commits[68798575-c94b-44a6-b996-25df487e3c54:c4500, 9ec8ead9-888e-415b-b04c-32cd2c26f792:c4497, 84ef4577-07e0-4c8d-900e-d449eb7bf65d:c4497]
2019-07-10 10:04:04,518 INFO  client.GrpcClientProtocolClient (GrpcClientProtocolClient.java:onNext(255)) - client-3502B0E99E4B->68798575-c94b-44a6-b996-25df487e3c54: receive RaftClientReply:client-3502B0E99E4B->68798575-c94b-44a6-b996-25df487e3c54@group-48C576E544C9, cid=2996, SUCCESS, logIndex=4500, commits[68798575-c94b-44a6-b996-25df487e3c54:c4500, 9ec8ead9-888e-415b-b04c-32cd2c26f792:c4497, 84ef4577-07e0-4c8d-900e-d449eb7bf65d:c4497]
2019-07-10 10:04:04,544 INFO  client.GrpcClientProtocolClient (GrpcClientProtocolClient.java:onNext(255)) - client-3502B0E99E4B->68798575-c94b-44a6-b996-25df487e3c54: receive RaftClientReply:client-3502B0E99E4B->68798575-c94b-44a6-b996-25df487e3c54@group-48C576E544C9, cid=2997, SUCCESS, logIndex=0, commits[68798575-c94b-44a6-b996-25df487e3c54:c4500, 9ec8ead9-888e-415b-b04c-32cd2c26f792:c4500, 84ef4577-07e0-4c8d-900e-d449eb7bf65d:c4500]
2019-07-10 10:04:04,582 INFO  client.GrpcClientProtocolClient (GrpcClientProtocolClient.java:onNext(255)) - client-3502B0E99E4B->68798575-c94b-44a6-b996-25df487e3c54: receive RaftClientReply:client-3502B0E99E4B->68798575-c94b-44a6-b996-25df487e3c54@group-48C576E544C9, cid=2998, SUCCESS, logIndex=4503, commits[68798575-c94b-44a6-b996-25df487e3c54:c4504, 9ec8ead9-888e-415b-b04c-32cd2c26f792:c4502, 84ef4577-07e0-4c8d-900e-d449eb7bf65d:c4502]
2019-07-10 10:04:04,583 INFO  client.GrpcClientProtocolClient (GrpcClientProtocolClient.java:onNext(255)) - client-3502B0E99E4B->68798575-c94b-44a6-b996-25df487e3c54: receive RaftClientReply:client-3502B0E99E4B->68798575-c94b-44a6-b996-25df487e3c54@group-48C576E544C9, cid=2999, SUCCESS, logIndex=4504, commits[68798575-c94b-44a6-b996-25df487e3c54:c4506, 9ec8ead9-888e-415b-b04c-32cd2c26f792:c4502, 84ef4577-07e0-4c8d-900e-d449eb7bf65d:c4502]
2019-07-10 10:04:04,584 INFO  client.GrpcClientProtocolClient (GrpcClientProtocolClient.java:onNext(255)) - client-3502B0E99E4B->68798575-c94b-44a6-b996-25df487e3c54: receive RaftClientReply:client-3502B0E99E4B->68798575-c94b-44a6-b996-25df487e3c54@group-48C576E544C9, cid=3000, SUCCESS, logIndex=4505, commits[68798575-c94b-44a6-b996-25df487e3c54:c4506, 9ec8ead9-888e-415b-b04c-32cd2c26f792:c4502, 84ef4577-07e0-4c8d-900e-d449eb7bf65d:c4502]
2019-07-10 10:04:04,584 INFO  client.GrpcClientProtocolClient (GrpcClientProtocolClient.java:onNext(255)) - client-3502B0E99E4B->68798575-c94b-44a6-b996-25df487e3c54: receive RaftClientReply:client-3502B0E99E4B->68798575-c94b-44a6-b996-25df487e3c54@group-48C576E544C9, cid=3001, SUCCESS, logIndex=4506, commits[68798575-c94b-44a6-b996-25df487e3c54:c4506, 9ec8ead9-888e-415b-b04c-32cd2c26f792:c4502, 84ef4577-07e0-4c8d-900e-d449eb7bf65d:c4502]
2019-07-10 10:04:04,587 INFO  client.GrpcClientProtocolClient (GrpcClientProtocolClient.java:onNext(255)) - client-3502B0E99E4B->68798575-c94b-44a6-b996-25df487e3c54: receive RaftClientReply:client-3502B0E99E4B->68798575-c94b-44a6-b996-25df487e3c54@group-48C576E544C9, cid=3002, SUCCESS, logIndex=0, commits[68798575-c94b-44a6-b996-25df487e3c54:c4510, 9ec8ead9-888e-415b-b04c-32cd2c26f792:c4506, 84ef4577-07e0-4c8d-900e-d449eb7bf65d:c4504]
2019-07-10 10:04:04,606 INFO  client.GrpcClientProtocolClient (GrpcClientProtocolClient.java:onNext(255)) - client-3502B0E99E4B->68798575-c94b-44a6-b996-25df487e3c54: receive RaftClientReply:client-3502B0E99E4B->68798575-c94b-44a6-b996-25df487e3c54@group-48C576E544C9, cid=3003, SUCCESS, logIndex=4511, commits[68798575-c94b-44a6-b996-25df487e3c54:c4512, 9ec8ead9-888e-415b-b04c-32cd2c26f792:c4510, 84ef4577-07e0-4c8d-900e-d449eb7bf65d:c4510]
2019-07-10 10:04:04,606 INFO  client.GrpcClientProtocolClient (GrpcClientProtocolClient.java:onNext(255)) - client-3502B0E99E4B->68798575-c94b-44a6-b996-25df487e3c54: receive RaftClientReply:client-3502B0E99E4B->68798575-c94b-44a6-b996-25df487e3c54@group-48C576E544C9, cid=3004, SUCCESS, logIndex=4512, commits[68798575-c94b-44a6-b996-25df487e3c54:c4512, 9ec8ead9-888e-415b-b04c-32cd2c26f792:c4510, 84ef4577-07e0-4c8d-900e-d449eb7bf65d:c4510]
2019-07-10 10:04:04,619 INFO  client.GrpcClientProtocolClient (GrpcClientProtocolClient.java:onNext(255)) - client-3502B0E99E4B->68798575-c94b-44a6-b996-25df487e3c54: receive RaftClientReply:client-3502B0E99E4B->68798575-c94b-44a6-b996-25df487e3c54@group-48C576E544C9, cid=3005, SUCCESS, logIndex=4515, commits[68798575-c94b-44a6-b996-25df487e3c54:c4516, 9ec8ead9-888e-415b-b04c-32cd2c26f792:c4512, 84ef4577-07e0-4c8d-900e-d449eb7bf65d:c4512]
2019-07-10 10:04:04,619 INFO  client.GrpcClientProtocolClient (GrpcClientProtocolClient.java:onNext(255)) - client-3502B0E99E4B->68798575-c94b-44a6-b996-25df487e3c54: receive RaftClientReply:client-3502B0E99E4B->68798575-c94b-44a6-b996-25df487e3c54@group-48C576E544C9, cid=3006, SUCCESS, logIndex=4516, commits[68798575-c94b-44a6-b996-25df487e3c54:c4516, 9ec8ead9-888e-415b-b04c-32cd2c26f792:c4512, 84ef4577-07e0-4c8d-900e-d449eb7bf65d:c4512]
2019-07-10 10:04:04,632 INFO  client.GrpcClientProtocolClient (GrpcClientProtocolClient.java:onNext(255)) - client-3502B0E99E4B->68798575-c94b-44a6-b996-25df487e3c54: receive RaftClientReply:client-3502B0E99E4B->68798575-c94b-44a6-b996-25df487e3c54@group-48C576E544C9, cid=3007, SUCCESS, logIndex=0, commits[68798575-c94b-44a6-b996-25df487e3c54:c4518, 9ec8ead9-888e-415b-b04c-32cd2c26f792:c4516, 84ef4577-07e0-4c8d-900e-d449eb7bf65d:c4516]
2019-07-10 10:04:04,663 INFO  client.GrpcClientProtocolClient (GrpcClientProtocolClient.java:onNext(255)) - client-3502B0E99E4B->68798575-c94b-44a6-b996-25df487e3c54: receive RaftClientReply:client-3502B0E99E4B->68798575-c94b-44a6-b996-25df487e3c54@group-48C576E544C9, cid=3008, SUCCESS, logIndex=4519, commits[68798575-c94b-44a6-b996-25df487e3c54:c4520, 9ec8ead9-888e-415b-b04c-32cd2c26f792:c4518, 84ef4577-07e0-4c8d-900e-d449eb7bf65d:c4518]
2019-07-10 10:04:04,663 INFO  client.GrpcClientProtocolClient (GrpcClientProtocolClient.java:onNext(255)) - client-3502B0E99E4B->68798575-c94b-44a6-b996-25df487e3c54: receive RaftClientReply:client-3502B0E99E4B->68798575-c94b-44a6-b996-25df487e3c54@group-48C576E544C9, cid=3009, SUCCESS, logIndex=4520, commits[68798575-c94b-44a6-b996-25df487e3c54:c4520, 9ec8ead9-888e-415b-b04c-32cd2c26f792:c4518, 84ef4577-07e0-4c8d-900e-d449eb7bf65d:c4518]
2019-07-10 10:04:04,673 INFO  client.GrpcClientProtocolClient (GrpcClientProtocolClient.java:onNext(255)) - client-3502B0E99E4B->68798575-c94b-44a6-b996-25df487e3c54: receive RaftClientReply:client-3502B0E99E4B->68798575-c94b-44a6-b996-25df487e3c54@group-48C576E544C9, cid=3010, SUCCESS, logIndex=4521, commits[68798575-c94b-44a6-b996-25df487e3c54:c4522, 9ec8ead9-888e-415b-b04c-32cd2c26f792:c4518, 84ef4577-07e0-4c8d-900e-d449eb7bf65d:c4518]
2019-07-10 10:04:04,673 INFO  client.GrpcClientProtocolClient (GrpcClientProtocolClient.java:onNext(255)) - client-3502B0E99E4B->68798575-c94b-44a6-b996-25df487e3c54: receive RaftClientReply:client-3502B0E99E4B->68798575-c94b-44a6-b996-25df487e3c54@group-48C576E544C9, cid=3011, SUCCESS, logIndex=4522, commits[68798575-c94b-44a6-b996-25df487e3c54:c4522, 9ec8ead9-888e-415b-b04c-32cd2c26f792:c4518, 84ef4577-07e0-4c8d-900e-d449eb7bf65d:c4518]
2019-07-10 10:04:04,684 INFO  client.GrpcClientProtocolClient (GrpcClientProtocolClient.java:onNext(255)) - client-3502B0E99E4B->68798575-c94b-44a6-b996-25df487e3c54: receive RaftClientReply:client-3502B0E99E4B->68798575-c94b-44a6-b996-25df487e3c54@group-48C576E544C9, cid=3012, SUCCESS, logIndex=0, commits[68798575-c94b-44a6-b996-25df487e3c54:c4524, 9ec8ead9-888e-415b-b04c-32cd2c26f792:c4520, 84ef4577-07e0-4c8d-900e-d449eb7bf65d:c4520]
2019-07-10 10:04:04,719 INFO  client.GrpcClientProtocolClient (GrpcClientProtocolClient.java:onNext(255)) - client-3502B0E99E4B->68798575-c94b-44a6-b996-25df487e3c54: receive RaftClientReply:client-3502B0E99E4B->68798575-c94b-44a6-b996-25df487e3c54@group-48C576E544C9, cid=3013, SUCCESS, logIndex=4527, commits[68798575-c94b-44a6-b996-25df487e3c54:c4528, 9ec8ead9-888e-415b-b04c-32cd2c26f792:c4526, 84ef4577-07e0-4c8d-900e-d449eb7bf65d:c4526]
2019-07-10 10:04:04,719 INFO  client.GrpcClientProtocolClient (GrpcClientProtocolClient.java:onNext(255)) - client-3502B0E99E4B->68798575-c94b-44a6-b996-25df487e3c54: receive RaftClientReply:client-3502B0E99E4B->68798575-c94b-44a6-b996-25df487e3c54@group-48C576E544C9, cid=3014, SUCCESS, logIndex=4528, commits[68798575-c94b-44a6-b996-25df487e3c54:c4528, 9ec8ead9-888e-415b-b04c-32cd2c26f792:c4526, 84ef4577-07e0-4c8d-900e-d449eb7bf65d:c4526]
2019-07-10 10:04:04,733 INFO  client.GrpcClientProtocolClient (GrpcClientProtocolClient.java:onNext(255)) - client-3502B0E99E4B->68798575-c94b-44a6-b996-25df487e3c54: receive RaftClientReply:client-3502B0E99E4B->68798575-c94b-44a6-b996-25df487e3c54@group-48C576E544C9, cid=3015, SUCCESS, logIndex=4531, commits[68798575-c94b-44a6-b996-25df487e3c54:c4532, 9ec8ead9-888e-415b-b04c-32cd2c26f792:c4527, 84ef4577-07e0-4c8d-900e-d449eb7bf65d:c4528]
2019-07-10 10:04:04,733 INFO  client.GrpcClientProtocolClient (GrpcClientProtocolClient.java:onNext(255)) - client-3502B0E99E4B->68798575-c94b-44a6-b996-25df487e3c54: receive RaftClientReply:client-3502B0E99E4B->68798575-c94b-44a6-b996-25df487e3c54@group-48C576E544C9, cid=3016, SUCCESS, logIndex=4532, commits[68798575-c94b-44a6-b996-25df487e3c54:c4532, 9ec8ead9-888e-415b-b04c-32cd2c26f792:c4528, 84ef4577-07e0-4c8d-900e-d449eb7bf65d:c4528]
2019-07-10 10:04:04,746 INFO  client.GrpcClientProtocolClient (GrpcClientProtocolClient.java:onNext(255)) - client-3502B0E99E4B->68798575-c94b-44a6-b996-25df487e3c54: receive RaftClientReply:client-3502B0E99E4B->68798575-c94b-44a6-b996-25df487e3c54@group-48C576E544C9, cid=3017, SUCCESS, logIndex=0, commits[68798575-c94b-44a6-b996-25df487e3c54:c4534, 9ec8ead9-888e-415b-b04c-32cd2c26f792:c4532, 84ef4577-07e0-4c8d-900e-d449eb7bf65d:c4532]
2019-07-10 10:04:04,779 INFO  client.GrpcClientProtocolClient (GrpcClientProtocolClient.java:onNext(255)) - client-3502B0E99E4B->68798575-c94b-44a6-b996-25df487e3c54: receive RaftClientReply:client-3502B0E99E4B->68798575-c94b-44a6-b996-25df487e3c54@group-48C576E544C9, cid=3018, SUCCESS, logIndex=4535, commits[68798575-c94b-44a6-b996-25df487e3c54:c4536, 9ec8ead9-888e-415b-b04c-32cd2c26f792:c4534, 84ef4577-07e0-4c8d-900e-d449eb7bf65d:c4534]
2019-07-10 10:04:04,780 INFO  client.GrpcClientProtocolClient (GrpcClientProtocolClient.java:onNext(255)) - client-3502B0E99E4B->68798575-c94b-44a6-b996-25df487e3c54: receive RaftClientReply:client-3502B0E99E4B->68798575-c94b-44a6-b996-25df487e3c54@group-48C576E544C9, cid=3019, SUCCESS, logIndex=4536, commits[68798575-c94b-44a6-b996-25df487e3c54:c4536, 9ec8ead9-888e-415b-b04c-32cd2c26f792:c4534, 84ef4577-07e0-4c8d-900e-d449eb7bf65d:c4534]
2019-07-10 10:04:04,780 INFO  client.GrpcClientProtocolClient (GrpcClientProtocolClient.java:onNext(255)) - client-3502B0E99E4B->68798575-c94b-44a6-b996-25df487e3c54: receive RaftClientReply:client-3502B0E99E4B->68798575-c94b-44a6-b996-25df487e3c54@group-48C576E544C9, cid=3020, SUCCESS, logIndex=4537, commits[68798575-c94b-44a6-b996-25df487e3c54:c4538, 9ec8ead9-888e-415b-b04c-32cd2c26f792:c4534, 84ef4577-07e0-4c8d-900e-d449eb7bf65d:c4534]
2019-07-10 10:04:04,781 INFO  client.GrpcClientProtocolClient (GrpcClientProtocolClient.java:onNext(255)) - client-3502B0E99E4B->68798575-c94b-44a6-b996-25df487e3c54: receive RaftClientReply:client-3502B0E99E4B->68798575-c94b-44a6-b996-25df487e3c54@group-48C576E544C9, cid=3021, SUCCESS, logIndex=4538, commits[68798575-c94b-44a6-b996-25df487e3c54:c4538, 9ec8ead9-888e-415b-b04c-32cd2c26f792:c4534, 84ef4577-07e0-4c8d-900e-d449eb7bf65d:c4534]
2019-07-10 10:04:04,783 INFO  client.GrpcClientProtocolClient (GrpcClientProtocolClient.java:onNext(255)) - client-3502B0E99E4B->68798575-c94b-44a6-b996-25df487e3c54: receive RaftClientReply:client-3502B0E99E4B->68798575-c94b-44a6-b996-25df487e3c54@group-48C576E544C9, cid=3022, SUCCESS, logIndex=0, commits[68798575-c94b-44a6-b996-25df487e3c54:c4540, 9ec8ead9-888e-415b-b04c-32cd2c26f792:c4536, 84ef4577-07e0-4c8d-900e-d449eb7bf65d:c4536]
 0.00% |█                                                                                                    |  0/1 Time: 0:00:282019-07-10 10:04:04,908 INFO  client.GrpcClientProtocolClient (GrpcClientProtocolClient.java:onNext(255)) - client-3502B0E99E4B->68798575-c94b-44a6-b996-25df487e3c54: receive RaftClientReply:client-3502B0E99E4B->68798575-c94b-44a6-b996-25df487e3c54@group-48C576E544C9, cid=3023, SUCCESS, logIndex=4543, commits[68798575-c94b-44a6-b996-25df487e3c54:c4544, 9ec8ead9-888e-415b-b04c-32cd2c26f792:c4542, 84ef4577-07e0-4c8d-900e-d449eb7bf65d:c4542]
2019-07-10 10:04:04,909 INFO  client.GrpcClientProtocolClient (GrpcClientProtocolClient.java:onNext(255)) - client-3502B0E99E4B->68798575-c94b-44a6-b996-25df487e3c54: receive RaftClientReply:client-3502B0E99E4B->68798575-c94b-44a6-b996-25df487e3c54@group-48C576E544C9, cid=3024, SUCCESS, logIndex=4544, commits[68798575-c94b-44a6-b996-25df487e3c54:c4544, 9ec8ead9-888e-415b-b04c-32cd2c26f792:c4542, 84ef4577-07e0-4c8d-900e-d449eb7bf65d:c4542]
2019-07-10 10:04:04,921 INFO  client.GrpcClientProtocolClient (GrpcClientProtocolClient.java:onNext(255)) - client-3502B0E99E4B->68798575-c94b-44a6-b996-25df487e3c54: receive RaftClientReply:client-3502B0E99E4B->68798575-c94b-44a6-b996-25df487e3c54@group-48C576E544C9, cid=3025, SUCCESS, logIndex=4547, commits[68798575-c94b-44a6-b996-25df487e3c54:c4548, 9ec8ead9-888e-415b-b04c-32cd2c26f792:c4544, 84ef4577-07e0-4c8d-900e-d449eb7bf65d:c4544]
2019-07-10 10:04:04,922 INFO  client.GrpcClientProtocolClient (GrpcClientProtocolClient.java:onNext(255)) - client-3502B0E99E4B->68798575-c94b-44a6-b996-25df487e3c54: receive RaftClientReply:client-3502B0E99E4B->68798575-c94b-44a6-b996-25df487e3c54@group-48C576E544C9, cid=3026, SUCCESS, logIndex=4548, commits[68798575-c94b-44a6-b996-25df487e3c54:c4548, 9ec8ead9-888e-415b-b04c-32cd2c26f792:c4544, 84ef4577-07e0-4c8d-900e-d449eb7bf65d:c4544]
2019-07-10 10:04:04,924 INFO  client.GrpcClientProtocolClient (GrpcClientProtocolClient.java:onNext(255)) - client-3502B0E99E4B->68798575-c94b-44a6-b996-25df487e3c54: receive RaftClientReply:client-3502B0E99E4B->68798575-c94b-44a6-b996-25df487e3c54@group-48C576E544C9, cid=3027, SUCCESS, logIndex=0, commits[68798575-c94b-44a6-b996-25df487e3c54:c4550, 9ec8ead9-888e-415b-b04c-32cd2c26f792:c4548, 84ef4577-07e0-4c8d-900e-d449eb7bf65d:c4548]
2019-07-10 10:04:04,954 INFO  client.GrpcClientProtocolClient (GrpcClientProtocolClient.java:onNext(255)) - client-3502B0E99E4B->68798575-c94b-44a6-b996-25df487e3c54: receive RaftClientReply:client-3502B0E99E4B->68798575-c94b-44a6-b996-25df487e3c54@group-48C576E544C9, cid=3028, SUCCESS, logIndex=4551, commits[68798575-c94b-44a6-b996-25df487e3c54:c4552, 9ec8ead9-888e-415b-b04c-32cd2c26f792:c4550, 84ef4577-07e0-4c8d-900e-d449eb7bf65d:c4550]
2019-07-10 10:04:04,955 INFO  client.GrpcClientProtocolClient (GrpcClientProtocolClient.java:onNext(255)) - client-3502B0E99E4B->68798575-c94b-44a6-b996-25df487e3c54: receive RaftClientReply:client-3502B0E99E4B->68798575-c94b-44a6-b996-25df487e3c54@group-48C576E544C9, cid=3029, SUCCESS, logIndex=4552, commits[68798575-c94b-44a6-b996-25df487e3c54:c4552, 9ec8ead9-888e-415b-b04c-32cd2c26f792:c4550, 84ef4577-07e0-4c8d-900e-d449eb7bf65d:c4550]
2019-07-10 10:04:04,955 INFO  client.GrpcClientProtocolClient (GrpcClientProtocolClient.java:onNext(255)) - client-3502B0E99E4B->68798575-c94b-44a6-b996-25df487e3c54: receive RaftClientReply:client-3502B0E99E4B->68798575-c94b-44a6-b996-25df487e3c54@group-48C576E544C9, cid=3030, SUCCESS, logIndex=4553, commits[68798575-c94b-44a6-b996-25df487e3c54:c4554, 9ec8ead9-888e-415b-b04c-32cd2c26f792:c4550, 84ef4577-07e0-4c8d-900e-d449eb7bf65d:c4550]
2019-07-10 10:04:04,955 INFO  client.GrpcClientProtocolClient (GrpcClientProtocolClient.java:onNext(255)) - client-3502B0E99E4B->68798575-c94b-44a6-b996-25df487e3c54: receive RaftClientReply:client-3502B0E99E4B->68798575-c94b-44a6-b996-25df487e3c54@group-48C576E544C9, cid=3031, SUCCESS, logIndex=4554, commits[68798575-c94b-44a6-b996-25df487e3c54:c4554, 9ec8ead9-888e-415b-b04c-32cd2c26f792:c4550, 84ef4577-07e0-4c8d-900e-d449eb7bf65d:c4550]
2019-07-10 10:04:04,958 INFO  client.GrpcClientProtocolClient (GrpcClientProtocolClient.java:onNext(255)) - client-3502B0E99E4B->68798575-c94b-44a6-b996-25df487e3c54: receive RaftClientReply:client-3502B0E99E4B->68798575-c94b-44a6-b996-25df487e3c54@group-48C576E544C9, cid=3032, SUCCESS, logIndex=0, commits[68798575-c94b-44a6-b996-25df487e3c54:c4556, 9ec8ead9-888e-415b-b04c-32cd2c26f792:c4552, 84ef4577-07e0-4c8d-900e-d449eb7bf65d:c4552]
2019-07-10 10:04:04,972 INFO  client.GrpcClientProtocolClient (GrpcClientProtocolClient.java:onNext(255)) - client-3502B0E99E4B->68798575-c94b-44a6-b996-25df487e3c54: receive RaftClientReply:client-3502B0E99E4B->68798575-c94b-44a6-b996-25df487e3c54@group-48C576E544C9, cid=3033, SUCCESS, logIndex=4559, commits[68798575-c94b-44a6-b996-25df487e3c54:c4560, 9ec8ead9-888e-415b-b04c-32cd2c26f792:c4556, 84ef4577-07e0-4c8d-900e-d449eb7bf65d:c4556]
2019-07-10 10:04:04,972 INFO  client.GrpcClientProtocolClient (GrpcClientProtocolClient.java:onNext(255)) - client-3502B0E99E4B->68798575-c94b-44a6-b996-25df487e3c54: receive RaftClientReply:client-3502B0E99E4B->68798575-c94b-44a6-b996-25df487e3c54@group-48C576E544C9, cid=3034, SUCCESS, logIndex=4560, commits[68798575-c94b-44a6-b996-25df487e3c54:c4560, 9ec8ead9-888e-415b-b04c-32cd2c26f792:c4556, 84ef4577-07e0-4c8d-900e-d449eb7bf65d:c4556]
2019-07-10 10:04:04,987 INFO  client.GrpcClientProtocolClient (GrpcClientProtocolClient.java:onNext(255)) - client-3502B0E99E4B->68798575-c94b-44a6-b996-25df487e3c54: receive RaftClientReply:client-3502B0E99E4B->68798575-c94b-44a6-b996-25df487e3c54@group-48C576E544C9, cid=3035, SUCCESS, logIndex=4562, commits[68798575-c94b-44a6-b996-25df487e3c54:c4563, 9ec8ead9-888e-415b-b04c-32cd2c26f792:c4560, 84ef4577-07e0-4c8d-900e-d449eb7bf65d:c4560]
2019-07-10 10:04:04,987 INFO  client.GrpcClientProtocolClient (GrpcClientProtocolClient.java:onNext(255)) - client-3502B0E99E4B->68798575-c94b-44a6-b996-25df487e3c54: receive RaftClientReply:client-3502B0E99E4B->68798575-c94b-44a6-b996-25df487e3c54@group-48C576E544C9, cid=3036, SUCCESS, logIndex=4563, commits[68798575-c94b-44a6-b996-25df487e3c54:c4563, 9ec8ead9-888e-415b-b04c-32cd2c26f792:c4560, 84ef4577-07e0-4c8d-900e-d449eb7bf65d:c4560]
2019-07-10 10:04:05,000 INFO  client.GrpcClientProtocolClient (GrpcClientProtocolClient.java:onNext(255)) - client-3502B0E99E4B->68798575-c94b-44a6-b996-25df487e3c54: receive RaftClientReply:client-3502B0E99E4B->68798575-c94b-44a6-b996-25df487e3c54@group-48C576E544C9, cid=3037, SUCCESS, logIndex=0, commits[68798575-c94b-44a6-b996-25df487e3c54:c4565, 9ec8ead9-888e-415b-b04c-32cd2c26f792:c4563, 84ef4577-07e0-4c8d-900e-d449eb7bf65d:c4563]
2019-07-10 10:04:05,030 INFO  client.GrpcClientProtocolClient (GrpcClientProtocolClient.java:onNext(255)) - client-3502B0E99E4B->68798575-c94b-44a6-b996-25df487e3c54: receive RaftClientReply:client-3502B0E99E4B->68798575-c94b-44a6-b996-25df487e3c54@group-48C576E544C9, cid=3038, SUCCESS, logIndex=4566, commits[68798575-c94b-44a6-b996-25df487e3c54:c4567, 9ec8ead9-888e-415b-b04c-32cd2c26f792:c4565, 84ef4577-07e0-4c8d-900e-d449eb7bf65d:c4565]
2019-07-10 10:04:05,030 INFO  client.GrpcClientProtocolClient (GrpcClientProtocolClient.java:onNext(255)) - client-3502B0E99E4B->68798575-c94b-44a6-b996-25df487e3c54: receive RaftClientReply:client-3502B0E99E4B->68798575-c94b-44a6-b996-25df487e3c54@group-48C576E544C9, cid=3039, SUCCESS, logIndex=4567, commits[68798575-c94b-44a6-b996-25df487e3c54:c4567, 9ec8ead9-888e-415b-b04c-32cd2c26f792:c4565, 84ef4577-07e0-4c8d-900e-d449eb7bf65d:c4565]
2019-07-10 10:04:05,031 INFO  client.GrpcClientProtocolClient (GrpcClientProtocolClient.java:onNext(255)) - client-3502B0E99E4B->68798575-c94b-44a6-b996-25df487e3c54: receive RaftClientReply:client-3502B0E99E4B->68798575-c94b-44a6-b996-25df487e3c54@group-48C576E544C9, cid=3040, SUCCESS, logIndex=4568, commits[68798575-c94b-44a6-b996-25df487e3c54:c4569, 9ec8ead9-888e-415b-b04c-32cd2c26f792:c4565, 84ef4577-07e0-4c8d-900e-d449eb7bf65d:c4565]
2019-07-10 10:04:05,031 INFO  client.GrpcClientProtocolClient (GrpcClientProtocolClient.java:onNext(255)) - client-3502B0E99E4B->68798575-c94b-44a6-b996-25df487e3c54: receive RaftClientReply:client-3502B0E99E4B->68798575-c94b-44a6-b996-25df487e3c54@group-48C576E544C9, cid=3041, SUCCESS, logIndex=4569, commits[68798575-c94b-44a6-b996-25df487e3c54:c4569, 9ec8ead9-888e-415b-b04c-32cd2c26f792:c4565, 84ef4577-07e0-4c8d-900e-d449eb7bf65d:c4565]
2019-07-10 10:04:05,044 INFO  client.GrpcClientProtocolClient (GrpcClientProtocolClient.java:onNext(255)) - client-3502B0E99E4B->68798575-c94b-44a6-b996-25df487e3c54: receive RaftClientReply:client-3502B0E99E4B->68798575-c94b-44a6-b996-25df487e3c54@group-48C576E544C9, cid=3042, SUCCESS, logIndex=0, commits[68798575-c94b-44a6-b996-25df487e3c54:c4571, 9ec8ead9-888e-415b-b04c-32cd2c26f792:c4567, 84ef4577-07e0-4c8d-900e-d449eb7bf65d:c4567]
2019-07-10 10:04:05,064 INFO  client.GrpcClientProtocolClient (GrpcClientProtocolClient.java:onNext(255)) - client-3502B0E99E4B->68798575-c94b-44a6-b996-25df487e3c54: receive RaftClientReply:client-3502B0E99E4B->68798575-c94b-44a6-b996-25df487e3c54@group-48C576E544C9, cid=3043, SUCCESS, logIndex=4574, commits[68798575-c94b-44a6-b996-25df487e3c54:c4575, 9ec8ead9-888e-415b-b04c-32cd2c26f792:c4573, 84ef4577-07e0-4c8d-900e-d449eb7bf65d:c4573]
2019-07-10 10:04:05,065 INFO  client.GrpcClientProtocolClient (GrpcClientProtocolClient.java:onNext(255)) - client-3502B0E99E4B->68798575-c94b-44a6-b996-25df487e3c54: receive RaftClientReply:client-3502B0E99E4B->68798575-c94b-44a6-b996-25df487e3c54@group-48C576E544C9, cid=3044, SUCCESS, logIndex=4575, commits[68798575-c94b-44a6-b996-25df487e3c54:c4575, 9ec8ead9-888e-415b-b04c-32cd2c26f792:c4573, 84ef4577-07e0-4c8d-900e-d449eb7bf65d:c4573]
2019-07-10 10:04:05,079 INFO  client.GrpcClientProtocolClient (GrpcClientProtocolClient.java:onNext(255)) - client-3502B0E99E4B->68798575-c94b-44a6-b996-25df487e3c54: receive RaftClientReply:client-3502B0E99E4B->68798575-c94b-44a6-b996-25df487e3c54@group-48C576E544C9, cid=3045, SUCCESS, logIndex=4578, commits[68798575-c94b-44a6-b996-25df487e3c54:c4579, 9ec8ead9-888e-415b-b04c-32cd2c26f792:c4575, 84ef4577-07e0-4c8d-900e-d449eb7bf65d:c4575]
2019-07-10 10:04:05,080 INFO  client.GrpcClientProtocolClient (GrpcClientProtocolClient.java:onNext(255)) - client-3502B0E99E4B->68798575-c94b-44a6-b996-25df487e3c54: receive RaftClientReply:client-3502B0E99E4B->68798575-c94b-44a6-b996-25df487e3c54@group-48C576E544C9, cid=3046, SUCCESS, logIndex=4579, commits[68798575-c94b-44a6-b996-25df487e3c54:c4579, 9ec8ead9-888e-415b-b04c-32cd2c26f792:c4575, 84ef4577-07e0-4c8d-900e-d449eb7bf65d:c4575]
2019-07-10 10:04:05,093 INFO  client.GrpcClientProtocolClient (GrpcClientProtocolClient.java:onNext(255)) - client-3502B0E99E4B->68798575-c94b-44a6-b996-25df487e3c54: receive RaftClientReply:client-3502B0E99E4B->68798575-c94b-44a6-b996-25df487e3c54@group-48C576E544C9, cid=3047, SUCCESS, logIndex=0, commits[68798575-c94b-44a6-b996-25df487e3c54:c4581, 9ec8ead9-888e-415b-b04c-32cd2c26f792:c4579, 84ef4577-07e0-4c8d-900e-d449eb7bf65d:c4579]
2019-07-10 10:04:05,124 INFO  client.GrpcClientProtocolClient (GrpcClientProtocolClient.java:onNext(255)) - client-3502B0E99E4B->68798575-c94b-44a6-b996-25df487e3c54: receive RaftClientReply:client-3502B0E99E4B->68798575-c94b-44a6-b996-25df487e3c54@group-48C576E544C9, cid=3048, SUCCESS, logIndex=4582, commits[68798575-c94b-44a6-b996-25df487e3c54:c4583, 9ec8ead9-888e-415b-b04c-32cd2c26f792:c4581, 84ef4577-07e0-4c8d-900e-d449eb7bf65d:c4581]
2019-07-10 10:04:05,125 INFO  client.GrpcClientProtocolClient (GrpcClientProtocolClient.java:onNext(255)) - client-3502B0E99E4B->68798575-c94b-44a6-b996-25df487e3c54: receive RaftClientReply:client-3502B0E99E4B->68798575-c94b-44a6-b996-25df487e3c54@group-48C576E544C9, cid=3049, SUCCESS, logIndex=4583, commits[68798575-c94b-44a6-b996-25df487e3c54:c4585, 9ec8ead9-888e-415b-b04c-32cd2c26f792:c4581, 84ef4577-07e0-4c8d-900e-d449eb7bf65d:c4581]
2019-07-10 10:04:05,125 INFO  client.GrpcClientProtocolClient (GrpcClientProtocolClient.java:onNext(255)) - client-3502B0E99E4B->68798575-c94b-44a6-b996-25df487e3c54: receive RaftClientReply:client-3502B0E99E4B->68798575-c94b-44a6-b996-25df487e3c54@group-48C576E544C9, cid=3050, SUCCESS, logIndex=4584, commits[68798575-c94b-44a6-b996-25df487e3c54:c4585, 9ec8ead9-888e-415b-b04c-32cd2c26f792:c4581, 84ef4577-07e0-4c8d-900e-d449eb7bf65d:c4581]
2019-07-10 10:04:05,125 INFO  client.GrpcClientProtocolClient (GrpcClientProtocolClient.java:onNext(255)) - client-3502B0E99E4B->68798575-c94b-44a6-b996-25df487e3c54: receive RaftClientReply:client-3502B0E99E4B->68798575-c94b-44a6-b996-25df487e3c54@group-48C576E544C9, cid=3051, SUCCESS, logIndex=4585, commits[68798575-c94b-44a6-b996-25df487e3c54:c4585, 9ec8ead9-888e-415b-b04c-32cd2c26f792:c4581, 84ef4577-07e0-4c8d-900e-d449eb7bf65d:c4581]
2019-07-10 10:04:05,136 INFO  client.GrpcClientProtocolClient (GrpcClientProtocolClient.java:onNext(255)) - client-3502B0E99E4B->68798575-c94b-44a6-b996-25df487e3c54: receive RaftClientReply:client-3502B0E99E4B->68798575-c94b-44a6-b996-25df487e3c54@group-48C576E544C9, cid=3052, SUCCESS, logIndex=0, commits[68798575-c94b-44a6-b996-25df487e3c54:c4586, 9ec8ead9-888e-415b-b04c-32cd2c26f792:c4583, 84ef4577-07e0-4c8d-900e-d449eb7bf65d:c4583]
2019-07-10 10:04:05,163 INFO  client.GrpcClientProtocolClient (GrpcClientProtocolClient.java:onNext(255)) - client-3502B0E99E4B->68798575-c94b-44a6-b996-25df487e3c54: receive RaftClientReply:client-3502B0E99E4B->68798575-c94b-44a6-b996-25df487e3c54@group-48C576E544C9, cid=3053, SUCCESS, logIndex=4590, commits[68798575-c94b-44a6-b996-25df487e3c54:c4591, 9ec8ead9-888e-415b-b04c-32cd2c26f792:c4589, 84ef4577-07e0-4c8d-900e-d449eb7bf65d:c4589]
2019-07-10 10:04:05,163 INFO  client.GrpcClientProtocolClient (GrpcClientProtocolClient.java:onNext(255)) - client-3502B0E99E4B->68798575-c94b-44a6-b996-25df487e3c54: receive RaftClientReply:client-3502B0E99E4B->68798575-c94b-44a6-b996-25df487e3c54@group-48C576E544C9, cid=3054, SUCCESS, logIndex=4591, commits[68798575-c94b-44a6-b996-25df487e3c54:c4591, 9ec8ead9-888e-415b-b04c-32cd2c26f792:c4589, 84ef4577-07e0-4c8d-900e-d449eb7bf65d:c4589]
2019-07-10 10:04:05,178 INFO  client.GrpcClientProtocolClient (GrpcClientProtocolClient.java:onNext(255)) - client-3502B0E99E4B->68798575-c94b-44a6-b996-25df487e3c54: receive RaftClientReply:client-3502B0E99E4B->68798575-c94b-44a6-b996-25df487e3c54@group-48C576E544C9, cid=3055, SUCCESS, logIndex=4594, commits[68798575-c94b-44a6-b996-25df487e3c54:c4595, 9ec8ead9-888e-415b-b04c-32cd2c26f792:c4591, 84ef4577-07e0-4c8d-900e-d449eb7bf65d:c4591]
2019-07-10 10:04:05,178 INFO  client.GrpcClientProtocolClient (GrpcClientProtocolClient.java:onNext(255)) - client-3502B0E99E4B->68798575-c94b-44a6-b996-25df487e3c54: receive RaftClientReply:client-3502B0E99E4B->68798575-c94b-44a6-b996-25df487e3c54@group-48C576E544C9, cid=3056, SUCCESS, logIndex=4595, commits[68798575-c94b-44a6-b996-25df487e3c54:c4595, 9ec8ead9-888e-415b-b04c-32cd2c26f792:c4591, 84ef4577-07e0-4c8d-900e-d449eb7bf65d:c4591]
2019-07-10 10:04:05,192 INFO  client.GrpcClientProtocolClient (GrpcClientProtocolClient.java:onNext(255)) - client-3502B0E99E4B->68798575-c94b-44a6-b996-25df487e3c54: receive RaftClientReply:client-3502B0E99E4B->68798575-c94b-44a6-b996-25df487e3c54@group-48C576E544C9, cid=3057, SUCCESS, logIndex=0, commits[68798575-c94b-44a6-b996-25df487e3c54:c4597, 9ec8ead9-888e-415b-b04c-32cd2c26f792:c4595, 84ef4577-07e0-4c8d-900e-d449eb7bf65d:c4595]
2019-07-10 10:04:05,226 INFO  client.GrpcClientProtocolClient (GrpcClientProtocolClient.java:onNext(255)) - client-3502B0E99E4B->68798575-c94b-44a6-b996-25df487e3c54: receive RaftClientReply:client-3502B0E99E4B->68798575-c94b-44a6-b996-25df487e3c54@group-48C576E544C9, cid=3058, SUCCESS, logIndex=4598, commits[68798575-c94b-44a6-b996-25df487e3c54:c4599, 9ec8ead9-888e-415b-b04c-32cd2c26f792:c4597, 84ef4577-07e0-4c8d-900e-d449eb7bf65d:c4597]
2019-07-10 10:04:05,226 INFO  client.GrpcClientProtocolClient (GrpcClientProtocolClient.java:onNext(255)) - client-3502B0E99E4B->68798575-c94b-44a6-b996-25df487e3c54: receive RaftClientReply:client-3502B0E99E4B->68798575-c94b-44a6-b996-25df487e3c54@group-48C576E544C9, cid=3059, SUCCESS, logIndex=4599, commits[68798575-c94b-44a6-b996-25df487e3c54:c4599, 9ec8ead9-888e-415b-b04c-32cd2c26f792:c4597, 84ef4577-07e0-4c8d-900e-d449eb7bf65d:c4597]
2019-07-10 10:04:05,236 INFO  client.GrpcClientProtocolClient (GrpcClientProtocolClient.java:onNext(255)) - client-3502B0E99E4B->68798575-c94b-44a6-b996-25df487e3c54: receive RaftClientReply:client-3502B0E99E4B->68798575-c94b-44a6-b996-25df487e3c54@group-48C576E544C9, cid=3060, SUCCESS, logIndex=4600, commits[68798575-c94b-44a6-b996-25df487e3c54:c4601, 9ec8ead9-888e-415b-b04c-32cd2c26f792:c4597, 84ef4577-07e0-4c8d-900e-d449eb7bf65d:c4597]
2019-07-10 10:04:05,236 INFO  client.GrpcClientProtocolClient (GrpcClientProtocolClient.java:onNext(255)) - client-3502B0E99E4B->68798575-c94b-44a6-b996-25df487e3c54: receive RaftClientReply:client-3502B0E99E4B->68798575-c94b-44a6-b996-25df487e3c54@group-48C576E544C9, cid=3061, SUCCESS, logIndex=4601, commits[68798575-c94b-44a6-b996-25df487e3c54:c4601, 9ec8ead9-888e-415b-b04c-32cd2c26f792:c4597, 84ef4577-07e0-4c8d-900e-d449eb7bf65d:c4597]
2019-07-10 10:04:05,252 INFO  client.GrpcClientProtocolClient (GrpcClientProtocolClient.java:onNext(255)) - client-3502B0E99E4B->68798575-c94b-44a6-b996-25df487e3c54: receive RaftClientReply:client-3502B0E99E4B->68798575-c94b-44a6-b996-25df487e3c54@group-48C576E544C9, cid=3062, SUCCESS, logIndex=0, commits[68798575-c94b-44a6-b996-25df487e3c54:c4603, 9ec8ead9-888e-415b-b04c-32cd2c26f792:c4599, 84ef4577-07e0-4c8d-900e-d449eb7bf65d:c4601]
2019-07-10 10:04:05,264 INFO  client.GrpcClientProtocolClient (GrpcClientProtocolClient.java:onNext(255)) - client-3502B0E99E4B->68798575-c94b-44a6-b996-25df487e3c54: receive RaftClientReply:client-3502B0E99E4B->68798575-c94b-44a6-b996-25df487e3c54@group-48C576E544C9, cid=3063, SUCCESS, logIndex=4605, commits[68798575-c94b-44a6-b996-25df487e3c54:c4606, 9ec8ead9-888e-415b-b04c-32cd2c26f792:c4601, 84ef4577-07e0-4c8d-900e-d449eb7bf65d:c4603]
2019-07-10 10:04:05,264 INFO  client.GrpcClientProtocolClient (GrpcClientProtocolClient.java:onNext(255)) - client-3502B0E99E4B->68798575-c94b-44a6-b996-25df487e3c54: receive RaftClientReply:client-3502B0E99E4B->68798575-c94b-44a6-b996-25df487e3c54@group-48C576E544C9, cid=3064, SUCCESS, logIndex=4606, commits[68798575-c94b-44a6-b996-25df487e3c54:c4606, 9ec8ead9-888e-415b-b04c-32cd2c26f792:c4601, 84ef4577-07e0-4c8d-900e-d449eb7bf65d:c4603]
2019-07-10 10:04:05,293 INFO  client.GrpcClientProtocolClient (GrpcClientProtocolClient.java:onNext(255)) - client-3502B0E99E4B->68798575-c94b-44a6-b996-25df487e3c54: receive RaftClientReply:client-3502B0E99E4B->68798575-c94b-44a6-b996-25df487e3c54@group-48C576E544C9, cid=3065, SUCCESS, logIndex=4609, commits[68798575-c94b-44a6-b996-25df487e3c54:c4610, 9ec8ead9-888e-415b-b04c-32cd2c26f792:c4607, 84ef4577-07e0-4c8d-900e-d449eb7bf65d:c4606]
2019-07-10 10:04:05,293 INFO  client.GrpcClientProtocolClient (GrpcClientProtocolClient.java:onNext(255)) - client-3502B0E99E4B->68798575-c94b-44a6-b996-25df487e3c54: receive RaftClientReply:client-3502B0E99E4B->68798575-c94b-44a6-b996-25df487e3c54@group-48C576E544C9, cid=3066, SUCCESS, logIndex=4610, commits[68798575-c94b-44a6-b996-25df487e3c54:c4610, 9ec8ead9-888e-415b-b04c-32cd2c26f792:c4607, 84ef4577-07e0-4c8d-900e-d449eb7bf65d:c4606]
2019-07-10 10:04:05,306 INFO  client.GrpcClientProtocolClient (GrpcClientProtocolClient.java:onNext(255)) - client-3502B0E99E4B->68798575-c94b-44a6-b996-25df487e3c54: receive RaftClientReply:client-3502B0E99E4B->68798575-c94b-44a6-b996-25df487e3c54@group-48C576E544C9, cid=3067, SUCCESS, logIndex=0, commits[68798575-c94b-44a6-b996-25df487e3c54:c4611, 9ec8ead9-888e-415b-b04c-32cd2c26f792:c4610, 84ef4577-07e0-4c8d-900e-d449eb7bf65d:c4610]
2019-07-10 10:04:05,341 INFO  client.GrpcClientProtocolClient (GrpcClientProtocolClient.java:onNext(255)) - client-3502B0E99E4B->68798575-c94b-44a6-b996-25df487e3c54: receive RaftClientReply:client-3502B0E99E4B->68798575-c94b-44a6-b996-25df487e3c54@group-48C576E544C9, cid=3068, SUCCESS, logIndex=4613, commits[68798575-c94b-44a6-b996-25df487e3c54:c4614, 9ec8ead9-888e-415b-b04c-32cd2c26f792:c4612, 84ef4577-07e0-4c8d-900e-d449eb7bf65d:c4610]
2019-07-10 10:04:05,342 INFO  client.GrpcClientProtocolClient (GrpcClientProtocolClient.java:onNext(255)) - client-3502B0E99E4B->68798575-c94b-44a6-b996-25df487e3c54: receive RaftClientReply:client-3502B0E99E4B->68798575-c94b-44a6-b996-25df487e3c54@group-48C576E544C9, cid=3069, SUCCESS, logIndex=4614, commits[68798575-c94b-44a6-b996-25df487e3c54:c4616, 9ec8ead9-888e-415b-b04c-32cd2c26f792:c4612, 84ef4577-07e0-4c8d-900e-d449eb7bf65d:c4612]
2019-07-10 10:04:05,342 INFO  client.GrpcClientProtocolClient (GrpcClientProtocolClient.java:onNext(255)) - client-3502B0E99E4B->68798575-c94b-44a6-b996-25df487e3c54: receive RaftClientReply:client-3502B0E99E4B->68798575-c94b-44a6-b996-25df487e3c54@group-48C576E544C9, cid=3070, SUCCESS, logIndex=4615, commits[68798575-c94b-44a6-b996-25df487e3c54:c4616, 9ec8ead9-888e-415b-b04c-32cd2c26f792:c4612, 84ef4577-07e0-4c8d-900e-d449eb7bf65d:c4612]
2019-07-10 10:04:05,343 INFO  client.GrpcClientProtocolClient (GrpcClientProtocolClient.java:onNext(255)) - client-3502B0E99E4B->68798575-c94b-44a6-b996-25df487e3c54: receive RaftClientReply:client-3502B0E99E4B->68798575-c94b-44a6-b996-25df487e3c54@group-48C576E544C9, cid=3071, SUCCESS, logIndex=4616, commits[68798575-c94b-44a6-b996-25df487e3c54:c4616, 9ec8ead9-888e-415b-b04c-32cd2c26f792:c4612, 84ef4577-07e0-4c8d-900e-d449eb7bf65d:c4612]
2019-07-10 10:04:05,344 INFO  client.GrpcClientProtocolClient (GrpcClientProtocolClient.java:onNext(255)) - client-3502B0E99E4B->68798575-c94b-44a6-b996-25df487e3c54: receive RaftClientReply:client-3502B0E99E4B->68798575-c94b-44a6-b996-25df487e3c54@group-48C576E544C9, cid=3072, SUCCESS, logIndex=0, commits[68798575-c94b-44a6-b996-25df487e3c54:c4618, 9ec8ead9-888e-415b-b04c-32cd2c26f792:c4614, 84ef4577-07e0-4c8d-900e-d449eb7bf65d:c4614]
2019-07-10 10:04:05,364 INFO  client.GrpcClientProtocolClient (GrpcClientProtocolClient.java:onNext(255)) - client-3502B0E99E4B->68798575-c94b-44a6-b996-25df487e3c54: receive RaftClientReply:client-3502B0E99E4B->68798575-c94b-44a6-b996-25df487e3c54@group-48C576E544C9, cid=3073, SUCCESS, logIndex=4620, commits[68798575-c94b-44a6-b996-25df487e3c54:c4621, 9ec8ead9-888e-415b-b04c-32cd2c26f792:c4619, 84ef4577-07e0-4c8d-900e-d449eb7bf65d:c4619]
2019-07-10 10:04:05,364 INFO  client.GrpcClientProtocolClient (GrpcClientProtocolClient.java:onNext(255)) - client-3502B0E99E4B->68798575-c94b-44a6-b996-25df487e3c54: receive RaftClientReply:client-3502B0E99E4B->68798575-c94b-44a6-b996-25df487e3c54@group-48C576E544C9, cid=3074, SUCCESS, logIndex=4621, commits[68798575-c94b-44a6-b996-25df487e3c54:c4621, 9ec8ead9-888e-415b-b04c-32cd2c26f792:c4619, 84ef4577-07e0-4c8d-900e-d449eb7bf65d:c4619]
2019-07-10 10:04:05,379 INFO  client.GrpcClientProtocolClient (GrpcClientProtocolClient.java:onNext(255)) - client-3502B0E99E4B->68798575-c94b-44a6-b996-25df487e3c54: receive RaftClientReply:client-3502B0E99E4B->68798575-c94b-44a6-b996-25df487e3c54@group-48C576E544C9, cid=3075, SUCCESS, logIndex=4624, commits[68798575-c94b-44a6-b996-25df487e3c54:c4624, 9ec8ead9-888e-415b-b04c-32cd2c26f792:c4621, 84ef4577-07e0-4c8d-900e-d449eb7bf65d:c4621]
2019-07-10 10:04:05,379 INFO  client.GrpcClientProtocolClient (GrpcClientProtocolClient.java:onNext(255)) - client-3502B0E99E4B->68798575-c94b-44a6-b996-25df487e3c54: receive RaftClientReply:client-3502B0E99E4B->68798575-c94b-44a6-b996-25df487e3c54@group-48C576E544C9, cid=3076, SUCCESS, logIndex=4625, commits[68798575-c94b-44a6-b996-25df487e3c54:c4625, 9ec8ead9-888e-415b-b04c-32cd2c26f792:c4621, 84ef4577-07e0-4c8d-900e-d449eb7bf65d:c4621]
2019-07-10 10:04:05,403 INFO  client.GrpcClientProtocolClient (GrpcClientProtocolClient.java:onNext(255)) - client-3502B0E99E4B->68798575-c94b-44a6-b996-25df487e3c54: receive RaftClientReply:client-3502B0E99E4B->68798575-c94b-44a6-b996-25df487e3c54@group-48C576E544C9, cid=3077, SUCCESS, logIndex=0, commits[68798575-c94b-44a6-b996-25df487e3c54:c4627, 9ec8ead9-888e-415b-b04c-32cd2c26f792:c4625, 84ef4577-07e0-4c8d-900e-d449eb7bf65d:c4625]
2019-07-10 10:04:05,436 INFO  client.GrpcClientProtocolClient (GrpcClientProtocolClient.java:onNext(255)) - client-3502B0E99E4B->68798575-c94b-44a6-b996-25df487e3c54: receive RaftClientReply:client-3502B0E99E4B->68798575-c94b-44a6-b996-25df487e3c54@group-48C576E544C9, cid=3078, SUCCESS, logIndex=4628, commits[68798575-c94b-44a6-b996-25df487e3c54:c4629, 9ec8ead9-888e-415b-b04c-32cd2c26f792:c4627, 84ef4577-07e0-4c8d-900e-d449eb7bf65d:c4627]
2019-07-10 10:04:05,436 INFO  client.GrpcClientProtocolClient (GrpcClientProtocolClient.java:onNext(255)) - client-3502B0E99E4B->68798575-c94b-44a6-b996-25df487e3c54: receive RaftClientReply:client-3502B0E99E4B->68798575-c94b-44a6-b996-25df487e3c54@group-48C576E544C9, cid=3079, SUCCESS, logIndex=4629, commits[68798575-c94b-44a6-b996-25df487e3c54:c4629, 9ec8ead9-888e-415b-b04c-32cd2c26f792:c4627, 84ef4577-07e0-4c8d-900e-d449eb7bf65d:c4627]
2019-07-10 10:04:05,437 INFO  client.GrpcClientProtocolClient (GrpcClientProtocolClient.java:onNext(255)) - client-3502B0E99E4B->68798575-c94b-44a6-b996-25df487e3c54: receive RaftClientReply:client-3502B0E99E4B->68798575-c94b-44a6-b996-25df487e3c54@group-48C576E544C9, cid=3080, SUCCESS, logIndex=4630, commits[68798575-c94b-44a6-b996-25df487e3c54:c4631, 9ec8ead9-888e-415b-b04c-32cd2c26f792:c4627, 84ef4577-07e0-4c8d-900e-d449eb7bf65d:c4627]
2019-07-10 10:04:05,437 INFO  client.GrpcClientProtocolClient (GrpcClientProtocolClient.java:onNext(255)) - client-3502B0E99E4B->68798575-c94b-44a6-b996-25df487e3c54: receive RaftClientReply:client-3502B0E99E4B->68798575-c94b-44a6-b996-25df487e3c54@group-48C576E544C9, cid=3081, SUCCESS, logIndex=4631, commits[68798575-c94b-44a6-b996-25df487e3c54:c4631, 9ec8ead9-888e-415b-b04c-32cd2c26f792:c4627, 84ef4577-07e0-4c8d-900e-d449eb7bf65d:c4627]
2019-07-10 10:04:05,459 INFO  client.GrpcClientProtocolClient (GrpcClientProtocolClient.java:onNext(255)) - client-3502B0E99E4B->68798575-c94b-44a6-b996-25df487e3c54: receive RaftClientReply:client-3502B0E99E4B->68798575-c94b-44a6-b996-25df487e3c54@group-48C576E544C9, cid=3082, SUCCESS, logIndex=0, commits[68798575-c94b-44a6-b996-25df487e3c54:c4633, 9ec8ead9-888e-415b-b04c-32cd2c26f792:c4629, 84ef4577-07e0-4c8d-900e-d449eb7bf65d:c4629]
2019-07-10 10:04:05,482 INFO  client.GrpcClientProtocolClient (GrpcClientProtocolClient.java:onNext(255)) - client-3502B0E99E4B->68798575-c94b-44a6-b996-25df487e3c54: receive RaftClientReply:client-3502B0E99E4B->68798575-c94b-44a6-b996-25df487e3c54@group-48C576E544C9, cid=3083, SUCCESS, logIndex=4636, commits[68798575-c94b-44a6-b996-25df487e3c54:c4637, 9ec8ead9-888e-415b-b04c-32cd2c26f792:c4631, 84ef4577-07e0-4c8d-900e-d449eb7bf65d:c4635]
2019-07-10 10:04:05,482 INFO  client.GrpcClientProtocolClient (GrpcClientProtocolClient.java:onNext(255)) - client-3502B0E99E4B->68798575-c94b-44a6-b996-25df487e3c54: receive RaftClientReply:client-3502B0E99E4B->68798575-c94b-44a6-b996-25df487e3c54@group-48C576E544C9, cid=3084, SUCCESS, logIndex=4637, commits[68798575-c94b-44a6-b996-25df487e3c54:c4637, 9ec8ead9-888e-415b-b04c-32cd2c26f792:c4631, 84ef4577-07e0-4c8d-900e-d449eb7bf65d:c4635]
2019-07-10 10:04:05,505 INFO  client.GrpcClientProtocolClient (GrpcClientProtocolClient.java:onNext(255)) - client-3502B0E99E4B->68798575-c94b-44a6-b996-25df487e3c54: receive RaftClientReply:client-3502B0E99E4B->68798575-c94b-44a6-b996-25df487e3c54@group-48C576E544C9, cid=3085, SUCCESS, logIndex=4639, commits[68798575-c94b-44a6-b996-25df487e3c54:c4640, 9ec8ead9-888e-415b-b04c-32cd2c26f792:c4638, 84ef4577-07e0-4c8d-900e-d449eb7bf65d:c4638]
2019-07-10 10:04:05,505 INFO  client.GrpcClientProtocolClient (GrpcClientProtocolClient.java:onNext(255)) - client-3502B0E99E4B->68798575-c94b-44a6-b996-25df487e3c54: receive RaftClientReply:client-3502B0E99E4B->68798575-c94b-44a6-b996-25df487e3c54@group-48C576E544C9, cid=3086, SUCCESS, logIndex=4640, commits[68798575-c94b-44a6-b996-25df487e3c54:c4640, 9ec8ead9-888e-415b-b04c-32cd2c26f792:c4638, 84ef4577-07e0-4c8d-900e-d449eb7bf65d:c4638]
2019-07-10 10:04:05,518 INFO  client.GrpcClientProtocolClient (GrpcClientProtocolClient.java:onNext(255)) - client-3502B0E99E4B->68798575-c94b-44a6-b996-25df487e3c54: receive RaftClientReply:client-3502B0E99E4B->68798575-c94b-44a6-b996-25df487e3c54@group-48C576E544C9, cid=3087, SUCCESS, logIndex=0, commits[68798575-c94b-44a6-b996-25df487e3c54:c4642, 9ec8ead9-888e-415b-b04c-32cd2c26f792:c4640, 84ef4577-07e0-4c8d-900e-d449eb7bf65d:c4640]
2019-07-10 10:04:05,547 INFO  client.GrpcClientProtocolClient (GrpcClientProtocolClient.java:onNext(255)) - client-3502B0E99E4B->68798575-c94b-44a6-b996-25df487e3c54: receive RaftClientReply:client-3502B0E99E4B->68798575-c94b-44a6-b996-25df487e3c54@group-48C576E544C9, cid=3088, SUCCESS, logIndex=4643, commits[68798575-c94b-44a6-b996-25df487e3c54:c4644, 9ec8ead9-888e-415b-b04c-32cd2c26f792:c4642, 84ef4577-07e0-4c8d-900e-d449eb7bf65d:c4642]
2019-07-10 10:04:05,548 INFO  client.GrpcClientProtocolClient (GrpcClientProtocolClient.java:onNext(255)) - client-3502B0E99E4B->68798575-c94b-44a6-b996-25df487e3c54: receive RaftClientReply:client-3502B0E99E4B->68798575-c94b-44a6-b996-25df487e3c54@group-48C576E544C9, cid=3089, SUCCESS, logIndex=4644, commits[68798575-c94b-44a6-b996-25df487e3c54:c4644, 9ec8ead9-888e-415b-b04c-32cd2c26f792:c4642, 84ef4577-07e0-4c8d-900e-d449eb7bf65d:c4642]
2019-07-10 10:04:05,548 INFO  client.GrpcClientProtocolClient (GrpcClientProtocolClient.java:onNext(255)) - client-3502B0E99E4B->68798575-c94b-44a6-b996-25df487e3c54: receive RaftClientReply:client-3502B0E99E4B->68798575-c94b-44a6-b996-25df487e3c54@group-48C576E544C9, cid=3090, SUCCESS, logIndex=4645, commits[68798575-c94b-44a6-b996-25df487e3c54:c4646, 9ec8ead9-888e-415b-b04c-32cd2c26f792:c4642, 84ef4577-07e0-4c8d-900e-d449eb7bf65d:c4642]
2019-07-10 10:04:05,549 INFO  client.GrpcClientProtocolClient (GrpcClientProtocolClient.java:onNext(255)) - client-3502B0E99E4B->68798575-c94b-44a6-b996-25df487e3c54: receive RaftClientReply:client-3502B0E99E4B->68798575-c94b-44a6-b996-25df487e3c54@group-48C576E544C9, cid=3091, SUCCESS, logIndex=4646, commits[68798575-c94b-44a6-b996-25df487e3c54:c4646, 9ec8ead9-888e-415b-b04c-32cd2c26f792:c4642, 84ef4577-07e0-4c8d-900e-d449eb7bf65d:c4642]
2019-07-10 10:04:05,561 INFO  client.GrpcClientProtocolClient (GrpcClientProtocolClient.java:onNext(255)) - client-3502B0E99E4B->68798575-c94b-44a6-b996-25df487e3c54: receive RaftClientReply:client-3502B0E99E4B->68798575-c94b-44a6-b996-25df487e3c54@group-48C576E544C9, cid=3092, SUCCESS, logIndex=0, commits[68798575-c94b-44a6-b996-25df487e3c54:c4648, 9ec8ead9-888e-415b-b04c-32cd2c26f792:c4644, 84ef4577-07e0-4c8d-900e-d449eb7bf65d:c4644]
2019-07-10 10:04:05,591 INFO  client.GrpcClientProtocolClient (GrpcClientProtocolClient.java:onNext(255)) - client-3502B0E99E4B->68798575-c94b-44a6-b996-25df487e3c54: receive RaftClientReply:client-3502B0E99E4B->68798575-c94b-44a6-b996-25df487e3c54@group-48C576E544C9, cid=3093, SUCCESS, logIndex=4651, commits[68798575-c94b-44a6-b996-25df487e3c54:c4652, 9ec8ead9-888e-415b-b04c-32cd2c26f792:c4650, 84ef4577-07e0-4c8d-900e-d449eb7bf65d:c4650]
2019-07-10 10:04:05,592 INFO  client.GrpcClientProtocolClient (GrpcClientProtocolClient.java:onNext(255)) - client-3502B0E99E4B->68798575-c94b-44a6-b996-25df487e3c54: receive RaftClientReply:client-3502B0E99E4B->68798575-c94b-44a6-b996-25df487e3c54@group-48C576E544C9, cid=3094, SUCCESS, logIndex=4652, commits[68798575-c94b-44a6-b996-25df487e3c54:c4652, 9ec8ead9-888e-415b-b04c-32cd2c26f792:c4650, 84ef4577-07e0-4c8d-900e-d449eb7bf65d:c4650]
2019-07-10 10:04:05,617 INFO  client.GrpcClientProtocolClient (GrpcClientProtocolClient.java:onNext(255)) - client-3502B0E99E4B->68798575-c94b-44a6-b996-25df487e3c54: receive RaftClientReply:client-3502B0E99E4B->68798575-c94b-44a6-b996-25df487e3c54@group-48C576E544C9, cid=3095, SUCCESS, logIndex=4655, commits[68798575-c94b-44a6-b996-25df487e3c54:c4656, 9ec8ead9-888e-415b-b04c-32cd2c26f792:c4652, 84ef4577-07e0-4c8d-900e-d449eb7bf65d:c4652]
2019-07-10 10:04:05,618 INFO  client.GrpcClientProtocolClient (GrpcClientProtocolClient.java:onNext(255)) - client-3502B0E99E4B->68798575-c94b-44a6-b996-25df487e3c54: receive RaftClientReply:client-3502B0E99E4B->68798575-c94b-44a6-b996-25df487e3c54@group-48C576E544C9, cid=3096, SUCCESS, logIndex=4656, commits[68798575-c94b-44a6-b996-25df487e3c54:c4656, 9ec8ead9-888e-415b-b04c-32cd2c26f792:c4652, 84ef4577-07e0-4c8d-900e-d449eb7bf65d:c4652]
2019-07-10 10:04:05,631 INFO  client.GrpcClientProtocolClient (GrpcClientProtocolClient.java:onNext(255)) - client-3502B0E99E4B->68798575-c94b-44a6-b996-25df487e3c54: receive RaftClientReply:client-3502B0E99E4B->68798575-c94b-44a6-b996-25df487e3c54@group-48C576E544C9, cid=3097, SUCCESS, logIndex=0, commits[68798575-c94b-44a6-b996-25df487e3c54:c4658, 9ec8ead9-888e-415b-b04c-32cd2c26f792:c4656, 84ef4577-07e0-4c8d-900e-d449eb7bf65d:c4656]
2019-07-10 10:04:05,662 INFO  client.GrpcClientProtocolClient (GrpcClientProtocolClient.java:onNext(255)) - client-3502B0E99E4B->68798575-c94b-44a6-b996-25df487e3c54: receive RaftClientReply:client-3502B0E99E4B->68798575-c94b-44a6-b996-25df487e3c54@group-48C576E544C9, cid=3098, SUCCESS, logIndex=4659, commits[68798575-c94b-44a6-b996-25df487e3c54:c4660, 9ec8ead9-888e-415b-b04c-32cd2c26f792:c4658, 84ef4577-07e0-4c8d-900e-d449eb7bf65d:c4658]
2019-07-10 10:04:05,663 INFO  client.GrpcClientProtocolClient (GrpcClientProtocolClient.java:onNext(255)) - client-3502B0E99E4B->68798575-c94b-44a6-b996-25df487e3c54: receive RaftClientReply:client-3502B0E99E4B->68798575-c94b-44a6-b996-25df487e3c54@group-48C576E544C9, cid=3099, SUCCESS, logIndex=4660, commits[68798575-c94b-44a6-b996-25df487e3c54:c4660, 9ec8ead9-888e-415b-b04c-32cd2c26f792:c4658, 84ef4577-07e0-4c8d-900e-d449eb7bf65d:c4658]
2019-07-10 10:04:05,663 INFO  client.GrpcClientProtocolClient (GrpcClientProtocolClient.java:onNext(255)) - client-3502B0E99E4B->68798575-c94b-44a6-b996-25df487e3c54: receive RaftClientReply:client-3502B0E99E4B->68798575-c94b-44a6-b996-25df487e3c54@group-48C576E544C9, cid=3100, SUCCESS, logIndex=4661, commits[68798575-c94b-44a6-b996-25df487e3c54:c4662, 9ec8ead9-888e-415b-b04c-32cd2c26f792:c4658, 84ef4577-07e0-4c8d-900e-d449eb7bf65d:c4658]
2019-07-10 10:04:05,664 INFO  client.GrpcClientProtocolClient (GrpcClientProtocolClient.java:onNext(255)) - client-3502B0E99E4B->68798575-c94b-44a6-b996-25df487e3c54: receive RaftClientReply:client-3502B0E99E4B->68798575-c94b-44a6-b996-25df487e3c54@group-48C576E544C9, cid=3101, SUCCESS, logIndex=4662, commits[68798575-c94b-44a6-b996-25df487e3c54:c4662, 9ec8ead9-888e-415b-b04c-32cd2c26f792:c4658, 84ef4577-07e0-4c8d-900e-d449eb7bf65d:c4658]
2019-07-10 10:04:05,677 INFO  client.GrpcClientProtocolClient (GrpcClientProtocolClient.java:onNext(255)) - client-3502B0E99E4B->68798575-c94b-44a6-b996-25df487e3c54: receive RaftClientReply:client-3502B0E99E4B->68798575-c94b-44a6-b996-25df487e3c54@group-48C576E544C9, cid=3102, SUCCESS, logIndex=0, commits[68798575-c94b-44a6-b996-25df487e3c54:c4664, 9ec8ead9-888e-415b-b04c-32cd2c26f792:c4660, 84ef4577-07e0-4c8d-900e-d449eb7bf65d:c4660]
2019-07-10 10:04:05,698 INFO  client.GrpcClientProtocolClient (GrpcClientProtocolClient.java:onNext(255)) - client-3502B0E99E4B->68798575-c94b-44a6-b996-25df487e3c54: receive RaftClientReply:client-3502B0E99E4B->68798575-c94b-44a6-b996-25df487e3c54@group-48C576E544C9, cid=3103, SUCCESS, logIndex=4667, commits[68798575-c94b-44a6-b996-25df487e3c54:c4668, 9ec8ead9-888e-415b-b04c-32cd2c26f792:c4666, 84ef4577-07e0-4c8d-900e-d449eb7bf65d:c4666]
2019-07-10 10:04:05,699 INFO  client.GrpcClientProtocolClient (GrpcClientProtocolClient.java:onNext(255)) - client-3502B0E99E4B->68798575-c94b-44a6-b996-25df487e3c54: receive RaftClientReply:client-3502B0E99E4B->68798575-c94b-44a6-b996-25df487e3c54@group-48C576E544C9, cid=3104, SUCCESS, logIndex=4668, commits[68798575-c94b-44a6-b996-25df487e3c54:c4668, 9ec8ead9-888e-415b-b04c-32cd2c26f792:c4666, 84ef4577-07e0-4c8d-900e-d449eb7bf65d:c4666]
2019-07-10 10:04:05,723 INFO  client.GrpcClientProtocolClient (GrpcClientProtocolClient.java:onNext(255)) - client-3502B0E99E4B->68798575-c94b-44a6-b996-25df487e3c54: receive RaftClientReply:client-3502B0E99E4B->68798575-c94b-44a6-b996-25df487e3c54@group-48C576E544C9, cid=3105, SUCCESS, logIndex=4671, commits[68798575-c94b-44a6-b996-25df487e3c54:c4672, 9ec8ead9-888e-415b-b04c-32cd2c26f792:c4668, 84ef4577-07e0-4c8d-900e-d449eb7bf65d:c4668]
2019-07-10 10:04:05,724 INFO  client.GrpcClientProtocolClient (GrpcClientProtocolClient.java:onNext(255)) - client-3502B0E99E4B->68798575-c94b-44a6-b996-25df487e3c54: receive RaftClientReply:client-3502B0E99E4B->68798575-c94b-44a6-b996-25df487e3c54@group-48C576E544C9, cid=3106, SUCCESS, logIndex=4672, commits[68798575-c94b-44a6-b996-25df487e3c54:c4672, 9ec8ead9-888e-415b-b04c-32cd2c26f792:c4668, 84ef4577-07e0-4c8d-900e-d449eb7bf65d:c4668]
2019-07-10 10:04:05,750 INFO  client.GrpcClientProtocolClient (GrpcClientProtocolClient.java:onNext(255)) - client-3502B0E99E4B->68798575-c94b-44a6-b996-25df487e3c54: receive RaftClientReply:client-3502B0E99E4B->68798575-c94b-44a6-b996-25df487e3c54@group-48C576E544C9, cid=3107, SUCCESS, logIndex=0, commits[68798575-c94b-44a6-b996-25df487e3c54:c4674, 9ec8ead9-888e-415b-b04c-32cd2c26f792:c4672, 84ef4577-07e0-4c8d-900e-d449eb7bf65d:c4672]
 0.00% |█                                                                                                    |  0/1 Time: 0:00:292019-07-10 10:04:05,919 INFO  client.GrpcClientProtocolClient (GrpcClientProtocolClient.java:onNext(255)) - client-3502B0E99E4B->68798575-c94b-44a6-b996-25df487e3c54: receive RaftClientReply:client-3502B0E99E4B->68798575-c94b-44a6-b996-25df487e3c54@group-48C576E544C9, cid=3108, SUCCESS, logIndex=4675, commits[68798575-c94b-44a6-b996-25df487e3c54:c4676, 9ec8ead9-888e-415b-b04c-32cd2c26f792:c4674, 84ef4577-07e0-4c8d-900e-d449eb7bf65d:c4674]
2019-07-10 10:04:05,919 INFO  client.GrpcClientProtocolClient (GrpcClientProtocolClient.java:onNext(255)) - client-3502B0E99E4B->68798575-c94b-44a6-b996-25df487e3c54: receive RaftClientReply:client-3502B0E99E4B->68798575-c94b-44a6-b996-25df487e3c54@group-48C576E544C9, cid=3109, SUCCESS, logIndex=4676, commits[68798575-c94b-44a6-b996-25df487e3c54:c4676, 9ec8ead9-888e-415b-b04c-32cd2c26f792:c4674, 84ef4577-07e0-4c8d-900e-d449eb7bf65d:c4674]
2019-07-10 10:04:05,929 INFO  client.GrpcClientProtocolClient (GrpcClientProtocolClient.java:onNext(255)) - client-3502B0E99E4B->68798575-c94b-44a6-b996-25df487e3c54: receive RaftClientReply:client-3502B0E99E4B->68798575-c94b-44a6-b996-25df487e3c54@group-48C576E544C9, cid=3110, SUCCESS, logIndex=4677, commits[68798575-c94b-44a6-b996-25df487e3c54:c4678, 9ec8ead9-888e-415b-b04c-32cd2c26f792:c4674, 84ef4577-07e0-4c8d-900e-d449eb7bf65d:c4674]
2019-07-10 10:04:05,930 INFO  client.GrpcClientProtocolClient (GrpcClientProtocolClient.java:onNext(255)) - client-3502B0E99E4B->68798575-c94b-44a6-b996-25df487e3c54: receive RaftClientReply:client-3502B0E99E4B->68798575-c94b-44a6-b996-25df487e3c54@group-48C576E544C9, cid=3111, SUCCESS, logIndex=4678, commits[68798575-c94b-44a6-b996-25df487e3c54:c4678, 9ec8ead9-888e-415b-b04c-32cd2c26f792:c4674, 84ef4577-07e0-4c8d-900e-d449eb7bf65d:c4674]
2019-07-10 10:04:05,932 INFO  client.GrpcClientProtocolClient (GrpcClientProtocolClient.java:onNext(255)) - client-3502B0E99E4B->68798575-c94b-44a6-b996-25df487e3c54: receive RaftClientReply:client-3502B0E99E4B->68798575-c94b-44a6-b996-25df487e3c54@group-48C576E544C9, cid=3112, SUCCESS, logIndex=0, commits[68798575-c94b-44a6-b996-25df487e3c54:c4680, 9ec8ead9-888e-415b-b04c-32cd2c26f792:c4676, 84ef4577-07e0-4c8d-900e-d449eb7bf65d:c4676]
2019-07-10 10:04:05,953 INFO  client.GrpcClientProtocolClient (GrpcClientProtocolClient.java:onNext(255)) - client-3502B0E99E4B->68798575-c94b-44a6-b996-25df487e3c54: receive RaftClientReply:client-3502B0E99E4B->68798575-c94b-44a6-b996-25df487e3c54@group-48C576E544C9, cid=3113, SUCCESS, logIndex=4683, commits[68798575-c94b-44a6-b996-25df487e3c54:c4684, 9ec8ead9-888e-415b-b04c-32cd2c26f792:c4682, 84ef4577-07e0-4c8d-900e-d449eb7bf65d:c4682]
2019-07-10 10:04:05,953 INFO  client.GrpcClientProtocolClient (GrpcClientProtocolClient.java:onNext(255)) - client-3502B0E99E4B->68798575-c94b-44a6-b996-25df487e3c54: receive RaftClientReply:client-3502B0E99E4B->68798575-c94b-44a6-b996-25df487e3c54@group-48C576E544C9, cid=3114, SUCCESS, logIndex=4684, commits[68798575-c94b-44a6-b996-25df487e3c54:c4684, 9ec8ead9-888e-415b-b04c-32cd2c26f792:c4682, 84ef4577-07e0-4c8d-900e-d449eb7bf65d:c4682]
2019-07-10 10:04:05,977 INFO  client.GrpcClientProtocolClient (GrpcClientProtocolClient.java:onNext(255)) - client-3502B0E99E4B->68798575-c94b-44a6-b996-25df487e3c54: receive RaftClientReply:client-3502B0E99E4B->68798575-c94b-44a6-b996-25df487e3c54@group-48C576E544C9, cid=3115, SUCCESS, logIndex=4687, commits[68798575-c94b-44a6-b996-25df487e3c54:c4688, 9ec8ead9-888e-415b-b04c-32cd2c26f792:c4684, 84ef4577-07e0-4c8d-900e-d449eb7bf65d:c4683]
2019-07-10 10:04:05,978 INFO  client.GrpcClientProtocolClient (GrpcClientProtocolClient.java:onNext(255)) - client-3502B0E99E4B->68798575-c94b-44a6-b996-25df487e3c54: receive RaftClientReply:client-3502B0E99E4B->68798575-c94b-44a6-b996-25df487e3c54@group-48C576E544C9, cid=3116, SUCCESS, logIndex=4688, commits[68798575-c94b-44a6-b996-25df487e3c54:c4688, 9ec8ead9-888e-415b-b04c-32cd2c26f792:c4684, 84ef4577-07e0-4c8d-900e-d449eb7bf65d:c4684]
2019-07-10 10:04:05,991 INFO  client.GrpcClientProtocolClient (GrpcClientProtocolClient.java:onNext(255)) - client-3502B0E99E4B->68798575-c94b-44a6-b996-25df487e3c54: receive RaftClientReply:client-3502B0E99E4B->68798575-c94b-44a6-b996-25df487e3c54@group-48C576E544C9, cid=3117, SUCCESS, logIndex=0, commits[68798575-c94b-44a6-b996-25df487e3c54:c4690, 9ec8ead9-888e-415b-b04c-32cd2c26f792:c4688, 84ef4577-07e0-4c8d-900e-d449eb7bf65d:c4688]
2019-07-10 10:04:06,029 INFO  client.GrpcClientProtocolClient (GrpcClientProtocolClient.java:onNext(255)) - client-3502B0E99E4B->68798575-c94b-44a6-b996-25df487e3c54: receive RaftClientReply:client-3502B0E99E4B->68798575-c94b-44a6-b996-25df487e3c54@group-48C576E544C9, cid=3118, SUCCESS, logIndex=4691, commits[68798575-c94b-44a6-b996-25df487e3c54:c4692, 9ec8ead9-888e-415b-b04c-32cd2c26f792:c4690, 84ef4577-07e0-4c8d-900e-d449eb7bf65d:c4690]
2019-07-10 10:04:06,029 INFO  client.GrpcClientProtocolClient (GrpcClientProtocolClient.java:onNext(255)) - client-3502B0E99E4B->68798575-c94b-44a6-b996-25df487e3c54: receive RaftClientReply:client-3502B0E99E4B->68798575-c94b-44a6-b996-25df487e3c54@group-48C576E544C9, cid=3119, SUCCESS, logIndex=4692, commits[68798575-c94b-44a6-b996-25df487e3c54:c4692, 9ec8ead9-888e-415b-b04c-32cd2c26f792:c4690, 84ef4577-07e0-4c8d-900e-d449eb7bf65d:c4690]
2019-07-10 10:04:06,030 INFO  client.GrpcClientProtocolClient (GrpcClientProtocolClient.java:onNext(255)) - client-3502B0E99E4B->68798575-c94b-44a6-b996-25df487e3c54: receive RaftClientReply:client-3502B0E99E4B->68798575-c94b-44a6-b996-25df487e3c54@group-48C576E544C9, cid=3120, SUCCESS, logIndex=4693, commits[68798575-c94b-44a6-b996-25df487e3c54:c4694, 9ec8ead9-888e-415b-b04c-32cd2c26f792:c4690, 84ef4577-07e0-4c8d-900e-d449eb7bf65d:c4690]
2019-07-10 10:04:06,030 INFO  client.GrpcClientProtocolClient (GrpcClientProtocolClient.java:onNext(255)) - client-3502B0E99E4B->68798575-c94b-44a6-b996-25df487e3c54: receive RaftClientReply:client-3502B0E99E4B->68798575-c94b-44a6-b996-25df487e3c54@group-48C576E544C9, cid=3121, SUCCESS, logIndex=4694, commits[68798575-c94b-44a6-b996-25df487e3c54:c4694, 9ec8ead9-888e-415b-b04c-32cd2c26f792:c4690, 84ef4577-07e0-4c8d-900e-d449eb7bf65d:c4690]
2019-07-10 10:04:06,043 INFO  client.GrpcClientProtocolClient (GrpcClientProtocolClient.java:onNext(255)) - client-3502B0E99E4B->68798575-c94b-44a6-b996-25df487e3c54: receive RaftClientReply:client-3502B0E99E4B->68798575-c94b-44a6-b996-25df487e3c54@group-48C576E544C9, cid=3122, SUCCESS, logIndex=0, commits[68798575-c94b-44a6-b996-25df487e3c54:c4696, 9ec8ead9-888e-415b-b04c-32cd2c26f792:c4692, 84ef4577-07e0-4c8d-900e-d449eb7bf65d:c4692]
2019-07-10 10:04:06,072 INFO  client.GrpcClientProtocolClient (GrpcClientProtocolClient.java:onNext(255)) - client-3502B0E99E4B->68798575-c94b-44a6-b996-25df487e3c54: receive RaftClientReply:client-3502B0E99E4B->68798575-c94b-44a6-b996-25df487e3c54@group-48C576E544C9, cid=3123, SUCCESS, logIndex=4699, commits[68798575-c94b-44a6-b996-25df487e3c54:c4700, 9ec8ead9-888e-415b-b04c-32cd2c26f792:c4698, 84ef4577-07e0-4c8d-900e-d449eb7bf65d:c4698]
2019-07-10 10:04:06,073 INFO  client.GrpcClientProtocolClient (GrpcClientProtocolClient.java:onNext(255)) - client-3502B0E99E4B->68798575-c94b-44a6-b996-25df487e3c54: receive RaftClientReply:client-3502B0E99E4B->68798575-c94b-44a6-b996-25df487e3c54@group-48C576E544C9, cid=3124, SUCCESS, logIndex=4700, commits[68798575-c94b-44a6-b996-25df487e3c54:c4700, 9ec8ead9-888e-415b-b04c-32cd2c26f792:c4698, 84ef4577-07e0-4c8d-900e-d449eb7bf65d:c4698]
2019-07-10 10:04:06,096 INFO  client.GrpcClientProtocolClient (GrpcClientProtocolClient.java:onNext(255)) - client-3502B0E99E4B->68798575-c94b-44a6-b996-25df487e3c54: receive RaftClientReply:client-3502B0E99E4B->68798575-c94b-44a6-b996-25df487e3c54@group-48C576E544C9, cid=3125, SUCCESS, logIndex=4703, commits[68798575-c94b-44a6-b996-25df487e3c54:c4704, 9ec8ead9-888e-415b-b04c-32cd2c26f792:c4700, 84ef4577-07e0-4c8d-900e-d449eb7bf65d:c4700]
2019-07-10 10:04:06,096 INFO  client.GrpcClientProtocolClient (GrpcClientProtocolClient.java:onNext(255)) - client-3502B0E99E4B->68798575-c94b-44a6-b996-25df487e3c54: receive RaftClientReply:client-3502B0E99E4B->68798575-c94b-44a6-b996-25df487e3c54@group-48C576E544C9, cid=3126, SUCCESS, logIndex=4704, commits[68798575-c94b-44a6-b996-25df487e3c54:c4704, 9ec8ead9-888e-415b-b04c-32cd2c26f792:c4700, 84ef4577-07e0-4c8d-900e-d449eb7bf65d:c4700]
2019-07-10 10:04:06,099 INFO  client.GrpcClientProtocolClient (GrpcClientProtocolClient.java:onNext(255)) - client-3502B0E99E4B->68798575-c94b-44a6-b996-25df487e3c54: receive RaftClientReply:client-3502B0E99E4B->68798575-c94b-44a6-b996-25df487e3c54@group-48C576E544C9, cid=3127, SUCCESS, logIndex=0, commits[68798575-c94b-44a6-b996-25df487e3c54:c4704, 9ec8ead9-888e-415b-b04c-32cd2c26f792:c4704, 84ef4577-07e0-4c8d-900e-d449eb7bf65d:c4704]
2019-07-10 10:04:06,130 INFO  client.GrpcClientProtocolClient (GrpcClientProtocolClient.java:onNext(255)) - client-3502B0E99E4B->68798575-c94b-44a6-b996-25df487e3c54: receive RaftClientReply:client-3502B0E99E4B->68798575-c94b-44a6-b996-25df487e3c54@group-48C576E544C9, cid=3128, SUCCESS, logIndex=4707, commits[68798575-c94b-44a6-b996-25df487e3c54:c4708, 9ec8ead9-888e-415b-b04c-32cd2c26f792:c4706, 84ef4577-07e0-4c8d-900e-d449eb7bf65d:c4706]
2019-07-10 10:04:06,130 INFO  client.GrpcClientProtocolClient (GrpcClientProtocolClient.java:onNext(255)) - client-3502B0E99E4B->68798575-c94b-44a6-b996-25df487e3c54: receive RaftClientReply:client-3502B0E99E4B->68798575-c94b-44a6-b996-25df487e3c54@group-48C576E544C9, cid=3129, SUCCESS, logIndex=4708, commits[68798575-c94b-44a6-b996-25df487e3c54:c4708, 9ec8ead9-888e-415b-b04c-32cd2c26f792:c4706, 84ef4577-07e0-4c8d-900e-d449eb7bf65d:c4706]
2019-07-10 10:04:06,131 INFO  client.GrpcClientProtocolClient (GrpcClientProtocolClient.java:onNext(255)) - client-3502B0E99E4B->68798575-c94b-44a6-b996-25df487e3c54: receive RaftClientReply:client-3502B0E99E4B->68798575-c94b-44a6-b996-25df487e3c54@group-48C576E544C9, cid=3130, SUCCESS, logIndex=4709, commits[68798575-c94b-44a6-b996-25df487e3c54:c4710, 9ec8ead9-888e-415b-b04c-32cd2c26f792:c4706, 84ef4577-07e0-4c8d-900e-d449eb7bf65d:c4706]
2019-07-10 10:04:06,131 INFO  client.GrpcClientProtocolClient (GrpcClientProtocolClient.java:onNext(255)) - client-3502B0E99E4B->68798575-c94b-44a6-b996-25df487e3c54: receive RaftClientReply:client-3502B0E99E4B->68798575-c94b-44a6-b996-25df487e3c54@group-48C576E544C9, cid=3131, SUCCESS, logIndex=4710, commits[68798575-c94b-44a6-b996-25df487e3c54:c4710, 9ec8ead9-888e-415b-b04c-32cd2c26f792:c4706, 84ef4577-07e0-4c8d-900e-d449eb7bf65d:c4706]
2019-07-10 10:04:06,143 INFO  client.GrpcClientProtocolClient (GrpcClientProtocolClient.java:onNext(255)) - client-3502B0E99E4B->68798575-c94b-44a6-b996-25df487e3c54: receive RaftClientReply:client-3502B0E99E4B->68798575-c94b-44a6-b996-25df487e3c54@group-48C576E544C9, cid=3132, SUCCESS, logIndex=0, commits[68798575-c94b-44a6-b996-25df487e3c54:c4712, 9ec8ead9-888e-415b-b04c-32cd2c26f792:c4708, 84ef4577-07e0-4c8d-900e-d449eb7bf65d:c4708]
2019-07-10 10:04:06,164 INFO  client.GrpcClientProtocolClient (GrpcClientProtocolClient.java:onNext(255)) - client-3502B0E99E4B->68798575-c94b-44a6-b996-25df487e3c54: receive RaftClientReply:client-3502B0E99E4B->68798575-c94b-44a6-b996-25df487e3c54@group-48C576E544C9, cid=3133, SUCCESS, logIndex=4715, commits[68798575-c94b-44a6-b996-25df487e3c54:c4716, 9ec8ead9-888e-415b-b04c-32cd2c26f792:c4714, 84ef4577-07e0-4c8d-900e-d449eb7bf65d:c4714]
2019-07-10 10:04:06,164 INFO  client.GrpcClientProtocolClient (GrpcClientProtocolClient.java:onNext(255)) - client-3502B0E99E4B->68798575-c94b-44a6-b996-25df487e3c54: receive RaftClientReply:client-3502B0E99E4B->68798575-c94b-44a6-b996-25df487e3c54@group-48C576E544C9, cid=3134, SUCCESS, logIndex=4716, commits[68798575-c94b-44a6-b996-25df487e3c54:c4716, 9ec8ead9-888e-415b-b04c-32cd2c26f792:c4714, 84ef4577-07e0-4c8d-900e-d449eb7bf65d:c4714]
2019-07-10 10:04:06,179 INFO  client.GrpcClientProtocolClient (GrpcClientProtocolClient.java:onNext(255)) - client-3502B0E99E4B->68798575-c94b-44a6-b996-25df487e3c54: receive RaftClientReply:client-3502B0E99E4B->68798575-c94b-44a6-b996-25df487e3c54@group-48C576E544C9, cid=3135, SUCCESS, logIndex=4719, commits[68798575-c94b-44a6-b996-25df487e3c54:c4720, 9ec8ead9-888e-415b-b04c-32cd2c26f792:c4716, 84ef4577-07e0-4c8d-900e-d449eb7bf65d:c4716]
2019-07-10 10:04:06,179 INFO  client.GrpcClientProtocolClient (GrpcClientProtocolClient.java:onNext(255)) - client-3502B0E99E4B->68798575-c94b-44a6-b996-25df487e3c54: receive RaftClientReply:client-3502B0E99E4B->68798575-c94b-44a6-b996-25df487e3c54@group-48C576E544C9, cid=3136, SUCCESS, logIndex=4720, commits[68798575-c94b-44a6-b996-25df487e3c54:c4720, 9ec8ead9-888e-415b-b04c-32cd2c26f792:c4716, 84ef4577-07e0-4c8d-900e-d449eb7bf65d:c4716]
2019-07-10 10:04:06,205 INFO  client.GrpcClientProtocolClient (GrpcClientProtocolClient.java:onNext(255)) - client-3502B0E99E4B->68798575-c94b-44a6-b996-25df487e3c54: receive RaftClientReply:client-3502B0E99E4B->68798575-c94b-44a6-b996-25df487e3c54@group-48C576E544C9, cid=3137, SUCCESS, logIndex=0, commits[68798575-c94b-44a6-b996-25df487e3c54:c4722, 9ec8ead9-888e-415b-b04c-32cd2c26f792:c4720, 84ef4577-07e0-4c8d-900e-d449eb7bf65d:c4720]
2019-07-10 10:04:06,233 INFO  client.GrpcClientProtocolClient (GrpcClientProtocolClient.java:onNext(255)) - client-3502B0E99E4B->68798575-c94b-44a6-b996-25df487e3c54: receive RaftClientReply:client-3502B0E99E4B->68798575-c94b-44a6-b996-25df487e3c54@group-48C576E544C9, cid=3138, SUCCESS, logIndex=4723, commits[68798575-c94b-44a6-b996-25df487e3c54:c4724, 9ec8ead9-888e-415b-b04c-32cd2c26f792:c4722, 84ef4577-07e0-4c8d-900e-d449eb7bf65d:c4722]
2019-07-10 10:04:06,233 INFO  client.GrpcClientProtocolClient (GrpcClientProtocolClient.java:onNext(255)) - client-3502B0E99E4B->68798575-c94b-44a6-b996-25df487e3c54: receive RaftClientReply:client-3502B0E99E4B->68798575-c94b-44a6-b996-25df487e3c54@group-48C576E544C9, cid=3139, SUCCESS, logIndex=4724, commits[68798575-c94b-44a6-b996-25df487e3c54:c4724, 9ec8ead9-888e-415b-b04c-32cd2c26f792:c4722, 84ef4577-07e0-4c8d-900e-d449eb7bf65d:c4722]
2019-07-10 10:04:06,243 INFO  client.GrpcClientProtocolClient (GrpcClientProtocolClient.java:onNext(255)) - client-3502B0E99E4B->68798575-c94b-44a6-b996-25df487e3c54: receive RaftClientReply:client-3502B0E99E4B->68798575-c94b-44a6-b996-25df487e3c54@group-48C576E544C9, cid=3140, SUCCESS, logIndex=4725, commits[68798575-c94b-44a6-b996-25df487e3c54:c4726, 9ec8ead9-888e-415b-b04c-32cd2c26f792:c4722, 84ef4577-07e0-4c8d-900e-d449eb7bf65d:c4722]
2019-07-10 10:04:06,244 INFO  client.GrpcClientProtocolClient (GrpcClientProtocolClient.java:onNext(255)) - client-3502B0E99E4B->68798575-c94b-44a6-b996-25df487e3c54: receive RaftClientReply:client-3502B0E99E4B->68798575-c94b-44a6-b996-25df487e3c54@group-48C576E544C9, cid=3141, SUCCESS, logIndex=4726, commits[68798575-c94b-44a6-b996-25df487e3c54:c4726, 9ec8ead9-888e-415b-b04c-32cd2c26f792:c4722, 84ef4577-07e0-4c8d-900e-d449eb7bf65d:c4722]
2019-07-10 10:04:06,254 INFO  client.GrpcClientProtocolClient (GrpcClientProtocolClient.java:onNext(255)) - client-3502B0E99E4B->68798575-c94b-44a6-b996-25df487e3c54: receive RaftClientReply:client-3502B0E99E4B->68798575-c94b-44a6-b996-25df487e3c54@group-48C576E544C9, cid=3142, SUCCESS, logIndex=0, commits[68798575-c94b-44a6-b996-25df487e3c54:c4728, 9ec8ead9-888e-415b-b04c-32cd2c26f792:c4724, 84ef4577-07e0-4c8d-900e-d449eb7bf65d:c4724]
2019-07-10 10:04:06,270 INFO  client.GrpcClientProtocolClient (GrpcClientProtocolClient.java:onNext(255)) - client-3502B0E99E4B->68798575-c94b-44a6-b996-25df487e3c54: receive RaftClientReply:client-3502B0E99E4B->68798575-c94b-44a6-b996-25df487e3c54@group-48C576E544C9, cid=3143, SUCCESS, logIndex=4731, commits[68798575-c94b-44a6-b996-25df487e3c54:c4731, 9ec8ead9-888e-415b-b04c-32cd2c26f792:c4730, 84ef4577-07e0-4c8d-900e-d449eb7bf65d:c4730]
2019-07-10 10:04:06,271 INFO  client.GrpcClientProtocolClient (GrpcClientProtocolClient.java:onNext(255)) - client-3502B0E99E4B->68798575-c94b-44a6-b996-25df487e3c54: receive RaftClientReply:client-3502B0E99E4B->68798575-c94b-44a6-b996-25df487e3c54@group-48C576E544C9, cid=3144, SUCCESS, logIndex=4732, commits[68798575-c94b-44a6-b996-25df487e3c54:c4732, 9ec8ead9-888e-415b-b04c-32cd2c26f792:c4730, 84ef4577-07e0-4c8d-900e-d449eb7bf65d:c4730]
2019-07-10 10:04:06,284 INFO  client.GrpcClientProtocolClient (GrpcClientProtocolClient.java:onNext(255)) - client-3502B0E99E4B->68798575-c94b-44a6-b996-25df487e3c54: receive RaftClientReply:client-3502B0E99E4B->68798575-c94b-44a6-b996-25df487e3c54@group-48C576E544C9, cid=3145, SUCCESS, logIndex=4735, commits[68798575-c94b-44a6-b996-25df487e3c54:c4735, 9ec8ead9-888e-415b-b04c-32cd2c26f792:c4732, 84ef4577-07e0-4c8d-900e-d449eb7bf65d:c4732]
2019-07-10 10:04:06,285 INFO  client.GrpcClientProtocolClient (GrpcClientProtocolClient.java:onNext(255)) - client-3502B0E99E4B->68798575-c94b-44a6-b996-25df487e3c54: receive RaftClientReply:client-3502B0E99E4B->68798575-c94b-44a6-b996-25df487e3c54@group-48C576E544C9, cid=3146, SUCCESS, logIndex=4736, commits[68798575-c94b-44a6-b996-25df487e3c54:c4736, 9ec8ead9-888e-415b-b04c-32cd2c26f792:c4732, 84ef4577-07e0-4c8d-900e-d449eb7bf65d:c4732]
2019-07-10 10:04:06,306 INFO  client.GrpcClientProtocolClient (GrpcClientProtocolClient.java:onNext(255)) - client-3502B0E99E4B->68798575-c94b-44a6-b996-25df487e3c54: receive RaftClientReply:client-3502B0E99E4B->68798575-c94b-44a6-b996-25df487e3c54@group-48C576E544C9, cid=3147, SUCCESS, logIndex=0, commits[68798575-c94b-44a6-b996-25df487e3c54:c4738, 9ec8ead9-888e-415b-b04c-32cd2c26f792:c4736, 84ef4577-07e0-4c8d-900e-d449eb7bf65d:c4736]
2019-07-10 10:04:06,331 INFO  client.GrpcClientProtocolClient (GrpcClientProtocolClient.java:onNext(255)) - client-3502B0E99E4B->68798575-c94b-44a6-b996-25df487e3c54: receive RaftClientReply:client-3502B0E99E4B->68798575-c94b-44a6-b996-25df487e3c54@group-48C576E544C9, cid=3148, SUCCESS, logIndex=4739, commits[68798575-c94b-44a6-b996-25df487e3c54:c4742, 9ec8ead9-888e-415b-b04c-32cd2c26f792:c4738, 84ef4577-07e0-4c8d-900e-d449eb7bf65d:c4738]
2019-07-10 10:04:06,331 INFO  client.GrpcClientProtocolClient (GrpcClientProtocolClient.java:onNext(255)) - client-3502B0E99E4B->68798575-c94b-44a6-b996-25df487e3c54: receive RaftClientReply:client-3502B0E99E4B->68798575-c94b-44a6-b996-25df487e3c54@group-48C576E544C9, cid=3149, SUCCESS, logIndex=4740, commits[68798575-c94b-44a6-b996-25df487e3c54:c4742, 9ec8ead9-888e-415b-b04c-32cd2c26f792:c4738, 84ef4577-07e0-4c8d-900e-d449eb7bf65d:c4738]
2019-07-10 10:04:06,331 INFO  client.GrpcClientProtocolClient (GrpcClientProtocolClient.java:onNext(255)) - client-3502B0E99E4B->68798575-c94b-44a6-b996-25df487e3c54: receive RaftClientReply:client-3502B0E99E4B->68798575-c94b-44a6-b996-25df487e3c54@group-48C576E544C9, cid=3150, SUCCESS, logIndex=4741, commits[68798575-c94b-44a6-b996-25df487e3c54:c4742, 9ec8ead9-888e-415b-b04c-32cd2c26f792:c4738, 84ef4577-07e0-4c8d-900e-d449eb7bf65d:c4738]
2019-07-10 10:04:06,332 INFO  client.GrpcClientProtocolClient (GrpcClientProtocolClient.java:onNext(255)) - client-3502B0E99E4B->68798575-c94b-44a6-b996-25df487e3c54: receive RaftClientReply:client-3502B0E99E4B->68798575-c94b-44a6-b996-25df487e3c54@group-48C576E544C9, cid=3151, SUCCESS, logIndex=4742, commits[68798575-c94b-44a6-b996-25df487e3c54:c4743, 9ec8ead9-888e-415b-b04c-32cd2c26f792:c4740, 84ef4577-07e0-4c8d-900e-d449eb7bf65d:c4738]
2019-07-10 10:04:06,333 INFO  client.GrpcClientProtocolClient (GrpcClientProtocolClient.java:onNext(255)) - client-3502B0E99E4B->68798575-c94b-44a6-b996-25df487e3c54: receive RaftClientReply:client-3502B0E99E4B->68798575-c94b-44a6-b996-25df487e3c54@group-48C576E544C9, cid=3152, SUCCESS, logIndex=0, commits[68798575-c94b-44a6-b996-25df487e3c54:c4743, 9ec8ead9-888e-415b-b04c-32cd2c26f792:c4740, 84ef4577-07e0-4c8d-900e-d449eb7bf65d:c4740]
2019-07-10 10:04:06,347 INFO  client.GrpcClientProtocolClient (GrpcClientProtocolClient.java:onNext(255)) - client-3502B0E99E4B->68798575-c94b-44a6-b996-25df487e3c54: receive RaftClientReply:client-3502B0E99E4B->68798575-c94b-44a6-b996-25df487e3c54@group-48C576E544C9, cid=3153, SUCCESS, logIndex=4746, commits[68798575-c94b-44a6-b996-25df487e3c54:c4747, 9ec8ead9-888e-415b-b04c-32cd2c26f792:c4745, 84ef4577-07e0-4c8d-900e-d449eb7bf65d:c4742]
2019-07-10 10:04:06,347 INFO  client.GrpcClientProtocolClient (GrpcClientProtocolClient.java:onNext(255)) - client-3502B0E99E4B->68798575-c94b-44a6-b996-25df487e3c54: receive RaftClientReply:client-3502B0E99E4B->68798575-c94b-44a6-b996-25df487e3c54@group-48C576E544C9, cid=3154, SUCCESS, logIndex=4747, commits[68798575-c94b-44a6-b996-25df487e3c54:c4747, 9ec8ead9-888e-415b-b04c-32cd2c26f792:c4745, 84ef4577-07e0-4c8d-900e-d449eb7bf65d:c4745]
2019-07-10 10:04:06,374 INFO  client.GrpcClientProtocolClient (GrpcClientProtocolClient.java:onNext(255)) - client-3502B0E99E4B->68798575-c94b-44a6-b996-25df487e3c54: receive RaftClientReply:client-3502B0E99E4B->68798575-c94b-44a6-b996-25df487e3c54@group-48C576E544C9, cid=3155, SUCCESS, logIndex=4750, commits[68798575-c94b-44a6-b996-25df487e3c54:c4751, 9ec8ead9-888e-415b-b04c-32cd2c26f792:c4747, 84ef4577-07e0-4c8d-900e-d449eb7bf65d:c4748]
2019-07-10 10:04:06,374 INFO  client.GrpcClientProtocolClient (GrpcClientProtocolClient.java:onNext(255)) - client-3502B0E99E4B->68798575-c94b-44a6-b996-25df487e3c54: receive RaftClientReply:client-3502B0E99E4B->68798575-c94b-44a6-b996-25df487e3c54@group-48C576E544C9, cid=3156, SUCCESS, logIndex=4751, commits[68798575-c94b-44a6-b996-25df487e3c54:c4751, 9ec8ead9-888e-415b-b04c-32cd2c26f792:c4747, 84ef4577-07e0-4c8d-900e-d449eb7bf65d:c4748]
2019-07-10 10:04:06,377 INFO  client.GrpcClientProtocolClient (GrpcClientProtocolClient.java:onNext(255)) - client-3502B0E99E4B->68798575-c94b-44a6-b996-25df487e3c54: receive RaftClientReply:client-3502B0E99E4B->68798575-c94b-44a6-b996-25df487e3c54@group-48C576E544C9, cid=3157, SUCCESS, logIndex=0, commits[68798575-c94b-44a6-b996-25df487e3c54:c4752, 9ec8ead9-888e-415b-b04c-32cd2c26f792:c4751, 84ef4577-07e0-4c8d-900e-d449eb7bf65d:c4751]
2019-07-10 10:04:06,407 INFO  client.GrpcClientProtocolClient (GrpcClientProtocolClient.java:onNext(255)) - client-3502B0E99E4B->68798575-c94b-44a6-b996-25df487e3c54: receive RaftClientReply:client-3502B0E99E4B->68798575-c94b-44a6-b996-25df487e3c54@group-48C576E544C9, cid=3158, SUCCESS, logIndex=4754, commits[68798575-c94b-44a6-b996-25df487e3c54:c4755, 9ec8ead9-888e-415b-b04c-32cd2c26f792:c4753, 84ef4577-07e0-4c8d-900e-d449eb7bf65d:c4753]
2019-07-10 10:04:06,407 INFO  client.GrpcClientProtocolClient (GrpcClientProtocolClient.java:onNext(255)) - client-3502B0E99E4B->68798575-c94b-44a6-b996-25df487e3c54: receive RaftClientReply:client-3502B0E99E4B->68798575-c94b-44a6-b996-25df487e3c54@group-48C576E544C9, cid=3159, SUCCESS, logIndex=4755, commits[68798575-c94b-44a6-b996-25df487e3c54:c4755, 9ec8ead9-888e-415b-b04c-32cd2c26f792:c4753, 84ef4577-07e0-4c8d-900e-d449eb7bf65d:c4753]
2019-07-10 10:04:06,420 INFO  client.GrpcClientProtocolClient (GrpcClientProtocolClient.java:onNext(255)) - client-3502B0E99E4B->68798575-c94b-44a6-b996-25df487e3c54: receive RaftClientReply:client-3502B0E99E4B->68798575-c94b-44a6-b996-25df487e3c54@group-48C576E544C9, cid=3160, SUCCESS, logIndex=4756, commits[68798575-c94b-44a6-b996-25df487e3c54:c4757, 9ec8ead9-888e-415b-b04c-32cd2c26f792:c4753, 84ef4577-07e0-4c8d-900e-d449eb7bf65d:c4753]
2019-07-10 10:04:06,420 INFO  client.GrpcClientProtocolClient (GrpcClientProtocolClient.java:onNext(255)) - client-3502B0E99E4B->68798575-c94b-44a6-b996-25df487e3c54: receive RaftClientReply:client-3502B0E99E4B->68798575-c94b-44a6-b996-25df487e3c54@group-48C576E544C9, cid=3161, SUCCESS, logIndex=4757, commits[68798575-c94b-44a6-b996-25df487e3c54:c4757, 9ec8ead9-888e-415b-b04c-32cd2c26f792:c4753, 84ef4577-07e0-4c8d-900e-d449eb7bf65d:c4753]
2019-07-10 10:04:06,433 INFO  client.GrpcClientProtocolClient (GrpcClientProtocolClient.java:onNext(255)) - client-3502B0E99E4B->68798575-c94b-44a6-b996-25df487e3c54: receive RaftClientReply:client-3502B0E99E4B->68798575-c94b-44a6-b996-25df487e3c54@group-48C576E544C9, cid=3162, SUCCESS, logIndex=0, commits[68798575-c94b-44a6-b996-25df487e3c54:c4759, 9ec8ead9-888e-415b-b04c-32cd2c26f792:c4755, 84ef4577-07e0-4c8d-900e-d449eb7bf65d:c4755]
2019-07-10 10:04:06,459 INFO  client.GrpcClientProtocolClient (GrpcClientProtocolClient.java:onNext(255)) - client-3502B0E99E4B->68798575-c94b-44a6-b996-25df487e3c54: receive RaftClientReply:client-3502B0E99E4B->68798575-c94b-44a6-b996-25df487e3c54@group-48C576E544C9, cid=3163, SUCCESS, logIndex=4762, commits[68798575-c94b-44a6-b996-25df487e3c54:c4763, 9ec8ead9-888e-415b-b04c-32cd2c26f792:c4759, 84ef4577-07e0-4c8d-900e-d449eb7bf65d:c4759]
2019-07-10 10:04:06,459 INFO  client.GrpcClientProtocolClient (GrpcClientProtocolClient.java:onNext(255)) - client-3502B0E99E4B->68798575-c94b-44a6-b996-25df487e3c54: receive RaftClientReply:client-3502B0E99E4B->68798575-c94b-44a6-b996-25df487e3c54@group-48C576E544C9, cid=3164, SUCCESS, logIndex=4763, commits[68798575-c94b-44a6-b996-25df487e3c54:c4763, 9ec8ead9-888e-415b-b04c-32cd2c26f792:c4759, 84ef4577-07e0-4c8d-900e-d449eb7bf65d:c4759]
2019-07-10 10:04:06,491 INFO  client.GrpcClientProtocolClient (GrpcClientProtocolClient.java:onNext(255)) - client-3502B0E99E4B->68798575-c94b-44a6-b996-25df487e3c54: receive RaftClientReply:client-3502B0E99E4B->68798575-c94b-44a6-b996-25df487e3c54@group-48C576E544C9, cid=3165, SUCCESS, logIndex=4766, commits[68798575-c94b-44a6-b996-25df487e3c54:c4767, 9ec8ead9-888e-415b-b04c-32cd2c26f792:c4763, 84ef4577-07e0-4c8d-900e-d449eb7bf65d:c4763]
2019-07-10 10:04:06,492 INFO  client.GrpcClientProtocolClient (GrpcClientProtocolClient.java:onNext(255)) - client-3502B0E99E4B->68798575-c94b-44a6-b996-25df487e3c54: receive RaftClientReply:client-3502B0E99E4B->68798575-c94b-44a6-b996-25df487e3c54@group-48C576E544C9, cid=3166, SUCCESS, logIndex=4767, commits[68798575-c94b-44a6-b996-25df487e3c54:c4767, 9ec8ead9-888e-415b-b04c-32cd2c26f792:c4763, 84ef4577-07e0-4c8d-900e-d449eb7bf65d:c4763]
2019-07-10 10:04:06,512 INFO  client.GrpcClientProtocolClient (GrpcClientProtocolClient.java:onNext(255)) - client-3502B0E99E4B->68798575-c94b-44a6-b996-25df487e3c54: receive RaftClientReply:client-3502B0E99E4B->68798575-c94b-44a6-b996-25df487e3c54@group-48C576E544C9, cid=3167, SUCCESS, logIndex=0, commits[68798575-c94b-44a6-b996-25df487e3c54:c4769, 9ec8ead9-888e-415b-b04c-32cd2c26f792:c4767, 84ef4577-07e0-4c8d-900e-d449eb7bf65d:c4767]
2019-07-10 10:04:06,543 INFO  client.GrpcClientProtocolClient (GrpcClientProtocolClient.java:onNext(255)) - client-3502B0E99E4B->68798575-c94b-44a6-b996-25df487e3c54: receive RaftClientReply:client-3502B0E99E4B->68798575-c94b-44a6-b996-25df487e3c54@group-48C576E544C9, cid=3168, SUCCESS, logIndex=4770, commits[68798575-c94b-44a6-b996-25df487e3c54:c4771, 9ec8ead9-888e-415b-b04c-32cd2c26f792:c4769, 84ef4577-07e0-4c8d-900e-d449eb7bf65d:c4769]
2019-07-10 10:04:06,543 INFO  client.GrpcClientProtocolClient (GrpcClientProtocolClient.java:onNext(255)) - client-3502B0E99E4B->68798575-c94b-44a6-b996-25df487e3c54: receive RaftClientReply:client-3502B0E99E4B->68798575-c94b-44a6-b996-25df487e3c54@group-48C576E544C9, cid=3169, SUCCESS, logIndex=4771, commits[68798575-c94b-44a6-b996-25df487e3c54:c4771, 9ec8ead9-888e-415b-b04c-32cd2c26f792:c4769, 84ef4577-07e0-4c8d-900e-d449eb7bf65d:c4769]
2019-07-10 10:04:06,565 INFO  client.GrpcClientProtocolClient (GrpcClientProtocolClient.java:onNext(255)) - client-3502B0E99E4B->68798575-c94b-44a6-b996-25df487e3c54: receive RaftClientReply:client-3502B0E99E4B->68798575-c94b-44a6-b996-25df487e3c54@group-48C576E544C9, cid=3170, SUCCESS, logIndex=4772, commits[68798575-c94b-44a6-b996-25df487e3c54:c4773, 9ec8ead9-888e-415b-b04c-32cd2c26f792:c4769, 84ef4577-07e0-4c8d-900e-d449eb7bf65d:c4769]
2019-07-10 10:04:06,565 INFO  client.GrpcClientProtocolClient (GrpcClientProtocolClient.java:onNext(255)) - client-3502B0E99E4B->68798575-c94b-44a6-b996-25df487e3c54: receive RaftClientReply:client-3502B0E99E4B->68798575-c94b-44a6-b996-25df487e3c54@group-48C576E544C9, cid=3171, SUCCESS, logIndex=4773, commits[68798575-c94b-44a6-b996-25df487e3c54:c4773, 9ec8ead9-888e-415b-b04c-32cd2c26f792:c4769, 84ef4577-07e0-4c8d-900e-d449eb7bf65d:c4769]
2019-07-10 10:04:06,567 INFO  client.GrpcClientProtocolClient (GrpcClientProtocolClient.java:onNext(255)) - client-3502B0E99E4B->68798575-c94b-44a6-b996-25df487e3c54: receive RaftClientReply:client-3502B0E99E4B->68798575-c94b-44a6-b996-25df487e3c54@group-48C576E544C9, cid=3172, SUCCESS, logIndex=0, commits[68798575-c94b-44a6-b996-25df487e3c54:c4774, 9ec8ead9-888e-415b-b04c-32cd2c26f792:c4771, 84ef4577-07e0-4c8d-900e-d449eb7bf65d:c4771]
2019-07-10 10:04:06,591 INFO  client.GrpcClientProtocolClient (GrpcClientProtocolClient.java:onNext(255)) - client-3502B0E99E4B->68798575-c94b-44a6-b996-25df487e3c54: receive RaftClientReply:client-3502B0E99E4B->68798575-c94b-44a6-b996-25df487e3c54@group-48C576E544C9, cid=3173, SUCCESS, logIndex=4778, commits[68798575-c94b-44a6-b996-25df487e3c54:c4779, 9ec8ead9-888e-415b-b04c-32cd2c26f792:c4775, 84ef4577-07e0-4c8d-900e-d449eb7bf65d:c4775]
2019-07-10 10:04:06,591 INFO  client.GrpcClientProtocolClient (GrpcClientProtocolClient.java:onNext(255)) - client-3502B0E99E4B->68798575-c94b-44a6-b996-25df487e3c54: receive RaftClientReply:client-3502B0E99E4B->68798575-c94b-44a6-b996-25df487e3c54@group-48C576E544C9, cid=3174, SUCCESS, logIndex=4779, commits[68798575-c94b-44a6-b996-25df487e3c54:c4779, 9ec8ead9-888e-415b-b04c-32cd2c26f792:c4775, 84ef4577-07e0-4c8d-900e-d449eb7bf65d:c4775]
2019-07-10 10:04:06,620 INFO  client.GrpcClientProtocolClient (GrpcClientProtocolClient.java:onNext(255)) - client-3502B0E99E4B->68798575-c94b-44a6-b996-25df487e3c54: receive RaftClientReply:client-3502B0E99E4B->68798575-c94b-44a6-b996-25df487e3c54@group-48C576E544C9, cid=3175, SUCCESS, logIndex=4782, commits[68798575-c94b-44a6-b996-25df487e3c54:c4783, 9ec8ead9-888e-415b-b04c-32cd2c26f792:c4779, 84ef4577-07e0-4c8d-900e-d449eb7bf65d:c4779]
2019-07-10 10:04:06,620 INFO  client.GrpcClientProtocolClient (GrpcClientProtocolClient.java:onNext(255)) - client-3502B0E99E4B->68798575-c94b-44a6-b996-25df487e3c54: receive RaftClientReply:client-3502B0E99E4B->68798575-c94b-44a6-b996-25df487e3c54@group-48C576E544C9, cid=3176, SUCCESS, logIndex=4783, commits[68798575-c94b-44a6-b996-25df487e3c54:c4783, 9ec8ead9-888e-415b-b04c-32cd2c26f792:c4779, 84ef4577-07e0-4c8d-900e-d449eb7bf65d:c4779]
2019-07-10 10:04:06,634 INFO  client.GrpcClientProtocolClient (GrpcClientProtocolClient.java:onNext(255)) - client-3502B0E99E4B->68798575-c94b-44a6-b996-25df487e3c54: receive RaftClientReply:client-3502B0E99E4B->68798575-c94b-44a6-b996-25df487e3c54@group-48C576E544C9, cid=3177, SUCCESS, logIndex=0, commits[68798575-c94b-44a6-b996-25df487e3c54:c4785, 9ec8ead9-888e-415b-b04c-32cd2c26f792:c4783, 84ef4577-07e0-4c8d-900e-d449eb7bf65d:c4783]
2019-07-10 10:04:06,666 INFO  client.GrpcClientProtocolClient (GrpcClientProtocolClient.java:onNext(255)) - client-3502B0E99E4B->68798575-c94b-44a6-b996-25df487e3c54: receive RaftClientReply:client-3502B0E99E4B->68798575-c94b-44a6-b996-25df487e3c54@group-48C576E544C9, cid=3178, SUCCESS, logIndex=4786, commits[68798575-c94b-44a6-b996-25df487e3c54:c4787, 9ec8ead9-888e-415b-b04c-32cd2c26f792:c4785, 84ef4577-07e0-4c8d-900e-d449eb7bf65d:c4785]
2019-07-10 10:04:06,667 INFO  client.GrpcClientProtocolClient (GrpcClientProtocolClient.java:onNext(255)) - client-3502B0E99E4B->68798575-c94b-44a6-b996-25df487e3c54: receive RaftClientReply:client-3502B0E99E4B->68798575-c94b-44a6-b996-25df487e3c54@group-48C576E544C9, cid=3179, SUCCESS, logIndex=4787, commits[68798575-c94b-44a6-b996-25df487e3c54:c4787, 9ec8ead9-888e-415b-b04c-32cd2c26f792:c4785, 84ef4577-07e0-4c8d-900e-d449eb7bf65d:c4785]
2019-07-10 10:04:06,667 INFO  client.GrpcClientProtocolClient (GrpcClientProtocolClient.java:onNext(255)) - client-3502B0E99E4B->68798575-c94b-44a6-b996-25df487e3c54: receive RaftClientReply:client-3502B0E99E4B->68798575-c94b-44a6-b996-25df487e3c54@group-48C576E544C9, cid=3180, SUCCESS, logIndex=4788, commits[68798575-c94b-44a6-b996-25df487e3c54:c4789, 9ec8ead9-888e-415b-b04c-32cd2c26f792:c4785, 84ef4577-07e0-4c8d-900e-d449eb7bf65d:c4785]
2019-07-10 10:04:06,667 INFO  client.GrpcClientProtocolClient (GrpcClientProtocolClient.java:onNext(255)) - client-3502B0E99E4B->68798575-c94b-44a6-b996-25df487e3c54: receive RaftClientReply:client-3502B0E99E4B->68798575-c94b-44a6-b996-25df487e3c54@group-48C576E544C9, cid=3181, SUCCESS, logIndex=4789, commits[68798575-c94b-44a6-b996-25df487e3c54:c4789, 9ec8ead9-888e-415b-b04c-32cd2c26f792:c4785, 84ef4577-07e0-4c8d-900e-d449eb7bf65d:c4785]
2019-07-10 10:04:06,682 INFO  client.GrpcClientProtocolClient (GrpcClientProtocolClient.java:onNext(255)) - client-3502B0E99E4B->68798575-c94b-44a6-b996-25df487e3c54: receive RaftClientReply:client-3502B0E99E4B->68798575-c94b-44a6-b996-25df487e3c54@group-48C576E544C9, cid=3182, SUCCESS, logIndex=0, commits[68798575-c94b-44a6-b996-25df487e3c54:c4791, 9ec8ead9-888e-415b-b04c-32cd2c26f792:c4787, 84ef4577-07e0-4c8d-900e-d449eb7bf65d:c4787]
2019-07-10 10:04:06,694 INFO  client.GrpcClientProtocolClient (GrpcClientProtocolClient.java:onNext(255)) - client-3502B0E99E4B->68798575-c94b-44a6-b996-25df487e3c54: receive RaftClientReply:client-3502B0E99E4B->68798575-c94b-44a6-b996-25df487e3c54@group-48C576E544C9, cid=3183, SUCCESS, logIndex=4793, commits[68798575-c94b-44a6-b996-25df487e3c54:c4794, 9ec8ead9-888e-415b-b04c-32cd2c26f792:c4789, 84ef4577-07e0-4c8d-900e-d449eb7bf65d:c4792]
2019-07-10 10:04:06,694 INFO  client.GrpcClientProtocolClient (GrpcClientProtocolClient.java:onNext(255)) - client-3502B0E99E4B->68798575-c94b-44a6-b996-25df487e3c54: receive RaftClientReply:client-3502B0E99E4B->68798575-c94b-44a6-b996-25df487e3c54@group-48C576E544C9, cid=3184, SUCCESS, logIndex=4794, commits[68798575-c94b-44a6-b996-25df487e3c54:c4794, 9ec8ead9-888e-415b-b04c-32cd2c26f792:c4792, 84ef4577-07e0-4c8d-900e-d449eb7bf65d:c4792]
2019-07-10 10:04:06,710 INFO  client.GrpcClientProtocolClient (GrpcClientProtocolClient.java:onNext(255)) - client-3502B0E99E4B->68798575-c94b-44a6-b996-25df487e3c54: receive RaftClientReply:client-3502B0E99E4B->68798575-c94b-44a6-b996-25df487e3c54@group-48C576E544C9, cid=3185, SUCCESS, logIndex=4797, commits[68798575-c94b-44a6-b996-25df487e3c54:c4798, 9ec8ead9-888e-415b-b04c-32cd2c26f792:c4795, 84ef4577-07e0-4c8d-900e-d449eb7bf65d:c4795]
2019-07-10 10:04:06,711 INFO  client.GrpcClientProtocolClient (GrpcClientProtocolClient.java:onNext(255)) - client-3502B0E99E4B->68798575-c94b-44a6-b996-25df487e3c54: receive RaftClientReply:client-3502B0E99E4B->68798575-c94b-44a6-b996-25df487e3c54@group-48C576E544C9, cid=3186, SUCCESS, logIndex=4798, commits[68798575-c94b-44a6-b996-25df487e3c54:c4798, 9ec8ead9-888e-415b-b04c-32cd2c26f792:c4795, 84ef4577-07e0-4c8d-900e-d449eb7bf65d:c4795]
2019-07-10 10:04:06,735 INFO  client.GrpcClientProtocolClient (GrpcClientProtocolClient.java:onNext(255)) - client-3502B0E99E4B->68798575-c94b-44a6-b996-25df487e3c54: receive RaftClientReply:client-3502B0E99E4B->68798575-c94b-44a6-b996-25df487e3c54@group-48C576E544C9, cid=3187, SUCCESS, logIndex=0, commits[68798575-c94b-44a6-b996-25df487e3c54:c4800, 9ec8ead9-888e-415b-b04c-32cd2c26f792:c4798, 84ef4577-07e0-4c8d-900e-d449eb7bf65d:c4798]
2019-07-10 10:04:06,769 INFO  client.GrpcClientProtocolClient (GrpcClientProtocolClient.java:onNext(255)) - client-3502B0E99E4B->68798575-c94b-44a6-b996-25df487e3c54: receive RaftClientReply:client-3502B0E99E4B->68798575-c94b-44a6-b996-25df487e3c54@group-48C576E544C9, cid=3188, SUCCESS, logIndex=4801, commits[68798575-c94b-44a6-b996-25df487e3c54:c4802, 9ec8ead9-888e-415b-b04c-32cd2c26f792:c4800, 84ef4577-07e0-4c8d-900e-d449eb7bf65d:c4800]
2019-07-10 10:04:06,770 INFO  client.GrpcClientProtocolClient (GrpcClientProtocolClient.java:onNext(255)) - client-3502B0E99E4B->68798575-c94b-44a6-b996-25df487e3c54: receive RaftClientReply:client-3502B0E99E4B->68798575-c94b-44a6-b996-25df487e3c54@group-48C576E544C9, cid=3189, SUCCESS, logIndex=4802, commits[68798575-c94b-44a6-b996-25df487e3c54:c4802, 9ec8ead9-888e-415b-b04c-32cd2c26f792:c4800, 84ef4577-07e0-4c8d-900e-d449eb7bf65d:c4800]
2019-07-10 10:04:06,782 INFO  client.GrpcClientProtocolClient (GrpcClientProtocolClient.java:onNext(255)) - client-3502B0E99E4B->68798575-c94b-44a6-b996-25df487e3c54: receive RaftClientReply:client-3502B0E99E4B->68798575-c94b-44a6-b996-25df487e3c54@group-48C576E544C9, cid=3190, SUCCESS, logIndex=4803, commits[68798575-c94b-44a6-b996-25df487e3c54:c4804, 9ec8ead9-888e-415b-b04c-32cd2c26f792:c4800, 84ef4577-07e0-4c8d-900e-d449eb7bf65d:c4800]
2019-07-10 10:04:06,783 INFO  client.GrpcClientProtocolClient (GrpcClientProtocolClient.java:onNext(255)) - client-3502B0E99E4B->68798575-c94b-44a6-b996-25df487e3c54: receive RaftClientReply:client-3502B0E99E4B->68798575-c94b-44a6-b996-25df487e3c54@group-48C576E544C9, cid=3191, SUCCESS, logIndex=4804, commits[68798575-c94b-44a6-b996-25df487e3c54:c4804, 9ec8ead9-888e-415b-b04c-32cd2c26f792:c4800, 84ef4577-07e0-4c8d-900e-d449eb7bf65d:c4800]
2019-07-10 10:04:06,794 INFO  client.GrpcClientProtocolClient (GrpcClientProtocolClient.java:onNext(255)) - client-3502B0E99E4B->68798575-c94b-44a6-b996-25df487e3c54: receive RaftClientReply:client-3502B0E99E4B->68798575-c94b-44a6-b996-25df487e3c54@group-48C576E544C9, cid=3192, SUCCESS, logIndex=0, commits[68798575-c94b-44a6-b996-25df487e3c54:c4806, 9ec8ead9-888e-415b-b04c-32cd2c26f792:c4802, 84ef4577-07e0-4c8d-900e-d449eb7bf65d:c4802]
2019-07-10 10:04:06,814 INFO  client.GrpcClientProtocolClient (GrpcClientProtocolClient.java:onNext(255)) - client-3502B0E99E4B->68798575-c94b-44a6-b996-25df487e3c54: receive RaftClientReply:client-3502B0E99E4B->68798575-c94b-44a6-b996-25df487e3c54@group-48C576E544C9, cid=3193, SUCCESS, logIndex=4809, commits[68798575-c94b-44a6-b996-25df487e3c54:c4809, 9ec8ead9-888e-415b-b04c-32cd2c26f792:c4808, 84ef4577-07e0-4c8d-900e-d449eb7bf65d:c4808]
2019-07-10 10:04:06,815 INFO  client.GrpcClientProtocolClient (GrpcClientProtocolClient.java:onNext(255)) - client-3502B0E99E4B->68798575-c94b-44a6-b996-25df487e3c54: receive RaftClientReply:client-3502B0E99E4B->68798575-c94b-44a6-b996-25df487e3c54@group-48C576E544C9, cid=3194, SUCCESS, logIndex=4810, commits[68798575-c94b-44a6-b996-25df487e3c54:c4810, 9ec8ead9-888e-415b-b04c-32cd2c26f792:c4808, 84ef4577-07e0-4c8d-900e-d449eb7bf65d:c4808]
2019-07-10 10:04:06,845 INFO  client.GrpcClientProtocolClient (GrpcClientProtocolClient.java:onNext(255)) - client-3502B0E99E4B->68798575-c94b-44a6-b996-25df487e3c54: receive RaftClientReply:client-3502B0E99E4B->68798575-c94b-44a6-b996-25df487e3c54@group-48C576E544C9, cid=3195, SUCCESS, logIndex=4813, commits[68798575-c94b-44a6-b996-25df487e3c54:c4813, 9ec8ead9-888e-415b-b04c-32cd2c26f792:c4810, 84ef4577-07e0-4c8d-900e-d449eb7bf65d:c4810]
2019-07-10 10:04:06,846 INFO  client.GrpcClientProtocolClient (GrpcClientProtocolClient.java:onNext(255)) - client-3502B0E99E4B->68798575-c94b-44a6-b996-25df487e3c54: receive RaftClientReply:client-3502B0E99E4B->68798575-c94b-44a6-b996-25df487e3c54@group-48C576E544C9, cid=3196, SUCCESS, logIndex=4814, commits[68798575-c94b-44a6-b996-25df487e3c54:c4814, 9ec8ead9-888e-415b-b04c-32cd2c26f792:c4810, 84ef4577-07e0-4c8d-900e-d449eb7bf65d:c4810]
2019-07-10 10:04:06,860 INFO  client.GrpcClientProtocolClient (GrpcClientProtocolClient.java:onNext(255)) - client-3502B0E99E4B->68798575-c94b-44a6-b996-25df487e3c54: receive RaftClientReply:client-3502B0E99E4B->68798575-c94b-44a6-b996-25df487e3c54@group-48C576E544C9, cid=3197, SUCCESS, logIndex=0, commits[68798575-c94b-44a6-b996-25df487e3c54:c4816, 9ec8ead9-888e-415b-b04c-32cd2c26f792:c4814, 84ef4577-07e0-4c8d-900e-d449eb7bf65d:c4814]
 0.00% |█                                                                                                    |  0/1 Time: 0:00:302019-07-10 10:04:07,003 INFO  client.GrpcClientProtocolClient (GrpcClientProtocolClient.java:onNext(255)) - client-3502B0E99E4B->68798575-c94b-44a6-b996-25df487e3c54: receive RaftClientReply:client-3502B0E99E4B->68798575-c94b-44a6-b996-25df487e3c54@group-48C576E544C9, cid=3198, SUCCESS, logIndex=4817, commits[68798575-c94b-44a6-b996-25df487e3c54:c4818, 9ec8ead9-888e-415b-b04c-32cd2c26f792:c4816, 84ef4577-07e0-4c8d-900e-d449eb7bf65d:c4816]
2019-07-10 10:04:07,004 INFO  client.GrpcClientProtocolClient (GrpcClientProtocolClient.java:onNext(255)) - client-3502B0E99E4B->68798575-c94b-44a6-b996-25df487e3c54: receive RaftClientReply:client-3502B0E99E4B->68798575-c94b-44a6-b996-25df487e3c54@group-48C576E544C9, cid=3199, SUCCESS, logIndex=4818, commits[68798575-c94b-44a6-b996-25df487e3c54:c4819, 9ec8ead9-888e-415b-b04c-32cd2c26f792:c4816, 84ef4577-07e0-4c8d-900e-d449eb7bf65d:c4816]
2019-07-10 10:04:07,004 INFO  client.GrpcClientProtocolClient (GrpcClientProtocolClient.java:onNext(255)) - client-3502B0E99E4B->68798575-c94b-44a6-b996-25df487e3c54: receive RaftClientReply:client-3502B0E99E4B->68798575-c94b-44a6-b996-25df487e3c54@group-48C576E544C9, cid=3200, SUCCESS, logIndex=4819, commits[68798575-c94b-44a6-b996-25df487e3c54:c4820, 9ec8ead9-888e-415b-b04c-32cd2c26f792:c4816, 84ef4577-07e0-4c8d-900e-d449eb7bf65d:c4816]
2019-07-10 10:04:07,005 INFO  client.GrpcClientProtocolClient (GrpcClientProtocolClient.java:onNext(255)) - client-3502B0E99E4B->68798575-c94b-44a6-b996-25df487e3c54: receive RaftClientReply:client-3502B0E99E4B->68798575-c94b-44a6-b996-25df487e3c54@group-48C576E544C9, cid=3201, SUCCESS, logIndex=4820, commits[68798575-c94b-44a6-b996-25df487e3c54:c4820, 9ec8ead9-888e-415b-b04c-32cd2c26f792:c4816, 84ef4577-07e0-4c8d-900e-d449eb7bf65d:c4816]
2019-07-10 10:04:07,015 INFO  client.GrpcClientProtocolClient (GrpcClientProtocolClient.java:onNext(255)) - client-3502B0E99E4B->68798575-c94b-44a6-b996-25df487e3c54: receive RaftClientReply:client-3502B0E99E4B->68798575-c94b-44a6-b996-25df487e3c54@group-48C576E544C9, cid=3202, SUCCESS, logIndex=0, commits[68798575-c94b-44a6-b996-25df487e3c54:c4824, 9ec8ead9-888e-415b-b04c-32cd2c26f792:c4818, 84ef4577-07e0-4c8d-900e-d449eb7bf65d:c4820]
2019-07-10 10:04:07,037 INFO  client.GrpcClientProtocolClient (GrpcClientProtocolClient.java:onNext(255)) - client-3502B0E99E4B->68798575-c94b-44a6-b996-25df487e3c54: receive RaftClientReply:client-3502B0E99E4B->68798575-c94b-44a6-b996-25df487e3c54@group-48C576E544C9, cid=3203, SUCCESS, logIndex=4825, commits[68798575-c94b-44a6-b996-25df487e3c54:c4826, 9ec8ead9-888e-415b-b04c-32cd2c26f792:c4824, 84ef4577-07e0-4c8d-900e-d449eb7bf65d:c4824]
2019-07-10 10:04:07,037 INFO  client.GrpcClientProtocolClient (GrpcClientProtocolClient.java:onNext(255)) - client-3502B0E99E4B->68798575-c94b-44a6-b996-25df487e3c54: receive RaftClientReply:client-3502B0E99E4B->68798575-c94b-44a6-b996-25df487e3c54@group-48C576E544C9, cid=3204, SUCCESS, logIndex=4826, commits[68798575-c94b-44a6-b996-25df487e3c54:c4826, 9ec8ead9-888e-415b-b04c-32cd2c26f792:c4824, 84ef4577-07e0-4c8d-900e-d449eb7bf65d:c4824]
2019-07-10 10:04:07,062 INFO  client.GrpcClientProtocolClient (GrpcClientProtocolClient.java:onNext(255)) - client-3502B0E99E4B->68798575-c94b-44a6-b996-25df487e3c54: receive RaftClientReply:client-3502B0E99E4B->68798575-c94b-44a6-b996-25df487e3c54@group-48C576E544C9, cid=3205, SUCCESS, logIndex=4829, commits[68798575-c94b-44a6-b996-25df487e3c54:c4829, 9ec8ead9-888e-415b-b04c-32cd2c26f792:c4826, 84ef4577-07e0-4c8d-900e-d449eb7bf65d:c4826]
2019-07-10 10:04:07,062 INFO  client.GrpcClientProtocolClient (GrpcClientProtocolClient.java:onNext(255)) - client-3502B0E99E4B->68798575-c94b-44a6-b996-25df487e3c54: receive RaftClientReply:client-3502B0E99E4B->68798575-c94b-44a6-b996-25df487e3c54@group-48C576E544C9, cid=3206, SUCCESS, logIndex=4830, commits[68798575-c94b-44a6-b996-25df487e3c54:c4830, 9ec8ead9-888e-415b-b04c-32cd2c26f792:c4826, 84ef4577-07e0-4c8d-900e-d449eb7bf65d:c4826]
2019-07-10 10:04:07,077 INFO  client.GrpcClientProtocolClient (GrpcClientProtocolClient.java:onNext(255)) - client-3502B0E99E4B->68798575-c94b-44a6-b996-25df487e3c54: receive RaftClientReply:client-3502B0E99E4B->68798575-c94b-44a6-b996-25df487e3c54@group-48C576E544C9, cid=3207, SUCCESS, logIndex=0, commits[68798575-c94b-44a6-b996-25df487e3c54:c4832, 9ec8ead9-888e-415b-b04c-32cd2c26f792:c4830, 84ef4577-07e0-4c8d-900e-d449eb7bf65d:c4830]
2019-07-10 10:04:07,106 INFO  client.GrpcClientProtocolClient (GrpcClientProtocolClient.java:onNext(255)) - client-3502B0E99E4B->68798575-c94b-44a6-b996-25df487e3c54: receive RaftClientReply:client-3502B0E99E4B->68798575-c94b-44a6-b996-25df487e3c54@group-48C576E544C9, cid=3208, SUCCESS, logIndex=4833, commits[68798575-c94b-44a6-b996-25df487e3c54:c4834, 9ec8ead9-888e-415b-b04c-32cd2c26f792:c4832, 84ef4577-07e0-4c8d-900e-d449eb7bf65d:c4832]
2019-07-10 10:04:07,107 INFO  client.GrpcClientProtocolClient (GrpcClientProtocolClient.java:onNext(255)) - client-3502B0E99E4B->68798575-c94b-44a6-b996-25df487e3c54: receive RaftClientReply:client-3502B0E99E4B->68798575-c94b-44a6-b996-25df487e3c54@group-48C576E544C9, cid=3209, SUCCESS, logIndex=4834, commits[68798575-c94b-44a6-b996-25df487e3c54:c4834, 9ec8ead9-888e-415b-b04c-32cd2c26f792:c4832, 84ef4577-07e0-4c8d-900e-d449eb7bf65d:c4832]
2019-07-10 10:04:07,108 INFO  client.GrpcClientProtocolClient (GrpcClientProtocolClient.java:onNext(255)) - client-3502B0E99E4B->68798575-c94b-44a6-b996-25df487e3c54: receive RaftClientReply:client-3502B0E99E4B->68798575-c94b-44a6-b996-25df487e3c54@group-48C576E544C9, cid=3210, SUCCESS, logIndex=4835, commits[68798575-c94b-44a6-b996-25df487e3c54:c4836, 9ec8ead9-888e-415b-b04c-32cd2c26f792:c4832, 84ef4577-07e0-4c8d-900e-d449eb7bf65d:c4832]
2019-07-10 10:04:07,108 INFO  client.GrpcClientProtocolClient (GrpcClientProtocolClient.java:onNext(255)) - client-3502B0E99E4B->68798575-c94b-44a6-b996-25df487e3c54: receive RaftClientReply:client-3502B0E99E4B->68798575-c94b-44a6-b996-25df487e3c54@group-48C576E544C9, cid=3211, SUCCESS, logIndex=4836, commits[68798575-c94b-44a6-b996-25df487e3c54:c4836, 9ec8ead9-888e-415b-b04c-32cd2c26f792:c4832, 84ef4577-07e0-4c8d-900e-d449eb7bf65d:c4832]
2019-07-10 10:04:07,118 INFO  client.GrpcClientProtocolClient (GrpcClientProtocolClient.java:onNext(255)) - client-3502B0E99E4B->68798575-c94b-44a6-b996-25df487e3c54: receive RaftClientReply:client-3502B0E99E4B->68798575-c94b-44a6-b996-25df487e3c54@group-48C576E544C9, cid=3212, SUCCESS, logIndex=0, commits[68798575-c94b-44a6-b996-25df487e3c54:c4838, 9ec8ead9-888e-415b-b04c-32cd2c26f792:c4834, 84ef4577-07e0-4c8d-900e-d449eb7bf65d:c4834]
2019-07-10 10:04:07,150 INFO  client.GrpcClientProtocolClient (GrpcClientProtocolClient.java:onNext(255)) - client-3502B0E99E4B->68798575-c94b-44a6-b996-25df487e3c54: receive RaftClientReply:client-3502B0E99E4B->68798575-c94b-44a6-b996-25df487e3c54@group-48C576E544C9, cid=3213, SUCCESS, logIndex=4840, commits[68798575-c94b-44a6-b996-25df487e3c54:c4841, 9ec8ead9-888e-415b-b04c-32cd2c26f792:c4838, 84ef4577-07e0-4c8d-900e-d449eb7bf65d:c4838]
2019-07-10 10:04:07,150 INFO  client.GrpcClientProtocolClient (GrpcClientProtocolClient.java:onNext(255)) - client-3502B0E99E4B->68798575-c94b-44a6-b996-25df487e3c54: receive RaftClientReply:client-3502B0E99E4B->68798575-c94b-44a6-b996-25df487e3c54@group-48C576E544C9, cid=3214, SUCCESS, logIndex=4841, commits[68798575-c94b-44a6-b996-25df487e3c54:c4841, 9ec8ead9-888e-415b-b04c-32cd2c26f792:c4838, 84ef4577-07e0-4c8d-900e-d449eb7bf65d:c4839]
2019-07-10 10:04:07,172 INFO  client.GrpcClientProtocolClient (GrpcClientProtocolClient.java:onNext(255)) - client-3502B0E99E4B->68798575-c94b-44a6-b996-25df487e3c54: receive RaftClientReply:client-3502B0E99E4B->68798575-c94b-44a6-b996-25df487e3c54@group-48C576E544C9, cid=3215, SUCCESS, logIndex=4844, commits[68798575-c94b-44a6-b996-25df487e3c54:c4845, 9ec8ead9-888e-415b-b04c-32cd2c26f792:c4843, 84ef4577-07e0-4c8d-900e-d449eb7bf65d:c4843]
2019-07-10 10:04:07,172 INFO  client.GrpcClientProtocolClient (GrpcClientProtocolClient.java:onNext(255)) - client-3502B0E99E4B->68798575-c94b-44a6-b996-25df487e3c54: receive RaftClientReply:client-3502B0E99E4B->68798575-c94b-44a6-b996-25df487e3c54@group-48C576E544C9, cid=3216, SUCCESS, logIndex=4845, commits[68798575-c94b-44a6-b996-25df487e3c54:c4845, 9ec8ead9-888e-415b-b04c-32cd2c26f792:c4843, 84ef4577-07e0-4c8d-900e-d449eb7bf65d:c4843]
2019-07-10 10:04:07,199 INFO  client.GrpcClientProtocolClient (GrpcClientProtocolClient.java:onNext(255)) - client-3502B0E99E4B->68798575-c94b-44a6-b996-25df487e3c54: receive RaftClientReply:client-3502B0E99E4B->68798575-c94b-44a6-b996-25df487e3c54@group-48C576E544C9, cid=3217, SUCCESS, logIndex=0, commits[68798575-c94b-44a6-b996-25df487e3c54:c4847, 9ec8ead9-888e-415b-b04c-32cd2c26f792:c4845, 84ef4577-07e0-4c8d-900e-d449eb7bf65d:c4845]
2019-07-10 10:04:07,229 INFO  client.GrpcClientProtocolClient (GrpcClientProtocolClient.java:onNext(255)) - client-3502B0E99E4B->68798575-c94b-44a6-b996-25df487e3c54: receive RaftClientReply:client-3502B0E99E4B->68798575-c94b-44a6-b996-25df487e3c54@group-48C576E544C9, cid=3218, SUCCESS, logIndex=4848, commits[68798575-c94b-44a6-b996-25df487e3c54:c4849, 9ec8ead9-888e-415b-b04c-32cd2c26f792:c4847, 84ef4577-07e0-4c8d-900e-d449eb7bf65d:c4847]
2019-07-10 10:04:07,229 INFO  client.GrpcClientProtocolClient (GrpcClientProtocolClient.java:onNext(255)) - client-3502B0E99E4B->68798575-c94b-44a6-b996-25df487e3c54: receive RaftClientReply:client-3502B0E99E4B->68798575-c94b-44a6-b996-25df487e3c54@group-48C576E544C9, cid=3219, SUCCESS, logIndex=4849, commits[68798575-c94b-44a6-b996-25df487e3c54:c4849, 9ec8ead9-888e-415b-b04c-32cd2c26f792:c4847, 84ef4577-07e0-4c8d-900e-d449eb7bf65d:c4847]
2019-07-10 10:04:07,240 INFO  client.GrpcClientProtocolClient (GrpcClientProtocolClient.java:onNext(255)) - client-3502B0E99E4B->68798575-c94b-44a6-b996-25df487e3c54: receive RaftClientReply:client-3502B0E99E4B->68798575-c94b-44a6-b996-25df487e3c54@group-48C576E544C9, cid=3220, SUCCESS, logIndex=4850, commits[68798575-c94b-44a6-b996-25df487e3c54:c4851, 9ec8ead9-888e-415b-b04c-32cd2c26f792:c4847, 84ef4577-07e0-4c8d-900e-d449eb7bf65d:c4847]
2019-07-10 10:04:07,240 INFO  client.GrpcClientProtocolClient (GrpcClientProtocolClient.java:onNext(255)) - client-3502B0E99E4B->68798575-c94b-44a6-b996-25df487e3c54: receive RaftClientReply:client-3502B0E99E4B->68798575-c94b-44a6-b996-25df487e3c54@group-48C576E544C9, cid=3221, SUCCESS, logIndex=4851, commits[68798575-c94b-44a6-b996-25df487e3c54:c4851, 9ec8ead9-888e-415b-b04c-32cd2c26f792:c4847, 84ef4577-07e0-4c8d-900e-d449eb7bf65d:c4847]
2019-07-10 10:04:07,242 INFO  client.GrpcClientProtocolClient (GrpcClientProtocolClient.java:onNext(255)) - client-3502B0E99E4B->68798575-c94b-44a6-b996-25df487e3c54: receive RaftClientReply:client-3502B0E99E4B->68798575-c94b-44a6-b996-25df487e3c54@group-48C576E544C9, cid=3222, SUCCESS, logIndex=0, commits[68798575-c94b-44a6-b996-25df487e3c54:c4853, 9ec8ead9-888e-415b-b04c-32cd2c26f792:c4849, 84ef4577-07e0-4c8d-900e-d449eb7bf65d:c4849]
2019-07-10 10:04:07,270 INFO  client.GrpcClientProtocolClient (GrpcClientProtocolClient.java:onNext(255)) - client-3502B0E99E4B->68798575-c94b-44a6-b996-25df487e3c54: receive RaftClientReply:client-3502B0E99E4B->68798575-c94b-44a6-b996-25df487e3c54@group-48C576E544C9, cid=3223, SUCCESS, logIndex=4856, commits[68798575-c94b-44a6-b996-25df487e3c54:c4857, 9ec8ead9-888e-415b-b04c-32cd2c26f792:c4853, 84ef4577-07e0-4c8d-900e-d449eb7bf65d:c4853]
2019-07-10 10:04:07,270 INFO  client.GrpcClientProtocolClient (GrpcClientProtocolClient.java:onNext(255)) - client-3502B0E99E4B->68798575-c94b-44a6-b996-25df487e3c54: receive RaftClientReply:client-3502B0E99E4B->68798575-c94b-44a6-b996-25df487e3c54@group-48C576E544C9, cid=3224, SUCCESS, logIndex=4857, commits[68798575-c94b-44a6-b996-25df487e3c54:c4857, 9ec8ead9-888e-415b-b04c-32cd2c26f792:c4853, 84ef4577-07e0-4c8d-900e-d449eb7bf65d:c4853]
2019-07-10 10:04:07,294 INFO  client.GrpcClientProtocolClient (GrpcClientProtocolClient.java:onNext(255)) - client-3502B0E99E4B->68798575-c94b-44a6-b996-25df487e3c54: receive RaftClientReply:client-3502B0E99E4B->68798575-c94b-44a6-b996-25df487e3c54@group-48C576E544C9, cid=3225, SUCCESS, logIndex=4860, commits[68798575-c94b-44a6-b996-25df487e3c54:c4860, 9ec8ead9-888e-415b-b04c-32cd2c26f792:c4857, 84ef4577-07e0-4c8d-900e-d449eb7bf65d:c4857]
2019-07-10 10:04:07,295 INFO  client.GrpcClientProtocolClient (GrpcClientProtocolClient.java:onNext(255)) - client-3502B0E99E4B->68798575-c94b-44a6-b996-25df487e3c54: receive RaftClientReply:client-3502B0E99E4B->68798575-c94b-44a6-b996-25df487e3c54@group-48C576E544C9, cid=3226, SUCCESS, logIndex=4861, commits[68798575-c94b-44a6-b996-25df487e3c54:c4861, 9ec8ead9-888e-415b-b04c-32cd2c26f792:c4857, 84ef4577-07e0-4c8d-900e-d449eb7bf65d:c4857]
2019-07-10 10:04:07,317 INFO  client.GrpcClientProtocolClient (GrpcClientProtocolClient.java:onNext(255)) - client-3502B0E99E4B->68798575-c94b-44a6-b996-25df487e3c54: receive RaftClientReply:client-3502B0E99E4B->68798575-c94b-44a6-b996-25df487e3c54@group-48C576E544C9, cid=3227, SUCCESS, logIndex=0, commits[68798575-c94b-44a6-b996-25df487e3c54:c4863, 9ec8ead9-888e-415b-b04c-32cd2c26f792:c4861, 84ef4577-07e0-4c8d-900e-d449eb7bf65d:c4861]
2019-07-10 10:04:07,348 INFO  client.GrpcClientProtocolClient (GrpcClientProtocolClient.java:onNext(255)) - client-3502B0E99E4B->68798575-c94b-44a6-b996-25df487e3c54: receive RaftClientReply:client-3502B0E99E4B->68798575-c94b-44a6-b996-25df487e3c54@group-48C576E544C9, cid=3228, SUCCESS, logIndex=4864, commits[68798575-c94b-44a6-b996-25df487e3c54:c4865, 9ec8ead9-888e-415b-b04c-32cd2c26f792:c4863, 84ef4577-07e0-4c8d-900e-d449eb7bf65d:c4863]
2019-07-10 10:04:07,348 INFO  client.GrpcClientProtocolClient (GrpcClientProtocolClient.java:onNext(255)) - client-3502B0E99E4B->68798575-c94b-44a6-b996-25df487e3c54: receive RaftClientReply:client-3502B0E99E4B->68798575-c94b-44a6-b996-25df487e3c54@group-48C576E544C9, cid=3229, SUCCESS, logIndex=4865, commits[68798575-c94b-44a6-b996-25df487e3c54:c4865, 9ec8ead9-888e-415b-b04c-32cd2c26f792:c4863, 84ef4577-07e0-4c8d-900e-d449eb7bf65d:c4863]
2019-07-10 10:04:07,424 INFO  client.GrpcClientProtocolClient (GrpcClientProtocolClient.java:onNext(255)) - client-3502B0E99E4B->68798575-c94b-44a6-b996-25df487e3c54: receive RaftClientReply:client-3502B0E99E4B->68798575-c94b-44a6-b996-25df487e3c54@group-48C576E544C9, cid=3230, SUCCESS, logIndex=4866, commits[68798575-c94b-44a6-b996-25df487e3c54:c4867, 9ec8ead9-888e-415b-b04c-32cd2c26f792:c4863, 84ef4577-07e0-4c8d-900e-d449eb7bf65d:c4863]
2019-07-10 10:04:07,424 INFO  client.GrpcClientProtocolClient (GrpcClientProtocolClient.java:onNext(255)) - client-3502B0E99E4B->68798575-c94b-44a6-b996-25df487e3c54: receive RaftClientReply:client-3502B0E99E4B->68798575-c94b-44a6-b996-25df487e3c54@group-48C576E544C9, cid=3231, SUCCESS, logIndex=4867, commits[68798575-c94b-44a6-b996-25df487e3c54:c4867, 9ec8ead9-888e-415b-b04c-32cd2c26f792:c4863, 84ef4577-07e0-4c8d-900e-d449eb7bf65d:c4863]
2019-07-10 10:04:07,436 INFO  client.GrpcClientProtocolClient (GrpcClientProtocolClient.java:onNext(255)) - client-3502B0E99E4B->68798575-c94b-44a6-b996-25df487e3c54: receive RaftClientReply:client-3502B0E99E4B->68798575-c94b-44a6-b996-25df487e3c54@group-48C576E544C9, cid=3232, SUCCESS, logIndex=0, commits[68798575-c94b-44a6-b996-25df487e3c54:c4869, 9ec8ead9-888e-415b-b04c-32cd2c26f792:c4865, 84ef4577-07e0-4c8d-900e-d449eb7bf65d:c4865]
2019-07-10 10:04:07,456 INFO  client.GrpcClientProtocolClient (GrpcClientProtocolClient.java:onNext(255)) - client-3502B0E99E4B->68798575-c94b-44a6-b996-25df487e3c54: receive RaftClientReply:client-3502B0E99E4B->68798575-c94b-44a6-b996-25df487e3c54@group-48C576E544C9, cid=3233, SUCCESS, logIndex=4872, commits[68798575-c94b-44a6-b996-25df487e3c54:c4873, 9ec8ead9-888e-415b-b04c-32cd2c26f792:c4869, 84ef4577-07e0-4c8d-900e-d449eb7bf65d:c4869]
2019-07-10 10:04:07,457 INFO  client.GrpcClientProtocolClient (GrpcClientProtocolClient.java:onNext(255)) - client-3502B0E99E4B->68798575-c94b-44a6-b996-25df487e3c54: receive RaftClientReply:client-3502B0E99E4B->68798575-c94b-44a6-b996-25df487e3c54@group-48C576E544C9, cid=3234, SUCCESS, logIndex=4873, commits[68798575-c94b-44a6-b996-25df487e3c54:c4873, 9ec8ead9-888e-415b-b04c-32cd2c26f792:c4869, 84ef4577-07e0-4c8d-900e-d449eb7bf65d:c4869]
2019-07-10 10:04:07,481 INFO  client.GrpcClientProtocolClient (GrpcClientProtocolClient.java:onNext(255)) - client-3502B0E99E4B->68798575-c94b-44a6-b996-25df487e3c54: receive RaftClientReply:client-3502B0E99E4B->68798575-c94b-44a6-b996-25df487e3c54@group-48C576E544C9, cid=3235, SUCCESS, logIndex=4876, commits[68798575-c94b-44a6-b996-25df487e3c54:c4877, 9ec8ead9-888e-415b-b04c-32cd2c26f792:c4874, 84ef4577-07e0-4c8d-900e-d449eb7bf65d:c4874]
2019-07-10 10:04:07,481 INFO  client.GrpcClientProtocolClient (GrpcClientProtocolClient.java:onNext(255)) - client-3502B0E99E4B->68798575-c94b-44a6-b996-25df487e3c54: receive RaftClientReply:client-3502B0E99E4B->68798575-c94b-44a6-b996-25df487e3c54@group-48C576E544C9, cid=3236, SUCCESS, logIndex=4877, commits[68798575-c94b-44a6-b996-25df487e3c54:c4877, 9ec8ead9-888e-415b-b04c-32cd2c26f792:c4874, 84ef4577-07e0-4c8d-900e-d449eb7bf65d:c4874]
2019-07-10 10:04:07,509 INFO  client.GrpcClientProtocolClient (GrpcClientProtocolClient.java:onNext(255)) - client-3502B0E99E4B->68798575-c94b-44a6-b996-25df487e3c54: receive RaftClientReply:client-3502B0E99E4B->68798575-c94b-44a6-b996-25df487e3c54@group-48C576E544C9, cid=3237, SUCCESS, logIndex=0, commits[68798575-c94b-44a6-b996-25df487e3c54:c4879, 9ec8ead9-888e-415b-b04c-32cd2c26f792:c4877, 84ef4577-07e0-4c8d-900e-d449eb7bf65d:c4877]
2019-07-10 10:04:07,543 INFO  client.GrpcClientProtocolClient (GrpcClientProtocolClient.java:onNext(255)) - client-3502B0E99E4B->68798575-c94b-44a6-b996-25df487e3c54: receive RaftClientReply:client-3502B0E99E4B->68798575-c94b-44a6-b996-25df487e3c54@group-48C576E544C9, cid=3238, SUCCESS, logIndex=4880, commits[68798575-c94b-44a6-b996-25df487e3c54:c4880, 9ec8ead9-888e-415b-b04c-32cd2c26f792:c4879, 84ef4577-07e0-4c8d-900e-d449eb7bf65d:c4879]
2019-07-10 10:04:07,544 INFO  client.GrpcClientProtocolClient (GrpcClientProtocolClient.java:onNext(255)) - client-3502B0E99E4B->68798575-c94b-44a6-b996-25df487e3c54: receive RaftClientReply:client-3502B0E99E4B->68798575-c94b-44a6-b996-25df487e3c54@group-48C576E544C9, cid=3239, SUCCESS, logIndex=4881, commits[68798575-c94b-44a6-b996-25df487e3c54:c4881, 9ec8ead9-888e-415b-b04c-32cd2c26f792:c4879, 84ef4577-07e0-4c8d-900e-d449eb7bf65d:c4879]
2019-07-10 10:04:07,544 INFO  client.GrpcClientProtocolClient (GrpcClientProtocolClient.java:onNext(255)) - client-3502B0E99E4B->68798575-c94b-44a6-b996-25df487e3c54: receive RaftClientReply:client-3502B0E99E4B->68798575-c94b-44a6-b996-25df487e3c54@group-48C576E544C9, cid=3240, SUCCESS, logIndex=4882, commits[68798575-c94b-44a6-b996-25df487e3c54:c4883, 9ec8ead9-888e-415b-b04c-32cd2c26f792:c4879, 84ef4577-07e0-4c8d-900e-d449eb7bf65d:c4879]
2019-07-10 10:04:07,544 INFO  client.GrpcClientProtocolClient (GrpcClientProtocolClient.java:onNext(255)) - client-3502B0E99E4B->68798575-c94b-44a6-b996-25df487e3c54: receive RaftClientReply:client-3502B0E99E4B->68798575-c94b-44a6-b996-25df487e3c54@group-48C576E544C9, cid=3241, SUCCESS, logIndex=4883, commits[68798575-c94b-44a6-b996-25df487e3c54:c4883, 9ec8ead9-888e-415b-b04c-32cd2c26f792:c4879, 84ef4577-07e0-4c8d-900e-d449eb7bf65d:c4879]
2019-07-10 10:04:07,558 INFO  client.GrpcClientProtocolClient (GrpcClientProtocolClient.java:onNext(255)) - client-3502B0E99E4B->68798575-c94b-44a6-b996-25df487e3c54: receive RaftClientReply:client-3502B0E99E4B->68798575-c94b-44a6-b996-25df487e3c54@group-48C576E544C9, cid=3242, SUCCESS, logIndex=0, commits[68798575-c94b-44a6-b996-25df487e3c54:c4885, 9ec8ead9-888e-415b-b04c-32cd2c26f792:c4881, 84ef4577-07e0-4c8d-900e-d449eb7bf65d:c4881]
2019-07-10 10:04:07,579 INFO  client.GrpcClientProtocolClient (GrpcClientProtocolClient.java:onNext(255)) - client-3502B0E99E4B->68798575-c94b-44a6-b996-25df487e3c54: receive RaftClientReply:client-3502B0E99E4B->68798575-c94b-44a6-b996-25df487e3c54@group-48C576E544C9, cid=3243, SUCCESS, logIndex=4888, commits[68798575-c94b-44a6-b996-25df487e3c54:c4889, 9ec8ead9-888e-415b-b04c-32cd2c26f792:c4887, 84ef4577-07e0-4c8d-900e-d449eb7bf65d:c4887]
2019-07-10 10:04:07,579 INFO  client.GrpcClientProtocolClient (GrpcClientProtocolClient.java:onNext(255)) - client-3502B0E99E4B->68798575-c94b-44a6-b996-25df487e3c54: receive RaftClientReply:client-3502B0E99E4B->68798575-c94b-44a6-b996-25df487e3c54@group-48C576E544C9, cid=3244, SUCCESS, logIndex=4889, commits[68798575-c94b-44a6-b996-25df487e3c54:c4889, 9ec8ead9-888e-415b-b04c-32cd2c26f792:c4887, 84ef4577-07e0-4c8d-900e-d449eb7bf65d:c4887]
2019-07-10 10:04:07,603 INFO  client.GrpcClientProtocolClient (GrpcClientProtocolClient.java:onNext(255)) - client-3502B0E99E4B->68798575-c94b-44a6-b996-25df487e3c54: receive RaftClientReply:client-3502B0E99E4B->68798575-c94b-44a6-b996-25df487e3c54@group-48C576E544C9, cid=3245, SUCCESS, logIndex=4892, commits[68798575-c94b-44a6-b996-25df487e3c54:c4893, 9ec8ead9-888e-415b-b04c-32cd2c26f792:c4889, 84ef4577-07e0-4c8d-900e-d449eb7bf65d:c4889]
2019-07-10 10:04:07,604 INFO  client.GrpcClientProtocolClient (GrpcClientProtocolClient.java:onNext(255)) - client-3502B0E99E4B->68798575-c94b-44a6-b996-25df487e3c54: receive RaftClientReply:client-3502B0E99E4B->68798575-c94b-44a6-b996-25df487e3c54@group-48C576E544C9, cid=3246, SUCCESS, logIndex=4893, commits[68798575-c94b-44a6-b996-25df487e3c54:c4893, 9ec8ead9-888e-415b-b04c-32cd2c26f792:c4889, 84ef4577-07e0-4c8d-900e-d449eb7bf65d:c4889]
2019-07-10 10:04:07,629 INFO  client.GrpcClientProtocolClient (GrpcClientProtocolClient.java:onNext(255)) - client-3502B0E99E4B->68798575-c94b-44a6-b996-25df487e3c54: receive RaftClientReply:client-3502B0E99E4B->68798575-c94b-44a6-b996-25df487e3c54@group-48C576E544C9, cid=3247, SUCCESS, logIndex=0, commits[68798575-c94b-44a6-b996-25df487e3c54:c4895, 9ec8ead9-888e-415b-b04c-32cd2c26f792:c4893, 84ef4577-07e0-4c8d-900e-d449eb7bf65d:c4893]
2019-07-10 10:04:07,662 INFO  client.GrpcClientProtocolClient (GrpcClientProtocolClient.java:onNext(255)) - client-3502B0E99E4B->68798575-c94b-44a6-b996-25df487e3c54: receive RaftClientReply:client-3502B0E99E4B->68798575-c94b-44a6-b996-25df487e3c54@group-48C576E544C9, cid=3248, SUCCESS, logIndex=4896, commits[68798575-c94b-44a6-b996-25df487e3c54:c4897, 9ec8ead9-888e-415b-b04c-32cd2c26f792:c4895, 84ef4577-07e0-4c8d-900e-d449eb7bf65d:c4895]
2019-07-10 10:04:07,663 INFO  client.GrpcClientProtocolClient (GrpcClientProtocolClient.java:onNext(255)) - client-3502B0E99E4B->68798575-c94b-44a6-b996-25df487e3c54: receive RaftClientReply:client-3502B0E99E4B->68798575-c94b-44a6-b996-25df487e3c54@group-48C576E544C9, cid=3249, SUCCESS, logIndex=4897, commits[68798575-c94b-44a6-b996-25df487e3c54:c4897, 9ec8ead9-888e-415b-b04c-32cd2c26f792:c4895, 84ef4577-07e0-4c8d-900e-d449eb7bf65d:c4895]
2019-07-10 10:04:07,673 INFO  client.GrpcClientProtocolClient (GrpcClientProtocolClient.java:onNext(255)) - client-3502B0E99E4B->68798575-c94b-44a6-b996-25df487e3c54: receive RaftClientReply:client-3502B0E99E4B->68798575-c94b-44a6-b996-25df487e3c54@group-48C576E544C9, cid=3250, SUCCESS, logIndex=4898, commits[68798575-c94b-44a6-b996-25df487e3c54:c4899, 9ec8ead9-888e-415b-b04c-32cd2c26f792:c4895, 84ef4577-07e0-4c8d-900e-d449eb7bf65d:c4895]
2019-07-10 10:04:07,674 INFO  client.GrpcClientProtocolClient (GrpcClientProtocolClient.java:onNext(255)) - client-3502B0E99E4B->68798575-c94b-44a6-b996-25df487e3c54: receive RaftClientReply:client-3502B0E99E4B->68798575-c94b-44a6-b996-25df487e3c54@group-48C576E544C9, cid=3251, SUCCESS, logIndex=4899, commits[68798575-c94b-44a6-b996-25df487e3c54:c4899, 9ec8ead9-888e-415b-b04c-32cd2c26f792:c4895, 84ef4577-07e0-4c8d-900e-d449eb7bf65d:c4895]
2019-07-10 10:04:07,675 INFO  client.GrpcClientProtocolClient (GrpcClientProtocolClient.java:onNext(255)) - client-3502B0E99E4B->68798575-c94b-44a6-b996-25df487e3c54: receive RaftClientReply:client-3502B0E99E4B->68798575-c94b-44a6-b996-25df487e3c54@group-48C576E544C9, cid=3252, SUCCESS, logIndex=0, commits[68798575-c94b-44a6-b996-25df487e3c54:c4901, 9ec8ead9-888e-415b-b04c-32cd2c26f792:c4897, 84ef4577-07e0-4c8d-900e-d449eb7bf65d:c4897]
2019-07-10 10:04:07,705 INFO  client.GrpcClientProtocolClient (GrpcClientProtocolClient.java:onNext(255)) - client-3502B0E99E4B->68798575-c94b-44a6-b996-25df487e3c54: receive RaftClientReply:client-3502B0E99E4B->68798575-c94b-44a6-b996-25df487e3c54@group-48C576E544C9, cid=3253, SUCCESS, logIndex=4903, commits[68798575-c94b-44a6-b996-25df487e3c54:c4904, 9ec8ead9-888e-415b-b04c-32cd2c26f792:c4901, 84ef4577-07e0-4c8d-900e-d449eb7bf65d:c4901]
2019-07-10 10:04:07,705 INFO  client.GrpcClientProtocolClient (GrpcClientProtocolClient.java:onNext(255)) - client-3502B0E99E4B->68798575-c94b-44a6-b996-25df487e3c54: receive RaftClientReply:client-3502B0E99E4B->68798575-c94b-44a6-b996-25df487e3c54@group-48C576E544C9, cid=3254, SUCCESS, logIndex=4904, commits[68798575-c94b-44a6-b996-25df487e3c54:c4904, 9ec8ead9-888e-415b-b04c-32cd2c26f792:c4901, 84ef4577-07e0-4c8d-900e-d449eb7bf65d:c4901]
2019-07-10 10:04:07,739 INFO  client.GrpcClientProtocolClient (GrpcClientProtocolClient.java:onNext(255)) - client-3502B0E99E4B->68798575-c94b-44a6-b996-25df487e3c54: receive RaftClientReply:client-3502B0E99E4B->68798575-c94b-44a6-b996-25df487e3c54@group-48C576E544C9, cid=3255, SUCCESS, logIndex=4907, commits[68798575-c94b-44a6-b996-25df487e3c54:c4908, 9ec8ead9-888e-415b-b04c-32cd2c26f792:c4904, 84ef4577-07e0-4c8d-900e-d449eb7bf65d:c4904]
2019-07-10 10:04:07,739 INFO  client.GrpcClientProtocolClient (GrpcClientProtocolClient.java:onNext(255)) - client-3502B0E99E4B->68798575-c94b-44a6-b996-25df487e3c54: receive RaftClientReply:client-3502B0E99E4B->68798575-c94b-44a6-b996-25df487e3c54@group-48C576E544C9, cid=3256, SUCCESS, logIndex=4908, commits[68798575-c94b-44a6-b996-25df487e3c54:c4908, 9ec8ead9-888e-415b-b04c-32cd2c26f792:c4904, 84ef4577-07e0-4c8d-900e-d449eb7bf65d:c4904]
2019-07-10 10:04:07,763 INFO  client.GrpcClientProtocolClient (GrpcClientProtocolClient.java:onNext(255)) - client-3502B0E99E4B->68798575-c94b-44a6-b996-25df487e3c54: receive RaftClientReply:client-3502B0E99E4B->68798575-c94b-44a6-b996-25df487e3c54@group-48C576E544C9, cid=3257, SUCCESS, logIndex=0, commits[68798575-c94b-44a6-b996-25df487e3c54:c4910, 9ec8ead9-888e-415b-b04c-32cd2c26f792:c4908, 84ef4577-07e0-4c8d-900e-d449eb7bf65d:c4908]
2019-07-10 10:04:07,798 INFO  client.GrpcClientProtocolClient (GrpcClientProtocolClient.java:onNext(255)) - client-3502B0E99E4B->68798575-c94b-44a6-b996-25df487e3c54: receive RaftClientReply:client-3502B0E99E4B->68798575-c94b-44a6-b996-25df487e3c54@group-48C576E544C9, cid=3258, SUCCESS, logIndex=4911, commits[68798575-c94b-44a6-b996-25df487e3c54:c4912, 9ec8ead9-888e-415b-b04c-32cd2c26f792:c4910, 84ef4577-07e0-4c8d-900e-d449eb7bf65d:c4910]
2019-07-10 10:04:07,799 INFO  client.GrpcClientProtocolClient (GrpcClientProtocolClient.java:onNext(255)) - client-3502B0E99E4B->68798575-c94b-44a6-b996-25df487e3c54: receive RaftClientReply:client-3502B0E99E4B->68798575-c94b-44a6-b996-25df487e3c54@group-48C576E544C9, cid=3259, SUCCESS, logIndex=4912, commits[68798575-c94b-44a6-b996-25df487e3c54:c4912, 9ec8ead9-888e-415b-b04c-32cd2c26f792:c4910, 84ef4577-07e0-4c8d-900e-d449eb7bf65d:c4910]
2019-07-10 10:04:07,811 INFO  client.GrpcClientProtocolClient (GrpcClientProtocolClient.java:onNext(255)) - client-3502B0E99E4B->68798575-c94b-44a6-b996-25df487e3c54: receive RaftClientReply:client-3502B0E99E4B->68798575-c94b-44a6-b996-25df487e3c54@group-48C576E544C9, cid=3260, SUCCESS, logIndex=4913, commits[68798575-c94b-44a6-b996-25df487e3c54:c4914, 9ec8ead9-888e-415b-b04c-32cd2c26f792:c4910, 84ef4577-07e0-4c8d-900e-d449eb7bf65d:c4910]
2019-07-10 10:04:07,811 INFO  client.GrpcClientProtocolClient (GrpcClientProtocolClient.java:onNext(255)) - client-3502B0E99E4B->68798575-c94b-44a6-b996-25df487e3c54: receive RaftClientReply:client-3502B0E99E4B->68798575-c94b-44a6-b996-25df487e3c54@group-48C576E544C9, cid=3261, SUCCESS, logIndex=4914, commits[68798575-c94b-44a6-b996-25df487e3c54:c4914, 9ec8ead9-888e-415b-b04c-32cd2c26f792:c4910, 84ef4577-07e0-4c8d-900e-d449eb7bf65d:c4910]
2019-07-10 10:04:07,824 INFO  client.GrpcClientProtocolClient (GrpcClientProtocolClient.java:onNext(255)) - client-3502B0E99E4B->68798575-c94b-44a6-b996-25df487e3c54: receive RaftClientReply:client-3502B0E99E4B->68798575-c94b-44a6-b996-25df487e3c54@group-48C576E544C9, cid=3262, SUCCESS, logIndex=0, commits[68798575-c94b-44a6-b996-25df487e3c54:c4916, 9ec8ead9-888e-415b-b04c-32cd2c26f792:c4912, 84ef4577-07e0-4c8d-900e-d449eb7bf65d:c4912]
2019-07-10 10:04:07,848 INFO  client.GrpcClientProtocolClient (GrpcClientProtocolClient.java:onNext(255)) - client-3502B0E99E4B->68798575-c94b-44a6-b996-25df487e3c54: receive RaftClientReply:client-3502B0E99E4B->68798575-c94b-44a6-b996-25df487e3c54@group-48C576E544C9, cid=3263, SUCCESS, logIndex=4919, commits[68798575-c94b-44a6-b996-25df487e3c54:c4920, 9ec8ead9-888e-415b-b04c-32cd2c26f792:c4916, 84ef4577-07e0-4c8d-900e-d449eb7bf65d:c4916]
2019-07-10 10:04:07,848 INFO  client.GrpcClientProtocolClient (GrpcClientProtocolClient.java:onNext(255)) - client-3502B0E99E4B->68798575-c94b-44a6-b996-25df487e3c54: receive RaftClientReply:client-3502B0E99E4B->68798575-c94b-44a6-b996-25df487e3c54@group-48C576E544C9, cid=3264, SUCCESS, logIndex=4920, commits[68798575-c94b-44a6-b996-25df487e3c54:c4920, 9ec8ead9-888e-415b-b04c-32cd2c26f792:c4916, 84ef4577-07e0-4c8d-900e-d449eb7bf65d:c4916]
2019-07-10 10:04:07,869 INFO  client.GrpcClientProtocolClient (GrpcClientProtocolClient.java:onNext(255)) - client-3502B0E99E4B->68798575-c94b-44a6-b996-25df487e3c54: receive RaftClientReply:client-3502B0E99E4B->68798575-c94b-44a6-b996-25df487e3c54@group-48C576E544C9, cid=3265, SUCCESS, logIndex=4923, commits[68798575-c94b-44a6-b996-25df487e3c54:c4924, 9ec8ead9-888e-415b-b04c-32cd2c26f792:c4920, 84ef4577-07e0-4c8d-900e-d449eb7bf65d:c4920]
2019-07-10 10:04:07,870 INFO  client.GrpcClientProtocolClient (GrpcClientProtocolClient.java:onNext(255)) - client-3502B0E99E4B->68798575-c94b-44a6-b996-25df487e3c54: receive RaftClientReply:client-3502B0E99E4B->68798575-c94b-44a6-b996-25df487e3c54@group-48C576E544C9, cid=3266, SUCCESS, logIndex=4924, commits[68798575-c94b-44a6-b996-25df487e3c54:c4924, 9ec8ead9-888e-415b-b04c-32cd2c26f792:c4920, 84ef4577-07e0-4c8d-900e-d449eb7bf65d:c4920]
2019-07-10 10:04:07,884 INFO  client.GrpcClientProtocolClient (GrpcClientProtocolClient.java:onNext(255)) - client-3502B0E99E4B->68798575-c94b-44a6-b996-25df487e3c54: receive RaftClientReply:client-3502B0E99E4B->68798575-c94b-44a6-b996-25df487e3c54@group-48C576E544C9, cid=3267, SUCCESS, logIndex=0, commits[68798575-c94b-44a6-b996-25df487e3c54:c4926, 9ec8ead9-888e-415b-b04c-32cd2c26f792:c4924, 84ef4577-07e0-4c8d-900e-d449eb7bf65d:c4924]
2019-07-10 10:04:07,918 INFO  client.GrpcClientProtocolClient (GrpcClientProtocolClient.java:onNext(255)) - client-3502B0E99E4B->68798575-c94b-44a6-b996-25df487e3c54: receive RaftClientReply:client-3502B0E99E4B->68798575-c94b-44a6-b996-25df487e3c54@group-48C576E544C9, cid=3268, SUCCESS, logIndex=4927, commits[68798575-c94b-44a6-b996-25df487e3c54:c4928, 9ec8ead9-888e-415b-b04c-32cd2c26f792:c4926, 84ef4577-07e0-4c8d-900e-d449eb7bf65d:c4926]
2019-07-10 10:04:07,918 INFO  client.GrpcClientProtocolClient (GrpcClientProtocolClient.java:onNext(255)) - client-3502B0E99E4B->68798575-c94b-44a6-b996-25df487e3c54: receive RaftClientReply:client-3502B0E99E4B->68798575-c94b-44a6-b996-25df487e3c54@group-48C576E544C9, cid=3269, SUCCESS, logIndex=4928, commits[68798575-c94b-44a6-b996-25df487e3c54:c4928, 9ec8ead9-888e-415b-b04c-32cd2c26f792:c4926, 84ef4577-07e0-4c8d-900e-d449eb7bf65d:c4926]
2019-07-10 10:04:07,919 INFO  client.GrpcClientProtocolClient (GrpcClientProtocolClient.java:onNext(255)) - client-3502B0E99E4B->68798575-c94b-44a6-b996-25df487e3c54: receive RaftClientReply:client-3502B0E99E4B->68798575-c94b-44a6-b996-25df487e3c54@group-48C576E544C9, cid=3270, SUCCESS, logIndex=4929, commits[68798575-c94b-44a6-b996-25df487e3c54:c4930, 9ec8ead9-888e-415b-b04c-32cd2c26f792:c4926, 84ef4577-07e0-4c8d-900e-d449eb7bf65d:c4926]
2019-07-10 10:04:07,919 INFO  client.GrpcClientProtocolClient (GrpcClientProtocolClient.java:onNext(255)) - client-3502B0E99E4B->68798575-c94b-44a6-b996-25df487e3c54: receive RaftClientReply:client-3502B0E99E4B->68798575-c94b-44a6-b996-25df487e3c54@group-48C576E544C9, cid=3271, SUCCESS, logIndex=4930, commits[68798575-c94b-44a6-b996-25df487e3c54:c4930, 9ec8ead9-888e-415b-b04c-32cd2c26f792:c4926, 84ef4577-07e0-4c8d-900e-d449eb7bf65d:c4926]
2019-07-10 10:04:07,932 INFO  client.GrpcClientProtocolClient (GrpcClientProtocolClient.java:onNext(255)) - client-3502B0E99E4B->68798575-c94b-44a6-b996-25df487e3c54: receive RaftClientReply:client-3502B0E99E4B->68798575-c94b-44a6-b996-25df487e3c54@group-48C576E544C9, cid=3272, SUCCESS, logIndex=0, commits[68798575-c94b-44a6-b996-25df487e3c54:c4932, 9ec8ead9-888e-415b-b04c-32cd2c26f792:c4928, 84ef4577-07e0-4c8d-900e-d449eb7bf65d:c4928]
 0.00% |█                                                                                                    |  0/1 Time: 0:00:312019-07-10 10:04:07,979 INFO  client.GrpcClientProtocolClient (GrpcClientProtocolClient.java:onNext(255)) - client-3502B0E99E4B->68798575-c94b-44a6-b996-25df487e3c54: receive RaftClientReply:client-3502B0E99E4B->68798575-c94b-44a6-b996-25df487e3c54@group-48C576E544C9, cid=3273, SUCCESS, logIndex=4935, commits[68798575-c94b-44a6-b996-25df487e3c54:c4936, 9ec8ead9-888e-415b-b04c-32cd2c26f792:c4930, 84ef4577-07e0-4c8d-900e-d449eb7bf65d:c4934]
2019-07-10 10:04:07,980 INFO  client.GrpcClientProtocolClient (GrpcClientProtocolClient.java:onNext(255)) - client-3502B0E99E4B->68798575-c94b-44a6-b996-25df487e3c54: receive RaftClientReply:client-3502B0E99E4B->68798575-c94b-44a6-b996-25df487e3c54@group-48C576E544C9, cid=3274, SUCCESS, logIndex=4936, commits[68798575-c94b-44a6-b996-25df487e3c54:c4936, 9ec8ead9-888e-415b-b04c-32cd2c26f792:c4934, 84ef4577-07e0-4c8d-900e-d449eb7bf65d:c4934]
2019-07-10 10:04:08,004 INFO  client.GrpcClientProtocolClient (GrpcClientProtocolClient.java:onNext(255)) - client-3502B0E99E4B->68798575-c94b-44a6-b996-25df487e3c54: receive RaftClientReply:client-3502B0E99E4B->68798575-c94b-44a6-b996-25df487e3c54@group-48C576E544C9, cid=3275, SUCCESS, logIndex=4939, commits[68798575-c94b-44a6-b996-25df487e3c54:c4940, 9ec8ead9-888e-415b-b04c-32cd2c26f792:c4936, 84ef4577-07e0-4c8d-900e-d449eb7bf65d:c4936]
2019-07-10 10:04:08,004 INFO  client.GrpcClientProtocolClient (GrpcClientProtocolClient.java:onNext(255)) - client-3502B0E99E4B->68798575-c94b-44a6-b996-25df487e3c54: receive RaftClientReply:client-3502B0E99E4B->68798575-c94b-44a6-b996-25df487e3c54@group-48C576E544C9, cid=3276, SUCCESS, logIndex=4940, commits[68798575-c94b-44a6-b996-25df487e3c54:c4940, 9ec8ead9-888e-415b-b04c-32cd2c26f792:c4936, 84ef4577-07e0-4c8d-900e-d449eb7bf65d:c4936]
2019-07-10 10:04:08,005 INFO  client.GrpcClientProtocolClient (GrpcClientProtocolClient.java:onNext(255)) - client-3502B0E99E4B->68798575-c94b-44a6-b996-25df487e3c54: receive RaftClientReply:client-3502B0E99E4B->68798575-c94b-44a6-b996-25df487e3c54@group-48C576E544C9, cid=3277, SUCCESS, logIndex=0, commits[68798575-c94b-44a6-b996-25df487e3c54:c4941, 9ec8ead9-888e-415b-b04c-32cd2c26f792:c4940, 84ef4577-07e0-4c8d-900e-d449eb7bf65d:c4940]
2019-07-10 10:04:08,043 INFO  client.GrpcClientProtocolClient (GrpcClientProtocolClient.java:onNext(255)) - client-3502B0E99E4B->68798575-c94b-44a6-b996-25df487e3c54: receive RaftClientReply:client-3502B0E99E4B->68798575-c94b-44a6-b996-25df487e3c54@group-48C576E544C9, cid=3278, SUCCESS, logIndex=4943, commits[68798575-c94b-44a6-b996-25df487e3c54:c4944, 9ec8ead9-888e-415b-b04c-32cd2c26f792:c4942, 84ef4577-07e0-4c8d-900e-d449eb7bf65d:c4942]
2019-07-10 10:04:08,044 INFO  client.GrpcClientProtocolClient (GrpcClientProtocolClient.java:onNext(255)) - client-3502B0E99E4B->68798575-c94b-44a6-b996-25df487e3c54: receive RaftClientReply:client-3502B0E99E4B->68798575-c94b-44a6-b996-25df487e3c54@group-48C576E544C9, cid=3279, SUCCESS, logIndex=4944, commits[68798575-c94b-44a6-b996-25df487e3c54:c4944, 9ec8ead9-888e-415b-b04c-32cd2c26f792:c4942, 84ef4577-07e0-4c8d-900e-d449eb7bf65d:c4942]
2019-07-10 10:04:08,053 INFO  client.GrpcClientProtocolClient (GrpcClientProtocolClient.java:onNext(255)) - client-3502B0E99E4B->68798575-c94b-44a6-b996-25df487e3c54: receive RaftClientReply:client-3502B0E99E4B->68798575-c94b-44a6-b996-25df487e3c54@group-48C576E544C9, cid=3280, SUCCESS, logIndex=4945, commits[68798575-c94b-44a6-b996-25df487e3c54:c4946, 9ec8ead9-888e-415b-b04c-32cd2c26f792:c4942, 84ef4577-07e0-4c8d-900e-d449eb7bf65d:c4942]
2019-07-10 10:04:08,053 INFO  client.GrpcClientProtocolClient (GrpcClientProtocolClient.java:onNext(255)) - client-3502B0E99E4B->68798575-c94b-44a6-b996-25df487e3c54: receive RaftClientReply:client-3502B0E99E4B->68798575-c94b-44a6-b996-25df487e3c54@group-48C576E544C9, cid=3281, SUCCESS, logIndex=4946, commits[68798575-c94b-44a6-b996-25df487e3c54:c4946, 9ec8ead9-888e-415b-b04c-32cd2c26f792:c4942, 84ef4577-07e0-4c8d-900e-d449eb7bf65d:c4942]
2019-07-10 10:04:08,055 INFO  client.GrpcClientProtocolClient (GrpcClientProtocolClient.java:onNext(255)) - client-3502B0E99E4B->68798575-c94b-44a6-b996-25df487e3c54: receive RaftClientReply:client-3502B0E99E4B->68798575-c94b-44a6-b996-25df487e3c54@group-48C576E544C9, cid=3282, SUCCESS, logIndex=0, commits[68798575-c94b-44a6-b996-25df487e3c54:c4946, 9ec8ead9-888e-415b-b04c-32cd2c26f792:c4944, 84ef4577-07e0-4c8d-900e-d449eb7bf65d:c4944]
2019-07-10 10:04:08,082 INFO  client.GrpcClientProtocolClient (GrpcClientProtocolClient.java:onNext(255)) - client-3502B0E99E4B->68798575-c94b-44a6-b996-25df487e3c54: receive RaftClientReply:client-3502B0E99E4B->68798575-c94b-44a6-b996-25df487e3c54@group-48C576E544C9, cid=3283, SUCCESS, logIndex=4951, commits[68798575-c94b-44a6-b996-25df487e3c54:c4952, 9ec8ead9-888e-415b-b04c-32cd2c26f792:c4946, 84ef4577-07e0-4c8d-900e-d449eb7bf65d:c4946]
2019-07-10 10:04:08,082 INFO  client.GrpcClientProtocolClient (GrpcClientProtocolClient.java:onNext(255)) - client-3502B0E99E4B->68798575-c94b-44a6-b996-25df487e3c54: receive RaftClientReply:client-3502B0E99E4B->68798575-c94b-44a6-b996-25df487e3c54@group-48C576E544C9, cid=3284, SUCCESS, logIndex=4952, commits[68798575-c94b-44a6-b996-25df487e3c54:c4952, 9ec8ead9-888e-415b-b04c-32cd2c26f792:c4946, 84ef4577-07e0-4c8d-900e-d449eb7bf65d:c4946]
2019-07-10 10:04:08,104 INFO  client.GrpcClientProtocolClient (GrpcClientProtocolClient.java:onNext(255)) - client-3502B0E99E4B->68798575-c94b-44a6-b996-25df487e3c54: receive RaftClientReply:client-3502B0E99E4B->68798575-c94b-44a6-b996-25df487e3c54@group-48C576E544C9, cid=3285, SUCCESS, logIndex=4955, commits[68798575-c94b-44a6-b996-25df487e3c54:c4956, 9ec8ead9-888e-415b-b04c-32cd2c26f792:c4952, 84ef4577-07e0-4c8d-900e-d449eb7bf65d:c4952]
2019-07-10 10:04:08,104 INFO  client.GrpcClientProtocolClient (GrpcClientProtocolClient.java:onNext(255)) - client-3502B0E99E4B->68798575-c94b-44a6-b996-25df487e3c54: receive RaftClientReply:client-3502B0E99E4B->68798575-c94b-44a6-b996-25df487e3c54@group-48C576E544C9, cid=3286, SUCCESS, logIndex=4956, commits[68798575-c94b-44a6-b996-25df487e3c54:c4956, 9ec8ead9-888e-415b-b04c-32cd2c26f792:c4952, 84ef4577-07e0-4c8d-900e-d449eb7bf65d:c4952]
2019-07-10 10:04:08,690 INFO  client.GrpcClientProtocolClient (GrpcClientProtocolClient.java:onNext(255)) - client-3502B0E99E4B->68798575-c94b-44a6-b996-25df487e3c54: receive RaftClientReply:client-3502B0E99E4B->68798575-c94b-44a6-b996-25df487e3c54@group-48C576E544C9, cid=3287, SUCCESS, logIndex=0, commits[68798575-c94b-44a6-b996-25df487e3c54:c4958, 9ec8ead9-888e-415b-b04c-32cd2c26f792:c4956, 84ef4577-07e0-4c8d-900e-d449eb7bf65d:c4956]
2019-07-10 10:04:08,697 WARN  util.JavaUtils (JavaUtils.java:sleep(250)) - Unexpected long sleep: sleep(1032ms) actually took 1422ms which is over the threshold 300ms
2019-07-10 10:04:08,727 INFO  client.GrpcClientProtocolClient (GrpcClientProtocolClient.java:onNext(255)) - client-3502B0E99E4B->68798575-c94b-44a6-b996-25df487e3c54: receive RaftClientReply:client-3502B0E99E4B->68798575-c94b-44a6-b996-25df487e3c54@group-48C576E544C9, cid=3288, SUCCESS, logIndex=4959, commits[68798575-c94b-44a6-b996-25df487e3c54:c4961, 9ec8ead9-888e-415b-b04c-32cd2c26f792:c4958, 84ef4577-07e0-4c8d-900e-d449eb7bf65d:c4958]
2019-07-10 10:04:08,728 INFO  client.GrpcClientProtocolClient (GrpcClientProtocolClient.java:onNext(255)) - client-3502B0E99E4B->68798575-c94b-44a6-b996-25df487e3c54: receive RaftClientReply:client-3502B0E99E4B->68798575-c94b-44a6-b996-25df487e3c54@group-48C576E544C9, cid=3289, SUCCESS, logIndex=4960, commits[68798575-c94b-44a6-b996-25df487e3c54:c4962, 9ec8ead9-888e-415b-b04c-32cd2c26f792:c4958, 84ef4577-07e0-4c8d-900e-d449eb7bf65d:c4958]
2019-07-10 10:04:08,728 INFO  client.GrpcClientProtocolClient (GrpcClientProtocolClient.java:onNext(255)) - client-3502B0E99E4B->68798575-c94b-44a6-b996-25df487e3c54: receive RaftClientReply:client-3502B0E99E4B->68798575-c94b-44a6-b996-25df487e3c54@group-48C576E544C9, cid=3290, SUCCESS, logIndex=4961, commits[68798575-c94b-44a6-b996-25df487e3c54:c4962, 9ec8ead9-888e-415b-b04c-32cd2c26f792:c4958, 84ef4577-07e0-4c8d-900e-d449eb7bf65d:c4958]
2019-07-10 10:04:08,728 INFO  client.GrpcClientProtocolClient (GrpcClientProtocolClient.java:onNext(255)) - client-3502B0E99E4B->68798575-c94b-44a6-b996-25df487e3c54: receive RaftClientReply:client-3502B0E99E4B->68798575-c94b-44a6-b996-25df487e3c54@group-48C576E544C9, cid=3291, SUCCESS, logIndex=4962, commits[68798575-c94b-44a6-b996-25df487e3c54:c4962, 9ec8ead9-888e-415b-b04c-32cd2c26f792:c4958, 84ef4577-07e0-4c8d-900e-d449eb7bf65d:c4958]
2019-07-10 10:04:08,742 INFO  client.GrpcClientProtocolClient (GrpcClientProtocolClient.java:onNext(255)) - client-3502B0E99E4B->68798575-c94b-44a6-b996-25df487e3c54: receive RaftClientReply:client-3502B0E99E4B->68798575-c94b-44a6-b996-25df487e3c54@group-48C576E544C9, cid=3292, SUCCESS, logIndex=0, commits[68798575-c94b-44a6-b996-25df487e3c54:c4966, 9ec8ead9-888e-415b-b04c-32cd2c26f792:c4962, 84ef4577-07e0-4c8d-900e-d449eb7bf65d:c4960]
2019-07-10 10:04:08,763 INFO  client.GrpcClientProtocolClient (GrpcClientProtocolClient.java:onNext(255)) - client-3502B0E99E4B->68798575-c94b-44a6-b996-25df487e3c54: receive RaftClientReply:client-3502B0E99E4B->68798575-c94b-44a6-b996-25df487e3c54@group-48C576E544C9, cid=3293, SUCCESS, logIndex=4967, commits[68798575-c94b-44a6-b996-25df487e3c54:c4968, 9ec8ead9-888e-415b-b04c-32cd2c26f792:c4966, 84ef4577-07e0-4c8d-900e-d449eb7bf65d:c4966]
2019-07-10 10:04:08,764 INFO  client.GrpcClientProtocolClient (GrpcClientProtocolClient.java:onNext(255)) - client-3502B0E99E4B->68798575-c94b-44a6-b996-25df487e3c54: receive RaftClientReply:client-3502B0E99E4B->68798575-c94b-44a6-b996-25df487e3c54@group-48C576E544C9, cid=3294, SUCCESS, logIndex=4968, commits[68798575-c94b-44a6-b996-25df487e3c54:c4968, 9ec8ead9-888e-415b-b04c-32cd2c26f792:c4966, 84ef4577-07e0-4c8d-900e-d449eb7bf65d:c4966]
2019-07-10 10:04:08,790 INFO  client.GrpcClientProtocolClient (GrpcClientProtocolClient.java:onNext(255)) - client-3502B0E99E4B->68798575-c94b-44a6-b996-25df487e3c54: receive RaftClientReply:client-3502B0E99E4B->68798575-c94b-44a6-b996-25df487e3c54@group-48C576E544C9, cid=3295, SUCCESS, logIndex=4971, commits[68798575-c94b-44a6-b996-25df487e3c54:c4972, 9ec8ead9-888e-415b-b04c-32cd2c26f792:c4968, 84ef4577-07e0-4c8d-900e-d449eb7bf65d:c4968]
2019-07-10 10:04:08,790 INFO  client.GrpcClientProtocolClient (GrpcClientProtocolClient.java:onNext(255)) - client-3502B0E99E4B->68798575-c94b-44a6-b996-25df487e3c54: receive RaftClientReply:client-3502B0E99E4B->68798575-c94b-44a6-b996-25df487e3c54@group-48C576E544C9, cid=3296, SUCCESS, logIndex=4972, commits[68798575-c94b-44a6-b996-25df487e3c54:c4972, 9ec8ead9-888e-415b-b04c-32cd2c26f792:c4968, 84ef4577-07e0-4c8d-900e-d449eb7bf65d:c4968]
2019-07-10 10:04:08,816 INFO  client.GrpcClientProtocolClient (GrpcClientProtocolClient.java:onNext(255)) - client-3502B0E99E4B->68798575-c94b-44a6-b996-25df487e3c54: receive RaftClientReply:client-3502B0E99E4B->68798575-c94b-44a6-b996-25df487e3c54@group-48C576E544C9, cid=3297, SUCCESS, logIndex=0, commits[68798575-c94b-44a6-b996-25df487e3c54:c4974, 9ec8ead9-888e-415b-b04c-32cd2c26f792:c4972, 84ef4577-07e0-4c8d-900e-d449eb7bf65d:c4972]
2019-07-10 10:04:08,848 INFO  client.GrpcClientProtocolClient (GrpcClientProtocolClient.java:onNext(255)) - client-3502B0E99E4B->68798575-c94b-44a6-b996-25df487e3c54: receive RaftClientReply:client-3502B0E99E4B->68798575-c94b-44a6-b996-25df487e3c54@group-48C576E544C9, cid=3298, SUCCESS, logIndex=4975, commits[68798575-c94b-44a6-b996-25df487e3c54:c4976, 9ec8ead9-888e-415b-b04c-32cd2c26f792:c4974, 84ef4577-07e0-4c8d-900e-d449eb7bf65d:c4974]
2019-07-10 10:04:08,848 INFO  client.GrpcClientProtocolClient (GrpcClientProtocolClient.java:onNext(255)) - client-3502B0E99E4B->68798575-c94b-44a6-b996-25df487e3c54: receive RaftClientReply:client-3502B0E99E4B->68798575-c94b-44a6-b996-25df487e3c54@group-48C576E544C9, cid=3299, SUCCESS, logIndex=4976, commits[68798575-c94b-44a6-b996-25df487e3c54:c4976, 9ec8ead9-888e-415b-b04c-32cd2c26f792:c4974, 84ef4577-07e0-4c8d-900e-d449eb7bf65d:c4974]
2019-07-10 10:04:08,858 INFO  client.GrpcClientProtocolClient (GrpcClientProtocolClient.java:onNext(255)) - client-3502B0E99E4B->68798575-c94b-44a6-b996-25df487e3c54: receive RaftClientReply:client-3502B0E99E4B->68798575-c94b-44a6-b996-25df487e3c54@group-48C576E544C9, cid=3300, SUCCESS, logIndex=4977, commits[68798575-c94b-44a6-b996-25df487e3c54:c4978, 9ec8ead9-888e-415b-b04c-32cd2c26f792:c4974, 84ef4577-07e0-4c8d-900e-d449eb7bf65d:c4974]
2019-07-10 10:04:08,858 INFO  client.GrpcClientProtocolClient (GrpcClientProtocolClient.java:onNext(255)) - client-3502B0E99E4B->68798575-c94b-44a6-b996-25df487e3c54: receive RaftClientReply:client-3502B0E99E4B->68798575-c94b-44a6-b996-25df487e3c54@group-48C576E544C9, cid=3301, SUCCESS, logIndex=4978, commits[68798575-c94b-44a6-b996-25df487e3c54:c4978, 9ec8ead9-888e-415b-b04c-32cd2c26f792:c4974, 84ef4577-07e0-4c8d-900e-d449eb7bf65d:c4974]
2019-07-10 10:04:08,878 INFO  client.GrpcClientProtocolClient (GrpcClientProtocolClient.java:onNext(255)) - client-3502B0E99E4B->68798575-c94b-44a6-b996-25df487e3c54: receive RaftClientReply:client-3502B0E99E4B->68798575-c94b-44a6-b996-25df487e3c54@group-48C576E544C9, cid=3302, SUCCESS, logIndex=0, commits[68798575-c94b-44a6-b996-25df487e3c54:c4981, 9ec8ead9-888e-415b-b04c-32cd2c26f792:c4976, 84ef4577-07e0-4c8d-900e-d449eb7bf65d:c4978]
2019-07-10 10:04:08,898 INFO  client.GrpcClientProtocolClient (GrpcClientProtocolClient.java:onNext(255)) - client-3502B0E99E4B->68798575-c94b-44a6-b996-25df487e3c54: receive RaftClientReply:client-3502B0E99E4B->68798575-c94b-44a6-b996-25df487e3c54@group-48C576E544C9, cid=3303, SUCCESS, logIndex=4982, commits[68798575-c94b-44a6-b996-25df487e3c54:c4982, 9ec8ead9-888e-415b-b04c-32cd2c26f792:c4981, 84ef4577-07e0-4c8d-900e-d449eb7bf65d:c4981]
2019-07-10 10:04:08,899 INFO  client.GrpcClientProtocolClient (GrpcClientProtocolClient.java:onNext(255)) - client-3502B0E99E4B->68798575-c94b-44a6-b996-25df487e3c54: receive RaftClientReply:client-3502B0E99E4B->68798575-c94b-44a6-b996-25df487e3c54@group-48C576E544C9, cid=3304, SUCCESS, logIndex=4983, commits[68798575-c94b-44a6-b996-25df487e3c54:c4983, 9ec8ead9-888e-415b-b04c-32cd2c26f792:c4981, 84ef4577-07e0-4c8d-900e-d449eb7bf65d:c4981]
2019-07-10 10:04:08,932 INFO  client.GrpcClientProtocolClient (GrpcClientProtocolClient.java:onNext(255)) - client-3502B0E99E4B->68798575-c94b-44a6-b996-25df487e3c54: receive RaftClientReply:client-3502B0E99E4B->68798575-c94b-44a6-b996-25df487e3c54@group-48C576E544C9, cid=3305, SUCCESS, logIndex=4986, commits[68798575-c94b-44a6-b996-25df487e3c54:c4986, 9ec8ead9-888e-415b-b04c-32cd2c26f792:c4983, 84ef4577-07e0-4c8d-900e-d449eb7bf65d:c4984]
2019-07-10 10:04:08,932 INFO  client.GrpcClientProtocolClient (GrpcClientProtocolClient.java:onNext(255)) - client-3502B0E99E4B->68798575-c94b-44a6-b996-25df487e3c54: receive RaftClientReply:client-3502B0E99E4B->68798575-c94b-44a6-b996-25df487e3c54@group-48C576E544C9, cid=3306, SUCCESS, logIndex=4987, commits[68798575-c94b-44a6-b996-25df487e3c54:c4987, 9ec8ead9-888e-415b-b04c-32cd2c26f792:c4984, 84ef4577-07e0-4c8d-900e-d449eb7bf65d:c4984]
2019-07-10 10:04:08,944 INFO  client.GrpcClientProtocolClient (GrpcClientProtocolClient.java:onNext(255)) - client-3502B0E99E4B->68798575-c94b-44a6-b996-25df487e3c54: receive RaftClientReply:client-3502B0E99E4B->68798575-c94b-44a6-b996-25df487e3c54@group-48C576E544C9, cid=3307, SUCCESS, logIndex=0, commits[68798575-c94b-44a6-b996-25df487e3c54:c4989, 9ec8ead9-888e-415b-b04c-32cd2c26f792:c4987, 84ef4577-07e0-4c8d-900e-d449eb7bf65d:c4987]
 0.00% |█                                                                                                    |  0/1 Time: 0:00:322019-07-10 10:04:08,983 INFO  client.GrpcClientProtocolClient (GrpcClientProtocolClient.java:onNext(255)) - client-3502B0E99E4B->68798575-c94b-44a6-b996-25df487e3c54: receive RaftClientReply:client-3502B0E99E4B->68798575-c94b-44a6-b996-25df487e3c54@group-48C576E544C9, cid=3308, SUCCESS, logIndex=4990, commits[68798575-c94b-44a6-b996-25df487e3c54:c4991, 9ec8ead9-888e-415b-b04c-32cd2c26f792:c4989, 84ef4577-07e0-4c8d-900e-d449eb7bf65d:c4989]
2019-07-10 10:04:08,984 INFO  client.GrpcClientProtocolClient (GrpcClientProtocolClient.java:onNext(255)) - client-3502B0E99E4B->68798575-c94b-44a6-b996-25df487e3c54: receive RaftClientReply:client-3502B0E99E4B->68798575-c94b-44a6-b996-25df487e3c54@group-48C576E544C9, cid=3309, SUCCESS, logIndex=4991, commits[68798575-c94b-44a6-b996-25df487e3c54:c4991, 9ec8ead9-888e-415b-b04c-32cd2c26f792:c4989, 84ef4577-07e0-4c8d-900e-d449eb7bf65d:c4989]
2019-07-10 10:04:08,994 INFO  client.GrpcClientProtocolClient (GrpcClientProtocolClient.java:onNext(255)) - client-3502B0E99E4B->68798575-c94b-44a6-b996-25df487e3c54: receive RaftClientReply:client-3502B0E99E4B->68798575-c94b-44a6-b996-25df487e3c54@group-48C576E544C9, cid=3310, SUCCESS, logIndex=4992, commits[68798575-c94b-44a6-b996-25df487e3c54:c4993, 9ec8ead9-888e-415b-b04c-32cd2c26f792:c4989, 84ef4577-07e0-4c8d-900e-d449eb7bf65d:c4989]
2019-07-10 10:04:08,994 INFO  client.GrpcClientProtocolClient (GrpcClientProtocolClient.java:onNext(255)) - client-3502B0E99E4B->68798575-c94b-44a6-b996-25df487e3c54: receive RaftClientReply:client-3502B0E99E4B->68798575-c94b-44a6-b996-25df487e3c54@group-48C576E544C9, cid=3311, SUCCESS, logIndex=4993, commits[68798575-c94b-44a6-b996-25df487e3c54:c4993, 9ec8ead9-888e-415b-b04c-32cd2c26f792:c4989, 84ef4577-07e0-4c8d-900e-d449eb7bf65d:c4989]
2019-07-10 10:04:09,005 INFO  client.GrpcClientProtocolClient (GrpcClientProtocolClient.java:onNext(255)) - client-3502B0E99E4B->68798575-c94b-44a6-b996-25df487e3c54: receive RaftClientReply:client-3502B0E99E4B->68798575-c94b-44a6-b996-25df487e3c54@group-48C576E544C9, cid=3312, SUCCESS, logIndex=0, commits[68798575-c94b-44a6-b996-25df487e3c54:c4995, 9ec8ead9-888e-415b-b04c-32cd2c26f792:c4991, 84ef4577-07e0-4c8d-900e-d449eb7bf65d:c4991]
2019-07-10 10:04:09,026 INFO  client.GrpcClientProtocolClient (GrpcClientProtocolClient.java:onNext(255)) - client-3502B0E99E4B->68798575-c94b-44a6-b996-25df487e3c54: receive RaftClientReply:client-3502B0E99E4B->68798575-c94b-44a6-b996-25df487e3c54@group-48C576E544C9, cid=3313, SUCCESS, logIndex=4998, commits[68798575-c94b-44a6-b996-25df487e3c54:c4999, 9ec8ead9-888e-415b-b04c-32cd2c26f792:c4995, 84ef4577-07e0-4c8d-900e-d449eb7bf65d:c4995]
2019-07-10 10:04:09,026 INFO  client.GrpcClientProtocolClient (GrpcClientProtocolClient.java:onNext(255)) - client-3502B0E99E4B->68798575-c94b-44a6-b996-25df487e3c54: receive RaftClientReply:client-3502B0E99E4B->68798575-c94b-44a6-b996-25df487e3c54@group-48C576E544C9, cid=3314, SUCCESS, logIndex=4999, commits[68798575-c94b-44a6-b996-25df487e3c54:c4999, 9ec8ead9-888e-415b-b04c-32cd2c26f792:c4995, 84ef4577-07e0-4c8d-900e-d449eb7bf65d:c4995]
2019-07-10 10:04:09,048 INFO  client.GrpcClientProtocolClient (GrpcClientProtocolClient.java:onNext(255)) - client-3502B0E99E4B->68798575-c94b-44a6-b996-25df487e3c54: receive RaftClientReply:client-3502B0E99E4B->68798575-c94b-44a6-b996-25df487e3c54@group-48C576E544C9, cid=3315, SUCCESS, logIndex=5002, commits[68798575-c94b-44a6-b996-25df487e3c54:c5002, 9ec8ead9-888e-415b-b04c-32cd2c26f792:c4999, 84ef4577-07e0-4c8d-900e-d449eb7bf65d:c4999]
2019-07-10 10:04:09,049 INFO  client.GrpcClientProtocolClient (GrpcClientProtocolClient.java:onNext(255)) - client-3502B0E99E4B->68798575-c94b-44a6-b996-25df487e3c54: receive RaftClientReply:client-3502B0E99E4B->68798575-c94b-44a6-b996-25df487e3c54@group-48C576E544C9, cid=3316, SUCCESS, logIndex=5003, commits[68798575-c94b-44a6-b996-25df487e3c54:c5003, 9ec8ead9-888e-415b-b04c-32cd2c26f792:c4999, 84ef4577-07e0-4c8d-900e-d449eb7bf65d:c4999]
2019-07-10 10:04:09,061 INFO  client.GrpcClientProtocolClient (GrpcClientProtocolClient.java:onNext(255)) - client-3502B0E99E4B->68798575-c94b-44a6-b996-25df487e3c54: receive RaftClientReply:client-3502B0E99E4B->68798575-c94b-44a6-b996-25df487e3c54@group-48C576E544C9, cid=3317, SUCCESS, logIndex=0, commits[68798575-c94b-44a6-b996-25df487e3c54:c5005, 9ec8ead9-888e-415b-b04c-32cd2c26f792:c5003, 84ef4577-07e0-4c8d-900e-d449eb7bf65d:c5003]
2019-07-10 10:04:09,093 INFO  client.GrpcClientProtocolClient (GrpcClientProtocolClient.java:onNext(255)) - client-3502B0E99E4B->68798575-c94b-44a6-b996-25df487e3c54: receive RaftClientReply:client-3502B0E99E4B->68798575-c94b-44a6-b996-25df487e3c54@group-48C576E544C9, cid=3318, SUCCESS, logIndex=5006, commits[68798575-c94b-44a6-b996-25df487e3c54:c5007, 9ec8ead9-888e-415b-b04c-32cd2c26f792:c5005, 84ef4577-07e0-4c8d-900e-d449eb7bf65d:c5005]
2019-07-10 10:04:09,093 INFO  client.GrpcClientProtocolClient (GrpcClientProtocolClient.java:onNext(255)) - client-3502B0E99E4B->68798575-c94b-44a6-b996-25df487e3c54: receive RaftClientReply:client-3502B0E99E4B->68798575-c94b-44a6-b996-25df487e3c54@group-48C576E544C9, cid=3319, SUCCESS, logIndex=5007, commits[68798575-c94b-44a6-b996-25df487e3c54:c5009, 9ec8ead9-888e-415b-b04c-32cd2c26f792:c5005, 84ef4577-07e0-4c8d-900e-d449eb7bf65d:c5005]
2019-07-10 10:04:09,093 INFO  client.GrpcClientProtocolClient (GrpcClientProtocolClient.java:onNext(255)) - client-3502B0E99E4B->68798575-c94b-44a6-b996-25df487e3c54: receive RaftClientReply:client-3502B0E99E4B->68798575-c94b-44a6-b996-25df487e3c54@group-48C576E544C9, cid=3320, SUCCESS, logIndex=5008, commits[68798575-c94b-44a6-b996-25df487e3c54:c5009, 9ec8ead9-888e-415b-b04c-32cd2c26f792:c5005, 84ef4577-07e0-4c8d-900e-d449eb7bf65d:c5005]
2019-07-10 10:04:09,093 INFO  client.GrpcClientProtocolClient (GrpcClientProtocolClient.java:onNext(255)) - client-3502B0E99E4B->68798575-c94b-44a6-b996-25df487e3c54: receive RaftClientReply:client-3502B0E99E4B->68798575-c94b-44a6-b996-25df487e3c54@group-48C576E544C9, cid=3321, SUCCESS, logIndex=5009, commits[68798575-c94b-44a6-b996-25df487e3c54:c5009, 9ec8ead9-888e-415b-b04c-32cd2c26f792:c5005, 84ef4577-07e0-4c8d-900e-d449eb7bf65d:c5005]
2019-07-10 10:04:09,116 INFO  client.GrpcClientProtocolClient (GrpcClientProtocolClient.java:onNext(255)) - client-3502B0E99E4B->68798575-c94b-44a6-b996-25df487e3c54: receive RaftClientReply:client-3502B0E99E4B->68798575-c94b-44a6-b996-25df487e3c54@group-48C576E544C9, cid=3322, SUCCESS, logIndex=0, commits[68798575-c94b-44a6-b996-25df487e3c54:c5011, 9ec8ead9-888e-415b-b04c-32cd2c26f792:c5007, 84ef4577-07e0-4c8d-900e-d449eb7bf65d:c5009]
2019-07-10 10:04:09,139 INFO  client.GrpcClientProtocolClient (GrpcClientProtocolClient.java:onNext(255)) - client-3502B0E99E4B->68798575-c94b-44a6-b996-25df487e3c54: receive RaftClientReply:client-3502B0E99E4B->68798575-c94b-44a6-b996-25df487e3c54@group-48C576E544C9, cid=3323, SUCCESS, logIndex=5014, commits[68798575-c94b-44a6-b996-25df487e3c54:c5015, 9ec8ead9-888e-415b-b04c-32cd2c26f792:c5011, 84ef4577-07e0-4c8d-900e-d449eb7bf65d:c5011]
2019-07-10 10:04:09,139 INFO  client.GrpcClientProtocolClient (GrpcClientProtocolClient.java:onNext(255)) - client-3502B0E99E4B->68798575-c94b-44a6-b996-25df487e3c54: receive RaftClientReply:client-3502B0E99E4B->68798575-c94b-44a6-b996-25df487e3c54@group-48C576E544C9, cid=3324, SUCCESS, logIndex=5015, commits[68798575-c94b-44a6-b996-25df487e3c54:c5015, 9ec8ead9-888e-415b-b04c-32cd2c26f792:c5011, 84ef4577-07e0-4c8d-900e-d449eb7bf65d:c5011]
2019-07-10 10:04:09,169 INFO  client.GrpcClientProtocolClient (GrpcClientProtocolClient.java:onNext(255)) - client-3502B0E99E4B->68798575-c94b-44a6-b996-25df487e3c54: receive RaftClientReply:client-3502B0E99E4B->68798575-c94b-44a6-b996-25df487e3c54@group-48C576E544C9, cid=3325, SUCCESS, logIndex=5018, commits[68798575-c94b-44a6-b996-25df487e3c54:c5019, 9ec8ead9-888e-415b-b04c-32cd2c26f792:c5015, 84ef4577-07e0-4c8d-900e-d449eb7bf65d:c5015]
2019-07-10 10:04:09,170 INFO  client.GrpcClientProtocolClient (GrpcClientProtocolClient.java:onNext(255)) - client-3502B0E99E4B->68798575-c94b-44a6-b996-25df487e3c54: receive RaftClientReply:client-3502B0E99E4B->68798575-c94b-44a6-b996-25df487e3c54@group-48C576E544C9, cid=3326, SUCCESS, logIndex=5019, commits[68798575-c94b-44a6-b996-25df487e3c54:c5019, 9ec8ead9-888e-415b-b04c-32cd2c26f792:c5015, 84ef4577-07e0-4c8d-900e-d449eb7bf65d:c5015]
2019-07-10 10:04:09,184 INFO  client.GrpcClientProtocolClient (GrpcClientProtocolClient.java:onNext(255)) - client-3502B0E99E4B->68798575-c94b-44a6-b996-25df487e3c54: receive RaftClientReply:client-3502B0E99E4B->68798575-c94b-44a6-b996-25df487e3c54@group-48C576E544C9, cid=3327, SUCCESS, logIndex=0, commits[68798575-c94b-44a6-b996-25df487e3c54:c5021, 9ec8ead9-888e-415b-b04c-32cd2c26f792:c5019, 84ef4577-07e0-4c8d-900e-d449eb7bf65d:c5019]
2019-07-10 10:04:09,218 INFO  client.GrpcClientProtocolClient (GrpcClientProtocolClient.java:onNext(255)) - client-3502B0E99E4B->68798575-c94b-44a6-b996-25df487e3c54: receive RaftClientReply:client-3502B0E99E4B->68798575-c94b-44a6-b996-25df487e3c54@group-48C576E544C9, cid=3328, SUCCESS, logIndex=5022, commits[68798575-c94b-44a6-b996-25df487e3c54:c5023, 9ec8ead9-888e-415b-b04c-32cd2c26f792:c5021, 84ef4577-07e0-4c8d-900e-d449eb7bf65d:c5021]
2019-07-10 10:04:09,219 INFO  client.GrpcClientProtocolClient (GrpcClientProtocolClient.java:onNext(255)) - client-3502B0E99E4B->68798575-c94b-44a6-b996-25df487e3c54: receive RaftClientReply:client-3502B0E99E4B->68798575-c94b-44a6-b996-25df487e3c54@group-48C576E544C9, cid=3329, SUCCESS, logIndex=5023, commits[68798575-c94b-44a6-b996-25df487e3c54:c5023, 9ec8ead9-888e-415b-b04c-32cd2c26f792:c5021, 84ef4577-07e0-4c8d-900e-d449eb7bf65d:c5021]
2019-07-10 10:04:09,231 INFO  client.GrpcClientProtocolClient (GrpcClientProtocolClient.java:onNext(255)) - client-3502B0E99E4B->68798575-c94b-44a6-b996-25df487e3c54: receive RaftClientReply:client-3502B0E99E4B->68798575-c94b-44a6-b996-25df487e3c54@group-48C576E544C9, cid=3330, SUCCESS, logIndex=5024, commits[68798575-c94b-44a6-b996-25df487e3c54:c5024, 9ec8ead9-888e-415b-b04c-32cd2c26f792:c5021, 84ef4577-07e0-4c8d-900e-d449eb7bf65d:c5021]
2019-07-10 10:04:09,232 INFO  client.GrpcClientProtocolClient (GrpcClientProtocolClient.java:onNext(255)) - client-3502B0E99E4B->68798575-c94b-44a6-b996-25df487e3c54: receive RaftClientReply:client-3502B0E99E4B->68798575-c94b-44a6-b996-25df487e3c54@group-48C576E544C9, cid=3331, SUCCESS, logIndex=5025, commits[68798575-c94b-44a6-b996-25df487e3c54:c5025, 9ec8ead9-888e-415b-b04c-32cd2c26f792:c5021, 84ef4577-07e0-4c8d-900e-d449eb7bf65d:c5021]
2019-07-10 10:04:09,245 INFO  client.GrpcClientProtocolClient (GrpcClientProtocolClient.java:onNext(255)) - client-3502B0E99E4B->68798575-c94b-44a6-b996-25df487e3c54: receive RaftClientReply:client-3502B0E99E4B->68798575-c94b-44a6-b996-25df487e3c54@group-48C576E544C9, cid=3332, SUCCESS, logIndex=0, commits[68798575-c94b-44a6-b996-25df487e3c54:c5027, 9ec8ead9-888e-415b-b04c-32cd2c26f792:c5023, 84ef4577-07e0-4c8d-900e-d449eb7bf65d:c5023]
2019-07-10 10:04:09,279 INFO  client.GrpcClientProtocolClient (GrpcClientProtocolClient.java:onNext(255)) - client-3502B0E99E4B->68798575-c94b-44a6-b996-25df487e3c54: receive RaftClientReply:client-3502B0E99E4B->68798575-c94b-44a6-b996-25df487e3c54@group-48C576E544C9, cid=3333, SUCCESS, logIndex=5030, commits[68798575-c94b-44a6-b996-25df487e3c54:c5031, 9ec8ead9-888e-415b-b04c-32cd2c26f792:c5027, 84ef4577-07e0-4c8d-900e-d449eb7bf65d:c5027]
2019-07-10 10:04:09,279 INFO  client.GrpcClientProtocolClient (GrpcClientProtocolClient.java:onNext(255)) - client-3502B0E99E4B->68798575-c94b-44a6-b996-25df487e3c54: receive RaftClientReply:client-3502B0E99E4B->68798575-c94b-44a6-b996-25df487e3c54@group-48C576E544C9, cid=3334, SUCCESS, logIndex=5031, commits[68798575-c94b-44a6-b996-25df487e3c54:c5031, 9ec8ead9-888e-415b-b04c-32cd2c26f792:c5027, 84ef4577-07e0-4c8d-900e-d449eb7bf65d:c5027]
2019-07-10 10:04:09,295 INFO  client.GrpcClientProtocolClient (GrpcClientProtocolClient.java:onNext(255)) - client-3502B0E99E4B->68798575-c94b-44a6-b996-25df487e3c54: receive RaftClientReply:client-3502B0E99E4B->68798575-c94b-44a6-b996-25df487e3c54@group-48C576E544C9, cid=3335, SUCCESS, logIndex=5034, commits[68798575-c94b-44a6-b996-25df487e3c54:c5035, 9ec8ead9-888e-415b-b04c-32cd2c26f792:c5031, 84ef4577-07e0-4c8d-900e-d449eb7bf65d:c5031]
2019-07-10 10:04:09,295 INFO  client.GrpcClientProtocolClient (GrpcClientProtocolClient.java:onNext(255)) - client-3502B0E99E4B->68798575-c94b-44a6-b996-25df487e3c54: receive RaftClientReply:client-3502B0E99E4B->68798575-c94b-44a6-b996-25df487e3c54@group-48C576E544C9, cid=3336, SUCCESS, logIndex=5035, commits[68798575-c94b-44a6-b996-25df487e3c54:c5035, 9ec8ead9-888e-415b-b04c-32cd2c26f792:c5031, 84ef4577-07e0-4c8d-900e-d449eb7bf65d:c5031]
2019-07-10 10:04:09,306 INFO  client.GrpcClientProtocolClient (GrpcClientProtocolClient.java:onNext(255)) - client-3502B0E99E4B->68798575-c94b-44a6-b996-25df487e3c54: receive RaftClientReply:client-3502B0E99E4B->68798575-c94b-44a6-b996-25df487e3c54@group-48C576E544C9, cid=3337, SUCCESS, logIndex=0, commits[68798575-c94b-44a6-b996-25df487e3c54:c5036, 9ec8ead9-888e-415b-b04c-32cd2c26f792:c5035, 84ef4577-07e0-4c8d-900e-d449eb7bf65d:c5035]
2019-07-10 10:04:09,340 INFO  client.GrpcClientProtocolClient (GrpcClientProtocolClient.java:onNext(255)) - client-3502B0E99E4B->68798575-c94b-44a6-b996-25df487e3c54: receive RaftClientReply:client-3502B0E99E4B->68798575-c94b-44a6-b996-25df487e3c54@group-48C576E544C9, cid=3338, SUCCESS, logIndex=5037, commits[68798575-c94b-44a6-b996-25df487e3c54:c5038, 9ec8ead9-888e-415b-b04c-32cd2c26f792:c5036, 84ef4577-07e0-4c8d-900e-d449eb7bf65d:c5036]
2019-07-10 10:04:09,341 INFO  client.GrpcClientProtocolClient (GrpcClientProtocolClient.java:onNext(255)) - client-3502B0E99E4B->68798575-c94b-44a6-b996-25df487e3c54: receive RaftClientReply:client-3502B0E99E4B->68798575-c94b-44a6-b996-25df487e3c54@group-48C576E544C9, cid=3339, SUCCESS, logIndex=5038, commits[68798575-c94b-44a6-b996-25df487e3c54:c5039, 9ec8ead9-888e-415b-b04c-32cd2c26f792:c5036, 84ef4577-07e0-4c8d-900e-d449eb7bf65d:c5036]
2019-07-10 10:04:09,341 INFO  client.GrpcClientProtocolClient (GrpcClientProtocolClient.java:onNext(255)) - client-3502B0E99E4B->68798575-c94b-44a6-b996-25df487e3c54: receive RaftClientReply:client-3502B0E99E4B->68798575-c94b-44a6-b996-25df487e3c54@group-48C576E544C9, cid=3340, SUCCESS, logIndex=5039, commits[68798575-c94b-44a6-b996-25df487e3c54:c5040, 9ec8ead9-888e-415b-b04c-32cd2c26f792:c5036, 84ef4577-07e0-4c8d-900e-d449eb7bf65d:c5036]
2019-07-10 10:04:09,341 INFO  client.GrpcClientProtocolClient (GrpcClientProtocolClient.java:onNext(255)) - client-3502B0E99E4B->68798575-c94b-44a6-b996-25df487e3c54: receive RaftClientReply:client-3502B0E99E4B->68798575-c94b-44a6-b996-25df487e3c54@group-48C576E544C9, cid=3341, SUCCESS, logIndex=5040, commits[68798575-c94b-44a6-b996-25df487e3c54:c5040, 9ec8ead9-888e-415b-b04c-32cd2c26f792:c5036, 84ef4577-07e0-4c8d-900e-d449eb7bf65d:c5036]
2019-07-10 10:04:09,361 INFO  client.GrpcClientProtocolClient (GrpcClientProtocolClient.java:onNext(255)) - client-3502B0E99E4B->68798575-c94b-44a6-b996-25df487e3c54: receive RaftClientReply:client-3502B0E99E4B->68798575-c94b-44a6-b996-25df487e3c54@group-48C576E544C9, cid=3342, SUCCESS, logIndex=0, commits[68798575-c94b-44a6-b996-25df487e3c54:c5042, 9ec8ead9-888e-415b-b04c-32cd2c26f792:c5038, 84ef4577-07e0-4c8d-900e-d449eb7bf65d:c5038]
2019-07-10 10:04:09,383 INFO  client.GrpcClientProtocolClient (GrpcClientProtocolClient.java:onNext(255)) - client-3502B0E99E4B->68798575-c94b-44a6-b996-25df487e3c54: receive RaftClientReply:client-3502B0E99E4B->68798575-c94b-44a6-b996-25df487e3c54@group-48C576E544C9, cid=3343, SUCCESS, logIndex=5045, commits[68798575-c94b-44a6-b996-25df487e3c54:c5046, 9ec8ead9-888e-415b-b04c-32cd2c26f792:c5044, 84ef4577-07e0-4c8d-900e-d449eb7bf65d:c5044]
2019-07-10 10:04:09,383 INFO  client.GrpcClientProtocolClient (GrpcClientProtocolClient.java:onNext(255)) - client-3502B0E99E4B->68798575-c94b-44a6-b996-25df487e3c54: receive RaftClientReply:client-3502B0E99E4B->68798575-c94b-44a6-b996-25df487e3c54@group-48C576E544C9, cid=3344, SUCCESS, logIndex=5046, commits[68798575-c94b-44a6-b996-25df487e3c54:c5046, 9ec8ead9-888e-415b-b04c-32cd2c26f792:c5044, 84ef4577-07e0-4c8d-900e-d449eb7bf65d:c5044]
2019-07-10 10:04:09,410 INFO  client.GrpcClientProtocolClient (GrpcClientProtocolClient.java:onNext(255)) - client-3502B0E99E4B->68798575-c94b-44a6-b996-25df487e3c54: receive RaftClientReply:client-3502B0E99E4B->68798575-c94b-44a6-b996-25df487e3c54@group-48C576E544C9, cid=3345, SUCCESS, logIndex=5049, commits[68798575-c94b-44a6-b996-25df487e3c54:c5050, 9ec8ead9-888e-415b-b04c-32cd2c26f792:c5046, 84ef4577-07e0-4c8d-900e-d449eb7bf65d:c5046]
2019-07-10 10:04:09,410 INFO  client.GrpcClientProtocolClient (GrpcClientProtocolClient.java:onNext(255)) - client-3502B0E99E4B->68798575-c94b-44a6-b996-25df487e3c54: receive RaftClientReply:client-3502B0E99E4B->68798575-c94b-44a6-b996-25df487e3c54@group-48C576E544C9, cid=3346, SUCCESS, logIndex=5050, commits[68798575-c94b-44a6-b996-25df487e3c54:c5050, 9ec8ead9-888e-415b-b04c-32cd2c26f792:c5046, 84ef4577-07e0-4c8d-900e-d449eb7bf65d:c5046]
2019-07-10 10:04:09,436 INFO  client.GrpcClientProtocolClient (GrpcClientProtocolClient.java:onNext(255)) - client-3502B0E99E4B->68798575-c94b-44a6-b996-25df487e3c54: receive RaftClientReply:client-3502B0E99E4B->68798575-c94b-44a6-b996-25df487e3c54@group-48C576E544C9, cid=3347, SUCCESS, logIndex=0, commits[68798575-c94b-44a6-b996-25df487e3c54:c5052, 9ec8ead9-888e-415b-b04c-32cd2c26f792:c5050, 84ef4577-07e0-4c8d-900e-d449eb7bf65d:c5050]
2019-07-10 10:04:09,471 INFO  client.GrpcClientProtocolClient (GrpcClientProtocolClient.java:onNext(255)) - client-3502B0E99E4B->68798575-c94b-44a6-b996-25df487e3c54: receive RaftClientReply:client-3502B0E99E4B->68798575-c94b-44a6-b996-25df487e3c54@group-48C576E544C9, cid=3348, SUCCESS, logIndex=5053, commits[68798575-c94b-44a6-b996-25df487e3c54:c5054, 9ec8ead9-888e-415b-b04c-32cd2c26f792:c5052, 84ef4577-07e0-4c8d-900e-d449eb7bf65d:c5052]
2019-07-10 10:04:09,471 INFO  client.GrpcClientProtocolClient (GrpcClientProtocolClient.java:onNext(255)) - client-3502B0E99E4B->68798575-c94b-44a6-b996-25df487e3c54: receive RaftClientReply:client-3502B0E99E4B->68798575-c94b-44a6-b996-25df487e3c54@group-48C576E544C9, cid=3349, SUCCESS, logIndex=5054, commits[68798575-c94b-44a6-b996-25df487e3c54:c5054, 9ec8ead9-888e-415b-b04c-32cd2c26f792:c5052, 84ef4577-07e0-4c8d-900e-d449eb7bf65d:c5052]
2019-07-10 10:04:09,481 INFO  client.GrpcClientProtocolClient (GrpcClientProtocolClient.java:onNext(255)) - client-3502B0E99E4B->68798575-c94b-44a6-b996-25df487e3c54: receive RaftClientReply:client-3502B0E99E4B->68798575-c94b-44a6-b996-25df487e3c54@group-48C576E544C9, cid=3350, SUCCESS, logIndex=5055, commits[68798575-c94b-44a6-b996-25df487e3c54:c5056, 9ec8ead9-888e-415b-b04c-32cd2c26f792:c5052, 84ef4577-07e0-4c8d-900e-d449eb7bf65d:c5052]
2019-07-10 10:04:09,481 INFO  client.GrpcClientProtocolClient (GrpcClientProtocolClient.java:onNext(255)) - client-3502B0E99E4B->68798575-c94b-44a6-b996-25df487e3c54: receive RaftClientReply:client-3502B0E99E4B->68798575-c94b-44a6-b996-25df487e3c54@group-48C576E544C9, cid=3351, SUCCESS, logIndex=5056, commits[68798575-c94b-44a6-b996-25df487e3c54:c5056, 9ec8ead9-888e-415b-b04c-32cd2c26f792:c5052, 84ef4577-07e0-4c8d-900e-d449eb7bf65d:c5052]
2019-07-10 10:04:09,496 INFO  client.GrpcClientProtocolClient (GrpcClientProtocolClient.java:onNext(255)) - client-3502B0E99E4B->68798575-c94b-44a6-b996-25df487e3c54: receive RaftClientReply:client-3502B0E99E4B->68798575-c94b-44a6-b996-25df487e3c54@group-48C576E544C9, cid=3352, SUCCESS, logIndex=0, commits[68798575-c94b-44a6-b996-25df487e3c54:c5057, 9ec8ead9-888e-415b-b04c-32cd2c26f792:c5054, 84ef4577-07e0-4c8d-900e-d449eb7bf65d:c5054]
2019-07-10 10:04:09,525 INFO  client.GrpcClientProtocolClient (GrpcClientProtocolClient.java:onNext(255)) - client-3502B0E99E4B->68798575-c94b-44a6-b996-25df487e3c54: receive RaftClientReply:client-3502B0E99E4B->68798575-c94b-44a6-b996-25df487e3c54@group-48C576E544C9, cid=3353, SUCCESS, logIndex=5060, commits[68798575-c94b-44a6-b996-25df487e3c54:c5061, 9ec8ead9-888e-415b-b04c-32cd2c26f792:c5058, 84ef4577-07e0-4c8d-900e-d449eb7bf65d:c5058]
2019-07-10 10:04:09,525 INFO  client.GrpcClientProtocolClient (GrpcClientProtocolClient.java:onNext(255)) - client-3502B0E99E4B->68798575-c94b-44a6-b996-25df487e3c54: receive RaftClientReply:client-3502B0E99E4B->68798575-c94b-44a6-b996-25df487e3c54@group-48C576E544C9, cid=3354, SUCCESS, logIndex=5061, commits[68798575-c94b-44a6-b996-25df487e3c54:c5061, 9ec8ead9-888e-415b-b04c-32cd2c26f792:c5058, 84ef4577-07e0-4c8d-900e-d449eb7bf65d:c5058]
2019-07-10 10:04:09,540 INFO  client.GrpcClientProtocolClient (GrpcClientProtocolClient.java:onNext(255)) - client-3502B0E99E4B->68798575-c94b-44a6-b996-25df487e3c54: receive RaftClientReply:client-3502B0E99E4B->68798575-c94b-44a6-b996-25df487e3c54@group-48C576E544C9, cid=3355, SUCCESS, logIndex=5064, commits[68798575-c94b-44a6-b996-25df487e3c54:c5065, 9ec8ead9-888e-415b-b04c-32cd2c26f792:c5063, 84ef4577-07e0-4c8d-900e-d449eb7bf65d:c5063]
2019-07-10 10:04:09,540 INFO  client.GrpcClientProtocolClient (GrpcClientProtocolClient.java:onNext(255)) - client-3502B0E99E4B->68798575-c94b-44a6-b996-25df487e3c54: receive RaftClientReply:client-3502B0E99E4B->68798575-c94b-44a6-b996-25df487e3c54@group-48C576E544C9, cid=3356, SUCCESS, logIndex=5065, commits[68798575-c94b-44a6-b996-25df487e3c54:c5065, 9ec8ead9-888e-415b-b04c-32cd2c26f792:c5063, 84ef4577-07e0-4c8d-900e-d449eb7bf65d:c5063]
2019-07-10 10:04:09,544 INFO  client.GrpcClientProtocolClient (GrpcClientProtocolClient.java:onNext(255)) - client-3502B0E99E4B->68798575-c94b-44a6-b996-25df487e3c54: receive RaftClientReply:client-3502B0E99E4B->68798575-c94b-44a6-b996-25df487e3c54@group-48C576E544C9, cid=3357, SUCCESS, logIndex=0, commits[68798575-c94b-44a6-b996-25df487e3c54:c5066, 9ec8ead9-888e-415b-b04c-32cd2c26f792:c5065, 84ef4577-07e0-4c8d-900e-d449eb7bf65d:c5065]
2019-07-10 10:04:09,571 INFO  client.GrpcClientProtocolClient (GrpcClientProtocolClient.java:onNext(255)) - client-3502B0E99E4B->68798575-c94b-44a6-b996-25df487e3c54: receive RaftClientReply:client-3502B0E99E4B->68798575-c94b-44a6-b996-25df487e3c54@group-48C576E544C9, cid=3358, SUCCESS, logIndex=5068, commits[68798575-c94b-44a6-b996-25df487e3c54:c5069, 9ec8ead9-888e-415b-b04c-32cd2c26f792:c5067, 84ef4577-07e0-4c8d-900e-d449eb7bf65d:c5067]
2019-07-10 10:04:09,572 INFO  client.GrpcClientProtocolClient (GrpcClientProtocolClient.java:onNext(255)) - client-3502B0E99E4B->68798575-c94b-44a6-b996-25df487e3c54: receive RaftClientReply:client-3502B0E99E4B->68798575-c94b-44a6-b996-25df487e3c54@group-48C576E544C9, cid=3359, SUCCESS, logIndex=5069, commits[68798575-c94b-44a6-b996-25df487e3c54:c5069, 9ec8ead9-888e-415b-b04c-32cd2c26f792:c5067, 84ef4577-07e0-4c8d-900e-d449eb7bf65d:c5067]
2019-07-10 10:04:09,572 INFO  client.GrpcClientProtocolClient (GrpcClientProtocolClient.java:onNext(255)) - client-3502B0E99E4B->68798575-c94b-44a6-b996-25df487e3c54: receive RaftClientReply:client-3502B0E99E4B->68798575-c94b-44a6-b996-25df487e3c54@group-48C576E544C9, cid=3360, SUCCESS, logIndex=5070, commits[68798575-c94b-44a6-b996-25df487e3c54:c5071, 9ec8ead9-888e-415b-b04c-32cd2c26f792:c5067, 84ef4577-07e0-4c8d-900e-d449eb7bf65d:c5067]
2019-07-10 10:04:09,572 INFO  client.GrpcClientProtocolClient (GrpcClientProtocolClient.java:onNext(255)) - client-3502B0E99E4B->68798575-c94b-44a6-b996-25df487e3c54: receive RaftClientReply:client-3502B0E99E4B->68798575-c94b-44a6-b996-25df487e3c54@group-48C576E544C9, cid=3361, SUCCESS, logIndex=5071, commits[68798575-c94b-44a6-b996-25df487e3c54:c5071, 9ec8ead9-888e-415b-b04c-32cd2c26f792:c5067, 84ef4577-07e0-4c8d-900e-d449eb7bf65d:c5067]
2019-07-10 10:04:09,588 INFO  client.GrpcClientProtocolClient (GrpcClientProtocolClient.java:onNext(255)) - client-3502B0E99E4B->68798575-c94b-44a6-b996-25df487e3c54: receive RaftClientReply:client-3502B0E99E4B->68798575-c94b-44a6-b996-25df487e3c54@group-48C576E544C9, cid=3362, SUCCESS, logIndex=0, commits[68798575-c94b-44a6-b996-25df487e3c54:c5075, 9ec8ead9-888e-415b-b04c-32cd2c26f792:c5069, 84ef4577-07e0-4c8d-900e-d449eb7bf65d:c5071]
2019-07-10 10:04:09,601 INFO  client.GrpcClientProtocolClient (GrpcClientProtocolClient.java:onNext(255)) - client-3502B0E99E4B->68798575-c94b-44a6-b996-25df487e3c54: receive RaftClientReply:client-3502B0E99E4B->68798575-c94b-44a6-b996-25df487e3c54@group-48C576E544C9, cid=3363, SUCCESS, logIndex=5076, commits[68798575-c94b-44a6-b996-25df487e3c54:c5077, 9ec8ead9-888e-415b-b04c-32cd2c26f792:c5071, 84ef4577-07e0-4c8d-900e-d449eb7bf65d:c5075]
2019-07-10 10:04:09,601 INFO  client.GrpcClientProtocolClient (GrpcClientProtocolClient.java:onNext(255)) - client-3502B0E99E4B->68798575-c94b-44a6-b996-25df487e3c54: receive RaftClientReply:client-3502B0E99E4B->68798575-c94b-44a6-b996-25df487e3c54@group-48C576E544C9, cid=3364, SUCCESS, logIndex=5077, commits[68798575-c94b-44a6-b996-25df487e3c54:c5077, 9ec8ead9-888e-415b-b04c-32cd2c26f792:c5071, 84ef4577-07e0-4c8d-900e-d449eb7bf65d:c5075]
2019-07-10 10:04:09,625 INFO  client.GrpcClientProtocolClient (GrpcClientProtocolClient.java:onNext(255)) - client-3502B0E99E4B->68798575-c94b-44a6-b996-25df487e3c54: receive RaftClientReply:client-3502B0E99E4B->68798575-c94b-44a6-b996-25df487e3c54@group-48C576E544C9, cid=3365, SUCCESS, logIndex=5080, commits[68798575-c94b-44a6-b996-25df487e3c54:c5081, 9ec8ead9-888e-415b-b04c-32cd2c26f792:c5077, 84ef4577-07e0-4c8d-900e-d449eb7bf65d:c5077]
2019-07-10 10:04:09,626 INFO  client.GrpcClientProtocolClient (GrpcClientProtocolClient.java:onNext(255)) - client-3502B0E99E4B->68798575-c94b-44a6-b996-25df487e3c54: receive RaftClientReply:client-3502B0E99E4B->68798575-c94b-44a6-b996-25df487e3c54@group-48C576E544C9, cid=3366, SUCCESS, logIndex=5081, commits[68798575-c94b-44a6-b996-25df487e3c54:c5081, 9ec8ead9-888e-415b-b04c-32cd2c26f792:c5077, 84ef4577-07e0-4c8d-900e-d449eb7bf65d:c5077]
2019-07-10 10:04:09,642 INFO  client.GrpcClientProtocolClient (GrpcClientProtocolClient.java:onNext(255)) - client-3502B0E99E4B->68798575-c94b-44a6-b996-25df487e3c54: receive RaftClientReply:client-3502B0E99E4B->68798575-c94b-44a6-b996-25df487e3c54@group-48C576E544C9, cid=3367, SUCCESS, logIndex=0, commits[68798575-c94b-44a6-b996-25df487e3c54:c5082, 9ec8ead9-888e-415b-b04c-32cd2c26f792:c5081, 84ef4577-07e0-4c8d-900e-d449eb7bf65d:c5081]
2019-07-10 10:04:09,674 INFO  client.GrpcClientProtocolClient (GrpcClientProtocolClient.java:onNext(255)) - client-3502B0E99E4B->68798575-c94b-44a6-b996-25df487e3c54: receive RaftClientReply:client-3502B0E99E4B->68798575-c94b-44a6-b996-25df487e3c54@group-48C576E544C9, cid=3368, SUCCESS, logIndex=5084, commits[68798575-c94b-44a6-b996-25df487e3c54:c5085, 9ec8ead9-888e-415b-b04c-32cd2c26f792:c5083, 84ef4577-07e0-4c8d-900e-d449eb7bf65d:c5083]
2019-07-10 10:04:09,674 INFO  client.GrpcClientProtocolClient (GrpcClientProtocolClient.java:onNext(255)) - client-3502B0E99E4B->68798575-c94b-44a6-b996-25df487e3c54: receive RaftClientReply:client-3502B0E99E4B->68798575-c94b-44a6-b996-25df487e3c54@group-48C576E544C9, cid=3369, SUCCESS, logIndex=5085, commits[68798575-c94b-44a6-b996-25df487e3c54:c5085, 9ec8ead9-888e-415b-b04c-32cd2c26f792:c5083, 84ef4577-07e0-4c8d-900e-d449eb7bf65d:c5083]
2019-07-10 10:04:09,684 INFO  client.GrpcClientProtocolClient (GrpcClientProtocolClient.java:onNext(255)) - client-3502B0E99E4B->68798575-c94b-44a6-b996-25df487e3c54: receive RaftClientReply:client-3502B0E99E4B->68798575-c94b-44a6-b996-25df487e3c54@group-48C576E544C9, cid=3370, SUCCESS, logIndex=5086, commits[68798575-c94b-44a6-b996-25df487e3c54:c5087, 9ec8ead9-888e-415b-b04c-32cd2c26f792:c5083, 84ef4577-07e0-4c8d-900e-d449eb7bf65d:c5083]
2019-07-10 10:04:09,684 INFO  client.GrpcClientProtocolClient (GrpcClientProtocolClient.java:onNext(255)) - client-3502B0E99E4B->68798575-c94b-44a6-b996-25df487e3c54: receive RaftClientReply:client-3502B0E99E4B->68798575-c94b-44a6-b996-25df487e3c54@group-48C576E544C9, cid=3371, SUCCESS, logIndex=5087, commits[68798575-c94b-44a6-b996-25df487e3c54:c5087, 9ec8ead9-888e-415b-b04c-32cd2c26f792:c5083, 84ef4577-07e0-4c8d-900e-d449eb7bf65d:c5083]
2019-07-10 10:04:09,686 INFO  client.GrpcClientProtocolClient (GrpcClientProtocolClient.java:onNext(255)) - client-3502B0E99E4B->68798575-c94b-44a6-b996-25df487e3c54: receive RaftClientReply:client-3502B0E99E4B->68798575-c94b-44a6-b996-25df487e3c54@group-48C576E544C9, cid=3372, SUCCESS, logIndex=0, commits[68798575-c94b-44a6-b996-25df487e3c54:c5087, 9ec8ead9-888e-415b-b04c-32cd2c26f792:c5085, 84ef4577-07e0-4c8d-900e-d449eb7bf65d:c5085]
2019-07-10 10:04:09,780 INFO  client.GrpcClientProtocolClient (GrpcClientProtocolClient.java:onNext(255)) - client-3502B0E99E4B->68798575-c94b-44a6-b996-25df487e3c54: receive RaftClientReply:client-3502B0E99E4B->68798575-c94b-44a6-b996-25df487e3c54@group-48C576E544C9, cid=3373, SUCCESS, logIndex=5092, commits[68798575-c94b-44a6-b996-25df487e3c54:c5093, 9ec8ead9-888e-415b-b04c-32cd2c26f792:c5087, 84ef4577-07e0-4c8d-900e-d449eb7bf65d:c5087]
2019-07-10 10:04:09,781 INFO  client.GrpcClientProtocolClient (GrpcClientProtocolClient.java:onNext(255)) - client-3502B0E99E4B->68798575-c94b-44a6-b996-25df487e3c54: receive RaftClientReply:client-3502B0E99E4B->68798575-c94b-44a6-b996-25df487e3c54@group-48C576E544C9, cid=3374, SUCCESS, logIndex=5093, commits[68798575-c94b-44a6-b996-25df487e3c54:c5093, 9ec8ead9-888e-415b-b04c-32cd2c26f792:c5087, 84ef4577-07e0-4c8d-900e-d449eb7bf65d:c5087]
2019-07-10 10:04:09,801 INFO  client.GrpcClientProtocolClient (GrpcClientProtocolClient.java:onNext(255)) - client-3502B0E99E4B->68798575-c94b-44a6-b996-25df487e3c54: receive RaftClientReply:client-3502B0E99E4B->68798575-c94b-44a6-b996-25df487e3c54@group-48C576E544C9, cid=3375, SUCCESS, logIndex=5096, commits[68798575-c94b-44a6-b996-25df487e3c54:c5097, 9ec8ead9-888e-415b-b04c-32cd2c26f792:c5093, 84ef4577-07e0-4c8d-900e-d449eb7bf65d:c5093]
2019-07-10 10:04:09,802 INFO  client.GrpcClientProtocolClient (GrpcClientProtocolClient.java:onNext(255)) - client-3502B0E99E4B->68798575-c94b-44a6-b996-25df487e3c54: receive RaftClientReply:client-3502B0E99E4B->68798575-c94b-44a6-b996-25df487e3c54@group-48C576E544C9, cid=3376, SUCCESS, logIndex=5097, commits[68798575-c94b-44a6-b996-25df487e3c54:c5097, 9ec8ead9-888e-415b-b04c-32cd2c26f792:c5093, 84ef4577-07e0-4c8d-900e-d449eb7bf65d:c5093]
2019-07-10 10:04:09,811 INFO  client.GrpcClientProtocolClient (GrpcClientProtocolClient.java:onNext(255)) - client-3502B0E99E4B->68798575-c94b-44a6-b996-25df487e3c54: receive RaftClientReply:client-3502B0E99E4B->68798575-c94b-44a6-b996-25df487e3c54@group-48C576E544C9, cid=3377, SUCCESS, logIndex=0, commits[68798575-c94b-44a6-b996-25df487e3c54:c5099, 9ec8ead9-888e-415b-b04c-32cd2c26f792:c5097, 84ef4577-07e0-4c8d-900e-d449eb7bf65d:c5097]
2019-07-10 10:04:09,864 INFO  client.GrpcClientProtocolClient (GrpcClientProtocolClient.java:onNext(255)) - client-3502B0E99E4B->68798575-c94b-44a6-b996-25df487e3c54: receive RaftClientReply:client-3502B0E99E4B->68798575-c94b-44a6-b996-25df487e3c54@group-48C576E544C9, cid=3378, SUCCESS, logIndex=5100, commits[68798575-c94b-44a6-b996-25df487e3c54:c5101, 9ec8ead9-888e-415b-b04c-32cd2c26f792:c5099, 84ef4577-07e0-4c8d-900e-d449eb7bf65d:c5099]
2019-07-10 10:04:09,865 INFO  client.GrpcClientProtocolClient (GrpcClientProtocolClient.java:onNext(255)) - client-3502B0E99E4B->68798575-c94b-44a6-b996-25df487e3c54: receive RaftClientReply:client-3502B0E99E4B->68798575-c94b-44a6-b996-25df487e3c54@group-48C576E544C9, cid=3379, SUCCESS, logIndex=5101, commits[68798575-c94b-44a6-b996-25df487e3c54:c5103, 9ec8ead9-888e-415b-b04c-32cd2c26f792:c5099, 84ef4577-07e0-4c8d-900e-d449eb7bf65d:c5099]
2019-07-10 10:04:09,865 INFO  client.GrpcClientProtocolClient (GrpcClientProtocolClient.java:onNext(255)) - client-3502B0E99E4B->68798575-c94b-44a6-b996-25df487e3c54: receive RaftClientReply:client-3502B0E99E4B->68798575-c94b-44a6-b996-25df487e3c54@group-48C576E544C9, cid=3380, SUCCESS, logIndex=5102, commits[68798575-c94b-44a6-b996-25df487e3c54:c5103, 9ec8ead9-888e-415b-b04c-32cd2c26f792:c5099, 84ef4577-07e0-4c8d-900e-d449eb7bf65d:c5099]
2019-07-10 10:04:09,866 INFO  client.GrpcClientProtocolClient (GrpcClientProtocolClient.java:onNext(255)) - client-3502B0E99E4B->68798575-c94b-44a6-b996-25df487e3c54: receive RaftClientReply:client-3502B0E99E4B->68798575-c94b-44a6-b996-25df487e3c54@group-48C576E544C9, cid=3381, SUCCESS, logIndex=5103, commits[68798575-c94b-44a6-b996-25df487e3c54:c5103, 9ec8ead9-888e-415b-b04c-32cd2c26f792:c5099, 84ef4577-07e0-4c8d-900e-d449eb7bf65d:c5099]
2019-07-10 10:04:09,878 INFO  client.GrpcClientProtocolClient (GrpcClientProtocolClient.java:onNext(255)) - client-3502B0E99E4B->68798575-c94b-44a6-b996-25df487e3c54: receive RaftClientReply:client-3502B0E99E4B->68798575-c94b-44a6-b996-25df487e3c54@group-48C576E544C9, cid=3382, SUCCESS, logIndex=0, commits[68798575-c94b-44a6-b996-25df487e3c54:c5105, 9ec8ead9-888e-415b-b04c-32cd2c26f792:c5101, 84ef4577-07e0-4c8d-900e-d449eb7bf65d:c5101]
2019-07-10 10:04:09,899 INFO  client.GrpcClientProtocolClient (GrpcClientProtocolClient.java:onNext(255)) - client-3502B0E99E4B->68798575-c94b-44a6-b996-25df487e3c54: receive RaftClientReply:client-3502B0E99E4B->68798575-c94b-44a6-b996-25df487e3c54@group-48C576E544C9, cid=3383, SUCCESS, logIndex=5108, commits[68798575-c94b-44a6-b996-25df487e3c54:c5109, 9ec8ead9-888e-415b-b04c-32cd2c26f792:c5107, 84ef4577-07e0-4c8d-900e-d449eb7bf65d:c5107]
2019-07-10 10:04:09,900 INFO  client.GrpcClientProtocolClient (GrpcClientProtocolClient.java:onNext(255)) - client-3502B0E99E4B->68798575-c94b-44a6-b996-25df487e3c54: receive RaftClientReply:client-3502B0E99E4B->68798575-c94b-44a6-b996-25df487e3c54@group-48C576E544C9, cid=3384, SUCCESS, logIndex=5109, commits[68798575-c94b-44a6-b996-25df487e3c54:c5109, 9ec8ead9-888e-415b-b04c-32cd2c26f792:c5107, 84ef4577-07e0-4c8d-900e-d449eb7bf65d:c5107]
2019-07-10 10:04:09,922 INFO  client.GrpcClientProtocolClient (GrpcClientProtocolClient.java:onNext(255)) - client-3502B0E99E4B->68798575-c94b-44a6-b996-25df487e3c54: receive RaftClientReply:client-3502B0E99E4B->68798575-c94b-44a6-b996-25df487e3c54@group-48C576E544C9, cid=3385, SUCCESS, logIndex=5112, commits[68798575-c94b-44a6-b996-25df487e3c54:c5113, 9ec8ead9-888e-415b-b04c-32cd2c26f792:c5109, 84ef4577-07e0-4c8d-900e-d449eb7bf65d:c5109]
2019-07-10 10:04:09,922 INFO  client.GrpcClientProtocolClient (GrpcClientProtocolClient.java:onNext(255)) - client-3502B0E99E4B->68798575-c94b-44a6-b996-25df487e3c54: receive RaftClientReply:client-3502B0E99E4B->68798575-c94b-44a6-b996-25df487e3c54@group-48C576E544C9, cid=3386, SUCCESS, logIndex=5113, commits[68798575-c94b-44a6-b996-25df487e3c54:c5113, 9ec8ead9-888e-415b-b04c-32cd2c26f792:c5109, 84ef4577-07e0-4c8d-900e-d449eb7bf65d:c5109]
2019-07-10 10:04:09,935 INFO  client.GrpcClientProtocolClient (GrpcClientProtocolClient.java:onNext(255)) - client-3502B0E99E4B->68798575-c94b-44a6-b996-25df487e3c54: receive RaftClientReply:client-3502B0E99E4B->68798575-c94b-44a6-b996-25df487e3c54@group-48C576E544C9, cid=3387, SUCCESS, logIndex=0, commits[68798575-c94b-44a6-b996-25df487e3c54:c5114, 9ec8ead9-888e-415b-b04c-32cd2c26f792:c5113, 84ef4577-07e0-4c8d-900e-d449eb7bf65d:c5113]
2019-07-10 10:04:09,963 INFO  client.GrpcClientProtocolClient (GrpcClientProtocolClient.java:onNext(255)) - client-3502B0E99E4B->68798575-c94b-44a6-b996-25df487e3c54: receive RaftClientReply:client-3502B0E99E4B->68798575-c94b-44a6-b996-25df487e3c54@group-48C576E544C9, cid=3388, SUCCESS, logIndex=5116, commits[68798575-c94b-44a6-b996-25df487e3c54:c5117, 9ec8ead9-888e-415b-b04c-32cd2c26f792:c5115, 84ef4577-07e0-4c8d-900e-d449eb7bf65d:c5115]
2019-07-10 10:04:09,964 INFO  client.GrpcClientProtocolClient (GrpcClientProtocolClient.java:onNext(255)) - client-3502B0E99E4B->68798575-c94b-44a6-b996-25df487e3c54: receive RaftClientReply:client-3502B0E99E4B->68798575-c94b-44a6-b996-25df487e3c54@group-48C576E544C9, cid=3389, SUCCESS, logIndex=5117, commits[68798575-c94b-44a6-b996-25df487e3c54:c5117, 9ec8ead9-888e-415b-b04c-32cd2c26f792:c5115, 84ef4577-07e0-4c8d-900e-d449eb7bf65d:c5115]
2019-07-10 10:04:09,964 INFO  client.GrpcClientProtocolClient (GrpcClientProtocolClient.java:onNext(255)) - client-3502B0E99E4B->68798575-c94b-44a6-b996-25df487e3c54: receive RaftClientReply:client-3502B0E99E4B->68798575-c94b-44a6-b996-25df487e3c54@group-48C576E544C9, cid=3390, SUCCESS, logIndex=5118, commits[68798575-c94b-44a6-b996-25df487e3c54:c5118, 9ec8ead9-888e-415b-b04c-32cd2c26f792:c5115, 84ef4577-07e0-4c8d-900e-d449eb7bf65d:c5115]
2019-07-10 10:04:09,965 INFO  client.GrpcClientProtocolClient (GrpcClientProtocolClient.java:onNext(255)) - client-3502B0E99E4B->68798575-c94b-44a6-b996-25df487e3c54: receive RaftClientReply:client-3502B0E99E4B->68798575-c94b-44a6-b996-25df487e3c54@group-48C576E544C9, cid=3391, SUCCESS, logIndex=5119, commits[68798575-c94b-44a6-b996-25df487e3c54:c5119, 9ec8ead9-888e-415b-b04c-32cd2c26f792:c5115, 84ef4577-07e0-4c8d-900e-d449eb7bf65d:c5115]
 0.00% |█                                                                                                    |  0/1 Time: 0:00:332019-07-10 10:04:10,009 INFO  client.GrpcClientProtocolClient (GrpcClientProtocolClient.java:onNext(255)) - client-3502B0E99E4B->68798575-c94b-44a6-b996-25df487e3c54: receive RaftClientReply:client-3502B0E99E4B->68798575-c94b-44a6-b996-25df487e3c54@group-48C576E544C9, cid=3392, SUCCESS, logIndex=0, commits[68798575-c94b-44a6-b996-25df487e3c54:c5120, 9ec8ead9-888e-415b-b04c-32cd2c26f792:c5117, 84ef4577-07e0-4c8d-900e-d449eb7bf65d:c5117]
2019-07-10 10:04:10,033 INFO  client.GrpcClientProtocolClient (GrpcClientProtocolClient.java:onNext(255)) - client-3502B0E99E4B->68798575-c94b-44a6-b996-25df487e3c54: receive RaftClientReply:client-3502B0E99E4B->68798575-c94b-44a6-b996-25df487e3c54@group-48C576E544C9, cid=3393, SUCCESS, logIndex=5124, commits[68798575-c94b-44a6-b996-25df487e3c54:c5125, 9ec8ead9-888e-415b-b04c-32cd2c26f792:c5120, 84ef4577-07e0-4c8d-900e-d449eb7bf65d:c5120]
2019-07-10 10:04:10,033 INFO  client.GrpcClientProtocolClient (GrpcClientProtocolClient.java:onNext(255)) - client-3502B0E99E4B->68798575-c94b-44a6-b996-25df487e3c54: receive RaftClientReply:client-3502B0E99E4B->68798575-c94b-44a6-b996-25df487e3c54@group-48C576E544C9, cid=3394, SUCCESS, logIndex=5125, commits[68798575-c94b-44a6-b996-25df487e3c54:c5125, 9ec8ead9-888e-415b-b04c-32cd2c26f792:c5120, 84ef4577-07e0-4c8d-900e-d449eb7bf65d:c5120]
2019-07-10 10:04:10,054 INFO  client.GrpcClientProtocolClient (GrpcClientProtocolClient.java:onNext(255)) - client-3502B0E99E4B->68798575-c94b-44a6-b996-25df487e3c54: receive RaftClientReply:client-3502B0E99E4B->68798575-c94b-44a6-b996-25df487e3c54@group-48C576E544C9, cid=3395, SUCCESS, logIndex=5128, commits[68798575-c94b-44a6-b996-25df487e3c54:c5129, 9ec8ead9-888e-415b-b04c-32cd2c26f792:c5125, 84ef4577-07e0-4c8d-900e-d449eb7bf65d:c5125]
2019-07-10 10:04:10,054 INFO  client.GrpcClientProtocolClient (GrpcClientProtocolClient.java:onNext(255)) - client-3502B0E99E4B->68798575-c94b-44a6-b996-25df487e3c54: receive RaftClientReply:client-3502B0E99E4B->68798575-c94b-44a6-b996-25df487e3c54@group-48C576E544C9, cid=3396, SUCCESS, logIndex=5129, commits[68798575-c94b-44a6-b996-25df487e3c54:c5129, 9ec8ead9-888e-415b-b04c-32cd2c26f792:c5125, 84ef4577-07e0-4c8d-900e-d449eb7bf65d:c5125]
2019-07-10 10:04:10,068 INFO  client.GrpcClientProtocolClient (GrpcClientProtocolClient.java:onNext(255)) - client-3502B0E99E4B->68798575-c94b-44a6-b996-25df487e3c54: receive RaftClientReply:client-3502B0E99E4B->68798575-c94b-44a6-b996-25df487e3c54@group-48C576E544C9, cid=3397, SUCCESS, logIndex=0, commits[68798575-c94b-44a6-b996-25df487e3c54:c5130, 9ec8ead9-888e-415b-b04c-32cd2c26f792:c5129, 84ef4577-07e0-4c8d-900e-d449eb7bf65d:c5129]
2019-07-10 10:04:10,100 INFO  client.GrpcClientProtocolClient (GrpcClientProtocolClient.java:onNext(255)) - client-3502B0E99E4B->68798575-c94b-44a6-b996-25df487e3c54: receive RaftClientReply:client-3502B0E99E4B->68798575-c94b-44a6-b996-25df487e3c54@group-48C576E544C9, cid=3398, SUCCESS, logIndex=5132, commits[68798575-c94b-44a6-b996-25df487e3c54:c5133, 9ec8ead9-888e-415b-b04c-32cd2c26f792:c5131, 84ef4577-07e0-4c8d-900e-d449eb7bf65d:c5131]
2019-07-10 10:04:10,100 INFO  client.GrpcClientProtocolClient (GrpcClientProtocolClient.java:onNext(255)) - client-3502B0E99E4B->68798575-c94b-44a6-b996-25df487e3c54: receive RaftClientReply:client-3502B0E99E4B->68798575-c94b-44a6-b996-25df487e3c54@group-48C576E544C9, cid=3399, SUCCESS, logIndex=5133, commits[68798575-c94b-44a6-b996-25df487e3c54:c5133, 9ec8ead9-888e-415b-b04c-32cd2c26f792:c5131, 84ef4577-07e0-4c8d-900e-d449eb7bf65d:c5131]
2019-07-10 10:04:10,101 INFO  client.GrpcClientProtocolClient (GrpcClientProtocolClient.java:onNext(255)) - client-3502B0E99E4B->68798575-c94b-44a6-b996-25df487e3c54: receive RaftClientReply:client-3502B0E99E4B->68798575-c94b-44a6-b996-25df487e3c54@group-48C576E544C9, cid=3400, SUCCESS, logIndex=5134, commits[68798575-c94b-44a6-b996-25df487e3c54:c5135, 9ec8ead9-888e-415b-b04c-32cd2c26f792:c5131, 84ef4577-07e0-4c8d-900e-d449eb7bf65d:c5131]
2019-07-10 10:04:10,101 INFO  client.GrpcClientProtocolClient (GrpcClientProtocolClient.java:onNext(255)) - client-3502B0E99E4B->68798575-c94b-44a6-b996-25df487e3c54: receive RaftClientReply:client-3502B0E99E4B->68798575-c94b-44a6-b996-25df487e3c54@group-48C576E544C9, cid=3401, SUCCESS, logIndex=5135, commits[68798575-c94b-44a6-b996-25df487e3c54:c5135, 9ec8ead9-888e-415b-b04c-32cd2c26f792:c5131, 84ef4577-07e0-4c8d-900e-d449eb7bf65d:c5131]
2019-07-10 10:04:10,114 INFO  client.GrpcClientProtocolClient (GrpcClientProtocolClient.java:onNext(255)) - client-3502B0E99E4B->68798575-c94b-44a6-b996-25df487e3c54: receive RaftClientReply:client-3502B0E99E4B->68798575-c94b-44a6-b996-25df487e3c54@group-48C576E544C9, cid=3402, SUCCESS, logIndex=0, commits[68798575-c94b-44a6-b996-25df487e3c54:c5137, 9ec8ead9-888e-415b-b04c-32cd2c26f792:c5133, 84ef4577-07e0-4c8d-900e-d449eb7bf65d:c5133]
2019-07-10 10:04:10,133 INFO  client.GrpcClientProtocolClient (GrpcClientProtocolClient.java:onNext(255)) - client-3502B0E99E4B->68798575-c94b-44a6-b996-25df487e3c54: receive RaftClientReply:client-3502B0E99E4B->68798575-c94b-44a6-b996-25df487e3c54@group-48C576E544C9, cid=3403, SUCCESS, logIndex=5140, commits[68798575-c94b-44a6-b996-25df487e3c54:c5141, 9ec8ead9-888e-415b-b04c-32cd2c26f792:c5139, 84ef4577-07e0-4c8d-900e-d449eb7bf65d:c5139]
2019-07-10 10:04:10,133 INFO  client.GrpcClientProtocolClient (GrpcClientProtocolClient.java:onNext(255)) - client-3502B0E99E4B->68798575-c94b-44a6-b996-25df487e3c54: receive RaftClientReply:client-3502B0E99E4B->68798575-c94b-44a6-b996-25df487e3c54@group-48C576E544C9, cid=3404, SUCCESS, logIndex=5141, commits[68798575-c94b-44a6-b996-25df487e3c54:c5141, 9ec8ead9-888e-415b-b04c-32cd2c26f792:c5139, 84ef4577-07e0-4c8d-900e-d449eb7bf65d:c5139]
2019-07-10 10:04:10,168 INFO  client.GrpcClientProtocolClient (GrpcClientProtocolClient.java:onNext(255)) - client-3502B0E99E4B->68798575-c94b-44a6-b996-25df487e3c54: receive RaftClientReply:client-3502B0E99E4B->68798575-c94b-44a6-b996-25df487e3c54@group-48C576E544C9, cid=3405, SUCCESS, logIndex=5144, commits[68798575-c94b-44a6-b996-25df487e3c54:c5145, 9ec8ead9-888e-415b-b04c-32cd2c26f792:c5141, 84ef4577-07e0-4c8d-900e-d449eb7bf65d:c5141]
2019-07-10 10:04:10,168 INFO  client.GrpcClientProtocolClient (GrpcClientProtocolClient.java:onNext(255)) - client-3502B0E99E4B->68798575-c94b-44a6-b996-25df487e3c54: receive RaftClientReply:client-3502B0E99E4B->68798575-c94b-44a6-b996-25df487e3c54@group-48C576E544C9, cid=3406, SUCCESS, logIndex=5145, commits[68798575-c94b-44a6-b996-25df487e3c54:c5145, 9ec8ead9-888e-415b-b04c-32cd2c26f792:c5141, 84ef4577-07e0-4c8d-900e-d449eb7bf65d:c5141]
2019-07-10 10:04:10,179 INFO  client.GrpcClientProtocolClient (GrpcClientProtocolClient.java:onNext(255)) - client-3502B0E99E4B->68798575-c94b-44a6-b996-25df487e3c54: receive RaftClientReply:client-3502B0E99E4B->68798575-c94b-44a6-b996-25df487e3c54@group-48C576E544C9, cid=3407, SUCCESS, logIndex=0, commits[68798575-c94b-44a6-b996-25df487e3c54:c5146, 9ec8ead9-888e-415b-b04c-32cd2c26f792:c5145, 84ef4577-07e0-4c8d-900e-d449eb7bf65d:c5145]
2019-07-10 10:04:10,213 INFO  client.GrpcClientProtocolClient (GrpcClientProtocolClient.java:onNext(255)) - client-3502B0E99E4B->68798575-c94b-44a6-b996-25df487e3c54: receive RaftClientReply:client-3502B0E99E4B->68798575-c94b-44a6-b996-25df487e3c54@group-48C576E544C9, cid=3408, SUCCESS, logIndex=5148, commits[68798575-c94b-44a6-b996-25df487e3c54:c5149, 9ec8ead9-888e-415b-b04c-32cd2c26f792:c5147, 84ef4577-07e0-4c8d-900e-d449eb7bf65d:c5147]
2019-07-10 10:04:10,213 INFO  client.GrpcClientProtocolClient (GrpcClientProtocolClient.java:onNext(255)) - client-3502B0E99E4B->68798575-c94b-44a6-b996-25df487e3c54: receive RaftClientReply:client-3502B0E99E4B->68798575-c94b-44a6-b996-25df487e3c54@group-48C576E544C9, cid=3409, SUCCESS, logIndex=5149, commits[68798575-c94b-44a6-b996-25df487e3c54:c5149, 9ec8ead9-888e-415b-b04c-32cd2c26f792:c5147, 84ef4577-07e0-4c8d-900e-d449eb7bf65d:c5147]
2019-07-10 10:04:10,223 INFO  client.GrpcClientProtocolClient (GrpcClientProtocolClient.java:onNext(255)) - client-3502B0E99E4B->68798575-c94b-44a6-b996-25df487e3c54: receive RaftClientReply:client-3502B0E99E4B->68798575-c94b-44a6-b996-25df487e3c54@group-48C576E544C9, cid=3410, SUCCESS, logIndex=5150, commits[68798575-c94b-44a6-b996-25df487e3c54:c5151, 9ec8ead9-888e-415b-b04c-32cd2c26f792:c5147, 84ef4577-07e0-4c8d-900e-d449eb7bf65d:c5147]
2019-07-10 10:04:10,224 INFO  client.GrpcClientProtocolClient (GrpcClientProtocolClient.java:onNext(255)) - client-3502B0E99E4B->68798575-c94b-44a6-b996-25df487e3c54: receive RaftClientReply:client-3502B0E99E4B->68798575-c94b-44a6-b996-25df487e3c54@group-48C576E544C9, cid=3411, SUCCESS, logIndex=5151, commits[68798575-c94b-44a6-b996-25df487e3c54:c5151, 9ec8ead9-888e-415b-b04c-32cd2c26f792:c5147, 84ef4577-07e0-4c8d-900e-d449eb7bf65d:c5147]
2019-07-10 10:04:10,239 INFO  client.GrpcClientProtocolClient (GrpcClientProtocolClient.java:onNext(255)) - client-3502B0E99E4B->68798575-c94b-44a6-b996-25df487e3c54: receive RaftClientReply:client-3502B0E99E4B->68798575-c94b-44a6-b996-25df487e3c54@group-48C576E544C9, cid=3412, SUCCESS, logIndex=0, commits[68798575-c94b-44a6-b996-25df487e3c54:c5153, 9ec8ead9-888e-415b-b04c-32cd2c26f792:c5149, 84ef4577-07e0-4c8d-900e-d449eb7bf65d:c5151]
2019-07-10 10:04:10,260 INFO  client.GrpcClientProtocolClient (GrpcClientProtocolClient.java:onNext(255)) - client-3502B0E99E4B->68798575-c94b-44a6-b996-25df487e3c54: receive RaftClientReply:client-3502B0E99E4B->68798575-c94b-44a6-b996-25df487e3c54@group-48C576E544C9, cid=3413, SUCCESS, logIndex=5155, commits[68798575-c94b-44a6-b996-25df487e3c54:c5156, 9ec8ead9-888e-415b-b04c-32cd2c26f792:c5153, 84ef4577-07e0-4c8d-900e-d449eb7bf65d:c5151]
2019-07-10 10:04:10,260 INFO  client.GrpcClientProtocolClient (GrpcClientProtocolClient.java:onNext(255)) - client-3502B0E99E4B->68798575-c94b-44a6-b996-25df487e3c54: receive RaftClientReply:client-3502B0E99E4B->68798575-c94b-44a6-b996-25df487e3c54@group-48C576E544C9, cid=3414, SUCCESS, logIndex=5156, commits[68798575-c94b-44a6-b996-25df487e3c54:c5156, 9ec8ead9-888e-415b-b04c-32cd2c26f792:c5153, 84ef4577-07e0-4c8d-900e-d449eb7bf65d:c5153]
2019-07-10 10:04:10,274 INFO  client.GrpcClientProtocolClient (GrpcClientProtocolClient.java:onNext(255)) - client-3502B0E99E4B->68798575-c94b-44a6-b996-25df487e3c54: receive RaftClientReply:client-3502B0E99E4B->68798575-c94b-44a6-b996-25df487e3c54@group-48C576E544C9, cid=3415, SUCCESS, logIndex=5159, commits[68798575-c94b-44a6-b996-25df487e3c54:c5160, 9ec8ead9-888e-415b-b04c-32cd2c26f792:c5156, 84ef4577-07e0-4c8d-900e-d449eb7bf65d:c5158]
2019-07-10 10:04:10,274 INFO  client.GrpcClientProtocolClient (GrpcClientProtocolClient.java:onNext(255)) - client-3502B0E99E4B->68798575-c94b-44a6-b996-25df487e3c54: receive RaftClientReply:client-3502B0E99E4B->68798575-c94b-44a6-b996-25df487e3c54@group-48C576E544C9, cid=3416, SUCCESS, logIndex=5160, commits[68798575-c94b-44a6-b996-25df487e3c54:c5160, 9ec8ead9-888e-415b-b04c-32cd2c26f792:c5156, 84ef4577-07e0-4c8d-900e-d449eb7bf65d:c5158]
2019-07-10 10:04:10,284 INFO  client.GrpcClientProtocolClient (GrpcClientProtocolClient.java:onNext(255)) - client-3502B0E99E4B->68798575-c94b-44a6-b996-25df487e3c54: receive RaftClientReply:client-3502B0E99E4B->68798575-c94b-44a6-b996-25df487e3c54@group-48C576E544C9, cid=3417, SUCCESS, logIndex=0, commits[68798575-c94b-44a6-b996-25df487e3c54:c5161, 9ec8ead9-888e-415b-b04c-32cd2c26f792:c5160, 84ef4577-07e0-4c8d-900e-d449eb7bf65d:c5160]
2019-07-10 10:04:10,317 INFO  client.GrpcClientProtocolClient (GrpcClientProtocolClient.java:onNext(255)) - client-3502B0E99E4B->68798575-c94b-44a6-b996-25df487e3c54: receive RaftClientReply:client-3502B0E99E4B->68798575-c94b-44a6-b996-25df487e3c54@group-48C576E544C9, cid=3418, SUCCESS, logIndex=5163, commits[68798575-c94b-44a6-b996-25df487e3c54:c5165, 9ec8ead9-888e-415b-b04c-32cd2c26f792:c5162, 84ef4577-07e0-4c8d-900e-d449eb7bf65d:c5162]
2019-07-10 10:04:10,318 INFO  client.GrpcClientProtocolClient (GrpcClientProtocolClient.java:onNext(255)) - client-3502B0E99E4B->68798575-c94b-44a6-b996-25df487e3c54: receive RaftClientReply:client-3502B0E99E4B->68798575-c94b-44a6-b996-25df487e3c54@group-48C576E544C9, cid=3419, SUCCESS, logIndex=5164, commits[68798575-c94b-44a6-b996-25df487e3c54:c5166, 9ec8ead9-888e-415b-b04c-32cd2c26f792:c5162, 84ef4577-07e0-4c8d-900e-d449eb7bf65d:c5162]
2019-07-10 10:04:10,318 INFO  client.GrpcClientProtocolClient (GrpcClientProtocolClient.java:onNext(255)) - client-3502B0E99E4B->68798575-c94b-44a6-b996-25df487e3c54: receive RaftClientReply:client-3502B0E99E4B->68798575-c94b-44a6-b996-25df487e3c54@group-48C576E544C9, cid=3420, SUCCESS, logIndex=5165, commits[68798575-c94b-44a6-b996-25df487e3c54:c5166, 9ec8ead9-888e-415b-b04c-32cd2c26f792:c5162, 84ef4577-07e0-4c8d-900e-d449eb7bf65d:c5162]
2019-07-10 10:04:10,318 INFO  client.GrpcClientProtocolClient (GrpcClientProtocolClient.java:onNext(255)) - client-3502B0E99E4B->68798575-c94b-44a6-b996-25df487e3c54: receive RaftClientReply:client-3502B0E99E4B->68798575-c94b-44a6-b996-25df487e3c54@group-48C576E544C9, cid=3421, SUCCESS, logIndex=5166, commits[68798575-c94b-44a6-b996-25df487e3c54:c5166, 9ec8ead9-888e-415b-b04c-32cd2c26f792:c5162, 84ef4577-07e0-4c8d-900e-d449eb7bf65d:c5162]
2019-07-10 10:04:10,332 INFO  client.GrpcClientProtocolClient (GrpcClientProtocolClient.java:onNext(255)) - client-3502B0E99E4B->68798575-c94b-44a6-b996-25df487e3c54: receive RaftClientReply:client-3502B0E99E4B->68798575-c94b-44a6-b996-25df487e3c54@group-48C576E544C9, cid=3422, SUCCESS, logIndex=0, commits[68798575-c94b-44a6-b996-25df487e3c54:c5169, 9ec8ead9-888e-415b-b04c-32cd2c26f792:c5165, 84ef4577-07e0-4c8d-900e-d449eb7bf65d:c5164]
2019-07-10 10:04:10,352 INFO  client.GrpcClientProtocolClient (GrpcClientProtocolClient.java:onNext(255)) - client-3502B0E99E4B->68798575-c94b-44a6-b996-25df487e3c54: receive RaftClientReply:client-3502B0E99E4B->68798575-c94b-44a6-b996-25df487e3c54@group-48C576E544C9, cid=3423, SUCCESS, logIndex=5171, commits[68798575-c94b-44a6-b996-25df487e3c54:c5171, 9ec8ead9-888e-415b-b04c-32cd2c26f792:c5170, 84ef4577-07e0-4c8d-900e-d449eb7bf65d:c5170]
2019-07-10 10:04:10,353 INFO  client.GrpcClientProtocolClient (GrpcClientProtocolClient.java:onNext(255)) - client-3502B0E99E4B->68798575-c94b-44a6-b996-25df487e3c54: receive RaftClientReply:client-3502B0E99E4B->68798575-c94b-44a6-b996-25df487e3c54@group-48C576E544C9, cid=3424, SUCCESS, logIndex=5172, commits[68798575-c94b-44a6-b996-25df487e3c54:c5172, 9ec8ead9-888e-415b-b04c-32cd2c26f792:c5170, 84ef4577-07e0-4c8d-900e-d449eb7bf65d:c5170]
2019-07-10 10:04:10,377 INFO  client.GrpcClientProtocolClient (GrpcClientProtocolClient.java:onNext(255)) - client-3502B0E99E4B->68798575-c94b-44a6-b996-25df487e3c54: receive RaftClientReply:client-3502B0E99E4B->68798575-c94b-44a6-b996-25df487e3c54@group-48C576E544C9, cid=3425, SUCCESS, logIndex=5175, commits[68798575-c94b-44a6-b996-25df487e3c54:c5176, 9ec8ead9-888e-415b-b04c-32cd2c26f792:c5172, 84ef4577-07e0-4c8d-900e-d449eb7bf65d:c5172]
2019-07-10 10:04:10,378 INFO  client.GrpcClientProtocolClient (GrpcClientProtocolClient.java:onNext(255)) - client-3502B0E99E4B->68798575-c94b-44a6-b996-25df487e3c54: receive RaftClientReply:client-3502B0E99E4B->68798575-c94b-44a6-b996-25df487e3c54@group-48C576E544C9, cid=3426, SUCCESS, logIndex=5176, commits[68798575-c94b-44a6-b996-25df487e3c54:c5176, 9ec8ead9-888e-415b-b04c-32cd2c26f792:c5172, 84ef4577-07e0-4c8d-900e-d449eb7bf65d:c5172]
2019-07-10 10:04:10,404 INFO  client.GrpcClientProtocolClient (GrpcClientProtocolClient.java:onNext(255)) - client-3502B0E99E4B->68798575-c94b-44a6-b996-25df487e3c54: receive RaftClientReply:client-3502B0E99E4B->68798575-c94b-44a6-b996-25df487e3c54@group-48C576E544C9, cid=3427, SUCCESS, logIndex=0, commits[68798575-c94b-44a6-b996-25df487e3c54:c5178, 9ec8ead9-888e-415b-b04c-32cd2c26f792:c5176, 84ef4577-07e0-4c8d-900e-d449eb7bf65d:c5176]
2019-07-10 10:04:10,439 INFO  client.GrpcClientProtocolClient (GrpcClientProtocolClient.java:onNext(255)) - client-3502B0E99E4B->68798575-c94b-44a6-b996-25df487e3c54: receive RaftClientReply:client-3502B0E99E4B->68798575-c94b-44a6-b996-25df487e3c54@group-48C576E544C9, cid=3428, SUCCESS, logIndex=5179, commits[68798575-c94b-44a6-b996-25df487e3c54:c5180, 9ec8ead9-888e-415b-b04c-32cd2c26f792:c5178, 84ef4577-07e0-4c8d-900e-d449eb7bf65d:c5178]
2019-07-10 10:04:10,439 INFO  client.GrpcClientProtocolClient (GrpcClientProtocolClient.java:onNext(255)) - client-3502B0E99E4B->68798575-c94b-44a6-b996-25df487e3c54: receive RaftClientReply:client-3502B0E99E4B->68798575-c94b-44a6-b996-25df487e3c54@group-48C576E544C9, cid=3429, SUCCESS, logIndex=5180, commits[68798575-c94b-44a6-b996-25df487e3c54:c5180, 9ec8ead9-888e-415b-b04c-32cd2c26f792:c5178, 84ef4577-07e0-4c8d-900e-d449eb7bf65d:c5178]
2019-07-10 10:04:10,453 INFO  client.GrpcClientProtocolClient (GrpcClientProtocolClient.java:onNext(255)) - client-3502B0E99E4B->68798575-c94b-44a6-b996-25df487e3c54: receive RaftClientReply:client-3502B0E99E4B->68798575-c94b-44a6-b996-25df487e3c54@group-48C576E544C9, cid=3430, SUCCESS, logIndex=5181, commits[68798575-c94b-44a6-b996-25df487e3c54:c5182, 9ec8ead9-888e-415b-b04c-32cd2c26f792:c5178, 84ef4577-07e0-4c8d-900e-d449eb7bf65d:c5178]
2019-07-10 10:04:10,453 INFO  client.GrpcClientProtocolClient (GrpcClientProtocolClient.java:onNext(255)) - client-3502B0E99E4B->68798575-c94b-44a6-b996-25df487e3c54: receive RaftClientReply:client-3502B0E99E4B->68798575-c94b-44a6-b996-25df487e3c54@group-48C576E544C9, cid=3431, SUCCESS, logIndex=5182, commits[68798575-c94b-44a6-b996-25df487e3c54:c5182, 9ec8ead9-888e-415b-b04c-32cd2c26f792:c5178, 84ef4577-07e0-4c8d-900e-d449eb7bf65d:c5178]
2019-07-10 10:04:10,464 INFO  client.GrpcClientProtocolClient (GrpcClientProtocolClient.java:onNext(255)) - client-3502B0E99E4B->68798575-c94b-44a6-b996-25df487e3c54: receive RaftClientReply:client-3502B0E99E4B->68798575-c94b-44a6-b996-25df487e3c54@group-48C576E544C9, cid=3432, SUCCESS, logIndex=0, commits[68798575-c94b-44a6-b996-25df487e3c54:c5184, 9ec8ead9-888e-415b-b04c-32cd2c26f792:c5180, 84ef4577-07e0-4c8d-900e-d449eb7bf65d:c5180]
2019-07-10 10:04:10,487 INFO  client.GrpcClientProtocolClient (GrpcClientProtocolClient.java:onNext(255)) - client-3502B0E99E4B->68798575-c94b-44a6-b996-25df487e3c54: receive RaftClientReply:client-3502B0E99E4B->68798575-c94b-44a6-b996-25df487e3c54@group-48C576E544C9, cid=3433, SUCCESS, logIndex=5187, commits[68798575-c94b-44a6-b996-25df487e3c54:c5188, 9ec8ead9-888e-415b-b04c-32cd2c26f792:c5186, 84ef4577-07e0-4c8d-900e-d449eb7bf65d:c5186]
2019-07-10 10:04:10,487 INFO  client.GrpcClientProtocolClient (GrpcClientProtocolClient.java:onNext(255)) - client-3502B0E99E4B->68798575-c94b-44a6-b996-25df487e3c54: receive RaftClientReply:client-3502B0E99E4B->68798575-c94b-44a6-b996-25df487e3c54@group-48C576E544C9, cid=3434, SUCCESS, logIndex=5188, commits[68798575-c94b-44a6-b996-25df487e3c54:c5188, 9ec8ead9-888e-415b-b04c-32cd2c26f792:c5186, 84ef4577-07e0-4c8d-900e-d449eb7bf65d:c5186]
2019-07-10 10:04:10,508 INFO  client.GrpcClientProtocolClient (GrpcClientProtocolClient.java:onNext(255)) - client-3502B0E99E4B->68798575-c94b-44a6-b996-25df487e3c54: receive RaftClientReply:client-3502B0E99E4B->68798575-c94b-44a6-b996-25df487e3c54@group-48C576E544C9, cid=3435, SUCCESS, logIndex=5190, commits[68798575-c94b-44a6-b996-25df487e3c54:c5191, 9ec8ead9-888e-415b-b04c-32cd2c26f792:c5188, 84ef4577-07e0-4c8d-900e-d449eb7bf65d:c5188]
2019-07-10 10:04:10,509 INFO  client.GrpcClientProtocolClient (GrpcClientProtocolClient.java:onNext(255)) - client-3502B0E99E4B->68798575-c94b-44a6-b996-25df487e3c54: receive RaftClientReply:client-3502B0E99E4B->68798575-c94b-44a6-b996-25df487e3c54@group-48C576E544C9, cid=3436, SUCCESS, logIndex=5191, commits[68798575-c94b-44a6-b996-25df487e3c54:c5191, 9ec8ead9-888e-415b-b04c-32cd2c26f792:c5188, 84ef4577-07e0-4c8d-900e-d449eb7bf65d:c5188]
2019-07-10 10:04:10,530 INFO  client.GrpcClientProtocolClient (GrpcClientProtocolClient.java:onNext(255)) - client-3502B0E99E4B->68798575-c94b-44a6-b996-25df487e3c54: receive RaftClientReply:client-3502B0E99E4B->68798575-c94b-44a6-b996-25df487e3c54@group-48C576E544C9, cid=3437, SUCCESS, logIndex=0, commits[68798575-c94b-44a6-b996-25df487e3c54:c5193, 9ec8ead9-888e-415b-b04c-32cd2c26f792:c5191, 84ef4577-07e0-4c8d-900e-d449eb7bf65d:c5191]
2019-07-10 10:04:10,559 INFO  client.GrpcClientProtocolClient (GrpcClientProtocolClient.java:onNext(255)) - client-3502B0E99E4B->68798575-c94b-44a6-b996-25df487e3c54: receive RaftClientReply:client-3502B0E99E4B->68798575-c94b-44a6-b996-25df487e3c54@group-48C576E544C9, cid=3438, SUCCESS, logIndex=5194, commits[68798575-c94b-44a6-b996-25df487e3c54:c5195, 9ec8ead9-888e-415b-b04c-32cd2c26f792:c5193, 84ef4577-07e0-4c8d-900e-d449eb7bf65d:c5193]
2019-07-10 10:04:10,560 INFO  client.GrpcClientProtocolClient (GrpcClientProtocolClient.java:onNext(255)) - client-3502B0E99E4B->68798575-c94b-44a6-b996-25df487e3c54: receive RaftClientReply:client-3502B0E99E4B->68798575-c94b-44a6-b996-25df487e3c54@group-48C576E544C9, cid=3439, SUCCESS, logIndex=5195, commits[68798575-c94b-44a6-b996-25df487e3c54:c5195, 9ec8ead9-888e-415b-b04c-32cd2c26f792:c5193, 84ef4577-07e0-4c8d-900e-d449eb7bf65d:c5193]
2019-07-10 10:04:10,571 INFO  client.GrpcClientProtocolClient (GrpcClientProtocolClient.java:onNext(255)) - client-3502B0E99E4B->68798575-c94b-44a6-b996-25df487e3c54: receive RaftClientReply:client-3502B0E99E4B->68798575-c94b-44a6-b996-25df487e3c54@group-48C576E544C9, cid=3440, SUCCESS, logIndex=5196, commits[68798575-c94b-44a6-b996-25df487e3c54:c5197, 9ec8ead9-888e-415b-b04c-32cd2c26f792:c5193, 84ef4577-07e0-4c8d-900e-d449eb7bf65d:c5193]
2019-07-10 10:04:10,571 INFO  client.GrpcClientProtocolClient (GrpcClientProtocolClient.java:onNext(255)) - client-3502B0E99E4B->68798575-c94b-44a6-b996-25df487e3c54: receive RaftClientReply:client-3502B0E99E4B->68798575-c94b-44a6-b996-25df487e3c54@group-48C576E544C9, cid=3441, SUCCESS, logIndex=5197, commits[68798575-c94b-44a6-b996-25df487e3c54:c5197, 9ec8ead9-888e-415b-b04c-32cd2c26f792:c5193, 84ef4577-07e0-4c8d-900e-d449eb7bf65d:c5193]
2019-07-10 10:04:10,574 INFO  client.GrpcClientProtocolClient (GrpcClientProtocolClient.java:onNext(255)) - client-3502B0E99E4B->68798575-c94b-44a6-b996-25df487e3c54: receive RaftClientReply:client-3502B0E99E4B->68798575-c94b-44a6-b996-25df487e3c54@group-48C576E544C9, cid=3442, SUCCESS, logIndex=0, commits[68798575-c94b-44a6-b996-25df487e3c54:c5199, 9ec8ead9-888e-415b-b04c-32cd2c26f792:c5195, 84ef4577-07e0-4c8d-900e-d449eb7bf65d:c5195]
2019-07-10 10:04:10,587 INFO  client.GrpcClientProtocolClient (GrpcClientProtocolClient.java:onNext(255)) - client-3502B0E99E4B->68798575-c94b-44a6-b996-25df487e3c54: receive RaftClientReply:client-3502B0E99E4B->68798575-c94b-44a6-b996-25df487e3c54@group-48C576E544C9, cid=3443, SUCCESS, logIndex=5202, commits[68798575-c94b-44a6-b996-25df487e3c54:c5203, 9ec8ead9-888e-415b-b04c-32cd2c26f792:c5199, 84ef4577-07e0-4c8d-900e-d449eb7bf65d:c5197]
2019-07-10 10:04:10,587 INFO  client.GrpcClientProtocolClient (GrpcClientProtocolClient.java:onNext(255)) - client-3502B0E99E4B->68798575-c94b-44a6-b996-25df487e3c54: receive RaftClientReply:client-3502B0E99E4B->68798575-c94b-44a6-b996-25df487e3c54@group-48C576E544C9, cid=3444, SUCCESS, logIndex=5203, commits[68798575-c94b-44a6-b996-25df487e3c54:c5203, 9ec8ead9-888e-415b-b04c-32cd2c26f792:c5199, 84ef4577-07e0-4c8d-900e-d449eb7bf65d:c5199]
2019-07-10 10:04:10,609 INFO  client.GrpcClientProtocolClient (GrpcClientProtocolClient.java:onNext(255)) - client-3502B0E99E4B->68798575-c94b-44a6-b996-25df487e3c54: receive RaftClientReply:client-3502B0E99E4B->68798575-c94b-44a6-b996-25df487e3c54@group-48C576E544C9, cid=3445, SUCCESS, logIndex=5205, commits[68798575-c94b-44a6-b996-25df487e3c54:c5206, 9ec8ead9-888e-415b-b04c-32cd2c26f792:c5204, 84ef4577-07e0-4c8d-900e-d449eb7bf65d:c5204]
2019-07-10 10:04:10,609 INFO  client.GrpcClientProtocolClient (GrpcClientProtocolClient.java:onNext(255)) - client-3502B0E99E4B->68798575-c94b-44a6-b996-25df487e3c54: receive RaftClientReply:client-3502B0E99E4B->68798575-c94b-44a6-b996-25df487e3c54@group-48C576E544C9, cid=3446, SUCCESS, logIndex=5206, commits[68798575-c94b-44a6-b996-25df487e3c54:c5206, 9ec8ead9-888e-415b-b04c-32cd2c26f792:c5204, 84ef4577-07e0-4c8d-900e-d449eb7bf65d:c5204]
2019-07-10 10:04:10,635 INFO  client.GrpcClientProtocolClient (GrpcClientProtocolClient.java:onNext(255)) - client-3502B0E99E4B->68798575-c94b-44a6-b996-25df487e3c54: receive RaftClientReply:client-3502B0E99E4B->68798575-c94b-44a6-b996-25df487e3c54@group-48C576E544C9, cid=3447, SUCCESS, logIndex=0, commits[68798575-c94b-44a6-b996-25df487e3c54:c5208, 9ec8ead9-888e-415b-b04c-32cd2c26f792:c5206, 84ef4577-07e0-4c8d-900e-d449eb7bf65d:c5206]
2019-07-10 10:04:10,669 INFO  client.GrpcClientProtocolClient (GrpcClientProtocolClient.java:onNext(255)) - client-3502B0E99E4B->68798575-c94b-44a6-b996-25df487e3c54: receive RaftClientReply:client-3502B0E99E4B->68798575-c94b-44a6-b996-25df487e3c54@group-48C576E544C9, cid=3448, SUCCESS, logIndex=5209, commits[68798575-c94b-44a6-b996-25df487e3c54:c5210, 9ec8ead9-888e-415b-b04c-32cd2c26f792:c5208, 84ef4577-07e0-4c8d-900e-d449eb7bf65d:c5208]
2019-07-10 10:04:10,670 INFO  client.GrpcClientProtocolClient (GrpcClientProtocolClient.java:onNext(255)) - client-3502B0E99E4B->68798575-c94b-44a6-b996-25df487e3c54: receive RaftClientReply:client-3502B0E99E4B->68798575-c94b-44a6-b996-25df487e3c54@group-48C576E544C9, cid=3449, SUCCESS, logIndex=5210, commits[68798575-c94b-44a6-b996-25df487e3c54:c5210, 9ec8ead9-888e-415b-b04c-32cd2c26f792:c5208, 84ef4577-07e0-4c8d-900e-d449eb7bf65d:c5208]
2019-07-10 10:04:10,670 INFO  client.GrpcClientProtocolClient (GrpcClientProtocolClient.java:onNext(255)) - client-3502B0E99E4B->68798575-c94b-44a6-b996-25df487e3c54: receive RaftClientReply:client-3502B0E99E4B->68798575-c94b-44a6-b996-25df487e3c54@group-48C576E544C9, cid=3450, SUCCESS, logIndex=5211, commits[68798575-c94b-44a6-b996-25df487e3c54:c5211, 9ec8ead9-888e-415b-b04c-32cd2c26f792:c5208, 84ef4577-07e0-4c8d-900e-d449eb7bf65d:c5208]
2019-07-10 10:04:10,670 INFO  client.GrpcClientProtocolClient (GrpcClientProtocolClient.java:onNext(255)) - client-3502B0E99E4B->68798575-c94b-44a6-b996-25df487e3c54: receive RaftClientReply:client-3502B0E99E4B->68798575-c94b-44a6-b996-25df487e3c54@group-48C576E544C9, cid=3451, SUCCESS, logIndex=5212, commits[68798575-c94b-44a6-b996-25df487e3c54:c5212, 9ec8ead9-888e-415b-b04c-32cd2c26f792:c5208, 84ef4577-07e0-4c8d-900e-d449eb7bf65d:c5208]
2019-07-10 10:04:10,692 INFO  client.GrpcClientProtocolClient (GrpcClientProtocolClient.java:onNext(255)) - client-3502B0E99E4B->68798575-c94b-44a6-b996-25df487e3c54: receive RaftClientReply:client-3502B0E99E4B->68798575-c94b-44a6-b996-25df487e3c54@group-48C576E544C9, cid=3452, SUCCESS, logIndex=0, commits[68798575-c94b-44a6-b996-25df487e3c54:c5214, 9ec8ead9-888e-415b-b04c-32cd2c26f792:c5210, 84ef4577-07e0-4c8d-900e-d449eb7bf65d:c5210]
2019-07-10 10:04:10,716 INFO  client.GrpcClientProtocolClient (GrpcClientProtocolClient.java:onNext(255)) - client-3502B0E99E4B->68798575-c94b-44a6-b996-25df487e3c54: receive RaftClientReply:client-3502B0E99E4B->68798575-c94b-44a6-b996-25df487e3c54@group-48C576E544C9, cid=3453, SUCCESS, logIndex=5217, commits[68798575-c94b-44a6-b996-25df487e3c54:c5217, 9ec8ead9-888e-415b-b04c-32cd2c26f792:c5216, 84ef4577-07e0-4c8d-900e-d449eb7bf65d:c5216]
2019-07-10 10:04:10,716 INFO  client.GrpcClientProtocolClient (GrpcClientProtocolClient.java:onNext(255)) - client-3502B0E99E4B->68798575-c94b-44a6-b996-25df487e3c54: receive RaftClientReply:client-3502B0E99E4B->68798575-c94b-44a6-b996-25df487e3c54@group-48C576E544C9, cid=3454, SUCCESS, logIndex=5218, commits[68798575-c94b-44a6-b996-25df487e3c54:c5218, 9ec8ead9-888e-415b-b04c-32cd2c26f792:c5216, 84ef4577-07e0-4c8d-900e-d449eb7bf65d:c5216]
2019-07-10 10:04:10,740 INFO  client.GrpcClientProtocolClient (GrpcClientProtocolClient.java:onNext(255)) - client-3502B0E99E4B->68798575-c94b-44a6-b996-25df487e3c54: receive RaftClientReply:client-3502B0E99E4B->68798575-c94b-44a6-b996-25df487e3c54@group-48C576E544C9, cid=3455, SUCCESS, logIndex=5221, commits[68798575-c94b-44a6-b996-25df487e3c54:c5222, 9ec8ead9-888e-415b-b04c-32cd2c26f792:c5218, 84ef4577-07e0-4c8d-900e-d449eb7bf65d:c5218]
2019-07-10 10:04:10,740 INFO  client.GrpcClientProtocolClient (GrpcClientProtocolClient.java:onNext(255)) - client-3502B0E99E4B->68798575-c94b-44a6-b996-25df487e3c54: receive RaftClientReply:client-3502B0E99E4B->68798575-c94b-44a6-b996-25df487e3c54@group-48C576E544C9, cid=3456, SUCCESS, logIndex=5222, commits[68798575-c94b-44a6-b996-25df487e3c54:c5222, 9ec8ead9-888e-415b-b04c-32cd2c26f792:c5218, 84ef4577-07e0-4c8d-900e-d449eb7bf65d:c5218]
2019-07-10 10:04:10,790 INFO  client.GrpcClientProtocolClient (GrpcClientProtocolClient.java:onNext(255)) - client-3502B0E99E4B->68798575-c94b-44a6-b996-25df487e3c54: receive RaftClientReply:client-3502B0E99E4B->68798575-c94b-44a6-b996-25df487e3c54@group-48C576E544C9, cid=3457, SUCCESS, logIndex=0, commits[68798575-c94b-44a6-b996-25df487e3c54:c5224, 9ec8ead9-888e-415b-b04c-32cd2c26f792:c5222, 84ef4577-07e0-4c8d-900e-d449eb7bf65d:c5222]
2019-07-10 10:04:10,826 INFO  client.GrpcClientProtocolClient (GrpcClientProtocolClient.java:onNext(255)) - client-3502B0E99E4B->68798575-c94b-44a6-b996-25df487e3c54: receive RaftClientReply:client-3502B0E99E4B->68798575-c94b-44a6-b996-25df487e3c54@group-48C576E544C9, cid=3458, SUCCESS, logIndex=5225, commits[68798575-c94b-44a6-b996-25df487e3c54:c5226, 9ec8ead9-888e-415b-b04c-32cd2c26f792:c5224, 84ef4577-07e0-4c8d-900e-d449eb7bf65d:c5224]
2019-07-10 10:04:10,827 INFO  client.GrpcClientProtocolClient (GrpcClientProtocolClient.java:onNext(255)) - client-3502B0E99E4B->68798575-c94b-44a6-b996-25df487e3c54: receive RaftClientReply:client-3502B0E99E4B->68798575-c94b-44a6-b996-25df487e3c54@group-48C576E544C9, cid=3459, SUCCESS, logIndex=5226, commits[68798575-c94b-44a6-b996-25df487e3c54:c5227, 9ec8ead9-888e-415b-b04c-32cd2c26f792:c5224, 84ef4577-07e0-4c8d-900e-d449eb7bf65d:c5224]
2019-07-10 10:04:10,827 INFO  client.GrpcClientProtocolClient (GrpcClientProtocolClient.java:onNext(255)) - client-3502B0E99E4B->68798575-c94b-44a6-b996-25df487e3c54: receive RaftClientReply:client-3502B0E99E4B->68798575-c94b-44a6-b996-25df487e3c54@group-48C576E544C9, cid=3460, SUCCESS, logIndex=5227, commits[68798575-c94b-44a6-b996-25df487e3c54:c5228, 9ec8ead9-888e-415b-b04c-32cd2c26f792:c5224, 84ef4577-07e0-4c8d-900e-d449eb7bf65d:c5224]
2019-07-10 10:04:10,828 INFO  client.GrpcClientProtocolClient (GrpcClientProtocolClient.java:onNext(255)) - client-3502B0E99E4B->68798575-c94b-44a6-b996-25df487e3c54: receive RaftClientReply:client-3502B0E99E4B->68798575-c94b-44a6-b996-25df487e3c54@group-48C576E544C9, cid=3461, SUCCESS, logIndex=5228, commits[68798575-c94b-44a6-b996-25df487e3c54:c5228, 9ec8ead9-888e-415b-b04c-32cd2c26f792:c5224, 84ef4577-07e0-4c8d-900e-d449eb7bf65d:c5224]
2019-07-10 10:04:10,849 INFO  client.GrpcClientProtocolClient (GrpcClientProtocolClient.java:onNext(255)) - client-3502B0E99E4B->68798575-c94b-44a6-b996-25df487e3c54: receive RaftClientReply:client-3502B0E99E4B->68798575-c94b-44a6-b996-25df487e3c54@group-48C576E544C9, cid=3462, SUCCESS, logIndex=0, commits[68798575-c94b-44a6-b996-25df487e3c54:c5229, 9ec8ead9-888e-415b-b04c-32cd2c26f792:c5226, 84ef4577-07e0-4c8d-900e-d449eb7bf65d:c5226]
 0.00% |█                                                                                                    |  0/1 Time: 0:00:342019-07-10 10:04:10,999 INFO  client.GrpcClientProtocolClient (GrpcClientProtocolClient.java:onNext(255)) - client-3502B0E99E4B->68798575-c94b-44a6-b996-25df487e3c54: receive RaftClientReply:client-3502B0E99E4B->68798575-c94b-44a6-b996-25df487e3c54@group-48C576E544C9, cid=3463, SUCCESS, logIndex=5233, commits[68798575-c94b-44a6-b996-25df487e3c54:c5234, 9ec8ead9-888e-415b-b04c-32cd2c26f792:c5232, 84ef4577-07e0-4c8d-900e-d449eb7bf65d:c5232]
2019-07-10 10:04:11,000 INFO  client.GrpcClientProtocolClient (GrpcClientProtocolClient.java:onNext(255)) - client-3502B0E99E4B->68798575-c94b-44a6-b996-25df487e3c54: receive RaftClientReply:client-3502B0E99E4B->68798575-c94b-44a6-b996-25df487e3c54@group-48C576E544C9, cid=3464, SUCCESS, logIndex=5234, commits[68798575-c94b-44a6-b996-25df487e3c54:c5234, 9ec8ead9-888e-415b-b04c-32cd2c26f792:c5232, 84ef4577-07e0-4c8d-900e-d449eb7bf65d:c5232]
2019-07-10 10:04:11,027 INFO  client.GrpcClientProtocolClient (GrpcClientProtocolClient.java:onNext(255)) - client-3502B0E99E4B->68798575-c94b-44a6-b996-25df487e3c54: receive RaftClientReply:client-3502B0E99E4B->68798575-c94b-44a6-b996-25df487e3c54@group-48C576E544C9, cid=3465, SUCCESS, logIndex=5237, commits[68798575-c94b-44a6-b996-25df487e3c54:c5238, 9ec8ead9-888e-415b-b04c-32cd2c26f792:c5234, 84ef4577-07e0-4c8d-900e-d449eb7bf65d:c5234]
2019-07-10 10:04:11,028 INFO  client.GrpcClientProtocolClient (GrpcClientProtocolClient.java:onNext(255)) - client-3502B0E99E4B->68798575-c94b-44a6-b996-25df487e3c54: receive RaftClientReply:client-3502B0E99E4B->68798575-c94b-44a6-b996-25df487e3c54@group-48C576E544C9, cid=3466, SUCCESS, logIndex=5238, commits[68798575-c94b-44a6-b996-25df487e3c54:c5238, 9ec8ead9-888e-415b-b04c-32cd2c26f792:c5234, 84ef4577-07e0-4c8d-900e-d449eb7bf65d:c5234]
2019-07-10 10:04:11,041 INFO  client.GrpcClientProtocolClient (GrpcClientProtocolClient.java:onNext(255)) - client-3502B0E99E4B->68798575-c94b-44a6-b996-25df487e3c54: receive RaftClientReply:client-3502B0E99E4B->68798575-c94b-44a6-b996-25df487e3c54@group-48C576E544C9, cid=3467, SUCCESS, logIndex=0, commits[68798575-c94b-44a6-b996-25df487e3c54:c5239, 9ec8ead9-888e-415b-b04c-32cd2c26f792:c5238, 84ef4577-07e0-4c8d-900e-d449eb7bf65d:c5238]
2019-07-10 10:04:11,077 INFO  client.GrpcClientProtocolClient (GrpcClientProtocolClient.java:onNext(255)) - client-3502B0E99E4B->68798575-c94b-44a6-b996-25df487e3c54: receive RaftClientReply:client-3502B0E99E4B->68798575-c94b-44a6-b996-25df487e3c54@group-48C576E544C9, cid=3468, SUCCESS, logIndex=5241, commits[68798575-c94b-44a6-b996-25df487e3c54:c5243, 9ec8ead9-888e-415b-b04c-32cd2c26f792:c5240, 84ef4577-07e0-4c8d-900e-d449eb7bf65d:c5240]
2019-07-10 10:04:11,078 INFO  client.GrpcClientProtocolClient (GrpcClientProtocolClient.java:onNext(255)) - client-3502B0E99E4B->68798575-c94b-44a6-b996-25df487e3c54: receive RaftClientReply:client-3502B0E99E4B->68798575-c94b-44a6-b996-25df487e3c54@group-48C576E544C9, cid=3469, SUCCESS, logIndex=5242, commits[68798575-c94b-44a6-b996-25df487e3c54:c5244, 9ec8ead9-888e-415b-b04c-32cd2c26f792:c5240, 84ef4577-07e0-4c8d-900e-d449eb7bf65d:c5240]
2019-07-10 10:04:11,078 INFO  client.GrpcClientProtocolClient (GrpcClientProtocolClient.java:onNext(255)) - client-3502B0E99E4B->68798575-c94b-44a6-b996-25df487e3c54: receive RaftClientReply:client-3502B0E99E4B->68798575-c94b-44a6-b996-25df487e3c54@group-48C576E544C9, cid=3470, SUCCESS, logIndex=5243, commits[68798575-c94b-44a6-b996-25df487e3c54:c5244, 9ec8ead9-888e-415b-b04c-32cd2c26f792:c5240, 84ef4577-07e0-4c8d-900e-d449eb7bf65d:c5241]
2019-07-10 10:04:11,078 INFO  client.GrpcClientProtocolClient (GrpcClientProtocolClient.java:onNext(255)) - client-3502B0E99E4B->68798575-c94b-44a6-b996-25df487e3c54: receive RaftClientReply:client-3502B0E99E4B->68798575-c94b-44a6-b996-25df487e3c54@group-48C576E544C9, cid=3471, SUCCESS, logIndex=5244, commits[68798575-c94b-44a6-b996-25df487e3c54:c5245, 9ec8ead9-888e-415b-b04c-32cd2c26f792:c5240, 84ef4577-07e0-4c8d-900e-d449eb7bf65d:c5241]
2019-07-10 10:04:11,098 INFO  client.GrpcClientProtocolClient (GrpcClientProtocolClient.java:onNext(255)) - client-3502B0E99E4B->68798575-c94b-44a6-b996-25df487e3c54: receive RaftClientReply:client-3502B0E99E4B->68798575-c94b-44a6-b996-25df487e3c54@group-48C576E544C9, cid=3472, SUCCESS, logIndex=0, commits[68798575-c94b-44a6-b996-25df487e3c54:c5246, 9ec8ead9-888e-415b-b04c-32cd2c26f792:c5242, 84ef4577-07e0-4c8d-900e-d449eb7bf65d:c5242]
2019-07-10 10:04:11,120 INFO  client.GrpcClientProtocolClient (GrpcClientProtocolClient.java:onNext(255)) - client-3502B0E99E4B->68798575-c94b-44a6-b996-25df487e3c54: receive RaftClientReply:client-3502B0E99E4B->68798575-c94b-44a6-b996-25df487e3c54@group-48C576E544C9, cid=3473, SUCCESS, logIndex=5249, commits[68798575-c94b-44a6-b996-25df487e3c54:c5250, 9ec8ead9-888e-415b-b04c-32cd2c26f792:c5248, 84ef4577-07e0-4c8d-900e-d449eb7bf65d:c5248]
2019-07-10 10:04:11,121 INFO  client.GrpcClientProtocolClient (GrpcClientProtocolClient.java:onNext(255)) - client-3502B0E99E4B->68798575-c94b-44a6-b996-25df487e3c54: receive RaftClientReply:client-3502B0E99E4B->68798575-c94b-44a6-b996-25df487e3c54@group-48C576E544C9, cid=3474, SUCCESS, logIndex=5250, commits[68798575-c94b-44a6-b996-25df487e3c54:c5250, 9ec8ead9-888e-415b-b04c-32cd2c26f792:c5248, 84ef4577-07e0-4c8d-900e-d449eb7bf65d:c5248]
2019-07-10 10:04:11,146 INFO  client.GrpcClientProtocolClient (GrpcClientProtocolClient.java:onNext(255)) - client-3502B0E99E4B->68798575-c94b-44a6-b996-25df487e3c54: receive RaftClientReply:client-3502B0E99E4B->68798575-c94b-44a6-b996-25df487e3c54@group-48C576E544C9, cid=3475, SUCCESS, logIndex=5253, commits[68798575-c94b-44a6-b996-25df487e3c54:c5254, 9ec8ead9-888e-415b-b04c-32cd2c26f792:c5250, 84ef4577-07e0-4c8d-900e-d449eb7bf65d:c5250]
2019-07-10 10:04:11,146 INFO  client.GrpcClientProtocolClient (GrpcClientProtocolClient.java:onNext(255)) - client-3502B0E99E4B->68798575-c94b-44a6-b996-25df487e3c54: receive RaftClientReply:client-3502B0E99E4B->68798575-c94b-44a6-b996-25df487e3c54@group-48C576E544C9, cid=3476, SUCCESS, logIndex=5254, commits[68798575-c94b-44a6-b996-25df487e3c54:c5254, 9ec8ead9-888e-415b-b04c-32cd2c26f792:c5250, 84ef4577-07e0-4c8d-900e-d449eb7bf65d:c5250]
2019-07-10 10:04:11,170 INFO  client.GrpcClientProtocolClient (GrpcClientProtocolClient.java:onNext(255)) - client-3502B0E99E4B->68798575-c94b-44a6-b996-25df487e3c54: receive RaftClientReply:client-3502B0E99E4B->68798575-c94b-44a6-b996-25df487e3c54@group-48C576E544C9, cid=3477, SUCCESS, logIndex=0, commits[68798575-c94b-44a6-b996-25df487e3c54:c5256, 9ec8ead9-888e-415b-b04c-32cd2c26f792:c5254, 84ef4577-07e0-4c8d-900e-d449eb7bf65d:c5254]
2019-07-10 10:04:11,206 INFO  client.GrpcClientProtocolClient (GrpcClientProtocolClient.java:onNext(255)) - client-3502B0E99E4B->68798575-c94b-44a6-b996-25df487e3c54: receive RaftClientReply:client-3502B0E99E4B->68798575-c94b-44a6-b996-25df487e3c54@group-48C576E544C9, cid=3478, SUCCESS, logIndex=5257, commits[68798575-c94b-44a6-b996-25df487e3c54:c5258, 9ec8ead9-888e-415b-b04c-32cd2c26f792:c5256, 84ef4577-07e0-4c8d-900e-d449eb7bf65d:c5256]
2019-07-10 10:04:11,207 INFO  client.GrpcClientProtocolClient (GrpcClientProtocolClient.java:onNext(255)) - client-3502B0E99E4B->68798575-c94b-44a6-b996-25df487e3c54: receive RaftClientReply:client-3502B0E99E4B->68798575-c94b-44a6-b996-25df487e3c54@group-48C576E544C9, cid=3479, SUCCESS, logIndex=5258, commits[68798575-c94b-44a6-b996-25df487e3c54:c5258, 9ec8ead9-888e-415b-b04c-32cd2c26f792:c5256, 84ef4577-07e0-4c8d-900e-d449eb7bf65d:c5256]
2019-07-10 10:04:11,219 INFO  client.GrpcClientProtocolClient (GrpcClientProtocolClient.java:onNext(255)) - client-3502B0E99E4B->68798575-c94b-44a6-b996-25df487e3c54: receive RaftClientReply:client-3502B0E99E4B->68798575-c94b-44a6-b996-25df487e3c54@group-48C576E544C9, cid=3480, SUCCESS, logIndex=5259, commits[68798575-c94b-44a6-b996-25df487e3c54:c5260, 9ec8ead9-888e-415b-b04c-32cd2c26f792:c5256, 84ef4577-07e0-4c8d-900e-d449eb7bf65d:c5256]
2019-07-10 10:04:11,219 INFO  client.GrpcClientProtocolClient (GrpcClientProtocolClient.java:onNext(255)) - client-3502B0E99E4B->68798575-c94b-44a6-b996-25df487e3c54: receive RaftClientReply:client-3502B0E99E4B->68798575-c94b-44a6-b996-25df487e3c54@group-48C576E544C9, cid=3481, SUCCESS, logIndex=5260, commits[68798575-c94b-44a6-b996-25df487e3c54:c5260, 9ec8ead9-888e-415b-b04c-32cd2c26f792:c5256, 84ef4577-07e0-4c8d-900e-d449eb7bf65d:c5256]
2019-07-10 10:04:11,246 INFO  client.GrpcClientProtocolClient (GrpcClientProtocolClient.java:onNext(255)) - client-3502B0E99E4B->68798575-c94b-44a6-b996-25df487e3c54: receive RaftClientReply:client-3502B0E99E4B->68798575-c94b-44a6-b996-25df487e3c54@group-48C576E544C9, cid=3482, SUCCESS, logIndex=0, commits[68798575-c94b-44a6-b996-25df487e3c54:c5262, 9ec8ead9-888e-415b-b04c-32cd2c26f792:c5258, 84ef4577-07e0-4c8d-900e-d449eb7bf65d:c5258]
2019-07-10 10:04:11,267 INFO  client.GrpcClientProtocolClient (GrpcClientProtocolClient.java:onNext(255)) - client-3502B0E99E4B->68798575-c94b-44a6-b996-25df487e3c54: receive RaftClientReply:client-3502B0E99E4B->68798575-c94b-44a6-b996-25df487e3c54@group-48C576E544C9, cid=3483, SUCCESS, logIndex=5265, commits[68798575-c94b-44a6-b996-25df487e3c54:c5266, 9ec8ead9-888e-415b-b04c-32cd2c26f792:c5264, 84ef4577-07e0-4c8d-900e-d449eb7bf65d:c5264]
2019-07-10 10:04:11,268 INFO  client.GrpcClientProtocolClient (GrpcClientProtocolClient.java:onNext(255)) - client-3502B0E99E4B->68798575-c94b-44a6-b996-25df487e3c54: receive RaftClientReply:client-3502B0E99E4B->68798575-c94b-44a6-b996-25df487e3c54@group-48C576E544C9, cid=3484, SUCCESS, logIndex=5266, commits[68798575-c94b-44a6-b996-25df487e3c54:c5266, 9ec8ead9-888e-415b-b04c-32cd2c26f792:c5264, 84ef4577-07e0-4c8d-900e-d449eb7bf65d:c5264]
2019-07-10 10:04:11,282 INFO  client.GrpcClientProtocolClient (GrpcClientProtocolClient.java:onNext(255)) - client-3502B0E99E4B->68798575-c94b-44a6-b996-25df487e3c54: receive RaftClientReply:client-3502B0E99E4B->68798575-c94b-44a6-b996-25df487e3c54@group-48C576E544C9, cid=3485, SUCCESS, logIndex=5269, commits[68798575-c94b-44a6-b996-25df487e3c54:c5270, 9ec8ead9-888e-415b-b04c-32cd2c26f792:c5265, 84ef4577-07e0-4c8d-900e-d449eb7bf65d:c5266]
2019-07-10 10:04:11,282 INFO  client.GrpcClientProtocolClient (GrpcClientProtocolClient.java:onNext(255)) - client-3502B0E99E4B->68798575-c94b-44a6-b996-25df487e3c54: receive RaftClientReply:client-3502B0E99E4B->68798575-c94b-44a6-b996-25df487e3c54@group-48C576E544C9, cid=3486, SUCCESS, logIndex=5270, commits[68798575-c94b-44a6-b996-25df487e3c54:c5270, 9ec8ead9-888e-415b-b04c-32cd2c26f792:c5266, 84ef4577-07e0-4c8d-900e-d449eb7bf65d:c5266]
2019-07-10 10:04:11,285 INFO  client.GrpcClientProtocolClient (GrpcClientProtocolClient.java:onNext(255)) - client-3502B0E99E4B->68798575-c94b-44a6-b996-25df487e3c54: receive RaftClientReply:client-3502B0E99E4B->68798575-c94b-44a6-b996-25df487e3c54@group-48C576E544C9, cid=3487, SUCCESS, logIndex=0, commits[68798575-c94b-44a6-b996-25df487e3c54:c5271, 9ec8ead9-888e-415b-b04c-32cd2c26f792:c5270, 84ef4577-07e0-4c8d-900e-d449eb7bf65d:c5270]
2019-07-10 10:04:11,318 INFO  client.GrpcClientProtocolClient (GrpcClientProtocolClient.java:onNext(255)) - client-3502B0E99E4B->68798575-c94b-44a6-b996-25df487e3c54: receive RaftClientReply:client-3502B0E99E4B->68798575-c94b-44a6-b996-25df487e3c54@group-48C576E544C9, cid=3488, SUCCESS, logIndex=5273, commits[68798575-c94b-44a6-b996-25df487e3c54:c5274, 9ec8ead9-888e-415b-b04c-32cd2c26f792:c5272, 84ef4577-07e0-4c8d-900e-d449eb7bf65d:c5272]
2019-07-10 10:04:11,319 INFO  client.GrpcClientProtocolClient (GrpcClientProtocolClient.java:onNext(255)) - client-3502B0E99E4B->68798575-c94b-44a6-b996-25df487e3c54: receive RaftClientReply:client-3502B0E99E4B->68798575-c94b-44a6-b996-25df487e3c54@group-48C576E544C9, cid=3489, SUCCESS, logIndex=5274, commits[68798575-c94b-44a6-b996-25df487e3c54:c5274, 9ec8ead9-888e-415b-b04c-32cd2c26f792:c5272, 84ef4577-07e0-4c8d-900e-d449eb7bf65d:c5272]
2019-07-10 10:04:11,331 INFO  client.GrpcClientProtocolClient (GrpcClientProtocolClient.java:onNext(255)) - client-3502B0E99E4B->68798575-c94b-44a6-b996-25df487e3c54: receive RaftClientReply:client-3502B0E99E4B->68798575-c94b-44a6-b996-25df487e3c54@group-48C576E544C9, cid=3490, SUCCESS, logIndex=5275, commits[68798575-c94b-44a6-b996-25df487e3c54:c5276, 9ec8ead9-888e-415b-b04c-32cd2c26f792:c5272, 84ef4577-07e0-4c8d-900e-d449eb7bf65d:c5272]
2019-07-10 10:04:11,331 INFO  client.GrpcClientProtocolClient (GrpcClientProtocolClient.java:onNext(255)) - client-3502B0E99E4B->68798575-c94b-44a6-b996-25df487e3c54: receive RaftClientReply:client-3502B0E99E4B->68798575-c94b-44a6-b996-25df487e3c54@group-48C576E544C9, cid=3491, SUCCESS, logIndex=5276, commits[68798575-c94b-44a6-b996-25df487e3c54:c5277, 9ec8ead9-888e-415b-b04c-32cd2c26f792:c5272, 84ef4577-07e0-4c8d-900e-d449eb7bf65d:c5273]
2019-07-10 10:04:11,332 INFO  client.GrpcClientProtocolClient (GrpcClientProtocolClient.java:onNext(255)) - client-3502B0E99E4B->68798575-c94b-44a6-b996-25df487e3c54: receive RaftClientReply:client-3502B0E99E4B->68798575-c94b-44a6-b996-25df487e3c54@group-48C576E544C9, cid=3492, SUCCESS, logIndex=0, commits[68798575-c94b-44a6-b996-25df487e3c54:c5280, 9ec8ead9-888e-415b-b04c-32cd2c26f792:c5274, 84ef4577-07e0-4c8d-900e-d449eb7bf65d:c5276]
2019-07-10 10:04:11,350 INFO  client.GrpcClientProtocolClient (GrpcClientProtocolClient.java:onNext(255)) - client-3502B0E99E4B->68798575-c94b-44a6-b996-25df487e3c54: receive RaftClientReply:client-3502B0E99E4B->68798575-c94b-44a6-b996-25df487e3c54@group-48C576E544C9, cid=3493, SUCCESS, logIndex=5281, commits[68798575-c94b-44a6-b996-25df487e3c54:c5282, 9ec8ead9-888e-415b-b04c-32cd2c26f792:c5280, 84ef4577-07e0-4c8d-900e-d449eb7bf65d:c5280]
2019-07-10 10:04:11,351 INFO  client.GrpcClientProtocolClient (GrpcClientProtocolClient.java:onNext(255)) - client-3502B0E99E4B->68798575-c94b-44a6-b996-25df487e3c54: receive RaftClientReply:client-3502B0E99E4B->68798575-c94b-44a6-b996-25df487e3c54@group-48C576E544C9, cid=3494, SUCCESS, logIndex=5282, commits[68798575-c94b-44a6-b996-25df487e3c54:c5282, 9ec8ead9-888e-415b-b04c-32cd2c26f792:c5280, 84ef4577-07e0-4c8d-900e-d449eb7bf65d:c5280]
2019-07-10 10:04:11,363 INFO  client.GrpcClientProtocolClient (GrpcClientProtocolClient.java:onNext(255)) - client-3502B0E99E4B->68798575-c94b-44a6-b996-25df487e3c54: receive RaftClientReply:client-3502B0E99E4B->68798575-c94b-44a6-b996-25df487e3c54@group-48C576E544C9, cid=3495, SUCCESS, logIndex=5285, commits[68798575-c94b-44a6-b996-25df487e3c54:c5286, 9ec8ead9-888e-415b-b04c-32cd2c26f792:c5282, 84ef4577-07e0-4c8d-900e-d449eb7bf65d:c5282]
2019-07-10 10:04:11,363 INFO  client.GrpcClientProtocolClient (GrpcClientProtocolClient.java:onNext(255)) - client-3502B0E99E4B->68798575-c94b-44a6-b996-25df487e3c54: receive RaftClientReply:client-3502B0E99E4B->68798575-c94b-44a6-b996-25df487e3c54@group-48C576E544C9, cid=3496, SUCCESS, logIndex=5286, commits[68798575-c94b-44a6-b996-25df487e3c54:c5286, 9ec8ead9-888e-415b-b04c-32cd2c26f792:c5282, 84ef4577-07e0-4c8d-900e-d449eb7bf65d:c5282]
2019-07-10 10:04:11,376 INFO  client.GrpcClientProtocolClient (GrpcClientProtocolClient.java:onNext(255)) - client-3502B0E99E4B->68798575-c94b-44a6-b996-25df487e3c54: receive RaftClientReply:client-3502B0E99E4B->68798575-c94b-44a6-b996-25df487e3c54@group-48C576E544C9, cid=3497, SUCCESS, logIndex=0, commits[68798575-c94b-44a6-b996-25df487e3c54:c5288, 9ec8ead9-888e-415b-b04c-32cd2c26f792:c5286, 84ef4577-07e0-4c8d-900e-d449eb7bf65d:c5286]
2019-07-10 10:04:11,407 INFO  client.GrpcClientProtocolClient (GrpcClientProtocolClient.java:onNext(255)) - client-3502B0E99E4B->68798575-c94b-44a6-b996-25df487e3c54: receive RaftClientReply:client-3502B0E99E4B->68798575-c94b-44a6-b996-25df487e3c54@group-48C576E544C9, cid=3498, SUCCESS, logIndex=5289, commits[68798575-c94b-44a6-b996-25df487e3c54:c5290, 9ec8ead9-888e-415b-b04c-32cd2c26f792:c5288, 84ef4577-07e0-4c8d-900e-d449eb7bf65d:c5288]
2019-07-10 10:04:11,408 INFO  client.GrpcClientProtocolClient (GrpcClientProtocolClient.java:onNext(255)) - client-3502B0E99E4B->68798575-c94b-44a6-b996-25df487e3c54: receive RaftClientReply:client-3502B0E99E4B->68798575-c94b-44a6-b996-25df487e3c54@group-48C576E544C9, cid=3499, SUCCESS, logIndex=5290, commits[68798575-c94b-44a6-b996-25df487e3c54:c5290, 9ec8ead9-888e-415b-b04c-32cd2c26f792:c5288, 84ef4577-07e0-4c8d-900e-d449eb7bf65d:c5288]
2019-07-10 10:04:11,417 INFO  client.GrpcClientProtocolClient (GrpcClientProtocolClient.java:onNext(255)) - client-3502B0E99E4B->68798575-c94b-44a6-b996-25df487e3c54: receive RaftClientReply:client-3502B0E99E4B->68798575-c94b-44a6-b996-25df487e3c54@group-48C576E544C9, cid=3500, SUCCESS, logIndex=5291, commits[68798575-c94b-44a6-b996-25df487e3c54:c5292, 9ec8ead9-888e-415b-b04c-32cd2c26f792:c5288, 84ef4577-07e0-4c8d-900e-d449eb7bf65d:c5288]
2019-07-10 10:04:11,417 INFO  client.GrpcClientProtocolClient (GrpcClientProtocolClient.java:onNext(255)) - client-3502B0E99E4B->68798575-c94b-44a6-b996-25df487e3c54: receive RaftClientReply:client-3502B0E99E4B->68798575-c94b-44a6-b996-25df487e3c54@group-48C576E544C9, cid=3501, SUCCESS, logIndex=5292, commits[68798575-c94b-44a6-b996-25df487e3c54:c5292, 9ec8ead9-888e-415b-b04c-32cd2c26f792:c5288, 84ef4577-07e0-4c8d-900e-d449eb7bf65d:c5288]
2019-07-10 10:04:11,419 INFO  client.GrpcClientProtocolClient (GrpcClientProtocolClient.java:onNext(255)) - client-3502B0E99E4B->68798575-c94b-44a6-b996-25df487e3c54: receive RaftClientReply:client-3502B0E99E4B->68798575-c94b-44a6-b996-25df487e3c54@group-48C576E544C9, cid=3502, SUCCESS, logIndex=0, commits[68798575-c94b-44a6-b996-25df487e3c54:c5292, 9ec8ead9-888e-415b-b04c-32cd2c26f792:c5290, 84ef4577-07e0-4c8d-900e-d449eb7bf65d:c5290]
2019-07-10 10:04:11,446 INFO  client.GrpcClientProtocolClient (GrpcClientProtocolClient.java:onNext(255)) - client-3502B0E99E4B->68798575-c94b-44a6-b996-25df487e3c54: receive RaftClientReply:client-3502B0E99E4B->68798575-c94b-44a6-b996-25df487e3c54@group-48C576E544C9, cid=3503, SUCCESS, logIndex=5297, commits[68798575-c94b-44a6-b996-25df487e3c54:c5297, 9ec8ead9-888e-415b-b04c-32cd2c26f792:c5292, 84ef4577-07e0-4c8d-900e-d449eb7bf65d:c5292]
2019-07-10 10:04:11,446 INFO  client.GrpcClientProtocolClient (GrpcClientProtocolClient.java:onNext(255)) - client-3502B0E99E4B->68798575-c94b-44a6-b996-25df487e3c54: receive RaftClientReply:client-3502B0E99E4B->68798575-c94b-44a6-b996-25df487e3c54@group-48C576E544C9, cid=3504, SUCCESS, logIndex=5298, commits[68798575-c94b-44a6-b996-25df487e3c54:c5298, 9ec8ead9-888e-415b-b04c-32cd2c26f792:c5292, 84ef4577-07e0-4c8d-900e-d449eb7bf65d:c5292]
2019-07-10 10:04:11,481 INFO  client.GrpcClientProtocolClient (GrpcClientProtocolClient.java:onNext(255)) - client-3502B0E99E4B->68798575-c94b-44a6-b996-25df487e3c54: receive RaftClientReply:client-3502B0E99E4B->68798575-c94b-44a6-b996-25df487e3c54@group-48C576E544C9, cid=3505, SUCCESS, logIndex=5301, commits[68798575-c94b-44a6-b996-25df487e3c54:c5302, 9ec8ead9-888e-415b-b04c-32cd2c26f792:c5298, 84ef4577-07e0-4c8d-900e-d449eb7bf65d:c5298]
2019-07-10 10:04:11,481 INFO  client.GrpcClientProtocolClient (GrpcClientProtocolClient.java:onNext(255)) - client-3502B0E99E4B->68798575-c94b-44a6-b996-25df487e3c54: receive RaftClientReply:client-3502B0E99E4B->68798575-c94b-44a6-b996-25df487e3c54@group-48C576E544C9, cid=3506, SUCCESS, logIndex=5302, commits[68798575-c94b-44a6-b996-25df487e3c54:c5302, 9ec8ead9-888e-415b-b04c-32cd2c26f792:c5298, 84ef4577-07e0-4c8d-900e-d449eb7bf65d:c5298]
2019-07-10 10:04:11,512 INFO  client.GrpcClientProtocolClient (GrpcClientProtocolClient.java:onNext(255)) - client-3502B0E99E4B->68798575-c94b-44a6-b996-25df487e3c54: receive RaftClientReply:client-3502B0E99E4B->68798575-c94b-44a6-b996-25df487e3c54@group-48C576E544C9, cid=3507, SUCCESS, logIndex=0, commits[68798575-c94b-44a6-b996-25df487e3c54:c5304, 9ec8ead9-888e-415b-b04c-32cd2c26f792:c5302, 84ef4577-07e0-4c8d-900e-d449eb7bf65d:c5302]
2019-07-10 10:04:11,547 INFO  client.GrpcClientProtocolClient (GrpcClientProtocolClient.java:onNext(255)) - client-3502B0E99E4B->68798575-c94b-44a6-b996-25df487e3c54: receive RaftClientReply:client-3502B0E99E4B->68798575-c94b-44a6-b996-25df487e3c54@group-48C576E544C9, cid=3508, SUCCESS, logIndex=5305, commits[68798575-c94b-44a6-b996-25df487e3c54:c5306, 9ec8ead9-888e-415b-b04c-32cd2c26f792:c5304, 84ef4577-07e0-4c8d-900e-d449eb7bf65d:c5304]
2019-07-10 10:04:11,547 INFO  client.GrpcClientProtocolClient (GrpcClientProtocolClient.java:onNext(255)) - client-3502B0E99E4B->68798575-c94b-44a6-b996-25df487e3c54: receive RaftClientReply:client-3502B0E99E4B->68798575-c94b-44a6-b996-25df487e3c54@group-48C576E544C9, cid=3509, SUCCESS, logIndex=5306, commits[68798575-c94b-44a6-b996-25df487e3c54:c5308, 9ec8ead9-888e-415b-b04c-32cd2c26f792:c5304, 84ef4577-07e0-4c8d-900e-d449eb7bf65d:c5304]
2019-07-10 10:04:11,548 INFO  client.GrpcClientProtocolClient (GrpcClientProtocolClient.java:onNext(255)) - client-3502B0E99E4B->68798575-c94b-44a6-b996-25df487e3c54: receive RaftClientReply:client-3502B0E99E4B->68798575-c94b-44a6-b996-25df487e3c54@group-48C576E544C9, cid=3510, SUCCESS, logIndex=5307, commits[68798575-c94b-44a6-b996-25df487e3c54:c5308, 9ec8ead9-888e-415b-b04c-32cd2c26f792:c5304, 84ef4577-07e0-4c8d-900e-d449eb7bf65d:c5304]
2019-07-10 10:04:11,548 INFO  client.GrpcClientProtocolClient (GrpcClientProtocolClient.java:onNext(255)) - client-3502B0E99E4B->68798575-c94b-44a6-b996-25df487e3c54: receive RaftClientReply:client-3502B0E99E4B->68798575-c94b-44a6-b996-25df487e3c54@group-48C576E544C9, cid=3511, SUCCESS, logIndex=5308, commits[68798575-c94b-44a6-b996-25df487e3c54:c5308, 9ec8ead9-888e-415b-b04c-32cd2c26f792:c5305, 84ef4577-07e0-4c8d-900e-d449eb7bf65d:c5304]
2019-07-10 10:04:11,549 INFO  client.GrpcClientProtocolClient (GrpcClientProtocolClient.java:onNext(255)) - client-3502B0E99E4B->68798575-c94b-44a6-b996-25df487e3c54: receive RaftClientReply:client-3502B0E99E4B->68798575-c94b-44a6-b996-25df487e3c54@group-48C576E544C9, cid=3512, SUCCESS, logIndex=0, commits[68798575-c94b-44a6-b996-25df487e3c54:c5311, 9ec8ead9-888e-415b-b04c-32cd2c26f792:c5308, 84ef4577-07e0-4c8d-900e-d449eb7bf65d:c5306]
2019-07-10 10:04:11,576 INFO  client.GrpcClientProtocolClient (GrpcClientProtocolClient.java:onNext(255)) - client-3502B0E99E4B->68798575-c94b-44a6-b996-25df487e3c54: receive RaftClientReply:client-3502B0E99E4B->68798575-c94b-44a6-b996-25df487e3c54@group-48C576E544C9, cid=3513, SUCCESS, logIndex=5312, commits[68798575-c94b-44a6-b996-25df487e3c54:c5313, 9ec8ead9-888e-415b-b04c-32cd2c26f792:c5311, 84ef4577-07e0-4c8d-900e-d449eb7bf65d:c5311]
2019-07-10 10:04:11,576 INFO  client.GrpcClientProtocolClient (GrpcClientProtocolClient.java:onNext(255)) - client-3502B0E99E4B->68798575-c94b-44a6-b996-25df487e3c54: receive RaftClientReply:client-3502B0E99E4B->68798575-c94b-44a6-b996-25df487e3c54@group-48C576E544C9, cid=3514, SUCCESS, logIndex=5313, commits[68798575-c94b-44a6-b996-25df487e3c54:c5313, 9ec8ead9-888e-415b-b04c-32cd2c26f792:c5311, 84ef4577-07e0-4c8d-900e-d449eb7bf65d:c5311]
2019-07-10 10:04:11,598 INFO  client.GrpcClientProtocolClient (GrpcClientProtocolClient.java:onNext(255)) - client-3502B0E99E4B->68798575-c94b-44a6-b996-25df487e3c54: receive RaftClientReply:client-3502B0E99E4B->68798575-c94b-44a6-b996-25df487e3c54@group-48C576E544C9, cid=3515, SUCCESS, logIndex=5316, commits[68798575-c94b-44a6-b996-25df487e3c54:c5317, 9ec8ead9-888e-415b-b04c-32cd2c26f792:c5313, 84ef4577-07e0-4c8d-900e-d449eb7bf65d:c5313]
2019-07-10 10:04:11,599 INFO  client.GrpcClientProtocolClient (GrpcClientProtocolClient.java:onNext(255)) - client-3502B0E99E4B->68798575-c94b-44a6-b996-25df487e3c54: receive RaftClientReply:client-3502B0E99E4B->68798575-c94b-44a6-b996-25df487e3c54@group-48C576E544C9, cid=3516, SUCCESS, logIndex=5317, commits[68798575-c94b-44a6-b996-25df487e3c54:c5317, 9ec8ead9-888e-415b-b04c-32cd2c26f792:c5313, 84ef4577-07e0-4c8d-900e-d449eb7bf65d:c5313]
2019-07-10 10:04:11,615 INFO  client.GrpcClientProtocolClient (GrpcClientProtocolClient.java:onNext(255)) - client-3502B0E99E4B->68798575-c94b-44a6-b996-25df487e3c54: receive RaftClientReply:client-3502B0E99E4B->68798575-c94b-44a6-b996-25df487e3c54@group-48C576E544C9, cid=3517, SUCCESS, logIndex=0, commits[68798575-c94b-44a6-b996-25df487e3c54:c5318, 9ec8ead9-888e-415b-b04c-32cd2c26f792:c5317, 84ef4577-07e0-4c8d-900e-d449eb7bf65d:c5317]
2019-07-10 10:04:11,647 INFO  client.GrpcClientProtocolClient (GrpcClientProtocolClient.java:onNext(255)) - client-3502B0E99E4B->68798575-c94b-44a6-b996-25df487e3c54: receive RaftClientReply:client-3502B0E99E4B->68798575-c94b-44a6-b996-25df487e3c54@group-48C576E544C9, cid=3518, SUCCESS, logIndex=5320, commits[68798575-c94b-44a6-b996-25df487e3c54:c5322, 9ec8ead9-888e-415b-b04c-32cd2c26f792:c5319, 84ef4577-07e0-4c8d-900e-d449eb7bf65d:c5319]
2019-07-10 10:04:11,648 INFO  client.GrpcClientProtocolClient (GrpcClientProtocolClient.java:onNext(255)) - client-3502B0E99E4B->68798575-c94b-44a6-b996-25df487e3c54: receive RaftClientReply:client-3502B0E99E4B->68798575-c94b-44a6-b996-25df487e3c54@group-48C576E544C9, cid=3519, SUCCESS, logIndex=5321, commits[68798575-c94b-44a6-b996-25df487e3c54:c5323, 9ec8ead9-888e-415b-b04c-32cd2c26f792:c5319, 84ef4577-07e0-4c8d-900e-d449eb7bf65d:c5319]
2019-07-10 10:04:11,648 INFO  client.GrpcClientProtocolClient (GrpcClientProtocolClient.java:onNext(255)) - client-3502B0E99E4B->68798575-c94b-44a6-b996-25df487e3c54: receive RaftClientReply:client-3502B0E99E4B->68798575-c94b-44a6-b996-25df487e3c54@group-48C576E544C9, cid=3520, SUCCESS, logIndex=5322, commits[68798575-c94b-44a6-b996-25df487e3c54:c5323, 9ec8ead9-888e-415b-b04c-32cd2c26f792:c5319, 84ef4577-07e0-4c8d-900e-d449eb7bf65d:c5319]
2019-07-10 10:04:11,649 INFO  client.GrpcClientProtocolClient (GrpcClientProtocolClient.java:onNext(255)) - client-3502B0E99E4B->68798575-c94b-44a6-b996-25df487e3c54: receive RaftClientReply:client-3502B0E99E4B->68798575-c94b-44a6-b996-25df487e3c54@group-48C576E544C9, cid=3521, SUCCESS, logIndex=5323, commits[68798575-c94b-44a6-b996-25df487e3c54:c5323, 9ec8ead9-888e-415b-b04c-32cd2c26f792:c5319, 84ef4577-07e0-4c8d-900e-d449eb7bf65d:c5319]
2019-07-10 10:04:11,651 INFO  client.GrpcClientProtocolClient (GrpcClientProtocolClient.java:onNext(255)) - client-3502B0E99E4B->68798575-c94b-44a6-b996-25df487e3c54: receive RaftClientReply:client-3502B0E99E4B->68798575-c94b-44a6-b996-25df487e3c54@group-48C576E544C9, cid=3522, SUCCESS, logIndex=0, commits[68798575-c94b-44a6-b996-25df487e3c54:c5325, 9ec8ead9-888e-415b-b04c-32cd2c26f792:c5321, 84ef4577-07e0-4c8d-900e-d449eb7bf65d:c5321]
2019-07-10 10:04:11,664 INFO  client.GrpcClientProtocolClient (GrpcClientProtocolClient.java:onNext(255)) - client-3502B0E99E4B->68798575-c94b-44a6-b996-25df487e3c54: receive RaftClientReply:client-3502B0E99E4B->68798575-c94b-44a6-b996-25df487e3c54@group-48C576E544C9, cid=3523, SUCCESS, logIndex=5328, commits[68798575-c94b-44a6-b996-25df487e3c54:c5329, 9ec8ead9-888e-415b-b04c-32cd2c26f792:c5327, 84ef4577-07e0-4c8d-900e-d449eb7bf65d:c5327]
2019-07-10 10:04:11,665 INFO  client.GrpcClientProtocolClient (GrpcClientProtocolClient.java:onNext(255)) - client-3502B0E99E4B->68798575-c94b-44a6-b996-25df487e3c54: receive RaftClientReply:client-3502B0E99E4B->68798575-c94b-44a6-b996-25df487e3c54@group-48C576E544C9, cid=3524, SUCCESS, logIndex=5329, commits[68798575-c94b-44a6-b996-25df487e3c54:c5329, 9ec8ead9-888e-415b-b04c-32cd2c26f792:c5327, 84ef4577-07e0-4c8d-900e-d449eb7bf65d:c5327]
2019-07-10 10:04:11,693 INFO  client.GrpcClientProtocolClient (GrpcClientProtocolClient.java:onNext(255)) - client-3502B0E99E4B->68798575-c94b-44a6-b996-25df487e3c54: receive RaftClientReply:client-3502B0E99E4B->68798575-c94b-44a6-b996-25df487e3c54@group-48C576E544C9, cid=3525, SUCCESS, logIndex=5332, commits[68798575-c94b-44a6-b996-25df487e3c54:c5333, 9ec8ead9-888e-415b-b04c-32cd2c26f792:c5330, 84ef4577-07e0-4c8d-900e-d449eb7bf65d:c5330]
2019-07-10 10:04:11,694 INFO  client.GrpcClientProtocolClient (GrpcClientProtocolClient.java:onNext(255)) - client-3502B0E99E4B->68798575-c94b-44a6-b996-25df487e3c54: receive RaftClientReply:client-3502B0E99E4B->68798575-c94b-44a6-b996-25df487e3c54@group-48C576E544C9, cid=3526, SUCCESS, logIndex=5333, commits[68798575-c94b-44a6-b996-25df487e3c54:c5333, 9ec8ead9-888e-415b-b04c-32cd2c26f792:c5330, 84ef4577-07e0-4c8d-900e-d449eb7bf65d:c5330]
2019-07-10 10:04:11,720 INFO  client.GrpcClientProtocolClient (GrpcClientProtocolClient.java:onNext(255)) - client-3502B0E99E4B->68798575-c94b-44a6-b996-25df487e3c54: receive RaftClientReply:client-3502B0E99E4B->68798575-c94b-44a6-b996-25df487e3c54@group-48C576E544C9, cid=3527, SUCCESS, logIndex=0, commits[68798575-c94b-44a6-b996-25df487e3c54:c5335, 9ec8ead9-888e-415b-b04c-32cd2c26f792:c5333, 84ef4577-07e0-4c8d-900e-d449eb7bf65d:c5333]
2019-07-10 10:04:11,760 INFO  client.GrpcClientProtocolClient (GrpcClientProtocolClient.java:onNext(255)) - client-3502B0E99E4B->68798575-c94b-44a6-b996-25df487e3c54: receive RaftClientReply:client-3502B0E99E4B->68798575-c94b-44a6-b996-25df487e3c54@group-48C576E544C9, cid=3528, SUCCESS, logIndex=5336, commits[68798575-c94b-44a6-b996-25df487e3c54:c5337, 9ec8ead9-888e-415b-b04c-32cd2c26f792:c5335, 84ef4577-07e0-4c8d-900e-d449eb7bf65d:c5335]
2019-07-10 10:04:11,761 INFO  client.GrpcClientProtocolClient (GrpcClientProtocolClient.java:onNext(255)) - client-3502B0E99E4B->68798575-c94b-44a6-b996-25df487e3c54: receive RaftClientReply:client-3502B0E99E4B->68798575-c94b-44a6-b996-25df487e3c54@group-48C576E544C9, cid=3529, SUCCESS, logIndex=5337, commits[68798575-c94b-44a6-b996-25df487e3c54:c5337, 9ec8ead9-888e-415b-b04c-32cd2c26f792:c5335, 84ef4577-07e0-4c8d-900e-d449eb7bf65d:c5335]
2019-07-10 10:04:11,769 INFO  client.GrpcClientProtocolClient (GrpcClientProtocolClient.java:onNext(255)) - client-3502B0E99E4B->68798575-c94b-44a6-b996-25df487e3c54: receive RaftClientReply:client-3502B0E99E4B->68798575-c94b-44a6-b996-25df487e3c54@group-48C576E544C9, cid=3530, SUCCESS, logIndex=5338, commits[68798575-c94b-44a6-b996-25df487e3c54:c5339, 9ec8ead9-888e-415b-b04c-32cd2c26f792:c5335, 84ef4577-07e0-4c8d-900e-d449eb7bf65d:c5335]
2019-07-10 10:04:11,770 INFO  client.GrpcClientProtocolClient (GrpcClientProtocolClient.java:onNext(255)) - client-3502B0E99E4B->68798575-c94b-44a6-b996-25df487e3c54: receive RaftClientReply:client-3502B0E99E4B->68798575-c94b-44a6-b996-25df487e3c54@group-48C576E544C9, cid=3531, SUCCESS, logIndex=5339, commits[68798575-c94b-44a6-b996-25df487e3c54:c5339, 9ec8ead9-888e-415b-b04c-32cd2c26f792:c5335, 84ef4577-07e0-4c8d-900e-d449eb7bf65d:c5335]
2019-07-10 10:04:11,786 INFO  client.GrpcClientProtocolClient (GrpcClientProtocolClient.java:onNext(255)) - client-3502B0E99E4B->68798575-c94b-44a6-b996-25df487e3c54: receive RaftClientReply:client-3502B0E99E4B->68798575-c94b-44a6-b996-25df487e3c54@group-48C576E544C9, cid=3532, SUCCESS, logIndex=0, commits[68798575-c94b-44a6-b996-25df487e3c54:c5341, 9ec8ead9-888e-415b-b04c-32cd2c26f792:c5337, 84ef4577-07e0-4c8d-900e-d449eb7bf65d:c5339]
2019-07-10 10:04:11,794 INFO  segmented.SegmentedRaftLogWorker (SegmentedRaftLogWorker.java:rollLogSegment(385)) - 68798575-c94b-44a6-b996-25df487e3c54-SegmentedRaftLogWorker:Storage Directory /tmp/workdir/hadoop-ozone/tools/target/test-dir/MiniOzoneClusterImpl-3588802b-29d5-458e-ab95-bdb06f158747/datanode-2/data/ratis/1eab7140-62bc-45d4-a440-48c576e544c9: Rolling segment log-0_5343 to index:5343
2019-07-10 10:04:11,797 INFO  segmented.SegmentedRaftLogWorker (SegmentedRaftLogWorker.java:rollLogSegment(385)) - 84ef4577-07e0-4c8d-900e-d449eb7bf65d-SegmentedRaftLogWorker:Storage Directory /tmp/workdir/hadoop-ozone/tools/target/test-dir/MiniOzoneClusterImpl-3588802b-29d5-458e-ab95-bdb06f158747/datanode-0/data/ratis/1eab7140-62bc-45d4-a440-48c576e544c9: Rolling segment log-0_5343 to index:5343
2019-07-10 10:04:11,797 INFO  segmented.SegmentedRaftLogWorker (SegmentedRaftLogWorker.java:rollLogSegment(385)) - 9ec8ead9-888e-415b-b04c-32cd2c26f792-SegmentedRaftLogWorker:Storage Directory /tmp/workdir/hadoop-ozone/tools/target/test-dir/MiniOzoneClusterImpl-3588802b-29d5-458e-ab95-bdb06f158747/datanode-3/data/ratis/1eab7140-62bc-45d4-a440-48c576e544c9: Rolling segment log-0_5343 to index:5343
2019-07-10 10:04:11,798 INFO  segmented.SegmentedRaftLogWorker (SegmentedRaftLogWorker.java:execute(526)) - 68798575-c94b-44a6-b996-25df487e3c54-SegmentedRaftLogWorker:Storage Directory /tmp/workdir/hadoop-ozone/tools/target/test-dir/MiniOzoneClusterImpl-3588802b-29d5-458e-ab95-bdb06f158747/datanode-2/data/ratis/1eab7140-62bc-45d4-a440-48c576e544c9: Rolled log segment from /tmp/workdir/hadoop-ozone/tools/target/test-dir/MiniOzoneClusterImpl-3588802b-29d5-458e-ab95-bdb06f158747/datanode-2/data/ratis/1eab7140-62bc-45d4-a440-48c576e544c9/current/log_inprogress_0 to /tmp/workdir/hadoop-ozone/tools/target/test-dir/MiniOzoneClusterImpl-3588802b-29d5-458e-ab95-bdb06f158747/datanode-2/data/ratis/1eab7140-62bc-45d4-a440-48c576e544c9/current/log_0-5343
2019-07-10 10:04:11,799 INFO  segmented.SegmentedRaftLogWorker (SegmentedRaftLogWorker.java:execute(526)) - 84ef4577-07e0-4c8d-900e-d449eb7bf65d-SegmentedRaftLogWorker:Storage Directory /tmp/workdir/hadoop-ozone/tools/target/test-dir/MiniOzoneClusterImpl-3588802b-29d5-458e-ab95-bdb06f158747/datanode-0/data/ratis/1eab7140-62bc-45d4-a440-48c576e544c9: Rolled log segment from /tmp/workdir/hadoop-ozone/tools/target/test-dir/MiniOzoneClusterImpl-3588802b-29d5-458e-ab95-bdb06f158747/datanode-0/data/ratis/1eab7140-62bc-45d4-a440-48c576e544c9/current/log_inprogress_0 to /tmp/workdir/hadoop-ozone/tools/target/test-dir/MiniOzoneClusterImpl-3588802b-29d5-458e-ab95-bdb06f158747/datanode-0/data/ratis/1eab7140-62bc-45d4-a440-48c576e544c9/current/log_0-5343
2019-07-10 10:04:11,801 INFO  segmented.SegmentedRaftLogWorker (SegmentedRaftLogWorker.java:execute(526)) - 9ec8ead9-888e-415b-b04c-32cd2c26f792-SegmentedRaftLogWorker:Storage Directory /tmp/workdir/hadoop-ozone/tools/target/test-dir/MiniOzoneClusterImpl-3588802b-29d5-458e-ab95-bdb06f158747/datanode-3/data/ratis/1eab7140-62bc-45d4-a440-48c576e544c9: Rolled log segment from /tmp/workdir/hadoop-ozone/tools/target/test-dir/MiniOzoneClusterImpl-3588802b-29d5-458e-ab95-bdb06f158747/datanode-3/data/ratis/1eab7140-62bc-45d4-a440-48c576e544c9/current/log_inprogress_0 to /tmp/workdir/hadoop-ozone/tools/target/test-dir/MiniOzoneClusterImpl-3588802b-29d5-458e-ab95-bdb06f158747/datanode-3/data/ratis/1eab7140-62bc-45d4-a440-48c576e544c9/current/log_0-5343
2019-07-10 10:04:11,838 INFO  segmented.SegmentedRaftLogWorker (SegmentedRaftLogWorker.java:execute(569)) - 68798575-c94b-44a6-b996-25df487e3c54-SegmentedRaftLogWorker:Storage Directory /tmp/workdir/hadoop-ozone/tools/target/test-dir/MiniOzoneClusterImpl-3588802b-29d5-458e-ab95-bdb06f158747/datanode-2/data/ratis/1eab7140-62bc-45d4-a440-48c576e544c9: created new log segment /tmp/workdir/hadoop-ozone/tools/target/test-dir/MiniOzoneClusterImpl-3588802b-29d5-458e-ab95-bdb06f158747/datanode-2/data/ratis/1eab7140-62bc-45d4-a440-48c576e544c9/current/log_inprogress_5344
2019-07-10 10:04:11,842 INFO  client.GrpcClientProtocolClient (GrpcClientProtocolClient.java:onNext(255)) - client-3502B0E99E4B->68798575-c94b-44a6-b996-25df487e3c54: receive RaftClientReply:client-3502B0E99E4B->68798575-c94b-44a6-b996-25df487e3c54@group-48C576E544C9, cid=3533, SUCCESS, logIndex=5343, commits[68798575-c94b-44a6-b996-25df487e3c54:c5343, 9ec8ead9-888e-415b-b04c-32cd2c26f792:c5341, 84ef4577-07e0-4c8d-900e-d449eb7bf65d:c5341]
2019-07-10 10:04:11,838 INFO  segmented.SegmentedRaftLogWorker (SegmentedRaftLogWorker.java:execute(569)) - 84ef4577-07e0-4c8d-900e-d449eb7bf65d-SegmentedRaftLogWorker:Storage Directory /tmp/workdir/hadoop-ozone/tools/target/test-dir/MiniOzoneClusterImpl-3588802b-29d5-458e-ab95-bdb06f158747/datanode-0/data/ratis/1eab7140-62bc-45d4-a440-48c576e544c9: created new log segment /tmp/workdir/hadoop-ozone/tools/target/test-dir/MiniOzoneClusterImpl-3588802b-29d5-458e-ab95-bdb06f158747/datanode-0/data/ratis/1eab7140-62bc-45d4-a440-48c576e544c9/current/log_inprogress_5344
2019-07-10 10:04:11,859 INFO  client.GrpcClientProtocolClient (GrpcClientProtocolClient.java:onNext(255)) - client-3502B0E99E4B->68798575-c94b-44a6-b996-25df487e3c54: receive RaftClientReply:client-3502B0E99E4B->68798575-c94b-44a6-b996-25df487e3c54@group-48C576E544C9, cid=3534, SUCCESS, logIndex=5344, commits[68798575-c94b-44a6-b996-25df487e3c54:c5345, 9ec8ead9-888e-415b-b04c-32cd2c26f792:c5341, 84ef4577-07e0-4c8d-900e-d449eb7bf65d:c5343]
2019-07-10 10:04:11,867 INFO  segmented.SegmentedRaftLogWorker (SegmentedRaftLogWorker.java:execute(569)) - 9ec8ead9-888e-415b-b04c-32cd2c26f792-SegmentedRaftLogWorker:Storage Directory /tmp/workdir/hadoop-ozone/tools/target/test-dir/MiniOzoneClusterImpl-3588802b-29d5-458e-ab95-bdb06f158747/datanode-3/data/ratis/1eab7140-62bc-45d4-a440-48c576e544c9: created new log segment /tmp/workdir/hadoop-ozone/tools/target/test-dir/MiniOzoneClusterImpl-3588802b-29d5-458e-ab95-bdb06f158747/datanode-3/data/ratis/1eab7140-62bc-45d4-a440-48c576e544c9/current/log_inprogress_5344
2019-07-10 10:04:11,883 INFO  client.GrpcClientProtocolClient (GrpcClientProtocolClient.java:onNext(255)) - client-3502B0E99E4B->68798575-c94b-44a6-b996-25df487e3c54: receive RaftClientReply:client-3502B0E99E4B->68798575-c94b-44a6-b996-25df487e3c54@group-48C576E544C9, cid=3535, SUCCESS, logIndex=5347, commits[68798575-c94b-44a6-b996-25df487e3c54:c5348, 9ec8ead9-888e-415b-b04c-32cd2c26f792:c5345, 84ef4577-07e0-4c8d-900e-d449eb7bf65d:c5345]
2019-07-10 10:04:11,886 INFO  client.GrpcClientProtocolClient (GrpcClientProtocolClient.java:onNext(255)) - client-3502B0E99E4B->68798575-c94b-44a6-b996-25df487e3c54: receive RaftClientReply:client-3502B0E99E4B->68798575-c94b-44a6-b996-25df487e3c54@group-48C576E544C9, cid=3536, SUCCESS, logIndex=5348, commits[68798575-c94b-44a6-b996-25df487e3c54:c5348, 9ec8ead9-888e-415b-b04c-32cd2c26f792:c5345, 84ef4577-07e0-4c8d-900e-d449eb7bf65d:c5345]
2019-07-10 10:04:11,908 INFO  client.GrpcClientProtocolClient (GrpcClientProtocolClient.java:onNext(255)) - client-3502B0E99E4B->68798575-c94b-44a6-b996-25df487e3c54: receive RaftClientReply:client-3502B0E99E4B->68798575-c94b-44a6-b996-25df487e3c54@group-48C576E544C9, cid=3537, SUCCESS, logIndex=0, commits[68798575-c94b-44a6-b996-25df487e3c54:c5350, 9ec8ead9-888e-415b-b04c-32cd2c26f792:c5348, 84ef4577-07e0-4c8d-900e-d449eb7bf65d:c5348]
2019-07-10 10:04:11,952 INFO  client.GrpcClientProtocolClient (GrpcClientProtocolClient.java:onNext(255)) - client-3502B0E99E4B->68798575-c94b-44a6-b996-25df487e3c54: receive RaftClientReply:client-3502B0E99E4B->68798575-c94b-44a6-b996-25df487e3c54@group-48C576E544C9, cid=3538, SUCCESS, logIndex=5351, commits[68798575-c94b-44a6-b996-25df487e3c54:c5353, 9ec8ead9-888e-415b-b04c-32cd2c26f792:c5350, 84ef4577-07e0-4c8d-900e-d449eb7bf65d:c5350]
2019-07-10 10:04:11,953 INFO  client.GrpcClientProtocolClient (GrpcClientProtocolClient.java:onNext(255)) - client-3502B0E99E4B->68798575-c94b-44a6-b996-25df487e3c54: receive RaftClientReply:client-3502B0E99E4B->68798575-c94b-44a6-b996-25df487e3c54@group-48C576E544C9, cid=3539, SUCCESS, logIndex=5352, commits[68798575-c94b-44a6-b996-25df487e3c54:c5353, 9ec8ead9-888e-415b-b04c-32cd2c26f792:c5350, 84ef4577-07e0-4c8d-900e-d449eb7bf65d:c5350]
2019-07-10 10:04:11,953 INFO  client.GrpcClientProtocolClient (GrpcClientProtocolClient.java:onNext(255)) - client-3502B0E99E4B->68798575-c94b-44a6-b996-25df487e3c54: receive RaftClientReply:client-3502B0E99E4B->68798575-c94b-44a6-b996-25df487e3c54@group-48C576E544C9, cid=3540, SUCCESS, logIndex=5353, commits[68798575-c94b-44a6-b996-25df487e3c54:c5354, 9ec8ead9-888e-415b-b04c-32cd2c26f792:c5350, 84ef4577-07e0-4c8d-900e-d449eb7bf65d:c5350]
2019-07-10 10:04:11,954 INFO  client.GrpcClientProtocolClient (GrpcClientProtocolClient.java:onNext(255)) - client-3502B0E99E4B->68798575-c94b-44a6-b996-25df487e3c54: receive RaftClientReply:client-3502B0E99E4B->68798575-c94b-44a6-b996-25df487e3c54@group-48C576E544C9, cid=3541, SUCCESS, logIndex=5354, commits[68798575-c94b-44a6-b996-25df487e3c54:c5354, 9ec8ead9-888e-415b-b04c-32cd2c26f792:c5350, 84ef4577-07e0-4c8d-900e-d449eb7bf65d:c5350]
2019-07-10 10:04:11,965 INFO  client.GrpcClientProtocolClient (GrpcClientProtocolClient.java:onNext(255)) - client-3502B0E99E4B->68798575-c94b-44a6-b996-25df487e3c54: receive RaftClientReply:client-3502B0E99E4B->68798575-c94b-44a6-b996-25df487e3c54@group-48C576E544C9, cid=3542, SUCCESS, logIndex=0, commits[68798575-c94b-44a6-b996-25df487e3c54:c5355, 9ec8ead9-888e-415b-b04c-32cd2c26f792:c5352, 84ef4577-07e0-4c8d-900e-d449eb7bf65d:c5352]
 0.00% |█                                                                                                    |  0/1 Time: 0:00:352019-07-10 10:04:11,988 INFO  client.GrpcClientProtocolClient (GrpcClientProtocolClient.java:onNext(255)) - client-3502B0E99E4B->68798575-c94b-44a6-b996-25df487e3c54: receive RaftClientReply:client-3502B0E99E4B->68798575-c94b-44a6-b996-25df487e3c54@group-48C576E544C9, cid=3543, SUCCESS, logIndex=5359, commits[68798575-c94b-44a6-b996-25df487e3c54:c5360, 9ec8ead9-888e-415b-b04c-32cd2c26f792:c5358, 84ef4577-07e0-4c8d-900e-d449eb7bf65d:c5358]
2019-07-10 10:04:11,988 INFO  client.GrpcClientProtocolClient (GrpcClientProtocolClient.java:onNext(255)) - client-3502B0E99E4B->68798575-c94b-44a6-b996-25df487e3c54: receive RaftClientReply:client-3502B0E99E4B->68798575-c94b-44a6-b996-25df487e3c54@group-48C576E544C9, cid=3544, SUCCESS, logIndex=5360, commits[68798575-c94b-44a6-b996-25df487e3c54:c5360, 9ec8ead9-888e-415b-b04c-32cd2c26f792:c5358, 84ef4577-07e0-4c8d-900e-d449eb7bf65d:c5358]
2019-07-10 10:04:12,002 INFO  client.GrpcClientProtocolClient (GrpcClientProtocolClient.java:onNext(255)) - client-3502B0E99E4B->68798575-c94b-44a6-b996-25df487e3c54: receive RaftClientReply:client-3502B0E99E4B->68798575-c94b-44a6-b996-25df487e3c54@group-48C576E544C9, cid=3545, SUCCESS, logIndex=5363, commits[68798575-c94b-44a6-b996-25df487e3c54:c5364, 9ec8ead9-888e-415b-b04c-32cd2c26f792:c5360, 84ef4577-07e0-4c8d-900e-d449eb7bf65d:c5360]
2019-07-10 10:04:12,003 INFO  client.GrpcClientProtocolClient (GrpcClientProtocolClient.java:onNext(255)) - client-3502B0E99E4B->68798575-c94b-44a6-b996-25df487e3c54: receive RaftClientReply:client-3502B0E99E4B->68798575-c94b-44a6-b996-25df487e3c54@group-48C576E544C9, cid=3546, SUCCESS, logIndex=5364, commits[68798575-c94b-44a6-b996-25df487e3c54:c5364, 9ec8ead9-888e-415b-b04c-32cd2c26f792:c5360, 84ef4577-07e0-4c8d-900e-d449eb7bf65d:c5360]
2019-07-10 10:04:12,026 INFO  client.GrpcClientProtocolClient (GrpcClientProtocolClient.java:onNext(255)) - client-3502B0E99E4B->68798575-c94b-44a6-b996-25df487e3c54: receive RaftClientReply:client-3502B0E99E4B->68798575-c94b-44a6-b996-25df487e3c54@group-48C576E544C9, cid=3547, SUCCESS, logIndex=0, commits[68798575-c94b-44a6-b996-25df487e3c54:c5366, 9ec8ead9-888e-415b-b04c-32cd2c26f792:c5364, 84ef4577-07e0-4c8d-900e-d449eb7bf65d:c5364]
2019-07-10 10:04:12,066 INFO  client.GrpcClientProtocolClient (GrpcClientProtocolClient.java:onNext(255)) - client-3502B0E99E4B->68798575-c94b-44a6-b996-25df487e3c54: receive RaftClientReply:client-3502B0E99E4B->68798575-c94b-44a6-b996-25df487e3c54@group-48C576E544C9, cid=3548, SUCCESS, logIndex=5367, commits[68798575-c94b-44a6-b996-25df487e3c54:c5368, 9ec8ead9-888e-415b-b04c-32cd2c26f792:c5366, 84ef4577-07e0-4c8d-900e-d449eb7bf65d:c5366]
2019-07-10 10:04:12,066 INFO  client.GrpcClientProtocolClient (GrpcClientProtocolClient.java:onNext(255)) - client-3502B0E99E4B->68798575-c94b-44a6-b996-25df487e3c54: receive RaftClientReply:client-3502B0E99E4B->68798575-c94b-44a6-b996-25df487e3c54@group-48C576E544C9, cid=3549, SUCCESS, logIndex=5368, commits[68798575-c94b-44a6-b996-25df487e3c54:c5368, 9ec8ead9-888e-415b-b04c-32cd2c26f792:c5366, 84ef4577-07e0-4c8d-900e-d449eb7bf65d:c5366]
2019-07-10 10:04:12,074 INFO  client.GrpcClientProtocolClient (GrpcClientProtocolClient.java:onNext(255)) - client-3502B0E99E4B->68798575-c94b-44a6-b996-25df487e3c54: receive RaftClientReply:client-3502B0E99E4B->68798575-c94b-44a6-b996-25df487e3c54@group-48C576E544C9, cid=3550, SUCCESS, logIndex=5369, commits[68798575-c94b-44a6-b996-25df487e3c54:c5370, 9ec8ead9-888e-415b-b04c-32cd2c26f792:c5366, 84ef4577-07e0-4c8d-900e-d449eb7bf65d:c5366]
2019-07-10 10:04:12,075 INFO  client.GrpcClientProtocolClient (GrpcClientProtocolClient.java:onNext(255)) - client-3502B0E99E4B->68798575-c94b-44a6-b996-25df487e3c54: receive RaftClientReply:client-3502B0E99E4B->68798575-c94b-44a6-b996-25df487e3c54@group-48C576E544C9, cid=3551, SUCCESS, logIndex=5370, commits[68798575-c94b-44a6-b996-25df487e3c54:c5370, 9ec8ead9-888e-415b-b04c-32cd2c26f792:c5366, 84ef4577-07e0-4c8d-900e-d449eb7bf65d:c5366]
2019-07-10 10:04:12,077 INFO  client.GrpcClientProtocolClient (GrpcClientProtocolClient.java:onNext(255)) - client-3502B0E99E4B->68798575-c94b-44a6-b996-25df487e3c54: receive RaftClientReply:client-3502B0E99E4B->68798575-c94b-44a6-b996-25df487e3c54@group-48C576E544C9, cid=3552, SUCCESS, logIndex=0, commits[68798575-c94b-44a6-b996-25df487e3c54:c5370, 9ec8ead9-888e-415b-b04c-32cd2c26f792:c5368, 84ef4577-07e0-4c8d-900e-d449eb7bf65d:c5368]
2019-07-10 10:04:12,235 INFO  client.GrpcClientProtocolClient (GrpcClientProtocolClient.java:onNext(255)) - client-3502B0E99E4B->68798575-c94b-44a6-b996-25df487e3c54: receive RaftClientReply:client-3502B0E99E4B->68798575-c94b-44a6-b996-25df487e3c54@group-48C576E544C9, cid=3553, SUCCESS, logIndex=5375, commits[68798575-c94b-44a6-b996-25df487e3c54:c5375, 9ec8ead9-888e-415b-b04c-32cd2c26f792:c5372, 84ef4577-07e0-4c8d-900e-d449eb7bf65d:c5374]
2019-07-10 10:04:12,236 INFO  client.GrpcClientProtocolClient (GrpcClientProtocolClient.java:onNext(255)) - client-3502B0E99E4B->68798575-c94b-44a6-b996-25df487e3c54: receive RaftClientReply:client-3502B0E99E4B->68798575-c94b-44a6-b996-25df487e3c54@group-48C576E544C9, cid=3554, SUCCESS, logIndex=5376, commits[68798575-c94b-44a6-b996-25df487e3c54:c5376, 9ec8ead9-888e-415b-b04c-32cd2c26f792:c5374, 84ef4577-07e0-4c8d-900e-d449eb7bf65d:c5374]
2019-07-10 10:04:12,261 INFO  client.GrpcClientProtocolClient (GrpcClientProtocolClient.java:onNext(255)) - client-3502B0E99E4B->68798575-c94b-44a6-b996-25df487e3c54: receive RaftClientReply:client-3502B0E99E4B->68798575-c94b-44a6-b996-25df487e3c54@group-48C576E544C9, cid=3555, SUCCESS, logIndex=5379, commits[68798575-c94b-44a6-b996-25df487e3c54:c5380, 9ec8ead9-888e-415b-b04c-32cd2c26f792:c5376, 84ef4577-07e0-4c8d-900e-d449eb7bf65d:c5375]
2019-07-10 10:04:12,262 INFO  client.GrpcClientProtocolClient (GrpcClientProtocolClient.java:onNext(255)) - client-3502B0E99E4B->68798575-c94b-44a6-b996-25df487e3c54: receive RaftClientReply:client-3502B0E99E4B->68798575-c94b-44a6-b996-25df487e3c54@group-48C576E544C9, cid=3556, SUCCESS, logIndex=5380, commits[68798575-c94b-44a6-b996-25df487e3c54:c5380, 9ec8ead9-888e-415b-b04c-32cd2c26f792:c5376, 84ef4577-07e0-4c8d-900e-d449eb7bf65d:c5376]
2019-07-10 10:04:12,274 INFO  client.GrpcClientProtocolClient (GrpcClientProtocolClient.java:onNext(255)) - client-3502B0E99E4B->68798575-c94b-44a6-b996-25df487e3c54: receive RaftClientReply:client-3502B0E99E4B->68798575-c94b-44a6-b996-25df487e3c54@group-48C576E544C9, cid=3557, SUCCESS, logIndex=0, commits[68798575-c94b-44a6-b996-25df487e3c54:c5381, 9ec8ead9-888e-415b-b04c-32cd2c26f792:c5380, 84ef4577-07e0-4c8d-900e-d449eb7bf65d:c5380]
2019-07-10 10:04:12,319 INFO  client.GrpcClientProtocolClient (GrpcClientProtocolClient.java:onNext(255)) - client-3502B0E99E4B->68798575-c94b-44a6-b996-25df487e3c54: receive RaftClientReply:client-3502B0E99E4B->68798575-c94b-44a6-b996-25df487e3c54@group-48C576E544C9, cid=3558, SUCCESS, logIndex=5383, commits[68798575-c94b-44a6-b996-25df487e3c54:c5384, 9ec8ead9-888e-415b-b04c-32cd2c26f792:c5382, 84ef4577-07e0-4c8d-900e-d449eb7bf65d:c5380]
2019-07-10 10:04:12,320 INFO  client.GrpcClientProtocolClient (GrpcClientProtocolClient.java:onNext(255)) - client-3502B0E99E4B->68798575-c94b-44a6-b996-25df487e3c54: receive RaftClientReply:client-3502B0E99E4B->68798575-c94b-44a6-b996-25df487e3c54@group-48C576E544C9, cid=3559, SUCCESS, logIndex=5384, commits[68798575-c94b-44a6-b996-25df487e3c54:c5384, 9ec8ead9-888e-415b-b04c-32cd2c26f792:c5382, 84ef4577-07e0-4c8d-900e-d449eb7bf65d:c5382]
2019-07-10 10:04:12,327 INFO  client.GrpcClientProtocolClient (GrpcClientProtocolClient.java:onNext(255)) - client-3502B0E99E4B->68798575-c94b-44a6-b996-25df487e3c54: receive RaftClientReply:client-3502B0E99E4B->68798575-c94b-44a6-b996-25df487e3c54@group-48C576E544C9, cid=3560, SUCCESS, logIndex=5385, commits[68798575-c94b-44a6-b996-25df487e3c54:c5386, 9ec8ead9-888e-415b-b04c-32cd2c26f792:c5382, 84ef4577-07e0-4c8d-900e-d449eb7bf65d:c5382]
2019-07-10 10:04:12,329 INFO  client.GrpcClientProtocolClient (GrpcClientProtocolClient.java:onNext(255)) - client-3502B0E99E4B->68798575-c94b-44a6-b996-25df487e3c54: receive RaftClientReply:client-3502B0E99E4B->68798575-c94b-44a6-b996-25df487e3c54@group-48C576E544C9, cid=3561, SUCCESS, logIndex=5386, commits[68798575-c94b-44a6-b996-25df487e3c54:c5386, 9ec8ead9-888e-415b-b04c-32cd2c26f792:c5382, 84ef4577-07e0-4c8d-900e-d449eb7bf65d:c5382]
2019-07-10 10:04:12,330 INFO  client.GrpcClientProtocolClient (GrpcClientProtocolClient.java:onNext(255)) - client-3502B0E99E4B->68798575-c94b-44a6-b996-25df487e3c54: receive RaftClientReply:client-3502B0E99E4B->68798575-c94b-44a6-b996-25df487e3c54@group-48C576E544C9, cid=3562, SUCCESS, logIndex=0, commits[68798575-c94b-44a6-b996-25df487e3c54:c5386, 9ec8ead9-888e-415b-b04c-32cd2c26f792:c5384, 84ef4577-07e0-4c8d-900e-d449eb7bf65d:c5384]
2019-07-10 10:04:12,356 INFO  client.GrpcClientProtocolClient (GrpcClientProtocolClient.java:onNext(255)) - client-3502B0E99E4B->68798575-c94b-44a6-b996-25df487e3c54: receive RaftClientReply:client-3502B0E99E4B->68798575-c94b-44a6-b996-25df487e3c54@group-48C576E544C9, cid=3563, SUCCESS, logIndex=5391, commits[68798575-c94b-44a6-b996-25df487e3c54:c5392, 9ec8ead9-888e-415b-b04c-32cd2c26f792:c5386, 84ef4577-07e0-4c8d-900e-d449eb7bf65d:c5386]
2019-07-10 10:04:12,356 INFO  client.GrpcClientProtocolClient (GrpcClientProtocolClient.java:onNext(255)) - client-3502B0E99E4B->68798575-c94b-44a6-b996-25df487e3c54: receive RaftClientReply:client-3502B0E99E4B->68798575-c94b-44a6-b996-25df487e3c54@group-48C576E544C9, cid=3564, SUCCESS, logIndex=5392, commits[68798575-c94b-44a6-b996-25df487e3c54:c5392, 9ec8ead9-888e-415b-b04c-32cd2c26f792:c5386, 84ef4577-07e0-4c8d-900e-d449eb7bf65d:c5386]
2019-07-10 10:04:12,377 INFO  client.GrpcClientProtocolClient (GrpcClientProtocolClient.java:onNext(255)) - client-3502B0E99E4B->68798575-c94b-44a6-b996-25df487e3c54: receive RaftClientReply:client-3502B0E99E4B->68798575-c94b-44a6-b996-25df487e3c54@group-48C576E544C9, cid=3565, SUCCESS, logIndex=5394, commits[68798575-c94b-44a6-b996-25df487e3c54:c5395, 9ec8ead9-888e-415b-b04c-32cd2c26f792:c5392, 84ef4577-07e0-4c8d-900e-d449eb7bf65d:c5392]
2019-07-10 10:04:12,377 INFO  client.GrpcClientProtocolClient (GrpcClientProtocolClient.java:onNext(255)) - client-3502B0E99E4B->68798575-c94b-44a6-b996-25df487e3c54: receive RaftClientReply:client-3502B0E99E4B->68798575-c94b-44a6-b996-25df487e3c54@group-48C576E544C9, cid=3566, SUCCESS, logIndex=5395, commits[68798575-c94b-44a6-b996-25df487e3c54:c5395, 9ec8ead9-888e-415b-b04c-32cd2c26f792:c5392, 84ef4577-07e0-4c8d-900e-d449eb7bf65d:c5392]
2019-07-10 10:04:12,387 INFO  client.GrpcClientProtocolClient (GrpcClientProtocolClient.java:onNext(255)) - client-3502B0E99E4B->68798575-c94b-44a6-b996-25df487e3c54: receive RaftClientReply:client-3502B0E99E4B->68798575-c94b-44a6-b996-25df487e3c54@group-48C576E544C9, cid=3567, SUCCESS, logIndex=0, commits[68798575-c94b-44a6-b996-25df487e3c54:c5397, 9ec8ead9-888e-415b-b04c-32cd2c26f792:c5395, 84ef4577-07e0-4c8d-900e-d449eb7bf65d:c5395]
2019-07-10 10:04:12,415 INFO  client.GrpcClientProtocolClient (GrpcClientProtocolClient.java:onNext(255)) - client-3502B0E99E4B->68798575-c94b-44a6-b996-25df487e3c54: receive RaftClientReply:client-3502B0E99E4B->68798575-c94b-44a6-b996-25df487e3c54@group-48C576E544C9, cid=3568, SUCCESS, logIndex=5398, commits[68798575-c94b-44a6-b996-25df487e3c54:c5399, 9ec8ead9-888e-415b-b04c-32cd2c26f792:c5397, 84ef4577-07e0-4c8d-900e-d449eb7bf65d:c5397]
2019-07-10 10:04:12,416 INFO  client.GrpcClientProtocolClient (GrpcClientProtocolClient.java:onNext(255)) - client-3502B0E99E4B->68798575-c94b-44a6-b996-25df487e3c54: receive RaftClientReply:client-3502B0E99E4B->68798575-c94b-44a6-b996-25df487e3c54@group-48C576E544C9, cid=3569, SUCCESS, logIndex=5399, commits[68798575-c94b-44a6-b996-25df487e3c54:c5401, 9ec8ead9-888e-415b-b04c-32cd2c26f792:c5397, 84ef4577-07e0-4c8d-900e-d449eb7bf65d:c5397]
2019-07-10 10:04:12,416 INFO  client.GrpcClientProtocolClient (GrpcClientProtocolClient.java:onNext(255)) - client-3502B0E99E4B->68798575-c94b-44a6-b996-25df487e3c54: receive RaftClientReply:client-3502B0E99E4B->68798575-c94b-44a6-b996-25df487e3c54@group-48C576E544C9, cid=3570, SUCCESS, logIndex=5400, commits[68798575-c94b-44a6-b996-25df487e3c54:c5401, 9ec8ead9-888e-415b-b04c-32cd2c26f792:c5397, 84ef4577-07e0-4c8d-900e-d449eb7bf65d:c5397]
2019-07-10 10:04:12,416 INFO  client.GrpcClientProtocolClient (GrpcClientProtocolClient.java:onNext(255)) - client-3502B0E99E4B->68798575-c94b-44a6-b996-25df487e3c54: receive RaftClientReply:client-3502B0E99E4B->68798575-c94b-44a6-b996-25df487e3c54@group-48C576E544C9, cid=3571, SUCCESS, logIndex=5401, commits[68798575-c94b-44a6-b996-25df487e3c54:c5401, 9ec8ead9-888e-415b-b04c-32cd2c26f792:c5397, 84ef4577-07e0-4c8d-900e-d449eb7bf65d:c5397]
2019-07-10 10:04:12,430 INFO  client.GrpcClientProtocolClient (GrpcClientProtocolClient.java:onNext(255)) - client-3502B0E99E4B->68798575-c94b-44a6-b996-25df487e3c54: receive RaftClientReply:client-3502B0E99E4B->68798575-c94b-44a6-b996-25df487e3c54@group-48C576E544C9, cid=3572, SUCCESS, logIndex=0, commits[68798575-c94b-44a6-b996-25df487e3c54:c5404, 9ec8ead9-888e-415b-b04c-32cd2c26f792:c5401, 84ef4577-07e0-4c8d-900e-d449eb7bf65d:c5399]
2019-07-10 10:04:12,451 INFO  client.GrpcClientProtocolClient (GrpcClientProtocolClient.java:onNext(255)) - client-3502B0E99E4B->68798575-c94b-44a6-b996-25df487e3c54: receive RaftClientReply:client-3502B0E99E4B->68798575-c94b-44a6-b996-25df487e3c54@group-48C576E544C9, cid=3573, SUCCESS, logIndex=5405, commits[68798575-c94b-44a6-b996-25df487e3c54:c5406, 9ec8ead9-888e-415b-b04c-32cd2c26f792:c5404, 84ef4577-07e0-4c8d-900e-d449eb7bf65d:c5404]
2019-07-10 10:04:12,451 INFO  client.GrpcClientProtocolClient (GrpcClientProtocolClient.java:onNext(255)) - client-3502B0E99E4B->68798575-c94b-44a6-b996-25df487e3c54: receive RaftClientReply:client-3502B0E99E4B->68798575-c94b-44a6-b996-25df487e3c54@group-48C576E544C9, cid=3574, SUCCESS, logIndex=5406, commits[68798575-c94b-44a6-b996-25df487e3c54:c5406, 9ec8ead9-888e-415b-b04c-32cd2c26f792:c5404, 84ef4577-07e0-4c8d-900e-d449eb7bf65d:c5404]
2019-07-10 10:04:12,478 INFO  client.GrpcClientProtocolClient (GrpcClientProtocolClient.java:onNext(255)) - client-3502B0E99E4B->68798575-c94b-44a6-b996-25df487e3c54: receive RaftClientReply:client-3502B0E99E4B->68798575-c94b-44a6-b996-25df487e3c54@group-48C576E544C9, cid=3575, SUCCESS, logIndex=5409, commits[68798575-c94b-44a6-b996-25df487e3c54:c5410, 9ec8ead9-888e-415b-b04c-32cd2c26f792:c5406, 84ef4577-07e0-4c8d-900e-d449eb7bf65d:c5406]
2019-07-10 10:04:12,479 INFO  client.GrpcClientProtocolClient (GrpcClientProtocolClient.java:onNext(255)) - client-3502B0E99E4B->68798575-c94b-44a6-b996-25df487e3c54: receive RaftClientReply:client-3502B0E99E4B->68798575-c94b-44a6-b996-25df487e3c54@group-48C576E544C9, cid=3576, SUCCESS, logIndex=5410, commits[68798575-c94b-44a6-b996-25df487e3c54:c5410, 9ec8ead9-888e-415b-b04c-32cd2c26f792:c5406, 84ef4577-07e0-4c8d-900e-d449eb7bf65d:c5406]
2019-07-10 10:04:12,489 INFO  client.GrpcClientProtocolClient (GrpcClientProtocolClient.java:onNext(255)) - client-3502B0E99E4B->68798575-c94b-44a6-b996-25df487e3c54: receive RaftClientReply:client-3502B0E99E4B->68798575-c94b-44a6-b996-25df487e3c54@group-48C576E544C9, cid=3577, SUCCESS, logIndex=0, commits[68798575-c94b-44a6-b996-25df487e3c54:c5411, 9ec8ead9-888e-415b-b04c-32cd2c26f792:c5410, 84ef4577-07e0-4c8d-900e-d449eb7bf65d:c5410]
2019-07-10 10:04:12,531 INFO  client.GrpcClientProtocolClient (GrpcClientProtocolClient.java:onNext(255)) - client-3502B0E99E4B->68798575-c94b-44a6-b996-25df487e3c54: receive RaftClientReply:client-3502B0E99E4B->68798575-c94b-44a6-b996-25df487e3c54@group-48C576E544C9, cid=3578, SUCCESS, logIndex=5413, commits[68798575-c94b-44a6-b996-25df487e3c54:c5414, 9ec8ead9-888e-415b-b04c-32cd2c26f792:c5412, 84ef4577-07e0-4c8d-900e-d449eb7bf65d:c5412]
2019-07-10 10:04:12,532 INFO  client.GrpcClientProtocolClient (GrpcClientProtocolClient.java:onNext(255)) - client-3502B0E99E4B->68798575-c94b-44a6-b996-25df487e3c54: receive RaftClientReply:client-3502B0E99E4B->68798575-c94b-44a6-b996-25df487e3c54@group-48C576E544C9, cid=3579, SUCCESS, logIndex=5414, commits[68798575-c94b-44a6-b996-25df487e3c54:c5416, 9ec8ead9-888e-415b-b04c-32cd2c26f792:c5412, 84ef4577-07e0-4c8d-900e-d449eb7bf65d:c5412]
2019-07-10 10:04:12,532 INFO  client.GrpcClientProtocolClient (GrpcClientProtocolClient.java:onNext(255)) - client-3502B0E99E4B->68798575-c94b-44a6-b996-25df487e3c54: receive RaftClientReply:client-3502B0E99E4B->68798575-c94b-44a6-b996-25df487e3c54@group-48C576E544C9, cid=3580, SUCCESS, logIndex=5415, commits[68798575-c94b-44a6-b996-25df487e3c54:c5416, 9ec8ead9-888e-415b-b04c-32cd2c26f792:c5412, 84ef4577-07e0-4c8d-900e-d449eb7bf65d:c5412]
2019-07-10 10:04:12,532 INFO  client.GrpcClientProtocolClient (GrpcClientProtocolClient.java:onNext(255)) - client-3502B0E99E4B->68798575-c94b-44a6-b996-25df487e3c54: receive RaftClientReply:client-3502B0E99E4B->68798575-c94b-44a6-b996-25df487e3c54@group-48C576E544C9, cid=3581, SUCCESS, logIndex=5416, commits[68798575-c94b-44a6-b996-25df487e3c54:c5416, 9ec8ead9-888e-415b-b04c-32cd2c26f792:c5412, 84ef4577-07e0-4c8d-900e-d449eb7bf65d:c5412]
2019-07-10 10:04:12,557 INFO  client.GrpcClientProtocolClient (GrpcClientProtocolClient.java:onNext(255)) - client-3502B0E99E4B->68798575-c94b-44a6-b996-25df487e3c54: receive RaftClientReply:client-3502B0E99E4B->68798575-c94b-44a6-b996-25df487e3c54@group-48C576E544C9, cid=3582, SUCCESS, logIndex=0, commits[68798575-c94b-44a6-b996-25df487e3c54:c5418, 9ec8ead9-888e-415b-b04c-32cd2c26f792:c5414, 84ef4577-07e0-4c8d-900e-d449eb7bf65d:c5414]
2019-07-10 10:04:12,580 INFO  client.GrpcClientProtocolClient (GrpcClientProtocolClient.java:onNext(255)) - client-3502B0E99E4B->68798575-c94b-44a6-b996-25df487e3c54: receive RaftClientReply:client-3502B0E99E4B->68798575-c94b-44a6-b996-25df487e3c54@group-48C576E544C9, cid=3583, SUCCESS, logIndex=5420, commits[68798575-c94b-44a6-b996-25df487e3c54:c5421, 9ec8ead9-888e-415b-b04c-32cd2c26f792:c5419, 84ef4577-07e0-4c8d-900e-d449eb7bf65d:c5419]
2019-07-10 10:04:12,580 INFO  client.GrpcClientProtocolClient (GrpcClientProtocolClient.java:onNext(255)) - client-3502B0E99E4B->68798575-c94b-44a6-b996-25df487e3c54: receive RaftClientReply:client-3502B0E99E4B->68798575-c94b-44a6-b996-25df487e3c54@group-48C576E544C9, cid=3584, SUCCESS, logIndex=5421, commits[68798575-c94b-44a6-b996-25df487e3c54:c5421, 9ec8ead9-888e-415b-b04c-32cd2c26f792:c5419, 84ef4577-07e0-4c8d-900e-d449eb7bf65d:c5419]
2019-07-10 10:04:12,614 INFO  client.GrpcClientProtocolClient (GrpcClientProtocolClient.java:onNext(255)) - client-3502B0E99E4B->68798575-c94b-44a6-b996-25df487e3c54: receive RaftClientReply:client-3502B0E99E4B->68798575-c94b-44a6-b996-25df487e3c54@group-48C576E544C9, cid=3585, SUCCESS, logIndex=5424, commits[68798575-c94b-44a6-b996-25df487e3c54:c5425, 9ec8ead9-888e-415b-b04c-32cd2c26f792:c5421, 84ef4577-07e0-4c8d-900e-d449eb7bf65d:c5421]
2019-07-10 10:04:12,614 INFO  client.GrpcClientProtocolClient (GrpcClientProtocolClient.java:onNext(255)) - client-3502B0E99E4B->68798575-c94b-44a6-b996-25df487e3c54: receive RaftClientReply:client-3502B0E99E4B->68798575-c94b-44a6-b996-25df487e3c54@group-48C576E544C9, cid=3586, SUCCESS, logIndex=5425, commits[68798575-c94b-44a6-b996-25df487e3c54:c5425, 9ec8ead9-888e-415b-b04c-32cd2c26f792:c5421, 84ef4577-07e0-4c8d-900e-d449eb7bf65d:c5421]
2019-07-10 10:04:12,633 INFO  client.GrpcClientProtocolClient (GrpcClientProtocolClient.java:onNext(255)) - client-3502B0E99E4B->68798575-c94b-44a6-b996-25df487e3c54: receive RaftClientReply:client-3502B0E99E4B->68798575-c94b-44a6-b996-25df487e3c54@group-48C576E544C9, cid=3587, SUCCESS, logIndex=0, commits[68798575-c94b-44a6-b996-25df487e3c54:c5426, 9ec8ead9-888e-415b-b04c-32cd2c26f792:c5425, 84ef4577-07e0-4c8d-900e-d449eb7bf65d:c5425]
2019-07-10 10:04:12,666 INFO  client.GrpcClientProtocolClient (GrpcClientProtocolClient.java:onNext(255)) - client-3502B0E99E4B->68798575-c94b-44a6-b996-25df487e3c54: receive RaftClientReply:client-3502B0E99E4B->68798575-c94b-44a6-b996-25df487e3c54@group-48C576E544C9, cid=3588, SUCCESS, logIndex=5427, commits[68798575-c94b-44a6-b996-25df487e3c54:c5430, 9ec8ead9-888e-415b-b04c-32cd2c26f792:c5426, 84ef4577-07e0-4c8d-900e-d449eb7bf65d:c5426]
2019-07-10 10:04:12,667 INFO  client.GrpcClientProtocolClient (GrpcClientProtocolClient.java:onNext(255)) - client-3502B0E99E4B->68798575-c94b-44a6-b996-25df487e3c54: receive RaftClientReply:client-3502B0E99E4B->68798575-c94b-44a6-b996-25df487e3c54@group-48C576E544C9, cid=3589, SUCCESS, logIndex=5428, commits[68798575-c94b-44a6-b996-25df487e3c54:c5430, 9ec8ead9-888e-415b-b04c-32cd2c26f792:c5426, 84ef4577-07e0-4c8d-900e-d449eb7bf65d:c5426]
2019-07-10 10:04:12,667 INFO  client.GrpcClientProtocolClient (GrpcClientProtocolClient.java:onNext(255)) - client-3502B0E99E4B->68798575-c94b-44a6-b996-25df487e3c54: receive RaftClientReply:client-3502B0E99E4B->68798575-c94b-44a6-b996-25df487e3c54@group-48C576E544C9, cid=3590, SUCCESS, logIndex=5429, commits[68798575-c94b-44a6-b996-25df487e3c54:c5430, 9ec8ead9-888e-415b-b04c-32cd2c26f792:c5426, 84ef4577-07e0-4c8d-900e-d449eb7bf65d:c5426]
2019-07-10 10:04:12,667 INFO  client.GrpcClientProtocolClient (GrpcClientProtocolClient.java:onNext(255)) - client-3502B0E99E4B->68798575-c94b-44a6-b996-25df487e3c54: receive RaftClientReply:client-3502B0E99E4B->68798575-c94b-44a6-b996-25df487e3c54@group-48C576E544C9, cid=3591, SUCCESS, logIndex=5430, commits[68798575-c94b-44a6-b996-25df487e3c54:c5430, 9ec8ead9-888e-415b-b04c-32cd2c26f792:c5426, 84ef4577-07e0-4c8d-900e-d449eb7bf65d:c5426]
2019-07-10 10:04:12,677 INFO  client.GrpcClientProtocolClient (GrpcClientProtocolClient.java:onNext(255)) - client-3502B0E99E4B->68798575-c94b-44a6-b996-25df487e3c54: receive RaftClientReply:client-3502B0E99E4B->68798575-c94b-44a6-b996-25df487e3c54@group-48C576E544C9, cid=3592, SUCCESS, logIndex=0, commits[68798575-c94b-44a6-b996-25df487e3c54:c5430, 9ec8ead9-888e-415b-b04c-32cd2c26f792:c5428, 84ef4577-07e0-4c8d-900e-d449eb7bf65d:c5428]
2019-07-10 10:04:12,697 INFO  client.GrpcClientProtocolClient (GrpcClientProtocolClient.java:onNext(255)) - client-3502B0E99E4B->68798575-c94b-44a6-b996-25df487e3c54: receive RaftClientReply:client-3502B0E99E4B->68798575-c94b-44a6-b996-25df487e3c54@group-48C576E544C9, cid=3593, SUCCESS, logIndex=5434, commits[68798575-c94b-44a6-b996-25df487e3c54:c5435, 9ec8ead9-888e-415b-b04c-32cd2c26f792:c5433, 84ef4577-07e0-4c8d-900e-d449eb7bf65d:c5433]
2019-07-10 10:04:12,698 INFO  client.GrpcClientProtocolClient (GrpcClientProtocolClient.java:onNext(255)) - client-3502B0E99E4B->68798575-c94b-44a6-b996-25df487e3c54: receive RaftClientReply:client-3502B0E99E4B->68798575-c94b-44a6-b996-25df487e3c54@group-48C576E544C9, cid=3594, SUCCESS, logIndex=5435, commits[68798575-c94b-44a6-b996-25df487e3c54:c5435, 9ec8ead9-888e-415b-b04c-32cd2c26f792:c5433, 84ef4577-07e0-4c8d-900e-d449eb7bf65d:c5433]
2019-07-10 10:04:12,725 INFO  client.GrpcClientProtocolClient (GrpcClientProtocolClient.java:onNext(255)) - client-3502B0E99E4B->68798575-c94b-44a6-b996-25df487e3c54: receive RaftClientReply:client-3502B0E99E4B->68798575-c94b-44a6-b996-25df487e3c54@group-48C576E544C9, cid=3595, SUCCESS, logIndex=5438, commits[68798575-c94b-44a6-b996-25df487e3c54:c5439, 9ec8ead9-888e-415b-b04c-32cd2c26f792:c5435, 84ef4577-07e0-4c8d-900e-d449eb7bf65d:c5435]
2019-07-10 10:04:12,725 INFO  client.GrpcClientProtocolClient (GrpcClientProtocolClient.java:onNext(255)) - client-3502B0E99E4B->68798575-c94b-44a6-b996-25df487e3c54: receive RaftClientReply:client-3502B0E99E4B->68798575-c94b-44a6-b996-25df487e3c54@group-48C576E544C9, cid=3596, SUCCESS, logIndex=5439, commits[68798575-c94b-44a6-b996-25df487e3c54:c5439, 9ec8ead9-888e-415b-b04c-32cd2c26f792:c5435, 84ef4577-07e0-4c8d-900e-d449eb7bf65d:c5435]
2019-07-10 10:04:12,754 INFO  client.GrpcClientProtocolClient (GrpcClientProtocolClient.java:onNext(255)) - client-3502B0E99E4B->68798575-c94b-44a6-b996-25df487e3c54: receive RaftClientReply:client-3502B0E99E4B->68798575-c94b-44a6-b996-25df487e3c54@group-48C576E544C9, cid=3597, SUCCESS, logIndex=0, commits[68798575-c94b-44a6-b996-25df487e3c54:c5441, 9ec8ead9-888e-415b-b04c-32cd2c26f792:c5439, 84ef4577-07e0-4c8d-900e-d449eb7bf65d:c5439]
2019-07-10 10:04:12,792 INFO  client.GrpcClientProtocolClient (GrpcClientProtocolClient.java:onNext(255)) - client-3502B0E99E4B->68798575-c94b-44a6-b996-25df487e3c54: receive RaftClientReply:client-3502B0E99E4B->68798575-c94b-44a6-b996-25df487e3c54@group-48C576E544C9, cid=3598, SUCCESS, logIndex=5442, commits[68798575-c94b-44a6-b996-25df487e3c54:c5443, 9ec8ead9-888e-415b-b04c-32cd2c26f792:c5441, 84ef4577-07e0-4c8d-900e-d449eb7bf65d:c5441]
2019-07-10 10:04:12,793 INFO  client.GrpcClientProtocolClient (GrpcClientProtocolClient.java:onNext(255)) - client-3502B0E99E4B->68798575-c94b-44a6-b996-25df487e3c54: receive RaftClientReply:client-3502B0E99E4B->68798575-c94b-44a6-b996-25df487e3c54@group-48C576E544C9, cid=3599, SUCCESS, logIndex=5443, commits[68798575-c94b-44a6-b996-25df487e3c54:c5445, 9ec8ead9-888e-415b-b04c-32cd2c26f792:c5441, 84ef4577-07e0-4c8d-900e-d449eb7bf65d:c5441]
2019-07-10 10:04:12,793 INFO  client.GrpcClientProtocolClient (GrpcClientProtocolClient.java:onNext(255)) - client-3502B0E99E4B->68798575-c94b-44a6-b996-25df487e3c54: receive RaftClientReply:client-3502B0E99E4B->68798575-c94b-44a6-b996-25df487e3c54@group-48C576E544C9, cid=3600, SUCCESS, logIndex=5444, commits[68798575-c94b-44a6-b996-25df487e3c54:c5445, 9ec8ead9-888e-415b-b04c-32cd2c26f792:c5441, 84ef4577-07e0-4c8d-900e-d449eb7bf65d:c5441]
2019-07-10 10:04:12,793 INFO  client.GrpcClientProtocolClient (GrpcClientProtocolClient.java:onNext(255)) - client-3502B0E99E4B->68798575-c94b-44a6-b996-25df487e3c54: receive RaftClientReply:client-3502B0E99E4B->68798575-c94b-44a6-b996-25df487e3c54@group-48C576E544C9, cid=3601, SUCCESS, logIndex=5445, commits[68798575-c94b-44a6-b996-25df487e3c54:c5446, 9ec8ead9-888e-415b-b04c-32cd2c26f792:c5441, 84ef4577-07e0-4c8d-900e-d449eb7bf65d:c5442]
2019-07-10 10:04:12,794 INFO  client.GrpcClientProtocolClient (GrpcClientProtocolClient.java:onNext(255)) - client-3502B0E99E4B->68798575-c94b-44a6-b996-25df487e3c54: receive RaftClientReply:client-3502B0E99E4B->68798575-c94b-44a6-b996-25df487e3c54@group-48C576E544C9, cid=3602, SUCCESS, logIndex=0, commits[68798575-c94b-44a6-b996-25df487e3c54:c5447, 9ec8ead9-888e-415b-b04c-32cd2c26f792:c5444, 84ef4577-07e0-4c8d-900e-d449eb7bf65d:c5443]
2019-07-10 10:04:12,810 INFO  client.GrpcClientProtocolClient (GrpcClientProtocolClient.java:onNext(255)) - client-3502B0E99E4B->68798575-c94b-44a6-b996-25df487e3c54: receive RaftClientReply:client-3502B0E99E4B->68798575-c94b-44a6-b996-25df487e3c54@group-48C576E544C9, cid=3603, SUCCESS, logIndex=5450, commits[68798575-c94b-44a6-b996-25df487e3c54:c5451, 9ec8ead9-888e-415b-b04c-32cd2c26f792:c5445, 84ef4577-07e0-4c8d-900e-d449eb7bf65d:c5449]
2019-07-10 10:04:12,810 INFO  client.GrpcClientProtocolClient (GrpcClientProtocolClient.java:onNext(255)) - client-3502B0E99E4B->68798575-c94b-44a6-b996-25df487e3c54: receive RaftClientReply:client-3502B0E99E4B->68798575-c94b-44a6-b996-25df487e3c54@group-48C576E544C9, cid=3604, SUCCESS, logIndex=5451, commits[68798575-c94b-44a6-b996-25df487e3c54:c5451, 9ec8ead9-888e-415b-b04c-32cd2c26f792:c5445, 84ef4577-07e0-4c8d-900e-d449eb7bf65d:c5449]
2019-07-10 10:04:12,835 INFO  client.GrpcClientProtocolClient (GrpcClientProtocolClient.java:onNext(255)) - client-3502B0E99E4B->68798575-c94b-44a6-b996-25df487e3c54: receive RaftClientReply:client-3502B0E99E4B->68798575-c94b-44a6-b996-25df487e3c54@group-48C576E544C9, cid=3605, SUCCESS, logIndex=5454, commits[68798575-c94b-44a6-b996-25df487e3c54:c5455, 9ec8ead9-888e-415b-b04c-32cd2c26f792:c5451, 84ef4577-07e0-4c8d-900e-d449eb7bf65d:c5451]
2019-07-10 10:04:12,835 INFO  client.GrpcClientProtocolClient (GrpcClientProtocolClient.java:onNext(255)) - client-3502B0E99E4B->68798575-c94b-44a6-b996-25df487e3c54: receive RaftClientReply:client-3502B0E99E4B->68798575-c94b-44a6-b996-25df487e3c54@group-48C576E544C9, cid=3606, SUCCESS, logIndex=5455, commits[68798575-c94b-44a6-b996-25df487e3c54:c5455, 9ec8ead9-888e-415b-b04c-32cd2c26f792:c5451, 84ef4577-07e0-4c8d-900e-d449eb7bf65d:c5451]
2019-07-10 10:04:12,846 INFO  client.GrpcClientProtocolClient (GrpcClientProtocolClient.java:onNext(255)) - client-3502B0E99E4B->68798575-c94b-44a6-b996-25df487e3c54: receive RaftClientReply:client-3502B0E99E4B->68798575-c94b-44a6-b996-25df487e3c54@group-48C576E544C9, cid=3607, SUCCESS, logIndex=0, commits[68798575-c94b-44a6-b996-25df487e3c54:c5456, 9ec8ead9-888e-415b-b04c-32cd2c26f792:c5455, 84ef4577-07e0-4c8d-900e-d449eb7bf65d:c5455]
2019-07-10 10:04:12,893 INFO  client.GrpcClientProtocolClient (GrpcClientProtocolClient.java:onNext(255)) - client-3502B0E99E4B->68798575-c94b-44a6-b996-25df487e3c54: receive RaftClientReply:client-3502B0E99E4B->68798575-c94b-44a6-b996-25df487e3c54@group-48C576E544C9, cid=3608, SUCCESS, logIndex=5457, commits[68798575-c94b-44a6-b996-25df487e3c54:c5459, 9ec8ead9-888e-415b-b04c-32cd2c26f792:c5456, 84ef4577-07e0-4c8d-900e-d449eb7bf65d:c5456]
2019-07-10 10:04:12,893 INFO  client.GrpcClientProtocolClient (GrpcClientProtocolClient.java:onNext(255)) - client-3502B0E99E4B->68798575-c94b-44a6-b996-25df487e3c54: receive RaftClientReply:client-3502B0E99E4B->68798575-c94b-44a6-b996-25df487e3c54@group-48C576E544C9, cid=3609, SUCCESS, logIndex=5458, commits[68798575-c94b-44a6-b996-25df487e3c54:c5460, 9ec8ead9-888e-415b-b04c-32cd2c26f792:c5456, 84ef4577-07e0-4c8d-900e-d449eb7bf65d:c5456]
2019-07-10 10:04:12,893 INFO  client.GrpcClientProtocolClient (GrpcClientProtocolClient.java:onNext(255)) - client-3502B0E99E4B->68798575-c94b-44a6-b996-25df487e3c54: receive RaftClientReply:client-3502B0E99E4B->68798575-c94b-44a6-b996-25df487e3c54@group-48C576E544C9, cid=3610, SUCCESS, logIndex=5459, commits[68798575-c94b-44a6-b996-25df487e3c54:c5460, 9ec8ead9-888e-415b-b04c-32cd2c26f792:c5456, 84ef4577-07e0-4c8d-900e-d449eb7bf65d:c5456]
2019-07-10 10:04:12,894 INFO  client.GrpcClientProtocolClient (GrpcClientProtocolClient.java:onNext(255)) - client-3502B0E99E4B->68798575-c94b-44a6-b996-25df487e3c54: receive RaftClientReply:client-3502B0E99E4B->68798575-c94b-44a6-b996-25df487e3c54@group-48C576E544C9, cid=3611, SUCCESS, logIndex=5460, commits[68798575-c94b-44a6-b996-25df487e3c54:c5460, 9ec8ead9-888e-415b-b04c-32cd2c26f792:c5456, 84ef4577-07e0-4c8d-900e-d449eb7bf65d:c5456]
2019-07-10 10:04:12,916 INFO  client.GrpcClientProtocolClient (GrpcClientProtocolClient.java:onNext(255)) - client-3502B0E99E4B->68798575-c94b-44a6-b996-25df487e3c54: receive RaftClientReply:client-3502B0E99E4B->68798575-c94b-44a6-b996-25df487e3c54@group-48C576E544C9, cid=3612, SUCCESS, logIndex=0, commits[68798575-c94b-44a6-b996-25df487e3c54:c5463, 9ec8ead9-888e-415b-b04c-32cd2c26f792:c5459, 84ef4577-07e0-4c8d-900e-d449eb7bf65d:c5458]
2019-07-10 10:04:12,938 INFO  client.GrpcClientProtocolClient (GrpcClientProtocolClient.java:onNext(255)) - client-3502B0E99E4B->68798575-c94b-44a6-b996-25df487e3c54: receive RaftClientReply:client-3502B0E99E4B->68798575-c94b-44a6-b996-25df487e3c54@group-48C576E544C9, cid=3613, SUCCESS, logIndex=5465, commits[68798575-c94b-44a6-b996-25df487e3c54:c5466, 9ec8ead9-888e-415b-b04c-32cd2c26f792:c5464, 84ef4577-07e0-4c8d-900e-d449eb7bf65d:c5464]
2019-07-10 10:04:12,938 INFO  client.GrpcClientProtocolClient (GrpcClientProtocolClient.java:onNext(255)) - client-3502B0E99E4B->68798575-c94b-44a6-b996-25df487e3c54: receive RaftClientReply:client-3502B0E99E4B->68798575-c94b-44a6-b996-25df487e3c54@group-48C576E544C9, cid=3614, SUCCESS, logIndex=5466, commits[68798575-c94b-44a6-b996-25df487e3c54:c5466, 9ec8ead9-888e-415b-b04c-32cd2c26f792:c5464, 84ef4577-07e0-4c8d-900e-d449eb7bf65d:c5464]
2019-07-10 10:04:12,964 INFO  client.GrpcClientProtocolClient (GrpcClientProtocolClient.java:onNext(255)) - client-3502B0E99E4B->68798575-c94b-44a6-b996-25df487e3c54: receive RaftClientReply:client-3502B0E99E4B->68798575-c94b-44a6-b996-25df487e3c54@group-48C576E544C9, cid=3615, SUCCESS, logIndex=5469, commits[68798575-c94b-44a6-b996-25df487e3c54:c5470, 9ec8ead9-888e-415b-b04c-32cd2c26f792:c5466, 84ef4577-07e0-4c8d-900e-d449eb7bf65d:c5466]
2019-07-10 10:04:12,965 INFO  client.GrpcClientProtocolClient (GrpcClientProtocolClient.java:onNext(255)) - client-3502B0E99E4B->68798575-c94b-44a6-b996-25df487e3c54: receive RaftClientReply:client-3502B0E99E4B->68798575-c94b-44a6-b996-25df487e3c54@group-48C576E544C9, cid=3616, SUCCESS, logIndex=5470, commits[68798575-c94b-44a6-b996-25df487e3c54:c5470, 9ec8ead9-888e-415b-b04c-32cd2c26f792:c5466, 84ef4577-07e0-4c8d-900e-d449eb7bf65d:c5466]
2019-07-10 10:04:12,976 INFO  client.GrpcClientProtocolClient (GrpcClientProtocolClient.java:onNext(255)) - client-3502B0E99E4B->68798575-c94b-44a6-b996-25df487e3c54: receive RaftClientReply:client-3502B0E99E4B->68798575-c94b-44a6-b996-25df487e3c54@group-48C576E544C9, cid=3617, SUCCESS, logIndex=0, commits[68798575-c94b-44a6-b996-25df487e3c54:c5470, 9ec8ead9-888e-415b-b04c-32cd2c26f792:c5470, 84ef4577-07e0-4c8d-900e-d449eb7bf65d:c5470]
 0.00% |█                                                                                                    |  0/1 Time: 0:00:362019-07-10 10:04:13,017 INFO  client.GrpcClientProtocolClient (GrpcClientProtocolClient.java:onNext(255)) - client-3502B0E99E4B->68798575-c94b-44a6-b996-25df487e3c54: receive RaftClientReply:client-3502B0E99E4B->68798575-c94b-44a6-b996-25df487e3c54@group-48C576E544C9, cid=3618, SUCCESS, logIndex=5473, commits[68798575-c94b-44a6-b996-25df487e3c54:c5475, 9ec8ead9-888e-415b-b04c-32cd2c26f792:c5472, 84ef4577-07e0-4c8d-900e-d449eb7bf65d:c5472]
2019-07-10 10:04:13,018 INFO  client.GrpcClientProtocolClient (GrpcClientProtocolClient.java:onNext(255)) - client-3502B0E99E4B->68798575-c94b-44a6-b996-25df487e3c54: receive RaftClientReply:client-3502B0E99E4B->68798575-c94b-44a6-b996-25df487e3c54@group-48C576E544C9, cid=3619, SUCCESS, logIndex=5474, commits[68798575-c94b-44a6-b996-25df487e3c54:c5476, 9ec8ead9-888e-415b-b04c-32cd2c26f792:c5472, 84ef4577-07e0-4c8d-900e-d449eb7bf65d:c5472]
2019-07-10 10:04:13,018 INFO  client.GrpcClientProtocolClient (GrpcClientProtocolClient.java:onNext(255)) - client-3502B0E99E4B->68798575-c94b-44a6-b996-25df487e3c54: receive RaftClientReply:client-3502B0E99E4B->68798575-c94b-44a6-b996-25df487e3c54@group-48C576E544C9, cid=3620, SUCCESS, logIndex=5475, commits[68798575-c94b-44a6-b996-25df487e3c54:c5476, 9ec8ead9-888e-415b-b04c-32cd2c26f792:c5472, 84ef4577-07e0-4c8d-900e-d449eb7bf65d:c5472]
2019-07-10 10:04:13,018 INFO  client.GrpcClientProtocolClient (GrpcClientProtocolClient.java:onNext(255)) - client-3502B0E99E4B->68798575-c94b-44a6-b996-25df487e3c54: receive RaftClientReply:client-3502B0E99E4B->68798575-c94b-44a6-b996-25df487e3c54@group-48C576E544C9, cid=3621, SUCCESS, logIndex=5476, commits[68798575-c94b-44a6-b996-25df487e3c54:c5476, 9ec8ead9-888e-415b-b04c-32cd2c26f792:c5472, 84ef4577-07e0-4c8d-900e-d449eb7bf65d:c5472]
2019-07-10 10:04:13,043 INFO  client.GrpcClientProtocolClient (GrpcClientProtocolClient.java:onNext(255)) - client-3502B0E99E4B->68798575-c94b-44a6-b996-25df487e3c54: receive RaftClientReply:client-3502B0E99E4B->68798575-c94b-44a6-b996-25df487e3c54@group-48C576E544C9, cid=3622, SUCCESS, logIndex=0, commits[68798575-c94b-44a6-b996-25df487e3c54:c5480, 9ec8ead9-888e-415b-b04c-32cd2c26f792:c5476, 84ef4577-07e0-4c8d-900e-d449eb7bf65d:c5474]
2019-07-10 10:04:13,065 INFO  client.GrpcClientProtocolClient (GrpcClientProtocolClient.java:onNext(255)) - client-3502B0E99E4B->68798575-c94b-44a6-b996-25df487e3c54: receive RaftClientReply:client-3502B0E99E4B->68798575-c94b-44a6-b996-25df487e3c54@group-48C576E544C9, cid=3623, SUCCESS, logIndex=5481, commits[68798575-c94b-44a6-b996-25df487e3c54:c5482, 9ec8ead9-888e-415b-b04c-32cd2c26f792:c5480, 84ef4577-07e0-4c8d-900e-d449eb7bf65d:c5480]
2019-07-10 10:04:13,066 INFO  client.GrpcClientProtocolClient (GrpcClientProtocolClient.java:onNext(255)) - client-3502B0E99E4B->68798575-c94b-44a6-b996-25df487e3c54: receive RaftClientReply:client-3502B0E99E4B->68798575-c94b-44a6-b996-25df487e3c54@group-48C576E544C9, cid=3624, SUCCESS, logIndex=5482, commits[68798575-c94b-44a6-b996-25df487e3c54:c5482, 9ec8ead9-888e-415b-b04c-32cd2c26f792:c5480, 84ef4577-07e0-4c8d-900e-d449eb7bf65d:c5480]
2019-07-10 10:04:13,099 INFO  client.GrpcClientProtocolClient (GrpcClientProtocolClient.java:onNext(255)) - client-3502B0E99E4B->68798575-c94b-44a6-b996-25df487e3c54: receive RaftClientReply:client-3502B0E99E4B->68798575-c94b-44a6-b996-25df487e3c54@group-48C576E544C9, cid=3625, SUCCESS, logIndex=5485, commits[68798575-c94b-44a6-b996-25df487e3c54:c5486, 9ec8ead9-888e-415b-b04c-32cd2c26f792:c5482, 84ef4577-07e0-4c8d-900e-d449eb7bf65d:c5482]
2019-07-10 10:04:13,100 INFO  client.GrpcClientProtocolClient (GrpcClientProtocolClient.java:onNext(255)) - client-3502B0E99E4B->68798575-c94b-44a6-b996-25df487e3c54: receive RaftClientReply:client-3502B0E99E4B->68798575-c94b-44a6-b996-25df487e3c54@group-48C576E544C9, cid=3626, SUCCESS, logIndex=5486, commits[68798575-c94b-44a6-b996-25df487e3c54:c5486, 9ec8ead9-888e-415b-b04c-32cd2c26f792:c5482, 84ef4577-07e0-4c8d-900e-d449eb7bf65d:c5482]
2019-07-10 10:04:13,126 INFO  client.GrpcClientProtocolClient (GrpcClientProtocolClient.java:onNext(255)) - client-3502B0E99E4B->68798575-c94b-44a6-b996-25df487e3c54: receive RaftClientReply:client-3502B0E99E4B->68798575-c94b-44a6-b996-25df487e3c54@group-48C576E544C9, cid=3627, SUCCESS, logIndex=0, commits[68798575-c94b-44a6-b996-25df487e3c54:c5488, 9ec8ead9-888e-415b-b04c-32cd2c26f792:c5486, 84ef4577-07e0-4c8d-900e-d449eb7bf65d:c5486]
2019-07-10 10:04:13,162 INFO  client.GrpcClientProtocolClient (GrpcClientProtocolClient.java:onNext(255)) - client-3502B0E99E4B->68798575-c94b-44a6-b996-25df487e3c54: receive RaftClientReply:client-3502B0E99E4B->68798575-c94b-44a6-b996-25df487e3c54@group-48C576E544C9, cid=3628, SUCCESS, logIndex=5489, commits[68798575-c94b-44a6-b996-25df487e3c54:c5490, 9ec8ead9-888e-415b-b04c-32cd2c26f792:c5488, 84ef4577-07e0-4c8d-900e-d449eb7bf65d:c5488]
2019-07-10 10:04:13,163 INFO  client.GrpcClientProtocolClient (GrpcClientProtocolClient.java:onNext(255)) - client-3502B0E99E4B->68798575-c94b-44a6-b996-25df487e3c54: receive RaftClientReply:client-3502B0E99E4B->68798575-c94b-44a6-b996-25df487e3c54@group-48C576E544C9, cid=3629, SUCCESS, logIndex=5490, commits[68798575-c94b-44a6-b996-25df487e3c54:c5492, 9ec8ead9-888e-415b-b04c-32cd2c26f792:c5488, 84ef4577-07e0-4c8d-900e-d449eb7bf65d:c5488]
2019-07-10 10:04:13,163 INFO  client.GrpcClientProtocolClient (GrpcClientProtocolClient.java:onNext(255)) - client-3502B0E99E4B->68798575-c94b-44a6-b996-25df487e3c54: receive RaftClientReply:client-3502B0E99E4B->68798575-c94b-44a6-b996-25df487e3c54@group-48C576E544C9, cid=3630, SUCCESS, logIndex=5491, commits[68798575-c94b-44a6-b996-25df487e3c54:c5492, 9ec8ead9-888e-415b-b04c-32cd2c26f792:c5488, 84ef4577-07e0-4c8d-900e-d449eb7bf65d:c5488]
2019-07-10 10:04:13,163 INFO  client.GrpcClientProtocolClient (GrpcClientProtocolClient.java:onNext(255)) - client-3502B0E99E4B->68798575-c94b-44a6-b996-25df487e3c54: receive RaftClientReply:client-3502B0E99E4B->68798575-c94b-44a6-b996-25df487e3c54@group-48C576E544C9, cid=3631, SUCCESS, logIndex=5492, commits[68798575-c94b-44a6-b996-25df487e3c54:c5492, 9ec8ead9-888e-415b-b04c-32cd2c26f792:c5488, 84ef4577-07e0-4c8d-900e-d449eb7bf65d:c5488]
2019-07-10 10:04:13,177 INFO  client.GrpcClientProtocolClient (GrpcClientProtocolClient.java:onNext(255)) - client-3502B0E99E4B->68798575-c94b-44a6-b996-25df487e3c54: receive RaftClientReply:client-3502B0E99E4B->68798575-c94b-44a6-b996-25df487e3c54@group-48C576E544C9, cid=3632, SUCCESS, logIndex=0, commits[68798575-c94b-44a6-b996-25df487e3c54:c5494, 9ec8ead9-888e-415b-b04c-32cd2c26f792:c5491, 84ef4577-07e0-4c8d-900e-d449eb7bf65d:c5491]
2019-07-10 10:04:13,202 INFO  client.GrpcClientProtocolClient (GrpcClientProtocolClient.java:onNext(255)) - client-3502B0E99E4B->68798575-c94b-44a6-b996-25df487e3c54: receive RaftClientReply:client-3502B0E99E4B->68798575-c94b-44a6-b996-25df487e3c54@group-48C576E544C9, cid=3633, SUCCESS, logIndex=5497, commits[68798575-c94b-44a6-b996-25df487e3c54:c5498, 9ec8ead9-888e-415b-b04c-32cd2c26f792:c5496, 84ef4577-07e0-4c8d-900e-d449eb7bf65d:c5496]
2019-07-10 10:04:13,202 INFO  client.GrpcClientProtocolClient (GrpcClientProtocolClient.java:onNext(255)) - client-3502B0E99E4B->68798575-c94b-44a6-b996-25df487e3c54: receive RaftClientReply:client-3502B0E99E4B->68798575-c94b-44a6-b996-25df487e3c54@group-48C576E544C9, cid=3634, SUCCESS, logIndex=5498, commits[68798575-c94b-44a6-b996-25df487e3c54:c5498, 9ec8ead9-888e-415b-b04c-32cd2c26f792:c5496, 84ef4577-07e0-4c8d-900e-d449eb7bf65d:c5496]
 0.00% |█                                                                                                    |  0/1 Time: 0:00:37 0.00% |█                                                                                                    |  0/1 Time: 0:00:38 0.00% |█                                                                                                    |  0/1 Time: 0:00:392019-07-10 10:04:16,202 WARN  server.GrpcLogAppender (GrpcLogAppender.java:timeoutAppendRequest(200)) - GrpcLogAppender(68798575-c94b-44a6-b996-25df487e3c54->9ec8ead9-888e-415b-b04c-32cd2c26f792): appendEntries Timeout, request=68798575-c94b-44a6-b996-25df487e3c54->9ec8ead9-888e-415b-b04c-32cd2c26f792#5542-t1, previous=(t:1, i:5499), leaderCommit=5498, initializing? false, entries: size=1, first=(t:1, i:5500), METADATAENTRY(c5498)
2019-07-10 10:04:16,202 WARN  server.GrpcLogAppender (GrpcLogAppender.java:timeoutAppendRequest(200)) - GrpcLogAppender(68798575-c94b-44a6-b996-25df487e3c54->84ef4577-07e0-4c8d-900e-d449eb7bf65d): appendEntries Timeout, request=68798575-c94b-44a6-b996-25df487e3c54->84ef4577-07e0-4c8d-900e-d449eb7bf65d#5542-t1, previous=(t:1, i:5499), leaderCommit=5498, initializing? false, entries: size=1, first=(t:1, i:5500), METADATAENTRY(c5498)
2019-07-10 10:04:16,209 WARN  server.GrpcLogAppender (GrpcLogAppender.java:timeoutAppendRequest(200)) - GrpcLogAppender(68798575-c94b-44a6-b996-25df487e3c54->9ec8ead9-888e-415b-b04c-32cd2c26f792): appendEntries Timeout, request=68798575-c94b-44a6-b996-25df487e3c54->9ec8ead9-888e-415b-b04c-32cd2c26f792#5543-t1, previous=(t:1, i:5500), leaderCommit=5498, initializing? false, entries: size=1, first=(t:1, i:5501), STATEMACHINELOGENTRY, client-3502B0E99E4B, cid=3635
2019-07-10 10:04:16,209 WARN  server.GrpcLogAppender (GrpcLogAppender.java:timeoutAppendRequest(200)) - GrpcLogAppender(68798575-c94b-44a6-b996-25df487e3c54->84ef4577-07e0-4c8d-900e-d449eb7bf65d): appendEntries Timeout, request=68798575-c94b-44a6-b996-25df487e3c54->84ef4577-07e0-4c8d-900e-d449eb7bf65d#5543-t1, previous=(t:1, i:5500), leaderCommit=5498, initializing? false, entries: size=1, first=(t:1, i:5501), STATEMACHINELOGENTRY, client-3502B0E99E4B, cid=3635
2019-07-10 10:04:16,209 WARN  server.GrpcLogAppender (GrpcLogAppender.java:timeoutAppendRequest(200)) - GrpcLogAppender(68798575-c94b-44a6-b996-25df487e3c54->9ec8ead9-888e-415b-b04c-32cd2c26f792): appendEntries Timeout, request=68798575-c94b-44a6-b996-25df487e3c54->9ec8ead9-888e-415b-b04c-32cd2c26f792#5544-t1, previous=(t:1, i:5501), leaderCommit=5498, initializing? false, entries: size=1, first=(t:1, i:5502), STATEMACHINELOGENTRY, client-3502B0E99E4B, cid=3636
2019-07-10 10:04:16,209 WARN  server.GrpcLogAppender (GrpcLogAppender.java:timeoutAppendRequest(200)) - GrpcLogAppender(68798575-c94b-44a6-b996-25df487e3c54->84ef4577-07e0-4c8d-900e-d449eb7bf65d): appendEntries Timeout, request=68798575-c94b-44a6-b996-25df487e3c54->84ef4577-07e0-4c8d-900e-d449eb7bf65d#5544-t1, previous=(t:1, i:5501), leaderCommit=5498, initializing? false, entries: size=1, first=(t:1, i:5502), STATEMACHINELOGENTRY, client-3502B0E99E4B, cid=3636
2019-07-10 10:04:16,217 WARN  server.GrpcLogAppender (GrpcLogAppender.java:onNextImpl(250)) - org.apache.ratis.grpc.server.GrpcLogAppender$AppendLogResponseHandler@4088c039: Request not found, ignoring reply: 68798575-c94b-44a6-b996-25df487e3c54<-84ef4577-07e0-4c8d-900e-d449eb7bf65d#5542:OK,SUCCESS,nextIndex:5501,term:1,followerCommit:5499
2019-07-10 10:04:16,217 WARN  server.GrpcLogAppender (GrpcLogAppender.java:onNextImpl(250)) - org.apache.ratis.grpc.server.GrpcLogAppender$AppendLogResponseHandler@718e2b01: Request not found, ignoring reply: 68798575-c94b-44a6-b996-25df487e3c54<-9ec8ead9-888e-415b-b04c-32cd2c26f792#5542:OK,SUCCESS,nextIndex:5501,term:1,followerCommit:5499
2019-07-10 10:04:16,218 WARN  server.GrpcLogAppender (GrpcLogAppender.java:onNextImpl(250)) - org.apache.ratis.grpc.server.GrpcLogAppender$AppendLogResponseHandler@4088c039: Request not found, ignoring reply: 68798575-c94b-44a6-b996-25df487e3c54<-84ef4577-07e0-4c8d-900e-d449eb7bf65d#5543:OK,SUCCESS,nextIndex:5502,term:1,followerCommit:5499
2019-07-10 10:04:16,218 WARN  server.GrpcLogAppender (GrpcLogAppender.java:onNextImpl(250)) - org.apache.ratis.grpc.server.GrpcLogAppender$AppendLogResponseHandler@718e2b01: Request not found, ignoring reply: 68798575-c94b-44a6-b996-25df487e3c54<-9ec8ead9-888e-415b-b04c-32cd2c26f792#5543:OK,SUCCESS,nextIndex:5502,term:1,followerCommit:5499
2019-07-10 10:04:16,218 WARN  server.GrpcLogAppender (GrpcLogAppender.java:onNextImpl(250)) - org.apache.ratis.grpc.server.GrpcLogAppender$AppendLogResponseHandler@4088c039: Request not found, ignoring reply: 68798575-c94b-44a6-b996-25df487e3c54<-84ef4577-07e0-4c8d-900e-d449eb7bf65d#5544:OK,SUCCESS,nextIndex:5503,term:1,followerCommit:5499
2019-07-10 10:04:16,218 WARN  server.GrpcLogAppender (GrpcLogAppender.java:onNextImpl(250)) - org.apache.ratis.grpc.server.GrpcLogAppender$AppendLogResponseHandler@718e2b01: Request not found, ignoring reply: 68798575-c94b-44a6-b996-25df487e3c54<-9ec8ead9-888e-415b-b04c-32cd2c26f792#5544:OK,SUCCESS,nextIndex:5503,term:1,followerCommit:5499
2019-07-10 10:04:16,220 INFO  client.GrpcClientProtocolClient (GrpcClientProtocolClient.java:onNext(255)) - client-3502B0E99E4B->68798575-c94b-44a6-b996-25df487e3c54: receive RaftClientReply:client-3502B0E99E4B->68798575-c94b-44a6-b996-25df487e3c54@group-48C576E544C9, cid=3635, SUCCESS, logIndex=5501, commits[68798575-c94b-44a6-b996-25df487e3c54:c5502, 9ec8ead9-888e-415b-b04c-32cd2c26f792:c5499, 84ef4577-07e0-4c8d-900e-d449eb7bf65d:c5499]
2019-07-10 10:04:16,221 INFO  client.GrpcClientProtocolClient (GrpcClientProtocolClient.java:onNext(255)) - client-3502B0E99E4B->68798575-c94b-44a6-b996-25df487e3c54: receive RaftClientReply:client-3502B0E99E4B->68798575-c94b-44a6-b996-25df487e3c54@group-48C576E544C9, cid=3636, SUCCESS, logIndex=5502, commits[68798575-c94b-44a6-b996-25df487e3c54:c5502, 9ec8ead9-888e-415b-b04c-32cd2c26f792:c5499, 84ef4577-07e0-4c8d-900e-d449eb7bf65d:c5499]
 0.00% |█                                                                                                    |  0/1 Time: 0:00:40 0.00% |█                                                                                                    |  0/1 Time: 0:00:41 0.00% |█                                                                                                    |  0/1 Time: 0:00:422019-07-10 10:04:19,220 WARN  server.GrpcLogAppender (GrpcLogAppender.java:timeoutAppendRequest(200)) - GrpcLogAppender(68798575-c94b-44a6-b996-25df487e3c54->9ec8ead9-888e-415b-b04c-32cd2c26f792): appendEntries Timeout, request=68798575-c94b-44a6-b996-25df487e3c54->9ec8ead9-888e-415b-b04c-32cd2c26f792#5550-t1, previous=(t:1, i:5502), leaderCommit=5502, initializing? false, entries: size=1, first=(t:1, i:5503), METADATAENTRY(c5502)
2019-07-10 10:04:19,220 WARN  server.GrpcLogAppender (GrpcLogAppender.java:timeoutAppendRequest(200)) - GrpcLogAppender(68798575-c94b-44a6-b996-25df487e3c54->84ef4577-07e0-4c8d-900e-d449eb7bf65d): appendEntries Timeout, request=68798575-c94b-44a6-b996-25df487e3c54->84ef4577-07e0-4c8d-900e-d449eb7bf65d#5550-t1, previous=(t:1, i:5502), leaderCommit=5502, initializing? false, entries: size=1, first=(t:1, i:5503), METADATAENTRY(c5502)
2019-07-10 10:04:19,720 WARN  server.GrpcLogAppender (GrpcLogAppender.java:timeoutAppendRequest(200)) - GrpcLogAppender(68798575-c94b-44a6-b996-25df487e3c54->84ef4577-07e0-4c8d-900e-d449eb7bf65d): appendEntries Timeout, request=68798575-c94b-44a6-b996-25df487e3c54->84ef4577-07e0-4c8d-900e-d449eb7bf65d#5551-t1, previous=(t:1, i:5503), leaderCommit=5502, initializing? false, entries: <empty>
2019-07-10 10:04:19,720 WARN  server.GrpcLogAppender (GrpcLogAppender.java:timeoutAppendRequest(200)) - GrpcLogAppender(68798575-c94b-44a6-b996-25df487e3c54->9ec8ead9-888e-415b-b04c-32cd2c26f792): appendEntries Timeout, request=68798575-c94b-44a6-b996-25df487e3c54->9ec8ead9-888e-415b-b04c-32cd2c26f792#5551-t1, previous=(t:1, i:5503), leaderCommit=5502, initializing? false, entries: <empty>
 0.00% |█                                                                                                    |  0/1 Time: 0:00:432019-07-10 10:04:19,993 WARN  server.GrpcLogAppender (GrpcLogAppender.java:onNextImpl(250)) - org.apache.ratis.grpc.server.GrpcLogAppender$AppendLogResponseHandler@718e2b01: Request not found, ignoring reply: 68798575-c94b-44a6-b996-25df487e3c54<-9ec8ead9-888e-415b-b04c-32cd2c26f792#5550:OK,SUCCESS,nextIndex:5504,term:1,followerCommit:5502
2019-07-10 10:04:19,993 WARN  server.GrpcLogAppender (GrpcLogAppender.java:onNextImpl(250)) - org.apache.ratis.grpc.server.GrpcLogAppender$AppendLogResponseHandler@4088c039: Request not found, ignoring reply: 68798575-c94b-44a6-b996-25df487e3c54<-84ef4577-07e0-4c8d-900e-d449eb7bf65d#5550:OK,SUCCESS,nextIndex:5504,term:1,followerCommit:5502
2019-07-10 10:04:19,993 WARN  server.GrpcLogAppender (GrpcLogAppender.java:onNextImpl(250)) - org.apache.ratis.grpc.server.GrpcLogAppender$AppendLogResponseHandler@718e2b01: Request not found, ignoring reply: 68798575-c94b-44a6-b996-25df487e3c54<-9ec8ead9-888e-415b-b04c-32cd2c26f792#5551:OK,SUCCESS,nextIndex:5504,term:1,followerCommit:5502
2019-07-10 10:04:19,993 WARN  server.GrpcLogAppender (GrpcLogAppender.java:onNextImpl(250)) - org.apache.ratis.grpc.server.GrpcLogAppender$AppendLogResponseHandler@4088c039: Request not found, ignoring reply: 68798575-c94b-44a6-b996-25df487e3c54<-84ef4577-07e0-4c8d-900e-d449eb7bf65d#5551:OK,SUCCESS,nextIndex:5504,term:1,followerCommit:5502
 0.00% |█                                                                                                    |  0/1 Time: 0:00:44 0.00% |█                                                                                                    |  0/1 Time: 0:00:452019-07-10 10:04:22,310 INFO  client.GrpcClientProtocolClient (GrpcClientProtocolClient.java:onNext(255)) - client-3502B0E99E4B->9ec8ead9-888e-415b-b04c-32cd2c26f792: receive RaftClientReply:client-3502B0E99E4B->9ec8ead9-888e-415b-b04c-32cd2c26f792@group-48C576E544C9, cid=3635, FAILED org.apache.ratis.protocol.NotLeaderException: Server 9ec8ead9-888e-415b-b04c-32cd2c26f792 is not the leader (68798575-c94b-44a6-b996-25df487e3c54:192.168.157.219:35564). Request must be sent to leader., logIndex=0, commits[9ec8ead9-888e-415b-b04c-32cd2c26f792:c5503, 68798575-c94b-44a6-b996-25df487e3c54:c5503, 84ef4577-07e0-4c8d-900e-d449eb7bf65d:c5503]
2019-07-10 10:04:22,330 INFO  client.GrpcClientProtocolClient (GrpcClientProtocolClient.java:onNext(255)) - client-3502B0E99E4B->68798575-c94b-44a6-b996-25df487e3c54: receive RaftClientReply:client-3502B0E99E4B->68798575-c94b-44a6-b996-25df487e3c54@group-48C576E544C9, cid=3635, SUCCESS, logIndex=5501, commits[68798575-c94b-44a6-b996-25df487e3c54:c5502, 9ec8ead9-888e-415b-b04c-32cd2c26f792:c5499, 84ef4577-07e0-4c8d-900e-d449eb7bf65d:c5499]
2019-07-10 10:04:22,336 INFO  client.GrpcClientProtocolClient (GrpcClientProtocolClient.java:onNext(255)) - client-3502B0E99E4B->68798575-c94b-44a6-b996-25df487e3c54: receive RaftClientReply:client-3502B0E99E4B->68798575-c94b-44a6-b996-25df487e3c54@group-48C576E544C9, cid=3636, SUCCESS, logIndex=5502, commits[68798575-c94b-44a6-b996-25df487e3c54:c5502, 9ec8ead9-888e-415b-b04c-32cd2c26f792:c5499, 84ef4577-07e0-4c8d-900e-d449eb7bf65d:c5499]
2019-07-10 10:04:22,343 INFO  client.GrpcClientProtocolClient (GrpcClientProtocolClient.java:onNext(255)) - client-3502B0E99E4B->68798575-c94b-44a6-b996-25df487e3c54: receive RaftClientReply:client-3502B0E99E4B->68798575-c94b-44a6-b996-25df487e3c54@group-48C576E544C9, cid=3637, SUCCESS, logIndex=0, commits[68798575-c94b-44a6-b996-25df487e3c54:c5503, 9ec8ead9-888e-415b-b04c-32cd2c26f792:c5503, 84ef4577-07e0-4c8d-900e-d449eb7bf65d:c5503]
 0.00% |█                                                                                                    |  0/1 Time: 0:00:462019-07-10 10:04:23,424 INFO  client.GrpcClientProtocolClient (GrpcClientProtocolClient.java:onNext(255)) - client-3502B0E99E4B->68798575-c94b-44a6-b996-25df487e3c54: receive RaftClientReply:client-3502B0E99E4B->68798575-c94b-44a6-b996-25df487e3c54@group-48C576E544C9, cid=3638, SUCCESS, logIndex=5504, commits[68798575-c94b-44a6-b996-25df487e3c54:c5506, 9ec8ead9-888e-415b-b04c-32cd2c26f792:c5503, 84ef4577-07e0-4c8d-900e-d449eb7bf65d:c5503]
2019-07-10 10:04:23,424 INFO  client.GrpcClientProtocolClient (GrpcClientProtocolClient.java:onNext(255)) - client-3502B0E99E4B->68798575-c94b-44a6-b996-25df487e3c54: receive RaftClientReply:client-3502B0E99E4B->68798575-c94b-44a6-b996-25df487e3c54@group-48C576E544C9, cid=3639, SUCCESS, logIndex=5505, commits[68798575-c94b-44a6-b996-25df487e3c54:c5507, 9ec8ead9-888e-415b-b04c-32cd2c26f792:c5503, 84ef4577-07e0-4c8d-900e-d449eb7bf65d:c5503]
2019-07-10 10:04:23,425 INFO  client.GrpcClientProtocolClient (GrpcClientProtocolClient.java:onNext(255)) - client-3502B0E99E4B->68798575-c94b-44a6-b996-25df487e3c54: receive RaftClientReply:client-3502B0E99E4B->68798575-c94b-44a6-b996-25df487e3c54@group-48C576E544C9, cid=3640, SUCCESS, logIndex=5506, commits[68798575-c94b-44a6-b996-25df487e3c54:c5507, 9ec8ead9-888e-415b-b04c-32cd2c26f792:c5503, 84ef4577-07e0-4c8d-900e-d449eb7bf65d:c5503]
2019-07-10 10:04:23,425 INFO  client.GrpcClientProtocolClient (GrpcClientProtocolClient.java:onNext(255)) - client-3502B0E99E4B->68798575-c94b-44a6-b996-25df487e3c54: receive RaftClientReply:client-3502B0E99E4B->68798575-c94b-44a6-b996-25df487e3c54@group-48C576E544C9, cid=3641, SUCCESS, logIndex=5507, commits[68798575-c94b-44a6-b996-25df487e3c54:c5507, 9ec8ead9-888e-415b-b04c-32cd2c26f792:c5503, 84ef4577-07e0-4c8d-900e-d449eb7bf65d:c5503]
 0.00% |█                                                                                                    |  0/1 Time: 0:00:47 0.00% |█                                                                                                    |  0/1 Time: 0:00:48 0.00% |█                                                                                                    |  0/1 Time: 0:00:492019-07-10 10:04:26,419 WARN  server.GrpcLogAppender (GrpcLogAppender.java:timeoutAppendRequest(200)) - GrpcLogAppender(68798575-c94b-44a6-b996-25df487e3c54->84ef4577-07e0-4c8d-900e-d449eb7bf65d): appendEntries Timeout, request=68798575-c94b-44a6-b996-25df487e3c54->84ef4577-07e0-4c8d-900e-d449eb7bf65d#5568-t1, previous=(t:1, i:5507), leaderCommit=5504, initializing? false, entries: size=1, first=(t:1, i:5508), METADATAENTRY(c5504)
2019-07-10 10:04:26,420 WARN  server.GrpcLogAppender (GrpcLogAppender.java:timeoutAppendRequest(200)) - GrpcLogAppender(68798575-c94b-44a6-b996-25df487e3c54->9ec8ead9-888e-415b-b04c-32cd2c26f792): appendEntries Timeout, request=68798575-c94b-44a6-b996-25df487e3c54->9ec8ead9-888e-415b-b04c-32cd2c26f792#5568-t1, previous=(t:1, i:5507), leaderCommit=5504, initializing? false, entries: size=1, first=(t:1, i:5508), METADATAENTRY(c5504)
2019-07-10 10:04:26,420 WARN  server.GrpcLogAppender (GrpcLogAppender.java:timeoutAppendRequest(200)) - GrpcLogAppender(68798575-c94b-44a6-b996-25df487e3c54->84ef4577-07e0-4c8d-900e-d449eb7bf65d): appendEntries Timeout, request=68798575-c94b-44a6-b996-25df487e3c54->84ef4577-07e0-4c8d-900e-d449eb7bf65d#5569-t1, previous=(t:1, i:5508), leaderCommit=5505, initializing? false, entries: size=1, first=(t:1, i:5509), METADATAENTRY(c5505)
2019-07-10 10:04:26,420 WARN  server.GrpcLogAppender (GrpcLogAppender.java:timeoutAppendRequest(200)) - GrpcLogAppender(68798575-c94b-44a6-b996-25df487e3c54->9ec8ead9-888e-415b-b04c-32cd2c26f792): appendEntries Timeout, request=68798575-c94b-44a6-b996-25df487e3c54->9ec8ead9-888e-415b-b04c-32cd2c26f792#5569-t1, previous=(t:1, i:5508), leaderCommit=5505, initializing? false, entries: size=1, first=(t:1, i:5509), METADATAENTRY(c5505)
2019-07-10 10:04:26,420 WARN  server.GrpcLogAppender (GrpcLogAppender.java:timeoutAppendRequest(200)) - GrpcLogAppender(68798575-c94b-44a6-b996-25df487e3c54->84ef4577-07e0-4c8d-900e-d449eb7bf65d): appendEntries Timeout, request=68798575-c94b-44a6-b996-25df487e3c54->84ef4577-07e0-4c8d-900e-d449eb7bf65d#5570-t1, previous=(t:1, i:5509), leaderCommit=5506, initializing? false, entries: size=1, first=(t:1, i:5510), METADATAENTRY(c5506)
2019-07-10 10:04:26,420 WARN  server.GrpcLogAppender (GrpcLogAppender.java:timeoutAppendRequest(200)) - GrpcLogAppender(68798575-c94b-44a6-b996-25df487e3c54->9ec8ead9-888e-415b-b04c-32cd2c26f792): appendEntries Timeout, request=68798575-c94b-44a6-b996-25df487e3c54->9ec8ead9-888e-415b-b04c-32cd2c26f792#5570-t1, previous=(t:1, i:5509), leaderCommit=5506, initializing? false, entries: size=1, first=(t:1, i:5510), METADATAENTRY(c5506)
2019-07-10 10:04:26,421 WARN  server.GrpcLogAppender (GrpcLogAppender.java:timeoutAppendRequest(200)) - GrpcLogAppender(68798575-c94b-44a6-b996-25df487e3c54->84ef4577-07e0-4c8d-900e-d449eb7bf65d): appendEntries Timeout, request=68798575-c94b-44a6-b996-25df487e3c54->84ef4577-07e0-4c8d-900e-d449eb7bf65d#5571-t1, previous=(t:1, i:5510), leaderCommit=5507, initializing? false, entries: size=1, first=(t:1, i:5511), METADATAENTRY(c5507)
2019-07-10 10:04:26,421 WARN  server.GrpcLogAppender (GrpcLogAppender.java:timeoutAppendRequest(200)) - GrpcLogAppender(68798575-c94b-44a6-b996-25df487e3c54->9ec8ead9-888e-415b-b04c-32cd2c26f792): appendEntries Timeout, request=68798575-c94b-44a6-b996-25df487e3c54->9ec8ead9-888e-415b-b04c-32cd2c26f792#5571-t1, previous=(t:1, i:5510), leaderCommit=5507, initializing? false, entries: size=1, first=(t:1, i:5511), METADATAENTRY(c5507)
2019-07-10 10:04:26,488 WARN  server.GrpcLogAppender (GrpcLogAppender.java:onNextImpl(250)) - org.apache.ratis.grpc.server.GrpcLogAppender$AppendLogResponseHandler@718e2b01: Request not found, ignoring reply: 68798575-c94b-44a6-b996-25df487e3c54<-9ec8ead9-888e-415b-b04c-32cd2c26f792#5568:OK,SUCCESS,nextIndex:5509,term:1,followerCommit:5507
2019-07-10 10:04:26,489 WARN  server.GrpcLogAppender (GrpcLogAppender.java:onNextImpl(250)) - org.apache.ratis.grpc.server.GrpcLogAppender$AppendLogResponseHandler@4088c039: Request not found, ignoring reply: 68798575-c94b-44a6-b996-25df487e3c54<-84ef4577-07e0-4c8d-900e-d449eb7bf65d#5568:OK,SUCCESS,nextIndex:5509,term:1,followerCommit:5507
2019-07-10 10:04:26,489 WARN  server.GrpcLogAppender (GrpcLogAppender.java:onNextImpl(250)) - org.apache.ratis.grpc.server.GrpcLogAppender$AppendLogResponseHandler@4088c039: Request not found, ignoring reply: 68798575-c94b-44a6-b996-25df487e3c54<-84ef4577-07e0-4c8d-900e-d449eb7bf65d#5569:OK,SUCCESS,nextIndex:5510,term:1,followerCommit:5507
2019-07-10 10:04:26,921 WARN  server.GrpcLogAppender (GrpcLogAppender.java:timeoutAppendRequest(200)) - GrpcLogAppender(68798575-c94b-44a6-b996-25df487e3c54->9ec8ead9-888e-415b-b04c-32cd2c26f792): appendEntries Timeout, request=68798575-c94b-44a6-b996-25df487e3c54->9ec8ead9-888e-415b-b04c-32cd2c26f792#5572-t1, previous=(t:1, i:5511), leaderCommit=5507, initializing? false, entries: <empty>
2019-07-10 10:04:26,921 WARN  server.GrpcLogAppender (GrpcLogAppender.java:timeoutAppendRequest(200)) - GrpcLogAppender(68798575-c94b-44a6-b996-25df487e3c54->84ef4577-07e0-4c8d-900e-d449eb7bf65d): appendEntries Timeout, request=68798575-c94b-44a6-b996-25df487e3c54->84ef4577-07e0-4c8d-900e-d449eb7bf65d#5572-t1, previous=(t:1, i:5511), leaderCommit=5507, initializing? false, entries: <empty>
 0.00% |█                                                                                                    |  0/1 Time: 0:00:502019-07-10 10:04:27,421 WARN  server.GrpcLogAppender (GrpcLogAppender.java:timeoutAppendRequest(200)) - GrpcLogAppender(68798575-c94b-44a6-b996-25df487e3c54->84ef4577-07e0-4c8d-900e-d449eb7bf65d): appendEntries Timeout, request=68798575-c94b-44a6-b996-25df487e3c54->84ef4577-07e0-4c8d-900e-d449eb7bf65d#5573-t1, previous=(t:1, i:5511), leaderCommit=5507, initializing? false, entries: <empty>
2019-07-10 10:04:27,421 WARN  server.GrpcLogAppender (GrpcLogAppender.java:timeoutAppendRequest(200)) - GrpcLogAppender(68798575-c94b-44a6-b996-25df487e3c54->9ec8ead9-888e-415b-b04c-32cd2c26f792): appendEntries Timeout, request=68798575-c94b-44a6-b996-25df487e3c54->9ec8ead9-888e-415b-b04c-32cd2c26f792#5573-t1, previous=(t:1, i:5511), leaderCommit=5507, initializing? false, entries: <empty>
2019-07-10 10:04:27,922 WARN  server.GrpcLogAppender (GrpcLogAppender.java:timeoutAppendRequest(200)) - GrpcLogAppender(68798575-c94b-44a6-b996-25df487e3c54->84ef4577-07e0-4c8d-900e-d449eb7bf65d): appendEntries Timeout, request=68798575-c94b-44a6-b996-25df487e3c54->84ef4577-07e0-4c8d-900e-d449eb7bf65d#5574-t1, previous=(t:1, i:5511), leaderCommit=5507, initializing? false, entries: <empty>
2019-07-10 10:04:27,922 WARN  server.GrpcLogAppender (GrpcLogAppender.java:timeoutAppendRequest(200)) - GrpcLogAppender(68798575-c94b-44a6-b996-25df487e3c54->9ec8ead9-888e-415b-b04c-32cd2c26f792): appendEntries Timeout, request=68798575-c94b-44a6-b996-25df487e3c54->9ec8ead9-888e-415b-b04c-32cd2c26f792#5574-t1, previous=(t:1, i:5511), leaderCommit=5507, initializing? false, entries: <empty>
 0.00% |█                                                                                                    |  0/1 Time: 0:00:512019-07-10 10:04:28,423 WARN  server.GrpcLogAppender (GrpcLogAppender.java:timeoutAppendRequest(200)) - GrpcLogAppender(68798575-c94b-44a6-b996-25df487e3c54->84ef4577-07e0-4c8d-900e-d449eb7bf65d): appendEntries Timeout, request=68798575-c94b-44a6-b996-25df487e3c54->84ef4577-07e0-4c8d-900e-d449eb7bf65d#5575-t1, previous=(t:1, i:5511), leaderCommit=5507, initializing? false, entries: <empty>
2019-07-10 10:04:28,423 WARN  server.GrpcLogAppender (GrpcLogAppender.java:timeoutAppendRequest(200)) - GrpcLogAppender(68798575-c94b-44a6-b996-25df487e3c54->9ec8ead9-888e-415b-b04c-32cd2c26f792): appendEntries Timeout, request=68798575-c94b-44a6-b996-25df487e3c54->9ec8ead9-888e-415b-b04c-32cd2c26f792#5575-t1, previous=(t:1, i:5511), leaderCommit=5507, initializing? false, entries: <empty>
2019-07-10 10:04:28,428 WARN  scm.XceiverClientRatis (XceiverClientRatis.java:watchForCommit(262)) - 3 way commit failed 
java.util.concurrent.TimeoutException
	at java.util.concurrent.CompletableFuture.timedGet(CompletableFuture.java:1771)
	at java.util.concurrent.CompletableFuture.get(CompletableFuture.java:1915)
	at org.apache.hadoop.hdds.scm.XceiverClientRatis.watchForCommit(XceiverClientRatis.java:259)
	at org.apache.hadoop.hdds.scm.storage.CommitWatcher.watchForCommit(CommitWatcher.java:194)
	at org.apache.hadoop.hdds.scm.storage.CommitWatcher.watchOnFirstIndex(CommitWatcher.java:135)
	at org.apache.hadoop.hdds.scm.storage.BlockOutputStream.watchForCommit(BlockOutputStream.java:355)
	at org.apache.hadoop.hdds.scm.storage.BlockOutputStream.handleFullBuffer(BlockOutputStream.java:332)
	at org.apache.hadoop.hdds.scm.storage.BlockOutputStream.write(BlockOutputStream.java:259)
	at org.apache.hadoop.ozone.client.io.BlockOutputStreamEntry.write(BlockOutputStreamEntry.java:129)
	at org.apache.hadoop.ozone.client.io.KeyOutputStream.handleWrite(KeyOutputStream.java:211)
	at org.apache.hadoop.ozone.client.io.KeyOutputStream.write(KeyOutputStream.java:193)
	at org.apache.hadoop.ozone.client.io.OzoneOutputStream.write(OzoneOutputStream.java:49)
	at org.apache.hadoop.ozone.freon.RandomKeyGenerator$KeyProcessor.run(RandomKeyGenerator.java:693)
	at java.util.concurrent.Executors$RunnableAdapter.call(Executors.java:511)
	at java.util.concurrent.FutureTask.run(FutureTask.java:266)
	at java.util.concurrent.ThreadPoolExecutor.runWorker(ThreadPoolExecutor.java:1149)
	at java.util.concurrent.ThreadPoolExecutor$Worker.run(ThreadPoolExecutor.java:624)
	at java.lang.Thread.run(Thread.java:748)
2019-07-10 10:04:28,923 WARN  server.GrpcLogAppender (GrpcLogAppender.java:timeoutAppendRequest(200)) - GrpcLogAppender(68798575-c94b-44a6-b996-25df487e3c54->84ef4577-07e0-4c8d-900e-d449eb7bf65d): appendEntries Timeout, request=68798575-c94b-44a6-b996-25df487e3c54->84ef4577-07e0-4c8d-900e-d449eb7bf65d#5576-t1, previous=(t:1, i:5511), leaderCommit=5507, initializing? false, entries: <empty>
2019-07-10 10:04:28,923 WARN  server.GrpcLogAppender (GrpcLogAppender.java:timeoutAppendRequest(200)) - GrpcLogAppender(68798575-c94b-44a6-b996-25df487e3c54->9ec8ead9-888e-415b-b04c-32cd2c26f792): appendEntries Timeout, request=68798575-c94b-44a6-b996-25df487e3c54->9ec8ead9-888e-415b-b04c-32cd2c26f792#5576-t1, previous=(t:1, i:5511), leaderCommit=5507, initializing? false, entries: <empty>
 0.00% |█                                                                                                    |  0/1 Time: 0:00:522019-07-10 10:04:29,423 WARN  server.GrpcLogAppender (GrpcLogAppender.java:timeoutAppendRequest(200)) - GrpcLogAppender(68798575-c94b-44a6-b996-25df487e3c54->9ec8ead9-888e-415b-b04c-32cd2c26f792): appendEntries Timeout, request=68798575-c94b-44a6-b996-25df487e3c54->9ec8ead9-888e-415b-b04c-32cd2c26f792#5577-t1, previous=(t:1, i:5511), leaderCommit=5507, initializing? false, entries: <empty>
2019-07-10 10:04:29,423 WARN  server.GrpcLogAppender (GrpcLogAppender.java:timeoutAppendRequest(200)) - GrpcLogAppender(68798575-c94b-44a6-b996-25df487e3c54->84ef4577-07e0-4c8d-900e-d449eb7bf65d): appendEntries Timeout, request=68798575-c94b-44a6-b996-25df487e3c54->84ef4577-07e0-4c8d-900e-d449eb7bf65d#5577-t1, previous=(t:1, i:5511), leaderCommit=5507, initializing? false, entries: <empty>
2019-07-10 10:04:29,990 WARN  server.GrpcLogAppender (GrpcLogAppender.java:timeoutAppendRequest(200)) - GrpcLogAppender(68798575-c94b-44a6-b996-25df487e3c54->9ec8ead9-888e-415b-b04c-32cd2c26f792): appendEntries Timeout, request=68798575-c94b-44a6-b996-25df487e3c54->9ec8ead9-888e-415b-b04c-32cd2c26f792#5578-t1, previous=(t:1, i:5511), leaderCommit=5507, initializing? false, entries: <empty>
2019-07-10 10:04:29,990 WARN  server.GrpcLogAppender (GrpcLogAppender.java:timeoutAppendRequest(200)) - GrpcLogAppender(68798575-c94b-44a6-b996-25df487e3c54->84ef4577-07e0-4c8d-900e-d449eb7bf65d): appendEntries Timeout, request=68798575-c94b-44a6-b996-25df487e3c54->84ef4577-07e0-4c8d-900e-d449eb7bf65d#5578-t1, previous=(t:1, i:5511), leaderCommit=5507, initializing? false, entries: <empty>
 0.00% |█                                                                                                    |  0/1 Time: 0:00:532019-07-10 10:04:30,327 WARN  server.GrpcLogAppender (GrpcLogAppender.java:onNextImpl(250)) - org.apache.ratis.grpc.server.GrpcLogAppender$AppendLogResponseHandler@4088c039: Request not found, ignoring reply: 68798575-c94b-44a6-b996-25df487e3c54<-84ef4577-07e0-4c8d-900e-d449eb7bf65d#5570:OK,SUCCESS,nextIndex:5511,term:1,followerCommit:5507
2019-07-10 10:04:30,327 WARN  server.GrpcLogAppender (GrpcLogAppender.java:onNextImpl(250)) - org.apache.ratis.grpc.server.GrpcLogAppender$AppendLogResponseHandler@4088c039: Request not found, ignoring reply: 68798575-c94b-44a6-b996-25df487e3c54<-84ef4577-07e0-4c8d-900e-d449eb7bf65d#5571:OK,SUCCESS,nextIndex:5512,term:1,followerCommit:5507
2019-07-10 10:04:30,327 WARN  server.GrpcLogAppender (GrpcLogAppender.java:onNextImpl(250)) - org.apache.ratis.grpc.server.GrpcLogAppender$AppendLogResponseHandler@4088c039: Request not found, ignoring reply: 68798575-c94b-44a6-b996-25df487e3c54<-84ef4577-07e0-4c8d-900e-d449eb7bf65d#5572:OK,SUCCESS,nextIndex:5512,term:1,followerCommit:5507
2019-07-10 10:04:30,328 WARN  server.GrpcLogAppender (GrpcLogAppender.java:onNextImpl(250)) - org.apache.ratis.grpc.server.GrpcLogAppender$AppendLogResponseHandler@4088c039: Request not found, ignoring reply: 68798575-c94b-44a6-b996-25df487e3c54<-84ef4577-07e0-4c8d-900e-d449eb7bf65d#5573:OK,SUCCESS,nextIndex:5512,term:1,followerCommit:5507
2019-07-10 10:04:30,328 WARN  server.GrpcLogAppender (GrpcLogAppender.java:onNextImpl(250)) - org.apache.ratis.grpc.server.GrpcLogAppender$AppendLogResponseHandler@4088c039: Request not found, ignoring reply: 68798575-c94b-44a6-b996-25df487e3c54<-84ef4577-07e0-4c8d-900e-d449eb7bf65d#5574:OK,SUCCESS,nextIndex:5512,term:1,followerCommit:5507
2019-07-10 10:04:30,328 WARN  server.GrpcLogAppender (GrpcLogAppender.java:onNextImpl(250)) - org.apache.ratis.grpc.server.GrpcLogAppender$AppendLogResponseHandler@718e2b01: Request not found, ignoring reply: 68798575-c94b-44a6-b996-25df487e3c54<-9ec8ead9-888e-415b-b04c-32cd2c26f792#5569:OK,SUCCESS,nextIndex:5510,term:1,followerCommit:5507
2019-07-10 10:04:30,328 WARN  server.GrpcLogAppender (GrpcLogAppender.java:onNextImpl(250)) - org.apache.ratis.grpc.server.GrpcLogAppender$AppendLogResponseHandler@4088c039: Request not found, ignoring reply: 68798575-c94b-44a6-b996-25df487e3c54<-84ef4577-07e0-4c8d-900e-d449eb7bf65d#5575:OK,SUCCESS,nextIndex:5512,term:1,followerCommit:5507
2019-07-10 10:04:30,328 WARN  server.GrpcLogAppender (GrpcLogAppender.java:onNextImpl(250)) - org.apache.ratis.grpc.server.GrpcLogAppender$AppendLogResponseHandler@718e2b01: Request not found, ignoring reply: 68798575-c94b-44a6-b996-25df487e3c54<-9ec8ead9-888e-415b-b04c-32cd2c26f792#5570:OK,SUCCESS,nextIndex:5511,term:1,followerCommit:5507
2019-07-10 10:04:30,329 WARN  server.GrpcLogAppender (GrpcLogAppender.java:onNextImpl(250)) - org.apache.ratis.grpc.server.GrpcLogAppender$AppendLogResponseHandler@4088c039: Request not found, ignoring reply: 68798575-c94b-44a6-b996-25df487e3c54<-84ef4577-07e0-4c8d-900e-d449eb7bf65d#5576:OK,SUCCESS,nextIndex:5512,term:1,followerCommit:5507
2019-07-10 10:04:30,329 WARN  server.GrpcLogAppender (GrpcLogAppender.java:onNextImpl(250)) - org.apache.ratis.grpc.server.GrpcLogAppender$AppendLogResponseHandler@718e2b01: Request not found, ignoring reply: 68798575-c94b-44a6-b996-25df487e3c54<-9ec8ead9-888e-415b-b04c-32cd2c26f792#5571:OK,SUCCESS,nextIndex:5512,term:1,followerCommit:5507
2019-07-10 10:04:30,329 WARN  server.GrpcLogAppender (GrpcLogAppender.java:onNextImpl(250)) - org.apache.ratis.grpc.server.GrpcLogAppender$AppendLogResponseHandler@4088c039: Request not found, ignoring reply: 68798575-c94b-44a6-b996-25df487e3c54<-84ef4577-07e0-4c8d-900e-d449eb7bf65d#5577:OK,SUCCESS,nextIndex:5512,term:1,followerCommit:5507
2019-07-10 10:04:30,329 WARN  server.GrpcLogAppender (GrpcLogAppender.java:onNextImpl(250)) - org.apache.ratis.grpc.server.GrpcLogAppender$AppendLogResponseHandler@718e2b01: Request not found, ignoring reply: 68798575-c94b-44a6-b996-25df487e3c54<-9ec8ead9-888e-415b-b04c-32cd2c26f792#5572:OK,SUCCESS,nextIndex:5512,term:1,followerCommit:5507
2019-07-10 10:04:30,329 WARN  server.GrpcLogAppender (GrpcLogAppender.java:onNextImpl(250)) - org.apache.ratis.grpc.server.GrpcLogAppender$AppendLogResponseHandler@4088c039: Request not found, ignoring reply: 68798575-c94b-44a6-b996-25df487e3c54<-84ef4577-07e0-4c8d-900e-d449eb7bf65d#5578:OK,SUCCESS,nextIndex:5512,term:1,followerCommit:5507
2019-07-10 10:04:30,329 WARN  server.GrpcLogAppender (GrpcLogAppender.java:onNextImpl(250)) - org.apache.ratis.grpc.server.GrpcLogAppender$AppendLogResponseHandler@718e2b01: Request not found, ignoring reply: 68798575-c94b-44a6-b996-25df487e3c54<-9ec8ead9-888e-415b-b04c-32cd2c26f792#5573:OK,SUCCESS,nextIndex:5512,term:1,followerCommit:5507
2019-07-10 10:04:30,330 WARN  server.GrpcLogAppender (GrpcLogAppender.java:onNextImpl(250)) - org.apache.ratis.grpc.server.GrpcLogAppender$AppendLogResponseHandler@718e2b01: Request not found, ignoring reply: 68798575-c94b-44a6-b996-25df487e3c54<-9ec8ead9-888e-415b-b04c-32cd2c26f792#5574:OK,SUCCESS,nextIndex:5512,term:1,followerCommit:5507
2019-07-10 10:04:30,330 WARN  server.GrpcLogAppender (GrpcLogAppender.java:onNextImpl(250)) - org.apache.ratis.grpc.server.GrpcLogAppender$AppendLogResponseHandler@718e2b01: Request not found, ignoring reply: 68798575-c94b-44a6-b996-25df487e3c54<-9ec8ead9-888e-415b-b04c-32cd2c26f792#5575:OK,SUCCESS,nextIndex:5512,term:1,followerCommit:5507
2019-07-10 10:04:30,330 WARN  server.GrpcLogAppender (GrpcLogAppender.java:onNextImpl(250)) - org.apache.ratis.grpc.server.GrpcLogAppender$AppendLogResponseHandler@718e2b01: Request not found, ignoring reply: 68798575-c94b-44a6-b996-25df487e3c54<-9ec8ead9-888e-415b-b04c-32cd2c26f792#5576:OK,SUCCESS,nextIndex:5512,term:1,followerCommit:5507
2019-07-10 10:04:30,331 WARN  server.GrpcLogAppender (GrpcLogAppender.java:onNextImpl(250)) - org.apache.ratis.grpc.server.GrpcLogAppender$AppendLogResponseHandler@718e2b01: Request not found, ignoring reply: 68798575-c94b-44a6-b996-25df487e3c54<-9ec8ead9-888e-415b-b04c-32cd2c26f792#5577:OK,SUCCESS,nextIndex:5512,term:1,followerCommit:5507
2019-07-10 10:04:30,331 INFO  client.GrpcClientProtocolClient (GrpcClientProtocolClient.java:onNext(255)) - client-3502B0E99E4B->68798575-c94b-44a6-b996-25df487e3c54: receive RaftClientReply:client-3502B0E99E4B->68798575-c94b-44a6-b996-25df487e3c54@group-48C576E544C9, cid=3643, SUCCESS, logIndex=0, commits[68798575-c94b-44a6-b996-25df487e3c54:c5507, 9ec8ead9-888e-415b-b04c-32cd2c26f792:c5503, 84ef4577-07e0-4c8d-900e-d449eb7bf65d:c5507]
2019-07-10 10:04:30,331 WARN  server.GrpcLogAppender (GrpcLogAppender.java:onNextImpl(250)) - org.apache.ratis.grpc.server.GrpcLogAppender$AppendLogResponseHandler@718e2b01: Request not found, ignoring reply: 68798575-c94b-44a6-b996-25df487e3c54<-9ec8ead9-888e-415b-b04c-32cd2c26f792#5578:OK,SUCCESS,nextIndex:5512,term:1,followerCommit:5507
2019-07-10 10:04:30,332 INFO  client.GrpcClientProtocolClient (GrpcClientProtocolClient.java:onNext(255)) - client-3502B0E99E4B->68798575-c94b-44a6-b996-25df487e3c54: receive RaftClientReply:client-3502B0E99E4B->68798575-c94b-44a6-b996-25df487e3c54@group-48C576E544C9, cid=3642, SUCCESS, logIndex=0, commits[68798575-c94b-44a6-b996-25df487e3c54:c5511, 9ec8ead9-888e-415b-b04c-32cd2c26f792:c5507, 84ef4577-07e0-4c8d-900e-d449eb7bf65d:c5507]
2019-07-10 10:04:30,332 INFO  client.GrpcClientProtocolClient (GrpcClientProtocolClient.java:onNext(255)) - client-3502B0E99E4B->68798575-c94b-44a6-b996-25df487e3c54: receive RaftClientReply:client-3502B0E99E4B->68798575-c94b-44a6-b996-25df487e3c54@group-48C576E544C9, cid=3642, SUCCESS, logIndex=0, commits[68798575-c94b-44a6-b996-25df487e3c54:c5511, 9ec8ead9-888e-415b-b04c-32cd2c26f792:c5507, 84ef4577-07e0-4c8d-900e-d449eb7bf65d:c5507]
2019-07-10 10:04:30,334 INFO  scm.XceiverClientRatis (XceiverClientRatis.java:lambda$watchForCommit$7(280)) - Could not commit 5505 to all the nodes. Server 9ec8ead9-888e-415b-b04c-32cd2c26f792 has failed. Committed by majority.
 0.00% |█                                                                                                    |  0/1 Time: 0:00:54 0.00% |█                                                                                                    |  0/1 Time: 0:00:552019-07-10 10:04:32,170 INFO  client.GrpcClientProtocolClient (GrpcClientProtocolClient.java:onNext(255)) - client-3502B0E99E4B->68798575-c94b-44a6-b996-25df487e3c54: receive RaftClientReply:client-3502B0E99E4B->68798575-c94b-44a6-b996-25df487e3c54@group-48C576E544C9, cid=3644, SUCCESS, logIndex=5512, commits[68798575-c94b-44a6-b996-25df487e3c54:c5513, 9ec8ead9-888e-415b-b04c-32cd2c26f792:c5511, 84ef4577-07e0-4c8d-900e-d449eb7bf65d:c5511]
2019-07-10 10:04:32,171 INFO  client.GrpcClientProtocolClient (GrpcClientProtocolClient.java:onNext(255)) - client-3502B0E99E4B->68798575-c94b-44a6-b996-25df487e3c54: receive RaftClientReply:client-3502B0E99E4B->68798575-c94b-44a6-b996-25df487e3c54@group-48C576E544C9, cid=3645, SUCCESS, logIndex=5513, commits[68798575-c94b-44a6-b996-25df487e3c54:c5513, 9ec8ead9-888e-415b-b04c-32cd2c26f792:c5511, 84ef4577-07e0-4c8d-900e-d449eb7bf65d:c5511]
 0.00% |█                                                                                                    |  0/1 Time: 0:00:56 0.00% |█                                                                                                    |  0/1 Time: 0:00:57 0.00% |█                                                                                                    |  0/1 Time: 0:00:582019-07-10 10:04:35,179 WARN  server.GrpcLogAppender (GrpcLogAppender.java:timeoutAppendRequest(200)) - GrpcLogAppender(68798575-c94b-44a6-b996-25df487e3c54->9ec8ead9-888e-415b-b04c-32cd2c26f792): appendEntries Timeout, request=68798575-c94b-44a6-b996-25df487e3c54->9ec8ead9-888e-415b-b04c-32cd2c26f792#5591-t1, previous=(t:1, i:5514), leaderCommit=5514, initializing? false, entries: size=1, first=(t:1, i:5515), STATEMACHINELOGENTRY, client-3502B0E99E4B, cid=3646
2019-07-10 10:04:35,180 WARN  server.GrpcLogAppender (GrpcLogAppender.java:timeoutAppendRequest(200)) - GrpcLogAppender(68798575-c94b-44a6-b996-25df487e3c54->9ec8ead9-888e-415b-b04c-32cd2c26f792): appendEntries Timeout, request=68798575-c94b-44a6-b996-25df487e3c54->9ec8ead9-888e-415b-b04c-32cd2c26f792#5592-t1, previous=(t:1, i:5515), leaderCommit=5514, initializing? false, entries: size=1, first=(t:1, i:5516), STATEMACHINELOGENTRY, client-3502B0E99E4B, cid=3647
2019-07-10 10:04:35,182 WARN  server.GrpcLogAppender (GrpcLogAppender.java:timeoutAppendRequest(200)) - GrpcLogAppender(68798575-c94b-44a6-b996-25df487e3c54->84ef4577-07e0-4c8d-900e-d449eb7bf65d): appendEntries Timeout, request=68798575-c94b-44a6-b996-25df487e3c54->84ef4577-07e0-4c8d-900e-d449eb7bf65d#5590-t1, previous=(t:1, i:5514), leaderCommit=5514, initializing? false, entries: size=1, first=(t:1, i:5515), STATEMACHINELOGENTRY, client-3502B0E99E4B, cid=3646
2019-07-10 10:04:35,183 WARN  server.GrpcLogAppender (GrpcLogAppender.java:timeoutAppendRequest(200)) - GrpcLogAppender(68798575-c94b-44a6-b996-25df487e3c54->84ef4577-07e0-4c8d-900e-d449eb7bf65d): appendEntries Timeout, request=68798575-c94b-44a6-b996-25df487e3c54->84ef4577-07e0-4c8d-900e-d449eb7bf65d#5591-t1, previous=(t:1, i:5515), leaderCommit=5514, initializing? false, entries: size=1, first=(t:1, i:5516), STATEMACHINELOGENTRY, client-3502B0E99E4B, cid=3647
2019-07-10 10:04:35,679 WARN  server.GrpcLogAppender (GrpcLogAppender.java:timeoutAppendRequest(200)) - GrpcLogAppender(68798575-c94b-44a6-b996-25df487e3c54->9ec8ead9-888e-415b-b04c-32cd2c26f792): appendEntries Timeout, request=68798575-c94b-44a6-b996-25df487e3c54->9ec8ead9-888e-415b-b04c-32cd2c26f792#5593-t1, previous=(t:1, i:5516), leaderCommit=5514, initializing? false, entries: <empty>
2019-07-10 10:04:35,683 WARN  server.GrpcLogAppender (GrpcLogAppender.java:timeoutAppendRequest(200)) - GrpcLogAppender(68798575-c94b-44a6-b996-25df487e3c54->84ef4577-07e0-4c8d-900e-d449eb7bf65d): appendEntries Timeout, request=68798575-c94b-44a6-b996-25df487e3c54->84ef4577-07e0-4c8d-900e-d449eb7bf65d#5592-t1, previous=(t:1, i:5516), leaderCommit=5514, initializing? false, entries: <empty>
 0.00% |█                                                                                                    |  0/1 Time: 0:00:592019-07-10 10:04:36,180 WARN  server.GrpcLogAppender (GrpcLogAppender.java:timeoutAppendRequest(200)) - GrpcLogAppender(68798575-c94b-44a6-b996-25df487e3c54->9ec8ead9-888e-415b-b04c-32cd2c26f792): appendEntries Timeout, request=68798575-c94b-44a6-b996-25df487e3c54->9ec8ead9-888e-415b-b04c-32cd2c26f792#5594-t1, previous=(t:1, i:5516), leaderCommit=5514, initializing? false, entries: <empty>
2019-07-10 10:04:36,183 WARN  server.GrpcLogAppender (GrpcLogAppender.java:timeoutAppendRequest(200)) - GrpcLogAppender(68798575-c94b-44a6-b996-25df487e3c54->84ef4577-07e0-4c8d-900e-d449eb7bf65d): appendEntries Timeout, request=68798575-c94b-44a6-b996-25df487e3c54->84ef4577-07e0-4c8d-900e-d449eb7bf65d#5593-t1, previous=(t:1, i:5516), leaderCommit=5514, initializing? false, entries: <empty>
2019-07-10 10:04:36,680 WARN  server.GrpcLogAppender (GrpcLogAppender.java:timeoutAppendRequest(200)) - GrpcLogAppender(68798575-c94b-44a6-b996-25df487e3c54->9ec8ead9-888e-415b-b04c-32cd2c26f792): appendEntries Timeout, request=68798575-c94b-44a6-b996-25df487e3c54->9ec8ead9-888e-415b-b04c-32cd2c26f792#5595-t1, previous=(t:1, i:5516), leaderCommit=5514, initializing? false, entries: <empty>
2019-07-10 10:04:36,683 WARN  server.GrpcLogAppender (GrpcLogAppender.java:timeoutAppendRequest(200)) - GrpcLogAppender(68798575-c94b-44a6-b996-25df487e3c54->84ef4577-07e0-4c8d-900e-d449eb7bf65d): appendEntries Timeout, request=68798575-c94b-44a6-b996-25df487e3c54->84ef4577-07e0-4c8d-900e-d449eb7bf65d#5594-t1, previous=(t:1, i:5516), leaderCommit=5514, initializing? false, entries: <empty>
 0.00% |█                                                                                                    |  0/1 Time: 0:01:002019-07-10 10:04:37,180 WARN  server.GrpcLogAppender (GrpcLogAppender.java:timeoutAppendRequest(200)) - GrpcLogAppender(68798575-c94b-44a6-b996-25df487e3c54->9ec8ead9-888e-415b-b04c-32cd2c26f792): appendEntries Timeout, request=68798575-c94b-44a6-b996-25df487e3c54->9ec8ead9-888e-415b-b04c-32cd2c26f792#5596-t1, previous=(t:1, i:5516), leaderCommit=5514, initializing? false, entries: <empty>
2019-07-10 10:04:37,183 WARN  server.GrpcLogAppender (GrpcLogAppender.java:timeoutAppendRequest(200)) - GrpcLogAppender(68798575-c94b-44a6-b996-25df487e3c54->84ef4577-07e0-4c8d-900e-d449eb7bf65d): appendEntries Timeout, request=68798575-c94b-44a6-b996-25df487e3c54->84ef4577-07e0-4c8d-900e-d449eb7bf65d#5595-t1, previous=(t:1, i:5516), leaderCommit=5514, initializing? false, entries: <empty>
2019-07-10 10:04:37,214 INFO  client.GrpcClientProtocolClient (GrpcClientProtocolClient.java:onNext(255)) - client-3502B0E99E4B->9ec8ead9-888e-415b-b04c-32cd2c26f792: receive RaftClientReply:client-3502B0E99E4B->9ec8ead9-888e-415b-b04c-32cd2c26f792@group-48C576E544C9, cid=3646, FAILED org.apache.ratis.protocol.NotLeaderException: Server 9ec8ead9-888e-415b-b04c-32cd2c26f792 is not the leader (68798575-c94b-44a6-b996-25df487e3c54:192.168.157.219:35564). Request must be sent to leader., logIndex=0, commits[9ec8ead9-888e-415b-b04c-32cd2c26f792:c5514, 68798575-c94b-44a6-b996-25df487e3c54:c5514, 84ef4577-07e0-4c8d-900e-d449eb7bf65d:c5513]
2019-07-10 10:04:37,388 WARN  server.GrpcLogAppender (GrpcLogAppender.java:onNextImpl(250)) - org.apache.ratis.grpc.server.GrpcLogAppender$AppendLogResponseHandler@4088c039: Request not found, ignoring reply: 68798575-c94b-44a6-b996-25df487e3c54<-84ef4577-07e0-4c8d-900e-d449eb7bf65d#5590:OK,SUCCESS,nextIndex:5516,term:1,followerCommit:5514
2019-07-10 10:04:37,389 WARN  server.GrpcLogAppender (GrpcLogAppender.java:onNextImpl(250)) - org.apache.ratis.grpc.server.GrpcLogAppender$AppendLogResponseHandler@4088c039: Request not found, ignoring reply: 68798575-c94b-44a6-b996-25df487e3c54<-84ef4577-07e0-4c8d-900e-d449eb7bf65d#5591:OK,SUCCESS,nextIndex:5517,term:1,followerCommit:5514
2019-07-10 10:04:37,389 WARN  server.GrpcLogAppender (GrpcLogAppender.java:onNextImpl(250)) - org.apache.ratis.grpc.server.GrpcLogAppender$AppendLogResponseHandler@4088c039: Request not found, ignoring reply: 68798575-c94b-44a6-b996-25df487e3c54<-84ef4577-07e0-4c8d-900e-d449eb7bf65d#5592:OK,SUCCESS,nextIndex:5517,term:1,followerCommit:5514
2019-07-10 10:04:37,389 WARN  server.GrpcLogAppender (GrpcLogAppender.java:onNextImpl(250)) - org.apache.ratis.grpc.server.GrpcLogAppender$AppendLogResponseHandler@4088c039: Request not found, ignoring reply: 68798575-c94b-44a6-b996-25df487e3c54<-84ef4577-07e0-4c8d-900e-d449eb7bf65d#5593:OK,SUCCESS,nextIndex:5517,term:1,followerCommit:5514
2019-07-10 10:04:37,390 WARN  server.GrpcLogAppender (GrpcLogAppender.java:onNextImpl(250)) - org.apache.ratis.grpc.server.GrpcLogAppender$AppendLogResponseHandler@4088c039: Request not found, ignoring reply: 68798575-c94b-44a6-b996-25df487e3c54<-84ef4577-07e0-4c8d-900e-d449eb7bf65d#5594:OK,SUCCESS,nextIndex:5517,term:1,followerCommit:5514
2019-07-10 10:04:37,390 WARN  server.GrpcLogAppender (GrpcLogAppender.java:onNextImpl(250)) - org.apache.ratis.grpc.server.GrpcLogAppender$AppendLogResponseHandler@4088c039: Request not found, ignoring reply: 68798575-c94b-44a6-b996-25df487e3c54<-84ef4577-07e0-4c8d-900e-d449eb7bf65d#5595:OK,SUCCESS,nextIndex:5517,term:1,followerCommit:5514
2019-07-10 10:04:37,392 WARN  server.GrpcLogAppender (GrpcLogAppender.java:onNextImpl(250)) - org.apache.ratis.grpc.server.GrpcLogAppender$AppendLogResponseHandler@718e2b01: Request not found, ignoring reply: 68798575-c94b-44a6-b996-25df487e3c54<-9ec8ead9-888e-415b-b04c-32cd2c26f792#5591:OK,SUCCESS,nextIndex:5516,term:1,followerCommit:5514
2019-07-10 10:04:37,392 WARN  server.GrpcLogAppender (GrpcLogAppender.java:onNextImpl(250)) - org.apache.ratis.grpc.server.GrpcLogAppender$AppendLogResponseHandler@718e2b01: Request not found, ignoring reply: 68798575-c94b-44a6-b996-25df487e3c54<-9ec8ead9-888e-415b-b04c-32cd2c26f792#5592:OK,SUCCESS,nextIndex:5517,term:1,followerCommit:5514
2019-07-10 10:04:37,392 WARN  server.GrpcLogAppender (GrpcLogAppender.java:onNextImpl(250)) - org.apache.ratis.grpc.server.GrpcLogAppender$AppendLogResponseHandler@718e2b01: Request not found, ignoring reply: 68798575-c94b-44a6-b996-25df487e3c54<-9ec8ead9-888e-415b-b04c-32cd2c26f792#5593:OK,SUCCESS,nextIndex:5517,term:1,followerCommit:5514
2019-07-10 10:04:37,392 WARN  server.GrpcLogAppender (GrpcLogAppender.java:onNextImpl(250)) - org.apache.ratis.grpc.server.GrpcLogAppender$AppendLogResponseHandler@718e2b01: Request not found, ignoring reply: 68798575-c94b-44a6-b996-25df487e3c54<-9ec8ead9-888e-415b-b04c-32cd2c26f792#5594:OK,SUCCESS,nextIndex:5517,term:1,followerCommit:5514
2019-07-10 10:04:37,393 WARN  server.GrpcLogAppender (GrpcLogAppender.java:onNextImpl(250)) - org.apache.ratis.grpc.server.GrpcLogAppender$AppendLogResponseHandler@718e2b01: Request not found, ignoring reply: 68798575-c94b-44a6-b996-25df487e3c54<-9ec8ead9-888e-415b-b04c-32cd2c26f792#5595:OK,SUCCESS,nextIndex:5517,term:1,followerCommit:5514
2019-07-10 10:04:37,394 WARN  server.GrpcLogAppender (GrpcLogAppender.java:onNextImpl(250)) - org.apache.ratis.grpc.server.GrpcLogAppender$AppendLogResponseHandler@718e2b01: Request not found, ignoring reply: 68798575-c94b-44a6-b996-25df487e3c54<-9ec8ead9-888e-415b-b04c-32cd2c26f792#5596:OK,SUCCESS,nextIndex:5517,term:1,followerCommit:5514
 0.00% |█                                                                                                    |  0/1 Time: 0:01:01 0.00% |█                                                                                                    |  0/1 Time: 0:01:02 0.00% |█                                                                                                    |  0/1 Time: 0:01:032019-07-10 10:04:40,392 WARN  server.GrpcLogAppender (GrpcLogAppender.java:timeoutAppendRequest(200)) - GrpcLogAppender(68798575-c94b-44a6-b996-25df487e3c54->9ec8ead9-888e-415b-b04c-32cd2c26f792): appendEntries Timeout, request=68798575-c94b-44a6-b996-25df487e3c54->9ec8ead9-888e-415b-b04c-32cd2c26f792#5603-t1, previous=(t:1, i:5516), leaderCommit=5516, initializing? false, entries: size=1, first=(t:1, i:5517), METADATAENTRY(c5516)
2019-07-10 10:04:40,392 WARN  server.GrpcLogAppender (GrpcLogAppender.java:timeoutAppendRequest(200)) - GrpcLogAppender(68798575-c94b-44a6-b996-25df487e3c54->84ef4577-07e0-4c8d-900e-d449eb7bf65d): appendEntries Timeout, request=68798575-c94b-44a6-b996-25df487e3c54->84ef4577-07e0-4c8d-900e-d449eb7bf65d#5602-t1, previous=(t:1, i:5516), leaderCommit=5516, initializing? false, entries: size=1, first=(t:1, i:5517), METADATAENTRY(c5516)
2019-07-10 10:04:40,892 WARN  server.GrpcLogAppender (GrpcLogAppender.java:timeoutAppendRequest(200)) - GrpcLogAppender(68798575-c94b-44a6-b996-25df487e3c54->84ef4577-07e0-4c8d-900e-d449eb7bf65d): appendEntries Timeout, request=68798575-c94b-44a6-b996-25df487e3c54->84ef4577-07e0-4c8d-900e-d449eb7bf65d#5603-t1, previous=(t:1, i:5517), leaderCommit=5516, initializing? false, entries: <empty>
2019-07-10 10:04:40,895 WARN  server.GrpcLogAppender (GrpcLogAppender.java:timeoutAppendRequest(200)) - GrpcLogAppender(68798575-c94b-44a6-b996-25df487e3c54->9ec8ead9-888e-415b-b04c-32cd2c26f792): appendEntries Timeout, request=68798575-c94b-44a6-b996-25df487e3c54->9ec8ead9-888e-415b-b04c-32cd2c26f792#5604-t1, previous=(t:1, i:5517), leaderCommit=5516, initializing? false, entries: <empty>
2019-07-10 10:04:40,986 INFO  client.GrpcClientProtocolClient (GrpcClientProtocolClient.java:onNext(255)) - client-3502B0E99E4B->68798575-c94b-44a6-b996-25df487e3c54: receive RaftClientReply:client-3502B0E99E4B->68798575-c94b-44a6-b996-25df487e3c54@group-48C576E544C9, cid=3646, SUCCESS, logIndex=5515, commits[68798575-c94b-44a6-b996-25df487e3c54:c5516, 9ec8ead9-888e-415b-b04c-32cd2c26f792:c5514, 84ef4577-07e0-4c8d-900e-d449eb7bf65d:c5514]
 0.00% |█                                                                                                    |  0/1 Time: 0:01:042019-07-10 10:04:41,392 WARN  server.GrpcLogAppender (GrpcLogAppender.java:timeoutAppendRequest(200)) - GrpcLogAppender(68798575-c94b-44a6-b996-25df487e3c54->84ef4577-07e0-4c8d-900e-d449eb7bf65d): appendEntries Timeout, request=68798575-c94b-44a6-b996-25df487e3c54->84ef4577-07e0-4c8d-900e-d449eb7bf65d#5604-t1, previous=(t:1, i:5517), leaderCommit=5516, initializing? false, entries: <empty>
2019-07-10 10:04:41,396 WARN  server.GrpcLogAppender (GrpcLogAppender.java:timeoutAppendRequest(200)) - GrpcLogAppender(68798575-c94b-44a6-b996-25df487e3c54->9ec8ead9-888e-415b-b04c-32cd2c26f792): appendEntries Timeout, request=68798575-c94b-44a6-b996-25df487e3c54->9ec8ead9-888e-415b-b04c-32cd2c26f792#5605-t1, previous=(t:1, i:5517), leaderCommit=5516, initializing? false, entries: <empty>
2019-07-10 10:04:41,892 WARN  server.GrpcLogAppender (GrpcLogAppender.java:timeoutAppendRequest(200)) - GrpcLogAppender(68798575-c94b-44a6-b996-25df487e3c54->84ef4577-07e0-4c8d-900e-d449eb7bf65d): appendEntries Timeout, request=68798575-c94b-44a6-b996-25df487e3c54->84ef4577-07e0-4c8d-900e-d449eb7bf65d#5605-t1, previous=(t:1, i:5517), leaderCommit=5516, initializing? false, entries: <empty>
2019-07-10 10:04:41,896 WARN  server.GrpcLogAppender (GrpcLogAppender.java:timeoutAppendRequest(200)) - GrpcLogAppender(68798575-c94b-44a6-b996-25df487e3c54->9ec8ead9-888e-415b-b04c-32cd2c26f792): appendEntries Timeout, request=68798575-c94b-44a6-b996-25df487e3c54->9ec8ead9-888e-415b-b04c-32cd2c26f792#5606-t1, previous=(t:1, i:5517), leaderCommit=5516, initializing? false, entries: <empty>
 0.00% |█                                                                                                    |  0/1 Time: 0:01:052019-07-10 10:04:42,393 WARN  server.GrpcLogAppender (GrpcLogAppender.java:timeoutAppendRequest(200)) - GrpcLogAppender(68798575-c94b-44a6-b996-25df487e3c54->84ef4577-07e0-4c8d-900e-d449eb7bf65d): appendEntries Timeout, request=68798575-c94b-44a6-b996-25df487e3c54->84ef4577-07e0-4c8d-900e-d449eb7bf65d#5606-t1, previous=(t:1, i:5517), leaderCommit=5516, initializing? false, entries: <empty>
2019-07-10 10:04:42,396 WARN  server.GrpcLogAppender (GrpcLogAppender.java:timeoutAppendRequest(200)) - GrpcLogAppender(68798575-c94b-44a6-b996-25df487e3c54->9ec8ead9-888e-415b-b04c-32cd2c26f792): appendEntries Timeout, request=68798575-c94b-44a6-b996-25df487e3c54->9ec8ead9-888e-415b-b04c-32cd2c26f792#5607-t1, previous=(t:1, i:5517), leaderCommit=5516, initializing? false, entries: <empty>
2019-07-10 10:04:42,893 WARN  server.GrpcLogAppender (GrpcLogAppender.java:timeoutAppendRequest(200)) - GrpcLogAppender(68798575-c94b-44a6-b996-25df487e3c54->84ef4577-07e0-4c8d-900e-d449eb7bf65d): appendEntries Timeout, request=68798575-c94b-44a6-b996-25df487e3c54->84ef4577-07e0-4c8d-900e-d449eb7bf65d#5607-t1, previous=(t:1, i:5517), leaderCommit=5516, initializing? false, entries: <empty>
2019-07-10 10:04:42,896 WARN  server.GrpcLogAppender (GrpcLogAppender.java:timeoutAppendRequest(200)) - GrpcLogAppender(68798575-c94b-44a6-b996-25df487e3c54->9ec8ead9-888e-415b-b04c-32cd2c26f792): appendEntries Timeout, request=68798575-c94b-44a6-b996-25df487e3c54->9ec8ead9-888e-415b-b04c-32cd2c26f792#5608-t1, previous=(t:1, i:5517), leaderCommit=5516, initializing? false, entries: <empty>
 0.00% |█                                                                                                    |  0/1 Time: 0:01:062019-07-10 10:04:43,395 WARN  server.GrpcLogAppender (GrpcLogAppender.java:timeoutAppendRequest(200)) - GrpcLogAppender(68798575-c94b-44a6-b996-25df487e3c54->84ef4577-07e0-4c8d-900e-d449eb7bf65d): appendEntries Timeout, request=68798575-c94b-44a6-b996-25df487e3c54->84ef4577-07e0-4c8d-900e-d449eb7bf65d#5608-t1, previous=(t:1, i:5517), leaderCommit=5516, initializing? false, entries: <empty>
2019-07-10 10:04:43,396 WARN  server.GrpcLogAppender (GrpcLogAppender.java:timeoutAppendRequest(200)) - GrpcLogAppender(68798575-c94b-44a6-b996-25df487e3c54->9ec8ead9-888e-415b-b04c-32cd2c26f792): appendEntries Timeout, request=68798575-c94b-44a6-b996-25df487e3c54->9ec8ead9-888e-415b-b04c-32cd2c26f792#5609-t1, previous=(t:1, i:5517), leaderCommit=5516, initializing? false, entries: <empty>
2019-07-10 10:04:43,896 WARN  server.GrpcLogAppender (GrpcLogAppender.java:timeoutAppendRequest(200)) - GrpcLogAppender(68798575-c94b-44a6-b996-25df487e3c54->84ef4577-07e0-4c8d-900e-d449eb7bf65d): appendEntries Timeout, request=68798575-c94b-44a6-b996-25df487e3c54->84ef4577-07e0-4c8d-900e-d449eb7bf65d#5609-t1, previous=(t:1, i:5517), leaderCommit=5516, initializing? false, entries: <empty>
2019-07-10 10:04:43,896 WARN  server.GrpcLogAppender (GrpcLogAppender.java:timeoutAppendRequest(200)) - GrpcLogAppender(68798575-c94b-44a6-b996-25df487e3c54->9ec8ead9-888e-415b-b04c-32cd2c26f792): appendEntries Timeout, request=68798575-c94b-44a6-b996-25df487e3c54->9ec8ead9-888e-415b-b04c-32cd2c26f792#5610-t1, previous=(t:1, i:5517), leaderCommit=5516, initializing? false, entries: <empty>
 0.00% |█                                                                                                    |  0/1 Time: 0:01:072019-07-10 10:04:44,084 WARN  server.GrpcLogAppender (GrpcLogAppender.java:onNextImpl(250)) - org.apache.ratis.grpc.server.GrpcLogAppender$AppendLogResponseHandler@4088c039: Request not found, ignoring reply: 68798575-c94b-44a6-b996-25df487e3c54<-84ef4577-07e0-4c8d-900e-d449eb7bf65d#5602:OK,SUCCESS,nextIndex:5518,term:1,followerCommit:5516
2019-07-10 10:04:44,087 WARN  server.GrpcLogAppender (GrpcLogAppender.java:onNextImpl(250)) - org.apache.ratis.grpc.server.GrpcLogAppender$AppendLogResponseHandler@4088c039: Request not found, ignoring reply: 68798575-c94b-44a6-b996-25df487e3c54<-84ef4577-07e0-4c8d-900e-d449eb7bf65d#5603:OK,SUCCESS,nextIndex:5518,term:1,followerCommit:5516
2019-07-10 10:04:44,087 WARN  server.GrpcLogAppender (GrpcLogAppender.java:onNextImpl(250)) - org.apache.ratis.grpc.server.GrpcLogAppender$AppendLogResponseHandler@4088c039: Request not found, ignoring reply: 68798575-c94b-44a6-b996-25df487e3c54<-84ef4577-07e0-4c8d-900e-d449eb7bf65d#5604:OK,SUCCESS,nextIndex:5518,term:1,followerCommit:5516
2019-07-10 10:04:44,087 WARN  server.GrpcLogAppender (GrpcLogAppender.java:onNextImpl(250)) - org.apache.ratis.grpc.server.GrpcLogAppender$AppendLogResponseHandler@4088c039: Request not found, ignoring reply: 68798575-c94b-44a6-b996-25df487e3c54<-84ef4577-07e0-4c8d-900e-d449eb7bf65d#5605:OK,SUCCESS,nextIndex:5518,term:1,followerCommit:5516
2019-07-10 10:04:44,087 WARN  server.GrpcLogAppender (GrpcLogAppender.java:onNextImpl(250)) - org.apache.ratis.grpc.server.GrpcLogAppender$AppendLogResponseHandler@4088c039: Request not found, ignoring reply: 68798575-c94b-44a6-b996-25df487e3c54<-84ef4577-07e0-4c8d-900e-d449eb7bf65d#5606:OK,SUCCESS,nextIndex:5518,term:1,followerCommit:5516
2019-07-10 10:04:44,088 WARN  server.GrpcLogAppender (GrpcLogAppender.java:onNextImpl(250)) - org.apache.ratis.grpc.server.GrpcLogAppender$AppendLogResponseHandler@4088c039: Request not found, ignoring reply: 68798575-c94b-44a6-b996-25df487e3c54<-84ef4577-07e0-4c8d-900e-d449eb7bf65d#5607:OK,SUCCESS,nextIndex:5518,term:1,followerCommit:5516
2019-07-10 10:04:44,088 WARN  server.GrpcLogAppender (GrpcLogAppender.java:onNextImpl(250)) - org.apache.ratis.grpc.server.GrpcLogAppender$AppendLogResponseHandler@4088c039: Request not found, ignoring reply: 68798575-c94b-44a6-b996-25df487e3c54<-84ef4577-07e0-4c8d-900e-d449eb7bf65d#5608:OK,SUCCESS,nextIndex:5518,term:1,followerCommit:5516
2019-07-10 10:04:44,088 WARN  server.GrpcLogAppender (GrpcLogAppender.java:onNextImpl(250)) - org.apache.ratis.grpc.server.GrpcLogAppender$AppendLogResponseHandler@4088c039: Request not found, ignoring reply: 68798575-c94b-44a6-b996-25df487e3c54<-84ef4577-07e0-4c8d-900e-d449eb7bf65d#5609:OK,SUCCESS,nextIndex:5518,term:1,followerCommit:5516
2019-07-10 10:04:44,147 WARN  server.GrpcLogAppender (GrpcLogAppender.java:onNextImpl(250)) - org.apache.ratis.grpc.server.GrpcLogAppender$AppendLogResponseHandler@718e2b01: Request not found, ignoring reply: 68798575-c94b-44a6-b996-25df487e3c54<-9ec8ead9-888e-415b-b04c-32cd2c26f792#5603:OK,SUCCESS,nextIndex:5518,term:1,followerCommit:5516
2019-07-10 10:04:44,147 WARN  server.GrpcLogAppender (GrpcLogAppender.java:onNextImpl(250)) - org.apache.ratis.grpc.server.GrpcLogAppender$AppendLogResponseHandler@718e2b01: Request not found, ignoring reply: 68798575-c94b-44a6-b996-25df487e3c54<-9ec8ead9-888e-415b-b04c-32cd2c26f792#5604:OK,SUCCESS,nextIndex:5518,term:1,followerCommit:5516
2019-07-10 10:04:44,148 WARN  server.GrpcLogAppender (GrpcLogAppender.java:onNextImpl(250)) - org.apache.ratis.grpc.server.GrpcLogAppender$AppendLogResponseHandler@718e2b01: Request not found, ignoring reply: 68798575-c94b-44a6-b996-25df487e3c54<-9ec8ead9-888e-415b-b04c-32cd2c26f792#5605:OK,SUCCESS,nextIndex:5518,term:1,followerCommit:5516
2019-07-10 10:04:44,148 WARN  server.GrpcLogAppender (GrpcLogAppender.java:onNextImpl(250)) - org.apache.ratis.grpc.server.GrpcLogAppender$AppendLogResponseHandler@718e2b01: Request not found, ignoring reply: 68798575-c94b-44a6-b996-25df487e3c54<-9ec8ead9-888e-415b-b04c-32cd2c26f792#5606:OK,SUCCESS,nextIndex:5518,term:1,followerCommit:5516
2019-07-10 10:04:44,148 WARN  server.GrpcLogAppender (GrpcLogAppender.java:onNextImpl(250)) - org.apache.ratis.grpc.server.GrpcLogAppender$AppendLogResponseHandler@718e2b01: Request not found, ignoring reply: 68798575-c94b-44a6-b996-25df487e3c54<-9ec8ead9-888e-415b-b04c-32cd2c26f792#5607:OK,SUCCESS,nextIndex:5518,term:1,followerCommit:5516
2019-07-10 10:04:44,148 WARN  server.GrpcLogAppender (GrpcLogAppender.java:onNextImpl(250)) - org.apache.ratis.grpc.server.GrpcLogAppender$AppendLogResponseHandler@718e2b01: Request not found, ignoring reply: 68798575-c94b-44a6-b996-25df487e3c54<-9ec8ead9-888e-415b-b04c-32cd2c26f792#5608:OK,SUCCESS,nextIndex:5518,term:1,followerCommit:5516
2019-07-10 10:04:44,149 WARN  server.GrpcLogAppender (GrpcLogAppender.java:onNextImpl(250)) - org.apache.ratis.grpc.server.GrpcLogAppender$AppendLogResponseHandler@718e2b01: Request not found, ignoring reply: 68798575-c94b-44a6-b996-25df487e3c54<-9ec8ead9-888e-415b-b04c-32cd2c26f792#5609:OK,SUCCESS,nextIndex:5518,term:1,followerCommit:5516
2019-07-10 10:04:44,149 WARN  server.GrpcLogAppender (GrpcLogAppender.java:onNextImpl(250)) - org.apache.ratis.grpc.server.GrpcLogAppender$AppendLogResponseHandler@718e2b01: Request not found, ignoring reply: 68798575-c94b-44a6-b996-25df487e3c54<-9ec8ead9-888e-415b-b04c-32cd2c26f792#5610:OK,SUCCESS,nextIndex:5518,term:1,followerCommit:5516
 0.00% |█                                                                                                    |  0/1 Time: 0:01:08 0.00% |█                                                                                                    |  0/1 Time: 0:01:092019-07-10 10:04:46,278 INFO  client.GrpcClientProtocolClient (GrpcClientProtocolClient.java:onNext(255)) - client-3502B0E99E4B->84ef4577-07e0-4c8d-900e-d449eb7bf65d: receive RaftClientReply:client-3502B0E99E4B->84ef4577-07e0-4c8d-900e-d449eb7bf65d@group-48C576E544C9, cid=3646, FAILED org.apache.ratis.protocol.NotLeaderException: Server 84ef4577-07e0-4c8d-900e-d449eb7bf65d is not the leader (68798575-c94b-44a6-b996-25df487e3c54:192.168.157.219:35564). Request must be sent to leader., logIndex=0, commits[84ef4577-07e0-4c8d-900e-d449eb7bf65d:c5517, 68798575-c94b-44a6-b996-25df487e3c54:c5517, 9ec8ead9-888e-415b-b04c-32cd2c26f792:c5517]
2019-07-10 10:04:46,317 INFO  client.GrpcClientProtocolClient (GrpcClientProtocolClient.java:onNext(255)) - client-3502B0E99E4B->68798575-c94b-44a6-b996-25df487e3c54: receive RaftClientReply:client-3502B0E99E4B->68798575-c94b-44a6-b996-25df487e3c54@group-48C576E544C9, cid=3646, SUCCESS, logIndex=5515, commits[68798575-c94b-44a6-b996-25df487e3c54:c5516, 9ec8ead9-888e-415b-b04c-32cd2c26f792:c5514, 84ef4577-07e0-4c8d-900e-d449eb7bf65d:c5514]
2019-07-10 10:04:46,331 INFO  client.GrpcClientProtocolClient (GrpcClientProtocolClient.java:onNext(255)) - client-3502B0E99E4B->68798575-c94b-44a6-b996-25df487e3c54: receive RaftClientReply:client-3502B0E99E4B->68798575-c94b-44a6-b996-25df487e3c54@group-48C576E544C9, cid=3647, SUCCESS, logIndex=5516, commits[68798575-c94b-44a6-b996-25df487e3c54:c5516, 9ec8ead9-888e-415b-b04c-32cd2c26f792:c5514, 84ef4577-07e0-4c8d-900e-d449eb7bf65d:c5514]
2019-07-10 10:04:46,341 INFO  client.GrpcClientProtocolClient (GrpcClientProtocolClient.java:onNext(255)) - client-3502B0E99E4B->68798575-c94b-44a6-b996-25df487e3c54: receive RaftClientReply:client-3502B0E99E4B->68798575-c94b-44a6-b996-25df487e3c54@group-48C576E544C9, cid=3648, SUCCESS, logIndex=0, commits[68798575-c94b-44a6-b996-25df487e3c54:c5517, 9ec8ead9-888e-415b-b04c-32cd2c26f792:c5517, 84ef4577-07e0-4c8d-900e-d449eb7bf65d:c5517]
2019-07-10 10:04:46,377 WARN  block.BlockManagerImpl (BlockManagerImpl.java:allocateBlock(192)) - Pipeline creation failed for type:RATIS factor:THREE. Retrying get pipelines call once.
org.apache.hadoop.hdds.scm.pipeline.InsufficientDatanodesException: Cannot create pipeline of factor 3 using 2 nodes.
	at org.apache.hadoop.hdds.scm.pipeline.RatisPipelineProvider.create(RatisPipelineProvider.java:151)
	at org.apache.hadoop.hdds.scm.pipeline.PipelineFactory.create(PipelineFactory.java:57)
	at org.apache.hadoop.hdds.scm.pipeline.SCMPipelineManager.createPipeline(SCMPipelineManager.java:149)
	at org.apache.hadoop.hdds.scm.block.BlockManagerImpl.allocateBlock(BlockManagerImpl.java:190)
	at org.apache.hadoop.hdds.scm.server.SCMBlockProtocolServer.allocateBlock(SCMBlockProtocolServer.java:172)
	at org.apache.hadoop.ozone.protocolPB.ScmBlockLocationProtocolServerSideTranslatorPB.allocateScmBlock(ScmBlockLocationProtocolServerSideTranslatorPB.java:144)
	at org.apache.hadoop.ozone.protocolPB.ScmBlockLocationProtocolServerSideTranslatorPB.send(ScmBlockLocationProtocolServerSideTranslatorPB.java:107)
	at org.apache.hadoop.hdds.protocol.proto.ScmBlockLocationProtocolProtos$ScmBlockLocationProtocolService$2.callBlockingMethod(ScmBlockLocationProtocolProtos.java:11281)
	at org.apache.hadoop.ipc.ProtobufRpcEngine$Server$ProtoBufRpcInvoker.call(ProtobufRpcEngine.java:524)
	at org.apache.hadoop.ipc.RPC$Server.call(RPC.java:1025)
	at org.apache.hadoop.ipc.Server$RpcCall.run(Server.java:876)
	at org.apache.hadoop.ipc.Server$RpcCall.run(Server.java:822)
	at java.security.AccessController.doPrivileged(Native Method)
	at javax.security.auth.Subject.doAs(Subject.java:422)
	at org.apache.hadoop.security.UserGroupInformation.doAs(UserGroupInformation.java:1730)
	at org.apache.hadoop.ipc.Server$Handler.run(Server.java:2682)
2019-07-10 10:04:46,378 INFO  block.BlockManagerImpl (BlockManagerImpl.java:allocateBlock(198)) - Could not find available pipeline of type:RATIS and factor:THREE even after retrying
2019-07-10 10:04:46,378 ERROR block.BlockManagerImpl (BlockManagerImpl.java:allocateBlock(222)) - Unable to allocate a block for the size: 4194304, type: RATIS, factor: THREE
10:04:46.386 [IPC Server handler 16 on 36851] ERROR OMAudit - user=jenkins1000 | ip=127.0.0.1 | op=ALLOCATE_BLOCK {volume=vol-0-24703, bucket=bucket-0-19321, key=key-0-40034, dataSize=0, replicationType=null, replicationFactor=null, keyLocationInfo=null, clientID=102416581691507090} | ret=FAILURE
org.apache.hadoop.hdds.scm.exceptions.SCMException: Allocated 0 blocks. Requested 1 blocks
	at org.apache.hadoop.hdds.scm.protocolPB.ScmBlockLocationProtocolClientSideTranslatorPB.handleError(ScmBlockLocationProtocolClientSideTranslatorPB.java:113) ~[classes/:?]
	at org.apache.hadoop.hdds.scm.protocolPB.ScmBlockLocationProtocolClientSideTranslatorPB.allocateBlock(ScmBlockLocationProtocolClientSideTranslatorPB.java:151) ~[classes/:?]
	at sun.reflect.GeneratedMethodAccessor60.invoke(Unknown Source) ~[?:?]
	at sun.reflect.DelegatingMethodAccessorImpl.invoke(DelegatingMethodAccessorImpl.java:43) ~[?:1.8.0_212]
	at java.lang.reflect.Method.invoke(Method.java:498) ~[?:1.8.0_212]
	at org.apache.hadoop.hdds.tracing.TraceAllMethod.invoke(TraceAllMethod.java:66) ~[classes/:?]
	at com.sun.proxy.$Proxy27.allocateBlock(Unknown Source) ~[?:?]
	at org.apache.hadoop.ozone.om.KeyManagerImpl.allocateBlock(KeyManagerImpl.java:348) ~[classes/:?]
	at org.apache.hadoop.ozone.om.KeyManagerImpl.allocateBlock(KeyManagerImpl.java:316) ~[classes/:?]
	at org.apache.hadoop.ozone.om.OzoneManager.allocateBlock(OzoneManager.java:2291) [classes/:?]
	at org.apache.hadoop.ozone.protocolPB.OzoneManagerRequestHandler.allocateBlock(OzoneManagerRequestHandler.java:756) [classes/:?]
	at org.apache.hadoop.ozone.protocolPB.OzoneManagerRequestHandler.handle(OzoneManagerRequestHandler.java:249) [classes/:?]
	at org.apache.hadoop.ozone.protocolPB.OzoneManagerProtocolServerSideTranslatorPB.submitRequestDirectlyToOM(OzoneManagerProtocolServerSideTranslatorPB.java:192) [classes/:?]
	at org.apache.hadoop.ozone.protocolPB.OzoneManagerProtocolServerSideTranslatorPB.submitRequest(OzoneManagerProtocolServerSideTranslatorPB.java:110) [classes/:?]
	at org.apache.hadoop.ozone.protocol.proto.OzoneManagerProtocolProtos$OzoneManagerService$2.callBlockingMethod(OzoneManagerProtocolProtos.java) [classes/:?]
	at org.apache.hadoop.ipc.ProtobufRpcEngine$Server$ProtoBufRpcInvoker.call(ProtobufRpcEngine.java:524) [hadoop-common-3.2.0.jar:?]
	at org.apache.hadoop.ipc.RPC$Server.call(RPC.java:1025) [hadoop-common-3.2.0.jar:?]
	at org.apache.hadoop.ipc.Server$RpcCall.run(Server.java:876) [hadoop-common-3.2.0.jar:?]
	at org.apache.hadoop.ipc.Server$RpcCall.run(Server.java:822) [hadoop-common-3.2.0.jar:?]
	at java.security.AccessController.doPrivileged(Native Method) [?:1.8.0_212]
	at javax.security.auth.Subject.doAs(Subject.java:422) [?:1.8.0_212]
	at org.apache.hadoop.security.UserGroupInformation.doAs(UserGroupInformation.java:1730) [hadoop-common-3.2.0.jar:?]
	at org.apache.hadoop.ipc.Server$Handler.run(Server.java:2682) [hadoop-common-3.2.0.jar:?]
2019-07-10 10:04:46,408 ERROR io.BlockOutputStreamEntryPool (BlockOutputStreamEntryPool.java:allocateBlockIfNeeded(299)) - Try to allocate more blocks for write failed, already allocated 0 blocks for this write.
INTERNAL_ERROR org.apache.hadoop.ozone.om.exceptions.OMException: Allocated 0 blocks. Requested 1 blocks
	at org.apache.hadoop.ozone.om.protocolPB.OzoneManagerProtocolClientSideTranslatorPB.handleError(OzoneManagerProtocolClientSideTranslatorPB.java:720)
	at org.apache.hadoop.ozone.om.protocolPB.OzoneManagerProtocolClientSideTranslatorPB.allocateBlock(OzoneManagerProtocolClientSideTranslatorPB.java:752)
	at org.apache.hadoop.ozone.client.io.BlockOutputStreamEntryPool.allocateNewBlock(BlockOutputStreamEntryPool.java:248)
	at org.apache.hadoop.ozone.client.io.BlockOutputStreamEntryPool.allocateBlockIfNeeded(BlockOutputStreamEntryPool.java:296)
	at org.apache.hadoop.ozone.client.io.KeyOutputStream.handleWrite(KeyOutputStream.java:201)
	at org.apache.hadoop.ozone.client.io.KeyOutputStream.write(KeyOutputStream.java:193)
	at org.apache.hadoop.ozone.client.io.OzoneOutputStream.write(OzoneOutputStream.java:49)
	at org.apache.hadoop.ozone.freon.RandomKeyGenerator$KeyProcessor.run(RandomKeyGenerator.java:693)
	at java.util.concurrent.Executors$RunnableAdapter.call(Executors.java:511)
	at java.util.concurrent.FutureTask.run(FutureTask.java:266)
	at java.util.concurrent.ThreadPoolExecutor.runWorker(ThreadPoolExecutor.java:1149)
	at java.util.concurrent.ThreadPoolExecutor$Worker.run(ThreadPoolExecutor.java:624)
	at java.lang.Thread.run(Thread.java:748)
2019-07-10 10:04:46,408 ERROR freon.RandomKeyGenerator (RandomKeyGenerator.java:run(718)) - Exception while adding key: key-0-40034 in bucket: bucket-0-19321 of volume: vol-0-24703.
INTERNAL_ERROR org.apache.hadoop.ozone.om.exceptions.OMException: Allocated 0 blocks. Requested 1 blocks
	at org.apache.hadoop.ozone.om.protocolPB.OzoneManagerProtocolClientSideTranslatorPB.handleError(OzoneManagerProtocolClientSideTranslatorPB.java:720)
	at org.apache.hadoop.ozone.om.protocolPB.OzoneManagerProtocolClientSideTranslatorPB.allocateBlock(OzoneManagerProtocolClientSideTranslatorPB.java:752)
	at org.apache.hadoop.ozone.client.io.BlockOutputStreamEntryPool.allocateNewBlock(BlockOutputStreamEntryPool.java:248)
	at org.apache.hadoop.ozone.client.io.BlockOutputStreamEntryPool.allocateBlockIfNeeded(BlockOutputStreamEntryPool.java:296)
	at org.apache.hadoop.ozone.client.io.KeyOutputStream.handleWrite(KeyOutputStream.java:201)
	at org.apache.hadoop.ozone.client.io.KeyOutputStream.write(KeyOutputStream.java:193)
	at org.apache.hadoop.ozone.client.io.OzoneOutputStream.write(OzoneOutputStream.java:49)
	at org.apache.hadoop.ozone.freon.RandomKeyGenerator$KeyProcessor.run(RandomKeyGenerator.java:693)
	at java.util.concurrent.Executors$RunnableAdapter.call(Executors.java:511)
	at java.util.concurrent.FutureTask.run(FutureTask.java:266)
	at java.util.concurrent.ThreadPoolExecutor.runWorker(ThreadPoolExecutor.java:1149)
	at java.util.concurrent.ThreadPoolExecutor$Worker.run(ThreadPoolExecutor.java:624)
	at java.lang.Thread.run(Thread.java:748)
 100.00% |█████████████████████████████████████████████████████████████████████████████████████████████████████|  1/1 Time: 0:01:10
]]></system-out>
  </testcase>
  <testcase name="multiThread" classname="org.apache.hadoop.ozone.freon.TestRandomKeyGenerator" time="5.031"/>
</testsuite>